2020-04-15 10:50:38,356 INFO EPOCH: 1000
2020-04-15 10:50:38,356 INFO EVERY: 10
2020-04-15 10:50:38,356 INFO LR: 0.001
2020-04-15 10:50:38,356 INFO DIM: 200
2020-04-15 10:50:38,356 INFO BATCH_SIZE: 256
2020-04-15 10:50:38,356 INFO BATCH_SIZE2: 50
2020-04-15 10:50:38,356 INFO P: 1
2020-04-15 10:50:38,356 INFO CLIPPING_MAX_VALUE: 4.0
2020-04-15 10:50:38,356 INFO OPTIM: Adam
2020-04-15 10:50:38,356 INFO N_SAMPLE: 12
2020-04-15 10:50:38,356 INFO MODE: kall
2020-04-15 10:50:38,356 INFO GAMMA: 12.0
2020-04-15 10:50:38,356 INFO BERN: True
2020-04-15 10:50:38,357 INFO MARGIN: 4.0
2020-04-15 10:50:38,357 INFO REG: 1.0
2020-04-15 10:50:38,357 INFO LABEL_SMOOTH_EPS: 0.1
2020-04-15 10:50:38,357 INFO INPUT_DROP: 0.2
2020-04-15 10:50:38,357 INFO FEAT_DROP: 0.2
2020-04-15 10:50:38,357 INFO HIDD_DROP: 0.3
2020-04-15 10:50:38,357 INFO CHANNELS: 50
2020-04-15 10:50:38,357 INFO KERNEL_SIZE: 3
2020-04-15 10:50:38,357 INFO N_POOL: 100
2020-04-15 10:50:38,357 INFO MODEL_D: TransH
2020-04-15 10:50:38,357 INFO MODEL_G: DistMult
2020-04-15 10:50:38,357 INFO SCRATCH: False
2020-04-15 10:50:38,357 INFO D_FILE: None
2020-04-15 10:50:38,357 INFO G_FILE: None
2020-04-15 10:50:38,357 INFO PATH: data
2020-04-15 10:50:38,357 INFO DATA: YAGO3-10
2020-04-15 10:50:38,357 INFO EXP_PATH: experiment/YAGO3-10
2020-04-15 10:50:38,357 INFO MODEL: ConvTransE
2020-04-15 10:50:38,357 INFO V: 0
2020-04-15 10:50:38,357 INFO F: False
2020-04-15 10:50:38,358 INFO EVAL: False
2020-04-15 10:50:38,358 INFO TRAINED: False
2020-04-15 10:50:38,358 INFO PRETRAINED_NAME: None
2020-04-15 10:50:38,358 INFO EXP_NAME: ConvTransE-YAGO3-10-kall-0
2020-04-15 10:50:38,358 INFO --------------------------------------
2020-04-15 10:51:11,159 INFO Dataload done
2020-04-15 10:51:11,160 INFO --------------------------------------
2020-04-15 10:51:11,160 INFO N_ENTITY: 123182
2020-04-15 10:51:11,160 INFO N_RELATION: 37
2020-04-15 10:51:11,160 INFO --------------------------------------
2020-04-15 10:51:18,906 INFO Start Evaling...
2020-04-15 10:51:52,671 INFO Head: mr:59637.5 mrr:0.01 hits:0.02
2020-04-15 10:51:52,674 INFO Tail: mr:63570.2 mrr:0.02 hits:0.04
2020-04-15 10:51:52,675 INFO All: mr:61603.9 mrr:0.02 hits:0.03
2020-04-15 10:51:52,681 INFO Start Training...
2020-04-15 10:57:06,788 INFO [314.1] Epoch 0: loss = 0.0102
2020-04-15 11:02:18,714 INFO [311.9] Epoch 1: loss = 0.0006
2020-04-15 11:07:23,830 INFO [305.1] Epoch 2: loss = 0.0005
2020-04-15 11:12:39,753 INFO [315.9] Epoch 3: loss = 0.0004
2020-04-15 11:17:44,835 INFO [305.1] Epoch 4: loss = 0.0004
2020-04-15 11:22:57,173 INFO [312.3] Epoch 5: loss = 0.0004
2020-04-15 11:28:08,327 INFO [311.2] Epoch 6: loss = 0.0004
2020-04-15 11:33:14,815 INFO [306.5] Epoch 7: loss = 0.0004
2020-04-15 11:38:31,560 INFO [316.7] Epoch 8: loss = 0.0004
2020-04-15 11:43:39,850 INFO [308.3] Epoch 9: loss = 0.0004
2020-04-15 11:43:39,851 INFO Start Evaling...
2020-04-15 11:44:14,763 INFO Head: mr:10811.0 mrr:0.59 hits:1.16
2020-04-15 11:44:14,763 INFO Tail: mr:1620.7 mrr:11.26 hits:16.04
2020-04-15 11:44:14,765 INFO All: mr:6215.8 mrr:5.93 hits:8.60
2020-04-15 11:44:14,769 INFO Improved and model saved
2020-04-15 11:49:29,777 INFO [314.8] Epoch 10: loss = 0.0004
2020-04-15 11:54:39,193 INFO [309.4] Epoch 11: loss = 0.0004
2020-04-15 11:59:47,052 INFO [307.9] Epoch 12: loss = 0.0003
2020-04-15 12:04:59,763 INFO [312.7] Epoch 13: loss = 0.0003
2020-04-15 12:10:12,838 INFO [313.1] Epoch 14: loss = 0.0003
2020-04-15 12:15:29,045 INFO [316.2] Epoch 15: loss = 0.0003
2020-04-15 12:20:32,274 INFO [303.2] Epoch 16: loss = 0.0003
2020-04-15 12:25:39,913 INFO [307.6] Epoch 17: loss = 0.0003
2020-04-15 12:30:56,968 INFO [317.1] Epoch 18: loss = 0.0003
2020-04-15 12:36:02,118 INFO [305.1] Epoch 19: loss = 0.0003
2020-04-15 12:36:02,118 INFO Start Evaling...
2020-04-15 12:36:36,976 INFO Head: mr:4966.3 mrr:4.94 hits:10.14
2020-04-15 12:36:36,977 INFO Tail: mr:772.4 mrr:27.17 hits:44.10
2020-04-15 12:36:36,977 INFO All: mr:2869.4 mrr:16.05 hits:27.12
2020-04-15 12:36:36,982 INFO Improved and model saved
2020-04-15 12:41:43,576 INFO [306.4] Epoch 20: loss = 0.0003
2020-04-15 12:46:51,664 INFO [308.1] Epoch 21: loss = 0.0003
2020-04-15 12:52:14,175 INFO [322.5] Epoch 22: loss = 0.0003
2020-04-15 12:57:21,180 INFO [307.0] Epoch 23: loss = 0.0003
2020-04-15 13:02:23,181 INFO [302.0] Epoch 24: loss = 0.0003
2020-04-15 13:07:27,713 INFO [304.5] Epoch 25: loss = 0.0002
2020-04-15 13:12:46,712 INFO [319.0] Epoch 26: loss = 0.0002
2020-04-15 13:17:55,823 INFO [309.1] Epoch 27: loss = 0.0002
2020-04-15 13:23:07,135 INFO [311.3] Epoch 28: loss = 0.0002
2020-04-15 13:28:21,414 INFO [314.3] Epoch 29: loss = 0.0002
2020-04-15 13:28:21,415 INFO Start Evaling...
2020-04-15 13:28:55,164 INFO Head: mr:3322.2 mrr:12.44 hits:24.08
2020-04-15 13:28:55,166 INFO Tail: mr:624.0 mrr:41.89 hits:62.38
2020-04-15 13:28:55,169 INFO All: mr:1973.1 mrr:27.17 hits:43.23
2020-04-15 13:28:55,175 INFO Improved and model saved
2020-04-15 13:34:13,520 INFO [318.1] Epoch 30: loss = 0.0002
2020-04-15 13:39:15,597 INFO [302.1] Epoch 31: loss = 0.0002
2020-04-15 13:44:19,311 INFO [303.7] Epoch 32: loss = 0.0002
2020-04-15 13:49:23,812 INFO [304.5] Epoch 33: loss = 0.0002
2020-04-15 13:54:39,724 INFO [315.9] Epoch 34: loss = 0.0002
2020-04-15 13:59:52,102 INFO [312.4] Epoch 35: loss = 0.0002
2020-04-15 14:05:05,633 INFO [313.5] Epoch 36: loss = 0.0002
2020-04-15 14:10:14,498 INFO [308.9] Epoch 37: loss = 0.0002
2020-04-15 14:15:28,450 INFO [314.0] Epoch 38: loss = 0.0002
2020-04-15 14:20:33,611 INFO [305.2] Epoch 39: loss = 0.0002
2020-04-15 14:20:33,611 INFO Start Evaling...
2020-04-15 14:21:06,916 INFO Head: mr:3539.1 mrr:20.35 hits:36.60
2020-04-15 14:21:06,918 INFO Tail: mr:708.1 mrr:54.60 hits:72.34
2020-04-15 14:21:06,919 INFO All: mr:2123.6 mrr:37.48 hits:54.47
2020-04-15 14:21:06,927 INFO Improved and model saved
2020-04-15 14:26:12,373 INFO [305.2] Epoch 40: loss = 0.0002
2020-04-15 14:31:13,553 INFO [301.2] Epoch 41: loss = 0.0002
2020-04-15 14:36:31,570 INFO [318.0] Epoch 42: loss = 0.0002
2020-04-15 14:41:45,673 INFO [314.1] Epoch 43: loss = 0.0002
2020-04-15 14:46:50,140 INFO [304.5] Epoch 44: loss = 0.0002
2020-04-15 14:51:55,087 INFO [304.9] Epoch 45: loss = 0.0002
2020-04-15 14:57:05,257 INFO [310.2] Epoch 46: loss = 0.0002
2020-04-15 15:02:11,202 INFO [305.9] Epoch 47: loss = 0.0002
2020-04-15 15:07:17,270 INFO [306.1] Epoch 48: loss = 0.0002
2020-04-15 15:12:27,564 INFO [310.3] Epoch 49: loss = 0.0002
2020-04-15 15:12:27,564 INFO Start Evaling...
2020-04-15 15:13:02,912 INFO Head: mr:3138.2 mrr:23.94 hits:43.26
2020-04-15 15:13:02,915 INFO Tail: mr:890.9 mrr:59.40 hits:75.74
2020-04-15 15:13:02,916 INFO All: mr:2014.6 mrr:41.67 hits:59.50
2020-04-15 15:13:02,922 INFO Improved and model saved
2020-04-15 15:18:18,083 INFO [314.9] Epoch 50: loss = 0.0002
2020-04-15 15:23:27,230 INFO [309.1] Epoch 51: loss = 0.0002
2020-04-15 15:28:29,552 INFO [302.3] Epoch 52: loss = 0.0002
2020-04-15 15:33:30,511 INFO [301.0] Epoch 53: loss = 0.0002
2020-04-15 15:38:29,834 INFO [299.3] Epoch 54: loss = 0.0002
2020-04-15 15:43:39,911 INFO [310.1] Epoch 55: loss = 0.0002
2020-04-15 15:48:46,079 INFO [306.2] Epoch 56: loss = 0.0002
2020-04-15 15:54:02,304 INFO [316.2] Epoch 57: loss = 0.0002
2020-04-15 15:59:27,636 INFO [325.3] Epoch 58: loss = 0.0002
2020-04-15 16:04:40,287 INFO [312.7] Epoch 59: loss = 0.0002
2020-04-15 16:04:40,288 INFO Start Evaling...
2020-04-15 16:05:13,561 INFO Head: mr:3435.4 mrr:26.93 hits:47.00
2020-04-15 16:05:13,562 INFO Tail: mr:864.0 mrr:62.76 hits:77.24
2020-04-15 16:05:13,562 INFO All: mr:2149.7 mrr:44.85 hits:62.12
2020-04-15 16:05:13,567 INFO Improved and model saved
2020-04-15 16:10:29,093 INFO [315.3] Epoch 60: loss = 0.0002
2020-04-15 16:15:44,155 INFO [315.1] Epoch 61: loss = 0.0002
2020-04-15 16:21:00,641 INFO [316.5] Epoch 62: loss = 0.0002
2020-04-15 16:26:21,927 INFO [321.3] Epoch 63: loss = 0.0002
2020-04-15 16:31:46,703 INFO [324.8] Epoch 64: loss = 0.0002
2020-04-15 16:37:27,093 INFO [340.4] Epoch 65: loss = 0.0002
2020-04-15 16:42:28,952 INFO [301.9] Epoch 66: loss = 0.0002
2020-04-15 16:47:23,897 INFO [294.9] Epoch 67: loss = 0.0002
2020-04-15 16:52:20,175 INFO [296.3] Epoch 68: loss = 0.0002
2020-04-15 16:57:18,395 INFO [298.2] Epoch 69: loss = 0.0002
2020-04-15 16:57:18,395 INFO Start Evaling...
2020-04-15 16:57:51,096 INFO Head: mr:3280.0 mrr:28.68 hits:49.64
2020-04-15 16:57:51,098 INFO Tail: mr:987.5 mrr:65.03 hits:78.16
2020-04-15 16:57:51,098 INFO All: mr:2133.8 mrr:46.86 hits:63.90
2020-04-15 16:57:51,103 INFO Improved and model saved
2020-04-15 17:02:53,808 INFO [302.5] Epoch 70: loss = 0.0002
2020-04-15 17:07:51,973 INFO [298.2] Epoch 71: loss = 0.0002
2020-04-15 17:14:17,628 INFO [385.7] Epoch 72: loss = 0.0002
2020-04-15 17:20:32,430 INFO [374.8] Epoch 73: loss = 0.0002
2020-04-15 17:27:12,528 INFO [400.1] Epoch 74: loss = 0.0002
2020-04-15 17:33:43,936 INFO [391.4] Epoch 75: loss = 0.0002
2020-04-15 17:40:14,663 INFO [390.7] Epoch 76: loss = 0.0002
2020-04-15 17:46:56,097 INFO [401.4] Epoch 77: loss = 0.0002
2020-04-15 17:53:41,724 INFO [405.6] Epoch 78: loss = 0.0002
2020-04-15 18:00:52,617 INFO [430.9] Epoch 79: loss = 0.0002
2020-04-15 18:00:52,618 INFO Start Evaling...
2020-04-15 18:01:51,620 INFO Head: mr:3778.0 mrr:30.64 hits:51.20
2020-04-15 18:01:51,620 INFO Tail: mr:987.6 mrr:65.71 hits:78.28
2020-04-15 18:01:51,620 INFO All: mr:2382.8 mrr:48.17 hits:64.74
2020-04-15 18:01:51,651 INFO Improved and model saved
2020-04-15 18:08:44,448 INFO [412.3] Epoch 80: loss = 0.0002
2020-04-15 18:15:24,624 INFO [400.2] Epoch 81: loss = 0.0002
2020-04-15 18:21:52,441 INFO [387.8] Epoch 82: loss = 0.0002
2020-04-15 18:28:34,729 INFO [402.3] Epoch 83: loss = 0.0002
2020-04-15 18:35:05,521 INFO [390.8] Epoch 84: loss = 0.0002
2020-04-15 18:40:52,566 INFO [347.0] Epoch 85: loss = 0.0002
2020-04-15 18:46:04,736 INFO [312.2] Epoch 86: loss = 0.0002
2020-04-15 18:51:08,142 INFO [303.4] Epoch 87: loss = 0.0002
2020-04-15 18:56:14,197 INFO [306.1] Epoch 88: loss = 0.0002
2020-04-15 19:01:21,175 INFO [307.0] Epoch 89: loss = 0.0002
2020-04-15 19:01:21,175 INFO Start Evaling...
2020-04-15 19:01:52,164 INFO Head: mr:3610.0 mrr:32.76 hits:53.30
2020-04-15 19:01:52,166 INFO Tail: mr:1048.9 mrr:66.15 hits:78.60
2020-04-15 19:01:52,167 INFO All: mr:2329.5 mrr:49.45 hits:65.95
2020-04-15 19:01:52,173 INFO Improved and model saved
2020-04-15 19:07:07,015 INFO [314.5] Epoch 90: loss = 0.0002
2020-04-15 19:12:14,092 INFO [307.1] Epoch 91: loss = 0.0002
2020-04-15 19:17:27,851 INFO [313.8] Epoch 92: loss = 0.0002
2020-04-15 19:22:50,391 INFO [322.5] Epoch 93: loss = 0.0002
2020-04-15 19:27:51,897 INFO [301.5] Epoch 94: loss = 0.0002
2020-04-15 19:32:45,998 INFO [294.1] Epoch 95: loss = 0.0002
2020-04-15 19:37:52,783 INFO [306.8] Epoch 96: loss = 0.0002
2020-04-15 19:42:54,577 INFO [301.8] Epoch 97: loss = 0.0002
2020-04-15 19:48:08,201 INFO [313.6] Epoch 98: loss = 0.0002
2020-04-15 19:53:12,844 INFO [304.6] Epoch 99: loss = 0.0002
2020-04-15 19:53:12,845 INFO Start Evaling...
2020-04-15 19:53:44,332 INFO Head: mr:3553.0 mrr:33.18 hits:53.76
2020-04-15 19:53:44,334 INFO Tail: mr:1055.8 mrr:66.49 hits:78.42
2020-04-15 19:53:44,334 INFO All: mr:2304.4 mrr:49.83 hits:66.09
2020-04-15 19:53:44,338 INFO Improved and model saved
2020-04-15 19:58:47,690 INFO [303.1] Epoch 100: loss = 0.0002
2020-04-15 20:03:50,393 INFO [302.7] Epoch 101: loss = 0.0002
2020-04-15 20:09:02,150 INFO [311.8] Epoch 102: loss = 0.0002
2020-04-15 20:14:05,535 INFO [303.4] Epoch 103: loss = 0.0002
2020-04-15 20:19:23,694 INFO [318.2] Epoch 104: loss = 0.0002
2020-04-15 20:24:28,566 INFO [304.9] Epoch 105: loss = 0.0002
2020-04-15 20:29:36,306 INFO [307.7] Epoch 106: loss = 0.0002
2020-04-15 20:34:50,189 INFO [313.9] Epoch 107: loss = 0.0002
2020-04-15 20:39:53,399 INFO [303.2] Epoch 108: loss = 0.0002
2020-04-15 20:44:54,816 INFO [301.4] Epoch 109: loss = 0.0002
2020-04-15 20:44:54,817 INFO Start Evaling...
2020-04-15 20:45:27,882 INFO Head: mr:3806.5 mrr:34.67 hits:54.40
2020-04-15 20:45:27,883 INFO Tail: mr:1072.4 mrr:66.77 hits:78.52
2020-04-15 20:45:27,883 INFO All: mr:2439.5 mrr:50.72 hits:66.46
2020-04-15 20:45:27,888 INFO Improved and model saved
2020-04-15 20:50:34,776 INFO [306.6] Epoch 110: loss = 0.0002
2020-04-15 20:55:45,768 INFO [311.0] Epoch 111: loss = 0.0002
2020-04-15 21:00:49,441 INFO [303.7] Epoch 112: loss = 0.0002
2020-04-15 21:06:00,620 INFO [311.2] Epoch 113: loss = 0.0002
2020-04-15 21:11:05,155 INFO [304.5] Epoch 114: loss = 0.0002
2020-04-15 21:16:10,053 INFO [304.9] Epoch 115: loss = 0.0002
2020-04-15 21:21:17,503 INFO [307.4] Epoch 116: loss = 0.0002
2020-04-15 21:26:38,073 INFO [320.6] Epoch 117: loss = 0.0002
2020-04-15 21:31:40,319 INFO [302.2] Epoch 118: loss = 0.0002
2020-04-15 21:36:51,634 INFO [311.3] Epoch 119: loss = 0.0002
2020-04-15 21:36:51,634 INFO Start Evaling...
2020-04-15 21:37:24,436 INFO Head: mr:3482.8 mrr:34.91 hits:54.80
2020-04-15 21:37:24,438 INFO Tail: mr:1081.9 mrr:67.01 hits:78.10
2020-04-15 21:37:24,440 INFO All: mr:2282.3 mrr:50.96 hits:66.45
2020-04-15 21:37:24,447 INFO Declined in recent 1 epochs
2020-04-15 21:42:29,455 INFO [305.0] Epoch 120: loss = 0.0002
2020-04-15 21:47:31,552 INFO [302.1] Epoch 121: loss = 0.0002
2020-04-15 21:52:36,897 INFO [305.3] Epoch 122: loss = 0.0002
2020-04-15 21:57:47,464 INFO [310.6] Epoch 123: loss = 0.0002
2020-04-15 22:03:04,697 INFO [317.2] Epoch 124: loss = 0.0002
2020-04-15 22:08:09,614 INFO [304.9] Epoch 125: loss = 0.0002
2020-04-15 22:13:12,528 INFO [302.9] Epoch 126: loss = 0.0002
2020-04-15 22:18:14,307 INFO [301.8] Epoch 127: loss = 0.0002
2020-04-15 22:23:14,008 INFO [299.7] Epoch 128: loss = 0.0002
2020-04-15 22:28:25,230 INFO [311.2] Epoch 129: loss = 0.0002
2020-04-15 22:28:25,231 INFO Start Evaling...
2020-04-15 22:28:57,388 INFO Head: mr:3938.7 mrr:36.49 hits:55.94
2020-04-15 22:28:57,391 INFO Tail: mr:1155.9 mrr:66.81 hits:78.32
2020-04-15 22:28:57,393 INFO All: mr:2547.3 mrr:51.65 hits:67.13
2020-04-15 22:28:57,399 INFO Improved and model saved
2020-04-15 22:34:11,941 INFO [314.3] Epoch 130: loss = 0.0002
2020-04-15 22:39:16,575 INFO [304.6] Epoch 131: loss = 0.0002
2020-04-15 22:44:23,660 INFO [307.1] Epoch 132: loss = 0.0002
2020-04-15 22:49:30,002 INFO [306.3] Epoch 133: loss = 0.0002
2020-04-15 22:54:39,595 INFO [309.6] Epoch 134: loss = 0.0002
2020-04-15 23:00:02,723 INFO [323.1] Epoch 135: loss = 0.0002
2020-04-15 23:05:06,364 INFO [303.6] Epoch 136: loss = 0.0002
2020-04-15 23:10:14,490 INFO [308.1] Epoch 137: loss = 0.0002
2020-04-15 23:15:22,791 INFO [308.3] Epoch 138: loss = 0.0002
2020-04-15 23:20:21,241 INFO [298.4] Epoch 139: loss = 0.0002
2020-04-15 23:20:21,241 INFO Start Evaling...
2020-04-15 23:20:51,581 INFO Head: mr:4083.3 mrr:36.25 hits:56.16
2020-04-15 23:20:51,584 INFO Tail: mr:1154.3 mrr:67.42 hits:78.48
2020-04-15 23:20:51,585 INFO All: mr:2618.8 mrr:51.84 hits:67.32
2020-04-15 23:20:51,592 INFO Improved and model saved
2020-04-15 23:25:44,179 INFO [292.3] Epoch 140: loss = 0.0002
2020-04-15 23:30:49,866 INFO [305.7] Epoch 141: loss = 0.0002
2020-04-15 23:35:57,110 INFO [307.2] Epoch 142: loss = 0.0002
2020-04-15 23:40:59,606 INFO [302.5] Epoch 143: loss = 0.0002
2020-04-15 23:46:03,194 INFO [303.6] Epoch 144: loss = 0.0002
2020-04-15 23:51:04,621 INFO [301.4] Epoch 145: loss = 0.0002
2020-04-15 23:56:01,796 INFO [297.2] Epoch 146: loss = 0.0002
2020-04-16 00:01:08,048 INFO [306.3] Epoch 147: loss = 0.0002
2020-04-16 00:06:32,426 INFO [324.4] Epoch 148: loss = 0.0002
2020-04-16 00:11:43,361 INFO [310.9] Epoch 149: loss = 0.0002
2020-04-16 00:11:43,362 INFO Start Evaling...
2020-04-16 00:12:17,364 INFO Head: mr:3565.1 mrr:36.95 hits:55.86
2020-04-16 00:12:17,367 INFO Tail: mr:1200.6 mrr:67.19 hits:78.10
2020-04-16 00:12:17,369 INFO All: mr:2382.8 mrr:52.07 hits:66.98
2020-04-16 00:12:17,376 INFO Declined in recent 1 epochs
2020-04-16 00:17:27,854 INFO [310.5] Epoch 150: loss = 0.0002
2020-04-16 00:22:35,584 INFO [307.7] Epoch 151: loss = 0.0002
2020-04-16 00:27:53,330 INFO [317.7] Epoch 152: loss = 0.0002
2020-04-16 00:33:03,462 INFO [310.1] Epoch 153: loss = 0.0002
2020-04-16 00:38:28,597 INFO [325.1] Epoch 154: loss = 0.0002
2020-04-16 00:43:38,824 INFO [310.2] Epoch 155: loss = 0.0002
2020-04-16 00:48:45,206 INFO [306.4] Epoch 156: loss = 0.0002
2020-04-16 00:53:51,599 INFO [306.4] Epoch 157: loss = 0.0002
2020-04-16 00:59:11,038 INFO [319.4] Epoch 158: loss = 0.0002
2020-04-16 01:04:18,415 INFO [307.4] Epoch 159: loss = 0.0002
2020-04-16 01:04:18,416 INFO Start Evaling...
2020-04-16 01:04:53,497 INFO Head: mr:3874.9 mrr:36.61 hits:55.92
2020-04-16 01:04:53,500 INFO Tail: mr:1224.4 mrr:67.17 hits:78.02
2020-04-16 01:04:53,502 INFO All: mr:2549.7 mrr:51.89 hits:66.97
2020-04-16 01:04:53,509 INFO Declined in recent 2 epochs
2020-04-16 01:10:20,160 INFO [326.7] Epoch 160: loss = 0.0002
2020-04-16 01:15:30,631 INFO [310.5] Epoch 161: loss = 0.0002
2020-04-16 01:20:40,522 INFO [309.9] Epoch 162: loss = 0.0002
2020-04-16 01:25:53,418 INFO [312.9] Epoch 163: loss = 0.0002
2020-04-16 01:31:13,461 INFO [320.0] Epoch 164: loss = 0.0002
2020-04-16 01:36:23,317 INFO [309.9] Epoch 165: loss = 0.0002
2020-04-16 01:41:37,917 INFO [314.6] Epoch 166: loss = 0.0002
2020-04-16 01:46:58,419 INFO [320.5] Epoch 167: loss = 0.0002
2020-04-16 01:52:13,477 INFO [315.1] Epoch 168: loss = 0.0002
2020-04-16 01:57:31,077 INFO [317.6] Epoch 169: loss = 0.0002
2020-04-16 01:57:31,077 INFO Start Evaling...
2020-04-16 01:58:02,456 INFO Head: mr:3637.0 mrr:37.46 hits:56.34
2020-04-16 01:58:02,460 INFO Tail: mr:1224.5 mrr:67.49 hits:78.00
2020-04-16 01:58:02,462 INFO All: mr:2430.8 mrr:52.47 hits:67.17
2020-04-16 01:58:02,467 INFO Declined in recent 3 epochs
2020-04-16 02:03:08,802 INFO [306.3] Epoch 170: loss = 0.0002
2020-04-16 02:08:15,804 INFO [307.0] Epoch 171: loss = 0.0002
2020-04-16 02:13:21,129 INFO [305.3] Epoch 172: loss = 0.0002
2020-04-16 02:18:47,875 INFO [326.7] Epoch 173: loss = 0.0002
2020-04-16 02:23:46,146 INFO [298.3] Epoch 174: loss = 0.0002
2020-04-16 02:28:53,512 INFO [307.4] Epoch 175: loss = 0.0002
2020-04-16 02:33:52,344 INFO [298.8] Epoch 176: loss = 0.0002
2020-04-16 02:38:48,360 INFO [296.0] Epoch 177: loss = 0.0002
2020-04-16 02:43:46,831 INFO [298.5] Epoch 178: loss = 0.0002
2020-04-16 02:48:52,161 INFO [305.3] Epoch 179: loss = 0.0002
2020-04-16 02:48:52,162 INFO Start Evaling...
2020-04-16 02:49:24,886 INFO Head: mr:3660.2 mrr:37.25 hits:56.52
2020-04-16 02:49:24,888 INFO Tail: mr:1212.8 mrr:67.38 hits:78.04
2020-04-16 02:49:24,890 INFO All: mr:2436.5 mrr:52.31 hits:67.28
2020-04-16 02:49:24,898 INFO Declined in recent 4 epochs
2020-04-16 02:54:29,732 INFO [304.8] Epoch 180: loss = 0.0002
2020-04-16 02:59:33,055 INFO [303.3] Epoch 181: loss = 0.0002
2020-04-16 03:04:27,224 INFO [294.2] Epoch 182: loss = 0.0002
2020-04-16 03:09:21,284 INFO [294.1] Epoch 183: loss = 0.0002
2020-04-16 03:14:16,332 INFO [295.0] Epoch 184: loss = 0.0002
2020-04-16 03:19:14,632 INFO [298.3] Epoch 185: loss = 0.0002
2020-04-16 03:24:32,518 INFO [317.9] Epoch 186: loss = 0.0002
2020-04-16 03:29:27,156 INFO [294.6] Epoch 187: loss = 0.0002
2020-04-16 03:34:25,834 INFO [298.7] Epoch 188: loss = 0.0002
2020-04-16 03:39:26,598 INFO [300.8] Epoch 189: loss = 0.0002
2020-04-16 03:39:26,599 INFO Start Evaling...
2020-04-16 03:39:59,358 INFO Head: mr:3872.4 mrr:37.76 hits:56.54
2020-04-16 03:39:59,360 INFO Tail: mr:1272.0 mrr:66.82 hits:78.08
2020-04-16 03:39:59,362 INFO All: mr:2572.2 mrr:52.29 hits:67.31
2020-04-16 03:39:59,370 INFO Declined in recent 5 epochs
2020-04-16 03:39:59,372 INFO Early stopping
2020-04-16 03:39:59,374 INFO Train done
2020-04-16 03:39:59,470 INFO Start Evaling...
2020-04-16 03:40:28,814 INFO Head: mr:3977.9 mrr:36.05 hits:55.68
2020-04-16 03:40:28,817 INFO Tail: mr:1123.1 mrr:66.82 hits:78.18
2020-04-16 03:40:28,819 INFO All: mr:2550.5 mrr:51.43 hits:66.93
