2020-04-14 23:40:57,847 INFO EPOCH: 1000
2020-04-14 23:40:57,847 INFO EVERY: 10
2020-04-14 23:40:57,847 INFO LR: 0.001
2020-04-14 23:40:57,847 INFO DIM: 200
2020-04-14 23:40:57,848 INFO BATCH_SIZE: 128
2020-04-14 23:40:57,848 INFO BATCH_SIZE2: 50
2020-04-14 23:40:57,848 INFO P: 1
2020-04-14 23:40:57,848 INFO CLIPPING_MAX_VALUE: 4.0
2020-04-14 23:40:57,848 INFO OPTIM: Adam
2020-04-14 23:40:57,848 INFO N_SAMPLE: 12
2020-04-14 23:40:57,848 INFO MODE: kall
2020-04-14 23:40:57,848 INFO GAMMA: 12.0
2020-04-14 23:40:57,848 INFO BERN: True
2020-04-14 23:40:57,848 INFO MARGIN: 4.0
2020-04-14 23:40:57,848 INFO REG: 1.0
2020-04-14 23:40:57,848 INFO LABEL_SMOOTH_EPS: 0.1
2020-04-14 23:40:57,848 INFO INPUT_DROP: 0.2
2020-04-14 23:40:57,848 INFO FEAT_DROP: 0.2
2020-04-14 23:40:57,848 INFO HIDD_DROP: 0.3
2020-04-14 23:40:57,848 INFO CHANNELS: 50
2020-04-14 23:40:57,848 INFO KERNEL_SIZE: 3
2020-04-14 23:40:57,848 INFO N_POOL: 100
2020-04-14 23:40:57,848 INFO MODEL_D: TransH
2020-04-14 23:40:57,848 INFO MODEL_G: DistMult
2020-04-14 23:40:57,849 INFO SCRATCH: False
2020-04-14 23:40:57,849 INFO D_FILE: None
2020-04-14 23:40:57,849 INFO G_FILE: None
2020-04-14 23:40:57,849 INFO PATH: data
2020-04-14 23:40:57,849 INFO DATA: YAGO3-10
2020-04-14 23:40:57,849 INFO EXP_PATH: experiment/YAGO3-10
2020-04-14 23:40:57,849 INFO MODEL: ConvE
2020-04-14 23:40:57,849 INFO V: 0
2020-04-14 23:40:57,849 INFO F: False
2020-04-14 23:40:57,849 INFO EVAL: False
2020-04-14 23:40:57,849 INFO TRAINED: False
2020-04-14 23:40:57,849 INFO PRETRAINED_NAME: None
2020-04-14 23:40:57,849 INFO EXP_NAME: ConvE-YAGO3-10-kall-0
2020-04-14 23:40:57,849 INFO --------------------------------------
2020-04-14 23:41:49,031 INFO Dataload done
2020-04-14 23:41:49,031 INFO --------------------------------------
2020-04-14 23:41:49,031 INFO N_ENTITY: 123182
2020-04-14 23:41:49,031 INFO N_RELATION: 37
2020-04-14 23:41:49,031 INFO --------------------------------------
2020-04-14 23:41:58,147 INFO Start Evaling...
2020-04-14 23:43:17,253 INFO Head: mr:59954.4 mrr:0.01 hits:0.02
2020-04-14 23:43:17,253 INFO Tail: mr:59274.4 mrr:0.03 hits:0.08
2020-04-14 23:43:17,253 INFO All: mr:59614.4 mrr:0.02 hits:0.05
2020-04-14 23:43:17,257 INFO Start Training...
2020-04-14 23:51:17,299 INFO [480.0] Epoch 0: loss = 0.0047
2020-04-14 23:59:15,231 INFO [477.9] Epoch 1: loss = 0.0004
2020-04-15 00:06:32,027 INFO [436.8] Epoch 2: loss = 0.0004
2020-04-15 00:13:53,721 INFO [441.7] Epoch 3: loss = 0.0004
2020-04-15 00:21:10,402 INFO [436.7] Epoch 4: loss = 0.0004
2020-04-15 00:28:36,672 INFO [446.3] Epoch 5: loss = 0.0004
2020-04-15 00:36:21,999 INFO [465.3] Epoch 6: loss = 0.0004
2020-04-15 00:43:47,581 INFO [445.6] Epoch 7: loss = 0.0004
2020-04-15 00:51:04,923 INFO [437.3] Epoch 8: loss = 0.0004
2020-04-15 00:58:24,948 INFO [440.0] Epoch 9: loss = 0.0004
2020-04-15 00:58:24,948 INFO Start Evaling...
2020-04-15 00:59:12,009 INFO Head: mr:6827.4 mrr:1.03 hits:1.96
2020-04-15 00:59:12,012 INFO Tail: mr:1232.6 mrr:14.66 hits:22.44
2020-04-15 00:59:12,014 INFO All: mr:4030.0 mrr:7.84 hits:12.20
2020-04-15 00:59:12,020 INFO Improved and model saved
2020-04-15 01:06:47,402 INFO [455.2] Epoch 10: loss = 0.0003
2020-04-15 01:15:14,285 INFO [506.9] Epoch 11: loss = 0.0003
2020-04-15 01:22:57,128 INFO [462.8] Epoch 12: loss = 0.0003
2020-04-15 01:31:27,828 INFO [510.7] Epoch 13: loss = 0.0003
2020-04-15 01:40:03,667 INFO [515.8] Epoch 14: loss = 0.0003
2020-04-15 01:48:15,637 INFO [492.0] Epoch 15: loss = 0.0003
2020-04-15 01:56:32,804 INFO [497.2] Epoch 16: loss = 0.0003
2020-04-15 02:04:58,213 INFO [505.4] Epoch 17: loss = 0.0003
2020-04-15 02:13:27,467 INFO [509.3] Epoch 18: loss = 0.0003
2020-04-15 02:21:43,015 INFO [495.5] Epoch 19: loss = 0.0003
2020-04-15 02:21:43,016 INFO Start Evaling...
2020-04-15 02:22:33,332 INFO Head: mr:3501.0 mrr:5.13 hits:9.92
2020-04-15 02:22:33,334 INFO Tail: mr:579.4 mrr:28.17 hits:45.16
2020-04-15 02:22:33,338 INFO All: mr:2040.2 mrr:16.65 hits:27.54
2020-04-15 02:22:33,347 INFO Improved and model saved
2020-04-15 02:30:39,957 INFO [486.3] Epoch 20: loss = 0.0003
2020-04-15 02:38:57,791 INFO [497.8] Epoch 21: loss = 0.0003
2020-04-15 02:46:37,889 INFO [460.1] Epoch 22: loss = 0.0003
2020-04-15 02:54:39,290 INFO [481.4] Epoch 23: loss = 0.0003
2020-04-15 03:02:40,617 INFO [481.3] Epoch 24: loss = 0.0003
2020-04-15 03:11:24,338 INFO [523.7] Epoch 25: loss = 0.0003
2020-04-15 03:19:23,941 INFO [479.6] Epoch 26: loss = 0.0003
2020-04-15 03:27:10,827 INFO [466.9] Epoch 27: loss = 0.0002
2020-04-15 03:35:25,061 INFO [494.2] Epoch 28: loss = 0.0002
2020-04-15 03:43:42,653 INFO [497.6] Epoch 29: loss = 0.0002
2020-04-15 03:43:42,653 INFO Start Evaling...
2020-04-15 03:44:29,836 INFO Head: mr:3096.7 mrr:13.30 hits:24.98
2020-04-15 03:44:29,836 INFO Tail: mr:542.2 mrr:43.00 hits:63.02
2020-04-15 03:44:29,837 INFO All: mr:1819.5 mrr:28.15 hits:44.00
2020-04-15 03:44:29,857 INFO Improved and model saved
2020-04-15 03:52:50,576 INFO [500.3] Epoch 30: loss = 0.0002
2020-04-15 04:00:55,382 INFO [484.8] Epoch 31: loss = 0.0002
2020-04-15 04:08:34,927 INFO [459.5] Epoch 32: loss = 0.0002
2020-04-15 04:14:36,068 INFO [361.1] Epoch 33: loss = 0.0002
2020-04-15 04:20:36,860 INFO [360.8] Epoch 34: loss = 0.0002
2020-04-15 04:26:21,564 INFO [344.7] Epoch 35: loss = 0.0002
2020-04-15 04:32:24,200 INFO [362.6] Epoch 36: loss = 0.0002
2020-04-15 04:38:41,572 INFO [377.4] Epoch 37: loss = 0.0002
2020-04-15 04:44:59,886 INFO [378.3] Epoch 38: loss = 0.0002
2020-04-15 04:51:06,115 INFO [366.2] Epoch 39: loss = 0.0002
2020-04-15 04:51:06,115 INFO Start Evaling...
2020-04-15 04:51:38,217 INFO Head: mr:3101.3 mrr:20.03 hits:36.54
2020-04-15 04:51:38,217 INFO Tail: mr:646.2 mrr:53.60 hits:71.72
2020-04-15 04:51:38,217 INFO All: mr:1873.7 mrr:36.81 hits:54.13
2020-04-15 04:51:38,223 INFO Improved and model saved
2020-04-15 04:57:45,974 INFO [367.5] Epoch 40: loss = 0.0002
2020-04-15 05:03:59,909 INFO [373.9] Epoch 41: loss = 0.0002
2020-04-15 05:10:15,362 INFO [375.5] Epoch 42: loss = 0.0002
2020-04-15 05:16:32,884 INFO [377.5] Epoch 43: loss = 0.0002
2020-04-15 05:22:36,941 INFO [364.1] Epoch 44: loss = 0.0002
2020-04-15 05:28:58,722 INFO [381.8] Epoch 45: loss = 0.0002
2020-04-15 05:35:14,442 INFO [375.7] Epoch 46: loss = 0.0002
2020-04-15 05:41:21,706 INFO [367.3] Epoch 47: loss = 0.0002
2020-04-15 05:47:34,373 INFO [372.7] Epoch 48: loss = 0.0002
2020-04-15 05:53:51,076 INFO [376.7] Epoch 49: loss = 0.0002
2020-04-15 05:53:51,076 INFO Start Evaling...
2020-04-15 05:54:22,572 INFO Head: mr:3216.0 mrr:23.65 hits:42.14
2020-04-15 05:54:22,574 INFO Tail: mr:800.4 mrr:58.78 hits:75.50
2020-04-15 05:54:22,576 INFO All: mr:2008.2 mrr:41.22 hits:58.82
2020-04-15 05:54:22,583 INFO Improved and model saved
2020-04-15 06:00:31,548 INFO [368.7] Epoch 50: loss = 0.0002
2020-04-15 06:06:52,565 INFO [381.0] Epoch 51: loss = 0.0002
2020-04-15 06:13:07,464 INFO [374.9] Epoch 52: loss = 0.0002
2020-04-15 06:19:14,495 INFO [367.0] Epoch 53: loss = 0.0002
2020-04-15 06:25:35,169 INFO [380.7] Epoch 54: loss = 0.0002
2020-04-15 06:31:54,210 INFO [379.0] Epoch 55: loss = 0.0002
2020-04-15 06:38:07,418 INFO [373.2] Epoch 56: loss = 0.0002
2020-04-15 06:44:18,516 INFO [371.1] Epoch 57: loss = 0.0002
2020-04-15 06:50:26,081 INFO [367.6] Epoch 58: loss = 0.0002
2020-04-15 06:56:43,876 INFO [377.8] Epoch 59: loss = 0.0002
2020-04-15 06:56:43,876 INFO Start Evaling...
2020-04-15 06:57:13,678 INFO Head: mr:3539.6 mrr:26.30 hits:45.92
2020-04-15 06:57:13,681 INFO Tail: mr:742.0 mrr:61.52 hits:76.68
2020-04-15 06:57:13,683 INFO All: mr:2140.8 mrr:43.91 hits:61.30
2020-04-15 06:57:13,689 INFO Improved and model saved
2020-04-15 07:03:31,820 INFO [377.8] Epoch 60: loss = 0.0002
2020-04-15 07:09:50,378 INFO [378.6] Epoch 61: loss = 0.0002
2020-04-15 07:15:49,843 INFO [359.5] Epoch 62: loss = 0.0002
2020-04-15 07:22:05,875 INFO [376.0] Epoch 63: loss = 0.0002
2020-04-15 07:28:28,887 INFO [383.0] Epoch 64: loss = 0.0002
2020-04-15 07:34:40,806 INFO [371.9] Epoch 65: loss = 0.0002
2020-04-15 07:41:06,059 INFO [385.3] Epoch 66: loss = 0.0002
2020-04-15 07:47:18,448 INFO [372.4] Epoch 67: loss = 0.0002
2020-04-15 07:53:27,435 INFO [369.0] Epoch 68: loss = 0.0002
2020-04-15 07:59:44,352 INFO [376.9] Epoch 69: loss = 0.0002
2020-04-15 07:59:44,352 INFO Start Evaling...
2020-04-15 08:00:17,237 INFO Head: mr:3414.4 mrr:29.21 hits:48.58
2020-04-15 08:00:17,240 INFO Tail: mr:888.1 mrr:62.94 hits:77.62
2020-04-15 08:00:17,241 INFO All: mr:2151.2 mrr:46.07 hits:63.10
2020-04-15 08:00:17,248 INFO Improved and model saved
2020-04-15 08:06:27,936 INFO [370.4] Epoch 70: loss = 0.0002
2020-04-15 08:12:38,408 INFO [370.5] Epoch 71: loss = 0.0002
2020-04-15 08:18:49,941 INFO [371.5] Epoch 72: loss = 0.0002
2020-04-15 08:25:16,926 INFO [387.0] Epoch 73: loss = 0.0002
2020-04-15 08:31:27,920 INFO [371.0] Epoch 74: loss = 0.0002
2020-04-15 08:37:43,332 INFO [375.4] Epoch 75: loss = 0.0002
2020-04-15 08:43:44,594 INFO [361.3] Epoch 76: loss = 0.0002
2020-04-15 08:49:59,766 INFO [375.2] Epoch 77: loss = 0.0002
2020-04-15 08:56:21,663 INFO [381.9] Epoch 78: loss = 0.0002
2020-04-15 09:02:38,186 INFO [376.5] Epoch 79: loss = 0.0002
2020-04-15 09:02:38,186 INFO Start Evaling...
2020-04-15 09:03:08,716 INFO Head: mr:3122.8 mrr:30.67 hits:50.26
2020-04-15 09:03:08,719 INFO Tail: mr:905.4 mrr:63.73 hits:77.66
2020-04-15 09:03:08,720 INFO All: mr:2014.1 mrr:47.20 hits:63.96
2020-04-15 09:03:08,725 INFO Improved and model saved
2020-04-15 09:09:23,009 INFO [374.0] Epoch 80: loss = 0.0002
2020-04-15 09:15:27,053 INFO [364.0] Epoch 81: loss = 0.0002
2020-04-15 09:21:39,785 INFO [372.7] Epoch 82: loss = 0.0002
2020-04-15 09:27:46,488 INFO [366.7] Epoch 83: loss = 0.0002
2020-04-15 09:34:13,149 INFO [386.7] Epoch 84: loss = 0.0002
2020-04-15 09:39:50,680 INFO [337.5] Epoch 85: loss = 0.0002
2020-04-15 09:44:06,339 INFO [255.7] Epoch 86: loss = 0.0002
2020-04-15 09:48:18,796 INFO [252.5] Epoch 87: loss = 0.0002
2020-04-15 09:52:25,238 INFO [246.4] Epoch 88: loss = 0.0002
2020-04-15 09:56:30,626 INFO [245.4] Epoch 89: loss = 0.0002
2020-04-15 09:56:30,627 INFO Start Evaling...
2020-04-15 09:56:55,927 INFO Head: mr:2954.1 mrr:32.28 hits:51.22
2020-04-15 09:56:55,928 INFO Tail: mr:950.6 mrr:64.00 hits:78.06
2020-04-15 09:56:55,928 INFO All: mr:1952.4 mrr:48.14 hits:64.64
2020-04-15 09:56:55,932 INFO Improved and model saved
2020-04-15 10:01:09,471 INFO [253.3] Epoch 90: loss = 0.0002
2020-04-15 10:05:22,095 INFO [252.6] Epoch 91: loss = 0.0002
2020-04-15 10:09:37,920 INFO [255.8] Epoch 92: loss = 0.0002
2020-04-15 10:13:53,602 INFO [255.7] Epoch 93: loss = 0.0002
2020-04-15 10:18:03,329 INFO [249.7] Epoch 94: loss = 0.0002
2020-04-15 10:22:05,151 INFO [241.8] Epoch 95: loss = 0.0002
2020-04-15 10:26:15,705 INFO [250.6] Epoch 96: loss = 0.0002
2020-04-15 10:30:25,345 INFO [249.6] Epoch 97: loss = 0.0002
2020-04-15 10:34:29,815 INFO [244.5] Epoch 98: loss = 0.0002
2020-04-15 10:40:05,300 INFO [335.5] Epoch 99: loss = 0.0002
2020-04-15 10:40:05,300 INFO Start Evaling...
2020-04-15 10:40:35,421 INFO Head: mr:2855.0 mrr:32.53 hits:51.88
2020-04-15 10:40:35,424 INFO Tail: mr:880.5 mrr:64.32 hits:77.94
2020-04-15 10:40:35,425 INFO All: mr:1867.8 mrr:48.42 hits:64.91
2020-04-15 10:40:35,432 INFO Improved and model saved
2020-04-15 10:46:27,104 INFO [351.4] Epoch 100: loss = 0.0002
2020-04-15 10:51:43,963 INFO [316.9] Epoch 101: loss = 0.0002
2020-04-15 10:57:31,985 INFO [348.0] Epoch 102: loss = 0.0002
2020-04-15 11:03:17,847 INFO [345.9] Epoch 103: loss = 0.0002
2020-04-15 11:09:15,385 INFO [357.5] Epoch 104: loss = 0.0002
2020-04-15 11:15:02,578 INFO [347.2] Epoch 105: loss = 0.0002
2020-04-15 11:20:54,221 INFO [351.6] Epoch 106: loss = 0.0002
2020-04-15 11:26:48,105 INFO [353.9] Epoch 107: loss = 0.0002
2020-04-15 11:32:46,913 INFO [358.8] Epoch 108: loss = 0.0002
2020-04-15 11:38:43,775 INFO [356.9] Epoch 109: loss = 0.0002
2020-04-15 11:38:43,776 INFO Start Evaling...
2020-04-15 11:39:15,092 INFO Head: mr:2771.6 mrr:33.53 hits:53.38
2020-04-15 11:39:15,095 INFO Tail: mr:960.9 mrr:65.01 hits:78.00
2020-04-15 11:39:15,097 INFO All: mr:1866.3 mrr:49.27 hits:65.69
2020-04-15 11:39:15,103 INFO Improved and model saved
2020-04-15 11:45:03,141 INFO [347.8] Epoch 110: loss = 0.0002
2020-04-15 11:50:49,762 INFO [346.6] Epoch 111: loss = 0.0002
2020-04-15 11:56:37,737 INFO [348.0] Epoch 112: loss = 0.0002
2020-04-15 12:02:27,790 INFO [350.1] Epoch 113: loss = 0.0002
2020-04-15 12:08:19,710 INFO [351.9] Epoch 114: loss = 0.0002
2020-04-15 12:14:10,774 INFO [351.1] Epoch 115: loss = 0.0002
2020-04-15 12:20:02,918 INFO [352.1] Epoch 116: loss = 0.0002
2020-04-15 12:25:51,584 INFO [348.7] Epoch 117: loss = 0.0002
2020-04-15 12:31:41,495 INFO [349.9] Epoch 118: loss = 0.0002
2020-04-15 12:37:25,016 INFO [343.5] Epoch 119: loss = 0.0002
2020-04-15 12:37:25,016 INFO Start Evaling...
2020-04-15 12:37:54,113 INFO Head: mr:2571.6 mrr:34.47 hits:53.74
2020-04-15 12:37:54,115 INFO Tail: mr:1014.9 mrr:65.30 hits:78.72
2020-04-15 12:37:54,117 INFO All: mr:1793.3 mrr:49.89 hits:66.23
2020-04-15 12:37:54,124 INFO Improved and model saved
2020-04-15 12:43:48,576 INFO [354.1] Epoch 120: loss = 0.0002
2020-04-15 12:49:37,660 INFO [349.1] Epoch 121: loss = 0.0002
2020-04-15 12:55:29,866 INFO [352.2] Epoch 122: loss = 0.0002
2020-04-15 13:01:19,165 INFO [349.3] Epoch 123: loss = 0.0002
2020-04-15 13:07:07,612 INFO [348.4] Epoch 124: loss = 0.0002
2020-04-15 13:12:57,104 INFO [349.5] Epoch 125: loss = 0.0002
2020-04-15 13:18:52,860 INFO [355.8] Epoch 126: loss = 0.0002
2020-04-15 13:24:39,882 INFO [347.0] Epoch 127: loss = 0.0002
2020-04-15 13:30:29,395 INFO [349.5] Epoch 128: loss = 0.0002
2020-04-15 13:36:17,857 INFO [348.5] Epoch 129: loss = 0.0002
2020-04-15 13:36:17,858 INFO Start Evaling...
2020-04-15 13:36:48,650 INFO Head: mr:2438.6 mrr:35.11 hits:54.48
2020-04-15 13:36:48,653 INFO Tail: mr:1043.5 mrr:65.76 hits:78.86
2020-04-15 13:36:48,654 INFO All: mr:1741.0 mrr:50.43 hits:66.67
2020-04-15 13:36:48,660 INFO Improved and model saved
2020-04-15 13:42:33,376 INFO [344.4] Epoch 130: loss = 0.0002
2020-04-15 13:48:22,251 INFO [348.9] Epoch 131: loss = 0.0002
2020-04-15 13:54:15,145 INFO [352.9] Epoch 132: loss = 0.0002
2020-04-15 14:00:05,027 INFO [349.9] Epoch 133: loss = 0.0002
2020-04-15 14:05:57,124 INFO [352.1] Epoch 134: loss = 0.0002
2020-04-15 14:11:44,540 INFO [347.4] Epoch 135: loss = 0.0002
2020-04-15 14:17:35,692 INFO [351.2] Epoch 136: loss = 0.0002
2020-04-15 14:23:17,909 INFO [342.2] Epoch 137: loss = 0.0002
2020-04-15 14:29:10,517 INFO [352.6] Epoch 138: loss = 0.0002
2020-04-15 14:35:04,307 INFO [353.8] Epoch 139: loss = 0.0002
2020-04-15 14:35:04,307 INFO Start Evaling...
2020-04-15 14:35:34,719 INFO Head: mr:2346.8 mrr:35.35 hits:54.44
2020-04-15 14:35:34,721 INFO Tail: mr:1011.2 mrr:65.65 hits:78.54
2020-04-15 14:35:34,723 INFO All: mr:1679.0 mrr:50.50 hits:66.49
2020-04-15 14:35:34,729 INFO Declined in recent 1 epochs
2020-04-15 14:41:31,318 INFO [356.6] Epoch 140: loss = 0.0002
2020-04-15 14:47:23,026 INFO [351.7] Epoch 141: loss = 0.0002
2020-04-15 14:53:09,933 INFO [346.9] Epoch 142: loss = 0.0002
2020-04-15 14:59:03,499 INFO [353.6] Epoch 143: loss = 0.0002
2020-04-15 15:04:48,738 INFO [345.2] Epoch 144: loss = 0.0002
2020-04-15 15:10:40,099 INFO [351.4] Epoch 145: loss = 0.0002
2020-04-15 15:16:43,464 INFO [363.4] Epoch 146: loss = 0.0002
2020-04-15 15:22:19,625 INFO [336.2] Epoch 147: loss = 0.0002
2020-04-15 15:27:55,678 INFO [336.1] Epoch 148: loss = 0.0002
2020-04-15 15:33:28,232 INFO [332.6] Epoch 149: loss = 0.0002
2020-04-15 15:33:28,233 INFO Start Evaling...
2020-04-15 15:33:56,834 INFO Head: mr:2619.2 mrr:35.70 hits:54.98
2020-04-15 15:33:56,836 INFO Tail: mr:1057.3 mrr:66.09 hits:78.88
2020-04-15 15:33:56,838 INFO All: mr:1838.2 mrr:50.90 hits:66.93
2020-04-15 15:33:56,844 INFO Improved and model saved
2020-04-15 15:39:33,240 INFO [336.1] Epoch 150: loss = 0.0002
2020-04-15 15:45:05,515 INFO [332.3] Epoch 151: loss = 0.0002
2020-04-15 15:50:55,662 INFO [350.1] Epoch 152: loss = 0.0002
2020-04-15 15:56:49,990 INFO [354.3] Epoch 153: loss = 0.0002
2020-04-15 16:02:26,956 INFO [337.0] Epoch 154: loss = 0.0002
2020-04-15 16:08:03,755 INFO [336.8] Epoch 155: loss = 0.0002
2020-04-15 16:13:42,707 INFO [339.0] Epoch 156: loss = 0.0002
2020-04-15 16:19:22,417 INFO [339.7] Epoch 157: loss = 0.0002
2020-04-15 16:25:07,580 INFO [345.2] Epoch 158: loss = 0.0002
2020-04-15 16:31:02,573 INFO [355.0] Epoch 159: loss = 0.0002
2020-04-15 16:31:02,573 INFO Start Evaling...
2020-04-15 16:31:32,929 INFO Head: mr:2181.9 mrr:36.23 hits:54.80
2020-04-15 16:31:32,930 INFO Tail: mr:897.2 mrr:66.63 hits:78.88
2020-04-15 16:31:32,930 INFO All: mr:1539.6 mrr:51.43 hits:66.84
2020-04-15 16:31:32,936 INFO Declined in recent 1 epochs
2020-04-15 16:37:24,403 INFO [351.5] Epoch 160: loss = 0.0002
2020-04-15 16:43:00,481 INFO [336.1] Epoch 161: loss = 0.0002
2020-04-15 16:48:32,265 INFO [331.8] Epoch 162: loss = 0.0002
2020-04-15 16:54:07,672 INFO [335.4] Epoch 163: loss = 0.0002
2020-04-15 16:59:36,748 INFO [329.1] Epoch 164: loss = 0.0002
2020-04-15 17:05:13,693 INFO [336.9] Epoch 165: loss = 0.0002
2020-04-15 17:11:44,808 INFO [391.1] Epoch 166: loss = 0.0002
2020-04-15 17:19:33,605 INFO [468.8] Epoch 167: loss = 0.0002
2020-04-15 17:27:23,182 INFO [469.6] Epoch 168: loss = 0.0002
2020-04-15 17:35:21,308 INFO [478.1] Epoch 169: loss = 0.0002
2020-04-15 17:35:21,309 INFO Start Evaling...
2020-04-15 17:36:13,493 INFO Head: mr:2193.5 mrr:36.79 hits:55.76
2020-04-15 17:36:13,500 INFO Tail: mr:1135.3 mrr:66.33 hits:78.82
2020-04-15 17:36:13,500 INFO All: mr:1664.4 mrr:51.56 hits:67.29
2020-04-15 17:36:13,510 INFO Improved and model saved
2020-04-15 17:44:11,022 INFO [477.1] Epoch 170: loss = 0.0002
2020-04-15 17:52:15,195 INFO [484.2] Epoch 171: loss = 0.0002
2020-04-15 17:59:57,933 INFO [462.7] Epoch 172: loss = 0.0002
2020-04-15 18:08:15,388 INFO [497.5] Epoch 173: loss = 0.0002
2020-04-15 18:16:11,499 INFO [476.1] Epoch 174: loss = 0.0002
2020-04-15 18:24:07,269 INFO [475.8] Epoch 175: loss = 0.0002
2020-04-15 18:32:07,234 INFO [480.0] Epoch 176: loss = 0.0002
2020-04-15 18:39:26,072 INFO [438.8] Epoch 177: loss = 0.0002
2020-04-15 18:45:21,661 INFO [355.6] Epoch 178: loss = 0.0002
2020-04-15 18:51:10,434 INFO [348.8] Epoch 179: loss = 0.0002
2020-04-15 18:51:10,435 INFO Start Evaling...
2020-04-15 18:51:39,503 INFO Head: mr:2194.0 mrr:36.25 hits:55.36
2020-04-15 18:51:39,506 INFO Tail: mr:862.1 mrr:66.90 hits:78.86
2020-04-15 18:51:39,508 INFO All: mr:1528.0 mrr:51.57 hits:67.11
2020-04-15 18:51:39,514 INFO Declined in recent 1 epochs
2020-04-15 18:57:24,363 INFO [344.8] Epoch 180: loss = 0.0002
2020-04-15 19:03:10,455 INFO [346.1] Epoch 181: loss = 0.0002
2020-04-15 19:09:00,783 INFO [350.3] Epoch 182: loss = 0.0002
2020-04-15 19:14:50,682 INFO [349.9] Epoch 183: loss = 0.0002
2020-04-15 19:20:43,237 INFO [352.6] Epoch 184: loss = 0.0002
2020-04-15 19:26:32,666 INFO [349.4] Epoch 185: loss = 0.0002
2020-04-15 19:32:19,900 INFO [347.2] Epoch 186: loss = 0.0002
2020-04-15 19:38:10,928 INFO [351.0] Epoch 187: loss = 0.0002
2020-04-15 19:44:00,322 INFO [349.4] Epoch 188: loss = 0.0002
2020-04-15 19:49:49,236 INFO [348.9] Epoch 189: loss = 0.0002
2020-04-15 19:49:49,237 INFO Start Evaling...
2020-04-15 19:50:18,832 INFO Head: mr:2138.9 mrr:37.04 hits:55.86
2020-04-15 19:50:18,835 INFO Tail: mr:1085.2 mrr:67.00 hits:78.90
2020-04-15 19:50:18,837 INFO All: mr:1612.0 mrr:52.02 hits:67.38
2020-04-15 19:50:18,845 INFO Improved and model saved
2020-04-15 19:56:01,216 INFO [342.1] Epoch 190: loss = 0.0002
2020-04-15 20:01:47,195 INFO [346.0] Epoch 191: loss = 0.0002
2020-04-15 20:07:39,816 INFO [352.6] Epoch 192: loss = 0.0002
2020-04-15 20:13:28,357 INFO [348.5] Epoch 193: loss = 0.0002
2020-04-15 20:19:18,882 INFO [350.5] Epoch 194: loss = 0.0002
2020-04-15 20:25:09,250 INFO [350.4] Epoch 195: loss = 0.0002
2020-04-15 20:30:58,800 INFO [349.5] Epoch 196: loss = 0.0002
2020-04-15 20:36:53,754 INFO [355.0] Epoch 197: loss = 0.0002
2020-04-15 20:42:43,301 INFO [349.5] Epoch 198: loss = 0.0002
2020-04-15 20:48:32,275 INFO [349.0] Epoch 199: loss = 0.0002
2020-04-15 20:48:32,275 INFO Start Evaling...
2020-04-15 20:49:03,569 INFO Head: mr:2165.8 mrr:37.28 hits:55.42
2020-04-15 20:49:03,571 INFO Tail: mr:1098.7 mrr:66.79 hits:78.96
2020-04-15 20:49:03,574 INFO All: mr:1632.2 mrr:52.03 hits:67.19
2020-04-15 20:49:03,581 INFO Declined in recent 1 epochs
2020-04-15 20:54:58,785 INFO [355.2] Epoch 200: loss = 0.0002
2020-04-15 21:00:56,620 INFO [357.8] Epoch 201: loss = 0.0002
2020-04-15 21:06:52,402 INFO [355.8] Epoch 202: loss = 0.0002
2020-04-15 21:12:43,697 INFO [351.3] Epoch 203: loss = 0.0002
2020-04-15 21:18:31,462 INFO [347.8] Epoch 204: loss = 0.0002
2020-04-15 21:24:19,055 INFO [347.6] Epoch 205: loss = 0.0002
2020-04-15 21:30:08,727 INFO [349.7] Epoch 206: loss = 0.0002
2020-04-15 21:36:04,548 INFO [355.8] Epoch 207: loss = 0.0002
2020-04-15 21:41:52,316 INFO [347.8] Epoch 208: loss = 0.0002
2020-04-15 21:47:42,586 INFO [350.3] Epoch 209: loss = 0.0002
2020-04-15 21:47:42,587 INFO Start Evaling...
2020-04-15 21:48:13,458 INFO Head: mr:2235.6 mrr:37.47 hits:56.06
2020-04-15 21:48:13,460 INFO Tail: mr:1012.4 mrr:67.33 hits:78.74
2020-04-15 21:48:13,462 INFO All: mr:1624.0 mrr:52.40 hits:67.40
2020-04-15 21:48:13,471 INFO Improved and model saved
2020-04-15 21:54:01,376 INFO [347.6] Epoch 210: loss = 0.0002
2020-04-15 21:59:54,935 INFO [353.6] Epoch 211: loss = 0.0002
2020-04-15 22:05:48,440 INFO [353.5] Epoch 212: loss = 0.0002
2020-04-15 22:11:38,951 INFO [350.5] Epoch 213: loss = 0.0002
2020-04-15 22:17:36,369 INFO [357.4] Epoch 214: loss = 0.0002
2020-04-15 22:23:30,506 INFO [354.1] Epoch 215: loss = 0.0002
2020-04-15 22:29:25,471 INFO [355.0] Epoch 216: loss = 0.0002
2020-04-15 22:35:24,404 INFO [358.9] Epoch 217: loss = 0.0002
2020-04-15 22:41:22,895 INFO [358.5] Epoch 218: loss = 0.0002
2020-04-15 22:47:19,807 INFO [356.9] Epoch 219: loss = 0.0002
2020-04-15 22:47:19,808 INFO Start Evaling...
2020-04-15 22:47:50,715 INFO Head: mr:2163.2 mrr:37.81 hits:56.26
2020-04-15 22:47:50,719 INFO Tail: mr:925.1 mrr:67.40 hits:78.94
2020-04-15 22:47:50,720 INFO All: mr:1544.2 mrr:52.60 hits:67.60
2020-04-15 22:47:50,727 INFO Improved and model saved
2020-04-15 22:53:55,761 INFO [364.6] Epoch 220: loss = 0.0002
2020-04-15 22:59:56,763 INFO [361.0] Epoch 221: loss = 0.0002
2020-04-15 23:05:55,822 INFO [359.1] Epoch 222: loss = 0.0002
2020-04-15 23:11:49,177 INFO [353.4] Epoch 223: loss = 0.0002
2020-04-15 23:17:44,700 INFO [355.5] Epoch 224: loss = 0.0002
2020-04-15 23:23:08,538 INFO [323.8] Epoch 225: loss = 0.0002
2020-04-15 23:28:40,763 INFO [332.2] Epoch 226: loss = 0.0002
2020-04-15 23:34:29,863 INFO [349.1] Epoch 227: loss = 0.0002
2020-04-15 23:40:26,464 INFO [356.6] Epoch 228: loss = 0.0002
2020-04-15 23:46:23,877 INFO [357.4] Epoch 229: loss = 0.0002
2020-04-15 23:46:23,877 INFO Start Evaling...
2020-04-15 23:46:54,290 INFO Head: mr:2294.0 mrr:37.31 hits:56.32
2020-04-15 23:46:54,292 INFO Tail: mr:842.8 mrr:67.61 hits:79.10
2020-04-15 23:46:54,295 INFO All: mr:1568.4 mrr:52.46 hits:67.71
2020-04-15 23:46:54,302 INFO Improved and model saved
2020-04-15 23:52:48,149 INFO [353.5] Epoch 230: loss = 0.0002
2020-04-15 23:58:40,236 INFO [352.1] Epoch 231: loss = 0.0002
2020-04-16 00:04:32,660 INFO [352.4] Epoch 232: loss = 0.0002
2020-04-16 00:10:25,273 INFO [352.6] Epoch 233: loss = 0.0002
2020-04-16 00:16:10,034 INFO [344.8] Epoch 234: loss = 0.0002
2020-04-16 00:22:02,130 INFO [352.1] Epoch 235: loss = 0.0002
2020-04-16 00:27:53,093 INFO [351.0] Epoch 236: loss = 0.0002
2020-04-16 00:33:43,316 INFO [350.2] Epoch 237: loss = 0.0002
2020-04-16 00:39:40,438 INFO [357.1] Epoch 238: loss = 0.0002
2020-04-16 00:45:27,804 INFO [347.4] Epoch 239: loss = 0.0002
2020-04-16 00:45:27,805 INFO Start Evaling...
2020-04-16 00:45:58,091 INFO Head: mr:2215.9 mrr:37.88 hits:56.80
2020-04-16 00:45:58,094 INFO Tail: mr:1096.5 mrr:67.28 hits:78.98
2020-04-16 00:45:58,097 INFO All: mr:1656.2 mrr:52.58 hits:67.89
2020-04-16 00:45:58,105 INFO Improved and model saved
2020-04-16 00:51:51,155 INFO [352.8] Epoch 240: loss = 0.0002
2020-04-16 00:57:44,977 INFO [353.8] Epoch 241: loss = 0.0002
2020-04-16 01:03:33,768 INFO [348.8] Epoch 242: loss = 0.0002
2020-04-16 01:09:27,656 INFO [353.9] Epoch 243: loss = 0.0002
2020-04-16 01:15:20,071 INFO [352.4] Epoch 244: loss = 0.0002
2020-04-16 01:21:06,854 INFO [346.8] Epoch 245: loss = 0.0002
2020-04-16 01:27:05,193 INFO [358.3] Epoch 246: loss = 0.0002
2020-04-16 01:32:55,482 INFO [350.3] Epoch 247: loss = 0.0002
2020-04-16 01:38:43,835 INFO [348.4] Epoch 248: loss = 0.0002
2020-04-16 01:44:40,256 INFO [356.4] Epoch 249: loss = 0.0002
2020-04-16 01:44:40,257 INFO Start Evaling...
2020-04-16 01:45:11,451 INFO Head: mr:2173.7 mrr:37.70 hits:56.36
2020-04-16 01:45:11,453 INFO Tail: mr:1001.7 mrr:67.77 hits:79.22
2020-04-16 01:45:11,456 INFO All: mr:1587.7 mrr:52.73 hits:67.79
2020-04-16 01:45:11,462 INFO Declined in recent 1 epochs
2020-04-16 01:50:59,696 INFO [348.2] Epoch 250: loss = 0.0002
2020-04-16 01:56:53,315 INFO [353.6] Epoch 251: loss = 0.0002
2020-04-16 02:02:40,094 INFO [346.8] Epoch 252: loss = 0.0002
2020-04-16 02:08:37,855 INFO [357.8] Epoch 253: loss = 0.0002
2020-04-16 02:14:28,973 INFO [351.1] Epoch 254: loss = 0.0002
2020-04-16 02:20:30,800 INFO [361.8] Epoch 255: loss = 0.0002
2020-04-16 02:26:22,649 INFO [351.8] Epoch 256: loss = 0.0002
2020-04-16 02:32:06,972 INFO [344.3] Epoch 257: loss = 0.0002
2020-04-16 02:37:58,153 INFO [351.2] Epoch 258: loss = 0.0002
2020-04-16 02:43:46,288 INFO [348.1] Epoch 259: loss = 0.0002
2020-04-16 02:43:46,288 INFO Start Evaling...
2020-04-16 02:44:16,792 INFO Head: mr:2171.5 mrr:38.46 hits:56.24
2020-04-16 02:44:16,795 INFO Tail: mr:990.1 mrr:67.58 hits:78.88
2020-04-16 02:44:16,797 INFO All: mr:1580.8 mrr:53.02 hits:67.56
2020-04-16 02:44:16,803 INFO Declined in recent 2 epochs
2020-04-16 02:50:03,490 INFO [346.7] Epoch 260: loss = 0.0002
2020-04-16 02:56:02,694 INFO [359.2] Epoch 261: loss = 0.0002
2020-04-16 03:01:50,587 INFO [347.9] Epoch 262: loss = 0.0002
2020-04-16 03:07:40,738 INFO [350.2] Epoch 263: loss = 0.0002
2020-04-16 03:13:30,000 INFO [349.3] Epoch 264: loss = 0.0002
2020-04-16 03:19:18,190 INFO [348.2] Epoch 265: loss = 0.0002
2020-04-16 03:25:15,648 INFO [357.5] Epoch 266: loss = 0.0002
2020-04-16 03:31:07,484 INFO [351.8] Epoch 267: loss = 0.0002
2020-04-16 03:36:52,023 INFO [344.5] Epoch 268: loss = 0.0002
2020-04-16 03:41:59,129 INFO [307.1] Epoch 269: loss = 0.0002
2020-04-16 03:41:59,130 INFO Start Evaling...
2020-04-16 03:42:24,222 INFO Head: mr:2238.1 mrr:38.12 hits:56.90
2020-04-16 03:42:24,225 INFO Tail: mr:1131.8 mrr:67.15 hits:78.64
2020-04-16 03:42:24,227 INFO All: mr:1684.9 mrr:52.64 hits:67.77
2020-04-16 03:42:24,233 INFO Declined in recent 3 epochs
2020-04-16 03:46:30,935 INFO [246.7] Epoch 270: loss = 0.0002
2020-04-16 03:50:55,242 INFO [264.3] Epoch 271: loss = 0.0002
2020-04-16 03:54:59,611 INFO [244.4] Epoch 272: loss = 0.0002
2020-04-16 03:59:02,387 INFO [242.8] Epoch 273: loss = 0.0002
2020-04-16 04:03:08,596 INFO [246.2] Epoch 274: loss = 0.0002
2020-04-16 04:07:16,628 INFO [248.0] Epoch 275: loss = 0.0002
2020-04-16 04:11:27,935 INFO [251.3] Epoch 276: loss = 0.0002
2020-04-16 04:15:36,246 INFO [248.3] Epoch 277: loss = 0.0002
2020-04-16 04:19:44,651 INFO [248.4] Epoch 278: loss = 0.0002
2020-04-16 04:23:52,538 INFO [247.9] Epoch 279: loss = 0.0002
2020-04-16 04:23:52,538 INFO Start Evaling...
2020-04-16 04:24:17,398 INFO Head: mr:2196.6 mrr:38.81 hits:56.38
2020-04-16 04:24:17,398 INFO Tail: mr:956.2 mrr:68.00 hits:79.10
2020-04-16 04:24:17,398 INFO All: mr:1576.4 mrr:53.40 hits:67.74
2020-04-16 04:24:17,401 INFO Declined in recent 4 epochs
2020-04-16 04:28:24,173 INFO [246.8] Epoch 280: loss = 0.0002
2020-04-16 04:32:35,745 INFO [251.6] Epoch 281: loss = 0.0002
2020-04-16 04:36:41,261 INFO [245.5] Epoch 282: loss = 0.0002
2020-04-16 04:40:45,747 INFO [244.5] Epoch 283: loss = 0.0002
2020-04-16 04:44:55,962 INFO [250.2] Epoch 284: loss = 0.0002
2020-04-16 04:48:59,763 INFO [243.8] Epoch 285: loss = 0.0002
2020-04-16 04:53:09,677 INFO [249.9] Epoch 286: loss = 0.0002
2020-04-16 04:57:13,587 INFO [243.9] Epoch 287: loss = 0.0002
2020-04-16 05:01:19,343 INFO [245.8] Epoch 288: loss = 0.0002
2020-04-16 05:05:27,488 INFO [248.1] Epoch 289: loss = 0.0002
2020-04-16 05:05:27,489 INFO Start Evaling...
2020-04-16 05:05:52,470 INFO Head: mr:2235.0 mrr:39.17 hits:56.64
2020-04-16 05:05:52,470 INFO Tail: mr:961.4 mrr:67.82 hits:79.10
2020-04-16 05:05:52,470 INFO All: mr:1598.2 mrr:53.49 hits:67.87
2020-04-16 05:05:52,475 INFO Declined in recent 5 epochs
2020-04-16 05:05:52,475 INFO Early stopping
2020-04-16 05:05:52,475 INFO Train done
2020-04-16 05:05:52,570 INFO Start Evaling...
2020-04-16 05:06:17,330 INFO Head: mr:2134.7 mrr:37.90 hits:56.70
2020-04-16 05:06:17,331 INFO Tail: mr:1001.3 mrr:67.03 hits:78.70
2020-04-16 05:06:17,331 INFO All: mr:1568.0 mrr:52.46 hits:67.70
