2020-04-15 17:06:50,052 INFO EPOCH: 1000
2020-04-15 17:06:50,054 INFO EVERY: 10
2020-04-15 17:06:50,056 INFO LR: 0.001
2020-04-15 17:06:50,059 INFO DIM: 200
2020-04-15 17:06:50,062 INFO BATCH_SIZE: 128
2020-04-15 17:06:50,062 INFO BATCH_SIZE2: 50
2020-04-15 17:06:50,062 INFO P: 1
2020-04-15 17:06:50,062 INFO CLIPPING_MAX_VALUE: 4.0
2020-04-15 17:06:50,062 INFO OPTIM: Adam
2020-04-15 17:06:50,062 INFO N_SAMPLE: 12
2020-04-15 17:06:50,063 INFO MODE: 1all
2020-04-15 17:06:50,063 INFO GAMMA: 12.0
2020-04-15 17:06:50,063 INFO BERN: True
2020-04-15 17:06:50,063 INFO MARGIN: 4.0
2020-04-15 17:06:50,063 INFO REG: 1.0
2020-04-15 17:06:50,063 INFO LABEL_SMOOTH_EPS: 0.1
2020-04-15 17:06:50,063 INFO INPUT_DROP: 0.2
2020-04-15 17:06:50,063 INFO FEAT_DROP: 0.2
2020-04-15 17:06:50,063 INFO HIDD_DROP: 0.3
2020-04-15 17:06:50,063 INFO CHANNELS: 50
2020-04-15 17:06:50,064 INFO KERNEL_SIZE: 3
2020-04-15 17:06:50,064 INFO N_POOL: 100
2020-04-15 17:06:50,064 INFO MODEL_D: TransH
2020-04-15 17:06:50,064 INFO MODEL_G: DistMult
2020-04-15 17:06:50,064 INFO SCRATCH: False
2020-04-15 17:06:50,064 INFO D_FILE: None
2020-04-15 17:06:50,064 INFO G_FILE: None
2020-04-15 17:06:50,064 INFO PATH: data
2020-04-15 17:06:50,064 INFO DATA: YAGO3-10
2020-04-15 17:06:50,064 INFO EXP_PATH: experiment/YAGO3-10
2020-04-15 17:06:50,064 INFO MODEL: ConvE
2020-04-15 17:06:50,065 INFO V: 0
2020-04-15 17:06:50,065 INFO F: True
2020-04-15 17:06:50,065 INFO EVAL: False
2020-04-15 17:06:50,065 INFO TRAINED: False
2020-04-15 17:06:50,065 INFO PRETRAINED_NAME: None
2020-04-15 17:06:50,065 INFO EXP_NAME: ConvE-YAGO3-10-1all-0
2020-04-15 17:06:50,065 INFO --------------------------------------
2020-04-15 17:07:46,307 INFO Dataload done
2020-04-15 17:07:46,309 INFO --------------------------------------
2020-04-15 17:07:46,312 INFO N_ENTITY: 123182
2020-04-15 17:07:46,314 INFO N_RELATION: 37
2020-04-15 17:07:46,317 INFO --------------------------------------
2020-04-15 17:07:57,003 INFO Start Evaling...
2020-04-15 17:08:48,498 INFO Head: mr:59322.4 mrr:0.01 hits:0.00
2020-04-15 17:08:48,499 INFO Tail: mr:63004.4 mrr:0.01 hits:0.00
2020-04-15 17:08:48,499 INFO All: mr:61163.4 mrr:0.01 hits:0.00
2020-04-15 17:08:48,504 INFO Start Training...
2020-04-15 17:51:02,559 INFO [2534.1] Epoch 0: loss = 0.0010
2020-04-15 18:32:43,343 INFO [2500.8] Epoch 1: loss = 0.0002
