2020-04-16 00:00:46,242 INFO EPOCH: 1000
2020-04-16 00:00:46,242 INFO EVERY: 10
2020-04-16 00:00:46,242 INFO LR: 0.001
2020-04-16 00:00:46,242 INFO DIM: 64
2020-04-16 00:00:46,242 INFO BATCH_SIZE: 512
2020-04-16 00:00:46,242 INFO BATCH_SIZE2: 50
2020-04-16 00:00:46,242 INFO P: 1
2020-04-16 00:00:46,242 INFO CLIPPING_MAX_VALUE: 4.0
2020-04-16 00:00:46,242 INFO OPTIM: Adam
2020-04-16 00:00:46,242 INFO N_SAMPLE: 12
2020-04-16 00:00:46,242 INFO MODE: popu
2020-04-16 00:00:46,243 INFO GAMMA: 12.0
2020-04-16 00:00:46,243 INFO BERN: True
2020-04-16 00:00:46,243 INFO MARGIN: 4.0
2020-04-16 00:00:46,243 INFO REG: 1.0
2020-04-16 00:00:46,243 INFO LABEL_SMOOTH_EPS: 0.1
2020-04-16 00:00:46,243 INFO INPUT_DROP: 0.2
2020-04-16 00:00:46,243 INFO FEAT_DROP: 0.2
2020-04-16 00:00:46,243 INFO HIDD_DROP: 0.3
2020-04-16 00:00:46,243 INFO CHANNELS: 50
2020-04-16 00:00:46,243 INFO KERNEL_SIZE: 3
2020-04-16 00:00:46,243 INFO N_POOL: 100
2020-04-16 00:00:46,243 INFO MODEL_D: TransH
2020-04-16 00:00:46,243 INFO MODEL_G: DistMult
2020-04-16 00:00:46,243 INFO SCRATCH: False
2020-04-16 00:00:46,243 INFO D_FILE: None
2020-04-16 00:00:46,245 INFO G_FILE: None
2020-04-16 00:00:46,247 INFO PATH: data
2020-04-16 00:00:46,250 INFO DATA: YAGO3-10
2020-04-16 00:00:46,252 INFO EXP_PATH: experiment/YAGO3-10
2020-04-16 00:00:46,254 INFO MODEL: DistMult
2020-04-16 00:00:46,254 INFO V: 0
2020-04-16 00:00:46,254 INFO F: False
2020-04-16 00:00:46,254 INFO EVAL: False
2020-04-16 00:00:46,254 INFO TRAINED: False
2020-04-16 00:00:46,254 INFO PRETRAINED_NAME: None
2020-04-16 00:00:46,254 INFO EXP_NAME: DistMult-YAGO3-10-popu-0
2020-04-16 00:00:46,254 INFO --------------------------------------
2020-04-16 00:01:26,504 INFO Dataload done
2020-04-16 00:01:26,504 INFO --------------------------------------
2020-04-16 00:01:26,504 INFO N_ENTITY: 123182
2020-04-16 00:01:26,504 INFO N_RELATION: 37
2020-04-16 00:01:26,504 INFO --------------------------------------
2020-04-16 00:01:34,350 INFO Start Evaling...
2020-04-16 00:02:32,737 INFO Head: mr:60385.1 mrr:0.01 hits:0.00
2020-04-16 00:02:32,740 INFO Tail: mr:62229.5 mrr:0.01 hits:0.00
2020-04-16 00:02:32,742 INFO All: mr:61307.3 mrr:0.01 hits:0.00
2020-04-16 00:02:32,748 INFO Start Training...
2020-04-16 00:05:54,172 INFO [201.4] Epoch 0: loss = 673.6161
2020-04-16 00:09:10,030 INFO [195.9] Epoch 1: loss = 481.0166
2020-04-16 00:12:18,214 INFO [188.2] Epoch 2: loss = 335.5740
2020-04-16 00:15:31,162 INFO [192.9] Epoch 3: loss = 263.7797
2020-04-16 00:18:45,569 INFO [194.4] Epoch 4: loss = 222.8564
2020-04-16 00:22:00,911 INFO [195.3] Epoch 5: loss = 196.6079
2020-04-16 00:25:10,797 INFO [189.9] Epoch 6: loss = 179.0830
2020-04-16 00:28:30,174 INFO [199.4] Epoch 7: loss = 166.8568
2020-04-16 00:31:38,294 INFO [188.1] Epoch 8: loss = 158.2489
2020-04-16 00:34:53,965 INFO [195.7] Epoch 9: loss = 151.1406
2020-04-16 00:34:53,966 INFO Start Evaling...
2020-04-16 00:35:48,878 INFO Head: mr:4900.5 mrr:1.71 hits:3.22
2020-04-16 00:35:48,886 INFO Tail: mr:1409.2 mrr:19.59 hits:36.04
2020-04-16 00:35:48,888 INFO All: mr:3154.8 mrr:10.65 hits:19.63
2020-04-16 00:35:48,895 INFO Improved and model saved
2020-04-16 00:39:05,657 INFO [196.6] Epoch 10: loss = 146.0813
2020-04-16 00:42:21,866 INFO [196.2] Epoch 11: loss = 141.9876
2020-04-16 00:45:29,627 INFO [187.8] Epoch 12: loss = 138.2735
2020-04-16 00:48:40,614 INFO [191.0] Epoch 13: loss = 135.1523
2020-04-16 00:51:47,880 INFO [187.3] Epoch 14: loss = 132.7485
2020-04-16 00:55:06,279 INFO [198.4] Epoch 15: loss = 130.4653
2020-04-16 00:58:24,740 INFO [198.5] Epoch 16: loss = 128.8594
2020-04-16 01:01:40,282 INFO [195.5] Epoch 17: loss = 126.8634
2020-04-16 01:04:44,628 INFO [184.3] Epoch 18: loss = 125.0381
2020-04-16 01:08:01,935 INFO [197.3] Epoch 19: loss = 123.6085
2020-04-16 01:08:01,935 INFO Start Evaling...
2020-04-16 01:08:58,791 INFO Head: mr:4265.5 mrr:1.95 hits:3.74
2020-04-16 01:08:58,792 INFO Tail: mr:1062.5 mrr:20.31 hits:37.92
2020-04-16 01:08:58,792 INFO All: mr:2664.0 mrr:11.13 hits:20.83
2020-04-16 01:08:58,796 INFO Improved and model saved
2020-04-16 01:12:25,058 INFO [206.1] Epoch 20: loss = 122.5741
2020-04-16 01:15:40,089 INFO [195.0] Epoch 21: loss = 121.3653
2020-04-16 01:18:53,819 INFO [193.7] Epoch 22: loss = 120.2071
2020-04-16 01:22:08,056 INFO [194.2] Epoch 23: loss = 119.2801
2020-04-16 01:25:23,264 INFO [195.2] Epoch 24: loss = 118.3997
2020-04-16 01:28:45,904 INFO [202.6] Epoch 25: loss = 117.4404
2020-04-16 01:31:57,104 INFO [191.2] Epoch 26: loss = 116.6369
2020-04-16 01:35:13,518 INFO [196.4] Epoch 27: loss = 115.6906
2020-04-16 01:38:25,239 INFO [191.7] Epoch 28: loss = 115.2688
2020-04-16 01:41:37,932 INFO [192.7] Epoch 29: loss = 114.5944
2020-04-16 01:41:37,932 INFO Start Evaling...
2020-04-16 01:42:34,388 INFO Head: mr:4045.9 mrr:2.12 hits:3.72
2020-04-16 01:42:34,397 INFO Tail: mr:1011.0 mrr:21.30 hits:39.54
2020-04-16 01:42:34,399 INFO All: mr:2528.5 mrr:11.71 hits:21.63
2020-04-16 01:42:34,405 INFO Improved and model saved
2020-04-16 01:45:51,814 INFO [197.3] Epoch 30: loss = 113.7387
2020-04-16 01:49:10,372 INFO [198.6] Epoch 31: loss = 113.5047
2020-04-16 01:52:23,398 INFO [193.0] Epoch 32: loss = 112.6035
2020-04-16 01:55:53,037 INFO [209.6] Epoch 33: loss = 112.1182
2020-04-16 01:59:11,938 INFO [198.9] Epoch 34: loss = 111.5251
2020-04-16 02:02:30,001 INFO [198.1] Epoch 35: loss = 111.1018
2020-04-16 02:05:48,750 INFO [198.7] Epoch 36: loss = 110.6358
2020-04-16 02:09:05,803 INFO [197.1] Epoch 37: loss = 109.9617
2020-04-16 02:12:19,767 INFO [194.0] Epoch 38: loss = 109.6488
2020-04-16 02:15:46,590 INFO [206.8] Epoch 39: loss = 109.3771
2020-04-16 02:15:46,591 INFO Start Evaling...
2020-04-16 02:16:43,030 INFO Head: mr:3596.6 mrr:2.19 hits:4.48
2020-04-16 02:16:43,030 INFO Tail: mr:962.6 mrr:21.12 hits:39.68
2020-04-16 02:16:43,030 INFO All: mr:2279.6 mrr:11.65 hits:22.08
2020-04-16 02:16:43,049 INFO Improved and model saved
2020-04-16 02:19:52,362 INFO [189.2] Epoch 40: loss = 108.8174
2020-04-16 02:23:01,451 INFO [189.1] Epoch 41: loss = 108.3165
2020-04-16 02:26:18,851 INFO [197.4] Epoch 42: loss = 108.1958
2020-04-16 02:29:26,288 INFO [187.4] Epoch 43: loss = 107.7981
2020-04-16 02:32:33,362 INFO [187.1] Epoch 44: loss = 107.4303
2020-04-16 02:35:46,359 INFO [193.0] Epoch 45: loss = 107.2781
2020-04-16 02:38:52,799 INFO [186.4] Epoch 46: loss = 106.6523
2020-04-16 02:42:01,703 INFO [188.9] Epoch 47: loss = 106.6135
2020-04-16 02:45:02,246 INFO [180.5] Epoch 48: loss = 106.1448
2020-04-16 02:48:10,083 INFO [187.8] Epoch 49: loss = 106.0127
2020-04-16 02:48:10,083 INFO Start Evaling...
2020-04-16 02:48:58,196 INFO Head: mr:3369.6 mrr:2.46 hits:4.72
2020-04-16 02:48:58,199 INFO Tail: mr:891.0 mrr:21.35 hits:40.90
2020-04-16 02:48:58,201 INFO All: mr:2130.3 mrr:11.91 hits:22.81
2020-04-16 02:48:58,207 INFO Improved and model saved
2020-04-16 02:52:00,820 INFO [182.5] Epoch 50: loss = 105.6621
2020-04-16 02:55:08,539 INFO [187.7] Epoch 51: loss = 105.3065
2020-04-16 02:58:18,438 INFO [189.9] Epoch 52: loss = 105.1755
2020-04-16 03:01:24,364 INFO [185.9] Epoch 53: loss = 104.8493
2020-04-16 03:04:29,858 INFO [185.5] Epoch 54: loss = 104.8518
2020-04-16 03:07:39,736 INFO [189.9] Epoch 55: loss = 104.5560
2020-04-16 03:10:49,323 INFO [189.6] Epoch 56: loss = 104.3383
2020-04-16 03:13:59,294 INFO [190.0] Epoch 57: loss = 104.2811
2020-04-16 03:17:08,397 INFO [189.1] Epoch 58: loss = 103.7359
2020-04-16 03:20:16,450 INFO [188.1] Epoch 59: loss = 103.5670
2020-04-16 03:20:16,450 INFO Start Evaling...
2020-04-16 03:21:06,472 INFO Head: mr:3227.7 mrr:2.52 hits:5.14
2020-04-16 03:21:06,475 INFO Tail: mr:918.6 mrr:21.71 hits:41.28
2020-04-16 03:21:06,477 INFO All: mr:2073.2 mrr:12.11 hits:23.21
2020-04-16 03:21:06,484 INFO Improved and model saved
2020-04-16 03:24:18,595 INFO [192.0] Epoch 60: loss = 103.3948
2020-04-16 03:27:33,750 INFO [195.2] Epoch 61: loss = 103.4194
2020-04-16 03:30:42,173 INFO [188.4] Epoch 62: loss = 103.0340
2020-04-16 03:33:54,652 INFO [192.5] Epoch 63: loss = 103.0108
2020-04-16 03:37:07,805 INFO [193.2] Epoch 64: loss = 102.5481
2020-04-16 03:40:10,138 INFO [182.3] Epoch 65: loss = 102.6727
2020-04-16 03:42:20,759 INFO [130.6] Epoch 66: loss = 102.3917
2020-04-16 03:44:27,730 INFO [127.0] Epoch 67: loss = 102.2331
2020-04-16 03:46:36,539 INFO [128.8] Epoch 68: loss = 102.2263
2020-04-16 03:48:56,319 INFO [139.8] Epoch 69: loss = 101.9433
2020-04-16 03:48:56,320 INFO Start Evaling...
2020-04-16 03:49:23,919 INFO Head: mr:3112.0 mrr:2.57 hits:5.18
2020-04-16 03:49:23,922 INFO Tail: mr:852.0 mrr:22.15 hits:41.98
2020-04-16 03:49:23,924 INFO All: mr:1982.0 mrr:12.36 hits:23.58
2020-04-16 03:49:23,930 INFO Improved and model saved
2020-04-16 03:51:26,816 INFO [122.8] Epoch 70: loss = 101.9309
2020-04-16 03:53:26,157 INFO [119.3] Epoch 71: loss = 101.5774
2020-04-16 03:55:25,571 INFO [119.4] Epoch 72: loss = 101.7176
2020-04-16 03:57:26,183 INFO [120.6] Epoch 73: loss = 101.3234
2020-04-16 03:59:31,363 INFO [125.2] Epoch 74: loss = 101.1846
2020-04-16 04:01:33,104 INFO [121.7] Epoch 75: loss = 100.9907
2020-04-16 04:03:32,399 INFO [119.3] Epoch 76: loss = 101.1219
2020-04-16 04:05:34,917 INFO [122.5] Epoch 77: loss = 100.9029
2020-04-16 04:07:34,556 INFO [119.6] Epoch 78: loss = 100.5544
2020-04-16 04:09:37,438 INFO [122.9] Epoch 79: loss = 100.6896
2020-04-16 04:09:37,438 INFO Start Evaling...
2020-04-16 04:10:08,599 INFO Head: mr:3032.7 mrr:2.70 hits:5.16
2020-04-16 04:10:08,601 INFO Tail: mr:878.7 mrr:22.36 hits:42.64
2020-04-16 04:10:08,601 INFO All: mr:1955.7 mrr:12.53 hits:23.90
2020-04-16 04:10:08,606 INFO Improved and model saved
2020-04-16 04:12:08,729 INFO [120.1] Epoch 80: loss = 100.1722
2020-04-16 04:14:09,754 INFO [121.0] Epoch 81: loss = 100.4425
2020-04-16 04:16:09,850 INFO [120.1] Epoch 82: loss = 100.2050
2020-04-16 04:18:11,009 INFO [121.2] Epoch 83: loss = 100.0164
2020-04-16 04:20:09,291 INFO [118.3] Epoch 84: loss = 100.1197
2020-04-16 04:22:08,661 INFO [119.4] Epoch 85: loss = 99.5880
2020-04-16 04:24:16,929 INFO [128.3] Epoch 86: loss = 99.5613
2020-04-16 04:26:16,764 INFO [119.8] Epoch 87: loss = 99.7007
2020-04-16 04:28:24,534 INFO [127.8] Epoch 88: loss = 99.7622
2020-04-16 04:30:35,382 INFO [130.8] Epoch 89: loss = 99.4954
2020-04-16 04:30:35,382 INFO Start Evaling...
2020-04-16 04:31:08,060 INFO Head: mr:3077.5 mrr:2.80 hits:5.92
2020-04-16 04:31:08,063 INFO Tail: mr:890.9 mrr:21.75 hits:42.38
2020-04-16 04:31:08,065 INFO All: mr:1984.2 mrr:12.27 hits:24.15
2020-04-16 04:31:08,071 INFO Improved and model saved
2020-04-16 04:33:14,913 INFO [126.8] Epoch 90: loss = 99.1908
2020-04-16 04:35:25,193 INFO [130.3] Epoch 91: loss = 99.2661
2020-04-16 04:37:33,795 INFO [128.6] Epoch 92: loss = 99.2986
2020-04-16 04:39:46,907 INFO [133.1] Epoch 93: loss = 99.0085
2020-04-16 04:41:59,362 INFO [132.5] Epoch 94: loss = 99.0392
2020-04-16 04:44:08,559 INFO [129.2] Epoch 95: loss = 98.9177
2020-04-16 04:46:16,794 INFO [128.2] Epoch 96: loss = 98.7433
2020-04-16 04:48:18,443 INFO [121.6] Epoch 97: loss = 98.6522
2020-04-16 04:50:17,589 INFO [119.1] Epoch 98: loss = 98.5232
2020-04-16 04:52:22,102 INFO [124.5] Epoch 99: loss = 98.4839
2020-04-16 04:52:22,102 INFO Start Evaling...
2020-04-16 04:52:49,104 INFO Head: mr:3006.3 mrr:2.82 hits:5.52
2020-04-16 04:52:49,107 INFO Tail: mr:919.2 mrr:22.37 hits:43.38
2020-04-16 04:52:49,109 INFO All: mr:1962.8 mrr:12.59 hits:24.45
2020-04-16 04:52:49,115 INFO Improved and model saved
2020-04-16 04:54:50,650 INFO [121.5] Epoch 100: loss = 98.4699
2020-04-16 04:56:50,078 INFO [119.4] Epoch 101: loss = 98.2975
2020-04-16 04:58:50,030 INFO [120.0] Epoch 102: loss = 98.1847
2020-04-16 05:00:49,741 INFO [119.7] Epoch 103: loss = 98.1620
2020-04-16 05:02:46,176 INFO [116.4] Epoch 104: loss = 97.9511
2020-04-16 05:04:45,624 INFO [119.4] Epoch 105: loss = 97.9220
2020-04-16 05:06:37,218 INFO [111.6] Epoch 106: loss = 98.2314
2020-04-16 05:08:18,581 INFO [101.4] Epoch 107: loss = 97.8105
2020-04-16 05:09:58,792 INFO [100.2] Epoch 108: loss = 97.6162
2020-04-16 05:11:40,235 INFO [101.4] Epoch 109: loss = 97.8343
2020-04-16 05:11:40,236 INFO Start Evaling...
2020-04-16 05:12:03,479 INFO Head: mr:3062.0 mrr:2.83 hits:5.70
2020-04-16 05:12:03,480 INFO Tail: mr:886.8 mrr:22.78 hits:43.68
2020-04-16 05:12:03,480 INFO All: mr:1974.4 mrr:12.80 hits:24.69
2020-04-16 05:12:03,482 INFO Improved and model saved
2020-04-16 05:13:44,671 INFO [101.1] Epoch 110: loss = 97.5216
2020-04-16 05:15:24,276 INFO [99.6] Epoch 111: loss = 97.6581
2020-04-16 05:17:02,993 INFO [98.7] Epoch 112: loss = 97.3006
2020-04-16 05:18:40,222 INFO [97.2] Epoch 113: loss = 97.4141
2020-04-16 05:20:18,303 INFO [98.1] Epoch 114: loss = 97.3677
2020-04-16 05:22:00,162 INFO [101.9] Epoch 115: loss = 97.2087
2020-04-16 05:23:35,144 INFO [95.0] Epoch 116: loss = 97.1809
2020-04-16 05:25:16,005 INFO [100.9] Epoch 117: loss = 97.0417
2020-04-16 05:27:02,084 INFO [106.1] Epoch 118: loss = 96.8142
2020-04-16 05:28:43,182 INFO [101.1] Epoch 119: loss = 96.8610
2020-04-16 05:28:43,183 INFO Start Evaling...
2020-04-16 05:29:06,611 INFO Head: mr:2930.7 mrr:2.82 hits:5.32
2020-04-16 05:29:06,611 INFO Tail: mr:913.1 mrr:22.84 hits:43.86
2020-04-16 05:29:06,613 INFO All: mr:1921.9 mrr:12.83 hits:24.59
2020-04-16 05:29:06,616 INFO Declined in recent 1 epochs
2020-04-16 05:30:40,576 INFO [94.0] Epoch 120: loss = 96.8773
2020-04-16 05:32:25,296 INFO [104.7] Epoch 121: loss = 97.0120
2020-04-16 05:34:04,981 INFO [99.7] Epoch 122: loss = 96.6599
2020-04-16 05:35:43,879 INFO [98.9] Epoch 123: loss = 96.5869
2020-04-16 05:37:23,534 INFO [99.7] Epoch 124: loss = 96.6370
2020-04-16 05:39:01,375 INFO [97.8] Epoch 125: loss = 96.4925
2020-04-16 05:40:40,173 INFO [98.8] Epoch 126: loss = 96.4767
2020-04-16 05:42:18,207 INFO [98.0] Epoch 127: loss = 96.4159
2020-04-16 05:43:57,845 INFO [99.6] Epoch 128: loss = 96.2925
2020-04-16 05:45:33,388 INFO [95.5] Epoch 129: loss = 96.2730
2020-04-16 05:45:33,388 INFO Start Evaling...
2020-04-16 05:45:56,929 INFO Head: mr:2986.8 mrr:3.02 hits:6.14
2020-04-16 05:45:56,930 INFO Tail: mr:924.5 mrr:22.64 hits:43.90
2020-04-16 05:45:56,930 INFO All: mr:1955.6 mrr:12.83 hits:25.02
2020-04-16 05:45:56,934 INFO Improved and model saved
2020-04-16 05:47:36,587 INFO [99.6] Epoch 130: loss = 96.1385
2020-04-16 05:49:20,494 INFO [103.9] Epoch 131: loss = 96.0769
2020-04-16 05:51:01,063 INFO [100.6] Epoch 132: loss = 96.1644
2020-04-16 05:52:42,996 INFO [101.9] Epoch 133: loss = 95.8174
2020-04-16 05:54:21,524 INFO [98.5] Epoch 134: loss = 96.2261
2020-04-16 05:55:58,624 INFO [97.1] Epoch 135: loss = 95.6810
2020-04-16 05:57:35,947 INFO [97.3] Epoch 136: loss = 95.9484
2020-04-16 05:59:18,697 INFO [102.7] Epoch 137: loss = 96.0875
2020-04-16 06:00:57,960 INFO [99.3] Epoch 138: loss = 95.7179
2020-04-16 06:02:40,159 INFO [102.2] Epoch 139: loss = 95.6841
2020-04-16 06:02:40,160 INFO Start Evaling...
2020-04-16 06:03:03,702 INFO Head: mr:2913.8 mrr:3.32 hits:6.88
2020-04-16 06:03:03,702 INFO Tail: mr:907.8 mrr:23.05 hits:44.06
2020-04-16 06:03:03,702 INFO All: mr:1910.8 mrr:13.18 hits:25.47
2020-04-16 06:03:03,704 INFO Improved and model saved
2020-04-16 06:04:43,781 INFO [100.0] Epoch 140: loss = 95.6354
2020-04-16 06:06:22,610 INFO [98.8] Epoch 141: loss = 95.4850
2020-04-16 06:07:57,087 INFO [94.5] Epoch 142: loss = 95.6322
2020-04-16 06:09:33,930 INFO [96.8] Epoch 143: loss = 95.5541
2020-04-16 06:11:14,820 INFO [100.9] Epoch 144: loss = 95.3504
2020-04-16 06:12:50,460 INFO [95.6] Epoch 145: loss = 95.2137
2020-04-16 06:14:28,975 INFO [98.5] Epoch 146: loss = 95.2633
2020-04-16 06:16:06,753 INFO [97.8] Epoch 147: loss = 95.4191
2020-04-16 06:17:45,831 INFO [99.1] Epoch 148: loss = 95.3250
2020-04-16 06:19:24,037 INFO [98.2] Epoch 149: loss = 95.2446
2020-04-16 06:19:24,037 INFO Start Evaling...
2020-04-16 06:19:47,436 INFO Head: mr:2957.5 mrr:3.15 hits:6.26
2020-04-16 06:19:47,436 INFO Tail: mr:892.7 mrr:23.21 hits:44.04
2020-04-16 06:19:47,436 INFO All: mr:1925.1 mrr:13.18 hits:25.15
2020-04-16 06:19:47,439 INFO Declined in recent 1 epochs
2020-04-16 06:21:23,965 INFO [96.5] Epoch 150: loss = 95.0201
2020-04-16 06:22:59,196 INFO [95.2] Epoch 151: loss = 95.0508
2020-04-16 06:24:38,510 INFO [99.3] Epoch 152: loss = 95.0851
2020-04-16 06:26:21,054 INFO [102.5] Epoch 153: loss = 94.8585
2020-04-16 06:27:58,082 INFO [97.0] Epoch 154: loss = 94.5643
2020-04-16 06:29:34,202 INFO [96.1] Epoch 155: loss = 94.7014
2020-04-16 06:31:15,066 INFO [100.9] Epoch 156: loss = 95.0036
2020-04-16 06:32:52,138 INFO [97.1] Epoch 157: loss = 94.9226
2020-04-16 06:34:32,540 INFO [100.4] Epoch 158: loss = 94.8629
2020-04-16 06:36:12,880 INFO [100.3] Epoch 159: loss = 94.7445
2020-04-16 06:36:12,880 INFO Start Evaling...
2020-04-16 06:36:36,710 INFO Head: mr:2941.7 mrr:3.27 hits:6.62
2020-04-16 06:36:36,711 INFO Tail: mr:897.9 mrr:23.19 hits:44.42
2020-04-16 06:36:36,711 INFO All: mr:1919.8 mrr:13.23 hits:25.52
2020-04-16 06:36:36,715 INFO Improved and model saved
2020-04-16 06:38:14,420 INFO [97.7] Epoch 160: loss = 94.4783
2020-04-16 06:39:53,567 INFO [99.1] Epoch 161: loss = 94.6738
2020-04-16 06:41:29,054 INFO [95.5] Epoch 162: loss = 94.4149
2020-04-16 06:43:03,433 INFO [94.4] Epoch 163: loss = 94.5698
2020-04-16 06:44:45,155 INFO [101.7] Epoch 164: loss = 94.4359
2020-04-16 06:46:24,944 INFO [99.8] Epoch 165: loss = 94.2890
2020-04-16 06:48:08,068 INFO [103.1] Epoch 166: loss = 94.3360
2020-04-16 06:49:45,103 INFO [97.0] Epoch 167: loss = 94.4485
2020-04-16 06:51:21,205 INFO [96.1] Epoch 168: loss = 94.2638
2020-04-16 06:52:58,691 INFO [97.5] Epoch 169: loss = 94.1103
2020-04-16 06:52:58,692 INFO Start Evaling...
2020-04-16 06:53:22,259 INFO Head: mr:2944.6 mrr:3.24 hits:6.86
2020-04-16 06:53:22,259 INFO Tail: mr:889.7 mrr:23.13 hits:44.30
2020-04-16 06:53:22,259 INFO All: mr:1917.1 mrr:13.18 hits:25.58
2020-04-16 06:53:22,264 INFO Improved and model saved
2020-04-16 06:54:57,009 INFO [94.7] Epoch 170: loss = 94.4275
2020-04-16 06:56:33,098 INFO [96.1] Epoch 171: loss = 94.2045
2020-04-16 06:58:07,376 INFO [94.3] Epoch 172: loss = 94.0473
2020-04-16 06:59:51,937 INFO [104.6] Epoch 173: loss = 94.2863
2020-04-16 07:01:25,180 INFO [93.2] Epoch 174: loss = 93.9554
2020-04-16 07:03:06,836 INFO [101.7] Epoch 175: loss = 94.2919
2020-04-16 07:04:52,085 INFO [105.2] Epoch 176: loss = 93.8939
2020-04-16 07:06:32,024 INFO [99.9] Epoch 177: loss = 93.9453
2020-04-16 07:08:12,090 INFO [100.1] Epoch 178: loss = 94.0315
2020-04-16 07:09:47,614 INFO [95.5] Epoch 179: loss = 93.9500
2020-04-16 07:09:47,614 INFO Start Evaling...
2020-04-16 07:10:11,507 INFO Head: mr:3101.5 mrr:3.11 hits:6.56
2020-04-16 07:10:11,507 INFO Tail: mr:900.6 mrr:23.11 hits:45.18
2020-04-16 07:10:11,507 INFO All: mr:2001.1 mrr:13.11 hits:25.87
2020-04-16 07:10:11,510 INFO Improved and model saved
2020-04-16 07:11:42,758 INFO [91.2] Epoch 180: loss = 93.8127
2020-04-16 07:13:14,060 INFO [91.3] Epoch 181: loss = 93.4876
2020-04-16 07:14:54,142 INFO [100.1] Epoch 182: loss = 93.8912
2020-04-16 07:16:35,345 INFO [101.2] Epoch 183: loss = 93.7024
2020-04-16 07:18:13,276 INFO [97.9] Epoch 184: loss = 93.7939
2020-04-16 07:19:55,437 INFO [102.2] Epoch 185: loss = 93.7760
2020-04-16 07:21:34,694 INFO [99.3] Epoch 186: loss = 94.0167
2020-04-16 07:23:09,971 INFO [95.3] Epoch 187: loss = 93.7814
2020-04-16 07:24:51,924 INFO [102.0] Epoch 188: loss = 93.4773
2020-04-16 07:26:29,341 INFO [97.4] Epoch 189: loss = 93.5310
2020-04-16 07:26:29,342 INFO Start Evaling...
2020-04-16 07:26:53,091 INFO Head: mr:3086.1 mrr:3.12 hits:6.40
2020-04-16 07:26:53,092 INFO Tail: mr:862.9 mrr:22.81 hits:43.90
2020-04-16 07:26:53,092 INFO All: mr:1974.5 mrr:12.96 hits:25.15
2020-04-16 07:26:53,096 INFO Declined in recent 1 epochs
2020-04-16 07:28:33,085 INFO [100.0] Epoch 190: loss = 93.4531
2020-04-16 07:30:09,534 INFO [96.4] Epoch 191: loss = 93.4809
2020-04-16 07:31:53,230 INFO [103.7] Epoch 192: loss = 93.4170
2020-04-16 07:33:31,285 INFO [98.1] Epoch 193: loss = 93.4344
2020-04-16 07:35:05,717 INFO [94.4] Epoch 194: loss = 93.1289
2020-04-16 07:36:43,497 INFO [97.8] Epoch 195: loss = 93.2481
2020-04-16 07:38:24,835 INFO [101.3] Epoch 196: loss = 93.2536
2020-04-16 07:40:06,062 INFO [101.2] Epoch 197: loss = 93.2415
2020-04-16 07:41:48,204 INFO [102.1] Epoch 198: loss = 93.2519
2020-04-16 07:43:22,131 INFO [93.9] Epoch 199: loss = 93.2948
2020-04-16 07:43:22,132 INFO Start Evaling...
2020-04-16 07:43:45,449 INFO Head: mr:3039.7 mrr:3.26 hits:6.48
2020-04-16 07:43:45,449 INFO Tail: mr:848.6 mrr:22.36 hits:43.82
2020-04-16 07:43:45,449 INFO All: mr:1944.1 mrr:12.81 hits:25.15
2020-04-16 07:43:45,452 INFO Declined in recent 2 epochs
2020-04-16 07:45:22,371 INFO [96.9] Epoch 200: loss = 93.2045
2020-04-16 07:47:02,877 INFO [100.5] Epoch 201: loss = 93.5999
2020-04-16 07:48:46,893 INFO [104.0] Epoch 202: loss = 93.0713
2020-04-16 07:50:33,997 INFO [107.1] Epoch 203: loss = 93.1435
2020-04-16 07:52:15,379 INFO [101.4] Epoch 204: loss = 93.0905
2020-04-16 07:54:00,762 INFO [105.4] Epoch 205: loss = 93.1668
2020-04-16 07:55:40,532 INFO [99.8] Epoch 206: loss = 93.2241
2020-04-16 07:57:30,108 INFO [109.6] Epoch 207: loss = 93.2419
2020-04-16 07:59:19,411 INFO [109.3] Epoch 208: loss = 93.2290
2020-04-16 08:01:05,677 INFO [106.3] Epoch 209: loss = 92.8789
2020-04-16 08:01:05,678 INFO Start Evaling...
2020-04-16 08:01:29,253 INFO Head: mr:3021.7 mrr:3.37 hits:7.22
2020-04-16 08:01:29,253 INFO Tail: mr:891.0 mrr:23.06 hits:44.60
2020-04-16 08:01:29,253 INFO All: mr:1956.4 mrr:13.22 hits:25.91
2020-04-16 08:01:29,255 INFO Improved and model saved
2020-04-16 08:03:15,324 INFO [106.0] Epoch 210: loss = 93.0918
2020-04-16 08:04:58,667 INFO [103.3] Epoch 211: loss = 92.9403
2020-04-16 08:06:44,213 INFO [105.5] Epoch 212: loss = 93.1068
2020-04-16 08:08:26,590 INFO [102.4] Epoch 213: loss = 93.0302
2020-04-16 08:10:10,557 INFO [104.0] Epoch 214: loss = 92.8513
2020-04-16 08:11:55,508 INFO [104.9] Epoch 215: loss = 93.0583
2020-04-16 08:13:32,767 INFO [97.3] Epoch 216: loss = 92.9453
2020-04-16 08:15:19,062 INFO [106.3] Epoch 217: loss = 92.9549
2020-04-16 08:17:04,279 INFO [105.2] Epoch 218: loss = 92.7272
2020-04-16 08:18:45,219 INFO [100.9] Epoch 219: loss = 92.6313
2020-04-16 08:18:45,220 INFO Start Evaling...
2020-04-16 08:19:08,970 INFO Head: mr:2966.0 mrr:3.32 hits:6.90
2020-04-16 08:19:08,971 INFO Tail: mr:892.3 mrr:22.86 hits:44.58
2020-04-16 08:19:08,971 INFO All: mr:1929.2 mrr:13.09 hits:25.74
2020-04-16 08:19:08,975 INFO Declined in recent 1 epochs
2020-04-16 08:20:53,985 INFO [105.0] Epoch 220: loss = 92.7782
2020-04-16 08:22:39,158 INFO [105.2] Epoch 221: loss = 92.6716
2020-04-16 08:24:20,973 INFO [101.8] Epoch 222: loss = 92.6880
2020-04-16 08:26:07,723 INFO [106.7] Epoch 223: loss = 92.8743
2020-04-16 08:27:52,545 INFO [104.8] Epoch 224: loss = 92.5509
2020-04-16 08:29:35,092 INFO [102.5] Epoch 225: loss = 92.7262
2020-04-16 08:31:19,150 INFO [104.1] Epoch 226: loss = 92.3733
2020-04-16 08:33:04,804 INFO [105.7] Epoch 227: loss = 92.3834
2020-04-16 08:34:51,877 INFO [107.1] Epoch 228: loss = 92.6313
2020-04-16 08:36:30,261 INFO [98.4] Epoch 229: loss = 92.5170
2020-04-16 08:36:30,262 INFO Start Evaling...
2020-04-16 08:36:54,790 INFO Head: mr:3074.7 mrr:3.42 hits:7.14
2020-04-16 08:36:54,791 INFO Tail: mr:885.9 mrr:22.68 hits:45.64
2020-04-16 08:36:54,791 INFO All: mr:1980.3 mrr:13.05 hits:26.39
2020-04-16 08:36:54,796 INFO Improved and model saved
2020-04-16 08:38:30,092 INFO [95.2] Epoch 230: loss = 92.5514
2020-04-16 08:40:08,466 INFO [98.4] Epoch 231: loss = 92.4723
2020-04-16 08:41:50,748 INFO [102.3] Epoch 232: loss = 92.4855
2020-04-16 08:43:33,913 INFO [103.2] Epoch 233: loss = 92.6412
2020-04-16 08:45:16,256 INFO [102.3] Epoch 234: loss = 92.7995
2020-04-16 08:46:56,756 INFO [100.5] Epoch 235: loss = 92.4748
2020-04-16 08:48:45,620 INFO [108.9] Epoch 236: loss = 92.6719
2020-04-16 08:50:34,973 INFO [109.4] Epoch 237: loss = 92.4152
2020-04-16 08:52:24,222 INFO [109.2] Epoch 238: loss = 92.4650
2020-04-16 08:54:12,906 INFO [108.7] Epoch 239: loss = 92.3425
2020-04-16 08:54:12,906 INFO Start Evaling...
2020-04-16 08:54:36,678 INFO Head: mr:3188.1 mrr:3.55 hits:7.14
2020-04-16 08:54:36,679 INFO Tail: mr:855.9 mrr:22.26 hits:44.86
2020-04-16 08:54:36,679 INFO All: mr:2022.0 mrr:12.91 hits:26.00
2020-04-16 08:54:36,682 INFO Declined in recent 1 epochs
2020-04-16 08:56:16,172 INFO [99.5] Epoch 240: loss = 92.4999
2020-04-16 08:58:07,269 INFO [111.1] Epoch 241: loss = 92.4742
2020-04-16 08:59:48,830 INFO [101.6] Epoch 242: loss = 92.2670
2020-04-16 09:01:34,819 INFO [106.0] Epoch 243: loss = 92.4270
2020-04-16 09:03:19,926 INFO [105.1] Epoch 244: loss = 92.1338
2020-04-16 09:05:04,472 INFO [104.5] Epoch 245: loss = 92.2312
2020-04-16 09:06:53,656 INFO [109.2] Epoch 246: loss = 92.4482
2020-04-16 09:08:29,310 INFO [95.7] Epoch 247: loss = 92.3562
2020-04-16 09:10:09,060 INFO [99.7] Epoch 248: loss = 92.6045
2020-04-16 09:11:56,004 INFO [106.9] Epoch 249: loss = 92.2436
2020-04-16 09:11:56,005 INFO Start Evaling...
2020-04-16 09:12:21,175 INFO Head: mr:3214.5 mrr:3.54 hits:7.32
2020-04-16 09:12:21,176 INFO Tail: mr:907.2 mrr:22.83 hits:45.08
2020-04-16 09:12:21,176 INFO All: mr:2060.9 mrr:13.18 hits:26.20
2020-04-16 09:12:21,179 INFO Declined in recent 2 epochs
2020-04-16 09:14:01,379 INFO [100.2] Epoch 250: loss = 92.1495
2020-04-16 09:15:42,713 INFO [101.3] Epoch 251: loss = 92.0913
2020-04-16 09:17:25,314 INFO [102.6] Epoch 252: loss = 92.2128
2020-04-16 09:19:12,579 INFO [107.3] Epoch 253: loss = 92.1069
2020-04-16 09:20:55,124 INFO [102.5] Epoch 254: loss = 92.1260
2020-04-16 09:22:41,914 INFO [106.8] Epoch 255: loss = 92.1303
2020-04-16 09:24:24,122 INFO [102.2] Epoch 256: loss = 92.0055
2020-04-16 09:26:05,416 INFO [101.3] Epoch 257: loss = 92.1709
2020-04-16 09:27:50,537 INFO [105.1] Epoch 258: loss = 92.3106
2020-04-16 09:29:36,741 INFO [106.2] Epoch 259: loss = 92.1234
2020-04-16 09:29:36,741 INFO Start Evaling...
2020-04-16 09:30:02,068 INFO Head: mr:3148.8 mrr:3.71 hits:7.56
2020-04-16 09:30:02,069 INFO Tail: mr:857.2 mrr:22.64 hits:45.00
2020-04-16 09:30:02,069 INFO All: mr:2003.0 mrr:13.17 hits:26.28
2020-04-16 09:30:02,071 INFO Declined in recent 3 epochs
2020-04-16 09:31:47,356 INFO [105.3] Epoch 260: loss = 91.9236
2020-04-16 09:33:53,264 INFO [125.9] Epoch 261: loss = 92.0814
2020-04-16 09:35:34,851 INFO [101.6] Epoch 262: loss = 92.3671
2020-04-16 09:37:25,534 INFO [110.7] Epoch 263: loss = 91.8227
2020-04-16 09:39:09,964 INFO [104.4] Epoch 264: loss = 92.0698
2020-04-16 09:41:25,848 INFO [135.9] Epoch 265: loss = 91.9881
2020-04-16 09:43:27,514 INFO [121.7] Epoch 266: loss = 91.8228
2020-04-16 09:45:20,782 INFO [113.3] Epoch 267: loss = 91.9967
2020-04-16 09:46:58,941 INFO [98.2] Epoch 268: loss = 91.9309
2020-04-16 09:48:39,845 INFO [100.9] Epoch 269: loss = 91.4729
2020-04-16 09:48:39,846 INFO Start Evaling...
2020-04-16 09:49:03,368 INFO Head: mr:3297.1 mrr:3.55 hits:7.14
2020-04-16 09:49:03,368 INFO Tail: mr:855.4 mrr:22.48 hits:44.14
2020-04-16 09:49:03,368 INFO All: mr:2076.3 mrr:13.01 hits:25.64
2020-04-16 09:49:03,370 INFO Declined in recent 4 epochs
2020-04-16 09:50:40,955 INFO [97.6] Epoch 270: loss = 91.5835
2020-04-16 09:52:23,621 INFO [102.7] Epoch 271: loss = 91.9312
2020-04-16 09:54:09,134 INFO [105.5] Epoch 272: loss = 92.0118
2020-04-16 09:55:47,488 INFO [98.4] Epoch 273: loss = 91.8971
2020-04-16 09:57:39,230 INFO [111.7] Epoch 274: loss = 91.8105
2020-04-16 09:59:23,092 INFO [103.9] Epoch 275: loss = 91.6353
2020-04-16 10:01:07,017 INFO [103.9] Epoch 276: loss = 91.7709
2020-04-16 10:02:50,024 INFO [103.0] Epoch 277: loss = 91.6457
2020-04-16 10:04:29,406 INFO [99.4] Epoch 278: loss = 91.9672
2020-04-16 10:06:12,756 INFO [103.3] Epoch 279: loss = 91.6023
2020-04-16 10:06:12,757 INFO Start Evaling...
2020-04-16 10:06:38,587 INFO Head: mr:3393.4 mrr:3.62 hits:7.58
2020-04-16 10:06:38,587 INFO Tail: mr:843.2 mrr:22.66 hits:45.22
2020-04-16 10:06:38,587 INFO All: mr:2118.3 mrr:13.14 hits:26.40
2020-04-16 10:06:38,590 INFO Improved and model saved
2020-04-16 10:08:16,917 INFO [98.3] Epoch 280: loss = 91.6293
2020-04-16 10:10:00,705 INFO [103.8] Epoch 281: loss = 91.7735
2020-04-16 10:11:40,799 INFO [100.1] Epoch 282: loss = 91.7954
2020-04-16 10:13:26,677 INFO [105.9] Epoch 283: loss = 91.6312
2020-04-16 10:15:06,836 INFO [100.2] Epoch 284: loss = 91.6558
2020-04-16 10:16:44,535 INFO [97.7] Epoch 285: loss = 91.8648
2020-04-16 10:18:30,953 INFO [106.4] Epoch 286: loss = 91.6688
2020-04-16 10:20:13,091 INFO [102.1] Epoch 287: loss = 91.5848
2020-04-16 10:21:56,657 INFO [103.6] Epoch 288: loss = 91.6146
2020-04-16 10:23:38,312 INFO [101.7] Epoch 289: loss = 91.6655
2020-04-16 10:23:38,313 INFO Start Evaling...
2020-04-16 10:24:01,850 INFO Head: mr:3196.5 mrr:3.66 hits:7.78
2020-04-16 10:24:01,850 INFO Tail: mr:861.5 mrr:22.93 hits:45.46
2020-04-16 10:24:01,850 INFO All: mr:2029.0 mrr:13.29 hits:26.62
2020-04-16 10:24:01,853 INFO Improved and model saved
2020-04-16 10:25:41,251 INFO [99.4] Epoch 290: loss = 91.4859
2020-04-16 10:27:27,754 INFO [106.5] Epoch 291: loss = 91.6583
2020-04-16 10:29:08,793 INFO [101.0] Epoch 292: loss = 91.6991
2020-04-16 10:30:56,680 INFO [107.9] Epoch 293: loss = 91.8632
2020-04-16 10:32:34,788 INFO [98.1] Epoch 294: loss = 91.6793
2020-04-16 10:34:13,726 INFO [98.9] Epoch 295: loss = 91.4236
2020-04-16 10:35:57,466 INFO [103.7] Epoch 296: loss = 91.4668
2020-04-16 10:37:34,772 INFO [97.3] Epoch 297: loss = 91.3169
2020-04-16 10:39:17,925 INFO [103.2] Epoch 298: loss = 91.4484
2020-04-16 10:41:00,300 INFO [102.4] Epoch 299: loss = 91.5533
2020-04-16 10:41:00,300 INFO Start Evaling...
2020-04-16 10:41:24,328 INFO Head: mr:3385.0 mrr:3.68 hits:7.42
2020-04-16 10:41:24,328 INFO Tail: mr:880.2 mrr:22.51 hits:45.26
2020-04-16 10:41:24,328 INFO All: mr:2132.6 mrr:13.10 hits:26.34
2020-04-16 10:41:24,333 INFO Declined in recent 1 epochs
2020-04-16 10:43:05,698 INFO [101.4] Epoch 300: loss = 91.6231
2020-04-16 10:44:44,569 INFO [98.9] Epoch 301: loss = 91.4349
2020-04-16 10:46:26,621 INFO [102.1] Epoch 302: loss = 91.5050
2020-04-16 10:48:04,389 INFO [97.8] Epoch 303: loss = 91.3221
2020-04-16 10:49:44,248 INFO [99.9] Epoch 304: loss = 91.3666
2020-04-16 10:51:29,485 INFO [105.2] Epoch 305: loss = 91.5406
2020-04-16 10:53:11,594 INFO [102.1] Epoch 306: loss = 91.3701
2020-04-16 10:54:55,593 INFO [104.0] Epoch 307: loss = 91.2264
2020-04-16 10:56:32,970 INFO [97.4] Epoch 308: loss = 91.4730
2020-04-16 10:58:16,372 INFO [103.4] Epoch 309: loss = 91.4579
2020-04-16 10:58:16,372 INFO Start Evaling...
2020-04-16 10:58:40,145 INFO Head: mr:3416.4 mrr:3.33 hits:7.14
2020-04-16 10:58:40,146 INFO Tail: mr:919.0 mrr:22.20 hits:44.50
2020-04-16 10:58:40,146 INFO All: mr:2167.7 mrr:12.76 hits:25.82
2020-04-16 10:58:40,148 INFO Declined in recent 2 epochs
2020-04-16 11:00:20,365 INFO [100.2] Epoch 310: loss = 91.4488
2020-04-16 11:02:02,510 INFO [102.1] Epoch 311: loss = 91.3401
2020-04-16 11:03:41,055 INFO [98.5] Epoch 312: loss = 91.3984
2020-04-16 11:05:24,588 INFO [103.5] Epoch 313: loss = 91.5211
2020-04-16 11:07:02,198 INFO [97.6] Epoch 314: loss = 91.2171
2020-04-16 11:08:44,520 INFO [102.3] Epoch 315: loss = 91.1731
2020-04-16 11:10:24,409 INFO [99.9] Epoch 316: loss = 91.1930
2020-04-16 11:12:00,586 INFO [96.2] Epoch 317: loss = 91.3226
2020-04-16 11:13:42,179 INFO [101.6] Epoch 318: loss = 91.6363
2020-04-16 11:15:18,476 INFO [96.3] Epoch 319: loss = 91.0848
2020-04-16 11:15:18,477 INFO Start Evaling...
2020-04-16 11:15:43,622 INFO Head: mr:3398.9 mrr:3.83 hits:8.08
2020-04-16 11:15:43,622 INFO Tail: mr:885.0 mrr:22.65 hits:44.46
2020-04-16 11:15:43,622 INFO All: mr:2141.9 mrr:13.24 hits:26.27
2020-04-16 11:15:43,627 INFO Declined in recent 3 epochs
2020-04-16 11:17:25,022 INFO [101.4] Epoch 320: loss = 91.2912
2020-04-16 11:19:08,625 INFO [103.6] Epoch 321: loss = 91.1943
2020-04-16 11:20:55,399 INFO [106.8] Epoch 322: loss = 91.4010
2020-04-16 11:22:39,496 INFO [104.1] Epoch 323: loss = 91.1822
2020-04-16 11:24:18,305 INFO [98.8] Epoch 324: loss = 91.2659
2020-04-16 11:26:01,911 INFO [103.6] Epoch 325: loss = 91.1404
2020-04-16 11:27:44,924 INFO [103.0] Epoch 326: loss = 91.1733
2020-04-16 11:29:31,485 INFO [106.6] Epoch 327: loss = 91.3401
2020-04-16 11:31:16,104 INFO [104.6] Epoch 328: loss = 91.2257
2020-04-16 11:32:57,104 INFO [101.0] Epoch 329: loss = 91.3809
2020-04-16 11:32:57,104 INFO Start Evaling...
2020-04-16 11:33:21,443 INFO Head: mr:3739.0 mrr:3.68 hits:7.30
2020-04-16 11:33:21,444 INFO Tail: mr:914.8 mrr:22.40 hits:44.62
2020-04-16 11:33:21,444 INFO All: mr:2326.9 mrr:13.04 hits:25.96
2020-04-16 11:33:21,446 INFO Declined in recent 4 epochs
2020-04-16 11:35:00,803 INFO [99.4] Epoch 330: loss = 91.3703
2020-04-16 11:36:52,760 INFO [112.0] Epoch 331: loss = 90.9880
2020-04-16 11:38:40,522 INFO [107.8] Epoch 332: loss = 91.2514
2020-04-16 11:40:25,445 INFO [104.9] Epoch 333: loss = 91.2712
2020-04-16 11:42:14,437 INFO [109.0] Epoch 334: loss = 91.1988
2020-04-16 11:44:06,591 INFO [112.2] Epoch 335: loss = 91.0219
2020-04-16 11:46:03,045 INFO [116.5] Epoch 336: loss = 91.1627
2020-04-16 11:47:56,290 INFO [113.2] Epoch 337: loss = 91.1498
2020-04-16 11:49:46,957 INFO [110.7] Epoch 338: loss = 91.0741
2020-04-16 11:51:39,137 INFO [112.2] Epoch 339: loss = 91.1055
2020-04-16 11:51:39,137 INFO Start Evaling...
2020-04-16 11:52:04,429 INFO Head: mr:3405.2 mrr:3.41 hits:7.34
2020-04-16 11:52:04,431 INFO Tail: mr:936.6 mrr:22.41 hits:44.62
2020-04-16 11:52:04,431 INFO All: mr:2170.9 mrr:12.91 hits:25.98
2020-04-16 11:52:04,435 INFO Declined in recent 5 epochs
2020-04-16 11:52:04,435 INFO Early stopping
2020-04-16 11:52:04,435 INFO Train done
2020-04-16 11:52:04,459 INFO Start Evaling...
2020-04-16 11:52:30,733 INFO Head: mr:3040.4 mrr:3.92 hits:8.22
2020-04-16 11:52:30,734 INFO Tail: mr:981.3 mrr:22.03 hits:44.50
2020-04-16 11:52:30,734 INFO All: mr:2010.8 mrr:12.97 hits:26.36
