2020-04-14 23:29:28,527 INFO EPOCH: 1000
2020-04-14 23:29:28,530 INFO EVERY: 10
2020-04-14 23:29:28,531 INFO LR: 0.001
2020-04-14 23:29:28,533 INFO DIM: 64
2020-04-14 23:29:28,535 INFO BATCH_SIZE: 100
2020-04-14 23:29:28,537 INFO BATCH_SIZE2: 50
2020-04-14 23:29:28,539 INFO P: 1
2020-04-14 23:29:28,540 INFO CLIPPING_MAX_VALUE: 4.0
2020-04-14 23:29:28,542 INFO OPTIM: Adam
2020-04-14 23:29:28,544 INFO N_SAMPLE: 12
2020-04-14 23:29:28,545 INFO MODE: kall
2020-04-14 23:29:28,546 INFO GAMMA: 12.0
2020-04-14 23:29:28,546 INFO BERN: True
2020-04-14 23:29:28,546 INFO MARGIN: 4.0
2020-04-14 23:29:28,546 INFO REG: 1.0
2020-04-14 23:29:28,547 INFO LABEL_SMOOTH_EPS: 0.1
2020-04-14 23:29:28,547 INFO INPUT_DROP: 0.2
2020-04-14 23:29:28,547 INFO FEAT_DROP: 0.2
2020-04-14 23:29:28,548 INFO HIDD_DROP: 0.3
2020-04-14 23:29:28,548 INFO CHANNELS: 50
2020-04-14 23:29:28,548 INFO KERNEL_SIZE: 3
2020-04-14 23:29:28,548 INFO N_POOL: 100
2020-04-14 23:29:28,549 INFO MODEL_D: TransH
2020-04-14 23:29:28,549 INFO MODEL_G: DistMult
2020-04-14 23:29:28,550 INFO SCRATCH: False
2020-04-14 23:29:28,550 INFO D_FILE: None
2020-04-14 23:29:28,550 INFO G_FILE: None
2020-04-14 23:29:28,550 INFO PATH: data
2020-04-14 23:29:28,551 INFO DATA: YAGO3-10
2020-04-14 23:29:28,551 INFO EXP_PATH: experiment/YAGO3-10
2020-04-14 23:29:28,552 INFO MODEL: DistMult
2020-04-14 23:29:28,552 INFO V: 0
2020-04-14 23:29:28,552 INFO F: True
2020-04-14 23:29:28,552 INFO EVAL: False
2020-04-14 23:29:28,553 INFO TRAINED: False
2020-04-14 23:29:28,553 INFO PRETRAINED_NAME: None
2020-04-14 23:29:28,553 INFO EXP_NAME: DistMult-YAGO3-10-kall-0
2020-04-14 23:29:28,553 INFO --------------------------------------
2020-04-14 23:30:14,704 INFO Dataload done
2020-04-14 23:30:14,706 INFO --------------------------------------
2020-04-14 23:30:14,708 INFO N_ENTITY: 123182
2020-04-14 23:30:14,710 INFO N_RELATION: 37
2020-04-14 23:30:14,712 INFO --------------------------------------
2020-04-14 23:30:25,959 INFO Start Evaling...
2020-04-14 23:31:11,677 INFO Head: mr:59116.2 mrr:0.01 hits:0.02
2020-04-14 23:31:11,693 INFO Tail: mr:61001.3 mrr:0.01 hits:0.00
2020-04-14 23:31:11,694 INFO All: mr:60058.7 mrr:0.01 hits:0.01
2020-04-14 23:31:11,700 INFO Start Training...
