2020-04-16 09:05:17,848 INFO EPOCH: 1000
2020-04-16 09:05:17,848 INFO EVERY: 10
2020-04-16 09:05:17,848 INFO LR: 0.001
2020-04-16 09:05:17,848 INFO DIM: 64
2020-04-16 09:05:17,848 INFO BATCH_SIZE: 512
2020-04-16 09:05:17,848 INFO BATCH_SIZE2: 50
2020-04-16 09:05:17,848 INFO P: 1
2020-04-16 09:05:17,848 INFO CLIPPING_MAX_VALUE: 4.0
2020-04-16 09:05:17,848 INFO OPTIM: Adam
2020-04-16 09:05:17,848 INFO N_SAMPLE: 12
2020-04-16 09:05:17,848 INFO MODE: cach
2020-04-16 09:05:17,848 INFO GAMMA: 12.0
2020-04-16 09:05:17,848 INFO BERN: True
2020-04-16 09:05:17,848 INFO MARGIN: 4.0
2020-04-16 09:05:17,848 INFO REG: 1.0
2020-04-16 09:05:17,848 INFO LABEL_SMOOTH_EPS: 0.1
2020-04-16 09:05:17,848 INFO INPUT_DROP: 0.2
2020-04-16 09:05:17,848 INFO FEAT_DROP: 0.2
2020-04-16 09:05:17,849 INFO HIDD_DROP: 0.3
2020-04-16 09:05:17,849 INFO CHANNELS: 50
2020-04-16 09:05:17,849 INFO KERNEL_SIZE: 3
2020-04-16 09:05:17,849 INFO N_POOL: 100
2020-04-16 09:05:17,849 INFO MODEL_D: TransH
2020-04-16 09:05:17,849 INFO MODEL_G: DistMult
2020-04-16 09:05:17,849 INFO SCRATCH: False
2020-04-16 09:05:17,849 INFO D_FILE: None
2020-04-16 09:05:17,849 INFO G_FILE: None
2020-04-16 09:05:17,849 INFO PATH: data
2020-04-16 09:05:17,849 INFO DATA: YAGO3-10
2020-04-16 09:05:17,849 INFO EXP_PATH: experiment/YAGO3-10
2020-04-16 09:05:17,849 INFO MODEL: DistMult
2020-04-16 09:05:17,849 INFO V: 0
2020-04-16 09:05:17,849 INFO F: False
2020-04-16 09:05:17,849 INFO EVAL: False
2020-04-16 09:05:17,849 INFO TRAINED: False
2020-04-16 09:05:17,849 INFO PRETRAINED_NAME: None
2020-04-16 09:05:17,849 INFO EXP_NAME: DistMult-YAGO3-10-cach-0
2020-04-16 09:05:17,849 INFO --------------------------------------
2020-04-16 09:05:40,179 INFO Dataload done
2020-04-16 09:05:40,179 INFO --------------------------------------
2020-04-16 09:05:40,179 INFO N_ENTITY: 123182
2020-04-16 09:05:40,179 INFO N_RELATION: 37
2020-04-16 09:05:40,179 INFO --------------------------------------
2020-04-16 09:05:45,366 INFO Start Evaling...
2020-04-16 09:06:13,126 INFO Head: mr:59931.1 mrr:0.01 hits:0.00
2020-04-16 09:06:13,129 INFO Tail: mr:61652.1 mrr:0.01 hits:0.00
2020-04-16 09:06:13,131 INFO All: mr:60791.6 mrr:0.01 hits:0.00
2020-04-16 09:06:13,137 INFO Start Training...
2020-04-16 09:07:30,226 INFO [77.1] Epoch 0: loss = 629.0119
2020-04-16 09:08:50,614 INFO [80.4] Epoch 1: loss = 503.2875
2020-04-16 09:10:08,390 INFO [77.8] Epoch 2: loss = 342.4150
2020-04-16 09:11:18,836 INFO [70.4] Epoch 3: loss = 303.1015
2020-04-16 09:12:34,059 INFO [75.2] Epoch 4: loss = 262.2563
2020-04-16 09:13:48,261 INFO [74.2] Epoch 5: loss = 238.9909
2020-04-16 09:15:02,266 INFO [74.0] Epoch 6: loss = 220.8141
2020-04-16 09:16:12,658 INFO [70.4] Epoch 7: loss = 207.1036
2020-04-16 09:17:29,732 INFO [77.1] Epoch 8: loss = 195.6401
2020-04-16 09:18:44,639 INFO [74.9] Epoch 9: loss = 187.2153
2020-04-16 09:18:44,640 INFO Start Evaling...
2020-04-16 09:19:12,231 INFO Head: mr:5668.5 mrr:2.83 hits:5.96
2020-04-16 09:19:12,231 INFO Tail: mr:1098.5 mrr:21.19 hits:37.62
2020-04-16 09:19:12,231 INFO All: mr:3383.5 mrr:12.01 hits:21.79
2020-04-16 09:19:12,237 INFO Improved and model saved
2020-04-16 09:20:32,083 INFO [79.8] Epoch 10: loss = 179.5106
2020-04-16 09:21:47,737 INFO [75.7] Epoch 11: loss = 173.6333
2020-04-16 09:23:05,875 INFO [78.1] Epoch 12: loss = 168.0688
2020-04-16 09:24:25,751 INFO [79.9] Epoch 13: loss = 163.6203
2020-04-16 09:25:45,980 INFO [80.2] Epoch 14: loss = 159.8133
2020-04-16 09:27:01,552 INFO [75.6] Epoch 15: loss = 156.6111
2020-04-16 09:28:15,672 INFO [74.1] Epoch 16: loss = 153.7901
2020-04-16 09:29:38,245 INFO [82.6] Epoch 17: loss = 151.2994
2020-04-16 09:30:58,271 INFO [80.0] Epoch 18: loss = 149.0489
2020-04-16 09:32:19,595 INFO [81.3] Epoch 19: loss = 146.8660
2020-04-16 09:32:19,596 INFO Start Evaling...
2020-04-16 09:32:48,046 INFO Head: mr:4989.3 mrr:4.58 hits:9.08
2020-04-16 09:32:48,049 INFO Tail: mr:882.0 mrr:24.00 hits:42.26
2020-04-16 09:32:48,050 INFO All: mr:2935.6 mrr:14.29 hits:25.67
2020-04-16 09:32:48,055 INFO Improved and model saved
2020-04-16 09:34:11,798 INFO [83.7] Epoch 20: loss = 144.2549
2020-04-16 09:35:22,528 INFO [70.7] Epoch 21: loss = 142.8299
2020-04-16 09:36:35,961 INFO [73.4] Epoch 22: loss = 141.2094
2020-04-16 09:37:48,710 INFO [72.7] Epoch 23: loss = 139.1430
2020-04-16 09:39:06,421 INFO [77.7] Epoch 24: loss = 137.8702
2020-04-16 09:40:39,609 INFO [93.2] Epoch 25: loss = 136.3219
2020-04-16 09:42:07,534 INFO [87.9] Epoch 26: loss = 135.3044
2020-04-16 09:43:31,379 INFO [83.8] Epoch 27: loss = 133.9006
2020-04-16 09:44:54,484 INFO [83.1] Epoch 28: loss = 133.0196
2020-04-16 09:46:13,362 INFO [78.9] Epoch 29: loss = 131.9927
2020-04-16 09:46:13,362 INFO Start Evaling...
2020-04-16 09:46:39,360 INFO Head: mr:4710.1 mrr:5.37 hits:10.54
2020-04-16 09:46:39,360 INFO Tail: mr:791.0 mrr:24.40 hits:44.82
2020-04-16 09:46:39,360 INFO All: mr:2750.5 mrr:14.89 hits:27.68
2020-04-16 09:46:39,364 INFO Improved and model saved
2020-04-16 09:48:02,024 INFO [82.6] Epoch 30: loss = 130.8023
2020-04-16 09:49:24,830 INFO [82.8] Epoch 31: loss = 130.5057
2020-04-16 09:50:37,207 INFO [72.4] Epoch 32: loss = 129.1763
2020-04-16 09:51:50,546 INFO [73.3] Epoch 33: loss = 128.4056
2020-04-16 09:53:03,036 INFO [72.5] Epoch 34: loss = 127.3414
2020-04-16 09:54:18,002 INFO [75.0] Epoch 35: loss = 126.3095
2020-04-16 09:55:39,319 INFO [81.3] Epoch 36: loss = 125.5652
2020-04-16 09:57:00,442 INFO [81.1] Epoch 37: loss = 124.8482
2020-04-16 09:58:23,282 INFO [82.8] Epoch 38: loss = 124.4504
2020-04-16 09:59:39,100 INFO [75.8] Epoch 39: loss = 123.6714
2020-04-16 09:59:39,101 INFO Start Evaling...
2020-04-16 10:00:05,225 INFO Head: mr:4389.1 mrr:5.95 hits:10.82
2020-04-16 10:00:05,225 INFO Tail: mr:724.9 mrr:25.70 hits:46.64
2020-04-16 10:00:05,226 INFO All: mr:2557.0 mrr:15.82 hits:28.73
2020-04-16 10:00:05,231 INFO Improved and model saved
2020-04-16 10:01:17,776 INFO [72.5] Epoch 40: loss = 123.3026
2020-04-16 10:02:33,250 INFO [75.5] Epoch 41: loss = 122.7162
2020-04-16 10:03:46,920 INFO [73.7] Epoch 42: loss = 122.0491
2020-04-16 10:04:57,502 INFO [70.6] Epoch 43: loss = 121.3823
2020-04-16 10:06:09,398 INFO [71.9] Epoch 44: loss = 120.5478
2020-04-16 10:07:30,127 INFO [80.7] Epoch 45: loss = 120.3437
2020-04-16 10:08:43,905 INFO [73.8] Epoch 46: loss = 119.9423
2020-04-16 10:09:53,401 INFO [69.5] Epoch 47: loss = 119.5502
2020-04-16 10:11:09,638 INFO [76.2] Epoch 48: loss = 118.4248
2020-04-16 10:12:26,042 INFO [76.4] Epoch 49: loss = 118.4421
2020-04-16 10:12:26,042 INFO Start Evaling...
2020-04-16 10:12:56,276 INFO Head: mr:4181.6 mrr:6.30 hits:12.12
2020-04-16 10:12:56,277 INFO Tail: mr:665.9 mrr:25.88 hits:46.58
2020-04-16 10:12:56,277 INFO All: mr:2423.8 mrr:16.09 hits:29.35
2020-04-16 10:12:56,282 INFO Improved and model saved
2020-04-16 10:14:16,257 INFO [79.9] Epoch 50: loss = 117.7664
2020-04-16 10:15:35,895 INFO [79.6] Epoch 51: loss = 117.0033
2020-04-16 10:16:48,931 INFO [73.0] Epoch 52: loss = 116.6014
2020-04-16 10:18:01,285 INFO [72.4] Epoch 53: loss = 116.0755
2020-04-16 10:19:18,952 INFO [77.7] Epoch 54: loss = 116.1331
2020-04-16 10:20:34,547 INFO [75.6] Epoch 55: loss = 115.7771
2020-04-16 10:21:49,969 INFO [75.4] Epoch 56: loss = 115.0503
2020-04-16 10:23:08,877 INFO [78.9] Epoch 57: loss = 114.9798
2020-04-16 10:24:27,763 INFO [78.9] Epoch 58: loss = 114.6113
2020-04-16 10:25:44,999 INFO [77.2] Epoch 59: loss = 114.1804
2020-04-16 10:25:45,000 INFO Start Evaling...
2020-04-16 10:26:12,478 INFO Head: mr:3941.9 mrr:6.32 hits:12.18
2020-04-16 10:26:12,479 INFO Tail: mr:623.1 mrr:26.68 hits:48.92
2020-04-16 10:26:12,483 INFO All: mr:2282.5 mrr:16.50 hits:30.55
2020-04-16 10:26:12,490 INFO Improved and model saved
2020-04-16 10:27:25,471 INFO [72.9] Epoch 60: loss = 113.9623
2020-04-16 10:28:39,953 INFO [74.5] Epoch 61: loss = 113.1512
2020-04-16 10:29:58,441 INFO [78.5] Epoch 62: loss = 113.2655
2020-04-16 10:31:16,204 INFO [77.8] Epoch 63: loss = 112.8772
2020-04-16 10:32:30,350 INFO [74.1] Epoch 64: loss = 112.0895
2020-04-16 10:33:47,206 INFO [76.9] Epoch 65: loss = 112.3924
2020-04-16 10:35:00,429 INFO [73.2] Epoch 66: loss = 112.2262
2020-04-16 10:36:15,864 INFO [75.4] Epoch 67: loss = 111.3447
2020-04-16 10:37:32,038 INFO [76.2] Epoch 68: loss = 111.0660
2020-04-16 10:38:44,335 INFO [72.3] Epoch 69: loss = 110.6342
2020-04-16 10:38:44,336 INFO Start Evaling...
2020-04-16 10:39:10,217 INFO Head: mr:3906.1 mrr:6.68 hits:12.64
2020-04-16 10:39:10,218 INFO Tail: mr:572.6 mrr:27.04 hits:50.22
2020-04-16 10:39:10,218 INFO All: mr:2239.4 mrr:16.86 hits:31.43
2020-04-16 10:39:10,224 INFO Improved and model saved
2020-04-16 10:40:23,267 INFO [73.0] Epoch 70: loss = 110.3629
2020-04-16 10:41:39,463 INFO [76.2] Epoch 71: loss = 110.8314
2020-04-16 10:42:54,259 INFO [74.8] Epoch 72: loss = 109.8542
2020-04-16 10:44:11,530 INFO [77.3] Epoch 73: loss = 109.9147
2020-04-16 10:45:24,401 INFO [72.9] Epoch 74: loss = 109.8818
2020-04-16 10:46:45,165 INFO [80.8] Epoch 75: loss = 109.4488
2020-04-16 10:48:03,441 INFO [78.3] Epoch 76: loss = 109.4852
2020-04-16 10:49:15,912 INFO [72.5] Epoch 77: loss = 108.6409
2020-04-16 10:50:30,057 INFO [74.1] Epoch 78: loss = 108.5161
2020-04-16 10:51:41,874 INFO [71.8] Epoch 79: loss = 108.5256
2020-04-16 10:51:41,874 INFO Start Evaling...
2020-04-16 10:52:06,762 INFO Head: mr:3853.0 mrr:6.82 hits:13.00
2020-04-16 10:52:06,763 INFO Tail: mr:575.1 mrr:27.49 hits:50.34
2020-04-16 10:52:06,763 INFO All: mr:2214.1 mrr:17.16 hits:31.67
2020-04-16 10:52:06,768 INFO Improved and model saved
2020-04-16 10:53:18,852 INFO [72.0] Epoch 80: loss = 107.7928
2020-04-16 10:54:37,807 INFO [79.0] Epoch 81: loss = 107.7370
2020-04-16 10:55:58,829 INFO [81.0] Epoch 82: loss = 107.4665
2020-04-16 10:57:10,946 INFO [72.1] Epoch 83: loss = 107.2524
2020-04-16 10:58:22,760 INFO [71.8] Epoch 84: loss = 106.8877
2020-04-16 10:59:41,007 INFO [78.2] Epoch 85: loss = 107.0133
2020-04-16 11:00:57,629 INFO [76.6] Epoch 86: loss = 106.7878
2020-04-16 11:02:09,971 INFO [72.3] Epoch 87: loss = 106.6533
2020-04-16 11:03:33,647 INFO [83.7] Epoch 88: loss = 106.1139
2020-04-16 11:04:51,199 INFO [77.6] Epoch 89: loss = 106.2181
2020-04-16 11:04:51,200 INFO Start Evaling...
2020-04-16 11:05:16,416 INFO Head: mr:3805.7 mrr:6.69 hits:13.18
2020-04-16 11:05:16,416 INFO Tail: mr:556.4 mrr:27.78 hits:50.42
2020-04-16 11:05:16,416 INFO All: mr:2181.1 mrr:17.23 hits:31.80
2020-04-16 11:05:16,421 INFO Improved and model saved
2020-04-16 11:06:32,812 INFO [76.3] Epoch 90: loss = 106.0557
2020-04-16 11:07:46,767 INFO [74.0] Epoch 91: loss = 105.6010
2020-04-16 11:08:57,728 INFO [71.0] Epoch 92: loss = 105.7753
2020-04-16 11:10:17,966 INFO [80.2] Epoch 93: loss = 105.4131
2020-04-16 11:11:37,399 INFO [79.4] Epoch 94: loss = 105.3961
2020-04-16 11:13:02,574 INFO [85.2] Epoch 95: loss = 105.2166
2020-04-16 11:14:13,336 INFO [70.8] Epoch 96: loss = 104.9002
2020-04-16 11:15:26,613 INFO [73.3] Epoch 97: loss = 104.5209
2020-04-16 11:16:41,123 INFO [74.5] Epoch 98: loss = 104.1096
2020-04-16 11:17:57,679 INFO [76.6] Epoch 99: loss = 104.1942
2020-04-16 11:17:57,680 INFO Start Evaling...
2020-04-16 11:18:22,577 INFO Head: mr:3632.4 mrr:6.75 hits:13.14
2020-04-16 11:18:22,577 INFO Tail: mr:554.4 mrr:28.15 hits:51.24
2020-04-16 11:18:22,578 INFO All: mr:2093.4 mrr:17.45 hits:32.19
2020-04-16 11:18:22,583 INFO Improved and model saved
2020-04-16 11:19:41,925 INFO [79.3] Epoch 100: loss = 104.2727
2020-04-16 11:21:00,411 INFO [78.5] Epoch 101: loss = 104.2815
2020-04-16 11:22:19,417 INFO [79.0] Epoch 102: loss = 103.8326
2020-04-16 11:23:31,036 INFO [71.6] Epoch 103: loss = 103.5545
2020-04-16 11:24:44,593 INFO [73.6] Epoch 104: loss = 103.1732
2020-04-16 11:26:01,428 INFO [76.8] Epoch 105: loss = 103.5884
2020-04-16 11:27:18,843 INFO [77.4] Epoch 106: loss = 103.0854
2020-04-16 11:28:29,930 INFO [71.1] Epoch 107: loss = 102.8812
2020-04-16 11:29:38,917 INFO [69.0] Epoch 108: loss = 103.0041
2020-04-16 11:30:53,728 INFO [74.8] Epoch 109: loss = 102.3342
2020-04-16 11:30:53,728 INFO Start Evaling...
2020-04-16 11:31:18,914 INFO Head: mr:3489.2 mrr:7.29 hits:13.94
2020-04-16 11:31:18,915 INFO Tail: mr:541.9 mrr:28.48 hits:52.50
2020-04-16 11:31:18,915 INFO All: mr:2015.6 mrr:17.89 hits:33.22
2020-04-16 11:31:18,922 INFO Improved and model saved
2020-04-16 11:32:39,458 INFO [80.5] Epoch 110: loss = 102.7970
2020-04-16 11:33:56,485 INFO [77.0] Epoch 111: loss = 102.7168
2020-04-16 11:35:10,943 INFO [74.5] Epoch 112: loss = 102.3411
2020-04-16 11:36:32,477 INFO [81.5] Epoch 113: loss = 102.4326
2020-04-16 11:37:58,661 INFO [86.2] Epoch 114: loss = 101.7262
2020-04-16 11:39:17,091 INFO [78.4] Epoch 115: loss = 101.3407
2020-04-16 11:40:36,441 INFO [79.3] Epoch 116: loss = 101.7326
2020-04-16 11:41:57,843 INFO [81.4] Epoch 117: loss = 101.6569
2020-04-16 11:43:18,976 INFO [81.1] Epoch 118: loss = 101.6048
2020-04-16 11:44:41,168 INFO [82.2] Epoch 119: loss = 101.3547
2020-04-16 11:44:41,169 INFO Start Evaling...
2020-04-16 11:45:08,064 INFO Head: mr:3626.4 mrr:7.08 hits:13.60
2020-04-16 11:45:08,064 INFO Tail: mr:525.5 mrr:28.52 hits:52.06
2020-04-16 11:45:08,064 INFO All: mr:2076.0 mrr:17.80 hits:32.83
2020-04-16 11:45:08,070 INFO Declined in recent 1 epochs
2020-04-16 11:46:32,795 INFO [84.7] Epoch 120: loss = 101.2322
2020-04-16 11:47:53,598 INFO [80.8] Epoch 121: loss = 100.8985
2020-04-16 11:49:07,448 INFO [73.8] Epoch 122: loss = 101.0033
2020-04-16 11:50:21,496 INFO [74.0] Epoch 123: loss = 100.8762
2020-04-16 11:51:36,024 INFO [74.5] Epoch 124: loss = 101.1421
2020-04-16 11:52:57,469 INFO [81.4] Epoch 125: loss = 100.8374
2020-04-16 11:54:10,619 INFO [73.1] Epoch 126: loss = 100.5416
2020-04-16 11:55:28,268 INFO [77.6] Epoch 127: loss = 100.6848
2020-04-16 11:56:45,982 INFO [77.7] Epoch 128: loss = 100.1051
2020-04-16 11:57:58,124 INFO [72.1] Epoch 129: loss = 100.1801
2020-04-16 11:57:58,124 INFO Start Evaling...
2020-04-16 11:58:24,264 INFO Head: mr:3507.5 mrr:7.43 hits:13.84
2020-04-16 11:58:24,265 INFO Tail: mr:503.8 mrr:29.23 hits:53.16
2020-04-16 11:58:24,265 INFO All: mr:2005.6 mrr:18.33 hits:33.50
2020-04-16 11:58:24,269 INFO Improved and model saved
2020-04-16 11:59:38,271 INFO [74.0] Epoch 130: loss = 99.9418
2020-04-16 12:00:54,946 INFO [76.7] Epoch 131: loss = 99.5816
2020-04-16 12:02:08,326 INFO [73.4] Epoch 132: loss = 100.2129
2020-04-16 12:03:21,997 INFO [73.7] Epoch 133: loss = 99.6176
2020-04-16 12:04:33,952 INFO [72.0] Epoch 134: loss = 99.4151
2020-04-16 12:05:45,891 INFO [71.9] Epoch 135: loss = 99.4430
2020-04-16 12:07:01,941 INFO [76.0] Epoch 136: loss = 99.5541
2020-04-16 12:08:11,950 INFO [70.0] Epoch 137: loss = 99.6699
2020-04-16 12:09:26,634 INFO [74.7] Epoch 138: loss = 99.3799
2020-04-16 12:10:42,061 INFO [75.4] Epoch 139: loss = 99.2201
2020-04-16 12:10:42,062 INFO Start Evaling...
2020-04-16 12:11:08,418 INFO Head: mr:3459.3 mrr:7.11 hits:13.82
2020-04-16 12:11:08,418 INFO Tail: mr:513.9 mrr:29.13 hits:53.52
2020-04-16 12:11:08,418 INFO All: mr:1986.6 mrr:18.12 hits:33.67
2020-04-16 12:11:08,425 INFO Improved and model saved
2020-04-16 12:12:20,141 INFO [71.7] Epoch 140: loss = 99.1688
2020-04-16 12:13:31,579 INFO [71.4] Epoch 141: loss = 98.9783
2020-04-16 12:14:50,123 INFO [78.5] Epoch 142: loss = 98.9192
2020-04-16 12:16:03,091 INFO [73.0] Epoch 143: loss = 98.9571
2020-04-16 12:17:14,728 INFO [71.6] Epoch 144: loss = 98.6446
2020-04-16 12:18:26,786 INFO [72.1] Epoch 145: loss = 98.0416
2020-04-16 12:19:41,060 INFO [74.3] Epoch 146: loss = 98.6066
2020-04-16 12:20:55,155 INFO [74.1] Epoch 147: loss = 98.3302
2020-04-16 12:22:11,507 INFO [76.4] Epoch 148: loss = 98.3267
2020-04-16 12:23:22,902 INFO [71.4] Epoch 149: loss = 98.1577
2020-04-16 12:23:22,902 INFO Start Evaling...
2020-04-16 12:23:48,874 INFO Head: mr:3388.6 mrr:7.32 hits:13.88
2020-04-16 12:23:48,874 INFO Tail: mr:519.3 mrr:29.71 hits:54.00
2020-04-16 12:23:48,875 INFO All: mr:1954.0 mrr:18.52 hits:33.94
2020-04-16 12:23:48,884 INFO Improved and model saved
2020-04-16 12:25:02,047 INFO [73.1] Epoch 150: loss = 98.1812
2020-04-16 12:26:14,303 INFO [72.3] Epoch 151: loss = 98.1444
2020-04-16 12:27:26,103 INFO [71.8] Epoch 152: loss = 97.4828
2020-04-16 12:28:46,542 INFO [80.4] Epoch 153: loss = 97.6695
2020-04-16 12:30:00,088 INFO [73.5] Epoch 154: loss = 97.7992
2020-04-16 12:31:16,080 INFO [76.0] Epoch 155: loss = 97.6541
2020-04-16 12:32:26,743 INFO [70.7] Epoch 156: loss = 97.8914
2020-04-16 12:33:41,510 INFO [74.8] Epoch 157: loss = 97.2598
2020-04-16 12:34:55,129 INFO [73.6] Epoch 158: loss = 97.4092
2020-04-16 12:36:07,041 INFO [71.9] Epoch 159: loss = 97.3662
2020-04-16 12:36:07,042 INFO Start Evaling...
2020-04-16 12:36:33,282 INFO Head: mr:3397.4 mrr:7.26 hits:14.16
2020-04-16 12:36:33,283 INFO Tail: mr:527.9 mrr:29.70 hits:54.04
2020-04-16 12:36:33,283 INFO All: mr:1962.7 mrr:18.48 hits:34.10
2020-04-16 12:36:33,292 INFO Improved and model saved
2020-04-16 12:37:48,855 INFO [75.5] Epoch 160: loss = 97.0560
2020-04-16 12:39:04,396 INFO [75.5] Epoch 161: loss = 96.8530
2020-04-16 12:40:21,106 INFO [76.7] Epoch 162: loss = 96.9278
2020-04-16 12:41:33,461 INFO [72.4] Epoch 163: loss = 97.0677
2020-04-16 12:42:46,643 INFO [73.2] Epoch 164: loss = 96.8739
2020-04-16 12:44:00,865 INFO [74.2] Epoch 165: loss = 96.9841
2020-04-16 12:45:12,840 INFO [72.0] Epoch 166: loss = 96.6940
2020-04-16 12:46:25,936 INFO [73.1] Epoch 167: loss = 96.3220
2020-04-16 12:47:38,498 INFO [72.6] Epoch 168: loss = 96.4245
2020-04-16 12:48:51,868 INFO [73.4] Epoch 169: loss = 96.5951
2020-04-16 12:48:51,869 INFO Start Evaling...
2020-04-16 12:49:18,981 INFO Head: mr:3307.7 mrr:7.31 hits:13.82
2020-04-16 12:49:18,982 INFO Tail: mr:518.9 mrr:29.72 hits:54.26
2020-04-16 12:49:18,982 INFO All: mr:1913.3 mrr:18.51 hits:34.04
2020-04-16 12:49:19,007 INFO Declined in recent 1 epochs
2020-04-16 12:50:32,677 INFO [73.7] Epoch 170: loss = 96.3189
2020-04-16 12:51:43,413 INFO [70.7] Epoch 171: loss = 96.2196
2020-04-16 12:53:01,217 INFO [77.8] Epoch 172: loss = 96.1618
2020-04-16 12:54:14,774 INFO [73.6] Epoch 173: loss = 96.3090
2020-04-16 12:55:27,960 INFO [73.2] Epoch 174: loss = 96.3252
2020-04-16 12:56:40,738 INFO [72.8] Epoch 175: loss = 95.9228
2020-04-16 12:57:56,791 INFO [76.1] Epoch 176: loss = 95.6874
2020-04-16 12:59:12,548 INFO [75.8] Epoch 177: loss = 95.7437
2020-04-16 13:00:30,805 INFO [78.3] Epoch 178: loss = 95.9766
2020-04-16 13:01:43,593 INFO [72.8] Epoch 179: loss = 95.6213
2020-04-16 13:01:43,593 INFO Start Evaling...
2020-04-16 13:02:09,748 INFO Head: mr:3135.4 mrr:7.46 hits:14.60
2020-04-16 13:02:09,752 INFO Tail: mr:497.7 mrr:29.68 hits:54.44
2020-04-16 13:02:09,752 INFO All: mr:1816.5 mrr:18.57 hits:34.52
2020-04-16 13:02:09,761 INFO Improved and model saved
2020-04-16 13:03:27,228 INFO [77.4] Epoch 180: loss = 95.6016
2020-04-16 13:04:41,888 INFO [74.7] Epoch 181: loss = 95.4740
2020-04-16 13:05:57,886 INFO [76.0] Epoch 182: loss = 95.6272
2020-04-16 13:07:09,443 INFO [71.6] Epoch 183: loss = 95.5647
2020-04-16 13:08:32,269 INFO [82.8] Epoch 184: loss = 95.1723
2020-04-16 13:09:44,245 INFO [72.0] Epoch 185: loss = 95.1184
2020-04-16 13:10:57,845 INFO [73.6] Epoch 186: loss = 94.9306
2020-04-16 13:12:11,361 INFO [73.5] Epoch 187: loss = 95.1927
2020-04-16 13:13:26,925 INFO [75.6] Epoch 188: loss = 95.5092
2020-04-16 13:14:41,430 INFO [74.5] Epoch 189: loss = 95.1589
2020-04-16 13:14:41,431 INFO Start Evaling...
2020-04-16 13:15:07,648 INFO Head: mr:3148.7 mrr:7.48 hits:14.52
2020-04-16 13:15:07,648 INFO Tail: mr:512.2 mrr:29.97 hits:54.64
2020-04-16 13:15:07,648 INFO All: mr:1830.4 mrr:18.72 hits:34.58
2020-04-16 13:15:07,653 INFO Improved and model saved
2020-04-16 13:16:25,308 INFO [77.6] Epoch 190: loss = 95.1461
2020-04-16 13:17:38,996 INFO [73.7] Epoch 191: loss = 94.9535
2020-04-16 13:19:05,078 INFO [86.1] Epoch 192: loss = 94.9405
2020-04-16 13:20:18,545 INFO [73.5] Epoch 193: loss = 95.1814
2020-04-16 13:21:29,978 INFO [71.4] Epoch 194: loss = 94.8755
2020-04-16 13:22:41,591 INFO [71.6] Epoch 195: loss = 95.0033
2020-04-16 13:24:01,421 INFO [79.8] Epoch 196: loss = 94.7757
2020-04-16 13:25:16,880 INFO [75.5] Epoch 197: loss = 94.4677
2020-04-16 13:26:37,170 INFO [80.3] Epoch 198: loss = 95.0223
2020-04-16 13:27:54,244 INFO [77.1] Epoch 199: loss = 94.3403
2020-04-16 13:27:54,245 INFO Start Evaling...
2020-04-16 13:28:21,568 INFO Head: mr:3261.4 mrr:7.45 hits:14.40
2020-04-16 13:28:21,568 INFO Tail: mr:529.2 mrr:29.60 hits:55.68
2020-04-16 13:28:21,568 INFO All: mr:1895.3 mrr:18.53 hits:35.04
2020-04-16 13:28:21,578 INFO Improved and model saved
2020-04-16 13:29:32,926 INFO [71.3] Epoch 200: loss = 94.5208
2020-04-16 13:30:48,452 INFO [75.5] Epoch 201: loss = 94.4442
2020-04-16 13:32:10,588 INFO [82.1] Epoch 202: loss = 94.3431
2020-04-16 13:33:29,972 INFO [79.4] Epoch 203: loss = 94.5647
2020-04-16 13:34:38,648 INFO [68.7] Epoch 204: loss = 94.1368
2020-04-16 13:35:46,817 INFO [68.2] Epoch 205: loss = 94.1790
2020-04-16 13:36:55,669 INFO [68.9] Epoch 206: loss = 94.3258
2020-04-16 13:38:05,395 INFO [69.7] Epoch 207: loss = 94.2181
2020-04-16 13:39:16,048 INFO [70.7] Epoch 208: loss = 93.9901
2020-04-16 13:40:23,842 INFO [67.8] Epoch 209: loss = 93.9094
2020-04-16 13:40:23,843 INFO Start Evaling...
2020-04-16 13:40:48,430 INFO Head: mr:3277.1 mrr:7.52 hits:14.22
2020-04-16 13:40:48,430 INFO Tail: mr:547.4 mrr:30.14 hits:55.86
2020-04-16 13:40:48,430 INFO All: mr:1912.2 mrr:18.83 hits:35.04
2020-04-16 13:40:48,438 INFO Declined in recent 1 epochs
2020-04-16 13:41:58,665 INFO [70.2] Epoch 210: loss = 93.7263
2020-04-16 13:43:12,249 INFO [73.6] Epoch 211: loss = 94.0147
2020-04-16 13:44:21,371 INFO [69.1] Epoch 212: loss = 93.6951
2020-04-16 13:45:29,060 INFO [67.7] Epoch 213: loss = 93.8347
2020-04-16 13:46:36,825 INFO [67.8] Epoch 214: loss = 93.5614
2020-04-16 13:47:46,426 INFO [69.6] Epoch 215: loss = 93.7040
2020-04-16 13:48:56,790 INFO [70.4] Epoch 216: loss = 93.5003
2020-04-16 13:50:05,373 INFO [68.6] Epoch 217: loss = 93.5161
2020-04-16 13:51:13,557 INFO [68.2] Epoch 218: loss = 93.6454
2020-04-16 13:52:21,853 INFO [68.3] Epoch 219: loss = 93.3217
2020-04-16 13:52:21,853 INFO Start Evaling...
2020-04-16 13:52:45,729 INFO Head: mr:3068.6 mrr:7.77 hits:14.38
2020-04-16 13:52:45,729 INFO Tail: mr:534.5 mrr:30.21 hits:55.70
2020-04-16 13:52:45,729 INFO All: mr:1801.5 mrr:18.99 hits:35.04
2020-04-16 13:52:45,737 INFO Declined in recent 2 epochs
2020-04-16 13:53:54,197 INFO [68.5] Epoch 220: loss = 93.6959
2020-04-16 13:55:06,495 INFO [72.3] Epoch 221: loss = 93.4697
2020-04-16 13:56:22,422 INFO [75.9] Epoch 222: loss = 93.4511
2020-04-16 13:57:30,086 INFO [67.7] Epoch 223: loss = 92.9070
2020-04-16 13:58:38,764 INFO [68.7] Epoch 224: loss = 93.0841
2020-04-16 13:59:50,507 INFO [71.7] Epoch 225: loss = 93.1572
2020-04-16 14:00:58,214 INFO [67.7] Epoch 226: loss = 92.9112
2020-04-16 14:02:07,294 INFO [69.1] Epoch 227: loss = 93.0029
2020-04-16 14:03:17,934 INFO [70.6] Epoch 228: loss = 93.0232
2020-04-16 14:04:26,283 INFO [68.3] Epoch 229: loss = 92.8194
2020-04-16 14:04:26,283 INFO Start Evaling...
2020-04-16 14:04:51,693 INFO Head: mr:3098.1 mrr:7.75 hits:14.74
2020-04-16 14:04:51,693 INFO Tail: mr:518.4 mrr:30.59 hits:54.90
2020-04-16 14:04:51,693 INFO All: mr:1808.2 mrr:19.17 hits:34.82
2020-04-16 14:04:51,704 INFO Declined in recent 3 epochs
2020-04-16 14:06:03,034 INFO [71.3] Epoch 230: loss = 92.7773
2020-04-16 14:07:09,297 INFO [66.3] Epoch 231: loss = 92.6385
2020-04-16 14:08:16,690 INFO [67.4] Epoch 232: loss = 92.4529
2020-04-16 14:09:27,210 INFO [70.5] Epoch 233: loss = 93.1224
2020-04-16 14:10:35,357 INFO [68.1] Epoch 234: loss = 92.3735
2020-04-16 14:11:48,210 INFO [72.9] Epoch 235: loss = 92.7844
2020-04-16 14:12:55,398 INFO [67.2] Epoch 236: loss = 92.8807
2020-04-16 14:14:06,034 INFO [70.6] Epoch 237: loss = 92.5332
2020-04-16 14:15:19,334 INFO [73.3] Epoch 238: loss = 92.5204
2020-04-16 14:16:28,240 INFO [68.9] Epoch 239: loss = 92.4864
2020-04-16 14:16:28,240 INFO Start Evaling...
2020-04-16 14:16:52,761 INFO Head: mr:3161.6 mrr:7.53 hits:14.32
2020-04-16 14:16:52,761 INFO Tail: mr:511.9 mrr:30.62 hits:55.46
2020-04-16 14:16:52,761 INFO All: mr:1836.8 mrr:19.07 hits:34.89
2020-04-16 14:16:52,765 INFO Declined in recent 4 epochs
2020-04-16 14:18:01,012 INFO [68.2] Epoch 240: loss = 93.0036
2020-04-16 14:19:10,305 INFO [69.3] Epoch 241: loss = 92.5541
2020-04-16 14:20:18,450 INFO [68.1] Epoch 242: loss = 92.8933
2020-04-16 14:21:26,035 INFO [67.6] Epoch 243: loss = 92.5236
2020-04-16 14:22:36,495 INFO [70.5] Epoch 244: loss = 92.0454
2020-04-16 14:23:42,765 INFO [66.3] Epoch 245: loss = 92.4797
2020-04-16 14:24:51,122 INFO [68.4] Epoch 246: loss = 92.1727
2020-04-16 14:25:59,325 INFO [68.2] Epoch 247: loss = 92.3714
2020-04-16 14:27:11,093 INFO [71.8] Epoch 248: loss = 92.1196
2020-04-16 14:28:28,487 INFO [77.4] Epoch 249: loss = 91.8849
2020-04-16 14:28:28,488 INFO Start Evaling...
2020-04-16 14:28:53,504 INFO Head: mr:3105.1 mrr:7.73 hits:15.20
2020-04-16 14:28:53,504 INFO Tail: mr:525.1 mrr:30.57 hits:55.68
2020-04-16 14:28:53,504 INFO All: mr:1815.1 mrr:19.15 hits:35.44
2020-04-16 14:28:53,508 INFO Improved and model saved
2020-04-16 14:30:03,142 INFO [69.6] Epoch 250: loss = 92.1656
2020-04-16 14:31:16,596 INFO [73.5] Epoch 251: loss = 92.1438
2020-04-16 14:32:28,605 INFO [72.0] Epoch 252: loss = 91.9097
2020-04-16 14:33:37,997 INFO [69.4] Epoch 253: loss = 91.7312
2020-04-16 14:34:45,375 INFO [67.4] Epoch 254: loss = 92.0378
2020-04-16 14:35:54,831 INFO [69.5] Epoch 255: loss = 91.9796
2020-04-16 14:37:05,011 INFO [70.2] Epoch 256: loss = 91.7688
2020-04-16 14:38:13,664 INFO [68.7] Epoch 257: loss = 91.9554
2020-04-16 14:39:25,239 INFO [71.6] Epoch 258: loss = 92.2994
2020-04-16 14:40:35,156 INFO [69.9] Epoch 259: loss = 91.4920
2020-04-16 14:40:35,157 INFO Start Evaling...
2020-04-16 14:41:00,464 INFO Head: mr:3141.6 mrr:7.86 hits:15.30
2020-04-16 14:41:00,464 INFO Tail: mr:512.6 mrr:30.37 hits:56.82
2020-04-16 14:41:00,464 INFO All: mr:1827.1 mrr:19.11 hits:36.06
2020-04-16 14:41:00,471 INFO Improved and model saved
2020-04-16 14:42:10,039 INFO [69.5] Epoch 260: loss = 91.7434
2020-04-16 14:43:20,669 INFO [70.6] Epoch 261: loss = 91.9453
2020-04-16 14:44:30,055 INFO [69.4] Epoch 262: loss = 91.6609
2020-04-16 14:45:37,207 INFO [67.2] Epoch 263: loss = 91.8872
2020-04-16 14:46:48,782 INFO [71.6] Epoch 264: loss = 91.7568
2020-04-16 14:48:00,025 INFO [71.2] Epoch 265: loss = 92.0090
2020-04-16 14:49:10,101 INFO [70.1] Epoch 266: loss = 92.0039
2020-04-16 14:50:17,839 INFO [67.7] Epoch 267: loss = 91.5102
2020-04-16 14:51:27,635 INFO [69.8] Epoch 268: loss = 91.7224
2020-04-16 14:52:40,658 INFO [73.0] Epoch 269: loss = 91.0533
2020-04-16 14:52:40,658 INFO Start Evaling...
2020-04-16 14:53:05,474 INFO Head: mr:3039.0 mrr:7.70 hits:15.30
2020-04-16 14:53:05,474 INFO Tail: mr:507.8 mrr:31.20 hits:56.84
2020-04-16 14:53:05,474 INFO All: mr:1773.4 mrr:19.45 hits:36.07
2020-04-16 14:53:05,481 INFO Improved and model saved
2020-04-16 14:54:14,549 INFO [69.0] Epoch 270: loss = 91.7351
2020-04-16 14:55:21,995 INFO [67.4] Epoch 271: loss = 91.4637
2020-04-16 14:56:31,832 INFO [69.8] Epoch 272: loss = 90.9803
2020-04-16 14:57:41,685 INFO [69.9] Epoch 273: loss = 91.1910
2020-04-16 14:58:50,500 INFO [68.8] Epoch 274: loss = 91.0337
2020-04-16 15:00:03,235 INFO [72.7] Epoch 275: loss = 90.8774
2020-04-16 15:01:09,343 INFO [66.1] Epoch 276: loss = 91.2610
2020-04-16 15:02:19,132 INFO [69.8] Epoch 277: loss = 91.2798
2020-04-16 15:03:31,067 INFO [71.9] Epoch 278: loss = 91.1463
2020-04-16 15:04:38,846 INFO [67.8] Epoch 279: loss = 90.7692
2020-04-16 15:04:38,846 INFO Start Evaling...
2020-04-16 15:05:03,028 INFO Head: mr:2957.2 mrr:7.98 hits:15.24
2020-04-16 15:05:03,028 INFO Tail: mr:513.9 mrr:31.07 hits:57.44
2020-04-16 15:05:03,029 INFO All: mr:1735.6 mrr:19.52 hits:36.34
2020-04-16 15:05:03,038 INFO Improved and model saved
2020-04-16 15:06:09,925 INFO [66.9] Epoch 280: loss = 91.2177
2020-04-16 15:07:22,027 INFO [72.1] Epoch 281: loss = 90.9934
2020-04-16 15:08:28,441 INFO [66.4] Epoch 282: loss = 91.0896
2020-04-16 15:09:38,770 INFO [70.3] Epoch 283: loss = 90.6907
2020-04-16 15:10:49,864 INFO [71.1] Epoch 284: loss = 91.1341
2020-04-16 15:12:02,136 INFO [72.3] Epoch 285: loss = 90.3002
2020-04-16 15:13:10,251 INFO [68.1] Epoch 286: loss = 91.3282
2020-04-16 15:14:17,677 INFO [67.4] Epoch 287: loss = 91.0683
2020-04-16 15:15:28,287 INFO [70.6] Epoch 288: loss = 90.7831
2020-04-16 15:16:38,984 INFO [70.7] Epoch 289: loss = 90.7579
2020-04-16 15:16:38,984 INFO Start Evaling...
2020-04-16 15:17:04,392 INFO Head: mr:2942.4 mrr:7.78 hits:15.02
2020-04-16 15:17:04,392 INFO Tail: mr:477.7 mrr:31.34 hits:56.66
2020-04-16 15:17:04,393 INFO All: mr:1710.1 mrr:19.56 hits:35.84
2020-04-16 15:17:04,414 INFO Declined in recent 1 epochs
2020-04-16 15:18:15,921 INFO [71.5] Epoch 290: loss = 90.6537
2020-04-16 15:19:26,278 INFO [70.4] Epoch 291: loss = 90.6520
2020-04-16 15:20:33,423 INFO [67.1] Epoch 292: loss = 90.5637
2020-04-16 15:21:40,210 INFO [66.8] Epoch 293: loss = 90.0852
2020-04-16 15:22:53,372 INFO [73.2] Epoch 294: loss = 90.3617
2020-04-16 15:24:04,219 INFO [70.8] Epoch 295: loss = 90.6384
2020-04-16 15:25:11,415 INFO [67.2] Epoch 296: loss = 90.7390
2020-04-16 15:26:22,402 INFO [71.0] Epoch 297: loss = 90.4904
2020-04-16 15:27:33,984 INFO [71.6] Epoch 298: loss = 90.5668
2020-04-16 15:28:48,232 INFO [74.2] Epoch 299: loss = 90.7769
2020-04-16 15:28:48,233 INFO Start Evaling...
2020-04-16 15:29:12,473 INFO Head: mr:2969.6 mrr:8.00 hits:15.52
2020-04-16 15:29:12,474 INFO Tail: mr:512.8 mrr:31.22 hits:57.16
2020-04-16 15:29:12,474 INFO All: mr:1741.2 mrr:19.61 hits:36.34
2020-04-16 15:29:12,480 INFO Declined in recent 2 epochs
2020-04-16 15:30:20,454 INFO [68.0] Epoch 300: loss = 90.6820
2020-04-16 15:31:35,592 INFO [75.1] Epoch 301: loss = 90.2936
2020-04-16 15:32:53,381 INFO [77.8] Epoch 302: loss = 90.6420
2020-04-16 15:34:03,101 INFO [69.7] Epoch 303: loss = 90.1267
2020-04-16 15:35:12,314 INFO [69.2] Epoch 304: loss = 90.0135
2020-04-16 15:36:20,273 INFO [68.0] Epoch 305: loss = 90.3539
2020-04-16 15:37:28,767 INFO [68.5] Epoch 306: loss = 90.5690
2020-04-16 15:38:36,852 INFO [68.1] Epoch 307: loss = 90.2136
2020-04-16 15:39:47,889 INFO [71.0] Epoch 308: loss = 90.2657
2020-04-16 15:41:00,540 INFO [72.7] Epoch 309: loss = 90.4299
2020-04-16 15:41:00,540 INFO Start Evaling...
2020-04-16 15:41:25,028 INFO Head: mr:2929.7 mrr:7.64 hits:15.00
2020-04-16 15:41:25,029 INFO Tail: mr:501.9 mrr:31.30 hits:57.56
2020-04-16 15:41:25,029 INFO All: mr:1715.8 mrr:19.47 hits:36.28
2020-04-16 15:41:25,039 INFO Declined in recent 3 epochs
2020-04-16 15:42:32,870 INFO [67.8] Epoch 310: loss = 90.2417
2020-04-16 15:43:42,339 INFO [69.5] Epoch 311: loss = 90.0392
2020-04-16 15:44:52,077 INFO [69.7] Epoch 312: loss = 90.2464
2020-04-16 15:46:02,871 INFO [70.8] Epoch 313: loss = 90.2676
2020-04-16 15:47:13,016 INFO [70.1] Epoch 314: loss = 90.0897
2020-04-16 15:48:26,279 INFO [73.3] Epoch 315: loss = 90.0717
2020-04-16 15:49:35,531 INFO [69.3] Epoch 316: loss = 90.0488
2020-04-16 15:50:44,356 INFO [68.8] Epoch 317: loss = 89.9437
2020-04-16 15:51:53,266 INFO [68.9] Epoch 318: loss = 89.7622
2020-04-16 15:52:58,460 INFO [65.2] Epoch 319: loss = 90.2813
2020-04-16 15:52:58,460 INFO Start Evaling...
2020-04-16 15:53:22,726 INFO Head: mr:3098.0 mrr:8.00 hits:15.72
2020-04-16 15:53:22,726 INFO Tail: mr:521.2 mrr:30.87 hits:58.02
2020-04-16 15:53:22,726 INFO All: mr:1809.6 mrr:19.44 hits:36.87
2020-04-16 15:53:22,734 INFO Improved and model saved
2020-04-16 15:54:30,654 INFO [67.9] Epoch 320: loss = 90.2443
2020-04-16 15:55:40,547 INFO [69.9] Epoch 321: loss = 90.1090
2020-04-16 15:56:47,873 INFO [67.3] Epoch 322: loss = 90.0405
2020-04-16 15:57:57,301 INFO [69.4] Epoch 323: loss = 89.7521
2020-04-16 15:59:09,887 INFO [72.6] Epoch 324: loss = 89.6525
2020-04-16 16:00:18,577 INFO [68.7] Epoch 325: loss = 89.8367
2020-04-16 16:01:29,870 INFO [71.3] Epoch 326: loss = 89.5665
2020-04-16 16:02:42,071 INFO [72.2] Epoch 327: loss = 89.6032
2020-04-16 16:04:00,043 INFO [78.0] Epoch 328: loss = 89.8976
2020-04-16 16:05:14,900 INFO [74.9] Epoch 329: loss = 90.0694
2020-04-16 16:05:14,900 INFO Start Evaling...
2020-04-16 16:05:41,137 INFO Head: mr:3138.9 mrr:7.91 hits:15.56
2020-04-16 16:05:41,138 INFO Tail: mr:505.5 mrr:31.75 hits:57.78
2020-04-16 16:05:41,138 INFO All: mr:1822.2 mrr:19.83 hits:36.67
2020-04-16 16:05:41,149 INFO Declined in recent 1 epochs
2020-04-16 16:06:53,442 INFO [72.3] Epoch 330: loss = 89.6379
2020-04-16 16:08:05,585 INFO [72.1] Epoch 331: loss = 89.7552
2020-04-16 16:09:18,288 INFO [72.7] Epoch 332: loss = 89.5929
2020-04-16 16:10:35,863 INFO [77.6] Epoch 333: loss = 89.9435
2020-04-16 16:11:51,610 INFO [75.7] Epoch 334: loss = 89.6683
2020-04-16 16:13:06,624 INFO [75.0] Epoch 335: loss = 89.3554
2020-04-16 16:14:20,181 INFO [73.6] Epoch 336: loss = 89.6145
2020-04-16 16:15:34,025 INFO [73.8] Epoch 337: loss = 89.7122
2020-04-16 16:16:49,233 INFO [75.2] Epoch 338: loss = 89.8226
2020-04-16 16:17:59,450 INFO [70.2] Epoch 339: loss = 89.1882
2020-04-16 16:17:59,450 INFO Start Evaling...
2020-04-16 16:18:23,920 INFO Head: mr:2998.4 mrr:8.04 hits:15.64
2020-04-16 16:18:23,920 INFO Tail: mr:516.7 mrr:31.62 hits:57.90
2020-04-16 16:18:23,920 INFO All: mr:1757.6 mrr:19.83 hits:36.77
2020-04-16 16:18:23,929 INFO Declined in recent 2 epochs
2020-04-16 16:19:39,490 INFO [75.6] Epoch 340: loss = 89.5111
2020-04-16 16:20:58,179 INFO [78.7] Epoch 341: loss = 89.3020
2020-04-16 16:22:10,158 INFO [72.0] Epoch 342: loss = 89.2489
2020-04-16 16:23:25,285 INFO [75.1] Epoch 343: loss = 89.7467
2020-04-16 16:24:38,770 INFO [73.5] Epoch 344: loss = 89.7064
2020-04-16 16:25:51,035 INFO [72.3] Epoch 345: loss = 89.0160
2020-04-16 16:27:05,753 INFO [74.7] Epoch 346: loss = 89.6630
2020-04-16 16:28:18,152 INFO [72.4] Epoch 347: loss = 89.0975
2020-04-16 16:29:29,242 INFO [71.1] Epoch 348: loss = 89.5699
2020-04-16 16:30:41,432 INFO [72.2] Epoch 349: loss = 88.8622
2020-04-16 16:30:41,432 INFO Start Evaling...
2020-04-16 16:31:05,691 INFO Head: mr:3167.6 mrr:8.17 hits:15.58
2020-04-16 16:31:05,691 INFO Tail: mr:507.9 mrr:31.77 hits:58.22
2020-04-16 16:31:05,691 INFO All: mr:1837.8 mrr:19.97 hits:36.90
2020-04-16 16:31:05,699 INFO Improved and model saved
2020-04-16 16:32:18,404 INFO [72.7] Epoch 350: loss = 89.1789
2020-04-16 16:33:32,687 INFO [74.3] Epoch 351: loss = 88.8414
2020-04-16 16:34:51,574 INFO [78.9] Epoch 352: loss = 89.2846
2020-04-16 16:36:08,100 INFO [76.5] Epoch 353: loss = 89.0389
2020-04-16 16:37:24,018 INFO [75.9] Epoch 354: loss = 89.2223
2020-04-16 16:38:36,009 INFO [72.0] Epoch 355: loss = 89.3136
2020-04-16 16:39:59,511 INFO [83.5] Epoch 356: loss = 89.0247
2020-04-16 16:41:14,925 INFO [75.4] Epoch 357: loss = 89.0755
2020-04-16 16:42:28,390 INFO [73.5] Epoch 358: loss = 88.7954
2020-04-16 16:43:43,999 INFO [75.6] Epoch 359: loss = 88.8821
2020-04-16 16:43:44,000 INFO Start Evaling...
2020-04-16 16:44:10,494 INFO Head: mr:2954.0 mrr:8.04 hits:15.84
2020-04-16 16:44:10,496 INFO Tail: mr:537.7 mrr:31.58 hits:58.04
2020-04-16 16:44:10,496 INFO All: mr:1745.8 mrr:19.81 hits:36.94
2020-04-16 16:44:10,511 INFO Improved and model saved
2020-04-16 16:45:24,816 INFO [74.3] Epoch 360: loss = 88.8921
2020-04-16 16:46:42,438 INFO [77.6] Epoch 361: loss = 89.2887
2020-04-16 16:48:02,726 INFO [80.3] Epoch 362: loss = 88.8165
2020-04-16 16:49:23,377 INFO [80.6] Epoch 363: loss = 88.9939
2020-04-16 16:50:44,965 INFO [81.6] Epoch 364: loss = 89.1851
2020-04-16 16:51:59,723 INFO [74.8] Epoch 365: loss = 89.4013
2020-04-16 16:53:12,441 INFO [72.7] Epoch 366: loss = 88.6218
2020-04-16 16:54:23,873 INFO [71.4] Epoch 367: loss = 89.1108
2020-04-16 16:55:39,339 INFO [75.5] Epoch 368: loss = 88.9542
2020-04-16 16:56:53,946 INFO [74.6] Epoch 369: loss = 88.7539
2020-04-16 16:56:53,946 INFO Start Evaling...
2020-04-16 16:57:18,844 INFO Head: mr:3029.4 mrr:8.18 hits:15.96
2020-04-16 16:57:18,844 INFO Tail: mr:531.9 mrr:31.66 hits:58.08
2020-04-16 16:57:18,844 INFO All: mr:1780.7 mrr:19.92 hits:37.02
2020-04-16 16:57:18,852 INFO Improved and model saved
2020-04-16 16:58:28,179 INFO [69.3] Epoch 370: loss = 88.6350
2020-04-16 16:59:41,624 INFO [73.4] Epoch 371: loss = 88.6799
2020-04-16 17:01:04,997 INFO [83.4] Epoch 372: loss = 88.7000
2020-04-16 17:02:24,426 INFO [79.4] Epoch 373: loss = 89.0684
2020-04-16 17:03:46,670 INFO [82.2] Epoch 374: loss = 88.7627
2020-04-16 17:05:02,997 INFO [76.3] Epoch 375: loss = 88.8814
2020-04-16 17:06:17,298 INFO [74.3] Epoch 376: loss = 89.2434
2020-04-16 17:07:28,232 INFO [70.9] Epoch 377: loss = 88.6907
2020-04-16 17:08:39,093 INFO [70.9] Epoch 378: loss = 89.1926
2020-04-16 17:09:53,098 INFO [74.0] Epoch 379: loss = 88.4935
2020-04-16 17:09:53,099 INFO Start Evaling...
2020-04-16 17:10:19,414 INFO Head: mr:2982.6 mrr:8.01 hits:16.38
2020-04-16 17:10:19,415 INFO Tail: mr:519.2 mrr:31.87 hits:57.96
2020-04-16 17:10:19,415 INFO All: mr:1750.9 mrr:19.94 hits:37.17
2020-04-16 17:10:19,422 INFO Improved and model saved
2020-04-16 17:11:31,219 INFO [71.8] Epoch 380: loss = 88.7527
2020-04-16 17:12:44,284 INFO [73.1] Epoch 381: loss = 88.8068
2020-04-16 17:13:56,795 INFO [72.5] Epoch 382: loss = 88.2836
2020-04-16 17:15:13,021 INFO [76.2] Epoch 383: loss = 88.8223
2020-04-16 17:16:31,727 INFO [78.7] Epoch 384: loss = 88.8760
2020-04-16 17:17:47,113 INFO [75.4] Epoch 385: loss = 88.3921
2020-04-16 17:19:02,217 INFO [75.1] Epoch 386: loss = 88.9535
2020-04-16 17:20:16,623 INFO [74.4] Epoch 387: loss = 88.7759
2020-04-16 17:21:29,940 INFO [73.3] Epoch 388: loss = 88.5087
2020-04-16 17:22:44,339 INFO [74.4] Epoch 389: loss = 88.6439
2020-04-16 17:22:44,340 INFO Start Evaling...
2020-04-16 17:23:10,198 INFO Head: mr:2962.7 mrr:7.93 hits:16.16
2020-04-16 17:23:10,201 INFO Tail: mr:519.9 mrr:32.14 hits:59.22
2020-04-16 17:23:10,203 INFO All: mr:1741.3 mrr:20.04 hits:37.69
2020-04-16 17:23:10,212 INFO Improved and model saved
2020-04-16 17:24:22,053 INFO [71.8] Epoch 390: loss = 88.7727
2020-04-16 17:25:38,336 INFO [76.3] Epoch 391: loss = 88.7732
2020-04-16 17:26:52,241 INFO [73.9] Epoch 392: loss = 88.5611
2020-04-16 17:28:08,425 INFO [76.2] Epoch 393: loss = 88.6145
2020-04-16 17:29:25,024 INFO [76.6] Epoch 394: loss = 88.6369
2020-04-16 17:30:39,461 INFO [74.4] Epoch 395: loss = 88.5781
2020-04-16 17:31:57,703 INFO [78.2] Epoch 396: loss = 88.5159
2020-04-16 17:33:13,021 INFO [75.3] Epoch 397: loss = 88.1262
2020-04-16 17:34:27,715 INFO [74.7] Epoch 398: loss = 88.0245
2020-04-16 17:35:43,302 INFO [75.6] Epoch 399: loss = 88.7955
2020-04-16 17:35:43,302 INFO Start Evaling...
2020-04-16 17:36:08,630 INFO Head: mr:3017.0 mrr:7.84 hits:16.22
2020-04-16 17:36:08,630 INFO Tail: mr:519.1 mrr:31.90 hits:57.74
2020-04-16 17:36:08,630 INFO All: mr:1768.1 mrr:19.87 hits:36.98
2020-04-16 17:36:08,640 INFO Declined in recent 1 epochs
2020-04-16 17:37:25,421 INFO [76.8] Epoch 400: loss = 88.6939
2020-04-16 17:38:41,326 INFO [75.9] Epoch 401: loss = 88.6566
2020-04-16 17:39:57,365 INFO [76.0] Epoch 402: loss = 88.2762
2020-04-16 17:41:11,893 INFO [74.5] Epoch 403: loss = 88.4819
2020-04-16 17:42:33,208 INFO [81.3] Epoch 404: loss = 88.2570
2020-04-16 17:43:45,365 INFO [72.2] Epoch 405: loss = 88.0551
2020-04-16 17:44:59,560 INFO [74.2] Epoch 406: loss = 87.9789
2020-04-16 17:46:14,627 INFO [75.1] Epoch 407: loss = 88.1813
2020-04-16 17:47:29,704 INFO [75.1] Epoch 408: loss = 88.1670
2020-04-16 17:48:49,148 INFO [79.4] Epoch 409: loss = 88.3322
2020-04-16 17:48:49,148 INFO Start Evaling...
2020-04-16 17:49:15,327 INFO Head: mr:2888.5 mrr:7.88 hits:15.68
2020-04-16 17:49:15,327 INFO Tail: mr:526.2 mrr:31.77 hits:58.40
2020-04-16 17:49:15,327 INFO All: mr:1707.3 mrr:19.82 hits:37.04
2020-04-16 17:49:15,339 INFO Declined in recent 2 epochs
2020-04-16 17:50:24,760 INFO [69.4] Epoch 410: loss = 88.1808
2020-04-16 17:51:42,659 INFO [77.9] Epoch 411: loss = 88.1680
2020-04-16 17:52:58,225 INFO [75.6] Epoch 412: loss = 88.2310
2020-04-16 17:54:22,382 INFO [84.2] Epoch 413: loss = 88.5454
2020-04-16 17:55:45,946 INFO [83.6] Epoch 414: loss = 88.1033
2020-04-16 17:57:01,334 INFO [75.4] Epoch 415: loss = 88.0061
2020-04-16 17:58:25,593 INFO [84.3] Epoch 416: loss = 87.9178
2020-04-16 17:59:39,808 INFO [74.2] Epoch 417: loss = 87.6794
2020-04-16 18:00:56,698 INFO [76.9] Epoch 418: loss = 88.2821
2020-04-16 18:02:14,249 INFO [77.6] Epoch 419: loss = 87.9726
2020-04-16 18:02:14,249 INFO Start Evaling...
2020-04-16 18:02:40,100 INFO Head: mr:2970.7 mrr:8.21 hits:16.56
2020-04-16 18:02:40,101 INFO Tail: mr:518.6 mrr:32.04 hits:58.54
2020-04-16 18:02:40,101 INFO All: mr:1744.6 mrr:20.12 hits:37.55
2020-04-16 18:02:40,108 INFO Declined in recent 3 epochs
2020-04-16 18:03:52,412 INFO [72.3] Epoch 420: loss = 88.3460
2020-04-16 18:05:08,278 INFO [75.9] Epoch 421: loss = 88.2631
2020-04-16 18:06:27,113 INFO [78.8] Epoch 422: loss = 88.2559
2020-04-16 18:07:39,937 INFO [72.8] Epoch 423: loss = 88.0971
2020-04-16 18:08:52,478 INFO [72.5] Epoch 424: loss = 88.4127
2020-04-16 18:10:06,613 INFO [74.1] Epoch 425: loss = 88.1445
2020-04-16 18:11:23,583 INFO [77.0] Epoch 426: loss = 87.8563
2020-04-16 18:12:40,497 INFO [76.9] Epoch 427: loss = 88.1103
2020-04-16 18:13:54,110 INFO [73.6] Epoch 428: loss = 88.2172
2020-04-16 18:15:13,684 INFO [79.6] Epoch 429: loss = 87.7485
2020-04-16 18:15:13,684 INFO Start Evaling...
2020-04-16 18:15:39,840 INFO Head: mr:3030.2 mrr:8.15 hits:15.64
2020-04-16 18:15:39,840 INFO Tail: mr:516.7 mrr:31.65 hits:58.28
2020-04-16 18:15:39,840 INFO All: mr:1773.5 mrr:19.90 hits:36.96
2020-04-16 18:15:39,850 INFO Declined in recent 4 epochs
2020-04-16 18:16:51,970 INFO [72.1] Epoch 430: loss = 88.2405
2020-04-16 18:18:08,312 INFO [76.3] Epoch 431: loss = 87.8504
2020-04-16 18:19:25,864 INFO [77.6] Epoch 432: loss = 88.0819
2020-04-16 18:20:54,130 INFO [88.3] Epoch 433: loss = 88.0724
2020-04-16 18:22:06,822 INFO [72.7] Epoch 434: loss = 88.1972
2020-04-16 18:23:26,264 INFO [79.4] Epoch 435: loss = 88.2943
2020-04-16 18:24:44,234 INFO [78.0] Epoch 436: loss = 87.9612
2020-04-16 18:25:59,262 INFO [75.0] Epoch 437: loss = 88.0197
2020-04-16 18:27:12,865 INFO [73.6] Epoch 438: loss = 87.8560
2020-04-16 18:28:38,554 INFO [85.7] Epoch 439: loss = 87.7295
2020-04-16 18:28:38,554 INFO Start Evaling...
2020-04-16 18:29:03,479 INFO Head: mr:2930.4 mrr:8.25 hits:16.06
2020-04-16 18:29:03,480 INFO Tail: mr:532.8 mrr:32.13 hits:58.98
2020-04-16 18:29:03,480 INFO All: mr:1731.6 mrr:20.19 hits:37.52
2020-04-16 18:29:03,487 INFO Declined in recent 5 epochs
2020-04-16 18:29:03,487 INFO Early stopping
2020-04-16 18:29:03,487 INFO Train done
2020-04-16 18:29:03,506 INFO Start Evaling...
2020-04-16 18:29:27,757 INFO Head: mr:3019.4 mrr:8.39 hits:16.06
2020-04-16 18:29:27,757 INFO Tail: mr:435.6 mrr:30.89 hits:57.14
2020-04-16 18:29:27,757 INFO All: mr:1727.5 mrr:19.64 hits:36.60
