2020-04-16 09:05:17,848 INFO EPOCH: 1000
2020-04-16 09:05:17,848 INFO EVERY: 10
2020-04-16 09:05:17,848 INFO LR: 0.001
2020-04-16 09:05:17,848 INFO DIM: 64
2020-04-16 09:05:17,848 INFO BATCH_SIZE: 512
2020-04-16 09:05:17,848 INFO BATCH_SIZE2: 50
2020-04-16 09:05:17,848 INFO P: 1
2020-04-16 09:05:17,848 INFO CLIPPING_MAX_VALUE: 4.0
2020-04-16 09:05:17,848 INFO OPTIM: Adam
2020-04-16 09:05:17,848 INFO N_SAMPLE: 12
2020-04-16 09:05:17,848 INFO MODE: adve
2020-04-16 09:05:17,848 INFO GAMMA: 12.0
2020-04-16 09:05:17,848 INFO BERN: True
2020-04-16 09:05:17,848 INFO MARGIN: 4.0
2020-04-16 09:05:17,848 INFO REG: 1.0
2020-04-16 09:05:17,848 INFO LABEL_SMOOTH_EPS: 0.1
2020-04-16 09:05:17,848 INFO INPUT_DROP: 0.2
2020-04-16 09:05:17,848 INFO FEAT_DROP: 0.2
2020-04-16 09:05:17,848 INFO HIDD_DROP: 0.3
2020-04-16 09:05:17,848 INFO CHANNELS: 50
2020-04-16 09:05:17,849 INFO KERNEL_SIZE: 3
2020-04-16 09:05:17,849 INFO N_POOL: 100
2020-04-16 09:05:17,849 INFO MODEL_D: TransH
2020-04-16 09:05:17,849 INFO MODEL_G: DistMult
2020-04-16 09:05:17,849 INFO SCRATCH: False
2020-04-16 09:05:17,849 INFO D_FILE: None
2020-04-16 09:05:17,849 INFO G_FILE: None
2020-04-16 09:05:17,849 INFO PATH: data
2020-04-16 09:05:17,849 INFO DATA: YAGO3-10
2020-04-16 09:05:17,849 INFO EXP_PATH: experiment/YAGO3-10
2020-04-16 09:05:17,849 INFO MODEL: DistMult
2020-04-16 09:05:17,849 INFO V: 0
2020-04-16 09:05:17,849 INFO F: False
2020-04-16 09:05:17,849 INFO EVAL: False
2020-04-16 09:05:17,849 INFO TRAINED: False
2020-04-16 09:05:17,849 INFO PRETRAINED_NAME: None
2020-04-16 09:05:17,849 INFO EXP_NAME: DistMult-YAGO3-10-adve-0
2020-04-16 09:05:17,849 INFO --------------------------------------
2020-04-16 09:05:36,728 INFO Dataload done
2020-04-16 09:05:36,729 INFO --------------------------------------
2020-04-16 09:05:36,729 INFO N_ENTITY: 123182
2020-04-16 09:05:36,729 INFO N_RELATION: 37
2020-04-16 09:05:36,729 INFO --------------------------------------
2020-04-16 09:05:45,469 INFO Start Evaling...
2020-04-16 09:06:13,352 INFO Head: mr:59334.9 mrr:0.01 hits:0.00
2020-04-16 09:06:13,352 INFO Tail: mr:61065.0 mrr:0.01 hits:0.00
2020-04-16 09:06:13,352 INFO All: mr:60200.0 mrr:0.01 hits:0.00
2020-04-16 09:06:13,354 INFO Start Training...
2020-04-16 09:07:59,055 INFO [105.7] Epoch 0: loss = 655.4028
2020-04-16 09:09:37,669 INFO [98.6] Epoch 1: loss = 514.0893
2020-04-16 09:11:14,207 INFO [96.5] Epoch 2: loss = 429.1625
2020-04-16 09:12:43,316 INFO [89.1] Epoch 3: loss = 375.5110
2020-04-16 09:14:11,902 INFO [88.6] Epoch 4: loss = 344.8089
2020-04-16 09:15:42,385 INFO [90.5] Epoch 5: loss = 325.4645
2020-04-16 09:17:16,070 INFO [93.7] Epoch 6: loss = 311.6548
2020-04-16 09:18:50,900 INFO [94.8] Epoch 7: loss = 301.5101
2020-04-16 09:20:23,756 INFO [92.9] Epoch 8: loss = 292.5444
2020-04-16 09:22:03,509 INFO [99.8] Epoch 9: loss = 285.7845
2020-04-16 09:22:03,509 INFO Start Evaling...
2020-04-16 09:22:28,363 INFO Head: mr:4866.8 mrr:2.70 hits:6.40
2020-04-16 09:22:28,363 INFO Tail: mr:996.4 mrr:17.34 hits:33.80
2020-04-16 09:22:28,364 INFO All: mr:2931.6 mrr:10.02 hits:20.10
2020-04-16 09:22:28,366 INFO Improved and model saved
2020-04-16 09:23:58,274 INFO [89.9] Epoch 10: loss = 280.3224
2020-04-16 09:25:32,754 INFO [94.5] Epoch 11: loss = 275.7730
2020-04-16 09:27:09,970 INFO [97.2] Epoch 12: loss = 270.5075
2020-04-16 09:28:40,391 INFO [90.4] Epoch 13: loss = 266.1439
2020-04-16 09:30:16,870 INFO [96.5] Epoch 14: loss = 263.3078
2020-04-16 09:31:50,148 INFO [93.3] Epoch 15: loss = 259.5519
2020-04-16 09:33:57,677 INFO [127.5] Epoch 16: loss = 256.5029
2020-04-16 09:35:34,958 INFO [97.3] Epoch 17: loss = 253.1550
2020-04-16 09:37:16,545 INFO [101.6] Epoch 18: loss = 250.4239
2020-04-16 09:38:50,149 INFO [93.6] Epoch 19: loss = 248.3857
2020-04-16 09:38:50,149 INFO Start Evaling...
2020-04-16 09:39:15,036 INFO Head: mr:3865.2 mrr:3.67 hits:7.84
2020-04-16 09:39:15,039 INFO Tail: mr:838.6 mrr:19.78 hits:36.82
2020-04-16 09:39:15,042 INFO All: mr:2351.9 mrr:11.73 hits:22.33
2020-04-16 09:39:15,048 INFO Improved and model saved
2020-04-16 09:41:00,572 INFO [105.4] Epoch 20: loss = 246.1007
2020-04-16 09:42:52,632 INFO [112.1] Epoch 21: loss = 243.8317
2020-04-16 09:44:35,223 INFO [102.6] Epoch 22: loss = 241.3948
2020-04-16 09:46:10,499 INFO [95.3] Epoch 23: loss = 239.3327
2020-04-16 09:47:54,692 INFO [104.2] Epoch 24: loss = 237.7602
2020-04-16 09:49:28,684 INFO [94.0] Epoch 25: loss = 236.6257
2020-04-16 09:51:11,188 INFO [102.5] Epoch 26: loss = 234.8646
2020-04-16 09:52:48,288 INFO [97.1] Epoch 27: loss = 232.6244
2020-04-16 09:54:18,407 INFO [90.1] Epoch 28: loss = 230.9878
2020-04-16 09:55:53,450 INFO [95.0] Epoch 29: loss = 230.4034
2020-04-16 09:55:53,451 INFO Start Evaling...
2020-04-16 09:56:19,529 INFO Head: mr:3289.1 mrr:4.12 hits:8.48
2020-04-16 09:56:19,530 INFO Tail: mr:769.3 mrr:21.14 hits:38.36
2020-04-16 09:56:19,530 INFO All: mr:2029.2 mrr:12.63 hits:23.42
2020-04-16 09:56:19,534 INFO Improved and model saved
2020-04-16 09:57:54,040 INFO [94.4] Epoch 30: loss = 228.9632
2020-04-16 09:59:27,117 INFO [93.1] Epoch 31: loss = 227.7824
2020-04-16 10:01:05,046 INFO [97.9] Epoch 32: loss = 226.0540
2020-04-16 10:02:41,369 INFO [96.3] Epoch 33: loss = 226.1926
2020-04-16 10:04:08,995 INFO [87.6] Epoch 34: loss = 224.3489
2020-04-16 10:05:44,332 INFO [95.3] Epoch 35: loss = 223.1246
2020-04-16 10:07:36,442 INFO [112.1] Epoch 36: loss = 222.5340
2020-04-16 10:09:14,973 INFO [98.5] Epoch 37: loss = 221.5509
2020-04-16 10:10:48,876 INFO [93.9] Epoch 38: loss = 220.7417
2020-04-16 10:12:23,471 INFO [94.6] Epoch 39: loss = 219.4580
2020-04-16 10:12:23,471 INFO Start Evaling...
2020-04-16 10:12:50,179 INFO Head: mr:3182.4 mrr:4.16 hits:8.66
2020-04-16 10:12:50,182 INFO Tail: mr:805.5 mrr:21.74 hits:39.36
2020-04-16 10:12:50,184 INFO All: mr:1993.9 mrr:12.95 hits:24.01
2020-04-16 10:12:50,191 INFO Improved and model saved
2020-04-16 10:14:26,520 INFO [96.3] Epoch 40: loss = 218.3064
2020-04-16 10:16:05,300 INFO [98.8] Epoch 41: loss = 218.0736
2020-04-16 10:17:41,156 INFO [95.9] Epoch 42: loss = 217.5030
2020-04-16 10:19:18,502 INFO [97.3] Epoch 43: loss = 216.0293
2020-04-16 10:20:55,000 INFO [96.5] Epoch 44: loss = 215.5288
2020-04-16 10:22:35,665 INFO [100.7] Epoch 45: loss = 214.3594
2020-04-16 10:24:11,731 INFO [96.1] Epoch 46: loss = 214.2086
2020-04-16 10:25:54,591 INFO [102.9] Epoch 47: loss = 213.5649
2020-04-16 10:27:41,009 INFO [106.4] Epoch 48: loss = 213.3207
2020-04-16 10:29:14,009 INFO [93.0] Epoch 49: loss = 212.3628
2020-04-16 10:29:14,009 INFO Start Evaling...
2020-04-16 10:29:39,473 INFO Head: mr:3002.1 mrr:4.52 hits:8.98
2020-04-16 10:29:39,473 INFO Tail: mr:772.6 mrr:21.22 hits:38.66
2020-04-16 10:29:39,473 INFO All: mr:1887.4 mrr:12.87 hits:23.82
2020-04-16 10:29:39,477 INFO Declined in recent 1 epochs
2020-04-16 10:31:19,898 INFO [100.4] Epoch 50: loss = 211.5737
2020-04-16 10:32:59,647 INFO [99.7] Epoch 51: loss = 211.1954
2020-04-16 10:34:34,221 INFO [94.6] Epoch 52: loss = 210.9684
2020-04-16 10:36:16,939 INFO [102.7] Epoch 53: loss = 210.2760
2020-04-16 10:37:56,115 INFO [99.2] Epoch 54: loss = 209.4469
2020-04-16 10:39:30,035 INFO [93.9] Epoch 55: loss = 208.9396
2020-04-16 10:40:56,167 INFO [86.1] Epoch 56: loss = 208.1565
2020-04-16 10:42:37,798 INFO [101.6] Epoch 57: loss = 207.9231
2020-04-16 10:44:17,076 INFO [99.3] Epoch 58: loss = 207.9882
2020-04-16 10:45:50,294 INFO [93.2] Epoch 59: loss = 206.8140
2020-04-16 10:45:50,295 INFO Start Evaling...
2020-04-16 10:46:14,960 INFO Head: mr:2976.9 mrr:4.58 hits:9.28
2020-04-16 10:46:14,962 INFO Tail: mr:702.0 mrr:21.92 hits:40.30
2020-04-16 10:46:14,962 INFO All: mr:1839.4 mrr:13.25 hits:24.79
2020-04-16 10:46:14,966 INFO Improved and model saved
2020-04-16 10:47:52,833 INFO [97.8] Epoch 60: loss = 206.6223
2020-04-16 10:49:31,783 INFO [98.9] Epoch 61: loss = 206.1778
2020-04-16 10:51:06,438 INFO [94.7] Epoch 62: loss = 205.3367
2020-04-16 10:52:43,124 INFO [96.7] Epoch 63: loss = 205.5790
2020-04-16 10:54:20,032 INFO [96.9] Epoch 64: loss = 205.3561
2020-04-16 10:56:08,527 INFO [108.5] Epoch 65: loss = 204.1332
2020-04-16 10:57:47,686 INFO [99.2] Epoch 66: loss = 204.1163
2020-04-16 10:59:39,965 INFO [112.3] Epoch 67: loss = 203.7923
2020-04-16 11:01:11,810 INFO [91.8] Epoch 68: loss = 203.2702
2020-04-16 11:02:46,241 INFO [94.4] Epoch 69: loss = 202.8686
2020-04-16 11:02:46,241 INFO Start Evaling...
2020-04-16 11:03:11,343 INFO Head: mr:2829.3 mrr:4.61 hits:9.72
2020-04-16 11:03:11,344 INFO Tail: mr:703.7 mrr:21.84 hits:39.42
2020-04-16 11:03:11,346 INFO All: mr:1766.5 mrr:13.23 hits:24.57
2020-04-16 11:03:11,351 INFO Declined in recent 1 epochs
2020-04-16 11:04:44,782 INFO [93.4] Epoch 70: loss = 202.8133
2020-04-16 11:06:27,401 INFO [102.6] Epoch 71: loss = 201.9811
2020-04-16 11:08:03,289 INFO [95.9] Epoch 72: loss = 201.8147
2020-04-16 11:09:45,813 INFO [102.5] Epoch 73: loss = 201.5586
2020-04-16 11:11:24,842 INFO [99.0] Epoch 74: loss = 201.4489
2020-04-16 11:13:04,247 INFO [99.4] Epoch 75: loss = 200.9760
2020-04-16 11:14:44,168 INFO [99.9] Epoch 76: loss = 200.8312
2020-04-16 11:16:17,055 INFO [92.9] Epoch 77: loss = 199.8616
2020-04-16 11:17:45,396 INFO [88.3] Epoch 78: loss = 200.2649
2020-04-16 11:19:22,972 INFO [97.6] Epoch 79: loss = 199.8293
2020-04-16 11:19:22,973 INFO Start Evaling...
2020-04-16 11:19:48,644 INFO Head: mr:2707.9 mrr:4.74 hits:9.60
2020-04-16 11:19:48,644 INFO Tail: mr:701.9 mrr:21.17 hits:40.52
2020-04-16 11:19:48,644 INFO All: mr:1704.9 mrr:12.95 hits:25.06
2020-04-16 11:19:48,647 INFO Improved and model saved
2020-04-16 11:21:18,348 INFO [89.7] Epoch 80: loss = 199.1363
2020-04-16 11:22:47,145 INFO [88.8] Epoch 81: loss = 199.2197
2020-04-16 11:24:16,408 INFO [89.3] Epoch 82: loss = 198.5336
2020-04-16 11:25:54,198 INFO [97.8] Epoch 83: loss = 198.1005
2020-04-16 11:27:26,081 INFO [91.9] Epoch 84: loss = 198.1644
2020-04-16 11:29:03,143 INFO [97.1] Epoch 85: loss = 198.3800
2020-04-16 11:30:34,785 INFO [91.6] Epoch 86: loss = 197.8129
2020-04-16 11:32:15,628 INFO [100.8] Epoch 87: loss = 197.5707
2020-04-16 11:33:52,954 INFO [97.3] Epoch 88: loss = 197.5441
2020-04-16 11:35:31,726 INFO [98.8] Epoch 89: loss = 196.8016
2020-04-16 11:35:31,727 INFO Start Evaling...
2020-04-16 11:35:56,935 INFO Head: mr:2534.6 mrr:4.70 hits:10.04
2020-04-16 11:35:56,936 INFO Tail: mr:653.2 mrr:21.55 hits:40.70
2020-04-16 11:35:56,936 INFO All: mr:1593.9 mrr:13.13 hits:25.37
2020-04-16 11:35:56,940 INFO Improved and model saved
2020-04-16 11:37:26,394 INFO [89.4] Epoch 90: loss = 196.3690
2020-04-16 11:38:54,308 INFO [87.9] Epoch 91: loss = 195.4964
2020-04-16 11:40:23,684 INFO [89.4] Epoch 92: loss = 196.7323
2020-04-16 11:41:53,395 INFO [89.7] Epoch 93: loss = 196.2968
2020-04-16 11:43:23,677 INFO [90.3] Epoch 94: loss = 195.8884
2020-04-16 11:44:52,785 INFO [89.1] Epoch 95: loss = 195.3514
2020-04-16 11:46:31,056 INFO [98.3] Epoch 96: loss = 195.1405
2020-04-16 11:48:00,632 INFO [89.6] Epoch 97: loss = 195.4370
2020-04-16 11:49:35,824 INFO [95.2] Epoch 98: loss = 194.9281
2020-04-16 11:51:07,052 INFO [91.2] Epoch 99: loss = 194.6624
2020-04-16 11:51:07,053 INFO Start Evaling...
2020-04-16 11:51:32,863 INFO Head: mr:2476.7 mrr:4.84 hits:9.96
2020-04-16 11:51:32,867 INFO Tail: mr:651.1 mrr:21.57 hits:40.76
2020-04-16 11:51:32,869 INFO All: mr:1563.9 mrr:13.20 hits:25.36
2020-04-16 11:51:32,876 INFO Declined in recent 1 epochs
2020-04-16 11:53:20,421 INFO [107.5] Epoch 100: loss = 194.6613
2020-04-16 11:54:47,079 INFO [86.7] Epoch 101: loss = 194.4902
2020-04-16 11:56:13,721 INFO [86.6] Epoch 102: loss = 194.4644
2020-04-16 11:57:40,551 INFO [86.8] Epoch 103: loss = 194.3617
2020-04-16 11:59:11,168 INFO [90.6] Epoch 104: loss = 193.6485
2020-04-16 12:00:37,653 INFO [86.5] Epoch 105: loss = 193.7740
2020-04-16 12:01:59,963 INFO [82.3] Epoch 106: loss = 194.0401
2020-04-16 12:03:31,361 INFO [91.4] Epoch 107: loss = 192.6120
2020-04-16 12:04:59,872 INFO [88.5] Epoch 108: loss = 192.9992
2020-04-16 12:06:25,114 INFO [85.2] Epoch 109: loss = 192.8942
2020-04-16 12:06:25,114 INFO Start Evaling...
2020-04-16 12:06:49,084 INFO Head: mr:2516.7 mrr:4.96 hits:10.06
2020-04-16 12:06:49,085 INFO Tail: mr:643.7 mrr:22.15 hits:41.26
2020-04-16 12:06:49,085 INFO All: mr:1580.2 mrr:13.55 hits:25.66
2020-04-16 12:06:49,090 INFO Improved and model saved
2020-04-16 12:08:13,082 INFO [83.9] Epoch 110: loss = 192.8853
2020-04-16 12:09:36,776 INFO [83.7] Epoch 111: loss = 192.4276
2020-04-16 12:11:05,320 INFO [88.5] Epoch 112: loss = 192.3583
2020-04-16 12:12:37,373 INFO [92.1] Epoch 113: loss = 191.8932
2020-04-16 12:14:00,408 INFO [83.0] Epoch 114: loss = 191.6173
2020-04-16 12:15:27,028 INFO [86.6] Epoch 115: loss = 192.1798
2020-04-16 12:16:54,134 INFO [87.1] Epoch 116: loss = 192.7174
2020-04-16 12:18:20,193 INFO [86.1] Epoch 117: loss = 191.7669
2020-04-16 12:19:53,195 INFO [93.0] Epoch 118: loss = 191.2559
2020-04-16 12:21:20,345 INFO [87.1] Epoch 119: loss = 191.2690
2020-04-16 12:21:20,345 INFO Start Evaling...
2020-04-16 12:21:44,004 INFO Head: mr:2534.3 mrr:4.86 hits:9.92
2020-04-16 12:21:44,004 INFO Tail: mr:646.7 mrr:22.09 hits:40.84
2020-04-16 12:21:44,004 INFO All: mr:1590.5 mrr:13.47 hits:25.38
2020-04-16 12:21:44,006 INFO Declined in recent 1 epochs
2020-04-16 12:23:12,887 INFO [88.9] Epoch 120: loss = 191.2682
2020-04-16 12:24:44,467 INFO [91.6] Epoch 121: loss = 190.7753
2020-04-16 12:26:15,625 INFO [91.2] Epoch 122: loss = 190.7321
2020-04-16 12:27:44,822 INFO [89.2] Epoch 123: loss = 191.2000
2020-04-16 12:29:18,310 INFO [93.5] Epoch 124: loss = 190.2878
2020-04-16 12:30:46,598 INFO [88.3] Epoch 125: loss = 190.4813
2020-04-16 12:32:12,496 INFO [85.9] Epoch 126: loss = 190.0060
2020-04-16 12:33:44,869 INFO [92.4] Epoch 127: loss = 190.1000
2020-04-16 12:35:18,569 INFO [93.7] Epoch 128: loss = 190.0567
2020-04-16 12:36:45,103 INFO [86.5] Epoch 129: loss = 189.8955
2020-04-16 12:36:45,103 INFO Start Evaling...
2020-04-16 12:37:10,092 INFO Head: mr:2503.1 mrr:5.19 hits:10.54
2020-04-16 12:37:10,092 INFO Tail: mr:669.4 mrr:21.92 hits:41.16
2020-04-16 12:37:10,092 INFO All: mr:1586.3 mrr:13.56 hits:25.85
2020-04-16 12:37:10,095 INFO Improved and model saved
2020-04-16 12:38:43,686 INFO [93.5] Epoch 130: loss = 189.3192
2020-04-16 12:40:07,578 INFO [83.9] Epoch 131: loss = 189.2696
2020-04-16 12:41:38,628 INFO [91.1] Epoch 132: loss = 189.2913
2020-04-16 12:43:07,800 INFO [89.2] Epoch 133: loss = 189.1587
2020-04-16 12:44:34,609 INFO [86.8] Epoch 134: loss = 188.9020
2020-04-16 12:46:05,431 INFO [90.8] Epoch 135: loss = 189.1990
2020-04-16 12:47:33,959 INFO [88.5] Epoch 136: loss = 188.5631
2020-04-16 12:49:02,897 INFO [88.9] Epoch 137: loss = 189.1756
2020-04-16 12:50:35,293 INFO [92.4] Epoch 138: loss = 189.1094
2020-04-16 12:52:09,001 INFO [93.7] Epoch 139: loss = 188.0810
2020-04-16 12:52:09,002 INFO Start Evaling...
2020-04-16 12:52:33,937 INFO Head: mr:2490.2 mrr:5.31 hits:10.40
2020-04-16 12:52:33,937 INFO Tail: mr:634.8 mrr:22.61 hits:42.84
2020-04-16 12:52:33,937 INFO All: mr:1562.5 mrr:13.96 hits:26.62
2020-04-16 12:52:33,941 INFO Improved and model saved
2020-04-16 12:54:02,968 INFO [89.0] Epoch 140: loss = 188.7633
2020-04-16 12:55:25,935 INFO [83.0] Epoch 141: loss = 187.8360
2020-04-16 12:56:53,862 INFO [87.9] Epoch 142: loss = 188.3871
2020-04-16 12:58:25,579 INFO [91.7] Epoch 143: loss = 188.4809
2020-04-16 12:59:52,060 INFO [86.5] Epoch 144: loss = 187.7304
2020-04-16 13:01:20,153 INFO [88.1] Epoch 145: loss = 187.9890
2020-04-16 13:02:47,732 INFO [87.6] Epoch 146: loss = 187.6067
2020-04-16 13:04:16,042 INFO [88.3] Epoch 147: loss = 187.5784
2020-04-16 13:05:42,525 INFO [86.5] Epoch 148: loss = 186.7954
2020-04-16 13:07:18,438 INFO [95.9] Epoch 149: loss = 187.3992
2020-04-16 13:07:18,438 INFO Start Evaling...
2020-04-16 13:07:43,308 INFO Head: mr:2615.3 mrr:5.53 hits:11.32
2020-04-16 13:07:43,309 INFO Tail: mr:627.2 mrr:22.96 hits:41.46
2020-04-16 13:07:43,309 INFO All: mr:1621.2 mrr:14.25 hits:26.39
2020-04-16 13:07:43,314 INFO Declined in recent 1 epochs
2020-04-16 13:09:16,334 INFO [93.0] Epoch 150: loss = 188.2764
2020-04-16 13:10:48,005 INFO [91.7] Epoch 151: loss = 187.3166
2020-04-16 13:12:26,912 INFO [98.9] Epoch 152: loss = 187.3351
2020-04-16 13:13:55,616 INFO [88.7] Epoch 153: loss = 186.9502
2020-04-16 13:15:23,242 INFO [87.6] Epoch 154: loss = 187.0166
2020-04-16 13:16:49,939 INFO [86.7] Epoch 155: loss = 186.9385
2020-04-16 13:18:23,284 INFO [93.3] Epoch 156: loss = 187.4936
2020-04-16 13:19:46,194 INFO [82.9] Epoch 157: loss = 186.6688
2020-04-16 13:21:17,718 INFO [91.5] Epoch 158: loss = 187.0027
2020-04-16 13:22:52,651 INFO [94.9] Epoch 159: loss = 186.9414
2020-04-16 13:22:52,652 INFO Start Evaling...
2020-04-16 13:23:16,535 INFO Head: mr:2488.3 mrr:4.93 hits:10.08
2020-04-16 13:23:16,536 INFO Tail: mr:613.6 mrr:22.15 hits:42.62
2020-04-16 13:23:16,536 INFO All: mr:1551.0 mrr:13.54 hits:26.35
2020-04-16 13:23:16,539 INFO Declined in recent 2 epochs
2020-04-16 13:24:40,080 INFO [83.5] Epoch 160: loss = 186.4604
2020-04-16 13:26:09,452 INFO [89.4] Epoch 161: loss = 185.9214
2020-04-16 13:27:43,099 INFO [93.6] Epoch 162: loss = 186.5918
2020-04-16 13:29:21,856 INFO [98.8] Epoch 163: loss = 186.0975
2020-04-16 13:31:02,003 INFO [100.1] Epoch 164: loss = 185.8094
2020-04-16 13:32:32,554 INFO [90.6] Epoch 165: loss = 185.6911
2020-04-16 13:34:02,958 INFO [90.4] Epoch 166: loss = 185.3616
2020-04-16 13:35:34,615 INFO [91.7] Epoch 167: loss = 186.0360
2020-04-16 13:37:12,140 INFO [97.5] Epoch 168: loss = 185.0808
2020-04-16 13:38:50,291 INFO [98.2] Epoch 169: loss = 185.6036
2020-04-16 13:38:50,292 INFO Start Evaling...
2020-04-16 13:39:16,037 INFO Head: mr:2457.8 mrr:5.25 hits:10.48
2020-04-16 13:39:16,038 INFO Tail: mr:604.7 mrr:23.08 hits:43.32
2020-04-16 13:39:16,038 INFO All: mr:1531.2 mrr:14.16 hits:26.90
2020-04-16 13:39:16,042 INFO Improved and model saved
2020-04-16 13:40:49,703 INFO [93.6] Epoch 170: loss = 185.2674
2020-04-16 13:42:28,634 INFO [98.9] Epoch 171: loss = 185.5379
2020-04-16 13:44:03,301 INFO [94.7] Epoch 172: loss = 185.5492
2020-04-16 13:45:34,809 INFO [91.5] Epoch 173: loss = 185.0581
2020-04-16 13:47:04,708 INFO [89.9] Epoch 174: loss = 185.0448
2020-04-16 13:48:41,381 INFO [96.7] Epoch 175: loss = 184.2604
2020-04-16 13:50:14,446 INFO [93.1] Epoch 176: loss = 184.9519
2020-04-16 13:51:54,224 INFO [99.8] Epoch 177: loss = 185.3010
2020-04-16 13:53:27,713 INFO [93.5] Epoch 178: loss = 184.6948
2020-04-16 13:55:01,517 INFO [93.8] Epoch 179: loss = 184.6019
2020-04-16 13:55:01,518 INFO Start Evaling...
2020-04-16 13:55:26,913 INFO Head: mr:2508.5 mrr:5.30 hits:10.38
2020-04-16 13:55:26,914 INFO Tail: mr:610.8 mrr:22.99 hits:42.98
2020-04-16 13:55:26,914 INFO All: mr:1559.6 mrr:14.14 hits:26.68
2020-04-16 13:55:26,916 INFO Declined in recent 1 epochs
2020-04-16 13:57:03,911 INFO [97.0] Epoch 180: loss = 184.0018
2020-04-16 13:58:36,167 INFO [92.3] Epoch 181: loss = 184.3859
2020-04-16 14:00:09,084 INFO [92.9] Epoch 182: loss = 184.1672
2020-04-16 14:01:45,561 INFO [96.5] Epoch 183: loss = 184.1887
2020-04-16 14:03:22,713 INFO [97.2] Epoch 184: loss = 184.1705
2020-04-16 14:04:54,678 INFO [92.0] Epoch 185: loss = 184.4988
2020-04-16 14:06:29,009 INFO [94.3] Epoch 186: loss = 184.1295
2020-04-16 14:08:07,115 INFO [98.1] Epoch 187: loss = 184.1639
2020-04-16 14:09:39,421 INFO [92.3] Epoch 188: loss = 183.6008
2020-04-16 14:11:14,736 INFO [95.3] Epoch 189: loss = 184.1610
2020-04-16 14:11:14,737 INFO Start Evaling...
2020-04-16 14:11:40,362 INFO Head: mr:2482.5 mrr:5.54 hits:10.98
2020-04-16 14:11:40,365 INFO Tail: mr:606.8 mrr:22.77 hits:42.62
2020-04-16 14:11:40,366 INFO All: mr:1544.6 mrr:14.16 hits:26.80
2020-04-16 14:11:40,370 INFO Declined in recent 2 epochs
2020-04-16 14:13:13,785 INFO [93.4] Epoch 190: loss = 183.7652
2020-04-16 14:14:43,861 INFO [90.1] Epoch 191: loss = 183.8773
2020-04-16 14:16:17,988 INFO [94.1] Epoch 192: loss = 183.9308
2020-04-16 14:17:51,798 INFO [93.8] Epoch 193: loss = 184.1897
2020-04-16 14:19:22,072 INFO [90.3] Epoch 194: loss = 183.6146
2020-04-16 14:20:48,245 INFO [86.2] Epoch 195: loss = 183.1487
2020-04-16 14:22:23,933 INFO [95.7] Epoch 196: loss = 183.7285
2020-04-16 14:23:52,915 INFO [89.0] Epoch 197: loss = 183.6785
2020-04-16 14:25:28,362 INFO [95.4] Epoch 198: loss = 183.2199
2020-04-16 14:27:08,244 INFO [99.9] Epoch 199: loss = 183.5353
2020-04-16 14:27:08,245 INFO Start Evaling...
2020-04-16 14:27:33,789 INFO Head: mr:2568.5 mrr:5.21 hits:10.20
2020-04-16 14:27:33,790 INFO Tail: mr:602.8 mrr:22.39 hits:41.98
2020-04-16 14:27:33,790 INFO All: mr:1585.7 mrr:13.80 hits:26.09
2020-04-16 14:27:33,793 INFO Declined in recent 3 epochs
2020-04-16 14:29:06,383 INFO [92.6] Epoch 200: loss = 183.7865
2020-04-16 14:30:40,420 INFO [94.0] Epoch 201: loss = 183.5995
2020-04-16 14:32:19,297 INFO [98.9] Epoch 202: loss = 183.1984
2020-04-16 14:33:54,626 INFO [95.3] Epoch 203: loss = 183.7086
2020-04-16 14:35:32,459 INFO [97.8] Epoch 204: loss = 183.9147
2020-04-16 14:37:09,290 INFO [96.8] Epoch 205: loss = 182.8348
2020-04-16 14:38:37,509 INFO [88.2] Epoch 206: loss = 182.8981
2020-04-16 14:40:18,050 INFO [100.5] Epoch 207: loss = 182.5850
2020-04-16 14:41:58,876 INFO [100.8] Epoch 208: loss = 182.7264
2020-04-16 14:43:35,563 INFO [96.7] Epoch 209: loss = 183.1361
2020-04-16 14:43:35,564 INFO Start Evaling...
2020-04-16 14:44:01,964 INFO Head: mr:2450.5 mrr:5.39 hits:10.42
2020-04-16 14:44:01,964 INFO Tail: mr:605.8 mrr:23.01 hits:43.08
2020-04-16 14:44:01,964 INFO All: mr:1528.1 mrr:14.20 hits:26.75
2020-04-16 14:44:01,967 INFO Declined in recent 4 epochs
2020-04-16 14:45:31,991 INFO [90.0] Epoch 210: loss = 182.8809
2020-04-16 14:47:11,274 INFO [99.3] Epoch 211: loss = 183.0245
2020-04-16 14:48:42,805 INFO [91.5] Epoch 212: loss = 182.2899
2020-04-16 14:50:17,961 INFO [95.2] Epoch 213: loss = 182.4323
2020-04-16 14:51:43,606 INFO [85.6] Epoch 214: loss = 182.4469
2020-04-16 14:53:20,224 INFO [96.6] Epoch 215: loss = 182.7375
2020-04-16 14:54:52,673 INFO [92.4] Epoch 216: loss = 181.8952
2020-04-16 14:56:30,915 INFO [98.2] Epoch 217: loss = 182.0838
2020-04-16 14:58:03,799 INFO [92.9] Epoch 218: loss = 182.8446
2020-04-16 14:59:33,195 INFO [89.4] Epoch 219: loss = 182.1576
2020-04-16 14:59:33,196 INFO Start Evaling...
2020-04-16 15:00:00,130 INFO Head: mr:2509.0 mrr:5.50 hits:10.70
2020-04-16 15:00:00,130 INFO Tail: mr:583.6 mrr:23.54 hits:43.76
2020-04-16 15:00:00,131 INFO All: mr:1546.3 mrr:14.52 hits:27.23
2020-04-16 15:00:00,135 INFO Improved and model saved
2020-04-16 15:01:32,076 INFO [91.9] Epoch 220: loss = 181.7840
2020-04-16 15:03:03,467 INFO [91.4] Epoch 221: loss = 182.3949
2020-04-16 15:04:42,451 INFO [99.0] Epoch 222: loss = 182.7000
2020-04-16 15:06:15,018 INFO [92.6] Epoch 223: loss = 182.2998
2020-04-16 15:07:46,711 INFO [91.7] Epoch 224: loss = 181.5319
2020-04-16 15:09:20,663 INFO [94.0] Epoch 225: loss = 182.1529
2020-04-16 15:10:56,819 INFO [96.2] Epoch 226: loss = 181.7124
2020-04-16 15:12:36,357 INFO [99.5] Epoch 227: loss = 181.8678
2020-04-16 15:14:06,860 INFO [90.5] Epoch 228: loss = 181.7313
2020-04-16 15:15:47,068 INFO [100.2] Epoch 229: loss = 181.7276
2020-04-16 15:15:47,069 INFO Start Evaling...
2020-04-16 15:16:12,690 INFO Head: mr:2472.6 mrr:5.10 hits:10.24
2020-04-16 15:16:12,691 INFO Tail: mr:585.5 mrr:22.67 hits:42.88
2020-04-16 15:16:12,691 INFO All: mr:1529.0 mrr:13.88 hits:26.56
2020-04-16 15:16:12,695 INFO Declined in recent 1 epochs
2020-04-16 15:17:50,325 INFO [97.6] Epoch 230: loss = 181.2974
2020-04-16 15:19:23,672 INFO [93.3] Epoch 231: loss = 181.8562
2020-04-16 15:20:56,535 INFO [92.9] Epoch 232: loss = 181.5451
2020-04-16 15:22:28,126 INFO [91.6] Epoch 233: loss = 180.9680
2020-04-16 15:24:05,863 INFO [97.7] Epoch 234: loss = 181.6631
2020-04-16 15:25:33,914 INFO [88.0] Epoch 235: loss = 181.9082
2020-04-16 15:27:08,070 INFO [94.2] Epoch 236: loss = 181.2242
2020-04-16 15:28:38,150 INFO [90.1] Epoch 237: loss = 181.1243
2020-04-16 15:30:14,479 INFO [96.3] Epoch 238: loss = 180.9386
2020-04-16 15:31:42,429 INFO [87.9] Epoch 239: loss = 181.3697
2020-04-16 15:31:42,429 INFO Start Evaling...
2020-04-16 15:32:08,124 INFO Head: mr:2494.8 mrr:5.26 hits:10.58
2020-04-16 15:32:08,124 INFO Tail: mr:573.7 mrr:22.95 hits:43.32
2020-04-16 15:32:08,124 INFO All: mr:1534.2 mrr:14.11 hits:26.95
2020-04-16 15:32:08,127 INFO Declined in recent 2 epochs
2020-04-16 15:33:48,181 INFO [100.1] Epoch 240: loss = 181.2449
2020-04-16 15:35:24,132 INFO [95.9] Epoch 241: loss = 180.9065
2020-04-16 15:36:57,713 INFO [93.6] Epoch 242: loss = 181.2581
2020-04-16 15:38:27,205 INFO [89.5] Epoch 243: loss = 180.9015
2020-04-16 15:40:01,513 INFO [94.3] Epoch 244: loss = 181.3206
2020-04-16 15:41:37,401 INFO [95.9] Epoch 245: loss = 181.0670
2020-04-16 15:43:08,097 INFO [90.7] Epoch 246: loss = 180.9158
2020-04-16 15:44:38,283 INFO [90.2] Epoch 247: loss = 181.0712
2020-04-16 15:46:16,776 INFO [98.5] Epoch 248: loss = 181.0344
2020-04-16 15:47:48,134 INFO [91.4] Epoch 249: loss = 180.7316
2020-04-16 15:47:48,135 INFO Start Evaling...
2020-04-16 15:48:14,240 INFO Head: mr:2378.4 mrr:5.38 hits:10.80
2020-04-16 15:48:14,240 INFO Tail: mr:586.3 mrr:22.80 hits:42.42
2020-04-16 15:48:14,240 INFO All: mr:1482.3 mrr:14.09 hits:26.61
2020-04-16 15:48:14,243 INFO Declined in recent 3 epochs
2020-04-16 15:49:49,242 INFO [95.0] Epoch 250: loss = 180.5685
2020-04-16 15:51:19,902 INFO [90.7] Epoch 251: loss = 180.3119
2020-04-16 15:52:50,732 INFO [90.8] Epoch 252: loss = 180.4974
2020-04-16 15:54:24,803 INFO [94.1] Epoch 253: loss = 180.1544
2020-04-16 15:55:55,737 INFO [90.9] Epoch 254: loss = 180.7233
2020-04-16 15:57:28,204 INFO [92.5] Epoch 255: loss = 180.0041
2020-04-16 15:59:05,243 INFO [97.0] Epoch 256: loss = 179.9674
2020-04-16 16:00:34,704 INFO [89.5] Epoch 257: loss = 180.8413
2020-04-16 16:02:02,974 INFO [88.3] Epoch 258: loss = 180.7214
2020-04-16 16:03:37,593 INFO [94.6] Epoch 259: loss = 179.7755
2020-04-16 16:03:37,594 INFO Start Evaling...
2020-04-16 16:04:03,591 INFO Head: mr:2403.6 mrr:5.38 hits:11.00
2020-04-16 16:04:03,593 INFO Tail: mr:590.1 mrr:23.84 hits:44.02
2020-04-16 16:04:03,595 INFO All: mr:1496.8 mrr:14.61 hits:27.51
2020-04-16 16:04:03,599 INFO Improved and model saved
2020-04-16 16:05:33,620 INFO [90.0] Epoch 260: loss = 180.3117
2020-04-16 16:07:09,123 INFO [95.5] Epoch 261: loss = 180.3436
2020-04-16 16:08:48,498 INFO [99.4] Epoch 262: loss = 180.2478
2020-04-16 16:10:32,905 INFO [104.4] Epoch 263: loss = 180.0225
2020-04-16 16:12:13,588 INFO [100.7] Epoch 264: loss = 180.2865
2020-04-16 16:13:58,504 INFO [104.9] Epoch 265: loss = 179.7663
2020-04-16 16:15:29,409 INFO [90.9] Epoch 266: loss = 179.6486
2020-04-16 16:16:59,417 INFO [90.0] Epoch 267: loss = 179.7948
2020-04-16 16:18:37,185 INFO [97.8] Epoch 268: loss = 179.8950
2020-04-16 16:20:09,255 INFO [92.1] Epoch 269: loss = 180.0816
2020-04-16 16:20:09,257 INFO Start Evaling...
2020-04-16 16:20:34,849 INFO Head: mr:2518.5 mrr:5.21 hits:11.06
2020-04-16 16:20:34,849 INFO Tail: mr:600.9 mrr:23.65 hits:44.10
2020-04-16 16:20:34,849 INFO All: mr:1559.7 mrr:14.43 hits:27.58
2020-04-16 16:20:34,852 INFO Improved and model saved
2020-04-16 16:22:11,718 INFO [96.8] Epoch 270: loss = 179.6324
2020-04-16 16:23:49,191 INFO [97.5] Epoch 271: loss = 179.1385
2020-04-16 16:25:32,736 INFO [103.5] Epoch 272: loss = 179.4793
2020-04-16 16:27:07,193 INFO [94.5] Epoch 273: loss = 179.2247
2020-04-16 16:28:40,475 INFO [93.3] Epoch 274: loss = 179.9723
2020-04-16 16:30:19,030 INFO [98.6] Epoch 275: loss = 179.7566
2020-04-16 16:32:06,012 INFO [107.0] Epoch 276: loss = 179.8947
2020-04-16 16:33:53,063 INFO [107.1] Epoch 277: loss = 179.9242
2020-04-16 16:35:28,686 INFO [95.6] Epoch 278: loss = 179.3584
2020-04-16 16:37:00,168 INFO [91.5] Epoch 279: loss = 179.4238
2020-04-16 16:37:00,168 INFO Start Evaling...
2020-04-16 16:37:27,047 INFO Head: mr:2375.8 mrr:5.50 hits:10.98
2020-04-16 16:37:27,048 INFO Tail: mr:593.6 mrr:23.73 hits:44.08
2020-04-16 16:37:27,048 INFO All: mr:1484.7 mrr:14.61 hits:27.53
2020-04-16 16:37:27,053 INFO Declined in recent 1 epochs
2020-04-16 16:38:55,366 INFO [88.3] Epoch 280: loss = 179.1348
2020-04-16 16:40:25,060 INFO [89.7] Epoch 281: loss = 179.4877
2020-04-16 16:41:55,716 INFO [90.7] Epoch 282: loss = 178.8462
2020-04-16 16:43:26,111 INFO [90.4] Epoch 283: loss = 179.9074
2020-04-16 16:45:03,803 INFO [97.7] Epoch 284: loss = 179.1680
2020-04-16 16:46:39,176 INFO [95.4] Epoch 285: loss = 178.4546
2020-04-16 16:48:10,673 INFO [91.5] Epoch 286: loss = 179.7940
2020-04-16 16:49:43,235 INFO [92.6] Epoch 287: loss = 179.7159
2020-04-16 16:51:14,140 INFO [90.9] Epoch 288: loss = 178.8537
2020-04-16 16:52:50,084 INFO [95.9] Epoch 289: loss = 179.0111
2020-04-16 16:52:50,085 INFO Start Evaling...
2020-04-16 16:53:16,554 INFO Head: mr:2421.2 mrr:5.55 hits:11.06
2020-04-16 16:53:16,554 INFO Tail: mr:575.1 mrr:23.86 hits:45.26
2020-04-16 16:53:16,554 INFO All: mr:1498.1 mrr:14.71 hits:28.16
2020-04-16 16:53:16,557 INFO Improved and model saved
2020-04-16 16:54:53,446 INFO [96.8] Epoch 290: loss = 179.1615
2020-04-16 16:56:31,042 INFO [97.6] Epoch 291: loss = 179.1172
2020-04-16 16:58:10,270 INFO [99.2] Epoch 292: loss = 179.2088
2020-04-16 16:59:43,826 INFO [93.6] Epoch 293: loss = 179.0969
2020-04-16 17:01:12,897 INFO [89.1] Epoch 294: loss = 178.9305
2020-04-16 17:02:42,543 INFO [89.6] Epoch 295: loss = 178.7573
2020-04-16 17:04:14,739 INFO [92.2] Epoch 296: loss = 179.8958
2020-04-16 17:05:47,953 INFO [93.2] Epoch 297: loss = 178.8110
2020-04-16 17:07:18,938 INFO [91.0] Epoch 298: loss = 179.2132
2020-04-16 17:08:57,683 INFO [98.7] Epoch 299: loss = 178.8685
2020-04-16 17:08:57,684 INFO Start Evaling...
2020-04-16 17:09:23,579 INFO Head: mr:2412.3 mrr:5.66 hits:11.70
2020-04-16 17:09:23,580 INFO Tail: mr:571.9 mrr:23.54 hits:44.36
2020-04-16 17:09:23,580 INFO All: mr:1492.1 mrr:14.60 hits:28.03
2020-04-16 17:09:23,582 INFO Declined in recent 1 epochs
2020-04-16 17:10:58,136 INFO [94.6] Epoch 300: loss = 178.6740
2020-04-16 17:12:38,137 INFO [100.0] Epoch 301: loss = 178.4876
2020-04-16 17:14:10,057 INFO [91.9] Epoch 302: loss = 178.8918
2020-04-16 17:15:39,568 INFO [89.5] Epoch 303: loss = 178.2452
2020-04-16 17:17:09,736 INFO [90.2] Epoch 304: loss = 179.2326
2020-04-16 17:18:38,110 INFO [88.4] Epoch 305: loss = 178.6569
2020-04-16 17:20:10,037 INFO [91.9] Epoch 306: loss = 178.9579
2020-04-16 17:21:43,361 INFO [93.3] Epoch 307: loss = 178.3225
2020-04-16 17:23:15,312 INFO [92.0] Epoch 308: loss = 178.5572
2020-04-16 17:24:47,118 INFO [91.8] Epoch 309: loss = 178.3341
2020-04-16 17:24:47,118 INFO Start Evaling...
2020-04-16 17:25:13,071 INFO Head: mr:2491.0 mrr:5.72 hits:11.48
2020-04-16 17:25:13,071 INFO Tail: mr:561.3 mrr:23.59 hits:44.14
2020-04-16 17:25:13,072 INFO All: mr:1526.2 mrr:14.65 hits:27.81
2020-04-16 17:25:13,075 INFO Declined in recent 2 epochs
2020-04-16 17:26:46,042 INFO [93.0] Epoch 310: loss = 178.7567
2020-04-16 17:28:14,747 INFO [88.7] Epoch 311: loss = 178.6373
2020-04-16 17:29:49,200 INFO [94.5] Epoch 312: loss = 179.2820
2020-04-16 17:31:34,454 INFO [105.3] Epoch 313: loss = 178.4393
2020-04-16 17:33:07,522 INFO [93.1] Epoch 314: loss = 178.6855
2020-04-16 17:34:44,751 INFO [97.2] Epoch 315: loss = 178.4896
2020-04-16 17:36:26,687 INFO [101.9] Epoch 316: loss = 178.4851
2020-04-16 17:38:06,540 INFO [99.9] Epoch 317: loss = 178.2830
2020-04-16 17:39:42,822 INFO [96.3] Epoch 318: loss = 178.2343
2020-04-16 17:41:20,617 INFO [97.8] Epoch 319: loss = 178.7573
2020-04-16 17:41:20,618 INFO Start Evaling...
2020-04-16 17:41:45,881 INFO Head: mr:2489.8 mrr:5.59 hits:11.32
2020-04-16 17:41:45,881 INFO Tail: mr:572.3 mrr:23.15 hits:43.42
2020-04-16 17:41:45,881 INFO All: mr:1531.0 mrr:14.37 hits:27.37
2020-04-16 17:41:45,886 INFO Declined in recent 3 epochs
2020-04-16 17:43:22,058 INFO [96.2] Epoch 320: loss = 178.7477
2020-04-16 17:44:53,561 INFO [91.5] Epoch 321: loss = 177.9725
2020-04-16 17:46:28,605 INFO [95.0] Epoch 322: loss = 178.3529
2020-04-16 17:48:02,656 INFO [94.0] Epoch 323: loss = 178.1391
2020-04-16 17:49:41,040 INFO [98.4] Epoch 324: loss = 177.8665
2020-04-16 17:51:21,300 INFO [100.3] Epoch 325: loss = 178.6083
2020-04-16 17:53:00,177 INFO [98.9] Epoch 326: loss = 177.8852
2020-04-16 17:54:39,797 INFO [99.6] Epoch 327: loss = 178.4097
2020-04-16 17:56:20,048 INFO [100.3] Epoch 328: loss = 178.4931
2020-04-16 17:57:58,402 INFO [98.4] Epoch 329: loss = 178.2549
2020-04-16 17:57:58,403 INFO Start Evaling...
2020-04-16 17:58:23,294 INFO Head: mr:2444.0 mrr:5.81 hits:11.48
2020-04-16 17:58:23,294 INFO Tail: mr:568.9 mrr:23.46 hits:44.00
2020-04-16 17:58:23,294 INFO All: mr:1506.4 mrr:14.64 hits:27.74
2020-04-16 17:58:23,297 INFO Declined in recent 4 epochs
2020-04-16 17:59:57,838 INFO [94.5] Epoch 330: loss = 177.6312
2020-04-16 18:01:36,154 INFO [98.3] Epoch 331: loss = 178.6331
2020-04-16 18:03:10,843 INFO [94.7] Epoch 332: loss = 178.2797
2020-04-16 18:04:54,701 INFO [103.9] Epoch 333: loss = 177.6779
2020-04-16 18:06:35,855 INFO [101.2] Epoch 334: loss = 177.9733
2020-04-16 18:08:06,039 INFO [90.2] Epoch 335: loss = 178.0216
2020-04-16 18:09:42,034 INFO [96.0] Epoch 336: loss = 177.7542
2020-04-16 18:11:16,697 INFO [94.7] Epoch 337: loss = 177.9566
2020-04-16 18:12:58,596 INFO [101.9] Epoch 338: loss = 177.4968
2020-04-16 18:14:34,110 INFO [95.5] Epoch 339: loss = 178.4609
2020-04-16 18:14:34,110 INFO Start Evaling...
2020-04-16 18:14:58,826 INFO Head: mr:2462.0 mrr:5.60 hits:11.30
2020-04-16 18:14:58,827 INFO Tail: mr:570.4 mrr:23.45 hits:45.08
2020-04-16 18:14:58,828 INFO All: mr:1516.2 mrr:14.53 hits:28.19
2020-04-16 18:14:58,833 INFO Improved and model saved
2020-04-16 18:16:41,021 INFO [102.1] Epoch 340: loss = 177.9452
2020-04-16 18:18:22,537 INFO [101.5] Epoch 341: loss = 178.1724
2020-04-16 18:19:59,354 INFO [96.8] Epoch 342: loss = 178.0390
2020-04-16 18:21:39,406 INFO [100.1] Epoch 343: loss = 177.5236
2020-04-16 18:23:21,143 INFO [101.7] Epoch 344: loss = 178.3858
2020-04-16 18:25:00,018 INFO [98.9] Epoch 345: loss = 177.5195
2020-04-16 18:26:34,406 INFO [94.4] Epoch 346: loss = 177.4617
2020-04-16 18:28:23,860 INFO [109.5] Epoch 347: loss = 177.5706
2020-04-16 18:30:17,548 INFO [113.7] Epoch 348: loss = 178.2511
2020-04-16 18:31:43,515 INFO [86.0] Epoch 349: loss = 176.9836
2020-04-16 18:31:43,515 INFO Start Evaling...
2020-04-16 18:32:08,333 INFO Head: mr:2467.9 mrr:5.60 hits:11.36
2020-04-16 18:32:08,333 INFO Tail: mr:560.9 mrr:23.75 hits:43.68
2020-04-16 18:32:08,334 INFO All: mr:1514.4 mrr:14.68 hits:27.52
2020-04-16 18:32:08,338 INFO Declined in recent 1 epochs
2020-04-16 18:33:41,359 INFO [93.0] Epoch 350: loss = 178.1555
2020-04-16 18:35:20,643 INFO [99.3] Epoch 351: loss = 177.6754
2020-04-16 18:37:07,225 INFO [106.6] Epoch 352: loss = 177.7909
2020-04-16 18:38:42,526 INFO [95.3] Epoch 353: loss = 178.1925
2020-04-16 18:40:16,212 INFO [93.7] Epoch 354: loss = 177.5562
2020-04-16 18:41:50,042 INFO [93.8] Epoch 355: loss = 178.1027
2020-04-16 18:43:25,914 INFO [95.9] Epoch 356: loss = 178.3991
2020-04-16 18:44:59,437 INFO [93.5] Epoch 357: loss = 177.8020
2020-04-16 18:46:56,216 INFO [116.8] Epoch 358: loss = 177.7372
2020-04-16 18:48:48,423 INFO [112.2] Epoch 359: loss = 177.9343
2020-04-16 18:48:48,424 INFO Start Evaling...
2020-04-16 18:49:14,174 INFO Head: mr:2398.9 mrr:5.89 hits:11.76
2020-04-16 18:49:14,175 INFO Tail: mr:554.8 mrr:23.18 hits:44.10
2020-04-16 18:49:14,175 INFO All: mr:1476.8 mrr:14.53 hits:27.93
2020-04-16 18:49:14,180 INFO Declined in recent 2 epochs
2020-04-16 18:51:10,157 INFO [116.0] Epoch 360: loss = 177.1934
2020-04-16 18:52:37,863 INFO [87.7] Epoch 361: loss = 177.7099
2020-04-16 18:54:15,282 INFO [97.4] Epoch 362: loss = 178.0460
2020-04-16 18:55:50,366 INFO [95.1] Epoch 363: loss = 177.5472
2020-04-16 18:57:25,853 INFO [95.5] Epoch 364: loss = 177.6858
2020-04-16 18:58:56,652 INFO [90.8] Epoch 365: loss = 177.9588
2020-04-16 19:00:33,954 INFO [97.3] Epoch 366: loss = 177.9004
2020-04-16 19:02:14,813 INFO [100.9] Epoch 367: loss = 177.4030
2020-04-16 19:04:00,250 INFO [105.4] Epoch 368: loss = 177.4065
2020-04-16 19:05:45,462 INFO [105.2] Epoch 369: loss = 177.6881
2020-04-16 19:05:45,463 INFO Start Evaling...
2020-04-16 19:06:11,934 INFO Head: mr:2438.7 mrr:5.89 hits:11.92
2020-04-16 19:06:11,934 INFO Tail: mr:561.5 mrr:23.82 hits:45.34
2020-04-16 19:06:11,934 INFO All: mr:1500.1 mrr:14.85 hits:28.63
2020-04-16 19:06:11,939 INFO Improved and model saved
2020-04-16 19:07:41,245 INFO [89.2] Epoch 370: loss = 177.4170
2020-04-16 19:09:08,173 INFO [86.9] Epoch 371: loss = 177.6170
2020-04-16 19:10:37,972 INFO [89.8] Epoch 372: loss = 176.9957
2020-04-16 19:12:11,602 INFO [93.6] Epoch 373: loss = 177.6579
2020-04-16 19:13:55,956 INFO [104.4] Epoch 374: loss = 178.1468
2020-04-16 19:15:35,969 INFO [100.0] Epoch 375: loss = 177.4840
2020-04-16 19:17:13,279 INFO [97.3] Epoch 376: loss = 177.4092
2020-04-16 19:18:52,843 INFO [99.6] Epoch 377: loss = 177.2948
2020-04-16 19:20:33,981 INFO [101.1] Epoch 378: loss = 177.6657
2020-04-16 19:22:10,111 INFO [96.1] Epoch 379: loss = 178.1330
2020-04-16 19:22:10,112 INFO Start Evaling...
2020-04-16 19:22:36,595 INFO Head: mr:2415.3 mrr:5.57 hits:12.14
2020-04-16 19:22:36,595 INFO Tail: mr:559.6 mrr:23.43 hits:44.04
2020-04-16 19:22:36,595 INFO All: mr:1487.5 mrr:14.50 hits:28.09
2020-04-16 19:22:36,601 INFO Declined in recent 1 epochs
2020-04-16 19:24:14,913 INFO [98.3] Epoch 380: loss = 177.7393
2020-04-16 19:25:56,173 INFO [101.3] Epoch 381: loss = 177.6340
2020-04-16 19:27:38,019 INFO [101.8] Epoch 382: loss = 177.4980
2020-04-16 19:29:17,747 INFO [99.7] Epoch 383: loss = 177.9389
2020-04-16 19:30:56,508 INFO [98.8] Epoch 384: loss = 177.4743
2020-04-16 19:32:24,900 INFO [88.4] Epoch 385: loss = 177.5254
2020-04-16 19:34:00,525 INFO [95.6] Epoch 386: loss = 176.9847
2020-04-16 19:35:37,869 INFO [97.3] Epoch 387: loss = 177.3008
2020-04-16 19:37:17,751 INFO [99.9] Epoch 388: loss = 177.9534
2020-04-16 19:38:52,925 INFO [95.2] Epoch 389: loss = 178.3098
2020-04-16 19:38:52,926 INFO Start Evaling...
2020-04-16 19:39:18,094 INFO Head: mr:2446.6 mrr:5.73 hits:11.40
2020-04-16 19:39:18,095 INFO Tail: mr:549.3 mrr:23.44 hits:44.16
2020-04-16 19:39:18,095 INFO All: mr:1497.9 mrr:14.59 hits:27.78
2020-04-16 19:39:18,098 INFO Declined in recent 2 epochs
2020-04-16 19:40:55,669 INFO [97.6] Epoch 390: loss = 176.7818
2020-04-16 19:42:30,779 INFO [95.1] Epoch 391: loss = 177.1514
2020-04-16 19:44:17,062 INFO [106.3] Epoch 392: loss = 177.2044
2020-04-16 19:45:48,125 INFO [91.1] Epoch 393: loss = 177.4444
2020-04-16 19:47:27,616 INFO [99.5] Epoch 394: loss = 177.0912
2020-04-16 19:49:13,420 INFO [105.8] Epoch 395: loss = 177.7305
2020-04-16 19:50:54,204 INFO [100.8] Epoch 396: loss = 177.5510
2020-04-16 19:52:35,473 INFO [101.3] Epoch 397: loss = 177.0681
2020-04-16 19:54:18,703 INFO [103.2] Epoch 398: loss = 177.2524
2020-04-16 19:55:51,669 INFO [93.0] Epoch 399: loss = 177.3816
2020-04-16 19:55:51,670 INFO Start Evaling...
2020-04-16 19:56:15,869 INFO Head: mr:2441.1 mrr:5.66 hits:11.26
2020-04-16 19:56:15,870 INFO Tail: mr:578.2 mrr:23.83 hits:44.80
2020-04-16 19:56:15,870 INFO All: mr:1509.6 mrr:14.74 hits:28.03
2020-04-16 19:56:15,874 INFO Declined in recent 3 epochs
2020-04-16 19:57:54,347 INFO [98.5] Epoch 400: loss = 177.6567
2020-04-16 19:59:41,802 INFO [107.5] Epoch 401: loss = 177.2458
2020-04-16 20:01:19,972 INFO [98.2] Epoch 402: loss = 176.9204
2020-04-16 20:02:51,318 INFO [91.3] Epoch 403: loss = 177.7400
2020-04-16 20:04:28,337 INFO [97.0] Epoch 404: loss = 177.5204
2020-04-16 20:06:02,505 INFO [94.2] Epoch 405: loss = 176.9028
2020-04-16 20:07:40,177 INFO [97.7] Epoch 406: loss = 177.0227
2020-04-16 20:09:27,228 INFO [107.1] Epoch 407: loss = 176.3001
2020-04-16 20:11:02,749 INFO [95.5] Epoch 408: loss = 176.9761
2020-04-16 20:12:59,484 INFO [116.7] Epoch 409: loss = 177.3369
2020-04-16 20:12:59,485 INFO Start Evaling...
2020-04-16 20:13:38,727 INFO Head: mr:2394.9 mrr:5.66 hits:11.66
2020-04-16 20:13:38,730 INFO Tail: mr:572.6 mrr:23.82 hits:44.68
2020-04-16 20:13:38,730 INFO All: mr:1483.8 mrr:14.74 hits:28.17
2020-04-16 20:13:38,736 INFO Declined in recent 4 epochs
2020-04-16 20:15:55,437 INFO [136.7] Epoch 410: loss = 177.8333
2020-04-16 20:18:14,107 INFO [138.7] Epoch 411: loss = 177.5236
2020-04-16 20:20:31,784 INFO [137.7] Epoch 412: loss = 177.8196
2020-04-16 20:22:32,589 INFO [120.8] Epoch 413: loss = 177.3247
2020-04-16 20:24:15,083 INFO [102.5] Epoch 414: loss = 177.2903
2020-04-16 20:26:01,035 INFO [106.0] Epoch 415: loss = 176.9872
2020-04-16 20:27:45,981 INFO [104.9] Epoch 416: loss = 176.8529
2020-04-16 20:29:24,549 INFO [98.6] Epoch 417: loss = 177.5354
2020-04-16 20:31:08,557 INFO [104.0] Epoch 418: loss = 177.4405
2020-04-16 20:32:52,720 INFO [104.2] Epoch 419: loss = 176.7983
2020-04-16 20:32:52,721 INFO Start Evaling...
2020-04-16 20:33:27,345 INFO Head: mr:2443.6 mrr:5.47 hits:11.46
2020-04-16 20:33:27,346 INFO Tail: mr:567.0 mrr:24.04 hits:45.14
2020-04-16 20:33:27,346 INFO All: mr:1505.3 mrr:14.75 hits:28.30
2020-04-16 20:33:27,350 INFO Declined in recent 5 epochs
2020-04-16 20:33:27,351 INFO Early stopping
2020-04-16 20:33:27,351 INFO Train done
2020-04-16 20:33:27,379 INFO Start Evaling...
2020-04-16 20:33:55,445 INFO Head: mr:2348.5 mrr:6.02 hits:12.22
2020-04-16 20:33:55,446 INFO Tail: mr:593.0 mrr:24.08 hits:44.04
2020-04-16 20:33:55,446 INFO All: mr:1470.8 mrr:15.05 hits:28.13
