2020-04-15 17:23:46,723 INFO EPOCH: 1000
2020-04-15 17:23:46,723 INFO EVERY: 10
2020-04-15 17:23:46,723 INFO LR: 0.001
2020-04-15 17:23:46,723 INFO DIM: 64
2020-04-15 17:23:46,723 INFO BATCH_SIZE: 512
2020-04-15 17:23:46,723 INFO BATCH_SIZE2: 50
2020-04-15 17:23:46,723 INFO P: 1
2020-04-15 17:23:46,723 INFO CLIPPING_MAX_VALUE: 4.0
2020-04-15 17:23:46,723 INFO OPTIM: Adam
2020-04-15 17:23:46,723 INFO N_SAMPLE: 12
2020-04-15 17:23:46,724 INFO MODE: rela
2020-04-15 17:23:46,724 INFO GAMMA: 12.0
2020-04-15 17:23:46,724 INFO BERN: True
2020-04-15 17:23:46,724 INFO MARGIN: 4.0
2020-04-15 17:23:46,724 INFO REG: 1.0
2020-04-15 17:23:46,724 INFO LABEL_SMOOTH_EPS: 0.1
2020-04-15 17:23:46,724 INFO INPUT_DROP: 0.2
2020-04-15 17:23:46,724 INFO FEAT_DROP: 0.2
2020-04-15 17:23:46,724 INFO HIDD_DROP: 0.3
2020-04-15 17:23:46,724 INFO CHANNELS: 50
2020-04-15 17:23:46,724 INFO KERNEL_SIZE: 3
2020-04-15 17:23:46,724 INFO N_POOL: 100
2020-04-15 17:23:46,724 INFO MODEL_D: TransH
2020-04-15 17:23:46,724 INFO MODEL_G: DistMult
2020-04-15 17:23:46,724 INFO SCRATCH: False
2020-04-15 17:23:46,724 INFO D_FILE: None
2020-04-15 17:23:46,724 INFO G_FILE: None
2020-04-15 17:23:46,724 INFO PATH: data
2020-04-15 17:23:46,725 INFO DATA: YAGO3-10
2020-04-15 17:23:46,725 INFO EXP_PATH: experiment/YAGO3-10
2020-04-15 17:23:46,725 INFO MODEL: DistMult
2020-04-15 17:23:46,725 INFO V: 0
2020-04-15 17:23:46,725 INFO F: False
2020-04-15 17:23:46,725 INFO EVAL: False
2020-04-15 17:23:46,725 INFO TRAINED: False
2020-04-15 17:23:46,725 INFO PRETRAINED_NAME: None
2020-04-15 17:23:46,725 INFO EXP_NAME: DistMult-YAGO3-10-rela-0
2020-04-15 17:23:46,725 INFO --------------------------------------
2020-04-15 17:24:35,013 INFO Dataload done
2020-04-15 17:24:35,013 INFO --------------------------------------
2020-04-15 17:24:35,013 INFO N_ENTITY: 123182
2020-04-15 17:24:35,013 INFO N_RELATION: 37
2020-04-15 17:24:35,014 INFO --------------------------------------
2020-04-15 17:24:45,700 INFO Start Evaling...
2020-04-15 17:25:57,882 INFO Head: mr:59596.5 mrr:0.01 hits:0.04
2020-04-15 17:25:57,882 INFO Tail: mr:61350.1 mrr:0.01 hits:0.00
2020-04-15 17:25:57,882 INFO All: mr:60473.3 mrr:0.01 hits:0.02
2020-04-15 17:25:57,887 INFO Start Training...
2020-04-15 17:29:18,841 INFO [201.0] Epoch 0: loss = 617.6125
2020-04-15 17:32:49,764 INFO [210.9] Epoch 1: loss = 233.7711
2020-04-15 17:36:14,915 INFO [205.2] Epoch 2: loss = 117.4965
2020-04-15 17:39:39,225 INFO [204.3] Epoch 3: loss = 76.1997
2020-04-15 17:43:00,780 INFO [201.6] Epoch 4: loss = 57.0936
2020-04-15 17:46:24,348 INFO [203.6] Epoch 5: loss = 46.6308
2020-04-15 17:49:50,092 INFO [205.7] Epoch 6: loss = 39.9937
2020-04-15 17:53:20,578 INFO [210.5] Epoch 7: loss = 35.4674
2020-04-15 17:57:07,782 INFO [227.2] Epoch 8: loss = 32.3388
2020-04-15 18:01:01,570 INFO [233.8] Epoch 9: loss = 29.7732
2020-04-15 18:01:01,571 INFO Start Evaling...
2020-04-15 18:02:00,562 INFO Head: mr:5551.7 mrr:1.97 hits:4.00
2020-04-15 18:02:00,568 INFO Tail: mr:756.5 mrr:14.28 hits:24.80
2020-04-15 18:02:00,574 INFO All: mr:3154.1 mrr:8.12 hits:14.40
2020-04-15 18:02:00,590 INFO Improved and model saved
2020-04-15 18:05:45,524 INFO [224.8] Epoch 10: loss = 27.7923
2020-04-15 18:09:12,974 INFO [207.4] Epoch 11: loss = 26.4521
2020-04-15 18:12:36,493 INFO [203.5] Epoch 12: loss = 25.0529
2020-04-15 18:16:00,898 INFO [204.4] Epoch 13: loss = 24.0232
2020-04-15 18:19:26,149 INFO [205.3] Epoch 14: loss = 23.2717
2020-04-15 18:22:53,711 INFO [207.6] Epoch 15: loss = 22.4726
2020-04-15 18:26:15,969 INFO [202.3] Epoch 16: loss = 21.8478
2020-04-15 18:29:39,977 INFO [204.0] Epoch 17: loss = 21.3612
2020-04-15 18:33:02,586 INFO [202.6] Epoch 18: loss = 20.8847
2020-04-15 18:36:25,898 INFO [203.3] Epoch 19: loss = 20.3964
2020-04-15 18:36:25,899 INFO Start Evaling...
2020-04-15 18:37:18,839 INFO Head: mr:4776.0 mrr:2.43 hits:4.84
2020-04-15 18:37:18,840 INFO Tail: mr:648.0 mrr:14.20 hits:25.14
2020-04-15 18:37:18,840 INFO All: mr:2712.0 mrr:8.32 hits:14.99
2020-04-15 18:37:18,844 INFO Improved and model saved
2020-04-15 18:40:14,728 INFO [175.8] Epoch 20: loss = 19.9447
2020-04-15 18:43:17,199 INFO [182.5] Epoch 21: loss = 19.7317
2020-04-15 18:46:08,698 INFO [171.5] Epoch 22: loss = 19.2946
2020-04-15 18:48:56,965 INFO [168.3] Epoch 23: loss = 19.1579
2020-04-15 18:51:45,362 INFO [168.4] Epoch 24: loss = 18.7827
2020-04-15 18:54:34,170 INFO [168.8] Epoch 25: loss = 18.4845
2020-04-15 18:57:21,542 INFO [167.4] Epoch 26: loss = 18.2744
2020-04-15 19:00:12,407 INFO [170.9] Epoch 27: loss = 18.0571
2020-04-15 19:03:01,718 INFO [169.3] Epoch 28: loss = 18.0510
2020-04-15 19:05:53,479 INFO [171.8] Epoch 29: loss = 17.7860
2020-04-15 19:05:53,483 INFO Start Evaling...
2020-04-15 19:06:43,087 INFO Head: mr:4593.0 mrr:2.90 hits:5.70
2020-04-15 19:06:43,091 INFO Tail: mr:574.8 mrr:13.10 hits:24.52
2020-04-15 19:06:43,094 INFO All: mr:2583.9 mrr:8.00 hits:15.11
2020-04-15 19:06:43,102 INFO Improved and model saved
2020-04-15 19:09:36,871 INFO [173.7] Epoch 30: loss = 17.4780
2020-04-15 19:12:26,812 INFO [169.9] Epoch 31: loss = 17.3198
2020-04-15 19:15:23,929 INFO [177.1] Epoch 32: loss = 17.1650
2020-04-15 19:18:13,472 INFO [169.5] Epoch 33: loss = 16.9964
2020-04-15 19:21:04,269 INFO [170.8] Epoch 34: loss = 16.8468
2020-04-15 19:24:01,660 INFO [177.4] Epoch 35: loss = 16.8068
2020-04-15 19:26:41,275 INFO [159.6] Epoch 36: loss = 16.4299
2020-04-15 19:29:25,752 INFO [164.5] Epoch 37: loss = 16.4326
2020-04-15 19:32:10,072 INFO [164.3] Epoch 38: loss = 16.3560
2020-04-15 19:34:56,336 INFO [166.3] Epoch 39: loss = 16.1131
2020-04-15 19:34:56,336 INFO Start Evaling...
2020-04-15 19:35:46,432 INFO Head: mr:4473.4 mrr:2.89 hits:5.34
2020-04-15 19:35:46,436 INFO Tail: mr:538.2 mrr:14.28 hits:24.22
2020-04-15 19:35:46,438 INFO All: mr:2505.8 mrr:8.59 hits:14.78
2020-04-15 19:35:46,444 INFO Declined in recent 1 epochs
2020-04-15 19:38:32,085 INFO [165.6] Epoch 40: loss = 16.0007
2020-04-15 19:41:20,726 INFO [168.6] Epoch 41: loss = 15.9444
2020-04-15 19:44:10,725 INFO [170.0] Epoch 42: loss = 15.8249
2020-04-15 19:47:06,814 INFO [176.1] Epoch 43: loss = 15.7347
2020-04-15 19:49:52,954 INFO [166.1] Epoch 44: loss = 15.7125
2020-04-15 19:52:39,911 INFO [167.0] Epoch 45: loss = 15.4342
2020-04-15 19:55:26,124 INFO [166.2] Epoch 46: loss = 15.2935
2020-04-15 19:58:16,818 INFO [170.7] Epoch 47: loss = 15.1799
2020-04-15 20:01:03,773 INFO [167.0] Epoch 48: loss = 15.0958
2020-04-15 20:03:52,719 INFO [168.9] Epoch 49: loss = 14.9995
2020-04-15 20:03:52,719 INFO Start Evaling...
2020-04-15 20:04:41,754 INFO Head: mr:4405.3 mrr:2.69 hits:4.92
2020-04-15 20:04:41,757 INFO Tail: mr:520.6 mrr:12.24 hits:24.88
2020-04-15 20:04:41,758 INFO All: mr:2462.9 mrr:7.47 hits:14.90
2020-04-15 20:04:41,765 INFO Declined in recent 2 epochs
2020-04-15 20:07:32,054 INFO [170.3] Epoch 50: loss = 15.0591
2020-04-15 20:10:18,980 INFO [166.9] Epoch 51: loss = 14.8422
2020-04-15 20:13:09,739 INFO [170.8] Epoch 52: loss = 14.8380
2020-04-15 20:16:00,870 INFO [171.1] Epoch 53: loss = 14.6114
2020-04-15 20:18:56,652 INFO [175.8] Epoch 54: loss = 14.4976
2020-04-15 20:21:52,297 INFO [175.6] Epoch 55: loss = 14.4793
2020-04-15 20:24:42,060 INFO [169.8] Epoch 56: loss = 14.4782
2020-04-15 20:27:31,648 INFO [169.6] Epoch 57: loss = 14.3732
2020-04-15 20:30:22,559 INFO [170.9] Epoch 58: loss = 14.2721
2020-04-15 20:33:19,274 INFO [176.7] Epoch 59: loss = 14.3920
2020-04-15 20:33:19,275 INFO Start Evaling...
2020-04-15 20:34:11,647 INFO Head: mr:4210.1 mrr:2.81 hits:5.00
2020-04-15 20:34:11,654 INFO Tail: mr:501.7 mrr:14.05 hits:24.92
2020-04-15 20:34:11,657 INFO All: mr:2355.9 mrr:8.43 hits:14.96
2020-04-15 20:34:11,664 INFO Declined in recent 3 epochs
2020-04-15 20:36:59,637 INFO [168.0] Epoch 60: loss = 14.2069
2020-04-15 20:39:50,784 INFO [171.1] Epoch 61: loss = 14.1378
2020-04-15 20:42:43,684 INFO [172.9] Epoch 62: loss = 14.0393
2020-04-15 20:45:27,882 INFO [164.2] Epoch 63: loss = 14.0738
2020-04-15 20:48:15,799 INFO [167.9] Epoch 64: loss = 13.9905
2020-04-15 20:51:05,542 INFO [169.7] Epoch 65: loss = 13.8034
2020-04-15 20:53:59,401 INFO [173.9] Epoch 66: loss = 13.8704
2020-04-15 20:56:52,533 INFO [173.1] Epoch 67: loss = 13.6939
2020-04-15 20:59:40,734 INFO [168.2] Epoch 68: loss = 13.6341
2020-04-15 21:02:30,063 INFO [169.3] Epoch 69: loss = 13.6193
2020-04-15 21:02:30,064 INFO Start Evaling...
2020-04-15 21:03:22,612 INFO Head: mr:4256.2 mrr:2.85 hits:5.34
2020-04-15 21:03:22,612 INFO Tail: mr:488.0 mrr:13.63 hits:25.12
2020-04-15 21:03:22,612 INFO All: mr:2372.1 mrr:8.24 hits:15.23
2020-04-15 21:03:22,627 INFO Improved and model saved
2020-04-15 21:06:17,559 INFO [174.8] Epoch 70: loss = 13.4934
2020-04-15 21:09:08,044 INFO [170.5] Epoch 71: loss = 13.5467
2020-04-15 21:11:57,902 INFO [169.9] Epoch 72: loss = 13.4980
2020-04-15 21:14:46,167 INFO [168.3] Epoch 73: loss = 13.4114
2020-04-15 21:17:34,880 INFO [168.7] Epoch 74: loss = 13.3896
2020-04-15 21:20:25,485 INFO [170.6] Epoch 75: loss = 13.3033
2020-04-15 21:23:14,956 INFO [169.5] Epoch 76: loss = 13.2277
2020-04-15 21:26:07,339 INFO [172.4] Epoch 77: loss = 13.2569
2020-04-15 21:28:57,002 INFO [169.7] Epoch 78: loss = 13.1683
2020-04-15 21:31:43,023 INFO [166.0] Epoch 79: loss = 13.1295
2020-04-15 21:31:43,023 INFO Start Evaling...
2020-04-15 21:32:35,014 INFO Head: mr:4194.9 mrr:2.47 hits:4.82
2020-04-15 21:32:35,015 INFO Tail: mr:459.7 mrr:13.68 hits:24.42
2020-04-15 21:32:35,015 INFO All: mr:2327.3 mrr:8.08 hits:14.62
2020-04-15 21:32:35,028 INFO Declined in recent 1 epochs
2020-04-15 21:35:22,160 INFO [167.1] Epoch 80: loss = 13.0519
2020-04-15 21:38:02,937 INFO [160.8] Epoch 81: loss = 12.8763
2020-04-15 21:40:49,951 INFO [167.0] Epoch 82: loss = 13.0392
2020-04-15 21:43:39,825 INFO [169.9] Epoch 83: loss = 12.9308
2020-04-15 21:46:31,042 INFO [171.2] Epoch 84: loss = 12.9008
2020-04-15 21:49:19,066 INFO [168.0] Epoch 85: loss = 12.9110
2020-04-15 21:52:06,927 INFO [167.9] Epoch 86: loss = 12.9127
2020-04-15 21:54:54,870 INFO [167.9] Epoch 87: loss = 12.8815
2020-04-15 21:57:52,358 INFO [177.5] Epoch 88: loss = 12.8362
2020-04-15 22:00:41,776 INFO [169.4] Epoch 89: loss = 12.7659
2020-04-15 22:00:41,777 INFO Start Evaling...
2020-04-15 22:01:34,468 INFO Head: mr:4133.6 mrr:2.44 hits:5.08
2020-04-15 22:01:34,470 INFO Tail: mr:445.1 mrr:14.65 hits:24.92
2020-04-15 22:01:34,470 INFO All: mr:2289.3 mrr:8.54 hits:15.00
2020-04-15 22:01:34,475 INFO Declined in recent 2 epochs
2020-04-15 22:04:24,500 INFO [170.0] Epoch 90: loss = 12.6098
2020-04-15 22:07:14,597 INFO [170.1] Epoch 91: loss = 12.7266
2020-04-15 22:10:06,242 INFO [171.6] Epoch 92: loss = 12.6339
2020-04-15 22:12:52,080 INFO [165.8] Epoch 93: loss = 12.5929
2020-04-15 22:15:39,369 INFO [167.3] Epoch 94: loss = 12.5375
2020-04-15 22:18:28,221 INFO [168.9] Epoch 95: loss = 12.5080
2020-04-15 22:21:19,733 INFO [171.5] Epoch 96: loss = 12.5360
2020-04-15 22:24:07,826 INFO [168.1] Epoch 97: loss = 12.2539
2020-04-15 22:26:54,210 INFO [166.4] Epoch 98: loss = 12.3417
2020-04-15 22:29:55,364 INFO [181.2] Epoch 99: loss = 12.3941
2020-04-15 22:29:55,365 INFO Start Evaling...
2020-04-15 22:30:46,599 INFO Head: mr:4015.8 mrr:2.60 hits:5.08
2020-04-15 22:30:46,606 INFO Tail: mr:428.3 mrr:15.02 hits:25.88
2020-04-15 22:30:46,607 INFO All: mr:2222.0 mrr:8.81 hits:15.48
2020-04-15 22:30:46,611 INFO Improved and model saved
2020-04-15 22:33:39,356 INFO [172.7] Epoch 100: loss = 12.2980
2020-04-15 22:36:24,247 INFO [164.9] Epoch 101: loss = 12.4238
2020-04-15 22:39:11,629 INFO [167.4] Epoch 102: loss = 12.3519
2020-04-15 22:42:09,335 INFO [177.7] Epoch 103: loss = 12.4140
2020-04-15 22:45:02,834 INFO [173.5] Epoch 104: loss = 12.1815
2020-04-15 22:47:49,164 INFO [166.3] Epoch 105: loss = 12.2304
2020-04-15 22:50:39,404 INFO [170.2] Epoch 106: loss = 12.1528
2020-04-15 22:53:28,162 INFO [168.8] Epoch 107: loss = 12.1089
2020-04-15 22:56:19,926 INFO [171.8] Epoch 108: loss = 12.1488
2020-04-15 22:59:08,573 INFO [168.6] Epoch 109: loss = 12.0101
2020-04-15 22:59:08,573 INFO Start Evaling...
2020-04-15 23:00:08,926 INFO Head: mr:4106.2 mrr:2.52 hits:4.58
2020-04-15 23:00:08,926 INFO Tail: mr:430.7 mrr:14.13 hits:25.26
2020-04-15 23:00:08,926 INFO All: mr:2268.4 mrr:8.32 hits:14.92
2020-04-15 23:00:08,941 INFO Declined in recent 1 epochs
2020-04-15 23:02:57,464 INFO [168.5] Epoch 110: loss = 11.9520
2020-04-15 23:05:51,454 INFO [174.0] Epoch 111: loss = 11.9841
2020-04-15 23:08:41,302 INFO [169.8] Epoch 112: loss = 12.0382
2020-04-15 23:11:28,859 INFO [167.6] Epoch 113: loss = 11.9382
2020-04-15 23:14:17,123 INFO [168.3] Epoch 114: loss = 11.9181
2020-04-15 23:17:09,231 INFO [172.1] Epoch 115: loss = 11.8809
2020-04-15 23:19:55,918 INFO [166.7] Epoch 116: loss = 11.8794
2020-04-15 23:22:33,286 INFO [157.4] Epoch 117: loss = 11.7911
2020-04-15 23:25:17,740 INFO [164.5] Epoch 118: loss = 11.8986
2020-04-15 23:28:02,254 INFO [164.5] Epoch 119: loss = 11.7971
2020-04-15 23:28:02,255 INFO Start Evaling...
2020-04-15 23:28:51,484 INFO Head: mr:3944.0 mrr:2.74 hits:5.34
2020-04-15 23:28:51,484 INFO Tail: mr:418.4 mrr:14.64 hits:25.16
2020-04-15 23:28:51,484 INFO All: mr:2181.2 mrr:8.69 hits:15.25
2020-04-15 23:28:51,489 INFO Declined in recent 2 epochs
2020-04-15 23:31:41,867 INFO [170.4] Epoch 120: loss = 11.8037
2020-04-15 23:34:29,246 INFO [167.4] Epoch 121: loss = 11.7178
2020-04-15 23:37:18,897 INFO [169.7] Epoch 122: loss = 11.7580
2020-04-15 23:40:14,682 INFO [175.8] Epoch 123: loss = 11.6514
2020-04-15 23:43:01,351 INFO [166.7] Epoch 124: loss = 11.7942
2020-04-15 23:45:48,996 INFO [167.6] Epoch 125: loss = 11.6626
2020-04-15 23:48:29,094 INFO [160.1] Epoch 126: loss = 11.6041
2020-04-15 23:51:16,554 INFO [167.5] Epoch 127: loss = 11.7148
2020-04-15 23:54:08,524 INFO [172.0] Epoch 128: loss = 11.6063
2020-04-15 23:56:55,473 INFO [166.9] Epoch 129: loss = 11.5411
2020-04-15 23:56:55,473 INFO Start Evaling...
2020-04-15 23:57:43,354 INFO Head: mr:3892.9 mrr:2.70 hits:5.72
2020-04-15 23:57:43,357 INFO Tail: mr:412.9 mrr:14.38 hits:25.84
2020-04-15 23:57:43,358 INFO All: mr:2152.9 mrr:8.54 hits:15.78
2020-04-15 23:57:43,364 INFO Improved and model saved
2020-04-16 00:00:28,629 INFO [165.2] Epoch 130: loss = 11.3947
2020-04-16 00:03:25,912 INFO [177.3] Epoch 131: loss = 11.4597
2020-04-16 00:06:24,581 INFO [178.7] Epoch 132: loss = 11.4132
2020-04-16 00:09:17,334 INFO [172.8] Epoch 133: loss = 11.4669
2020-04-16 00:12:01,902 INFO [164.6] Epoch 134: loss = 11.4914
2020-04-16 00:14:55,273 INFO [173.4] Epoch 135: loss = 11.4080
2020-04-16 00:17:42,132 INFO [166.9] Epoch 136: loss = 11.3422
2020-04-16 00:20:34,553 INFO [172.4] Epoch 137: loss = 11.4349
2020-04-16 00:23:27,350 INFO [172.8] Epoch 138: loss = 11.3781
2020-04-16 00:26:18,403 INFO [171.1] Epoch 139: loss = 11.3465
2020-04-16 00:26:18,404 INFO Start Evaling...
2020-04-16 00:27:06,446 INFO Head: mr:3661.2 mrr:2.87 hits:5.20
2020-04-16 00:27:06,449 INFO Tail: mr:410.0 mrr:15.22 hits:25.70
2020-04-16 00:27:06,450 INFO All: mr:2035.6 mrr:9.04 hits:15.45
2020-04-16 00:27:06,455 INFO Declined in recent 1 epochs
2020-04-16 00:29:57,127 INFO [170.7] Epoch 140: loss = 11.3575
2020-04-16 00:32:53,770 INFO [176.6] Epoch 141: loss = 11.3348
2020-04-16 00:35:52,646 INFO [178.9] Epoch 142: loss = 11.3566
2020-04-16 00:38:50,469 INFO [177.8] Epoch 143: loss = 11.2694
2020-04-16 00:41:41,436 INFO [171.0] Epoch 144: loss = 11.2820
2020-04-16 00:44:30,276 INFO [168.8] Epoch 145: loss = 11.2355
2020-04-16 00:47:19,569 INFO [169.3] Epoch 146: loss = 11.2227
2020-04-16 00:50:09,567 INFO [170.0] Epoch 147: loss = 11.1784
2020-04-16 00:53:04,107 INFO [174.5] Epoch 148: loss = 11.2826
2020-04-16 00:55:56,828 INFO [172.7] Epoch 149: loss = 11.1335
2020-04-16 00:55:56,829 INFO Start Evaling...
2020-04-16 00:56:46,527 INFO Head: mr:3640.4 mrr:2.85 hits:5.58
2020-04-16 00:56:46,543 INFO Tail: mr:417.3 mrr:15.22 hits:25.46
2020-04-16 00:56:46,543 INFO All: mr:2028.9 mrr:9.03 hits:15.52
2020-04-16 00:56:46,548 INFO Declined in recent 2 epochs
2020-04-16 00:59:37,817 INFO [171.3] Epoch 150: loss = 11.1646
2020-04-16 01:02:38,066 INFO [180.2] Epoch 151: loss = 11.0696
2020-04-16 01:05:32,528 INFO [174.5] Epoch 152: loss = 11.1031
2020-04-16 01:08:22,997 INFO [170.5] Epoch 153: loss = 11.0914
2020-04-16 01:11:25,122 INFO [182.1] Epoch 154: loss = 11.0231
2020-04-16 01:14:13,504 INFO [168.4] Epoch 155: loss = 10.9867
2020-04-16 01:17:06,131 INFO [172.6] Epoch 156: loss = 10.9756
2020-04-16 01:19:59,498 INFO [173.4] Epoch 157: loss = 10.9388
2020-04-16 01:22:53,849 INFO [174.4] Epoch 158: loss = 10.9725
2020-04-16 01:25:48,354 INFO [174.5] Epoch 159: loss = 10.8884
2020-04-16 01:25:48,354 INFO Start Evaling...
2020-04-16 01:26:40,656 INFO Head: mr:3610.4 mrr:3.06 hits:5.78
2020-04-16 01:26:40,656 INFO Tail: mr:397.9 mrr:15.41 hits:26.88
2020-04-16 01:26:40,657 INFO All: mr:2004.1 mrr:9.24 hits:16.33
2020-04-16 01:26:40,661 INFO Improved and model saved
2020-04-16 01:29:33,811 INFO [173.0] Epoch 160: loss = 10.8616
2020-04-16 01:32:22,716 INFO [168.9] Epoch 161: loss = 10.8682
2020-04-16 01:35:10,897 INFO [168.2] Epoch 162: loss = 10.9822
2020-04-16 01:37:59,493 INFO [168.6] Epoch 163: loss = 10.8030
2020-04-16 01:40:57,698 INFO [178.2] Epoch 164: loss = 10.7503
2020-04-16 01:44:07,716 INFO [190.0] Epoch 165: loss = 10.8632
2020-04-16 01:46:56,650 INFO [168.9] Epoch 166: loss = 10.7604
2020-04-16 01:49:50,620 INFO [174.0] Epoch 167: loss = 10.7824
2020-04-16 01:52:45,754 INFO [175.1] Epoch 168: loss = 10.7675
2020-04-16 01:55:44,635 INFO [178.9] Epoch 169: loss = 10.7656
2020-04-16 01:55:44,635 INFO Start Evaling...
2020-04-16 01:56:35,605 INFO Head: mr:3539.8 mrr:3.04 hits:5.56
2020-04-16 01:56:35,608 INFO Tail: mr:395.2 mrr:14.52 hits:25.10
2020-04-16 01:56:35,609 INFO All: mr:1967.5 mrr:8.78 hits:15.33
2020-04-16 01:56:35,617 INFO Declined in recent 1 epochs
2020-04-16 01:59:21,398 INFO [165.8] Epoch 170: loss = 10.7360
2020-04-16 02:02:13,624 INFO [172.2] Epoch 171: loss = 10.7814
2020-04-16 02:05:08,930 INFO [175.3] Epoch 172: loss = 10.7015
2020-04-16 02:08:04,016 INFO [175.1] Epoch 173: loss = 10.6399
2020-04-16 02:10:57,359 INFO [173.3] Epoch 174: loss = 10.6988
2020-04-16 02:13:51,110 INFO [173.7] Epoch 175: loss = 10.6322
2020-04-16 02:17:03,434 INFO [192.3] Epoch 176: loss = 10.6068
2020-04-16 02:19:52,815 INFO [169.4] Epoch 177: loss = 10.5922
2020-04-16 02:22:38,025 INFO [165.2] Epoch 178: loss = 10.5611
2020-04-16 02:25:25,761 INFO [167.7] Epoch 179: loss = 10.6234
2020-04-16 02:25:25,762 INFO Start Evaling...
2020-04-16 02:26:17,423 INFO Head: mr:3380.0 mrr:2.92 hits:5.20
2020-04-16 02:26:17,425 INFO Tail: mr:395.8 mrr:14.63 hits:25.98
2020-04-16 02:26:17,425 INFO All: mr:1887.9 mrr:8.77 hits:15.59
2020-04-16 02:26:17,430 INFO Declined in recent 2 epochs
2020-04-16 02:29:04,784 INFO [167.4] Epoch 180: loss = 10.5819
2020-04-16 02:31:51,816 INFO [167.0] Epoch 181: loss = 10.4858
2020-04-16 02:34:42,462 INFO [170.6] Epoch 182: loss = 10.4128
2020-04-16 02:37:28,876 INFO [166.4] Epoch 183: loss = 10.5883
2020-04-16 02:40:12,228 INFO [163.4] Epoch 184: loss = 10.5114
2020-04-16 02:42:57,411 INFO [165.2] Epoch 185: loss = 10.4387
2020-04-16 02:45:39,037 INFO [161.6] Epoch 186: loss = 10.4517
2020-04-16 02:48:22,780 INFO [163.7] Epoch 187: loss = 10.5039
2020-04-16 02:51:09,599 INFO [166.8] Epoch 188: loss = 10.5097
2020-04-16 02:53:54,996 INFO [165.4] Epoch 189: loss = 10.4843
2020-04-16 02:53:54,997 INFO Start Evaling...
2020-04-16 02:54:44,124 INFO Head: mr:3441.8 mrr:2.85 hits:5.22
2020-04-16 02:54:44,131 INFO Tail: mr:384.0 mrr:14.31 hits:26.56
2020-04-16 02:54:44,134 INFO All: mr:1912.9 mrr:8.58 hits:15.89
2020-04-16 02:54:44,141 INFO Declined in recent 3 epochs
2020-04-16 02:57:27,840 INFO [163.7] Epoch 190: loss = 10.3949
2020-04-16 03:00:14,334 INFO [166.5] Epoch 191: loss = 10.3152
2020-04-16 03:03:07,523 INFO [173.2] Epoch 192: loss = 10.4331
2020-04-16 03:05:54,422 INFO [166.9] Epoch 193: loss = 10.3378
2020-04-16 03:08:43,753 INFO [169.3] Epoch 194: loss = 10.4170
2020-04-16 03:11:29,914 INFO [166.2] Epoch 195: loss = 10.4163
2020-04-16 03:14:19,996 INFO [170.1] Epoch 196: loss = 10.2670
2020-04-16 03:17:03,476 INFO [163.5] Epoch 197: loss = 10.3248
2020-04-16 03:19:47,842 INFO [164.4] Epoch 198: loss = 10.3247
2020-04-16 03:22:36,673 INFO [168.8] Epoch 199: loss = 10.3261
2020-04-16 03:22:36,673 INFO Start Evaling...
2020-04-16 03:23:24,227 INFO Head: mr:3526.2 mrr:2.90 hits:5.26
2020-04-16 03:23:24,230 INFO Tail: mr:370.8 mrr:15.15 hits:26.22
2020-04-16 03:23:24,232 INFO All: mr:1948.5 mrr:9.02 hits:15.74
2020-04-16 03:23:24,239 INFO Declined in recent 4 epochs
2020-04-16 03:26:09,128 INFO [164.9] Epoch 200: loss = 10.2661
2020-04-16 03:29:02,991 INFO [173.9] Epoch 201: loss = 10.2332
2020-04-16 03:31:53,180 INFO [170.2] Epoch 202: loss = 10.2060
2020-04-16 03:34:39,638 INFO [166.5] Epoch 203: loss = 10.1686
2020-04-16 03:37:25,099 INFO [165.5] Epoch 204: loss = 10.2631
2020-04-16 03:40:04,640 INFO [159.5] Epoch 205: loss = 10.1244
2020-04-16 03:42:01,768 INFO [117.1] Epoch 206: loss = 10.1814
2020-04-16 03:43:49,270 INFO [107.5] Epoch 207: loss = 10.2197
2020-04-16 03:45:41,187 INFO [111.9] Epoch 208: loss = 10.1502
2020-04-16 03:47:32,631 INFO [111.4] Epoch 209: loss = 10.0616
2020-04-16 03:47:32,631 INFO Start Evaling...
2020-04-16 03:47:59,405 INFO Head: mr:3422.9 mrr:2.82 hits:5.52
2020-04-16 03:47:59,408 INFO Tail: mr:373.2 mrr:14.96 hits:26.38
2020-04-16 03:47:59,410 INFO All: mr:1898.0 mrr:8.89 hits:15.95
2020-04-16 03:47:59,417 INFO Declined in recent 5 epochs
2020-04-16 03:47:59,419 INFO Early stopping
2020-04-16 03:47:59,419 INFO Train done
2020-04-16 03:47:59,439 INFO Start Evaling...
2020-04-16 03:48:28,989 INFO Head: mr:3484.4 mrr:3.08 hits:5.92
2020-04-16 03:48:28,992 INFO Tail: mr:454.2 mrr:14.85 hits:25.50
2020-04-16 03:48:28,994 INFO All: mr:1969.3 mrr:8.97 hits:15.71
