2020-04-15 17:23:46,736 INFO EPOCH: 1000
2020-04-15 17:23:46,736 INFO EVERY: 10
2020-04-15 17:23:46,736 INFO LR: 0.001
2020-04-15 17:23:46,736 INFO DIM: 64
2020-04-15 17:23:46,736 INFO BATCH_SIZE: 512
2020-04-15 17:23:46,737 INFO BATCH_SIZE2: 50
2020-04-15 17:23:46,737 INFO P: 1
2020-04-15 17:23:46,737 INFO CLIPPING_MAX_VALUE: 4.0
2020-04-15 17:23:46,737 INFO OPTIM: Adam
2020-04-15 17:23:46,737 INFO N_SAMPLE: 12
2020-04-15 17:23:46,737 INFO MODE: rand
2020-04-15 17:23:46,737 INFO GAMMA: 12.0
2020-04-15 17:23:46,737 INFO BERN: True
2020-04-15 17:23:46,737 INFO MARGIN: 4.0
2020-04-15 17:23:46,737 INFO REG: 1.0
2020-04-15 17:23:46,737 INFO LABEL_SMOOTH_EPS: 0.1
2020-04-15 17:23:46,737 INFO INPUT_DROP: 0.2
2020-04-15 17:23:46,737 INFO FEAT_DROP: 0.2
2020-04-15 17:23:46,737 INFO HIDD_DROP: 0.3
2020-04-15 17:23:46,737 INFO CHANNELS: 50
2020-04-15 17:23:46,737 INFO KERNEL_SIZE: 3
2020-04-15 17:23:46,737 INFO N_POOL: 100
2020-04-15 17:23:46,737 INFO MODEL_D: TransH
2020-04-15 17:23:46,737 INFO MODEL_G: DistMult
2020-04-15 17:23:46,738 INFO SCRATCH: False
2020-04-15 17:23:46,738 INFO D_FILE: None
2020-04-15 17:23:46,738 INFO G_FILE: None
2020-04-15 17:23:46,738 INFO PATH: data
2020-04-15 17:23:46,738 INFO DATA: YAGO3-10
2020-04-15 17:23:46,738 INFO EXP_PATH: experiment/YAGO3-10
2020-04-15 17:23:46,738 INFO MODEL: DistMult
2020-04-15 17:23:46,738 INFO V: 0
2020-04-15 17:23:46,738 INFO F: False
2020-04-15 17:23:46,738 INFO EVAL: False
2020-04-15 17:23:46,738 INFO TRAINED: False
2020-04-15 17:23:46,738 INFO PRETRAINED_NAME: None
2020-04-15 17:23:46,738 INFO EXP_NAME: DistMult-YAGO3-10-rand-0
2020-04-15 17:23:46,738 INFO --------------------------------------
2020-04-15 17:24:35,152 INFO Dataload done
2020-04-15 17:24:35,152 INFO --------------------------------------
2020-04-15 17:24:35,152 INFO N_ENTITY: 123182
2020-04-15 17:24:35,152 INFO N_RELATION: 37
2020-04-15 17:24:35,152 INFO --------------------------------------
2020-04-15 17:24:45,524 INFO Start Evaling...
2020-04-15 17:25:58,782 INFO Head: mr:59720.1 mrr:0.01 hits:0.00
2020-04-15 17:25:58,790 INFO Tail: mr:61643.9 mrr:0.01 hits:0.00
2020-04-15 17:25:58,792 INFO All: mr:60682.0 mrr:0.01 hits:0.00
2020-04-15 17:25:58,799 INFO Start Training...
2020-04-15 17:29:53,485 INFO [234.7] Epoch 0: loss = 636.4300
2020-04-15 17:33:37,373 INFO [223.9] Epoch 1: loss = 346.5562
2020-04-15 17:37:15,715 INFO [218.3] Epoch 2: loss = 218.5526
2020-04-15 17:40:50,654 INFO [214.9] Epoch 3: loss = 169.5152
2020-04-15 17:44:33,922 INFO [223.3] Epoch 4: loss = 141.9667
2020-04-15 17:48:14,499 INFO [220.6] Epoch 5: loss = 124.6382
2020-04-15 17:51:58,467 INFO [224.0] Epoch 6: loss = 111.9697
2020-04-15 17:55:55,171 INFO [236.7] Epoch 7: loss = 103.0979
2020-04-15 18:00:06,700 INFO [251.5] Epoch 8: loss = 96.1042
2020-04-15 18:04:10,158 INFO [243.5] Epoch 9: loss = 91.0674
2020-04-15 18:04:10,159 INFO Start Evaling...
2020-04-15 18:05:18,929 INFO Head: mr:5060.6 mrr:2.02 hits:4.16
2020-04-15 18:05:18,930 INFO Tail: mr:1012.4 mrr:17.46 hits:30.66
2020-04-15 18:05:18,930 INFO All: mr:3036.5 mrr:9.74 hits:17.41
2020-04-15 18:05:18,934 INFO Improved and model saved
2020-04-15 18:08:49,553 INFO [210.5] Epoch 10: loss = 86.9389
2020-04-15 18:12:30,207 INFO [220.7] Epoch 11: loss = 83.5887
2020-04-15 18:16:13,598 INFO [223.4] Epoch 12: loss = 80.7535
2020-04-15 18:19:54,335 INFO [220.7] Epoch 13: loss = 78.9353
2020-04-15 18:23:37,897 INFO [223.6] Epoch 14: loss = 76.8393
2020-04-15 18:27:23,132 INFO [225.2] Epoch 15: loss = 75.1424
2020-04-15 18:31:09,032 INFO [225.9] Epoch 16: loss = 73.5979
2020-04-15 18:35:03,093 INFO [234.1] Epoch 17: loss = 72.4835
2020-04-15 18:38:33,804 INFO [210.7] Epoch 18: loss = 71.1599
2020-04-15 18:41:44,069 INFO [190.3] Epoch 19: loss = 70.0616
2020-04-15 18:41:44,069 INFO Start Evaling...
2020-04-15 18:42:37,649 INFO Head: mr:4281.3 mrr:3.54 hits:6.84
2020-04-15 18:42:37,656 INFO Tail: mr:823.5 mrr:18.05 hits:32.66
2020-04-15 18:42:37,657 INFO All: mr:2552.4 mrr:10.80 hits:19.75
2020-04-15 18:42:37,661 INFO Improved and model saved
2020-04-15 18:45:51,842 INFO [194.1] Epoch 20: loss = 69.3104
2020-04-15 18:49:01,135 INFO [189.3] Epoch 21: loss = 68.1871
2020-04-15 18:52:07,512 INFO [186.4] Epoch 22: loss = 67.5507
2020-04-15 18:55:16,579 INFO [189.1] Epoch 23: loss = 66.6843
2020-04-15 18:58:24,165 INFO [187.6] Epoch 24: loss = 66.0228
2020-04-15 19:01:31,075 INFO [186.9] Epoch 25: loss = 65.4524
2020-04-15 19:04:44,288 INFO [193.2] Epoch 26: loss = 64.8778
2020-04-15 19:07:56,477 INFO [192.2] Epoch 27: loss = 64.1489
2020-04-15 19:11:02,859 INFO [186.4] Epoch 28: loss = 63.6879
2020-04-15 19:14:21,027 INFO [198.2] Epoch 29: loss = 63.2036
2020-04-15 19:14:21,028 INFO Start Evaling...
2020-04-15 19:15:16,079 INFO Head: mr:3988.3 mrr:4.05 hits:7.78
2020-04-15 19:15:16,082 INFO Tail: mr:781.3 mrr:18.58 hits:33.44
2020-04-15 19:15:16,083 INFO All: mr:2384.8 mrr:11.32 hits:20.61
2020-04-15 19:15:16,087 INFO Improved and model saved
2020-04-15 19:18:21,458 INFO [185.3] Epoch 30: loss = 62.8469
2020-04-15 19:21:34,997 INFO [193.5] Epoch 31: loss = 62.3763
2020-04-15 19:24:44,690 INFO [189.7] Epoch 32: loss = 61.9699
2020-04-15 19:27:43,466 INFO [178.8] Epoch 33: loss = 61.6956
2020-04-15 19:30:43,499 INFO [180.0] Epoch 34: loss = 61.2371
2020-04-15 19:33:43,158 INFO [179.7] Epoch 35: loss = 60.9334
2020-04-15 19:36:56,359 INFO [193.2] Epoch 36: loss = 60.6440
2020-04-15 19:39:58,578 INFO [182.2] Epoch 37: loss = 60.3907
2020-04-15 19:42:59,011 INFO [180.4] Epoch 38: loss = 59.8641
2020-04-15 19:46:06,511 INFO [187.5] Epoch 39: loss = 59.6620
2020-04-15 19:46:06,512 INFO Start Evaling...
2020-04-15 19:47:01,462 INFO Head: mr:3836.0 mrr:4.16 hits:8.00
2020-04-15 19:47:01,462 INFO Tail: mr:731.1 mrr:19.08 hits:35.32
2020-04-15 19:47:01,462 INFO All: mr:2283.5 mrr:11.62 hits:21.66
2020-04-15 19:47:01,472 INFO Improved and model saved
2020-04-15 19:49:59,186 INFO [177.7] Epoch 40: loss = 59.6735
2020-04-15 19:53:07,638 INFO [188.5] Epoch 41: loss = 59.1793
2020-04-15 19:56:06,055 INFO [178.4] Epoch 42: loss = 58.8275
2020-04-15 19:59:16,665 INFO [190.6] Epoch 43: loss = 58.5346
2020-04-15 20:02:27,901 INFO [191.2] Epoch 44: loss = 58.3656
2020-04-15 20:05:42,040 INFO [194.1] Epoch 45: loss = 58.0949
2020-04-15 20:08:51,719 INFO [189.7] Epoch 46: loss = 57.8768
2020-04-15 20:12:07,041 INFO [195.3] Epoch 47: loss = 57.7240
2020-04-15 20:15:18,276 INFO [191.2] Epoch 48: loss = 57.5640
2020-04-15 20:18:20,565 INFO [182.3] Epoch 49: loss = 57.3257
2020-04-15 20:18:20,565 INFO Start Evaling...
2020-04-15 20:19:14,511 INFO Head: mr:3863.0 mrr:4.02 hits:7.82
2020-04-15 20:19:14,514 INFO Tail: mr:712.0 mrr:19.79 hits:35.44
2020-04-15 20:19:14,515 INFO All: mr:2287.5 mrr:11.90 hits:21.63
2020-04-15 20:19:14,521 INFO Declined in recent 1 epochs
2020-04-15 20:22:25,865 INFO [191.3] Epoch 50: loss = 57.1345
2020-04-15 20:25:30,233 INFO [184.4] Epoch 51: loss = 56.9675
2020-04-15 20:28:37,296 INFO [187.1] Epoch 52: loss = 56.9530
2020-04-15 20:31:46,656 INFO [189.4] Epoch 53: loss = 56.5838
2020-04-15 20:34:59,402 INFO [192.7] Epoch 54: loss = 56.3211
2020-04-15 20:38:04,531 INFO [185.1] Epoch 55: loss = 56.1919
2020-04-15 20:41:02,304 INFO [177.8] Epoch 56: loss = 56.0330
2020-04-15 20:44:09,629 INFO [187.3] Epoch 57: loss = 55.8762
2020-04-15 20:47:10,573 INFO [180.9] Epoch 58: loss = 55.8560
2020-04-15 20:50:15,999 INFO [185.4] Epoch 59: loss = 55.4879
2020-04-15 20:50:16,000 INFO Start Evaling...
2020-04-15 20:51:11,547 INFO Head: mr:3556.2 mrr:3.82 hits:7.40
2020-04-15 20:51:11,551 INFO Tail: mr:692.5 mrr:20.11 hits:35.24
2020-04-15 20:51:11,553 INFO All: mr:2124.4 mrr:11.97 hits:21.32
2020-04-15 20:51:11,559 INFO Declined in recent 2 epochs
2020-04-15 20:54:19,180 INFO [187.6] Epoch 60: loss = 55.4785
2020-04-15 20:57:24,205 INFO [185.0] Epoch 61: loss = 55.4087
2020-04-15 21:00:29,938 INFO [185.7] Epoch 62: loss = 55.2191
2020-04-15 21:03:47,314 INFO [197.4] Epoch 63: loss = 55.1845
2020-04-15 21:06:57,603 INFO [190.3] Epoch 64: loss = 55.0294
2020-04-15 21:10:07,117 INFO [189.5] Epoch 65: loss = 54.7110
2020-04-15 21:13:13,241 INFO [186.1] Epoch 66: loss = 54.5988
2020-04-15 21:16:25,314 INFO [192.1] Epoch 67: loss = 54.5693
2020-04-15 21:19:33,735 INFO [188.4] Epoch 68: loss = 54.4697
2020-04-15 21:22:45,992 INFO [192.3] Epoch 69: loss = 54.3216
2020-04-15 21:22:45,992 INFO Start Evaling...
2020-04-15 21:23:40,922 INFO Head: mr:3907.7 mrr:4.11 hits:7.54
2020-04-15 21:23:40,943 INFO Tail: mr:683.0 mrr:19.79 hits:35.66
2020-04-15 21:23:40,945 INFO All: mr:2295.3 mrr:11.95 hits:21.60
2020-04-15 21:23:40,950 INFO Declined in recent 3 epochs
2020-04-15 21:26:44,072 INFO [183.1] Epoch 70: loss = 54.1289
2020-04-15 21:29:49,536 INFO [185.5] Epoch 71: loss = 54.1771
2020-04-15 21:33:01,111 INFO [191.6] Epoch 72: loss = 53.9054
2020-04-15 21:36:07,119 INFO [186.0] Epoch 73: loss = 54.0932
2020-04-15 21:39:09,996 INFO [182.9] Epoch 74: loss = 53.8788
2020-04-15 21:42:20,612 INFO [190.6] Epoch 75: loss = 53.6815
2020-04-15 21:45:27,444 INFO [186.8] Epoch 76: loss = 53.6258
2020-04-15 21:48:31,967 INFO [184.5] Epoch 77: loss = 53.3962
2020-04-15 21:51:41,295 INFO [189.3] Epoch 78: loss = 53.4323
2020-04-15 21:54:49,945 INFO [188.6] Epoch 79: loss = 53.3606
2020-04-15 21:54:49,945 INFO Start Evaling...
2020-04-15 21:55:42,456 INFO Head: mr:3580.2 mrr:3.98 hits:8.06
2020-04-15 21:55:42,460 INFO Tail: mr:644.2 mrr:19.56 hits:36.58
2020-04-15 21:55:42,462 INFO All: mr:2112.2 mrr:11.77 hits:22.32
2020-04-15 21:55:42,468 INFO Improved and model saved
2020-04-15 21:58:44,669 INFO [182.1] Epoch 80: loss = 53.3322
2020-04-15 22:01:51,626 INFO [187.0] Epoch 81: loss = 53.3116
2020-04-15 22:04:56,341 INFO [184.7] Epoch 82: loss = 53.1241
2020-04-15 22:08:06,582 INFO [190.2] Epoch 83: loss = 53.0052
2020-04-15 22:11:07,530 INFO [180.9] Epoch 84: loss = 52.9768
2020-04-15 22:14:19,894 INFO [192.4] Epoch 85: loss = 52.7729
2020-04-15 22:17:24,380 INFO [184.5] Epoch 86: loss = 52.7131
2020-04-15 22:20:35,503 INFO [191.1] Epoch 87: loss = 52.6490
2020-04-15 22:23:44,100 INFO [188.6] Epoch 88: loss = 52.6093
2020-04-15 22:26:46,893 INFO [182.8] Epoch 89: loss = 52.5925
2020-04-15 22:26:46,893 INFO Start Evaling...
2020-04-15 22:27:38,070 INFO Head: mr:3477.7 mrr:3.86 hits:7.92
2020-04-15 22:27:38,073 INFO Tail: mr:632.7 mrr:19.95 hits:36.80
2020-04-15 22:27:38,075 INFO All: mr:2055.2 mrr:11.90 hits:22.36
2020-04-15 22:27:38,081 INFO Improved and model saved
2020-04-15 22:30:49,821 INFO [191.7] Epoch 90: loss = 52.3212
2020-04-15 22:34:02,052 INFO [192.2] Epoch 91: loss = 52.3982
2020-04-15 22:37:06,684 INFO [184.6] Epoch 92: loss = 52.5588
2020-04-15 22:40:13,596 INFO [186.9] Epoch 93: loss = 52.3074
2020-04-15 22:43:25,457 INFO [191.9] Epoch 94: loss = 52.3323
2020-04-15 22:46:27,790 INFO [182.3] Epoch 95: loss = 52.1213
2020-04-15 22:49:33,064 INFO [185.3] Epoch 96: loss = 52.1609
2020-04-15 22:52:45,428 INFO [192.4] Epoch 97: loss = 52.1336
2020-04-15 22:55:49,204 INFO [183.8] Epoch 98: loss = 52.0642
2020-04-15 22:58:56,129 INFO [186.9] Epoch 99: loss = 51.9166
2020-04-15 22:58:56,130 INFO Start Evaling...
2020-04-15 22:59:53,514 INFO Head: mr:3690.3 mrr:3.61 hits:7.68
2020-04-15 22:59:53,532 INFO Tail: mr:603.0 mrr:19.95 hits:36.70
2020-04-15 22:59:53,532 INFO All: mr:2146.7 mrr:11.78 hits:22.19
2020-04-15 22:59:53,537 INFO Declined in recent 1 epochs
2020-04-15 23:03:04,702 INFO [191.2] Epoch 100: loss = 52.1050
2020-04-15 23:06:12,787 INFO [188.1] Epoch 101: loss = 51.9500
2020-04-15 23:09:22,562 INFO [189.8] Epoch 102: loss = 51.8772
2020-04-15 23:12:27,695 INFO [185.1] Epoch 103: loss = 51.7441
2020-04-15 23:15:34,850 INFO [187.2] Epoch 104: loss = 51.6782
2020-04-15 23:18:40,301 INFO [185.5] Epoch 105: loss = 51.5953
2020-04-15 23:21:33,103 INFO [172.8] Epoch 106: loss = 51.7158
2020-04-15 23:24:43,581 INFO [190.5] Epoch 107: loss = 51.6576
2020-04-15 23:27:45,351 INFO [181.8] Epoch 108: loss = 51.5114
2020-04-15 23:30:49,469 INFO [184.1] Epoch 109: loss = 51.7294
2020-04-15 23:30:49,470 INFO Start Evaling...
2020-04-15 23:31:41,600 INFO Head: mr:3623.9 mrr:3.87 hits:8.06
2020-04-15 23:31:41,609 INFO Tail: mr:616.7 mrr:20.10 hits:37.46
2020-04-15 23:31:41,611 INFO All: mr:2120.3 mrr:11.99 hits:22.76
2020-04-15 23:31:41,618 INFO Improved and model saved
2020-04-15 23:34:55,513 INFO [193.8] Epoch 110: loss = 51.6884
2020-04-15 23:38:00,574 INFO [185.1] Epoch 111: loss = 51.6073
2020-04-15 23:41:05,648 INFO [185.1] Epoch 112: loss = 51.4521
2020-04-15 23:44:14,618 INFO [189.0] Epoch 113: loss = 51.5435
2020-04-15 23:47:15,814 INFO [181.2] Epoch 114: loss = 51.3851
2020-04-15 23:50:22,477 INFO [186.7] Epoch 115: loss = 51.3120
2020-04-15 23:53:31,406 INFO [188.9] Epoch 116: loss = 51.2415
2020-04-15 23:56:33,560 INFO [182.2] Epoch 117: loss = 51.3579
2020-04-15 23:59:42,263 INFO [188.7] Epoch 118: loss = 51.3179
2020-04-16 00:02:59,327 INFO [197.1] Epoch 119: loss = 51.1248
2020-04-16 00:02:59,327 INFO Start Evaling...
2020-04-16 00:03:52,082 INFO Head: mr:3537.3 mrr:3.85 hits:7.58
2020-04-16 00:03:52,088 INFO Tail: mr:593.5 mrr:20.07 hits:36.84
2020-04-16 00:03:52,090 INFO All: mr:2065.4 mrr:11.96 hits:22.21
2020-04-16 00:03:52,094 INFO Declined in recent 1 epochs
2020-04-16 00:07:01,486 INFO [189.4] Epoch 120: loss = 51.0219
2020-04-16 00:10:09,132 INFO [187.6] Epoch 121: loss = 51.2644
2020-04-16 00:13:16,277 INFO [187.1] Epoch 122: loss = 51.3465
2020-04-16 00:16:25,714 INFO [189.4] Epoch 123: loss = 51.1810
2020-04-16 00:19:31,457 INFO [185.7] Epoch 124: loss = 51.0560
2020-04-16 00:22:43,100 INFO [191.6] Epoch 125: loss = 51.0486
2020-04-16 00:25:51,685 INFO [188.6] Epoch 126: loss = 50.9964
2020-04-16 00:29:05,359 INFO [193.7] Epoch 127: loss = 50.9165
2020-04-16 00:32:12,319 INFO [187.0] Epoch 128: loss = 50.9518
2020-04-16 00:35:33,057 INFO [200.7] Epoch 129: loss = 50.9699
2020-04-16 00:35:33,058 INFO Start Evaling...
2020-04-16 00:36:29,244 INFO Head: mr:3486.3 mrr:3.66 hits:7.72
2020-04-16 00:36:29,250 INFO Tail: mr:617.6 mrr:20.17 hits:37.02
2020-04-16 00:36:29,252 INFO All: mr:2051.9 mrr:11.91 hits:22.37
2020-04-16 00:36:29,261 INFO Declined in recent 2 epochs
2020-04-16 00:39:40,094 INFO [190.8] Epoch 130: loss = 50.7297
2020-04-16 00:42:50,482 INFO [190.4] Epoch 131: loss = 51.1442
2020-04-16 00:46:05,759 INFO [195.3] Epoch 132: loss = 50.8157
2020-04-16 00:49:14,894 INFO [189.1] Epoch 133: loss = 50.7154
2020-04-16 00:52:23,268 INFO [188.4] Epoch 134: loss = 50.7290
2020-04-16 00:55:38,592 INFO [195.3] Epoch 135: loss = 50.8133
2020-04-16 00:58:58,216 INFO [199.6] Epoch 136: loss = 50.5973
2020-04-16 01:02:07,991 INFO [189.8] Epoch 137: loss = 50.4741
2020-04-16 01:05:17,898 INFO [189.9] Epoch 138: loss = 50.5759
2020-04-16 01:08:31,278 INFO [193.4] Epoch 139: loss = 50.5020
2020-04-16 01:08:31,278 INFO Start Evaling...
2020-04-16 01:09:32,215 INFO Head: mr:3426.0 mrr:3.88 hits:7.70
2020-04-16 01:09:32,215 INFO Tail: mr:587.1 mrr:20.01 hits:37.46
2020-04-16 01:09:32,216 INFO All: mr:2006.5 mrr:11.94 hits:22.58
2020-04-16 01:09:32,229 INFO Declined in recent 3 epochs
2020-04-16 01:12:39,590 INFO [187.4] Epoch 140: loss = 50.7408
2020-04-16 01:15:49,711 INFO [190.1] Epoch 141: loss = 50.5927
2020-04-16 01:18:58,690 INFO [189.0] Epoch 142: loss = 50.4320
2020-04-16 01:22:12,079 INFO [193.4] Epoch 143: loss = 50.5362
2020-04-16 01:25:22,122 INFO [190.0] Epoch 144: loss = 50.3919
2020-04-16 01:28:37,291 INFO [195.2] Epoch 145: loss = 50.5506
2020-04-16 01:31:44,529 INFO [187.2] Epoch 146: loss = 50.4157
2020-04-16 01:34:50,162 INFO [185.6] Epoch 147: loss = 50.3418
2020-04-16 01:38:03,585 INFO [193.4] Epoch 148: loss = 50.3575
2020-04-16 01:41:10,329 INFO [186.7] Epoch 149: loss = 50.3494
2020-04-16 01:41:10,330 INFO Start Evaling...
2020-04-16 01:42:03,642 INFO Head: mr:3483.1 mrr:3.80 hits:7.98
2020-04-16 01:42:03,644 INFO Tail: mr:569.3 mrr:19.93 hits:37.30
2020-04-16 01:42:03,644 INFO All: mr:2026.2 mrr:11.86 hits:22.64
2020-04-16 01:42:03,649 INFO Declined in recent 4 epochs
2020-04-16 01:45:15,938 INFO [192.3] Epoch 150: loss = 50.3479
2020-04-16 01:48:27,019 INFO [191.1] Epoch 151: loss = 50.6758
2020-04-16 01:51:36,118 INFO [189.1] Epoch 152: loss = 50.4245
2020-04-16 01:54:41,671 INFO [185.6] Epoch 153: loss = 50.2543
2020-04-16 01:57:55,087 INFO [193.4] Epoch 154: loss = 50.3583
2020-04-16 02:01:07,103 INFO [192.0] Epoch 155: loss = 50.3609
2020-04-16 02:04:19,106 INFO [192.0] Epoch 156: loss = 50.2918
2020-04-16 02:07:29,644 INFO [190.5] Epoch 157: loss = 50.1770
2020-04-16 02:10:35,552 INFO [185.9] Epoch 158: loss = 50.2764
2020-04-16 02:13:48,206 INFO [192.7] Epoch 159: loss = 50.1933
2020-04-16 02:13:48,206 INFO Start Evaling...
2020-04-16 02:14:42,153 INFO Head: mr:3411.0 mrr:3.81 hits:7.62
2020-04-16 02:14:42,153 INFO Tail: mr:589.7 mrr:20.15 hits:37.14
2020-04-16 02:14:42,153 INFO All: mr:2000.4 mrr:11.98 hits:22.38
2020-04-16 02:14:42,158 INFO Declined in recent 5 epochs
2020-04-16 02:14:42,159 INFO Early stopping
2020-04-16 02:14:42,159 INFO Train done
2020-04-16 02:14:42,198 INFO Start Evaling...
2020-04-16 02:15:37,117 INFO Head: mr:3390.0 mrr:4.30 hits:8.64
2020-04-16 02:15:37,120 INFO Tail: mr:684.3 mrr:19.37 hits:36.20
2020-04-16 02:15:37,122 INFO All: mr:2037.2 mrr:11.83 hits:22.42
