2020-04-16 22:04:11,863 INFO EPOCH: 1000
2020-04-16 22:04:11,867 INFO EVERY: 10
2020-04-16 22:04:11,867 INFO LR: 0.001
2020-04-16 22:04:11,867 INFO DIM: 100
2020-04-16 22:04:11,867 INFO BATCH_SIZE: 128
2020-04-16 22:04:11,867 INFO BATCH_SIZE2: 25
2020-04-16 22:04:11,867 INFO P: 1
2020-04-16 22:04:11,867 INFO CLIPPING_MAX_VALUE: 4.0
2020-04-16 22:04:11,867 INFO OPTIM: Adam
2020-04-16 22:04:11,868 INFO N_SAMPLE: 12
2020-04-16 22:04:11,868 INFO MODE: rand
2020-04-16 22:04:11,868 INFO GAMMA: 12.0
2020-04-16 22:04:11,868 INFO BERN: False
2020-04-16 22:04:11,868 INFO MARGIN: 4.0
2020-04-16 22:04:11,868 INFO REG: 1.0
2020-04-16 22:04:11,868 INFO LABEL_SMOOTH_EPS: 0.1
2020-04-16 22:04:11,868 INFO INPUT_DROP: 0.2
2020-04-16 22:04:11,868 INFO FEAT_DROP: 0.2
2020-04-16 22:04:11,868 INFO HIDD_DROP: 0.3
2020-04-16 22:04:11,868 INFO CHANNELS: 50
2020-04-16 22:04:11,868 INFO KERNEL_SIZE: 3
2020-04-16 22:04:11,868 INFO N_POOL: 100
2020-04-16 22:04:11,868 INFO MODEL_D: TransH
2020-04-16 22:04:11,868 INFO MODEL_G: DistMult
2020-04-16 22:04:11,869 INFO SCRATCH: True
2020-04-16 22:04:11,869 INFO D_FILE: None
2020-04-16 22:04:11,869 INFO G_FILE: None
2020-04-16 22:04:11,869 INFO PATH: data
2020-04-16 22:04:11,869 INFO DATA: YAGO3-10
2020-04-16 22:04:11,869 INFO EXP_PATH: experiment/YAGO3-10
2020-04-16 22:04:11,869 INFO MODEL: Kbgan
2020-04-16 22:04:11,869 INFO V: 0
2020-04-16 22:04:11,869 INFO F: False
2020-04-16 22:04:11,869 INFO EVAL: False
2020-04-16 22:04:11,869 INFO TRAINED: False
2020-04-16 22:04:11,869 INFO PRETRAINED_NAME: None
2020-04-16 22:04:11,869 INFO EXP_NAME: Kbgan-YAGO3-10-rand-0
2020-04-16 22:04:11,869 INFO --------------------------------------
2020-04-16 22:04:35,168 INFO Dataload done
2020-04-16 22:04:35,168 INFO --------------------------------------
2020-04-16 22:04:35,168 INFO N_ENTITY: 123182
2020-04-16 22:04:35,168 INFO N_RELATION: 37
2020-04-16 22:04:35,168 INFO --------------------------------------
2020-04-16 22:04:39,373 INFO Start Evaling...
2020-04-16 22:05:19,911 INFO Head: mr:60063.3 mrr:0.01 hits:0.02
2020-04-16 22:05:19,914 INFO Tail: mr:57482.5 mrr:0.01 hits:0.00
2020-04-16 22:05:19,915 INFO All: mr:58772.9 mrr:0.01 hits:0.01
2020-04-16 22:05:19,919 INFO Start Training...
2020-04-16 22:07:33,932 INFO [134.0] Epoch 0: loss = 126.4330
2020-04-16 22:09:47,695 INFO [133.8] Epoch 1: loss = 79.2430
2020-04-16 22:12:04,912 INFO [137.2] Epoch 2: loss = 48.8108
2020-04-16 22:14:22,815 INFO [137.9] Epoch 3: loss = 37.8928
2020-04-16 22:16:43,056 INFO [140.2] Epoch 4: loss = 32.6098
2020-04-16 22:19:00,375 INFO [137.3] Epoch 5: loss = 29.1488
2020-04-16 22:21:18,058 INFO [137.7] Epoch 6: loss = 26.9027
2020-04-16 22:23:36,250 INFO [138.2] Epoch 7: loss = 25.0148
2020-04-16 22:25:55,990 INFO [139.7] Epoch 8: loss = 23.6973
2020-04-16 22:28:18,089 INFO [142.1] Epoch 9: loss = 22.4523
2020-04-16 22:28:18,090 INFO Start Evaling...
2020-04-16 22:28:56,374 INFO Head: mr:2845.6 mrr:6.29 hits:11.86
2020-04-16 22:28:56,374 INFO Tail: mr:595.9 mrr:22.88 hits:42.12
2020-04-16 22:28:56,374 INFO All: mr:1720.7 mrr:14.58 hits:26.99
2020-04-16 22:28:56,377 INFO Improved and model saved
2020-04-16 22:31:17,315 INFO [140.8] Epoch 10: loss = 21.2396
2020-04-16 22:33:36,178 INFO [138.9] Epoch 11: loss = 20.5524
2020-04-16 22:35:56,471 INFO [140.3] Epoch 12: loss = 19.5163
2020-04-16 22:38:15,899 INFO [139.4] Epoch 13: loss = 18.9588
2020-04-16 22:40:34,710 INFO [138.8] Epoch 14: loss = 18.3801
2020-04-16 22:42:53,926 INFO [139.2] Epoch 15: loss = 17.8532
2020-04-16 22:45:13,784 INFO [139.9] Epoch 16: loss = 17.4783
2020-04-16 22:47:33,412 INFO [139.6] Epoch 17: loss = 17.0810
2020-04-16 22:49:52,575 INFO [139.2] Epoch 18: loss = 16.8205
2020-04-16 22:52:11,816 INFO [139.2] Epoch 19: loss = 16.4372
2020-04-16 22:52:11,817 INFO Start Evaling...
2020-04-16 22:52:47,566 INFO Head: mr:2529.1 mrr:6.19 hits:12.20
2020-04-16 22:52:47,568 INFO Tail: mr:544.3 mrr:20.86 hits:38.16
2020-04-16 22:52:47,568 INFO All: mr:1536.7 mrr:13.52 hits:25.18
2020-04-16 22:52:47,574 INFO Declined in recent 1 epochs
2020-04-16 22:55:08,929 INFO [141.4] Epoch 20: loss = 16.0866
2020-04-16 22:57:27,087 INFO [138.2] Epoch 21: loss = 15.8630
2020-04-16 22:59:46,157 INFO [139.1] Epoch 22: loss = 15.5858
2020-04-16 23:02:02,854 INFO [136.7] Epoch 23: loss = 15.4803
2020-04-16 23:04:09,918 INFO [127.1] Epoch 24: loss = 15.2699
2020-04-16 23:06:31,492 INFO [141.6] Epoch 25: loss = 15.0336
2020-04-16 23:08:43,836 INFO [132.3] Epoch 26: loss = 14.8362
2020-04-16 23:11:08,203 INFO [144.4] Epoch 27: loss = 14.6152
2020-04-16 23:13:15,759 INFO [127.6] Epoch 28: loss = 14.5035
2020-04-16 23:15:27,250 INFO [131.5] Epoch 29: loss = 14.3990
2020-04-16 23:15:27,250 INFO Start Evaling...
2020-04-16 23:16:06,464 INFO Head: mr:2544.7 mrr:6.37 hits:12.72
2020-04-16 23:16:06,468 INFO Tail: mr:534.6 mrr:19.37 hits:35.26
2020-04-16 23:16:06,468 INFO All: mr:1539.7 mrr:12.87 hits:23.99
2020-04-16 23:16:06,474 INFO Declined in recent 2 epochs
2020-04-16 23:18:24,034 INFO [137.6] Epoch 30: loss = 14.4101
2020-04-16 23:20:34,899 INFO [130.9] Epoch 31: loss = 14.3793
2020-04-16 23:22:43,972 INFO [129.1] Epoch 32: loss = 14.3290
2020-04-16 23:24:57,025 INFO [133.1] Epoch 33: loss = 14.3039
2020-04-16 23:26:59,408 INFO [122.4] Epoch 34: loss = 14.1865
2020-04-16 23:29:03,320 INFO [123.9] Epoch 35: loss = 14.1141
2020-04-16 23:31:05,094 INFO [121.8] Epoch 36: loss = 14.0526
2020-04-16 23:33:07,896 INFO [122.8] Epoch 37: loss = 14.0083
2020-04-16 23:35:15,559 INFO [127.7] Epoch 38: loss = 13.9340
2020-04-16 23:37:19,018 INFO [123.5] Epoch 39: loss = 13.7884
2020-04-16 23:37:19,018 INFO Start Evaling...
2020-04-16 23:37:53,239 INFO Head: mr:2619.2 mrr:5.63 hits:11.18
2020-04-16 23:37:53,239 INFO Tail: mr:537.4 mrr:17.52 hits:32.34
2020-04-16 23:37:53,239 INFO All: mr:1578.3 mrr:11.58 hits:21.76
2020-04-16 23:37:53,243 INFO Declined in recent 3 epochs
2020-04-16 23:40:04,072 INFO [130.8] Epoch 40: loss = 13.7830
2020-04-16 23:42:12,008 INFO [127.9] Epoch 41: loss = 13.7975
2020-04-16 23:44:24,635 INFO [132.6] Epoch 42: loss = 13.7300
2020-04-16 23:46:35,411 INFO [130.8] Epoch 43: loss = 13.7822
2020-04-16 23:48:42,964 INFO [127.6] Epoch 44: loss = 13.7495
2020-04-16 23:50:48,277 INFO [125.3] Epoch 45: loss = 13.7373
2020-04-16 23:52:57,490 INFO [129.2] Epoch 46: loss = 13.5653
2020-04-16 23:55:02,308 INFO [124.8] Epoch 47: loss = 13.4705
2020-04-16 23:57:14,247 INFO [131.9] Epoch 48: loss = 13.4434
2020-04-16 23:59:18,081 INFO [123.8] Epoch 49: loss = 13.3942
2020-04-16 23:59:18,082 INFO Start Evaling...
2020-04-16 23:59:53,783 INFO Head: mr:2660.4 mrr:6.05 hits:11.92
2020-04-16 23:59:53,787 INFO Tail: mr:599.3 mrr:16.83 hits:30.24
2020-04-16 23:59:53,790 INFO All: mr:1629.8 mrr:11.44 hits:21.08
2020-04-16 23:59:53,797 INFO Declined in recent 4 epochs
2020-04-17 00:02:02,513 INFO [128.7] Epoch 50: loss = 13.3929
2020-04-17 00:04:07,936 INFO [125.4] Epoch 51: loss = 13.3632
2020-04-17 00:06:18,292 INFO [130.4] Epoch 52: loss = 13.2990
2020-04-17 00:08:20,904 INFO [122.6] Epoch 53: loss = 13.3015
2020-04-17 00:10:24,618 INFO [123.7] Epoch 54: loss = 13.3295
2020-04-17 00:12:27,763 INFO [123.1] Epoch 55: loss = 13.2933
2020-04-17 00:14:38,749 INFO [131.0] Epoch 56: loss = 13.2137
2020-04-17 00:16:43,484 INFO [124.7] Epoch 57: loss = 13.1918
2020-04-17 00:18:53,122 INFO [129.6] Epoch 58: loss = 13.2197
2020-04-17 00:21:03,968 INFO [130.8] Epoch 59: loss = 13.2877
2020-04-17 00:21:03,969 INFO Start Evaling...
2020-04-17 00:21:39,822 INFO Head: mr:2728.3 mrr:5.92 hits:11.82
2020-04-17 00:21:39,822 INFO Tail: mr:621.0 mrr:16.14 hits:29.16
2020-04-17 00:21:39,822 INFO All: mr:1674.6 mrr:11.03 hits:20.49
2020-04-17 00:21:39,827 INFO Declined in recent 5 epochs
2020-04-17 00:21:39,829 INFO Early stopping
2020-04-17 00:21:39,829 INFO Train done
2020-04-17 00:21:39,900 INFO Start Evaling...
2020-04-17 00:22:19,282 INFO Head: mr:2758.0 mrr:6.44 hits:12.80
2020-04-17 00:22:19,282 INFO Tail: mr:563.6 mrr:22.68 hits:41.26
2020-04-17 00:22:19,282 INFO All: mr:1660.8 mrr:14.56 hits:27.03
