2020-04-14 22:27:04,816 INFO EPOCH: 1000
2020-04-14 22:27:04,816 INFO EVERY: 10
2020-04-14 22:27:04,816 INFO LR: 0.001
2020-04-14 22:27:04,817 INFO DIM: 64
2020-04-14 22:27:04,817 INFO BATCH_SIZE: 50
2020-04-14 22:27:04,817 INFO BATCH_SIZE2: 50
2020-04-14 22:27:04,817 INFO P: 1
2020-04-14 22:27:04,817 INFO CLIPPING_MAX_VALUE: 4.0
2020-04-14 22:27:04,818 INFO OPTIM: Adam
2020-04-14 22:27:04,818 INFO N_SAMPLE: 12
2020-04-14 22:27:04,818 INFO MODE: 1all
2020-04-14 22:27:04,818 INFO GAMMA: 12.0
2020-04-14 22:27:04,818 INFO BERN: True
2020-04-14 22:27:04,818 INFO MARGIN: 4.0
2020-04-14 22:27:04,819 INFO REG: 1.0
2020-04-14 22:27:04,819 INFO LABEL_SMOOTH_EPS: 0.1
2020-04-14 22:27:04,819 INFO INPUT_DROP: 0.2
2020-04-14 22:27:04,819 INFO FEAT_DROP: 0.2
2020-04-14 22:27:04,819 INFO HIDD_DROP: 0.3
2020-04-14 22:27:04,820 INFO CHANNELS: 50
2020-04-14 22:27:04,820 INFO KERNEL_SIZE: 3
2020-04-14 22:27:04,820 INFO N_POOL: 100
2020-04-14 22:27:04,820 INFO MODEL_D: TransH
2020-04-14 22:27:04,820 INFO MODEL_G: DistMult
2020-04-14 22:27:04,820 INFO SCRATCH: False
2020-04-14 22:27:04,821 INFO D_FILE: None
2020-04-14 22:27:04,821 INFO G_FILE: None
2020-04-14 22:27:04,821 INFO PATH: data
2020-04-14 22:27:04,822 INFO DATA: YAGO3-10
2020-04-14 22:27:04,822 INFO EXP_PATH: experiment/YAGO3-10
2020-04-14 22:27:04,822 INFO MODEL: TransH
2020-04-14 22:27:04,822 INFO V: 0
2020-04-14 22:27:04,822 INFO F: True
2020-04-14 22:27:04,822 INFO EVAL: False
2020-04-14 22:27:04,823 INFO TRAINED: False
2020-04-14 22:27:04,823 INFO PRETRAINED_NAME: None
2020-04-14 22:27:04,823 INFO EXP_NAME: TransH-YAGO3-10-1all-0
2020-04-14 22:27:04,823 INFO --------------------------------------
