2020-04-14 23:40:57,739 INFO EPOCH: 1000
2020-04-14 23:40:57,741 INFO EVERY: 10
2020-04-14 23:40:57,742 INFO LR: 0.001
2020-04-14 23:40:57,744 INFO DIM: 64
2020-04-14 23:40:57,746 INFO BATCH_SIZE: 512
2020-04-14 23:40:57,748 INFO BATCH_SIZE2: 50
2020-04-14 23:40:57,748 INFO P: 1
2020-04-14 23:40:57,749 INFO CLIPPING_MAX_VALUE: 4.0
2020-04-14 23:40:57,749 INFO OPTIM: Adam
2020-04-14 23:40:57,749 INFO N_SAMPLE: 12
2020-04-14 23:40:57,749 INFO MODE: rela
2020-04-14 23:40:57,749 INFO GAMMA: 12.0
2020-04-14 23:40:57,749 INFO BERN: True
2020-04-14 23:40:57,749 INFO MARGIN: 4.0
2020-04-14 23:40:57,749 INFO REG: 1.0
2020-04-14 23:40:57,749 INFO LABEL_SMOOTH_EPS: 0.1
2020-04-14 23:40:57,749 INFO INPUT_DROP: 0.2
2020-04-14 23:40:57,749 INFO FEAT_DROP: 0.2
2020-04-14 23:40:57,749 INFO HIDD_DROP: 0.3
2020-04-14 23:40:57,749 INFO CHANNELS: 50
2020-04-14 23:40:57,749 INFO KERNEL_SIZE: 3
2020-04-14 23:40:57,749 INFO N_POOL: 100
2020-04-14 23:40:57,749 INFO MODEL_D: TransH
2020-04-14 23:40:57,749 INFO MODEL_G: DistMult
2020-04-14 23:40:57,750 INFO SCRATCH: False
2020-04-14 23:40:57,750 INFO D_FILE: None
2020-04-14 23:40:57,750 INFO G_FILE: None
2020-04-14 23:40:57,750 INFO PATH: data
2020-04-14 23:40:57,750 INFO DATA: YAGO3-10
2020-04-14 23:40:57,750 INFO EXP_PATH: experiment/YAGO3-10
2020-04-14 23:40:57,750 INFO MODEL: TransH
2020-04-14 23:40:57,750 INFO V: 0
2020-04-14 23:40:57,750 INFO F: False
2020-04-14 23:40:57,750 INFO EVAL: False
2020-04-14 23:40:57,750 INFO TRAINED: False
2020-04-14 23:40:57,750 INFO PRETRAINED_NAME: None
2020-04-14 23:40:57,750 INFO EXP_NAME: TransH-YAGO3-10-rela-0
2020-04-14 23:40:57,750 INFO --------------------------------------
2020-04-14 23:41:34,540 INFO Dataload done
2020-04-14 23:41:34,542 INFO --------------------------------------
2020-04-14 23:41:34,544 INFO N_ENTITY: 123182
2020-04-14 23:41:34,546 INFO N_RELATION: 37
2020-04-14 23:41:34,547 INFO --------------------------------------
2020-04-14 23:41:48,348 INFO Start Evaling...
2020-04-14 23:43:05,503 INFO Head: mr:59783.6 mrr:0.01 hits:0.00
2020-04-14 23:43:05,510 INFO Tail: mr:61570.2 mrr:0.01 hits:0.00
2020-04-14 23:43:05,512 INFO All: mr:60676.9 mrr:0.01 hits:0.00
2020-04-14 23:43:05,525 INFO Start Training...
2020-04-14 23:47:29,832 INFO [264.3] Epoch 0: loss = 188.5359
2020-04-14 23:52:37,906 INFO [308.1] Epoch 1: loss = 77.2039
2020-04-14 23:57:45,124 INFO [307.2] Epoch 2: loss = 52.2238
2020-04-15 00:02:49,205 INFO [304.1] Epoch 3: loss = 37.6809
2020-04-15 00:07:34,693 INFO [285.5] Epoch 4: loss = 28.9831
2020-04-15 00:12:23,663 INFO [289.0] Epoch 5: loss = 23.8369
2020-04-15 00:16:59,227 INFO [275.6] Epoch 6: loss = 20.3267
2020-04-15 00:21:39,393 INFO [280.2] Epoch 7: loss = 17.8307
2020-04-15 00:26:15,844 INFO [276.5] Epoch 8: loss = 15.8917
2020-04-15 00:31:09,087 INFO [293.2] Epoch 9: loss = 14.3460
2020-04-15 00:31:09,087 INFO Start Evaling...
2020-04-15 00:32:26,944 INFO Head: mr:5767.4 mrr:1.26 hits:2.66
2020-04-15 00:32:26,947 INFO Tail: mr:1006.7 mrr:12.60 hits:21.92
2020-04-15 00:32:26,949 INFO All: mr:3387.0 mrr:6.93 hits:12.29
2020-04-15 00:32:26,955 INFO Improved and model saved
2020-04-15 00:37:16,919 INFO [289.9] Epoch 10: loss = 13.1820
2020-04-15 00:42:03,668 INFO [286.7] Epoch 11: loss = 12.1762
2020-04-15 00:46:37,551 INFO [273.9] Epoch 12: loss = 11.3964
2020-04-15 00:51:14,324 INFO [276.8] Epoch 13: loss = 10.7562
2020-04-15 00:56:07,918 INFO [293.6] Epoch 14: loss = 10.1692
2020-04-15 01:00:52,945 INFO [285.0] Epoch 15: loss = 9.7275
2020-04-15 01:05:43,354 INFO [290.4] Epoch 16: loss = 9.3221
2020-04-15 01:10:55,465 INFO [312.1] Epoch 17: loss = 9.0123
2020-04-15 01:16:08,928 INFO [313.5] Epoch 18: loss = 8.7089
2020-04-15 01:20:49,013 INFO [280.1] Epoch 19: loss = 8.4707
2020-04-15 01:20:49,013 INFO Start Evaling...
2020-04-15 01:22:01,726 INFO Head: mr:3380.0 mrr:3.40 hits:6.48
2020-04-15 01:22:01,728 INFO Tail: mr:594.5 mrr:16.81 hits:30.64
2020-04-15 01:22:01,729 INFO All: mr:1987.2 mrr:10.10 hits:18.56
2020-04-15 01:22:01,733 INFO Improved and model saved
2020-04-15 01:26:46,017 INFO [284.1] Epoch 20: loss = 8.2264
2020-04-15 01:31:39,580 INFO [293.6] Epoch 21: loss = 8.0080
2020-04-15 01:36:46,631 INFO [307.1] Epoch 22: loss = 7.8400
2020-04-15 01:41:51,487 INFO [304.9] Epoch 23: loss = 7.6703
2020-04-15 01:47:05,355 INFO [313.9] Epoch 24: loss = 7.5590
2020-04-15 01:52:05,132 INFO [299.8] Epoch 25: loss = 7.3725
2020-04-15 01:57:15,864 INFO [310.7] Epoch 26: loss = 7.2910
2020-04-15 02:02:29,785 INFO [313.9] Epoch 27: loss = 7.1645
2020-04-15 02:07:36,237 INFO [306.5] Epoch 28: loss = 7.0596
2020-04-15 02:12:39,133 INFO [302.9] Epoch 29: loss = 6.9995
2020-04-15 02:12:39,134 INFO Start Evaling...
2020-04-15 02:14:02,673 INFO Head: mr:2721.7 mrr:4.20 hits:7.90
2020-04-15 02:14:02,681 INFO Tail: mr:485.9 mrr:17.51 hits:32.84
2020-04-15 02:14:02,683 INFO All: mr:1603.8 mrr:10.85 hits:20.37
2020-04-15 02:14:02,689 INFO Improved and model saved
2020-04-15 02:18:37,000 INFO [274.2] Epoch 30: loss = 6.8646
2020-04-15 02:23:12,688 INFO [275.7] Epoch 31: loss = 6.8147
2020-04-15 02:27:58,774 INFO [286.1] Epoch 32: loss = 6.6997
2020-04-15 02:32:35,967 INFO [277.2] Epoch 33: loss = 6.6840
2020-04-15 02:37:26,482 INFO [290.5] Epoch 34: loss = 6.5946
2020-04-15 02:42:09,178 INFO [282.7] Epoch 35: loss = 6.5073
2020-04-15 02:46:42,644 INFO [273.5] Epoch 36: loss = 6.4850
2020-04-15 02:51:01,383 INFO [258.7] Epoch 37: loss = 6.4456
2020-04-15 02:55:38,474 INFO [277.1] Epoch 38: loss = 6.3714
2020-04-15 03:00:04,908 INFO [266.4] Epoch 39: loss = 6.3413
2020-04-15 03:00:04,909 INFO Start Evaling...
2020-04-15 03:01:08,334 INFO Head: mr:2509.1 mrr:4.32 hits:8.10
2020-04-15 03:01:08,334 INFO Tail: mr:456.6 mrr:18.30 hits:33.60
2020-04-15 03:01:08,334 INFO All: mr:1482.8 mrr:11.31 hits:20.85
2020-04-15 03:01:08,349 INFO Improved and model saved
2020-04-15 03:05:46,321 INFO [277.8] Epoch 40: loss = 6.3004
2020-04-15 03:10:17,703 INFO [271.4] Epoch 41: loss = 6.2627
2020-04-15 03:15:20,499 INFO [302.8] Epoch 42: loss = 6.2186
2020-04-15 03:19:51,538 INFO [271.0] Epoch 43: loss = 6.1980
2020-04-15 03:24:19,298 INFO [267.8] Epoch 44: loss = 6.1568
2020-04-15 03:28:58,260 INFO [279.0] Epoch 45: loss = 6.1045
2020-04-15 03:33:34,520 INFO [276.3] Epoch 46: loss = 6.0633
2020-04-15 03:38:09,165 INFO [274.6] Epoch 47: loss = 6.0746
2020-04-15 03:42:50,044 INFO [280.9] Epoch 48: loss = 6.0216
2020-04-15 03:47:28,888 INFO [278.8] Epoch 49: loss = 6.0132
2020-04-15 03:47:28,889 INFO Start Evaling...
2020-04-15 03:48:31,928 INFO Head: mr:2429.6 mrr:4.37 hits:8.18
2020-04-15 03:48:31,928 INFO Tail: mr:450.8 mrr:18.25 hits:33.50
2020-04-15 03:48:31,928 INFO All: mr:1440.2 mrr:11.31 hits:20.84
2020-04-15 03:48:31,947 INFO Declined in recent 1 epochs
2020-04-15 03:53:07,545 INFO [275.6] Epoch 50: loss = 5.9633
2020-04-15 03:57:46,473 INFO [278.9] Epoch 51: loss = 5.9356
2020-04-15 04:02:26,684 INFO [280.2] Epoch 52: loss = 5.9143
2020-04-15 04:07:11,507 INFO [284.8] Epoch 53: loss = 5.9122
2020-04-15 04:10:58,405 INFO [226.9] Epoch 54: loss = 5.8977
2020-04-15 04:14:49,285 INFO [230.9] Epoch 55: loss = 5.8452
2020-04-15 04:18:39,480 INFO [230.2] Epoch 56: loss = 5.8751
2020-04-15 04:22:22,949 INFO [223.5] Epoch 57: loss = 5.8166
2020-04-15 04:26:21,239 INFO [238.3] Epoch 58: loss = 5.8224
2020-04-15 04:30:10,138 INFO [228.9] Epoch 59: loss = 5.7737
2020-04-15 04:30:10,139 INFO Start Evaling...
2020-04-15 04:31:00,611 INFO Head: mr:2350.5 mrr:4.27 hits:7.96
2020-04-15 04:31:00,613 INFO Tail: mr:444.2 mrr:18.19 hits:32.70
2020-04-15 04:31:00,615 INFO All: mr:1397.4 mrr:11.23 hits:20.33
2020-04-15 04:31:00,621 INFO Declined in recent 2 epochs
2020-04-15 04:34:56,269 INFO [235.6] Epoch 60: loss = 5.7664
2020-04-15 04:38:44,110 INFO [227.8] Epoch 61: loss = 5.7276
2020-04-15 04:42:37,387 INFO [233.3] Epoch 62: loss = 5.7261
2020-04-15 04:46:22,496 INFO [225.1] Epoch 63: loss = 5.7009
2020-04-15 04:50:03,129 INFO [220.6] Epoch 64: loss = 5.7185
2020-04-15 04:53:37,318 INFO [214.2] Epoch 65: loss = 5.7068
2020-04-15 04:57:24,675 INFO [227.4] Epoch 66: loss = 5.6636
2020-04-15 05:01:12,245 INFO [227.6] Epoch 67: loss = 5.6701
2020-04-15 05:04:54,990 INFO [222.7] Epoch 68: loss = 5.6588
2020-04-15 05:08:39,298 INFO [224.3] Epoch 69: loss = 5.6059
2020-04-15 05:08:39,298 INFO Start Evaling...
2020-04-15 05:09:28,977 INFO Head: mr:2357.5 mrr:4.13 hits:7.72
2020-04-15 05:09:28,977 INFO Tail: mr:442.0 mrr:18.75 hits:34.06
2020-04-15 05:09:28,977 INFO All: mr:1399.7 mrr:11.44 hits:20.89
2020-04-15 05:09:28,982 INFO Improved and model saved
2020-04-15 05:13:29,249 INFO [240.2] Epoch 70: loss = 5.5916
2020-04-15 05:17:14,203 INFO [225.0] Epoch 71: loss = 5.6012
2020-04-15 05:20:50,946 INFO [216.7] Epoch 72: loss = 5.6075
2020-04-15 05:24:38,328 INFO [227.4] Epoch 73: loss = 5.5782
2020-04-15 05:28:26,013 INFO [227.7] Epoch 74: loss = 5.5648
2020-04-15 05:32:15,579 INFO [229.6] Epoch 75: loss = 5.5625
2020-04-15 05:36:00,797 INFO [225.2] Epoch 76: loss = 5.5547
2020-04-15 05:39:47,653 INFO [226.9] Epoch 77: loss = 5.5652
2020-04-15 05:43:29,013 INFO [221.4] Epoch 78: loss = 5.5134
2020-04-15 05:47:15,225 INFO [226.2] Epoch 79: loss = 5.5377
2020-04-15 05:47:15,226 INFO Start Evaling...
2020-04-15 05:47:56,059 INFO Head: mr:2320.1 mrr:4.16 hits:7.92
2020-04-15 05:47:56,059 INFO Tail: mr:442.8 mrr:18.97 hits:34.52
2020-04-15 05:47:56,059 INFO All: mr:1381.4 mrr:11.57 hits:21.22
2020-04-15 05:47:56,073 INFO Improved and model saved
2020-04-15 05:51:52,459 INFO [236.3] Epoch 80: loss = 5.5164
2020-04-15 05:55:35,536 INFO [223.1] Epoch 81: loss = 5.5203
2020-04-15 05:59:20,001 INFO [224.5] Epoch 82: loss = 5.4584
2020-04-15 06:03:05,821 INFO [225.8] Epoch 83: loss = 5.4601
2020-04-15 06:06:57,130 INFO [231.3] Epoch 84: loss = 5.4790
2020-04-15 06:10:40,578 INFO [223.4] Epoch 85: loss = 5.4536
2020-04-15 06:14:32,558 INFO [232.0] Epoch 86: loss = 5.4191
2020-04-15 06:18:10,014 INFO [217.5] Epoch 87: loss = 5.3927
2020-04-15 06:22:02,062 INFO [232.0] Epoch 88: loss = 5.4297
2020-04-15 06:25:43,935 INFO [221.9] Epoch 89: loss = 5.4055
2020-04-15 06:25:43,936 INFO Start Evaling...
2020-04-15 06:26:34,314 INFO Head: mr:2308.7 mrr:4.35 hits:7.98
2020-04-15 06:26:34,314 INFO Tail: mr:437.4 mrr:18.57 hits:33.92
2020-04-15 06:26:34,314 INFO All: mr:1373.0 mrr:11.46 hits:20.95
2020-04-15 06:26:34,318 INFO Declined in recent 1 epochs
2020-04-15 06:30:29,766 INFO [235.4] Epoch 90: loss = 5.4417
2020-04-15 06:34:10,223 INFO [220.5] Epoch 91: loss = 5.3933
2020-04-15 06:37:50,342 INFO [220.1] Epoch 92: loss = 5.3981
2020-04-15 06:41:29,308 INFO [219.0] Epoch 93: loss = 5.3650
2020-04-15 06:45:14,497 INFO [225.2] Epoch 94: loss = 5.4033
2020-04-15 06:48:52,456 INFO [218.0] Epoch 95: loss = 5.3905
2020-04-15 06:52:35,840 INFO [223.4] Epoch 96: loss = 5.3560
2020-04-15 06:56:21,223 INFO [225.4] Epoch 97: loss = 5.3758
2020-04-15 06:59:59,839 INFO [218.6] Epoch 98: loss = 5.3610
2020-04-15 07:03:46,487 INFO [226.6] Epoch 99: loss = 5.3716
2020-04-15 07:03:46,487 INFO Start Evaling...
2020-04-15 07:04:39,433 INFO Head: mr:2326.6 mrr:4.49 hits:8.38
2020-04-15 07:04:39,436 INFO Tail: mr:440.2 mrr:18.76 hits:34.32
2020-04-15 07:04:39,459 INFO All: mr:1383.4 mrr:11.62 hits:21.35
2020-04-15 07:04:39,466 INFO Improved and model saved
2020-04-15 07:08:35,377 INFO [235.8] Epoch 100: loss = 5.3536
2020-04-15 07:12:17,747 INFO [222.4] Epoch 101: loss = 5.3292
2020-04-15 07:15:54,812 INFO [217.1] Epoch 102: loss = 5.3621
2020-04-15 07:19:49,377 INFO [234.6] Epoch 103: loss = 5.3248
2020-04-15 07:23:29,890 INFO [220.5] Epoch 104: loss = 5.3316
2020-04-15 07:27:15,457 INFO [225.6] Epoch 105: loss = 5.3081
2020-04-15 07:31:07,973 INFO [232.5] Epoch 106: loss = 5.3278
2020-04-15 07:34:52,301 INFO [224.3] Epoch 107: loss = 5.2989
2020-04-15 07:38:45,479 INFO [233.2] Epoch 108: loss = 5.2971
2020-04-15 07:42:31,852 INFO [226.4] Epoch 109: loss = 5.2880
2020-04-15 07:42:31,853 INFO Start Evaling...
2020-04-15 07:43:11,682 INFO Head: mr:2311.3 mrr:4.31 hits:8.42
2020-04-15 07:43:11,684 INFO Tail: mr:450.1 mrr:18.75 hits:33.82
2020-04-15 07:43:11,686 INFO All: mr:1380.7 mrr:11.53 hits:21.12
2020-04-15 07:43:11,692 INFO Declined in recent 1 epochs
2020-04-15 07:47:00,351 INFO [228.7] Epoch 110: loss = 5.2834
2020-04-15 07:50:52,538 INFO [232.2] Epoch 111: loss = 5.3075
2020-04-15 07:54:45,151 INFO [232.6] Epoch 112: loss = 5.2979
2020-04-15 07:58:28,359 INFO [223.2] Epoch 113: loss = 5.2733
2020-04-15 08:02:07,610 INFO [219.3] Epoch 114: loss = 5.2783
2020-04-15 08:05:52,057 INFO [224.4] Epoch 115: loss = 5.2245
2020-04-15 08:09:43,613 INFO [231.6] Epoch 116: loss = 5.2502
2020-04-15 08:13:21,941 INFO [218.3] Epoch 117: loss = 5.2571
2020-04-15 08:17:08,892 INFO [226.9] Epoch 118: loss = 5.2359
2020-04-15 08:20:56,130 INFO [227.2] Epoch 119: loss = 5.2338
2020-04-15 08:20:56,131 INFO Start Evaling...
2020-04-15 08:21:48,100 INFO Head: mr:2319.7 mrr:4.33 hits:8.06
2020-04-15 08:21:48,100 INFO Tail: mr:444.1 mrr:18.51 hits:33.68
2020-04-15 08:21:48,100 INFO All: mr:1381.9 mrr:11.42 hits:20.87
2020-04-15 08:21:48,119 INFO Declined in recent 2 epochs
2020-04-15 08:25:48,149 INFO [240.0] Epoch 120: loss = 5.2355
2020-04-15 08:29:33,061 INFO [224.9] Epoch 121: loss = 5.2169
2020-04-15 08:33:17,801 INFO [224.7] Epoch 122: loss = 5.2551
2020-04-15 08:37:02,973 INFO [225.2] Epoch 123: loss = 5.2220
2020-04-15 08:40:43,352 INFO [220.4] Epoch 124: loss = 5.2412
2020-04-15 08:44:36,040 INFO [232.7] Epoch 125: loss = 5.2504
2020-04-15 08:48:23,368 INFO [227.3] Epoch 126: loss = 5.1995
2020-04-15 08:52:06,823 INFO [223.5] Epoch 127: loss = 5.2286
2020-04-15 08:55:57,531 INFO [230.7] Epoch 128: loss = 5.2383
2020-04-15 08:59:53,439 INFO [235.9] Epoch 129: loss = 5.2069
2020-04-15 08:59:53,440 INFO Start Evaling...
2020-04-15 09:00:44,532 INFO Head: mr:2329.9 mrr:4.20 hits:8.04
2020-04-15 09:00:44,532 INFO Tail: mr:439.2 mrr:18.45 hits:34.16
2020-04-15 09:00:44,532 INFO All: mr:1384.5 mrr:11.32 hits:21.10
2020-04-15 09:00:44,537 INFO Declined in recent 3 epochs
2020-04-15 09:04:42,467 INFO [237.9] Epoch 130: loss = 5.2153
2020-04-15 09:08:24,370 INFO [221.9] Epoch 131: loss = 5.2069
2020-04-15 09:11:57,341 INFO [213.0] Epoch 132: loss = 5.1932
2020-04-15 09:15:38,672 INFO [221.3] Epoch 133: loss = 5.1665
2020-04-15 09:19:23,767 INFO [225.1] Epoch 134: loss = 5.2037
2020-04-15 09:23:15,260 INFO [231.5] Epoch 135: loss = 5.1975
2020-04-15 09:27:01,193 INFO [225.9] Epoch 136: loss = 5.1907
2020-04-15 09:30:41,539 INFO [220.3] Epoch 137: loss = 5.1870
2020-04-15 09:34:39,878 INFO [238.3] Epoch 138: loss = 5.1640
2020-04-15 09:38:26,669 INFO [226.8] Epoch 139: loss = 5.1594
2020-04-15 09:38:26,670 INFO Start Evaling...
2020-04-15 09:39:03,320 INFO Head: mr:2325.1 mrr:4.30 hits:8.08
2020-04-15 09:39:03,322 INFO Tail: mr:442.7 mrr:18.32 hits:33.78
2020-04-15 09:39:03,323 INFO All: mr:1383.9 mrr:11.31 hits:20.93
2020-04-15 09:39:03,329 INFO Declined in recent 4 epochs
2020-04-15 09:41:56,560 INFO [173.2] Epoch 140: loss = 5.1578
2020-04-15 09:44:38,566 INFO [162.0] Epoch 141: loss = 5.1324
2020-04-15 09:47:40,950 INFO [182.4] Epoch 142: loss = 5.1564
2020-04-15 09:50:40,417 INFO [179.5] Epoch 143: loss = 5.1455
2020-04-15 09:53:39,033 INFO [178.6] Epoch 144: loss = 5.1504
2020-04-15 09:56:37,108 INFO [178.1] Epoch 145: loss = 5.1525
2020-04-15 09:59:33,857 INFO [176.7] Epoch 146: loss = 5.1531
2020-04-15 10:02:46,820 INFO [193.0] Epoch 147: loss = 5.1477
2020-04-15 10:05:42,103 INFO [175.3] Epoch 148: loss = 5.1120
2020-04-15 10:08:36,683 INFO [174.6] Epoch 149: loss = 5.1448
2020-04-15 10:08:36,683 INFO Start Evaling...
2020-04-15 10:09:16,918 INFO Head: mr:2325.8 mrr:4.34 hits:8.38
2020-04-15 10:09:16,921 INFO Tail: mr:436.5 mrr:18.47 hits:34.26
2020-04-15 10:09:16,922 INFO All: mr:1381.1 mrr:11.40 hits:21.32
2020-04-15 10:09:16,927 INFO Declined in recent 5 epochs
2020-04-15 10:09:16,927 INFO Early stopping
2020-04-15 10:09:16,928 INFO Train done
2020-04-15 10:09:16,947 INFO Start Evaling...
2020-04-15 10:09:54,848 INFO Head: mr:2247.5 mrr:4.74 hits:8.34
2020-04-15 10:09:54,851 INFO Tail: mr:381.0 mrr:18.69 hits:33.84
2020-04-15 10:09:54,852 INFO All: mr:1314.2 mrr:11.72 hits:21.09
