2020-04-14 23:40:57,637 INFO EPOCH: 1000
2020-04-14 23:40:57,638 INFO EVERY: 10
2020-04-14 23:40:57,638 INFO LR: 0.001
2020-04-14 23:40:57,638 INFO DIM: 64
2020-04-14 23:40:57,638 INFO BATCH_SIZE: 512
2020-04-14 23:40:57,638 INFO BATCH_SIZE2: 50
2020-04-14 23:40:57,638 INFO P: 1
2020-04-14 23:40:57,638 INFO CLIPPING_MAX_VALUE: 4.0
2020-04-14 23:40:57,638 INFO OPTIM: Adam
2020-04-14 23:40:57,638 INFO N_SAMPLE: 12
2020-04-14 23:40:57,638 INFO MODE: popu
2020-04-14 23:40:57,638 INFO GAMMA: 12.0
2020-04-14 23:40:57,638 INFO BERN: True
2020-04-14 23:40:57,638 INFO MARGIN: 4.0
2020-04-14 23:40:57,638 INFO REG: 1.0
2020-04-14 23:40:57,639 INFO LABEL_SMOOTH_EPS: 0.1
2020-04-14 23:40:57,639 INFO INPUT_DROP: 0.2
2020-04-14 23:40:57,639 INFO FEAT_DROP: 0.2
2020-04-14 23:40:57,639 INFO HIDD_DROP: 0.3
2020-04-14 23:40:57,639 INFO CHANNELS: 50
2020-04-14 23:40:57,639 INFO KERNEL_SIZE: 3
2020-04-14 23:40:57,639 INFO N_POOL: 100
2020-04-14 23:40:57,639 INFO MODEL_D: TransH
2020-04-14 23:40:57,639 INFO MODEL_G: DistMult
2020-04-14 23:40:57,639 INFO SCRATCH: False
2020-04-14 23:40:57,639 INFO D_FILE: None
2020-04-14 23:40:57,639 INFO G_FILE: None
2020-04-14 23:40:57,639 INFO PATH: data
2020-04-14 23:40:57,639 INFO DATA: YAGO3-10
2020-04-14 23:40:57,639 INFO EXP_PATH: experiment/YAGO3-10
2020-04-14 23:40:57,639 INFO MODEL: TransH
2020-04-14 23:40:57,644 INFO V: 0
2020-04-14 23:40:57,644 INFO F: False
2020-04-14 23:40:57,644 INFO EVAL: False
2020-04-14 23:40:57,644 INFO TRAINED: False
2020-04-14 23:40:57,644 INFO PRETRAINED_NAME: None
2020-04-14 23:40:57,644 INFO EXP_NAME: TransH-YAGO3-10-popu-0
2020-04-14 23:40:57,644 INFO --------------------------------------
2020-04-14 23:41:37,587 INFO Dataload done
2020-04-14 23:41:37,603 INFO --------------------------------------
2020-04-14 23:41:37,603 INFO N_ENTITY: 123182
2020-04-14 23:41:37,603 INFO N_RELATION: 37
2020-04-14 23:41:37,603 INFO --------------------------------------
2020-04-14 23:41:48,230 INFO Start Evaling...
2020-04-14 23:43:10,223 INFO Head: mr:58634.6 mrr:0.01 hits:0.00
2020-04-14 23:43:10,223 INFO Tail: mr:65287.5 mrr:0.01 hits:0.00
2020-04-14 23:43:10,224 INFO All: mr:61961.0 mrr:0.01 hits:0.00
2020-04-14 23:43:10,243 INFO Start Training...
2020-04-14 23:48:15,355 INFO [305.1] Epoch 0: loss = 537.8911
2020-04-14 23:53:05,570 INFO [290.2] Epoch 1: loss = 351.3184
2020-04-14 23:57:56,512 INFO [290.9] Epoch 2: loss = 242.4973
2020-04-15 00:02:37,596 INFO [281.1] Epoch 3: loss = 181.6303
2020-04-15 00:08:00,487 INFO [322.9] Epoch 4: loss = 144.0004
2020-04-15 00:13:19,292 INFO [318.8] Epoch 5: loss = 117.1634
2020-04-15 00:18:08,090 INFO [288.8] Epoch 6: loss = 98.0459
2020-04-15 00:23:20,369 INFO [312.3] Epoch 7: loss = 84.8477
2020-04-15 00:28:39,129 INFO [318.8] Epoch 8: loss = 75.8958
2020-04-15 00:33:55,000 INFO [315.9] Epoch 9: loss = 70.0146
2020-04-15 00:33:55,001 INFO Start Evaling...
2020-04-15 00:35:10,962 INFO Head: mr:2889.8 mrr:4.66 hits:9.76
2020-04-15 00:35:10,969 INFO Tail: mr:505.6 mrr:21.86 hits:42.42
2020-04-15 00:35:10,971 INFO All: mr:1697.7 mrr:13.26 hits:26.09
2020-04-15 00:35:10,979 INFO Improved and model saved
2020-04-15 00:40:22,078 INFO [311.0] Epoch 10: loss = 66.0930
2020-04-15 00:45:28,892 INFO [306.8] Epoch 11: loss = 63.3230
2020-04-15 00:50:34,980 INFO [306.1] Epoch 12: loss = 61.1275
2020-04-15 00:56:02,527 INFO [327.5] Epoch 13: loss = 59.3870
2020-04-15 01:00:58,822 INFO [296.3] Epoch 14: loss = 58.1257
2020-04-15 01:06:09,996 INFO [311.2] Epoch 15: loss = 56.9947
2020-04-15 01:10:54,683 INFO [284.7] Epoch 16: loss = 56.1067
2020-04-15 01:15:35,427 INFO [280.7] Epoch 17: loss = 55.3347
2020-04-15 01:20:20,836 INFO [285.4] Epoch 18: loss = 54.6899
2020-04-15 01:26:03,174 INFO [342.3] Epoch 19: loss = 54.0874
2020-04-15 01:26:03,174 INFO Start Evaling...
2020-04-15 01:27:20,489 INFO Head: mr:1816.5 mrr:7.36 hits:14.86
2020-04-15 01:27:20,496 INFO Tail: mr:447.4 mrr:28.76 hits:53.34
2020-04-15 01:27:20,498 INFO All: mr:1131.9 mrr:18.06 hits:34.10
2020-04-15 01:27:20,502 INFO Improved and model saved
2020-04-15 01:32:22,575 INFO [301.8] Epoch 20: loss = 53.5309
2020-04-15 01:37:12,873 INFO [290.3] Epoch 21: loss = 53.1148
2020-04-15 01:41:59,036 INFO [286.2] Epoch 22: loss = 52.6910
2020-04-15 01:46:39,280 INFO [280.2] Epoch 23: loss = 52.2229
2020-04-15 01:51:47,210 INFO [307.9] Epoch 24: loss = 52.1070
2020-04-15 01:56:36,704 INFO [289.5] Epoch 25: loss = 51.7668
2020-04-15 02:01:24,469 INFO [287.8] Epoch 26: loss = 51.4784
2020-04-15 02:06:21,096 INFO [296.6] Epoch 27: loss = 51.2466
2020-04-15 02:11:09,346 INFO [288.2] Epoch 28: loss = 50.9839
2020-04-15 02:16:09,501 INFO [300.2] Epoch 29: loss = 50.7288
2020-04-15 02:16:09,502 INFO Start Evaling...
2020-04-15 02:17:22,078 INFO Head: mr:1591.8 mrr:8.75 hits:17.28
2020-04-15 02:17:22,085 INFO Tail: mr:441.9 mrr:31.50 hits:56.86
2020-04-15 02:17:22,087 INFO All: mr:1016.8 mrr:20.12 hits:37.07
2020-04-15 02:17:22,095 INFO Improved and model saved
2020-04-15 02:22:32,417 INFO [310.1] Epoch 30: loss = 50.5351
2020-04-15 02:28:01,924 INFO [329.5] Epoch 31: loss = 50.4072
2020-04-15 02:33:13,064 INFO [311.1] Epoch 32: loss = 50.2695
2020-04-15 02:38:33,404 INFO [320.3] Epoch 33: loss = 50.0438
2020-04-15 02:43:47,334 INFO [313.9] Epoch 34: loss = 49.9579
2020-04-15 02:49:04,124 INFO [316.8] Epoch 35: loss = 49.8048
2020-04-15 02:54:25,258 INFO [321.1] Epoch 36: loss = 49.6436
2020-04-15 02:59:40,566 INFO [315.3] Epoch 37: loss = 49.5614
2020-04-15 03:05:13,402 INFO [332.8] Epoch 38: loss = 49.4737
2020-04-15 03:10:20,778 INFO [307.4] Epoch 39: loss = 49.3366
2020-04-15 03:10:20,779 INFO Start Evaling...
2020-04-15 03:11:30,599 INFO Head: mr:1502.7 mrr:9.04 hits:18.66
2020-04-15 03:11:30,600 INFO Tail: mr:427.5 mrr:32.39 hits:59.20
2020-04-15 03:11:30,600 INFO All: mr:965.1 mrr:20.71 hits:38.93
2020-04-15 03:11:30,604 INFO Improved and model saved
2020-04-15 03:16:53,957 INFO [323.2] Epoch 40: loss = 49.2250
2020-04-15 03:22:05,280 INFO [311.3] Epoch 41: loss = 49.0730
2020-04-15 03:27:11,972 INFO [306.7] Epoch 42: loss = 49.0111
2020-04-15 03:32:43,456 INFO [331.5] Epoch 43: loss = 49.0312
2020-04-15 03:37:48,081 INFO [304.6] Epoch 44: loss = 48.8974
2020-04-15 03:43:06,250 INFO [318.2] Epoch 45: loss = 48.7076
2020-04-15 03:48:18,273 INFO [312.0] Epoch 46: loss = 48.7077
2020-04-15 03:53:35,601 INFO [317.3] Epoch 47: loss = 48.6179
2020-04-15 03:58:59,232 INFO [323.6] Epoch 48: loss = 48.5093
2020-04-15 04:04:22,118 INFO [322.9] Epoch 49: loss = 48.4244
2020-04-15 04:04:22,119 INFO Start Evaling...
2020-04-15 04:05:45,967 INFO Head: mr:1465.7 mrr:9.20 hits:19.14
2020-04-15 04:05:45,968 INFO Tail: mr:426.3 mrr:33.66 hits:59.84
2020-04-15 04:05:45,968 INFO All: mr:946.0 mrr:21.43 hits:39.49
2020-04-15 04:05:45,977 INFO Improved and model saved
2020-04-15 04:10:21,634 INFO [275.5] Epoch 50: loss = 48.3426
2020-04-15 04:14:26,614 INFO [245.0] Epoch 51: loss = 48.2995
2020-04-15 04:18:25,992 INFO [239.4] Epoch 52: loss = 48.2275
2020-04-15 04:22:26,311 INFO [240.3] Epoch 53: loss = 48.2572
2020-04-15 04:26:25,465 INFO [239.2] Epoch 54: loss = 48.1172
2020-04-15 04:30:29,174 INFO [243.7] Epoch 55: loss = 48.1029
2020-04-15 04:34:57,968 INFO [268.8] Epoch 56: loss = 48.0207
2020-04-15 04:39:08,138 INFO [250.2] Epoch 57: loss = 47.9609
2020-04-15 04:43:22,943 INFO [254.8] Epoch 58: loss = 47.9135
2020-04-15 04:47:34,264 INFO [251.3] Epoch 59: loss = 47.8985
2020-04-15 04:47:34,265 INFO Start Evaling...
2020-04-15 04:48:36,486 INFO Head: mr:1468.7 mrr:9.85 hits:19.96
2020-04-15 04:48:36,487 INFO Tail: mr:418.5 mrr:33.75 hits:60.58
2020-04-15 04:48:36,487 INFO All: mr:943.6 mrr:21.80 hits:40.27
2020-04-15 04:48:36,498 INFO Improved and model saved
2020-04-15 04:52:33,774 INFO [237.1] Epoch 60: loss = 47.8733
2020-04-15 04:56:44,541 INFO [250.8] Epoch 61: loss = 47.7777
2020-04-15 05:00:51,291 INFO [246.7] Epoch 62: loss = 47.7759
2020-04-15 05:05:04,034 INFO [252.7] Epoch 63: loss = 47.7809
2020-04-15 05:09:09,507 INFO [245.5] Epoch 64: loss = 47.6335
2020-04-15 05:13:30,129 INFO [260.6] Epoch 65: loss = 47.6173
2020-04-15 05:17:41,238 INFO [251.1] Epoch 66: loss = 47.5624
2020-04-15 05:21:48,437 INFO [247.2] Epoch 67: loss = 47.5296
2020-04-15 05:26:11,368 INFO [262.9] Epoch 68: loss = 47.5348
2020-04-15 05:30:19,706 INFO [248.3] Epoch 69: loss = 47.4377
2020-04-15 05:30:19,706 INFO Start Evaling...
2020-04-15 05:31:20,895 INFO Head: mr:1449.5 mrr:9.85 hits:20.60
2020-04-15 05:31:20,902 INFO Tail: mr:422.0 mrr:34.04 hits:60.18
2020-04-15 05:31:20,904 INFO All: mr:935.8 mrr:21.95 hits:40.39
2020-04-15 05:31:20,912 INFO Improved and model saved
2020-04-15 05:35:30,051 INFO [249.0] Epoch 70: loss = 47.5339
2020-04-15 05:39:40,126 INFO [250.1] Epoch 71: loss = 47.4215
2020-04-15 05:43:42,003 INFO [241.9] Epoch 72: loss = 47.2966
2020-04-15 05:47:54,110 INFO [252.1] Epoch 73: loss = 47.3289
2020-04-15 05:52:09,386 INFO [255.3] Epoch 74: loss = 47.3293
2020-04-15 05:56:15,268 INFO [245.9] Epoch 75: loss = 47.2936
2020-04-15 06:00:21,610 INFO [246.3] Epoch 76: loss = 47.2667
2020-04-15 06:04:46,045 INFO [264.4] Epoch 77: loss = 47.1703
2020-04-15 06:08:55,602 INFO [249.6] Epoch 78: loss = 47.2379
2020-04-15 06:13:04,400 INFO [248.8] Epoch 79: loss = 47.1243
2020-04-15 06:13:04,401 INFO Start Evaling...
2020-04-15 06:13:59,609 INFO Head: mr:1447.7 mrr:10.07 hits:20.10
2020-04-15 06:13:59,616 INFO Tail: mr:413.0 mrr:34.71 hits:62.38
2020-04-15 06:13:59,617 INFO All: mr:930.4 mrr:22.39 hits:41.24
2020-04-15 06:13:59,621 INFO Improved and model saved
2020-04-15 06:18:01,172 INFO [241.4] Epoch 80: loss = 47.1747
2020-04-15 06:22:12,424 INFO [251.3] Epoch 81: loss = 47.1177
2020-04-15 06:26:28,325 INFO [255.9] Epoch 82: loss = 47.0722
2020-04-15 06:30:40,092 INFO [251.8] Epoch 83: loss = 47.0461
2020-04-15 06:34:47,867 INFO [247.8] Epoch 84: loss = 47.0453
2020-04-15 06:38:58,741 INFO [250.9] Epoch 85: loss = 46.9898
2020-04-15 06:43:05,641 INFO [246.9] Epoch 86: loss = 46.9769
2020-04-15 06:47:09,713 INFO [244.1] Epoch 87: loss = 46.9685
2020-04-15 06:51:11,246 INFO [241.5] Epoch 88: loss = 46.8938
2020-04-15 06:55:24,258 INFO [253.0] Epoch 89: loss = 47.0069
2020-04-15 06:55:24,259 INFO Start Evaling...
2020-04-15 06:56:22,117 INFO Head: mr:1445.6 mrr:10.10 hits:20.84
2020-04-15 06:56:22,118 INFO Tail: mr:406.8 mrr:34.57 hits:61.76
2020-04-15 06:56:22,118 INFO All: mr:926.2 mrr:22.33 hits:41.30
2020-04-15 06:56:22,134 INFO Improved and model saved
2020-04-15 07:00:17,691 INFO [235.4] Epoch 90: loss = 46.8289
2020-04-15 07:04:29,189 INFO [251.5] Epoch 91: loss = 46.8028
2020-04-15 07:08:46,854 INFO [257.7] Epoch 92: loss = 46.8827
2020-04-15 07:12:58,333 INFO [251.5] Epoch 93: loss = 46.8718
2020-04-15 07:17:01,202 INFO [242.9] Epoch 94: loss = 46.7413
2020-04-15 07:21:09,040 INFO [247.8] Epoch 95: loss = 46.7423
2020-04-15 07:25:15,131 INFO [246.1] Epoch 96: loss = 46.6688
2020-04-15 07:29:23,351 INFO [248.2] Epoch 97: loss = 46.6897
2020-04-15 07:33:32,009 INFO [248.7] Epoch 98: loss = 46.7539
2020-04-15 07:37:41,442 INFO [249.4] Epoch 99: loss = 46.6465
2020-04-15 07:37:41,443 INFO Start Evaling...
2020-04-15 07:38:44,420 INFO Head: mr:1450.6 mrr:9.97 hits:20.50
2020-04-15 07:38:44,420 INFO Tail: mr:417.2 mrr:35.36 hits:62.26
2020-04-15 07:38:44,421 INFO All: mr:933.9 mrr:22.66 hits:41.38
2020-04-15 07:38:44,425 INFO Improved and model saved
2020-04-15 07:43:11,212 INFO [266.7] Epoch 100: loss = 46.6805
2020-04-15 07:47:26,961 INFO [255.7] Epoch 101: loss = 46.6503
2020-04-15 07:51:41,606 INFO [254.6] Epoch 102: loss = 46.7143
2020-04-15 07:55:46,581 INFO [245.0] Epoch 103: loss = 46.6745
2020-04-15 07:59:50,990 INFO [244.4] Epoch 104: loss = 46.5966
2020-04-15 08:04:09,171 INFO [258.2] Epoch 105: loss = 46.5104
2020-04-15 08:08:24,590 INFO [255.4] Epoch 106: loss = 46.5575
2020-04-15 08:12:45,799 INFO [261.2] Epoch 107: loss = 46.4521
2020-04-15 08:16:54,250 INFO [248.4] Epoch 108: loss = 46.4551
2020-04-15 08:21:13,828 INFO [259.6] Epoch 109: loss = 46.4972
2020-04-15 08:21:13,829 INFO Start Evaling...
2020-04-15 08:22:14,779 INFO Head: mr:1450.9 mrr:10.34 hits:21.12
2020-04-15 08:22:14,779 INFO Tail: mr:414.0 mrr:35.51 hits:62.90
2020-04-15 08:22:14,779 INFO All: mr:932.4 mrr:22.93 hits:42.01
2020-04-15 08:22:14,789 INFO Improved and model saved
2020-04-15 08:26:31,981 INFO [257.1] Epoch 110: loss = 46.4239
2020-04-15 08:30:40,256 INFO [248.3] Epoch 111: loss = 46.4519
2020-04-15 08:34:46,390 INFO [246.1] Epoch 112: loss = 46.4012
2020-04-15 08:38:51,934 INFO [245.5] Epoch 113: loss = 46.4650
2020-04-15 08:42:59,421 INFO [247.5] Epoch 114: loss = 46.3804
2020-04-15 08:47:08,774 INFO [249.4] Epoch 115: loss = 46.3813
2020-04-15 08:51:28,051 INFO [259.3] Epoch 116: loss = 46.4364
2020-04-15 08:55:45,864 INFO [257.8] Epoch 117: loss = 46.3951
2020-04-15 08:59:53,889 INFO [248.0] Epoch 118: loss = 46.3666
2020-04-15 09:04:07,195 INFO [253.3] Epoch 119: loss = 46.4021
2020-04-15 09:04:07,195 INFO Start Evaling...
2020-04-15 09:05:09,552 INFO Head: mr:1435.2 mrr:10.35 hits:21.04
2020-04-15 09:05:09,555 INFO Tail: mr:415.0 mrr:35.21 hits:62.70
2020-04-15 09:05:09,556 INFO All: mr:925.1 mrr:22.78 hits:41.87
2020-04-15 09:05:09,563 INFO Declined in recent 1 epochs
2020-04-15 09:09:14,276 INFO [244.7] Epoch 120: loss = 46.3226
2020-04-15 09:13:22,147 INFO [247.9] Epoch 121: loss = 46.2736
2020-04-15 09:17:27,442 INFO [245.3] Epoch 122: loss = 46.3011
2020-04-15 09:21:37,218 INFO [249.8] Epoch 123: loss = 46.3000
2020-04-15 09:25:45,053 INFO [247.8] Epoch 124: loss = 46.3163
2020-04-15 09:29:59,694 INFO [254.6] Epoch 125: loss = 46.1959
2020-04-15 09:34:23,593 INFO [263.9] Epoch 126: loss = 46.2286
2020-04-15 09:38:33,075 INFO [249.5] Epoch 127: loss = 46.1485
2020-04-15 09:41:51,756 INFO [198.7] Epoch 128: loss = 46.2632
2020-04-15 09:44:51,089 INFO [179.3] Epoch 129: loss = 46.2830
2020-04-15 09:44:51,089 INFO Start Evaling...
2020-04-15 09:45:32,304 INFO Head: mr:1449.8 mrr:10.49 hits:21.22
2020-04-15 09:45:32,306 INFO Tail: mr:425.9 mrr:35.10 hits:62.50
2020-04-15 09:45:32,308 INFO All: mr:937.9 mrr:22.79 hits:41.86
2020-04-15 09:45:32,314 INFO Declined in recent 2 epochs
2020-04-15 09:48:15,906 INFO [163.6] Epoch 130: loss = 46.1690
2020-04-15 09:51:03,115 INFO [167.2] Epoch 131: loss = 46.2271
2020-04-15 09:53:52,510 INFO [169.4] Epoch 132: loss = 46.1815
2020-04-15 09:56:37,603 INFO [165.1] Epoch 133: loss = 46.1311
2020-04-15 09:59:23,026 INFO [165.4] Epoch 134: loss = 46.1867
2020-04-15 10:02:20,817 INFO [177.8] Epoch 135: loss = 46.1074
2020-04-15 10:05:12,705 INFO [171.9] Epoch 136: loss = 46.1986
2020-04-15 10:08:04,936 INFO [172.2] Epoch 137: loss = 46.0997
2020-04-15 10:11:15,484 INFO [190.5] Epoch 138: loss = 46.0285
2020-04-15 10:14:03,636 INFO [168.2] Epoch 139: loss = 46.0911
2020-04-15 10:14:03,637 INFO Start Evaling...
2020-04-15 10:14:39,473 INFO Head: mr:1445.2 mrr:10.40 hits:21.62
2020-04-15 10:14:39,473 INFO Tail: mr:420.8 mrr:35.30 hits:62.32
2020-04-15 10:14:39,473 INFO All: mr:933.0 mrr:22.85 hits:41.97
2020-04-15 10:14:39,478 INFO Declined in recent 3 epochs
2020-04-15 10:17:18,295 INFO [158.8] Epoch 140: loss = 46.0665
2020-04-15 10:20:02,214 INFO [163.9] Epoch 141: loss = 46.0730
2020-04-15 10:22:46,579 INFO [164.4] Epoch 142: loss = 46.0022
2020-04-15 10:25:36,797 INFO [170.2] Epoch 143: loss = 46.0135
2020-04-15 10:28:22,215 INFO [165.4] Epoch 144: loss = 46.1038
2020-04-15 10:31:13,604 INFO [171.4] Epoch 145: loss = 46.0117
2020-04-15 10:34:00,368 INFO [166.8] Epoch 146: loss = 46.0206
2020-04-15 10:37:52,896 INFO [232.5] Epoch 147: loss = 46.0039
2020-04-15 10:41:58,577 INFO [245.7] Epoch 148: loss = 45.9595
2020-04-15 10:46:00,920 INFO [242.3] Epoch 149: loss = 46.0336
2020-04-15 10:46:00,920 INFO Start Evaling...
2020-04-15 10:46:56,361 INFO Head: mr:1479.8 mrr:10.63 hits:21.48
2020-04-15 10:46:56,361 INFO Tail: mr:426.5 mrr:35.63 hits:62.82
2020-04-15 10:46:56,361 INFO All: mr:953.2 mrr:23.13 hits:42.15
2020-04-15 10:46:56,379 INFO Improved and model saved
2020-04-15 10:50:47,910 INFO [231.4] Epoch 150: loss = 45.9611
2020-04-15 10:54:33,213 INFO [225.3] Epoch 151: loss = 45.9866
2020-04-15 10:58:38,031 INFO [244.8] Epoch 152: loss = 45.9933
2020-04-15 11:02:42,801 INFO [244.8] Epoch 153: loss = 45.9055
2020-04-15 11:06:43,896 INFO [241.1] Epoch 154: loss = 45.9094
2020-04-15 11:11:04,728 INFO [260.8] Epoch 155: loss = 45.9459
2020-04-15 11:15:06,828 INFO [242.1] Epoch 156: loss = 45.9420
2020-04-15 11:19:10,304 INFO [243.5] Epoch 157: loss = 45.9036
2020-04-15 11:23:11,151 INFO [240.8] Epoch 158: loss = 45.8976
2020-04-15 11:27:14,837 INFO [243.7] Epoch 159: loss = 45.8259
2020-04-15 11:27:14,838 INFO Start Evaling...
2020-04-15 11:28:11,434 INFO Head: mr:1482.1 mrr:10.42 hits:21.36
2020-04-15 11:28:11,435 INFO Tail: mr:430.4 mrr:35.71 hits:62.48
2020-04-15 11:28:11,435 INFO All: mr:956.3 mrr:23.06 hits:41.92
2020-04-15 11:28:11,444 INFO Declined in recent 1 epochs
2020-04-15 11:32:19,249 INFO [247.8] Epoch 160: loss = 45.8922
2020-04-15 11:36:24,340 INFO [245.1] Epoch 161: loss = 45.8706
2020-04-15 11:40:28,262 INFO [243.9] Epoch 162: loss = 45.8698
2020-04-15 11:44:28,377 INFO [240.1] Epoch 163: loss = 45.8718
2020-04-15 11:48:34,733 INFO [246.4] Epoch 164: loss = 45.8261
2020-04-15 11:52:45,064 INFO [250.3] Epoch 165: loss = 45.7964
2020-04-15 11:56:43,222 INFO [238.2] Epoch 166: loss = 45.7586
2020-04-15 12:00:48,739 INFO [245.5] Epoch 167: loss = 45.8799
2020-04-15 12:04:50,012 INFO [241.3] Epoch 168: loss = 45.7706
2020-04-15 12:08:53,268 INFO [243.3] Epoch 169: loss = 45.8889
2020-04-15 12:08:53,269 INFO Start Evaling...
2020-04-15 12:09:48,560 INFO Head: mr:1448.7 mrr:10.76 hits:21.46
2020-04-15 12:09:48,567 INFO Tail: mr:432.0 mrr:35.93 hits:62.76
2020-04-15 12:09:48,569 INFO All: mr:940.3 mrr:23.34 hits:42.11
2020-04-15 12:09:48,576 INFO Declined in recent 2 epochs
2020-04-15 12:13:56,805 INFO [248.2] Epoch 170: loss = 45.7699
2020-04-15 12:18:05,473 INFO [248.7] Epoch 171: loss = 45.8072
2020-04-15 12:22:16,555 INFO [251.1] Epoch 172: loss = 45.7113
2020-04-15 12:26:27,465 INFO [250.9] Epoch 173: loss = 45.7542
2020-04-15 12:30:31,696 INFO [244.2] Epoch 174: loss = 45.7736
2020-04-15 12:34:35,128 INFO [243.4] Epoch 175: loss = 45.7358
2020-04-15 12:38:27,779 INFO [232.7] Epoch 176: loss = 45.7262
2020-04-15 12:42:28,099 INFO [240.3] Epoch 177: loss = 45.7468
2020-04-15 12:46:33,020 INFO [244.9] Epoch 178: loss = 45.7546
2020-04-15 12:50:42,653 INFO [249.6] Epoch 179: loss = 45.7123
2020-04-15 12:50:42,654 INFO Start Evaling...
2020-04-15 12:51:40,845 INFO Head: mr:1455.4 mrr:10.46 hits:21.52
2020-04-15 12:51:40,846 INFO Tail: mr:433.1 mrr:35.80 hits:62.58
2020-04-15 12:51:40,846 INFO All: mr:944.2 mrr:23.13 hits:42.05
2020-04-15 12:51:40,850 INFO Declined in recent 3 epochs
2020-04-15 12:55:49,079 INFO [248.2] Epoch 180: loss = 45.7545
2020-04-15 12:59:56,469 INFO [247.4] Epoch 181: loss = 45.6996
2020-04-15 13:03:56,514 INFO [240.0] Epoch 182: loss = 45.6703
2020-04-15 13:07:58,131 INFO [241.6] Epoch 183: loss = 45.7513
2020-04-15 13:12:12,213 INFO [254.1] Epoch 184: loss = 45.7245
2020-04-15 13:16:30,592 INFO [258.4] Epoch 185: loss = 45.7142
2020-04-15 13:20:35,117 INFO [244.5] Epoch 186: loss = 45.6341
2020-04-15 13:24:35,970 INFO [240.9] Epoch 187: loss = 45.6584
2020-04-15 13:28:41,669 INFO [245.7] Epoch 188: loss = 45.6236
2020-04-15 13:32:42,383 INFO [240.7] Epoch 189: loss = 45.7398
2020-04-15 13:32:42,385 INFO Start Evaling...
2020-04-15 13:33:39,272 INFO Head: mr:1462.3 mrr:10.61 hits:22.10
2020-04-15 13:33:39,273 INFO Tail: mr:432.4 mrr:35.74 hits:62.76
2020-04-15 13:33:39,273 INFO All: mr:947.3 mrr:23.18 hits:42.43
2020-04-15 13:33:39,277 INFO Improved and model saved
2020-04-15 13:37:41,187 INFO [241.8] Epoch 190: loss = 45.7104
2020-04-15 13:41:52,158 INFO [251.0] Epoch 191: loss = 45.6912
2020-04-15 13:45:55,562 INFO [243.4] Epoch 192: loss = 45.6380
2020-04-15 13:49:57,529 INFO [242.0] Epoch 193: loss = 45.5842
2020-04-15 13:54:15,863 INFO [258.3] Epoch 194: loss = 45.6249
2020-04-15 13:58:19,165 INFO [243.3] Epoch 195: loss = 45.6819
2020-04-15 14:02:22,427 INFO [243.3] Epoch 196: loss = 45.5366
2020-04-15 14:06:27,556 INFO [245.1] Epoch 197: loss = 45.6525
2020-04-15 14:10:26,590 INFO [239.0] Epoch 198: loss = 45.6567
2020-04-15 14:14:24,989 INFO [238.4] Epoch 199: loss = 45.5796
2020-04-15 14:14:24,990 INFO Start Evaling...
2020-04-15 14:15:21,157 INFO Head: mr:1468.0 mrr:10.54 hits:22.02
2020-04-15 14:15:21,158 INFO Tail: mr:426.5 mrr:35.47 hits:63.24
2020-04-15 14:15:21,158 INFO All: mr:947.2 mrr:23.00 hits:42.63
2020-04-15 14:15:21,163 INFO Improved and model saved
2020-04-15 14:19:21,324 INFO [240.1] Epoch 200: loss = 45.5841
2020-04-15 14:23:26,769 INFO [245.4] Epoch 201: loss = 45.6216
2020-04-15 14:27:28,831 INFO [242.1] Epoch 202: loss = 45.6703
2020-04-15 14:31:39,524 INFO [250.7] Epoch 203: loss = 45.5817
2020-04-15 14:35:48,782 INFO [249.3] Epoch 204: loss = 45.6275
2020-04-15 14:39:57,556 INFO [248.8] Epoch 205: loss = 45.6188
2020-04-15 14:44:04,915 INFO [247.4] Epoch 206: loss = 45.6222
2020-04-15 14:48:08,328 INFO [243.4] Epoch 207: loss = 45.5184
2020-04-15 14:52:11,064 INFO [242.7] Epoch 208: loss = 45.5056
2020-04-15 14:56:18,979 INFO [247.9] Epoch 209: loss = 45.5514
2020-04-15 14:56:18,980 INFO Start Evaling...
2020-04-15 14:57:14,293 INFO Head: mr:1469.1 mrr:10.60 hits:21.90
2020-04-15 14:57:14,301 INFO Tail: mr:438.8 mrr:36.11 hits:63.44
2020-04-15 14:57:14,303 INFO All: mr:953.9 mrr:23.35 hits:42.67
2020-04-15 14:57:14,311 INFO Improved and model saved
2020-04-15 15:01:26,119 INFO [251.7] Epoch 210: loss = 45.6373
2020-04-15 15:05:34,339 INFO [248.2] Epoch 211: loss = 45.5003
2020-04-15 15:09:37,537 INFO [243.2] Epoch 212: loss = 45.5207
2020-04-15 15:13:40,947 INFO [243.4] Epoch 213: loss = 45.5218
2020-04-15 15:17:53,545 INFO [252.6] Epoch 214: loss = 45.5061
2020-04-15 15:22:05,045 INFO [251.5] Epoch 215: loss = 45.5934
2020-04-15 15:26:07,132 INFO [242.1] Epoch 216: loss = 45.5138
2020-04-15 15:30:11,598 INFO [244.5] Epoch 217: loss = 45.4821
2020-04-15 15:34:09,390 INFO [237.8] Epoch 218: loss = 45.5288
2020-04-15 15:38:13,632 INFO [244.2] Epoch 219: loss = 45.5169
2020-04-15 15:38:13,632 INFO Start Evaling...
2020-04-15 15:39:09,409 INFO Head: mr:1495.7 mrr:10.80 hits:22.42
2020-04-15 15:39:09,412 INFO Tail: mr:441.1 mrr:36.57 hits:63.50
2020-04-15 15:39:09,413 INFO All: mr:968.4 mrr:23.69 hits:42.96
2020-04-15 15:39:09,418 INFO Improved and model saved
2020-04-15 15:43:12,214 INFO [242.7] Epoch 220: loss = 45.5899
2020-04-15 15:47:13,601 INFO [241.4] Epoch 221: loss = 45.4856
2020-04-15 15:51:20,060 INFO [246.5] Epoch 222: loss = 45.5783
2020-04-15 15:55:31,583 INFO [251.5] Epoch 223: loss = 45.4834
2020-04-15 15:59:43,990 INFO [252.4] Epoch 224: loss = 45.4730
2020-04-15 16:03:57,428 INFO [253.4] Epoch 225: loss = 45.4382
2020-04-15 16:08:05,264 INFO [247.8] Epoch 226: loss = 45.4501
2020-04-15 16:12:13,122 INFO [247.9] Epoch 227: loss = 45.4581
2020-04-15 16:16:15,369 INFO [242.2] Epoch 228: loss = 45.5962
2020-04-15 16:20:28,599 INFO [253.2] Epoch 229: loss = 45.4869
2020-04-15 16:20:28,600 INFO Start Evaling...
2020-04-15 16:21:27,372 INFO Head: mr:1469.0 mrr:10.92 hits:22.24
2020-04-15 16:21:27,379 INFO Tail: mr:430.9 mrr:36.47 hits:63.40
2020-04-15 16:21:27,379 INFO All: mr:949.9 mrr:23.69 hits:42.82
2020-04-15 16:21:27,384 INFO Declined in recent 1 epochs
2020-04-15 16:25:29,523 INFO [242.1] Epoch 230: loss = 45.5382
2020-04-15 16:29:35,486 INFO [246.0] Epoch 231: loss = 45.4454
2020-04-15 16:33:57,611 INFO [262.1] Epoch 232: loss = 45.4362
2020-04-15 16:38:16,032 INFO [258.4] Epoch 233: loss = 45.4141
2020-04-15 16:42:27,267 INFO [251.2] Epoch 234: loss = 45.5193
2020-04-15 16:46:31,161 INFO [243.9] Epoch 235: loss = 45.4450
2020-04-15 16:50:25,733 INFO [234.6] Epoch 236: loss = 45.4342
2020-04-15 16:54:22,846 INFO [237.1] Epoch 237: loss = 45.4468
2020-04-15 16:58:18,636 INFO [235.8] Epoch 238: loss = 45.5335
2020-04-15 17:02:16,198 INFO [237.6] Epoch 239: loss = 45.4099
2020-04-15 17:02:16,199 INFO Start Evaling...
2020-04-15 17:03:08,054 INFO Head: mr:1467.2 mrr:10.69 hits:21.94
2020-04-15 17:03:08,057 INFO Tail: mr:441.7 mrr:36.03 hits:62.86
2020-04-15 17:03:08,059 INFO All: mr:954.5 mrr:23.36 hits:42.40
2020-04-15 17:03:08,066 INFO Declined in recent 2 epochs
2020-04-15 17:07:08,532 INFO [240.5] Epoch 240: loss = 45.4342
2020-04-15 17:11:26,966 INFO [258.4] Epoch 241: loss = 45.3593
2020-04-15 17:16:08,245 INFO [281.3] Epoch 242: loss = 45.4428
2020-04-15 17:20:44,248 INFO [276.0] Epoch 243: loss = 45.3660
2020-04-15 17:25:20,416 INFO [276.2] Epoch 244: loss = 45.3777
2020-04-15 17:30:09,961 INFO [289.5] Epoch 245: loss = 45.3951
2020-04-15 17:34:55,229 INFO [285.3] Epoch 246: loss = 45.4067
2020-04-15 17:39:32,073 INFO [276.8] Epoch 247: loss = 45.3840
2020-04-15 17:44:13,577 INFO [281.5] Epoch 248: loss = 45.2961
2020-04-15 17:49:01,242 INFO [287.7] Epoch 249: loss = 45.3612
2020-04-15 17:49:01,243 INFO Start Evaling...
2020-04-15 17:50:06,865 INFO Head: mr:1482.6 mrr:11.00 hits:21.82
2020-04-15 17:50:06,868 INFO Tail: mr:453.0 mrr:36.23 hits:63.26
2020-04-15 17:50:06,870 INFO All: mr:967.8 mrr:23.62 hits:42.54
2020-04-15 17:50:06,877 INFO Declined in recent 3 epochs
2020-04-15 17:54:56,613 INFO [289.7] Epoch 250: loss = 45.3710
2020-04-15 18:00:10,357 INFO [313.7] Epoch 251: loss = 45.3320
2020-04-15 18:05:21,277 INFO [310.9] Epoch 252: loss = 45.2877
2020-04-15 18:09:57,890 INFO [276.6] Epoch 253: loss = 45.3405
2020-04-15 18:14:41,968 INFO [284.1] Epoch 254: loss = 45.3897
2020-04-15 18:19:29,638 INFO [287.7] Epoch 255: loss = 45.2968
2020-04-15 18:24:18,492 INFO [288.9] Epoch 256: loss = 45.3114
2020-04-15 18:28:59,349 INFO [280.9] Epoch 257: loss = 45.3636
2020-04-15 18:33:31,518 INFO [272.2] Epoch 258: loss = 45.3282
2020-04-15 18:38:16,493 INFO [285.0] Epoch 259: loss = 45.3693
2020-04-15 18:38:16,494 INFO Start Evaling...
2020-04-15 18:39:12,793 INFO Head: mr:1474.8 mrr:10.87 hits:21.94
2020-04-15 18:39:12,796 INFO Tail: mr:439.4 mrr:36.13 hits:63.34
2020-04-15 18:39:12,798 INFO All: mr:957.1 mrr:23.50 hits:42.64
2020-04-15 18:39:12,805 INFO Declined in recent 4 epochs
2020-04-15 18:43:21,711 INFO [248.9] Epoch 260: loss = 45.3460
2020-04-15 18:47:24,485 INFO [242.8] Epoch 261: loss = 45.3499
2020-04-15 18:51:28,501 INFO [244.0] Epoch 262: loss = 45.2560
2020-04-15 18:55:34,317 INFO [245.8] Epoch 263: loss = 45.3530
2020-04-15 18:59:42,248 INFO [247.9] Epoch 264: loss = 45.4002
2020-04-15 19:03:40,327 INFO [238.1] Epoch 265: loss = 45.3401
2020-04-15 19:07:53,777 INFO [253.4] Epoch 266: loss = 45.3695
2020-04-15 19:11:59,674 INFO [245.9] Epoch 267: loss = 45.3333
2020-04-15 19:16:09,964 INFO [250.3] Epoch 268: loss = 45.2926
2020-04-15 19:20:23,433 INFO [253.5] Epoch 269: loss = 45.2873
2020-04-15 19:20:23,433 INFO Start Evaling...
2020-04-15 19:21:22,862 INFO Head: mr:1477.8 mrr:10.76 hits:22.30
2020-04-15 19:21:22,862 INFO Tail: mr:439.8 mrr:36.59 hits:63.12
2020-04-15 19:21:22,863 INFO All: mr:958.8 mrr:23.67 hits:42.71
2020-04-15 19:21:22,867 INFO Declined in recent 5 epochs
2020-04-15 19:21:22,867 INFO Early stopping
2020-04-15 19:21:22,867 INFO Train done
2020-04-15 19:21:22,910 INFO Start Evaling...
2020-04-15 19:22:17,919 INFO Head: mr:1377.3 mrr:10.57 hits:22.22
2020-04-15 19:22:17,920 INFO Tail: mr:448.3 mrr:35.81 hits:62.40
2020-04-15 19:22:17,920 INFO All: mr:912.8 mrr:23.19 hits:42.31
