2020-04-14 23:40:57,810 INFO EPOCH: 1000
2020-04-14 23:40:57,812 INFO EVERY: 10
2020-04-14 23:40:57,813 INFO LR: 0.001
2020-04-14 23:40:57,815 INFO DIM: 64
2020-04-14 23:40:57,816 INFO BATCH_SIZE: 512
2020-04-14 23:40:57,818 INFO BATCH_SIZE2: 50
2020-04-14 23:40:57,820 INFO P: 1
2020-04-14 23:40:57,820 INFO CLIPPING_MAX_VALUE: 4.0
2020-04-14 23:40:57,820 INFO OPTIM: Adam
2020-04-14 23:40:57,820 INFO N_SAMPLE: 12
2020-04-14 23:40:57,820 INFO MODE: cach
2020-04-14 23:40:57,820 INFO GAMMA: 12.0
2020-04-14 23:40:57,820 INFO BERN: True
2020-04-14 23:40:57,820 INFO MARGIN: 4.0
2020-04-14 23:40:57,820 INFO REG: 1.0
2020-04-14 23:40:57,820 INFO LABEL_SMOOTH_EPS: 0.1
2020-04-14 23:40:57,820 INFO INPUT_DROP: 0.2
2020-04-14 23:40:57,820 INFO FEAT_DROP: 0.2
2020-04-14 23:40:57,820 INFO HIDD_DROP: 0.3
2020-04-14 23:40:57,820 INFO CHANNELS: 50
2020-04-14 23:40:57,821 INFO KERNEL_SIZE: 3
2020-04-14 23:40:57,821 INFO N_POOL: 100
2020-04-14 23:40:57,821 INFO MODEL_D: TransH
2020-04-14 23:40:57,821 INFO MODEL_G: DistMult
2020-04-14 23:40:57,821 INFO SCRATCH: False
2020-04-14 23:40:57,821 INFO D_FILE: None
2020-04-14 23:40:57,821 INFO G_FILE: None
2020-04-14 23:40:57,821 INFO PATH: data
2020-04-14 23:40:57,821 INFO DATA: YAGO3-10
2020-04-14 23:40:57,821 INFO EXP_PATH: experiment/YAGO3-10
2020-04-14 23:40:57,821 INFO MODEL: TransH
2020-04-14 23:40:57,821 INFO V: 0
2020-04-14 23:40:57,821 INFO F: False
2020-04-14 23:40:57,821 INFO EVAL: False
2020-04-14 23:40:57,821 INFO TRAINED: False
2020-04-14 23:40:57,821 INFO PRETRAINED_NAME: None
2020-04-14 23:40:57,821 INFO EXP_NAME: TransH-YAGO3-10-cach-0
2020-04-14 23:40:57,821 INFO --------------------------------------
2020-04-14 23:41:39,597 INFO Dataload done
2020-04-14 23:41:39,599 INFO --------------------------------------
2020-04-14 23:41:39,601 INFO N_ENTITY: 123182
2020-04-14 23:41:39,602 INFO N_RELATION: 37
2020-04-14 23:41:39,602 INFO --------------------------------------
2020-04-14 23:41:48,447 INFO Start Evaling...
2020-04-14 23:43:07,802 INFO Head: mr:59677.2 mrr:0.03 hits:0.02
2020-04-14 23:43:07,810 INFO Tail: mr:63049.0 mrr:0.01 hits:0.00
2020-04-14 23:43:07,820 INFO All: mr:61363.1 mrr:0.02 hits:0.01
2020-04-14 23:43:07,833 INFO Start Training...
2020-04-14 23:46:42,128 INFO [214.3] Epoch 0: loss = 388.6888
2020-04-14 23:50:49,609 INFO [247.5] Epoch 1: loss = 490.5745
2020-04-14 23:55:17,559 INFO [267.9] Epoch 2: loss = 366.4147
2020-04-14 23:59:28,148 INFO [250.6] Epoch 3: loss = 316.0701
2020-04-15 00:03:35,764 INFO [247.6] Epoch 4: loss = 254.9421
2020-04-15 00:07:46,750 INFO [251.0] Epoch 5: loss = 217.4200
2020-04-15 00:11:45,898 INFO [239.1] Epoch 6: loss = 183.6714
2020-04-15 00:15:41,744 INFO [235.8] Epoch 7: loss = 159.2215
2020-04-15 00:19:47,996 INFO [246.3] Epoch 8: loss = 139.5320
2020-04-15 00:23:56,113 INFO [248.1] Epoch 9: loss = 124.3699
2020-04-15 00:23:56,113 INFO Start Evaling...
2020-04-15 00:25:08,955 INFO Head: mr:3727.8 mrr:4.24 hits:8.92
2020-04-15 00:25:08,959 INFO Tail: mr:614.0 mrr:19.95 hits:37.32
2020-04-15 00:25:08,960 INFO All: mr:2170.9 mrr:12.09 hits:23.12
2020-04-15 00:25:08,971 INFO Improved and model saved
2020-04-15 00:29:12,317 INFO [243.2] Epoch 10: loss = 112.9828
2020-04-15 00:33:28,495 INFO [256.2] Epoch 11: loss = 103.9996
2020-04-15 00:37:40,485 INFO [252.0] Epoch 12: loss = 96.7078
2020-04-15 00:41:38,754 INFO [238.3] Epoch 13: loss = 91.7823
2020-04-15 00:45:43,284 INFO [244.5] Epoch 14: loss = 87.4179
2020-04-15 00:49:45,177 INFO [241.9] Epoch 15: loss = 83.8620
2020-04-15 00:53:57,153 INFO [252.0] Epoch 16: loss = 81.1401
2020-04-15 00:57:55,308 INFO [238.2] Epoch 17: loss = 78.9864
2020-04-15 01:01:46,878 INFO [231.6] Epoch 18: loss = 77.1253
2020-04-15 01:05:48,088 INFO [241.2] Epoch 19: loss = 75.4815
2020-04-15 01:05:48,089 INFO Start Evaling...
2020-04-15 01:07:03,370 INFO Head: mr:2455.5 mrr:7.92 hits:15.02
2020-04-15 01:07:03,374 INFO Tail: mr:481.5 mrr:26.03 hits:49.82
2020-04-15 01:07:03,375 INFO All: mr:1468.5 mrr:16.97 hits:32.42
2020-04-15 01:07:03,389 INFO Improved and model saved
2020-04-15 01:11:43,398 INFO [279.9] Epoch 20: loss = 73.8571
2020-04-15 01:16:05,023 INFO [261.6] Epoch 21: loss = 72.5113
2020-04-15 01:20:09,979 INFO [245.0] Epoch 22: loss = 71.4089
2020-04-15 01:24:32,115 INFO [262.1] Epoch 23: loss = 70.6431
2020-04-15 01:28:40,231 INFO [248.1] Epoch 24: loss = 69.9322
2020-04-15 01:33:18,388 INFO [278.2] Epoch 25: loss = 68.9931
2020-04-15 01:37:54,144 INFO [275.8] Epoch 26: loss = 68.2391
2020-04-15 01:42:13,347 INFO [259.2] Epoch 27: loss = 67.5923
2020-04-15 01:46:40,195 INFO [266.8] Epoch 28: loss = 67.1185
2020-04-15 01:50:53,568 INFO [253.4] Epoch 29: loss = 66.3890
2020-04-15 01:50:53,569 INFO Start Evaling...
2020-04-15 01:52:17,004 INFO Head: mr:2163.8 mrr:9.05 hits:17.40
2020-04-15 01:52:17,005 INFO Tail: mr:400.4 mrr:28.42 hits:55.12
2020-04-15 01:52:17,005 INFO All: mr:1282.1 mrr:18.74 hits:36.26
2020-04-15 01:52:17,028 INFO Improved and model saved
2020-04-15 01:56:48,443 INFO [271.3] Epoch 30: loss = 66.1173
2020-04-15 02:01:13,653 INFO [265.2] Epoch 31: loss = 65.7223
2020-04-15 02:05:49,050 INFO [275.4] Epoch 32: loss = 65.1967
2020-04-15 02:10:05,217 INFO [256.2] Epoch 33: loss = 64.8109
2020-04-15 02:14:52,136 INFO [286.9] Epoch 34: loss = 64.3630
2020-04-15 02:18:48,273 INFO [236.1] Epoch 35: loss = 63.9163
2020-04-15 02:22:49,503 INFO [241.2] Epoch 36: loss = 63.7917
2020-04-15 02:26:51,305 INFO [241.8] Epoch 37: loss = 63.4550
2020-04-15 02:30:41,004 INFO [229.7] Epoch 38: loss = 63.1367
2020-04-15 02:34:42,438 INFO [241.4] Epoch 39: loss = 62.8238
2020-04-15 02:34:42,438 INFO Start Evaling...
2020-04-15 02:35:50,141 INFO Head: mr:2073.5 mrr:9.63 hits:18.70
2020-04-15 02:35:50,143 INFO Tail: mr:359.6 mrr:30.30 hits:57.30
2020-04-15 02:35:50,145 INFO All: mr:1216.5 mrr:19.97 hits:38.00
2020-04-15 02:35:50,152 INFO Improved and model saved
2020-04-15 02:39:51,041 INFO [240.8] Epoch 40: loss = 62.8318
2020-04-15 02:43:45,294 INFO [234.3] Epoch 41: loss = 62.2793
2020-04-15 02:47:42,774 INFO [237.5] Epoch 42: loss = 62.1128
2020-04-15 02:51:37,820 INFO [235.0] Epoch 43: loss = 61.9774
2020-04-15 02:55:37,410 INFO [239.6] Epoch 44: loss = 61.6150
2020-04-15 02:59:40,642 INFO [243.2] Epoch 45: loss = 61.8029
2020-04-15 03:03:45,009 INFO [244.4] Epoch 46: loss = 61.5966
2020-04-15 03:07:37,637 INFO [232.6] Epoch 47: loss = 61.2580
2020-04-15 03:11:46,898 INFO [249.3] Epoch 48: loss = 60.9300
2020-04-15 03:15:42,213 INFO [235.3] Epoch 49: loss = 61.0510
2020-04-15 03:15:42,213 INFO Start Evaling...
2020-04-15 03:16:45,378 INFO Head: mr:2018.4 mrr:9.83 hits:18.88
2020-04-15 03:16:45,378 INFO Tail: mr:355.4 mrr:31.35 hits:59.20
2020-04-15 03:16:45,378 INFO All: mr:1186.9 mrr:20.59 hits:39.04
2020-04-15 03:16:45,385 INFO Improved and model saved
2020-04-15 03:20:36,892 INFO [231.4] Epoch 50: loss = 60.6807
2020-04-15 03:24:30,901 INFO [234.0] Epoch 51: loss = 60.6015
2020-04-15 03:28:29,648 INFO [238.7] Epoch 52: loss = 60.3439
2020-04-15 03:32:29,066 INFO [239.4] Epoch 53: loss = 60.3936
2020-04-15 03:36:35,824 INFO [246.8] Epoch 54: loss = 60.2179
2020-04-15 03:40:37,778 INFO [242.0] Epoch 55: loss = 59.9852
2020-04-15 03:44:30,401 INFO [232.6] Epoch 56: loss = 59.7452
2020-04-15 03:48:35,796 INFO [245.4] Epoch 57: loss = 59.6671
2020-04-15 03:52:27,903 INFO [232.1] Epoch 58: loss = 59.6162
2020-04-15 03:56:22,414 INFO [234.5] Epoch 59: loss = 59.4125
2020-04-15 03:56:22,414 INFO Start Evaling...
2020-04-15 03:57:26,940 INFO Head: mr:1970.8 mrr:9.87 hits:18.98
2020-04-15 03:57:26,944 INFO Tail: mr:331.5 mrr:31.63 hits:59.94
2020-04-15 03:57:26,945 INFO All: mr:1151.1 mrr:20.75 hits:39.46
2020-04-15 03:57:26,959 INFO Improved and model saved
2020-04-15 04:01:31,569 INFO [244.5] Epoch 60: loss = 59.2979
2020-04-15 04:05:41,185 INFO [249.6] Epoch 61: loss = 59.4065
2020-04-15 04:09:13,863 INFO [212.7] Epoch 62: loss = 59.4024
2020-04-15 04:12:33,361 INFO [199.5] Epoch 63: loss = 59.2079
2020-04-15 04:15:58,845 INFO [205.5] Epoch 64: loss = 58.9975
2020-04-15 04:19:23,016 INFO [204.2] Epoch 65: loss = 58.9504
2020-04-15 04:22:35,807 INFO [192.8] Epoch 66: loss = 58.7148
2020-04-15 04:25:59,777 INFO [204.0] Epoch 67: loss = 58.8986
2020-04-15 04:29:24,036 INFO [204.3] Epoch 68: loss = 58.7572
2020-04-15 04:33:03,160 INFO [219.1] Epoch 69: loss = 58.8627
2020-04-15 04:33:03,161 INFO Start Evaling...
2020-04-15 04:34:10,528 INFO Head: mr:1966.9 mrr:10.31 hits:19.50
2020-04-15 04:34:10,529 INFO Tail: mr:318.0 mrr:32.12 hits:60.72
2020-04-15 04:34:10,529 INFO All: mr:1142.4 mrr:21.21 hits:40.11
2020-04-15 04:34:10,559 INFO Improved and model saved
2020-04-15 04:37:51,110 INFO [220.5] Epoch 70: loss = 58.5898
2020-04-15 04:41:44,563 INFO [233.5] Epoch 71: loss = 58.5106
2020-04-15 04:45:24,685 INFO [220.1] Epoch 72: loss = 58.5875
2020-04-15 04:49:00,909 INFO [216.2] Epoch 73: loss = 58.3835
2020-04-15 04:52:25,687 INFO [204.8] Epoch 74: loss = 58.3542
2020-04-15 04:56:02,173 INFO [216.5] Epoch 75: loss = 58.2766
2020-04-15 04:59:37,203 INFO [215.0] Epoch 76: loss = 58.3373
2020-04-15 05:03:10,362 INFO [213.2] Epoch 77: loss = 58.1330
2020-04-15 05:06:51,204 INFO [220.8] Epoch 78: loss = 57.9351
2020-04-15 05:10:39,269 INFO [228.1] Epoch 79: loss = 57.9251
2020-04-15 05:10:39,273 INFO Start Evaling...
2020-04-15 05:11:39,024 INFO Head: mr:1967.7 mrr:10.19 hits:19.80
2020-04-15 05:11:39,025 INFO Tail: mr:321.0 mrr:32.00 hits:60.46
2020-04-15 05:11:39,025 INFO All: mr:1144.3 mrr:21.09 hits:40.13
2020-04-15 05:11:39,041 INFO Improved and model saved
2020-04-15 05:15:13,448 INFO [214.3] Epoch 80: loss = 57.8286
2020-04-15 05:18:46,888 INFO [213.4] Epoch 81: loss = 57.8405
2020-04-15 05:22:24,348 INFO [217.5] Epoch 82: loss = 57.7974
2020-04-15 05:26:01,738 INFO [217.4] Epoch 83: loss = 57.6167
2020-04-15 05:29:37,683 INFO [215.9] Epoch 84: loss = 57.5103
2020-04-15 05:33:00,738 INFO [203.1] Epoch 85: loss = 57.6024
2020-04-15 05:36:39,227 INFO [218.5] Epoch 86: loss = 57.6631
2020-04-15 05:40:18,172 INFO [218.9] Epoch 87: loss = 57.4661
2020-04-15 05:43:47,322 INFO [209.1] Epoch 88: loss = 57.5198
2020-04-15 05:47:25,542 INFO [218.2] Epoch 89: loss = 57.4896
2020-04-15 05:47:25,542 INFO Start Evaling...
2020-04-15 05:48:22,949 INFO Head: mr:1984.5 mrr:10.29 hits:19.70
2020-04-15 05:48:22,950 INFO Tail: mr:321.7 mrr:32.05 hits:60.72
2020-04-15 05:48:22,950 INFO All: mr:1153.1 mrr:21.17 hits:40.21
2020-04-15 05:48:22,968 INFO Improved and model saved
2020-04-15 05:51:57,114 INFO [214.0] Epoch 90: loss = 57.3345
2020-04-15 05:55:26,928 INFO [209.8] Epoch 91: loss = 57.5807
2020-04-15 05:59:02,402 INFO [215.5] Epoch 92: loss = 57.1912
2020-04-15 06:02:45,135 INFO [222.7] Epoch 93: loss = 57.1714
2020-04-15 06:06:24,212 INFO [219.1] Epoch 94: loss = 57.2996
2020-04-15 06:10:05,013 INFO [220.8] Epoch 95: loss = 57.2695
2020-04-15 06:13:42,920 INFO [217.9] Epoch 96: loss = 57.0588
2020-04-15 06:17:17,401 INFO [214.5] Epoch 97: loss = 56.8359
2020-04-15 06:20:54,284 INFO [216.9] Epoch 98: loss = 56.9144
2020-04-15 06:24:33,484 INFO [219.2] Epoch 99: loss = 57.0962
2020-04-15 06:24:33,484 INFO Start Evaling...
2020-04-15 06:25:35,924 INFO Head: mr:1967.2 mrr:10.54 hits:19.82
2020-04-15 06:25:35,926 INFO Tail: mr:313.3 mrr:32.46 hits:60.96
2020-04-15 06:25:35,928 INFO All: mr:1140.2 mrr:21.50 hits:40.39
2020-04-15 06:25:35,938 INFO Improved and model saved
2020-04-15 06:29:23,068 INFO [227.1] Epoch 100: loss = 57.2265
2020-04-15 06:33:01,692 INFO [218.6] Epoch 101: loss = 57.0565
2020-04-15 06:36:41,782 INFO [220.1] Epoch 102: loss = 56.7611
2020-04-15 06:40:16,982 INFO [215.2] Epoch 103: loss = 57.0519
2020-04-15 06:43:58,119 INFO [221.1] Epoch 104: loss = 56.9971
2020-04-15 06:47:25,860 INFO [207.7] Epoch 105: loss = 56.9502
2020-04-15 06:51:04,004 INFO [218.1] Epoch 106: loss = 56.7058
2020-04-15 06:54:43,851 INFO [219.8] Epoch 107: loss = 56.6743
2020-04-15 06:58:07,627 INFO [203.8] Epoch 108: loss = 56.5665
2020-04-15 07:01:55,075 INFO [227.4] Epoch 109: loss = 56.5938
2020-04-15 07:01:55,076 INFO Start Evaling...
2020-04-15 07:02:57,953 INFO Head: mr:1946.2 mrr:10.38 hits:19.84
2020-04-15 07:02:57,956 INFO Tail: mr:308.7 mrr:32.72 hits:62.08
2020-04-15 07:02:57,958 INFO All: mr:1127.5 mrr:21.55 hits:40.96
2020-04-15 07:02:57,968 INFO Improved and model saved
2020-04-15 07:06:44,507 INFO [226.4] Epoch 110: loss = 56.7510
2020-04-15 07:10:22,780 INFO [218.3] Epoch 111: loss = 56.6375
2020-04-15 07:14:02,253 INFO [219.5] Epoch 112: loss = 56.5628
2020-04-15 07:17:31,569 INFO [209.3] Epoch 113: loss = 56.5816
2020-04-15 07:21:09,421 INFO [217.9] Epoch 114: loss = 56.5028
2020-04-15 07:24:44,127 INFO [214.7] Epoch 115: loss = 56.5474
2020-04-15 07:28:26,484 INFO [222.3] Epoch 116: loss = 56.4667
2020-04-15 07:32:03,488 INFO [217.0] Epoch 117: loss = 56.6096
2020-04-15 07:35:37,299 INFO [213.8] Epoch 118: loss = 56.6514
2020-04-15 07:39:15,768 INFO [218.5] Epoch 119: loss = 56.6001
2020-04-15 07:39:15,769 INFO Start Evaling...
2020-04-15 07:40:18,802 INFO Head: mr:1975.5 mrr:10.40 hits:20.02
2020-04-15 07:40:18,812 INFO Tail: mr:311.7 mrr:32.81 hits:62.60
2020-04-15 07:40:18,815 INFO All: mr:1143.6 mrr:21.60 hits:41.31
2020-04-15 07:40:18,830 INFO Improved and model saved
2020-04-15 07:44:00,300 INFO [221.4] Epoch 120: loss = 56.2630
2020-04-15 07:47:42,241 INFO [221.9] Epoch 121: loss = 56.2923
2020-04-15 07:51:21,790 INFO [219.5] Epoch 122: loss = 56.3158
2020-04-15 07:54:57,107 INFO [215.3] Epoch 123: loss = 56.2802
2020-04-15 07:58:33,559 INFO [216.4] Epoch 124: loss = 56.1435
2020-04-15 08:02:06,983 INFO [213.4] Epoch 125: loss = 56.0761
2020-04-15 08:05:45,132 INFO [218.1] Epoch 126: loss = 56.5208
2020-04-15 08:09:25,004 INFO [219.9] Epoch 127: loss = 56.2034
2020-04-15 08:13:03,052 INFO [218.0] Epoch 128: loss = 56.2197
2020-04-15 08:16:44,043 INFO [221.0] Epoch 129: loss = 56.5951
2020-04-15 08:16:44,044 INFO Start Evaling...
2020-04-15 08:17:45,906 INFO Head: mr:1974.4 mrr:10.36 hits:19.86
2020-04-15 08:17:45,906 INFO Tail: mr:314.4 mrr:33.15 hits:62.36
2020-04-15 08:17:45,906 INFO All: mr:1144.4 mrr:21.76 hits:41.11
2020-04-15 08:17:45,924 INFO Declined in recent 1 epochs
2020-04-15 08:21:20,500 INFO [214.6] Epoch 130: loss = 55.9691
2020-04-15 08:25:08,755 INFO [228.3] Epoch 131: loss = 56.1719
2020-04-15 08:28:49,576 INFO [220.8] Epoch 132: loss = 55.9050
2020-04-15 08:32:23,535 INFO [214.0] Epoch 133: loss = 56.0422
2020-04-15 08:36:01,392 INFO [217.9] Epoch 134: loss = 56.0814
2020-04-15 08:39:40,233 INFO [218.8] Epoch 135: loss = 55.9191
2020-04-15 08:43:10,355 INFO [210.1] Epoch 136: loss = 55.9061
2020-04-15 08:46:47,182 INFO [216.8] Epoch 137: loss = 56.0418
2020-04-15 08:50:28,621 INFO [221.4] Epoch 138: loss = 55.8672
2020-04-15 08:54:08,285 INFO [219.7] Epoch 139: loss = 55.8341
2020-04-15 08:54:08,285 INFO Start Evaling...
2020-04-15 08:55:11,073 INFO Head: mr:1978.7 mrr:10.41 hits:20.08
2020-04-15 08:55:11,075 INFO Tail: mr:309.5 mrr:33.04 hits:62.52
2020-04-15 08:55:11,077 INFO All: mr:1144.1 mrr:21.72 hits:41.30
2020-04-15 08:55:11,087 INFO Declined in recent 2 epochs
2020-04-15 08:58:47,306 INFO [216.2] Epoch 140: loss = 56.0845
2020-04-15 09:02:33,894 INFO [226.6] Epoch 141: loss = 55.9468
2020-04-15 09:06:11,078 INFO [217.2] Epoch 142: loss = 55.8960
2020-04-15 09:09:45,587 INFO [214.5] Epoch 143: loss = 55.8540
2020-04-15 09:13:24,108 INFO [218.5] Epoch 144: loss = 55.8801
2020-04-15 09:17:02,467 INFO [218.4] Epoch 145: loss = 55.9692
2020-04-15 09:20:37,219 INFO [214.8] Epoch 146: loss = 55.8541
2020-04-15 09:24:11,593 INFO [214.4] Epoch 147: loss = 55.8770
2020-04-15 09:27:51,829 INFO [220.2] Epoch 148: loss = 55.8868
2020-04-15 09:31:35,081 INFO [223.2] Epoch 149: loss = 55.5704
2020-04-15 09:31:35,081 INFO Start Evaling...
2020-04-15 09:32:38,305 INFO Head: mr:1981.4 mrr:10.38 hits:19.94
2020-04-15 09:32:38,305 INFO Tail: mr:296.6 mrr:33.40 hits:62.80
2020-04-15 09:32:38,305 INFO All: mr:1139.0 mrr:21.89 hits:41.37
2020-04-15 09:32:38,329 INFO Improved and model saved
2020-04-15 09:36:17,406 INFO [219.0] Epoch 150: loss = 55.6637
2020-04-15 09:39:38,325 INFO [200.9] Epoch 151: loss = 55.5924
2020-04-15 09:42:29,028 INFO [170.7] Epoch 152: loss = 55.7758
2020-04-15 09:45:12,307 INFO [163.3] Epoch 153: loss = 55.6802
2020-04-15 09:47:46,887 INFO [154.6] Epoch 154: loss = 55.4906
2020-04-15 09:50:13,753 INFO [146.9] Epoch 155: loss = 55.4243
2020-04-15 09:52:41,087 INFO [147.3] Epoch 156: loss = 55.4411
2020-04-15 09:55:06,984 INFO [145.9] Epoch 157: loss = 55.5714
2020-04-15 09:57:30,387 INFO [143.4] Epoch 158: loss = 55.5516
2020-04-15 09:59:54,447 INFO [144.1] Epoch 159: loss = 55.4692
2020-04-15 09:59:54,447 INFO Start Evaling...
2020-04-15 10:00:34,645 INFO Head: mr:2006.3 mrr:10.65 hits:20.42
2020-04-15 10:00:34,648 INFO Tail: mr:296.5 mrr:33.51 hits:63.00
2020-04-15 10:00:34,650 INFO All: mr:1151.4 mrr:22.08 hits:41.71
2020-04-15 10:00:34,657 INFO Improved and model saved
2020-04-15 10:03:06,852 INFO [152.1] Epoch 160: loss = 55.6471
2020-04-15 10:05:32,566 INFO [145.7] Epoch 161: loss = 55.6239
2020-04-15 10:07:54,872 INFO [142.3] Epoch 162: loss = 55.7473
2020-04-15 10:10:30,195 INFO [155.3] Epoch 163: loss = 55.3490
2020-04-15 10:13:02,226 INFO [152.0] Epoch 164: loss = 55.4331
2020-04-15 10:15:30,630 INFO [148.4] Epoch 165: loss = 55.4606
2020-04-15 10:17:51,398 INFO [140.8] Epoch 166: loss = 55.3042
2020-04-15 10:20:12,370 INFO [141.0] Epoch 167: loss = 55.3390
2020-04-15 10:22:34,494 INFO [142.1] Epoch 168: loss = 55.4993
2020-04-15 10:24:55,313 INFO [140.8] Epoch 169: loss = 55.4823
2020-04-15 10:24:55,314 INFO Start Evaling...
2020-04-15 10:25:31,604 INFO Head: mr:1983.3 mrr:10.65 hits:20.40
2020-04-15 10:25:31,605 INFO Tail: mr:295.5 mrr:33.26 hits:62.26
2020-04-15 10:25:31,605 INFO All: mr:1139.4 mrr:21.96 hits:41.33
2020-04-15 10:25:31,615 INFO Declined in recent 1 epochs
2020-04-15 10:27:55,140 INFO [143.5] Epoch 170: loss = 55.3128
2020-04-15 10:30:24,866 INFO [149.7] Epoch 171: loss = 55.4538
2020-04-15 10:32:45,130 INFO [140.3] Epoch 172: loss = 55.4671
2020-04-15 10:35:27,322 INFO [162.2] Epoch 173: loss = 55.4513
2020-04-15 10:39:00,931 INFO [213.6] Epoch 174: loss = 55.5045
2020-04-15 10:42:25,656 INFO [204.7] Epoch 175: loss = 55.4488
2020-04-15 10:45:59,371 INFO [213.7] Epoch 176: loss = 55.1666
2020-04-15 10:49:48,547 INFO [229.2] Epoch 177: loss = 55.3728
2020-04-15 10:52:55,682 INFO [187.1] Epoch 178: loss = 55.2545
2020-04-15 10:56:33,989 INFO [218.3] Epoch 179: loss = 55.5251
2020-04-15 10:56:33,989 INFO Start Evaling...
2020-04-15 10:57:35,547 INFO Head: mr:1993.8 mrr:10.56 hits:20.52
2020-04-15 10:57:35,556 INFO Tail: mr:302.9 mrr:33.24 hits:63.00
2020-04-15 10:57:35,559 INFO All: mr:1148.3 mrr:21.90 hits:41.76
2020-04-15 10:57:35,576 INFO Improved and model saved
2020-04-15 11:01:13,174 INFO [217.5] Epoch 180: loss = 55.0957
2020-04-15 11:04:43,730 INFO [210.6] Epoch 181: loss = 55.1978
2020-04-15 11:08:27,538 INFO [223.8] Epoch 182: loss = 55.1645
2020-04-15 11:12:11,541 INFO [224.0] Epoch 183: loss = 55.2198
2020-04-15 11:15:41,158 INFO [209.6] Epoch 184: loss = 55.3325
2020-04-15 11:19:21,157 INFO [220.0] Epoch 185: loss = 55.0776
2020-04-15 11:22:57,488 INFO [216.3] Epoch 186: loss = 55.3259
2020-04-15 11:26:34,404 INFO [216.9] Epoch 187: loss = 55.1385
2020-04-15 11:30:15,498 INFO [221.1] Epoch 188: loss = 55.1226
2020-04-15 11:34:00,282 INFO [224.8] Epoch 189: loss = 55.1235
2020-04-15 11:34:00,282 INFO Start Evaling...
2020-04-15 11:35:03,683 INFO Head: mr:1992.6 mrr:10.72 hits:20.04
2020-04-15 11:35:03,691 INFO Tail: mr:299.2 mrr:33.17 hits:62.54
2020-04-15 11:35:03,693 INFO All: mr:1145.9 mrr:21.94 hits:41.29
2020-04-15 11:35:03,704 INFO Declined in recent 1 epochs
2020-04-15 11:38:40,404 INFO [216.7] Epoch 190: loss = 55.2624
2020-04-15 11:42:17,086 INFO [216.7] Epoch 191: loss = 55.1290
2020-04-15 11:45:49,163 INFO [212.1] Epoch 192: loss = 55.3719
2020-04-15 11:49:28,784 INFO [219.6] Epoch 193: loss = 54.9587
2020-04-15 11:53:07,018 INFO [218.2] Epoch 194: loss = 55.1269
2020-04-15 11:56:41,985 INFO [215.0] Epoch 195: loss = 55.1397
2020-04-15 12:00:13,248 INFO [211.3] Epoch 196: loss = 54.8397
2020-04-15 12:03:46,448 INFO [213.2] Epoch 197: loss = 54.9837
2020-04-15 12:07:27,305 INFO [220.9] Epoch 198: loss = 55.0656
2020-04-15 12:11:10,355 INFO [223.0] Epoch 199: loss = 54.9175
2020-04-15 12:11:10,356 INFO Start Evaling...
2020-04-15 12:12:10,082 INFO Head: mr:1960.7 mrr:10.47 hits:19.36
2020-04-15 12:12:10,084 INFO Tail: mr:295.3 mrr:33.12 hits:62.42
2020-04-15 12:12:10,086 INFO All: mr:1128.0 mrr:21.80 hits:40.89
2020-04-15 12:12:10,097 INFO Declined in recent 2 epochs
2020-04-15 12:15:41,726 INFO [211.6] Epoch 200: loss = 54.8062
2020-04-15 12:19:28,379 INFO [226.7] Epoch 201: loss = 55.0159
2020-04-15 12:23:03,420 INFO [215.0] Epoch 202: loss = 55.0193
2020-04-15 12:26:46,759 INFO [223.3] Epoch 203: loss = 55.1070
2020-04-15 12:30:34,032 INFO [227.3] Epoch 204: loss = 55.0770
2020-04-15 12:34:10,976 INFO [216.9] Epoch 205: loss = 55.0222
2020-04-15 12:37:37,463 INFO [206.5] Epoch 206: loss = 54.9203
2020-04-15 12:41:10,797 INFO [213.3] Epoch 207: loss = 54.9624
2020-04-15 12:44:49,454 INFO [218.7] Epoch 208: loss = 54.9319
2020-04-15 12:48:23,969 INFO [214.5] Epoch 209: loss = 54.8623
2020-04-15 12:48:23,970 INFO Start Evaling...
2020-04-15 12:49:26,081 INFO Head: mr:1967.2 mrr:10.51 hits:20.22
2020-04-15 12:49:26,082 INFO Tail: mr:288.8 mrr:33.33 hits:62.48
2020-04-15 12:49:26,082 INFO All: mr:1128.0 mrr:21.92 hits:41.35
2020-04-15 12:49:26,104 INFO Declined in recent 3 epochs
2020-04-15 12:53:06,828 INFO [220.7] Epoch 210: loss = 55.0300
2020-04-15 12:56:41,390 INFO [214.6] Epoch 211: loss = 54.9462
2020-04-15 13:00:14,571 INFO [213.2] Epoch 212: loss = 54.8850
2020-04-15 13:03:57,106 INFO [222.5] Epoch 213: loss = 54.9607
2020-04-15 13:07:37,630 INFO [220.5] Epoch 214: loss = 54.9189
2020-04-15 13:11:18,062 INFO [220.4] Epoch 215: loss = 54.7759
2020-04-15 13:14:58,000 INFO [219.9] Epoch 216: loss = 54.9108
2020-04-15 13:18:32,001 INFO [214.0] Epoch 217: loss = 54.7428
2020-04-15 13:22:06,947 INFO [214.9] Epoch 218: loss = 54.9140
2020-04-15 13:25:49,221 INFO [222.3] Epoch 219: loss = 54.9937
2020-04-15 13:25:49,222 INFO Start Evaling...
2020-04-15 13:26:51,169 INFO Head: mr:1957.2 mrr:10.55 hits:20.46
2020-04-15 13:26:51,169 INFO Tail: mr:286.7 mrr:33.27 hits:63.04
2020-04-15 13:26:51,169 INFO All: mr:1122.0 mrr:21.91 hits:41.75
2020-04-15 13:26:51,197 INFO Declined in recent 4 epochs
2020-04-15 13:30:23,306 INFO [212.1] Epoch 220: loss = 54.7653
2020-04-15 13:34:05,168 INFO [221.9] Epoch 221: loss = 54.7587
2020-04-15 13:37:41,461 INFO [216.3] Epoch 222: loss = 54.8308
2020-04-15 13:41:20,315 INFO [218.9] Epoch 223: loss = 54.8837
2020-04-15 13:44:56,123 INFO [215.8] Epoch 224: loss = 54.6287
2020-04-15 13:48:35,253 INFO [219.1] Epoch 225: loss = 54.6715
2020-04-15 13:52:17,943 INFO [222.7] Epoch 226: loss = 54.8217
2020-04-15 13:55:53,234 INFO [215.3] Epoch 227: loss = 54.8077
2020-04-15 13:59:32,412 INFO [219.2] Epoch 228: loss = 54.7512
2020-04-15 14:03:05,026 INFO [212.6] Epoch 229: loss = 54.8298
2020-04-15 14:03:05,026 INFO Start Evaling...
2020-04-15 14:04:04,717 INFO Head: mr:1973.1 mrr:10.64 hits:20.36
2020-04-15 14:04:04,717 INFO Tail: mr:292.2 mrr:33.62 hits:63.30
2020-04-15 14:04:04,717 INFO All: mr:1132.7 mrr:22.13 hits:41.83
2020-04-15 14:04:04,750 INFO Improved and model saved
2020-04-15 14:07:40,606 INFO [215.7] Epoch 230: loss = 54.8602
2020-04-15 14:11:07,907 INFO [207.3] Epoch 231: loss = 54.8623
2020-04-15 14:14:56,814 INFO [228.9] Epoch 232: loss = 54.8100
2020-04-15 14:18:44,885 INFO [228.1] Epoch 233: loss = 54.7032
2020-04-15 14:22:17,759 INFO [212.9] Epoch 234: loss = 54.8596
2020-04-15 14:25:59,881 INFO [222.1] Epoch 235: loss = 54.5958
2020-04-15 14:29:35,361 INFO [215.5] Epoch 236: loss = 54.5646
2020-04-15 14:33:07,220 INFO [211.9] Epoch 237: loss = 54.8665
2020-04-15 14:36:46,128 INFO [218.9] Epoch 238: loss = 54.6718
2020-04-15 14:40:22,791 INFO [216.7] Epoch 239: loss = 54.9808
2020-04-15 14:40:22,792 INFO Start Evaling...
2020-04-15 14:41:22,378 INFO Head: mr:1957.0 mrr:10.33 hits:20.28
2020-04-15 14:41:22,383 INFO Tail: mr:297.1 mrr:33.25 hits:62.80
2020-04-15 14:41:22,383 INFO All: mr:1127.1 mrr:21.79 hits:41.54
2020-04-15 14:41:22,392 INFO Declined in recent 1 epochs
2020-04-15 14:44:55,427 INFO [213.0] Epoch 240: loss = 54.6608
2020-04-15 14:48:26,470 INFO [211.0] Epoch 241: loss = 54.8287
2020-04-15 14:52:13,304 INFO [226.8] Epoch 242: loss = 54.7997
2020-04-15 14:55:55,418 INFO [222.1] Epoch 243: loss = 54.8219
2020-04-15 14:59:43,179 INFO [227.8] Epoch 244: loss = 54.6326
2020-04-15 15:03:22,668 INFO [219.5] Epoch 245: loss = 54.8241
2020-04-15 15:06:59,317 INFO [216.6] Epoch 246: loss = 54.6082
2020-04-15 15:10:29,609 INFO [210.3] Epoch 247: loss = 54.6835
2020-04-15 15:13:58,516 INFO [208.9] Epoch 248: loss = 54.7179
2020-04-15 15:17:44,354 INFO [225.8] Epoch 249: loss = 54.8174
2020-04-15 15:17:44,354 INFO Start Evaling...
2020-04-15 15:18:42,943 INFO Head: mr:1992.8 mrr:10.34 hits:20.38
2020-04-15 15:18:42,955 INFO Tail: mr:291.0 mrr:33.02 hits:62.72
2020-04-15 15:18:42,955 INFO All: mr:1141.9 mrr:21.68 hits:41.55
2020-04-15 15:18:42,980 INFO Declined in recent 2 epochs
2020-04-15 15:22:14,375 INFO [211.4] Epoch 250: loss = 54.5601
2020-04-15 15:25:57,263 INFO [222.9] Epoch 251: loss = 54.7052
2020-04-15 15:29:51,771 INFO [234.5] Epoch 252: loss = 54.4957
2020-04-15 15:33:35,421 INFO [223.6] Epoch 253: loss = 54.6141
2020-04-15 15:37:07,933 INFO [212.5] Epoch 254: loss = 54.5893
2020-04-15 15:40:51,066 INFO [223.1] Epoch 255: loss = 54.7644
2020-04-15 15:44:22,945 INFO [211.9] Epoch 256: loss = 54.6019
2020-04-15 15:48:05,747 INFO [222.8] Epoch 257: loss = 54.5223
2020-04-15 15:51:41,637 INFO [215.9] Epoch 258: loss = 54.4771
2020-04-15 15:55:27,610 INFO [226.0] Epoch 259: loss = 54.6249
2020-04-15 15:55:27,611 INFO Start Evaling...
2020-04-15 15:56:38,163 INFO Head: mr:1962.1 mrr:10.31 hits:19.82
2020-04-15 15:56:38,164 INFO Tail: mr:293.4 mrr:33.18 hits:62.46
2020-04-15 15:56:38,164 INFO All: mr:1127.8 mrr:21.75 hits:41.14
2020-04-15 15:56:38,189 INFO Declined in recent 3 epochs
2020-04-15 16:00:05,284 INFO [207.1] Epoch 260: loss = 54.4173
2020-04-15 16:03:47,708 INFO [222.4] Epoch 261: loss = 54.5320
2020-04-15 16:07:15,255 INFO [207.5] Epoch 262: loss = 54.5470
2020-04-15 16:10:57,860 INFO [222.6] Epoch 263: loss = 54.4476
2020-04-15 16:14:44,645 INFO [226.8] Epoch 264: loss = 54.6416
2020-04-15 16:18:27,102 INFO [222.4] Epoch 265: loss = 54.4485
2020-04-15 16:22:09,662 INFO [222.6] Epoch 266: loss = 54.3141
2020-04-15 16:25:49,861 INFO [220.2] Epoch 267: loss = 54.4372
2020-04-15 16:29:32,129 INFO [222.3] Epoch 268: loss = 54.4430
2020-04-15 16:33:12,228 INFO [220.1] Epoch 269: loss = 54.3640
2020-04-15 16:33:12,229 INFO Start Evaling...
2020-04-15 16:34:22,660 INFO Head: mr:1967.0 mrr:10.49 hits:20.04
2020-04-15 16:34:22,660 INFO Tail: mr:300.1 mrr:33.38 hits:63.00
2020-04-15 16:34:22,661 INFO All: mr:1133.6 mrr:21.93 hits:41.52
2020-04-15 16:34:22,680 INFO Declined in recent 4 epochs
2020-04-15 16:38:13,933 INFO [231.3] Epoch 270: loss = 54.4285
2020-04-15 16:41:57,129 INFO [223.2] Epoch 271: loss = 54.4215
2020-04-15 16:45:30,143 INFO [213.0] Epoch 272: loss = 54.3905
2020-04-15 16:49:02,401 INFO [212.3] Epoch 273: loss = 54.5746
2020-04-15 16:52:32,237 INFO [209.8] Epoch 274: loss = 54.6519
2020-04-15 16:56:04,058 INFO [211.8] Epoch 275: loss = 54.3216
2020-04-15 16:59:30,154 INFO [206.1] Epoch 276: loss = 54.3886
2020-04-15 17:03:06,665 INFO [216.5] Epoch 277: loss = 54.4931
2020-04-15 17:06:40,251 INFO [213.6] Epoch 278: loss = 54.4895
2020-04-15 17:10:19,769 INFO [219.5] Epoch 279: loss = 54.4735
2020-04-15 17:10:19,769 INFO Start Evaling...
2020-04-15 17:11:31,465 INFO Head: mr:1945.0 mrr:10.68 hits:20.42
2020-04-15 17:11:31,479 INFO Tail: mr:301.2 mrr:33.12 hits:63.12
2020-04-15 17:11:31,479 INFO All: mr:1123.1 mrr:21.90 hits:41.77
2020-04-15 17:11:31,486 INFO Declined in recent 5 epochs
2020-04-15 17:11:31,487 INFO Early stopping
2020-04-15 17:11:31,510 INFO Train done
2020-04-15 17:11:31,580 INFO Start Evaling...
2020-04-15 17:12:39,690 INFO Head: mr:1920.1 mrr:10.79 hits:20.82
2020-04-15 17:12:39,690 INFO Tail: mr:290.4 mrr:33.79 hits:62.52
2020-04-15 17:12:39,696 INFO All: mr:1105.3 mrr:22.29 hits:41.67
