2020-04-16 21:54:21,925 INFO EPOCH: 1000
2020-04-16 21:54:21,925 INFO EVERY: 10
2020-04-16 21:54:21,925 INFO LR: 0.001
2020-04-16 21:54:21,926 INFO DIM: 100
2020-04-16 21:54:21,926 INFO BATCH_SIZE: 50
2020-04-16 21:54:21,926 INFO BATCH_SIZE2: 25
2020-04-16 21:54:21,926 INFO P: 1
2020-04-16 21:54:21,926 INFO CLIPPING_MAX_VALUE: 4.0
2020-04-16 21:54:21,926 INFO OPTIM: Adam
2020-04-16 21:54:21,926 INFO N_SAMPLE: 12
2020-04-16 21:54:21,926 INFO MODE: kall
2020-04-16 21:54:21,926 INFO GAMMA: 12.0
2020-04-16 21:54:21,926 INFO BERN: True
2020-04-16 21:54:21,926 INFO MARGIN: 4.0
2020-04-16 21:54:21,926 INFO REG: 1.0
2020-04-16 21:54:21,926 INFO LABEL_SMOOTH_EPS: 0.1
2020-04-16 21:54:21,926 INFO INPUT_DROP: 0.2
2020-04-16 21:54:21,926 INFO FEAT_DROP: 0.2
2020-04-16 21:54:21,926 INFO HIDD_DROP: 0.3
2020-04-16 21:54:21,926 INFO CHANNELS: 50
2020-04-16 21:54:21,926 INFO KERNEL_SIZE: 3
2020-04-16 21:54:21,926 INFO N_POOL: 100
2020-04-16 21:54:21,926 INFO MODEL_D: TransH
2020-04-16 21:54:21,926 INFO MODEL_G: DistMult
2020-04-16 21:54:21,927 INFO SCRATCH: False
2020-04-16 21:54:21,927 INFO D_FILE: None
2020-04-16 21:54:21,927 INFO G_FILE: None
2020-04-16 21:54:21,927 INFO PATH: data
2020-04-16 21:54:21,927 INFO DATA: YAGO3-10
2020-04-16 21:54:21,927 INFO EXP_PATH: experiment/YAGO3-10
2020-04-16 21:54:21,927 INFO MODEL: TransH
2020-04-16 21:54:21,927 INFO V: 0
2020-04-16 21:54:21,927 INFO F: True
2020-04-16 21:54:21,927 INFO EVAL: False
2020-04-16 21:54:21,927 INFO TRAINED: False
2020-04-16 21:54:21,927 INFO PRETRAINED_NAME: None
2020-04-16 21:54:21,927 INFO EXP_NAME: TransH-YAGO3-10-kall-0
2020-04-16 21:54:21,927 INFO --------------------------------------
2020-04-16 21:54:51,287 INFO Dataload done
2020-04-16 21:54:51,288 INFO --------------------------------------
2020-04-16 21:54:51,288 INFO N_ENTITY: 123182
2020-04-16 21:54:51,288 INFO N_RELATION: 37
2020-04-16 21:54:51,288 INFO --------------------------------------
2020-04-16 21:54:56,657 INFO Start Evaling...
2020-04-16 21:55:43,665 INFO Head: mr:59267.6 mrr:0.01 hits:0.02
2020-04-16 21:55:43,665 INFO Tail: mr:60068.3 mrr:0.01 hits:0.00
2020-04-16 21:55:43,665 INFO All: mr:59667.9 mrr:0.01 hits:0.01
2020-04-16 21:55:43,671 INFO Start Training...
