2020-04-14 23:40:58,005 INFO EPOCH: 1000
2020-04-14 23:40:58,005 INFO EVERY: 10
2020-04-14 23:40:58,005 INFO LR: 0.001
2020-04-14 23:40:58,007 INFO DIM: 64
2020-04-14 23:40:58,008 INFO BATCH_SIZE: 512
2020-04-14 23:40:58,010 INFO BATCH_SIZE2: 50
2020-04-14 23:40:58,012 INFO P: 1
2020-04-14 23:40:58,013 INFO CLIPPING_MAX_VALUE: 4.0
2020-04-14 23:40:58,015 INFO OPTIM: Adam
2020-04-14 23:40:58,016 INFO N_SAMPLE: 12
2020-04-14 23:40:58,016 INFO MODE: adve
2020-04-14 23:40:58,016 INFO GAMMA: 12.0
2020-04-14 23:40:58,016 INFO BERN: True
2020-04-14 23:40:58,016 INFO MARGIN: 4.0
2020-04-14 23:40:58,016 INFO REG: 1.0
2020-04-14 23:40:58,016 INFO LABEL_SMOOTH_EPS: 0.1
2020-04-14 23:40:58,016 INFO INPUT_DROP: 0.2
2020-04-14 23:40:58,016 INFO FEAT_DROP: 0.2
2020-04-14 23:40:58,016 INFO HIDD_DROP: 0.3
2020-04-14 23:40:58,016 INFO CHANNELS: 50
2020-04-14 23:40:58,016 INFO KERNEL_SIZE: 3
2020-04-14 23:40:58,016 INFO N_POOL: 100
2020-04-14 23:40:58,016 INFO MODEL_D: TransH
2020-04-14 23:40:58,016 INFO MODEL_G: DistMult
2020-04-14 23:40:58,016 INFO SCRATCH: False
2020-04-14 23:40:58,017 INFO D_FILE: None
2020-04-14 23:40:58,017 INFO G_FILE: None
2020-04-14 23:40:58,017 INFO PATH: data
2020-04-14 23:40:58,017 INFO DATA: YAGO3-10
2020-04-14 23:40:58,017 INFO EXP_PATH: experiment/YAGO3-10
2020-04-14 23:40:58,017 INFO MODEL: TransH
2020-04-14 23:40:58,017 INFO V: 0
2020-04-14 23:40:58,017 INFO F: False
2020-04-14 23:40:58,017 INFO EVAL: False
2020-04-14 23:40:58,017 INFO TRAINED: False
2020-04-14 23:40:58,017 INFO PRETRAINED_NAME: None
2020-04-14 23:40:58,017 INFO EXP_NAME: TransH-YAGO3-10-adve-0
2020-04-14 23:40:58,017 INFO --------------------------------------
2020-04-14 23:41:32,839 INFO Dataload done
2020-04-14 23:41:32,841 INFO --------------------------------------
2020-04-14 23:41:32,843 INFO N_ENTITY: 123182
2020-04-14 23:41:32,844 INFO N_RELATION: 37
2020-04-14 23:41:32,846 INFO --------------------------------------
2020-04-14 23:41:47,970 INFO Start Evaling...
2020-04-14 23:43:07,114 INFO Head: mr:60164.1 mrr:0.02 hits:0.04
2020-04-14 23:43:07,114 INFO Tail: mr:63677.1 mrr:0.01 hits:0.00
2020-04-14 23:43:07,114 INFO All: mr:61920.6 mrr:0.01 hits:0.02
2020-04-14 23:43:07,118 INFO Start Training...
2020-04-14 23:47:48,812 INFO [281.7] Epoch 0: loss = 556.8749
2020-04-14 23:52:57,250 INFO [308.4] Epoch 1: loss = 461.0866
2020-04-14 23:58:11,013 INFO [313.8] Epoch 2: loss = 384.3242
2020-04-15 00:03:05,434 INFO [294.4] Epoch 3: loss = 318.7775
2020-04-15 00:07:54,042 INFO [288.6] Epoch 4: loss = 270.1386
2020-04-15 00:12:34,674 INFO [280.6] Epoch 5: loss = 233.6631
2020-04-15 00:16:55,680 INFO [261.0] Epoch 6: loss = 205.1034
2020-04-15 00:21:41,736 INFO [286.1] Epoch 7: loss = 182.7784
2020-04-15 00:26:26,188 INFO [284.5] Epoch 8: loss = 164.3310
2020-04-15 00:31:08,071 INFO [281.9] Epoch 9: loss = 148.8246
2020-04-15 00:31:08,072 INFO Start Evaling...
2020-04-15 00:32:22,232 INFO Head: mr:3149.8 mrr:4.38 hits:8.68
2020-04-15 00:32:22,238 INFO Tail: mr:586.8 mrr:18.87 hits:36.68
2020-04-15 00:32:22,240 INFO All: mr:1868.3 mrr:11.63 hits:22.68
2020-04-15 00:32:22,248 INFO Improved and model saved
2020-04-15 00:37:05,169 INFO [282.8] Epoch 10: loss = 137.0002
2020-04-15 00:41:48,467 INFO [283.3] Epoch 11: loss = 126.7859
2020-04-15 00:46:22,375 INFO [273.9] Epoch 12: loss = 119.0566
2020-04-15 00:51:06,142 INFO [283.8] Epoch 13: loss = 112.5162
2020-04-15 00:55:54,066 INFO [287.9] Epoch 14: loss = 106.6193
2020-04-15 01:00:39,729 INFO [285.7] Epoch 15: loss = 102.1307
2020-04-15 01:05:26,394 INFO [286.7] Epoch 16: loss = 98.2596
2020-04-15 01:10:48,282 INFO [321.9] Epoch 17: loss = 95.5341
2020-04-15 01:15:51,890 INFO [303.6] Epoch 18: loss = 93.3076
2020-04-15 01:20:27,295 INFO [275.4] Epoch 19: loss = 91.1666
2020-04-15 01:20:27,295 INFO Start Evaling...
2020-04-15 01:21:37,809 INFO Head: mr:2180.1 mrr:7.45 hits:14.36
2020-04-15 01:21:37,816 INFO Tail: mr:366.1 mrr:25.87 hits:50.38
2020-04-15 01:21:37,818 INFO All: mr:1273.1 mrr:16.66 hits:32.37
2020-04-15 01:21:37,825 INFO Improved and model saved
2020-04-15 01:26:26,640 INFO [288.7] Epoch 20: loss = 89.6843
2020-04-15 01:31:10,124 INFO [283.5] Epoch 21: loss = 88.0375
2020-04-15 01:36:24,125 INFO [314.0] Epoch 22: loss = 86.8881
2020-04-15 01:41:32,510 INFO [308.4] Epoch 23: loss = 85.7197
2020-04-15 01:46:26,357 INFO [293.8] Epoch 24: loss = 84.5697
2020-04-15 01:51:19,852 INFO [293.5] Epoch 25: loss = 83.6567
2020-04-15 01:56:33,776 INFO [313.9] Epoch 26: loss = 82.9293
2020-04-15 02:01:51,701 INFO [317.9] Epoch 27: loss = 82.3288
2020-04-15 02:07:01,814 INFO [310.1] Epoch 28: loss = 81.4837
2020-04-15 02:12:21,140 INFO [319.3] Epoch 29: loss = 80.9633
2020-04-15 02:12:21,141 INFO Start Evaling...
2020-04-15 02:13:48,576 INFO Head: mr:1872.5 mrr:8.08 hits:16.14
2020-04-15 02:13:48,581 INFO Tail: mr:318.1 mrr:29.56 hits:55.92
2020-04-15 02:13:48,582 INFO All: mr:1095.3 mrr:18.82 hits:36.03
2020-04-15 02:13:48,588 INFO Improved and model saved
2020-04-15 02:18:27,520 INFO [278.8] Epoch 30: loss = 80.2681
2020-04-15 02:23:11,309 INFO [283.8] Epoch 31: loss = 80.0253
2020-04-15 02:27:57,123 INFO [285.8] Epoch 32: loss = 79.6105
2020-04-15 02:32:46,920 INFO [289.8] Epoch 33: loss = 79.1354
2020-04-15 02:37:29,164 INFO [282.2] Epoch 34: loss = 78.5223
2020-04-15 02:42:00,945 INFO [271.8] Epoch 35: loss = 77.9066
2020-04-15 02:46:41,730 INFO [280.8] Epoch 36: loss = 77.9581
2020-04-15 02:51:11,835 INFO [270.1] Epoch 37: loss = 77.5729
2020-04-15 02:55:58,372 INFO [286.5] Epoch 38: loss = 77.0598
2020-04-15 03:00:36,069 INFO [277.7] Epoch 39: loss = 77.1285
2020-04-15 03:00:36,070 INFO Start Evaling...
2020-04-15 03:01:41,831 INFO Head: mr:1768.3 mrr:8.94 hits:17.82
2020-04-15 03:01:41,835 INFO Tail: mr:330.4 mrr:30.98 hits:58.32
2020-04-15 03:01:41,837 INFO All: mr:1049.3 mrr:19.96 hits:38.07
2020-04-15 03:01:41,846 INFO Improved and model saved
2020-04-15 03:06:25,683 INFO [283.7] Epoch 40: loss = 76.7679
2020-04-15 03:11:10,194 INFO [284.5] Epoch 41: loss = 76.2416
2020-04-15 03:16:11,569 INFO [301.4] Epoch 42: loss = 76.0058
2020-04-15 03:20:42,817 INFO [271.2] Epoch 43: loss = 76.1332
2020-04-15 03:25:09,757 INFO [266.9] Epoch 44: loss = 75.7605
2020-04-15 03:29:40,400 INFO [270.6] Epoch 45: loss = 75.3129
2020-04-15 03:34:15,721 INFO [275.3] Epoch 46: loss = 75.3274
2020-04-15 03:38:59,802 INFO [284.1] Epoch 47: loss = 75.1507
2020-04-15 03:43:37,892 INFO [278.1] Epoch 48: loss = 74.7898
2020-04-15 03:48:15,353 INFO [277.5] Epoch 49: loss = 74.3807
2020-04-15 03:48:15,354 INFO Start Evaling...
2020-04-15 03:49:16,413 INFO Head: mr:1607.9 mrr:9.41 hits:18.56
2020-04-15 03:49:16,420 INFO Tail: mr:280.3 mrr:31.76 hits:59.32
2020-04-15 03:49:16,421 INFO All: mr:944.1 mrr:20.58 hits:38.94
2020-04-15 03:49:16,427 INFO Improved and model saved
2020-04-15 03:53:36,346 INFO [259.9] Epoch 50: loss = 74.6556
2020-04-15 03:58:35,972 INFO [299.6] Epoch 51: loss = 74.6518
2020-04-15 04:03:28,657 INFO [292.7] Epoch 52: loss = 74.2800
2020-04-15 04:08:08,042 INFO [279.4] Epoch 53: loss = 74.4024
2020-04-15 04:12:04,851 INFO [236.8] Epoch 54: loss = 73.9655
2020-04-15 04:15:57,944 INFO [233.1] Epoch 55: loss = 73.7455
2020-04-15 04:19:58,605 INFO [240.7] Epoch 56: loss = 73.7290
2020-04-15 04:23:37,109 INFO [218.5] Epoch 57: loss = 73.8994
2020-04-15 04:27:23,883 INFO [226.8] Epoch 58: loss = 73.5966
2020-04-15 04:31:19,875 INFO [236.0] Epoch 59: loss = 73.2707
2020-04-15 04:31:19,876 INFO Start Evaling...
2020-04-15 04:32:10,137 INFO Head: mr:1596.7 mrr:9.54 hits:19.28
2020-04-15 04:32:10,138 INFO Tail: mr:268.4 mrr:32.73 hits:60.08
2020-04-15 04:32:10,138 INFO All: mr:932.5 mrr:21.14 hits:39.68
2020-04-15 04:32:10,142 INFO Improved and model saved
2020-04-15 04:36:00,854 INFO [230.6] Epoch 60: loss = 73.4031
2020-04-15 04:39:47,152 INFO [226.3] Epoch 61: loss = 73.3744
2020-04-15 04:43:31,148 INFO [224.0] Epoch 62: loss = 73.1987
2020-04-15 04:47:21,489 INFO [230.3] Epoch 63: loss = 72.7836
2020-04-15 04:51:03,026 INFO [221.5] Epoch 64: loss = 72.7925
2020-04-15 04:54:49,554 INFO [226.5] Epoch 65: loss = 72.6969
2020-04-15 04:58:41,608 INFO [232.1] Epoch 66: loss = 72.7046
2020-04-15 05:02:23,303 INFO [221.7] Epoch 67: loss = 72.6542
2020-04-15 05:06:08,388 INFO [225.1] Epoch 68: loss = 72.4545
2020-04-15 05:09:51,686 INFO [223.3] Epoch 69: loss = 72.2587
2020-04-15 05:09:51,687 INFO Start Evaling...
2020-04-15 05:10:37,740 INFO Head: mr:1563.9 mrr:9.82 hits:19.00
2020-04-15 05:10:37,746 INFO Tail: mr:263.6 mrr:33.03 hits:60.38
2020-04-15 05:10:37,746 INFO All: mr:913.7 mrr:21.43 hits:39.69
2020-04-15 05:10:37,751 INFO Improved and model saved
2020-04-15 05:14:37,553 INFO [239.7] Epoch 70: loss = 72.2595
2020-04-15 05:18:24,763 INFO [227.2] Epoch 71: loss = 72.5765
2020-04-15 05:21:52,057 INFO [207.3] Epoch 72: loss = 72.2585
2020-04-15 05:25:44,604 INFO [232.5] Epoch 73: loss = 72.2223
2020-04-15 05:29:29,871 INFO [225.3] Epoch 74: loss = 71.7140
2020-04-15 05:33:15,184 INFO [225.3] Epoch 75: loss = 72.1848
2020-04-15 05:36:59,314 INFO [224.1] Epoch 76: loss = 71.8618
2020-04-15 05:40:46,244 INFO [226.9] Epoch 77: loss = 71.9556
2020-04-15 05:44:25,948 INFO [219.7] Epoch 78: loss = 72.1394
2020-04-15 05:48:15,309 INFO [229.4] Epoch 79: loss = 71.3608
2020-04-15 05:48:15,310 INFO Start Evaling...
2020-04-15 05:49:08,849 INFO Head: mr:1560.7 mrr:9.78 hits:19.30
2020-04-15 05:49:08,851 INFO Tail: mr:276.5 mrr:33.34 hits:61.32
2020-04-15 05:49:08,852 INFO All: mr:918.6 mrr:21.56 hits:40.31
2020-04-15 05:49:08,859 INFO Improved and model saved
2020-04-15 05:52:54,409 INFO [225.5] Epoch 80: loss = 71.7002
2020-04-15 05:56:34,388 INFO [220.0] Epoch 81: loss = 71.5354
2020-04-15 06:00:28,223 INFO [233.8] Epoch 82: loss = 71.5112
2020-04-15 06:04:12,315 INFO [224.1] Epoch 83: loss = 71.2267
2020-04-15 06:07:59,491 INFO [227.2] Epoch 84: loss = 71.1783
2020-04-15 06:11:42,124 INFO [222.6] Epoch 85: loss = 71.1887
2020-04-15 06:15:31,926 INFO [229.8] Epoch 86: loss = 71.0937
2020-04-15 06:18:59,448 INFO [207.5] Epoch 87: loss = 71.2156
2020-04-15 06:22:44,899 INFO [225.5] Epoch 88: loss = 71.2881
2020-04-15 06:26:40,946 INFO [236.0] Epoch 89: loss = 71.0371
2020-04-15 06:26:40,946 INFO Start Evaling...
2020-04-15 06:27:29,958 INFO Head: mr:1484.8 mrr:9.99 hits:19.90
2020-04-15 06:27:29,961 INFO Tail: mr:250.5 mrr:33.50 hits:61.82
2020-04-15 06:27:29,962 INFO All: mr:867.7 mrr:21.75 hits:40.86
2020-04-15 06:27:29,968 INFO Improved and model saved
2020-04-15 06:31:07,230 INFO [217.2] Epoch 90: loss = 71.2807
2020-04-15 06:34:55,990 INFO [228.8] Epoch 91: loss = 70.7375
2020-04-15 06:38:37,477 INFO [221.5] Epoch 92: loss = 71.2538
2020-04-15 06:42:22,639 INFO [225.2] Epoch 93: loss = 71.3026
2020-04-15 06:46:04,817 INFO [222.2] Epoch 94: loss = 70.9128
2020-04-15 06:49:53,435 INFO [228.6] Epoch 95: loss = 70.7240
2020-04-15 06:53:38,783 INFO [225.3] Epoch 96: loss = 70.8953
2020-04-15 06:57:27,781 INFO [229.0] Epoch 97: loss = 70.7841
2020-04-15 07:01:11,133 INFO [223.4] Epoch 98: loss = 70.7338
2020-04-15 07:05:06,001 INFO [234.9] Epoch 99: loss = 70.8820
2020-04-15 07:05:06,002 INFO Start Evaling...
2020-04-15 07:05:54,534 INFO Head: mr:1487.6 mrr:10.09 hits:19.62
2020-04-15 07:05:54,535 INFO Tail: mr:280.2 mrr:34.03 hits:61.96
2020-04-15 07:05:54,535 INFO All: mr:883.9 mrr:22.06 hits:40.79
2020-04-15 07:05:54,547 INFO Declined in recent 1 epochs
2020-04-15 07:09:41,268 INFO [226.7] Epoch 100: loss = 70.6735
2020-04-15 07:13:32,224 INFO [231.0] Epoch 101: loss = 70.5690
2020-04-15 07:17:02,400 INFO [210.2] Epoch 102: loss = 70.3128
2020-04-15 07:20:45,302 INFO [222.9] Epoch 103: loss = 70.9378
2020-04-15 07:24:27,566 INFO [222.3] Epoch 104: loss = 70.3489
2020-04-15 07:28:18,264 INFO [230.7] Epoch 105: loss = 70.6849
2020-04-15 07:32:16,274 INFO [238.0] Epoch 106: loss = 70.3574
2020-04-15 07:36:00,798 INFO [224.5] Epoch 107: loss = 70.2751
2020-04-15 07:39:46,180 INFO [225.4] Epoch 108: loss = 70.1994
2020-04-15 07:43:27,005 INFO [220.8] Epoch 109: loss = 70.1341
2020-04-15 07:43:27,005 INFO Start Evaling...
2020-04-15 07:44:17,850 INFO Head: mr:1492.8 mrr:10.33 hits:20.26
2020-04-15 07:44:17,850 INFO Tail: mr:263.7 mrr:34.25 hits:62.56
2020-04-15 07:44:17,850 INFO All: mr:878.3 mrr:22.29 hits:41.41
2020-04-15 07:44:17,855 INFO Improved and model saved
2020-04-15 07:48:05,243 INFO [227.3] Epoch 110: loss = 70.2716
2020-04-15 07:51:56,626 INFO [231.4] Epoch 111: loss = 70.3124
2020-04-15 07:55:36,515 INFO [219.9] Epoch 112: loss = 70.1167
2020-04-15 07:59:24,614 INFO [228.1] Epoch 113: loss = 70.3847
2020-04-15 08:03:08,842 INFO [224.2] Epoch 114: loss = 69.8974
2020-04-15 08:06:58,643 INFO [229.8] Epoch 115: loss = 69.9718
2020-04-15 08:10:53,279 INFO [234.6] Epoch 116: loss = 70.0740
2020-04-15 08:14:26,314 INFO [213.0] Epoch 117: loss = 70.1142
2020-04-15 08:18:12,213 INFO [225.9] Epoch 118: loss = 70.2635
2020-04-15 08:22:15,128 INFO [242.9] Epoch 119: loss = 69.8727
2020-04-15 08:22:15,129 INFO Start Evaling...
2020-04-15 08:23:03,145 INFO Head: mr:1481.6 mrr:10.06 hits:20.28
2020-04-15 08:23:03,147 INFO Tail: mr:264.3 mrr:34.47 hits:62.58
2020-04-15 08:23:03,149 INFO All: mr:872.9 mrr:22.26 hits:41.43
2020-04-15 08:23:03,154 INFO Improved and model saved
2020-04-15 08:26:54,675 INFO [231.5] Epoch 120: loss = 69.9004
2020-04-15 08:30:42,734 INFO [228.1] Epoch 121: loss = 69.7817
2020-04-15 08:34:25,939 INFO [223.2] Epoch 122: loss = 69.6865
2020-04-15 08:38:15,708 INFO [229.8] Epoch 123: loss = 69.9906
2020-04-15 08:41:56,946 INFO [221.2] Epoch 124: loss = 69.6433
2020-04-15 08:45:46,543 INFO [229.6] Epoch 125: loss = 69.7998
2020-04-15 08:49:32,062 INFO [225.5] Epoch 126: loss = 69.7226
2020-04-15 08:53:19,925 INFO [227.9] Epoch 127: loss = 69.8227
2020-04-15 08:57:26,851 INFO [246.9] Epoch 128: loss = 69.6481
2020-04-15 09:01:23,167 INFO [236.3] Epoch 129: loss = 69.7246
2020-04-15 09:01:23,168 INFO Start Evaling...
2020-04-15 09:02:15,444 INFO Head: mr:1444.9 mrr:10.12 hits:19.74
2020-04-15 09:02:15,444 INFO Tail: mr:257.8 mrr:34.77 hits:63.04
2020-04-15 09:02:15,444 INFO All: mr:851.3 mrr:22.45 hits:41.39
2020-04-15 09:02:15,449 INFO Declined in recent 1 epochs
2020-04-15 09:06:06,350 INFO [230.9] Epoch 130: loss = 69.4960
2020-04-15 09:09:43,226 INFO [216.9] Epoch 131: loss = 69.4688
2020-04-15 09:13:27,690 INFO [224.5] Epoch 132: loss = 69.5460
2020-04-15 09:17:20,291 INFO [232.6] Epoch 133: loss = 69.5090
2020-04-15 09:21:04,170 INFO [223.9] Epoch 134: loss = 69.8540
2020-04-15 09:25:00,802 INFO [236.6] Epoch 135: loss = 69.6411
2020-04-15 09:28:56,037 INFO [235.2] Epoch 136: loss = 69.3763
2020-04-15 09:32:43,515 INFO [227.5] Epoch 137: loss = 69.9788
2020-04-15 09:36:32,854 INFO [229.3] Epoch 138: loss = 69.6598
2020-04-15 09:39:54,134 INFO [201.3] Epoch 139: loss = 69.4969
2020-04-15 09:39:54,135 INFO Start Evaling...
2020-04-15 09:40:26,153 INFO Head: mr:1444.2 mrr:9.85 hits:19.96
2020-04-15 09:40:26,167 INFO Tail: mr:248.9 mrr:34.63 hits:63.10
2020-04-15 09:40:26,167 INFO All: mr:846.6 mrr:22.24 hits:41.53
2020-04-15 09:40:26,171 INFO Improved and model saved
2020-04-15 09:43:06,611 INFO [160.4] Epoch 140: loss = 69.2562
2020-04-15 09:46:03,983 INFO [177.4] Epoch 141: loss = 69.5366
2020-04-15 09:49:00,558 INFO [176.6] Epoch 142: loss = 69.8132
2020-04-15 09:52:01,359 INFO [180.8] Epoch 143: loss = 69.4815
2020-04-15 09:54:58,185 INFO [176.8] Epoch 144: loss = 69.5439
2020-04-15 09:57:56,358 INFO [178.2] Epoch 145: loss = 69.6357
2020-04-15 10:01:03,947 INFO [187.6] Epoch 146: loss = 69.3099
2020-04-15 10:04:14,895 INFO [190.9] Epoch 147: loss = 69.2468
2020-04-15 10:07:12,237 INFO [177.3] Epoch 148: loss = 69.4903
2020-04-15 10:10:20,089 INFO [187.9] Epoch 149: loss = 69.1001
2020-04-15 10:10:20,089 INFO Start Evaling...
2020-04-15 10:10:58,370 INFO Head: mr:1410.4 mrr:10.34 hits:20.66
2020-04-15 10:10:58,370 INFO Tail: mr:239.3 mrr:34.88 hits:62.34
2020-04-15 10:10:58,371 INFO All: mr:824.8 mrr:22.61 hits:41.50
2020-04-15 10:10:58,384 INFO Declined in recent 1 epochs
2020-04-15 10:13:55,337 INFO [177.0] Epoch 150: loss = 69.4578
2020-04-15 10:17:01,445 INFO [186.1] Epoch 151: loss = 69.3603
2020-04-15 10:19:54,048 INFO [172.6] Epoch 152: loss = 69.1693
2020-04-15 10:22:49,228 INFO [175.2] Epoch 153: loss = 69.0292
2020-04-15 10:25:42,531 INFO [173.3] Epoch 154: loss = 69.3898
2020-04-15 10:28:42,037 INFO [179.5] Epoch 155: loss = 69.1040
2020-04-15 10:31:37,997 INFO [176.0] Epoch 156: loss = 69.1796
2020-04-15 10:34:30,877 INFO [172.9] Epoch 157: loss = 69.1488
2020-04-15 10:38:12,604 INFO [221.7] Epoch 158: loss = 69.0921
2020-04-15 10:41:54,832 INFO [222.2] Epoch 159: loss = 69.0253
2020-04-15 10:41:54,833 INFO Start Evaling...
2020-04-15 10:42:47,173 INFO Head: mr:1425.5 mrr:10.38 hits:20.44
2020-04-15 10:42:47,176 INFO Tail: mr:244.6 mrr:34.81 hits:63.28
2020-04-15 10:42:47,178 INFO All: mr:835.1 mrr:22.60 hits:41.86
2020-04-15 10:42:47,185 INFO Improved and model saved
2020-04-15 10:46:31,470 INFO [224.2] Epoch 160: loss = 69.2525
2020-04-15 10:50:20,905 INFO [229.4] Epoch 161: loss = 68.9665
2020-04-15 10:53:45,918 INFO [205.0] Epoch 162: loss = 68.8805
2020-04-15 10:57:43,025 INFO [237.1] Epoch 163: loss = 69.0815
2020-04-15 11:01:30,610 INFO [227.6] Epoch 164: loss = 68.8882
2020-04-15 11:05:20,486 INFO [229.9] Epoch 165: loss = 68.9882
2020-04-15 11:09:12,609 INFO [232.1] Epoch 166: loss = 69.2053
2020-04-15 11:13:01,420 INFO [228.8] Epoch 167: loss = 69.3195
2020-04-15 11:16:55,632 INFO [234.2] Epoch 168: loss = 69.1459
2020-04-15 11:20:43,123 INFO [227.5] Epoch 169: loss = 68.8138
2020-04-15 11:20:43,123 INFO Start Evaling...
2020-04-15 11:21:35,130 INFO Head: mr:1432.6 mrr:10.50 hits:20.98
2020-04-15 11:21:35,133 INFO Tail: mr:253.0 mrr:34.97 hits:63.48
2020-04-15 11:21:35,134 INFO All: mr:842.8 mrr:22.74 hits:42.23
2020-04-15 11:21:35,140 INFO Improved and model saved
2020-04-15 11:25:26,164 INFO [231.0] Epoch 170: loss = 68.8142
2020-04-15 11:29:17,550 INFO [231.4] Epoch 171: loss = 68.5834
2020-04-15 11:33:10,032 INFO [232.5] Epoch 172: loss = 68.6215
2020-04-15 11:37:06,444 INFO [236.4] Epoch 173: loss = 69.0421
2020-04-15 11:40:49,597 INFO [223.2] Epoch 174: loss = 69.0794
2020-04-15 11:44:46,691 INFO [237.1] Epoch 175: loss = 68.7141
2020-04-15 11:48:29,089 INFO [222.4] Epoch 176: loss = 69.0354
2020-04-15 11:52:24,245 INFO [235.2] Epoch 177: loss = 69.0447
2020-04-15 11:56:12,733 INFO [228.5] Epoch 178: loss = 68.7319
2020-04-15 12:00:02,617 INFO [229.9] Epoch 179: loss = 68.6071
2020-04-15 12:00:02,618 INFO Start Evaling...
2020-04-15 12:00:54,787 INFO Head: mr:1422.1 mrr:10.70 hits:21.64
2020-04-15 12:00:54,790 INFO Tail: mr:257.3 mrr:35.03 hits:63.32
2020-04-15 12:00:54,791 INFO All: mr:839.7 mrr:22.87 hits:42.48
2020-04-15 12:00:54,799 INFO Improved and model saved
2020-04-15 12:04:39,463 INFO [224.6] Epoch 180: loss = 68.7563
2020-04-15 12:08:23,072 INFO [223.6] Epoch 181: loss = 68.8944
2020-04-15 12:12:16,967 INFO [233.9] Epoch 182: loss = 68.9237
2020-04-15 12:16:02,489 INFO [225.5] Epoch 183: loss = 68.5712
2020-04-15 12:19:49,001 INFO [226.5] Epoch 184: loss = 68.9184
2020-04-15 12:23:35,462 INFO [226.5] Epoch 185: loss = 68.4995
2020-04-15 12:27:22,062 INFO [226.6] Epoch 186: loss = 68.8244
2020-04-15 12:31:18,983 INFO [236.9] Epoch 187: loss = 68.8130
2020-04-15 12:35:07,869 INFO [228.9] Epoch 188: loss = 69.0305
2020-04-15 12:38:55,280 INFO [227.4] Epoch 189: loss = 68.7608
2020-04-15 12:38:55,281 INFO Start Evaling...
2020-04-15 12:39:48,041 INFO Head: mr:1437.6 mrr:10.34 hits:20.82
2020-04-15 12:39:48,043 INFO Tail: mr:271.9 mrr:34.77 hits:63.84
2020-04-15 12:39:48,044 INFO All: mr:854.7 mrr:22.55 hits:42.33
2020-04-15 12:39:48,051 INFO Declined in recent 1 epochs
2020-04-15 12:43:39,693 INFO [231.6] Epoch 190: loss = 68.7678
2020-04-15 12:47:28,493 INFO [228.8] Epoch 191: loss = 68.4080
2020-04-15 12:51:18,786 INFO [230.3] Epoch 192: loss = 68.5084
2020-04-15 12:55:12,072 INFO [233.3] Epoch 193: loss = 68.5004
2020-04-15 12:59:01,039 INFO [229.0] Epoch 194: loss = 68.4961
2020-04-15 13:02:50,715 INFO [229.7] Epoch 195: loss = 68.6717
2020-04-15 13:06:31,519 INFO [220.8] Epoch 196: loss = 68.6338
2020-04-15 13:10:32,027 INFO [240.5] Epoch 197: loss = 68.7191
2020-04-15 13:14:18,172 INFO [226.1] Epoch 198: loss = 68.7167
2020-04-15 13:18:06,865 INFO [228.7] Epoch 199: loss = 68.4667
2020-04-15 13:18:06,865 INFO Start Evaling...
2020-04-15 13:18:58,504 INFO Head: mr:1444.2 mrr:10.46 hits:21.24
2020-04-15 13:18:58,509 INFO Tail: mr:269.4 mrr:35.37 hits:63.72
2020-04-15 13:18:58,509 INFO All: mr:856.8 mrr:22.91 hits:42.48
2020-04-15 13:18:58,514 INFO Declined in recent 2 epochs
2020-04-15 13:22:46,117 INFO [227.6] Epoch 200: loss = 68.5289
2020-04-15 13:26:35,411 INFO [229.3] Epoch 201: loss = 68.7888
2020-04-15 13:30:22,586 INFO [227.2] Epoch 202: loss = 68.2955
2020-04-15 13:34:06,516 INFO [223.9] Epoch 203: loss = 68.9607
2020-04-15 13:37:45,209 INFO [218.7] Epoch 204: loss = 68.5776
2020-04-15 13:41:35,752 INFO [230.5] Epoch 205: loss = 68.8234
2020-04-15 13:45:23,781 INFO [228.0] Epoch 206: loss = 68.3531
2020-04-15 13:49:08,681 INFO [224.9] Epoch 207: loss = 68.8677
2020-04-15 13:52:58,848 INFO [230.2] Epoch 208: loss = 68.6334
2020-04-15 13:56:51,858 INFO [233.0] Epoch 209: loss = 68.3681
2020-04-15 13:56:51,859 INFO Start Evaling...
2020-04-15 13:57:46,750 INFO Head: mr:1478.4 mrr:10.51 hits:20.86
2020-04-15 13:57:46,751 INFO Tail: mr:255.6 mrr:34.83 hits:62.88
2020-04-15 13:57:46,751 INFO All: mr:867.0 mrr:22.67 hits:41.87
2020-04-15 13:57:46,779 INFO Declined in recent 3 epochs
2020-04-15 14:01:33,720 INFO [226.9] Epoch 210: loss = 68.5370
2020-04-15 14:05:20,417 INFO [226.7] Epoch 211: loss = 68.5908
2020-04-15 14:09:11,366 INFO [230.9] Epoch 212: loss = 68.5729
2020-04-15 14:12:56,281 INFO [224.9] Epoch 213: loss = 68.6713
2020-04-15 14:16:46,256 INFO [230.0] Epoch 214: loss = 68.5774
2020-04-15 14:20:34,991 INFO [228.7] Epoch 215: loss = 68.8337
2020-04-15 14:24:18,727 INFO [223.7] Epoch 216: loss = 68.8219
2020-04-15 14:28:13,140 INFO [234.4] Epoch 217: loss = 68.2181
2020-04-15 14:32:06,952 INFO [233.8] Epoch 218: loss = 68.6137
2020-04-15 14:35:48,937 INFO [222.0] Epoch 219: loss = 68.3103
2020-04-15 14:35:48,938 INFO Start Evaling...
2020-04-15 14:36:37,033 INFO Head: mr:1417.8 mrr:10.48 hits:20.66
2020-04-15 14:36:37,035 INFO Tail: mr:251.3 mrr:35.35 hits:63.80
2020-04-15 14:36:37,036 INFO All: mr:834.5 mrr:22.91 hits:42.23
2020-04-15 14:36:37,043 INFO Declined in recent 4 epochs
2020-04-15 14:40:20,090 INFO [223.0] Epoch 220: loss = 68.6072
2020-04-15 14:44:10,641 INFO [230.6] Epoch 221: loss = 68.6040
2020-04-15 14:47:57,546 INFO [226.9] Epoch 222: loss = 68.1599
2020-04-15 14:51:51,241 INFO [233.7] Epoch 223: loss = 68.5309
2020-04-15 14:55:35,757 INFO [224.5] Epoch 224: loss = 68.2986
2020-04-15 14:59:23,752 INFO [228.0] Epoch 225: loss = 68.4344
2020-04-15 15:03:08,856 INFO [225.1] Epoch 226: loss = 68.4772
2020-04-15 15:07:01,705 INFO [232.8] Epoch 227: loss = 68.4228
2020-04-15 15:10:52,440 INFO [230.7] Epoch 228: loss = 68.3254
2020-04-15 15:14:41,801 INFO [229.4] Epoch 229: loss = 68.1567
2020-04-15 15:14:41,801 INFO Start Evaling...
2020-04-15 15:15:31,878 INFO Head: mr:1430.5 mrr:10.60 hits:20.74
2020-04-15 15:15:31,880 INFO Tail: mr:242.1 mrr:35.05 hits:63.04
2020-04-15 15:15:31,882 INFO All: mr:836.3 mrr:22.82 hits:41.89
2020-04-15 15:15:31,890 INFO Declined in recent 5 epochs
2020-04-15 15:15:31,891 INFO Early stopping
2020-04-15 15:15:31,893 INFO Train done
2020-04-15 15:15:31,914 INFO Start Evaling...
2020-04-15 15:16:23,588 INFO Head: mr:1402.3 mrr:11.18 hits:21.66
2020-04-15 15:16:23,590 INFO Tail: mr:261.8 mrr:34.92 hits:62.92
2020-04-15 15:16:23,592 INFO All: mr:832.1 mrr:23.05 hits:42.29
