2020-05-08 23:31:06,126 INFO EPOCH: 1000
2020-05-08 23:31:06,126 INFO EVERY: 10
2020-05-08 23:31:06,126 INFO LR: 0.001
2020-05-08 23:31:06,126 INFO DIM: 64
2020-05-08 23:31:06,126 INFO BATCH_SIZE: 256
2020-05-08 23:31:06,126 INFO BATCH_SIZE2: 25
2020-05-08 23:31:06,127 INFO P: 1
2020-05-08 23:31:06,127 INFO CLIPPING_MAX_VALUE: 4.0
2020-05-08 23:31:06,127 INFO OPTIM: Adam
2020-05-08 23:31:06,127 INFO N_SAMPLE: 500
2020-05-08 23:31:06,127 INFO MODE: rand
2020-05-08 23:31:06,127 INFO RATE: 0.1
2020-05-08 23:31:06,127 INFO GAMMA: 12.0
2020-05-08 23:31:06,127 INFO BERN: True
2020-05-08 23:31:06,127 INFO MARGIN: 4.0
2020-05-08 23:31:06,127 INFO REG: 1.0
2020-05-08 23:31:06,127 INFO LABEL_SMOOTH_EPS: 0.1
2020-05-08 23:31:06,127 INFO INPUT_DROP: 0.2
2020-05-08 23:31:06,128 INFO FEAT_DROP: 0.2
2020-05-08 23:31:06,128 INFO HIDD_DROP: 0.3
2020-05-08 23:31:06,128 INFO CHANNELS: 50
2020-05-08 23:31:06,128 INFO KERNEL_SIZE: 3
2020-05-08 23:31:06,128 INFO N_POOL: 100
2020-05-08 23:31:06,128 INFO MODEL_D: TransH
2020-05-08 23:31:06,128 INFO MODEL_G: DistMult
2020-05-08 23:31:06,128 INFO SCRATCH: False
2020-05-08 23:31:06,128 INFO D_FILE: None
2020-05-08 23:31:06,128 INFO G_FILE: None
2020-05-08 23:31:06,128 INFO PATH: data
2020-05-08 23:31:06,128 INFO DATA: YAGO3-10
2020-05-08 23:31:06,128 INFO EXP_PATH: experiment/YAGO3-10
2020-05-08 23:31:06,128 INFO MODEL: TransH
2020-05-08 23:31:06,129 INFO V: 0
2020-05-08 23:31:06,129 INFO F: True
2020-05-08 23:31:06,129 INFO EVAL: False
2020-05-08 23:31:06,129 INFO TRAINED: False
2020-05-08 23:31:06,129 INFO PRETRAINED_NAME: None
2020-05-08 23:31:06,129 INFO EXP_NAME: TransH-YAGO3-10-rand-0
2020-05-08 23:31:06,129 INFO --------------------------------------
2020-05-08 23:31:21,507 INFO Dataload done
2020-05-08 23:31:21,507 INFO --------------------------------------
2020-05-08 23:31:21,507 INFO N_ENTITY: 123182
2020-05-08 23:31:21,507 INFO N_RELATION: 37
2020-05-08 23:31:21,507 INFO --------------------------------------
2020-05-08 23:31:24,143 INFO Start Training...
2020-05-08 23:40:32,094 INFO [548.0] Epoch 0: loss = 177.4098
2020-05-08 23:49:57,839 INFO [565.7] Epoch 1: loss = 95.4011
2020-05-08 23:59:20,053 INFO [562.2] Epoch 2: loss = 59.4023
2020-05-09 00:08:41,196 INFO [561.1] Epoch 3: loss = 40.1637
2020-05-09 00:18:09,082 INFO [567.9] Epoch 4: loss = 30.1766
2020-05-09 00:27:28,580 INFO [559.5] Epoch 5: loss = 24.5865
2020-05-09 00:36:59,661 INFO [571.1] Epoch 6: loss = 21.1738
2020-05-09 00:46:22,653 INFO [563.0] Epoch 7: loss = 18.9244
2020-05-09 00:55:44,594 INFO [561.9] Epoch 8: loss = 17.3890
2020-05-09 01:05:15,807 INFO [571.2] Epoch 9: loss = 16.2834
2020-05-09 01:05:15,808 INFO Start Evaling...
2020-05-09 01:06:32,002 INFO Head: mr:2514.1 mrr:6.07 hits:11.86
2020-05-09 01:06:32,002 INFO Tail: mr:443.0 mrr:22.11 hits:43.10
2020-05-09 01:06:32,002 INFO All: mr:1478.5 mrr:14.09 hits:27.48
2020-05-09 01:06:32,005 INFO Start Evaling...
2020-05-09 01:07:48,616 INFO Head: mr:2428.2 mrr:6.50 hits:12.74
2020-05-09 01:07:48,617 INFO Tail: mr:450.0 mrr:21.85 hits:42.14
2020-05-09 01:07:48,617 INFO All: mr:1439.1 mrr:14.17 hits:27.44
2020-05-09 01:07:48,620 INFO Improved and model saved
2020-05-09 01:17:01,923 INFO [553.2] Epoch 10: loss = 15.4456
2020-05-09 01:26:15,605 INFO [553.7] Epoch 11: loss = 14.7985
2020-05-09 01:35:45,553 INFO [569.9] Epoch 12: loss = 14.2819
2020-05-09 01:45:06,952 INFO [561.4] Epoch 13: loss = 13.8667
2020-05-09 01:54:33,959 INFO [567.0] Epoch 14: loss = 13.5263
2020-05-09 02:03:52,881 INFO [558.9] Epoch 15: loss = 13.2255
2020-05-09 02:13:20,992 INFO [568.1] Epoch 16: loss = 12.9747
2020-05-09 02:22:40,791 INFO [559.8] Epoch 17: loss = 12.7551
2020-05-09 02:32:08,170 INFO [567.4] Epoch 18: loss = 12.5793
2020-05-09 02:41:28,290 INFO [560.1] Epoch 19: loss = 12.4067
2020-05-09 02:41:28,290 INFO Start Evaling...
2020-05-09 02:42:43,914 INFO Head: mr:2071.1 mrr:7.48 hits:14.42
2020-05-09 02:42:43,914 INFO Tail: mr:351.8 mrr:25.31 hits:49.14
2020-05-09 02:42:43,915 INFO All: mr:1211.5 mrr:16.39 hits:31.78
2020-05-09 02:42:43,919 INFO Start Evaling...
2020-05-09 02:43:57,929 INFO Head: mr:1907.1 mrr:8.12 hits:15.70
2020-05-09 02:43:57,929 INFO Tail: mr:361.6 mrr:25.17 hits:48.82
2020-05-09 02:43:57,929 INFO All: mr:1134.3 mrr:16.65 hits:32.26
2020-05-09 02:43:57,932 INFO Improved and model saved
2020-05-09 02:53:23,339 INFO [565.3] Epoch 20: loss = 12.2664
2020-05-09 03:02:47,675 INFO [564.3] Epoch 21: loss = 12.1225
2020-05-09 03:12:17,315 INFO [569.6] Epoch 22: loss = 12.0146
2020-05-09 03:21:48,208 INFO [570.9] Epoch 23: loss = 11.8944
2020-05-09 03:31:27,290 INFO [579.1] Epoch 24: loss = 11.8031
2020-05-09 03:40:57,879 INFO [570.6] Epoch 25: loss = 11.7197
2020-05-09 03:50:29,155 INFO [571.3] Epoch 26: loss = 11.6269
2020-05-09 04:00:01,398 INFO [572.2] Epoch 27: loss = 11.5647
2020-05-09 04:09:22,676 INFO [561.3] Epoch 28: loss = 11.4845
2020-05-09 04:18:42,649 INFO [560.0] Epoch 29: loss = 11.4277
2020-05-09 04:18:42,649 INFO Start Evaling...
2020-05-09 04:20:01,830 INFO Head: mr:1929.9 mrr:7.77 hits:15.88
2020-05-09 04:20:01,833 INFO Tail: mr:327.2 mrr:26.77 hits:51.88
2020-05-09 04:20:01,834 INFO All: mr:1128.5 mrr:17.27 hits:33.88
2020-05-09 04:20:01,840 INFO Start Evaling...
2020-05-09 04:21:16,662 INFO Head: mr:1783.9 mrr:8.28 hits:16.00
2020-05-09 04:21:16,662 INFO Tail: mr:360.6 mrr:26.41 hits:50.70
2020-05-09 04:21:16,662 INFO All: mr:1072.2 mrr:17.34 hits:33.35
2020-05-09 04:21:16,665 INFO Improved and model saved
2020-05-09 04:30:57,398 INFO [580.7] Epoch 30: loss = 11.3617
2020-05-09 04:40:22,027 INFO [564.6] Epoch 31: loss = 11.3065
2020-05-09 04:49:51,840 INFO [569.8] Epoch 32: loss = 11.2581
2020-05-09 04:59:15,313 INFO [563.5] Epoch 33: loss = 11.2153
2020-05-09 05:08:36,812 INFO [561.5] Epoch 34: loss = 11.1649
2020-05-09 05:18:01,377 INFO [564.6] Epoch 35: loss = 11.1173
2020-05-09 05:27:20,298 INFO [558.9] Epoch 36: loss = 11.0809
2020-05-09 05:36:51,713 INFO [571.4] Epoch 37: loss = 11.0420
2020-05-09 05:46:17,448 INFO [565.7] Epoch 38: loss = 11.0052
2020-05-09 05:55:48,783 INFO [571.3] Epoch 39: loss = 10.9772
2020-05-09 05:55:48,784 INFO Start Evaling...
2020-05-09 05:57:07,023 INFO Head: mr:1914.8 mrr:8.26 hits:16.26
2020-05-09 05:57:07,023 INFO Tail: mr:330.6 mrr:27.20 hits:52.16
2020-05-09 05:57:07,023 INFO All: mr:1122.7 mrr:17.73 hits:34.21
2020-05-09 05:57:07,028 INFO Start Evaling...
2020-05-09 05:58:24,647 INFO Head: mr:1779.7 mrr:8.47 hits:16.84
2020-05-09 05:58:24,648 INFO Tail: mr:353.3 mrr:26.78 hits:52.20
2020-05-09 05:58:24,648 INFO All: mr:1066.5 mrr:17.63 hits:34.52
2020-05-09 05:58:24,653 INFO Improved and model saved
2020-05-09 06:07:36,788 INFO [552.1] Epoch 40: loss = 10.9340
2020-05-09 06:16:58,137 INFO [561.3] Epoch 41: loss = 10.9112
2020-05-09 06:26:07,563 INFO [549.4] Epoch 42: loss = 10.8662
2020-05-09 06:35:31,143 INFO [563.6] Epoch 43: loss = 10.8482
2020-05-09 06:44:48,658 INFO [557.5] Epoch 44: loss = 10.8220
2020-05-09 06:54:12,964 INFO [564.3] Epoch 45: loss = 10.8024
2020-05-09 07:03:28,316 INFO [555.4] Epoch 46: loss = 10.7775
2020-05-09 07:12:51,421 INFO [563.1] Epoch 47: loss = 10.7544
2020-05-09 07:22:05,519 INFO [554.1] Epoch 48: loss = 10.7161
2020-05-09 07:31:27,361 INFO [561.8] Epoch 49: loss = 10.7060
2020-05-09 07:31:27,361 INFO Start Evaling...
2020-05-09 07:32:43,817 INFO Head: mr:1885.5 mrr:8.32 hits:16.82
2020-05-09 07:32:43,818 INFO Tail: mr:328.4 mrr:27.67 hits:52.96
2020-05-09 07:32:43,818 INFO All: mr:1107.0 mrr:17.99 hits:34.89
2020-05-09 07:32:43,822 INFO Start Evaling...
2020-05-09 07:34:01,984 INFO Head: mr:1741.7 mrr:8.79 hits:16.92
2020-05-09 07:34:01,984 INFO Tail: mr:346.5 mrr:27.52 hits:52.56
2020-05-09 07:34:01,984 INFO All: mr:1044.1 mrr:18.15 hits:34.74
2020-05-09 07:34:01,989 INFO Improved and model saved
2020-05-09 07:43:15,057 INFO [553.0] Epoch 50: loss = 10.6840
2020-05-09 07:52:45,298 INFO [570.2] Epoch 51: loss = 10.6554
2020-05-09 08:02:01,050 INFO [555.8] Epoch 52: loss = 10.6425
2020-05-09 08:11:25,392 INFO [564.3] Epoch 53: loss = 10.6188
2020-05-09 08:20:39,904 INFO [554.5] Epoch 54: loss = 10.5908
2020-05-09 08:30:02,292 INFO [562.4] Epoch 55: loss = 10.5824
2020-05-09 08:39:27,030 INFO [564.7] Epoch 56: loss = 10.5554
2020-05-09 08:48:49,630 INFO [562.6] Epoch 57: loss = 10.5490
2020-05-09 08:58:05,003 INFO [555.4] Epoch 58: loss = 10.5344
2020-05-09 09:07:37,820 INFO [572.8] Epoch 59: loss = 10.5214
2020-05-09 09:07:37,820 INFO Start Evaling...
2020-05-09 09:08:52,970 INFO Head: mr:1881.9 mrr:8.37 hits:16.76
2020-05-09 09:08:52,970 INFO Tail: mr:323.1 mrr:28.22 hits:53.56
2020-05-09 09:08:52,970 INFO All: mr:1102.5 mrr:18.29 hits:35.16
2020-05-09 09:08:52,975 INFO Start Evaling...
2020-05-09 09:10:07,931 INFO Head: mr:1705.3 mrr:8.71 hits:17.02
2020-05-09 09:10:07,931 INFO Tail: mr:351.7 mrr:27.99 hits:53.02
2020-05-09 09:10:07,931 INFO All: mr:1028.5 mrr:18.35 hits:35.02
2020-05-09 09:10:07,935 INFO Improved and model saved
2020-05-09 09:19:22,026 INFO [554.0] Epoch 60: loss = 10.5027
2020-05-09 09:29:12,682 INFO [590.7] Epoch 61: loss = 10.4834
2020-05-09 09:52:40,723 INFO [1408.0] Epoch 62: loss = 10.4667
