2020-04-14 15:21:01,213 INFO EPOCH: 1000
2020-04-14 15:21:01,213 INFO EVERY: 10
2020-04-14 15:21:01,213 INFO LR: 0.001
2020-04-14 15:21:01,213 INFO DIM: 200
2020-04-14 15:21:01,213 INFO BATCH_SIZE: 128
2020-04-14 15:21:01,214 INFO BATCH_SIZE2: 256
2020-04-14 15:21:01,214 INFO P: 1
2020-04-14 15:21:01,214 INFO CLIPPING_MAX_VALUE: 4.0
2020-04-14 15:21:01,214 INFO OPTIM: Adam
2020-04-14 15:21:01,214 INFO N_SAMPLE: 12
2020-04-14 15:21:01,214 INFO MODE: 1all
2020-04-14 15:21:01,214 INFO GAMMA: 12.0
2020-04-14 15:21:01,214 INFO BERN: True
2020-04-14 15:21:01,214 INFO MARGIN: 4.0
2020-04-14 15:21:01,214 INFO REG: 1.0
2020-04-14 15:21:01,214 INFO LABEL_SMOOTH_EPS: 0.1
2020-04-14 15:21:01,214 INFO INPUT_DROP: 0.2
2020-04-14 15:21:01,214 INFO FEAT_DROP: 0.2
2020-04-14 15:21:01,214 INFO HIDD_DROP: 0.3
2020-04-14 15:21:01,214 INFO CHANNELS: 50
2020-04-14 15:21:01,214 INFO KERNEL_SIZE: 3
2020-04-14 15:21:01,214 INFO N_POOL: 100
2020-04-14 15:21:01,214 INFO MODEL_D: TransH
2020-04-14 15:21:01,214 INFO MODEL_G: DistMult
2020-04-14 15:21:01,214 INFO SCRATCH: False
2020-04-14 15:21:01,214 INFO D_FILE: None
2020-04-14 15:21:01,214 INFO G_FILE: None
2020-04-14 15:21:01,215 INFO PATH: data
2020-04-14 15:21:01,215 INFO DATA: FB15K237
2020-04-14 15:21:01,215 INFO EXP_PATH: experiment/FB15K237
2020-04-14 15:21:01,215 INFO MODEL: ConvE
2020-04-14 15:21:01,215 INFO V: 0
2020-04-14 15:21:01,215 INFO F: True
2020-04-14 15:21:01,215 INFO EVAL: False
2020-04-14 15:21:01,215 INFO TRAINED: True
2020-04-14 15:21:01,215 INFO PRETRAINED_NAME: ConvE-FB15K237-1all-1
2020-04-14 15:21:01,215 INFO EXP_NAME: ConvE-FB15K237-1all-0
2020-04-14 15:21:01,215 INFO --------------------------------------
2020-04-14 15:21:07,840 INFO Dataload done
2020-04-14 15:21:07,840 INFO --------------------------------------
2020-04-14 15:21:07,840 INFO N_ENTITY: 14541
2020-04-14 15:21:07,840 INFO N_RELATION: 237
2020-04-14 15:21:07,840 INFO --------------------------------------
2020-04-14 15:21:11,021 INFO Start Evaling...
2020-04-14 15:21:59,311 INFO Head: mr:301.5 mrr:23.45 hits:40.71
2020-04-14 15:21:59,322 INFO Tail: mr:161.8 mrr:43.67 hits:62.88
2020-04-14 15:21:59,322 INFO All: mr:231.6 mrr:33.56 hits:51.80
2020-04-14 15:21:59,361 INFO Start Training...
2020-04-14 15:24:38,620 INFO [159.3] Epoch 0: loss = 0.0010
2020-04-14 15:27:19,378 INFO [160.8] Epoch 1: loss = 0.0010
2020-04-14 15:29:55,765 INFO [156.4] Epoch 2: loss = 0.0010
2020-04-14 15:32:30,266 INFO [154.5] Epoch 3: loss = 0.0010
2020-04-14 15:35:04,082 INFO [153.8] Epoch 4: loss = 0.0010
2020-04-14 15:37:47,684 INFO [163.6] Epoch 5: loss = 0.0010
2020-04-14 15:40:35,638 INFO [168.0] Epoch 6: loss = 0.0010
2020-04-14 15:43:18,866 INFO [163.2] Epoch 7: loss = 0.0010
2020-04-14 15:45:54,292 INFO [155.4] Epoch 8: loss = 0.0010
2020-04-14 15:48:36,874 INFO [162.6] Epoch 9: loss = 0.0010
2020-04-14 15:48:36,874 INFO Start Evaling...
2020-04-14 15:49:30,541 INFO Head: mr:301.2 mrr:23.21 hits:40.44
2020-04-14 15:49:30,542 INFO Tail: mr:160.4 mrr:43.70 hits:62.80
2020-04-14 15:49:30,542 INFO All: mr:230.8 mrr:33.46 hits:51.62
2020-04-14 15:49:30,563 INFO Improved and model saved
2020-04-14 15:52:08,754 INFO [158.1] Epoch 10: loss = 0.0010
2020-04-14 15:54:56,119 INFO [167.4] Epoch 11: loss = 0.0010
2020-04-14 15:57:47,351 INFO [171.2] Epoch 12: loss = 0.0010
2020-04-14 16:00:23,629 INFO [156.3] Epoch 13: loss = 0.0010
2020-04-14 16:03:07,927 INFO [164.3] Epoch 14: loss = 0.0010
2020-04-14 16:05:42,303 INFO [154.4] Epoch 15: loss = 0.0010
2020-04-14 16:08:27,309 INFO [165.0] Epoch 16: loss = 0.0010
2020-04-14 16:11:00,216 INFO [152.9] Epoch 17: loss = 0.0010
2020-04-14 16:13:37,132 INFO [156.9] Epoch 18: loss = 0.0010
2020-04-14 16:16:11,684 INFO [154.6] Epoch 19: loss = 0.0010
2020-04-14 16:16:11,685 INFO Start Evaling...
2020-04-14 16:17:05,991 INFO Head: mr:301.0 mrr:23.33 hits:40.66
2020-04-14 16:17:05,996 INFO Tail: mr:160.2 mrr:43.80 hits:62.86
2020-04-14 16:17:05,999 INFO All: mr:230.6 mrr:33.56 hits:51.76
2020-04-14 16:17:06,024 INFO Improved and model saved
2020-04-14 16:19:49,063 INFO [163.0] Epoch 20: loss = 0.0010
2020-04-14 16:22:38,071 INFO [169.0] Epoch 21: loss = 0.0010
2020-04-14 16:25:31,152 INFO [173.1] Epoch 22: loss = 0.0010
2020-04-14 16:28:02,591 INFO [151.4] Epoch 23: loss = 0.0010
2020-04-14 16:30:43,425 INFO [160.8] Epoch 24: loss = 0.0010
2020-04-14 16:33:18,577 INFO [155.2] Epoch 25: loss = 0.0010
2020-04-14 16:35:52,418 INFO [153.8] Epoch 26: loss = 0.0010
2020-04-14 16:38:25,218 INFO [152.8] Epoch 27: loss = 0.0010
2020-04-14 16:41:03,518 INFO [158.3] Epoch 28: loss = 0.0010
2020-04-14 16:43:32,630 INFO [149.1] Epoch 29: loss = 0.0010
2020-04-14 16:43:32,632 INFO Start Evaling...
2020-04-14 16:44:28,313 INFO Head: mr:305.4 mrr:23.26 hits:40.87
2020-04-14 16:44:28,331 INFO Tail: mr:161.3 mrr:43.59 hits:62.87
2020-04-14 16:44:28,332 INFO All: mr:233.3 mrr:33.43 hits:51.87
2020-04-14 16:44:28,371 INFO Improved and model saved
2020-04-14 16:47:06,608 INFO [158.2] Epoch 30: loss = 0.0010
2020-04-14 16:49:56,929 INFO [170.3] Epoch 31: loss = 0.0010
2020-04-14 16:52:29,928 INFO [153.0] Epoch 32: loss = 0.0010
2020-04-14 16:55:06,723 INFO [156.8] Epoch 33: loss = 0.0010
2020-04-14 16:58:00,484 INFO [173.8] Epoch 34: loss = 0.0010
2020-04-14 17:00:51,302 INFO [170.8] Epoch 35: loss = 0.0010
2020-04-14 17:03:38,274 INFO [167.0] Epoch 36: loss = 0.0010
2020-04-14 17:06:12,408 INFO [154.1] Epoch 37: loss = 0.0010
2020-04-14 17:08:45,898 INFO [153.5] Epoch 38: loss = 0.0010
2020-04-14 17:11:16,927 INFO [151.0] Epoch 39: loss = 0.0010
2020-04-14 17:11:16,928 INFO Start Evaling...
2020-04-14 17:12:08,440 INFO Head: mr:299.9 mrr:23.50 hits:40.90
2020-04-14 17:12:08,444 INFO Tail: mr:160.5 mrr:43.67 hits:62.74
2020-04-14 17:12:08,447 INFO All: mr:230.2 mrr:33.59 hits:51.82
2020-04-14 17:12:08,474 INFO Declined in recent 1 epochs
2020-04-14 17:14:49,240 INFO [160.8] Epoch 40: loss = 0.0010
2020-04-14 17:17:39,148 INFO [169.9] Epoch 41: loss = 0.0010
2020-04-14 17:20:03,272 INFO [144.1] Epoch 42: loss = 0.0010
2020-04-14 17:22:23,537 INFO [140.3] Epoch 43: loss = 0.0010
2020-04-14 17:24:36,671 INFO [133.1] Epoch 44: loss = 0.0010
2020-04-14 17:26:52,984 INFO [136.3] Epoch 45: loss = 0.0010
2020-04-14 17:29:09,093 INFO [136.1] Epoch 46: loss = 0.0010
2020-04-14 17:31:01,600 INFO [112.5] Epoch 47: loss = 0.0010
2020-04-14 17:33:15,350 INFO [133.7] Epoch 48: loss = 0.0010
2020-04-14 17:35:21,600 INFO [126.2] Epoch 49: loss = 0.0010
2020-04-14 17:35:21,601 INFO Start Evaling...
2020-04-14 17:36:07,411 INFO Head: mr:302.2 mrr:23.61 hits:40.86
2020-04-14 17:36:07,412 INFO Tail: mr:162.2 mrr:43.78 hits:62.93
2020-04-14 17:36:07,412 INFO All: mr:232.2 mrr:33.69 hits:51.89
2020-04-14 17:36:07,436 INFO Improved and model saved
2020-04-14 17:38:26,447 INFO [139.0] Epoch 50: loss = 0.0010
2020-04-14 17:40:39,587 INFO [133.1] Epoch 51: loss = 0.0010
2020-04-14 17:42:55,616 INFO [136.0] Epoch 52: loss = 0.0010
2020-04-14 17:45:07,780 INFO [132.2] Epoch 53: loss = 0.0010
2020-04-14 17:47:13,911 INFO [126.1] Epoch 54: loss = 0.0010
2020-04-14 17:49:24,970 INFO [131.1] Epoch 55: loss = 0.0010
2020-04-14 17:51:53,775 INFO [148.8] Epoch 56: loss = 0.0010
2020-04-14 17:54:02,182 INFO [128.4] Epoch 57: loss = 0.0010
2020-04-14 17:56:07,378 INFO [125.2] Epoch 58: loss = 0.0010
2020-04-14 17:58:18,112 INFO [130.7] Epoch 59: loss = 0.0010
2020-04-14 17:58:18,112 INFO Start Evaling...
2020-04-14 17:58:50,160 INFO Head: mr:297.8 mrr:23.36 hits:40.98
2020-04-14 17:58:50,162 INFO Tail: mr:160.2 mrr:43.44 hits:62.79
2020-04-14 17:58:50,162 INFO All: mr:229.0 mrr:33.40 hits:51.89
2020-04-14 17:58:50,177 INFO Declined in recent 1 epochs
2020-04-14 18:00:43,745 INFO [113.6] Epoch 60: loss = 0.0010
2020-04-14 18:02:25,875 INFO [102.1] Epoch 61: loss = 0.0010
2020-04-14 18:04:07,835 INFO [102.0] Epoch 62: loss = 0.0010
2020-04-14 18:05:54,144 INFO [106.3] Epoch 63: loss = 0.0010
2020-04-14 18:07:37,398 INFO [103.3] Epoch 64: loss = 0.0010
2020-04-14 18:09:20,702 INFO [103.3] Epoch 65: loss = 0.0010
2020-04-14 18:11:05,146 INFO [104.4] Epoch 66: loss = 0.0010
2020-04-14 18:12:45,852 INFO [100.7] Epoch 67: loss = 0.0010
2020-04-14 18:14:05,595 INFO [79.7] Epoch 68: loss = 0.0010
2020-04-14 18:15:04,667 INFO [59.1] Epoch 69: loss = 0.0010
2020-04-14 18:15:04,668 INFO Start Evaling...
2020-04-14 18:15:34,027 INFO Head: mr:300.0 mrr:23.74 hits:41.12
2020-04-14 18:15:34,028 INFO Tail: mr:161.7 mrr:43.68 hits:62.95
2020-04-14 18:15:34,028 INFO All: mr:230.9 mrr:33.71 hits:52.04
2020-04-14 18:15:34,040 INFO Improved and model saved
2020-04-14 18:16:32,977 INFO [58.9] Epoch 70: loss = 0.0010
2020-04-14 18:17:29,774 INFO [56.8] Epoch 71: loss = 0.0010
2020-04-14 18:18:25,703 INFO [55.9] Epoch 72: loss = 0.0010
2020-04-14 18:19:22,134 INFO [56.4] Epoch 73: loss = 0.0010
2020-04-14 18:20:17,973 INFO [55.8] Epoch 74: loss = 0.0010
2020-04-14 18:21:15,980 INFO [58.0] Epoch 75: loss = 0.0010
2020-04-14 18:22:10,879 INFO [54.9] Epoch 76: loss = 0.0010
2020-04-14 18:23:07,580 INFO [56.7] Epoch 77: loss = 0.0010
2020-04-14 18:24:02,736 INFO [55.2] Epoch 78: loss = 0.0010
2020-04-14 18:24:58,929 INFO [56.2] Epoch 79: loss = 0.0010
2020-04-14 18:24:58,930 INFO Start Evaling...
2020-04-14 18:25:27,019 INFO Head: mr:302.2 mrr:23.58 hits:40.80
2020-04-14 18:25:27,020 INFO Tail: mr:162.6 mrr:43.69 hits:62.73
2020-04-14 18:25:27,022 INFO All: mr:232.4 mrr:33.64 hits:51.77
2020-04-14 18:25:27,047 INFO Declined in recent 1 epochs
2020-04-14 18:26:22,413 INFO [55.4] Epoch 80: loss = 0.0010
2020-04-14 18:27:17,026 INFO [54.6] Epoch 81: loss = 0.0010
2020-04-14 18:28:13,990 INFO [57.0] Epoch 82: loss = 0.0010
2020-04-14 18:29:14,608 INFO [60.6] Epoch 83: loss = 0.0010
2020-04-14 18:30:12,168 INFO [57.6] Epoch 84: loss = 0.0010
2020-04-14 18:31:08,990 INFO [56.8] Epoch 85: loss = 0.0010
2020-04-14 18:32:04,088 INFO [55.1] Epoch 86: loss = 0.0010
2020-04-14 18:33:00,196 INFO [56.1] Epoch 87: loss = 0.0010
2020-04-14 18:33:57,773 INFO [57.6] Epoch 88: loss = 0.0010
2020-04-14 18:34:57,111 INFO [59.3] Epoch 89: loss = 0.0010
2020-04-14 18:34:57,111 INFO Start Evaling...
2020-04-14 18:35:26,278 INFO Head: mr:297.7 mrr:23.73 hits:41.10
2020-04-14 18:35:26,279 INFO Tail: mr:159.9 mrr:43.73 hits:62.76
2020-04-14 18:35:26,279 INFO All: mr:228.8 mrr:33.73 hits:51.93
2020-04-14 18:35:26,307 INFO Declined in recent 2 epochs
2020-04-14 18:36:22,494 INFO [56.2] Epoch 90: loss = 0.0010
2020-04-14 18:37:20,995 INFO [58.5] Epoch 91: loss = 0.0010
2020-04-14 18:38:19,154 INFO [58.2] Epoch 92: loss = 0.0010
2020-04-14 18:39:15,223 INFO [56.1] Epoch 93: loss = 0.0010
2020-04-14 18:40:12,467 INFO [57.2] Epoch 94: loss = 0.0010
2020-04-14 18:41:07,535 INFO [55.1] Epoch 95: loss = 0.0010
2020-04-14 18:42:05,487 INFO [58.0] Epoch 96: loss = 0.0010
2020-04-14 18:43:03,704 INFO [58.2] Epoch 97: loss = 0.0010
2020-04-14 18:43:58,922 INFO [55.2] Epoch 98: loss = 0.0010
2020-04-14 18:44:56,222 INFO [57.3] Epoch 99: loss = 0.0010
2020-04-14 18:44:56,223 INFO Start Evaling...
2020-04-14 18:45:25,370 INFO Head: mr:299.6 mrr:23.47 hits:41.16
2020-04-14 18:45:25,371 INFO Tail: mr:160.5 mrr:43.63 hits:62.78
2020-04-14 18:45:25,371 INFO All: mr:230.0 mrr:33.55 hits:51.97
2020-04-14 18:45:25,387 INFO Declined in recent 3 epochs
2020-04-14 18:46:22,204 INFO [56.8] Epoch 100: loss = 0.0010
2020-04-14 18:47:18,469 INFO [56.3] Epoch 101: loss = 0.0010
2020-04-14 18:48:15,984 INFO [57.5] Epoch 102: loss = 0.0010
2020-04-14 18:49:11,409 INFO [55.4] Epoch 103: loss = 0.0010
2020-04-14 18:50:06,824 INFO [55.4] Epoch 104: loss = 0.0010
2020-04-14 18:51:03,151 INFO [56.3] Epoch 105: loss = 0.0010
2020-04-14 18:52:00,715 INFO [57.6] Epoch 106: loss = 0.0010
2020-04-14 18:52:57,382 INFO [56.7] Epoch 107: loss = 0.0010
2020-04-14 18:53:54,011 INFO [56.6] Epoch 108: loss = 0.0010
2020-04-14 18:54:50,307 INFO [56.3] Epoch 109: loss = 0.0010
2020-04-14 18:54:50,309 INFO Start Evaling...
2020-04-14 18:55:19,745 INFO Head: mr:297.4 mrr:23.52 hits:40.99
2020-04-14 18:55:19,746 INFO Tail: mr:158.9 mrr:43.73 hits:62.96
2020-04-14 18:55:19,746 INFO All: mr:228.2 mrr:33.62 hits:51.98
2020-04-14 18:55:19,771 INFO Declined in recent 4 epochs
2020-04-14 18:56:18,124 INFO [58.4] Epoch 110: loss = 0.0010
2020-04-14 18:57:13,452 INFO [55.3] Epoch 111: loss = 0.0010
2020-04-14 18:58:09,198 INFO [55.7] Epoch 112: loss = 0.0010
2020-04-14 18:59:05,897 INFO [56.7] Epoch 113: loss = 0.0010
2020-04-14 19:00:03,518 INFO [57.6] Epoch 114: loss = 0.0010
2020-04-14 19:01:02,202 INFO [58.7] Epoch 115: loss = 0.0010
2020-04-14 19:01:59,862 INFO [57.7] Epoch 116: loss = 0.0010
2020-04-14 19:02:56,324 INFO [56.5] Epoch 117: loss = 0.0010
2020-04-14 19:03:52,365 INFO [56.0] Epoch 118: loss = 0.0010
2020-04-14 19:04:50,070 INFO [57.7] Epoch 119: loss = 0.0010
2020-04-14 19:04:50,070 INFO Start Evaling...
2020-04-14 19:05:21,104 INFO Head: mr:296.8 mrr:23.56 hits:41.03
2020-04-14 19:05:21,105 INFO Tail: mr:161.7 mrr:43.80 hits:62.76
2020-04-14 19:05:21,105 INFO All: mr:229.2 mrr:33.68 hits:51.89
2020-04-14 19:05:21,118 INFO Declined in recent 5 epochs
2020-04-14 19:05:21,118 INFO Early stopping
2020-04-14 19:05:21,118 INFO Train done
2020-04-14 19:05:21,130 INFO Start Evaling...
2020-04-14 19:05:54,637 INFO Head: mr:294.6 mrr:23.40 hits:40.93
2020-04-14 19:05:54,637 INFO Tail: mr:171.2 mrr:42.74 hits:62.21
2020-04-14 19:05:54,637 INFO All: mr:232.9 mrr:33.07 hits:51.57
