2020-05-20 07:56:57,907 INFO EPOCH: 1000
2020-05-20 07:56:57,907 INFO EVERY: 10
2020-05-20 07:56:57,907 INFO LR: 0.001
2020-05-20 07:56:57,907 INFO DIM: 200
2020-05-20 07:56:57,907 INFO BATCH_SIZE: 128
2020-05-20 07:56:57,907 INFO BATCH_SIZE2: 128
2020-05-20 07:56:57,907 INFO P: 1
2020-05-20 07:56:57,907 INFO CLIPPING_MAX_VALUE: 4.0
2020-05-20 07:56:57,907 INFO OPTIM: Adam
2020-05-20 07:56:57,907 INFO N_SAMPLE: 100
2020-05-20 07:56:57,908 INFO MODE: 1vsN
2020-05-20 07:56:57,908 INFO RATE: 0.01
2020-05-20 07:56:57,908 INFO GAMMA: 12.0
2020-05-20 07:56:57,908 INFO BERN: True
2020-05-20 07:56:57,908 INFO MARGIN: 4.0
2020-05-20 07:56:57,908 INFO REG: 1.0
2020-05-20 07:56:57,908 INFO LABEL_SMOOTH_EPS: 0.1
2020-05-20 07:56:57,908 INFO INPUT_DROP: 0.2
2020-05-20 07:56:57,908 INFO FEAT_DROP: 0.2
2020-05-20 07:56:57,908 INFO HIDD_DROP: 0.3
2020-05-20 07:56:57,908 INFO CHANNELS: 50
2020-05-20 07:56:57,908 INFO KERNEL_SIZE: 3
2020-05-20 07:56:57,908 INFO N_POOL: 100
2020-05-20 07:56:57,908 INFO MODEL_D: TransH
2020-05-20 07:56:57,909 INFO MODEL_G: DistMult
2020-05-20 07:56:57,909 INFO SCRATCH: False
2020-05-20 07:56:57,909 INFO D_FILE: None
2020-05-20 07:56:57,909 INFO G_FILE: None
2020-05-20 07:56:57,909 INFO PATH: data
2020-05-20 07:56:57,909 INFO DATA: FB15K237
2020-05-20 07:56:57,909 INFO EXP_PATH: experiment/FB15K237
2020-05-20 07:56:57,909 INFO MODEL: ConvE
2020-05-20 07:56:57,909 INFO V: 100.01
2020-05-20 07:56:57,909 INFO F: True
2020-05-20 07:56:57,909 INFO EVAL: False
2020-05-20 07:56:57,909 INFO TRAINED: False
2020-05-20 07:56:57,909 INFO PRETRAINED_NAME: None
2020-05-20 07:56:57,909 INFO EXP_NAME: ConvE-FB15K237-1vsN-100.01
2020-05-20 07:56:57,910 INFO --------------------------------------
2020-05-20 07:57:22,561 INFO Dataload done
2020-05-20 07:57:22,561 INFO --------------------------------------
2020-05-20 07:57:22,561 INFO N_ENTITY: 14541
2020-05-20 07:57:22,561 INFO N_RELATION: 237
2020-05-20 07:57:22,562 INFO --------------------------------------
2020-05-20 07:57:26,098 INFO Start Training...
2020-05-20 07:59:53,222 INFO [147.1] Epoch 0: loss = 0.0503
2020-05-20 08:02:23,250 INFO [150.0] Epoch 1: loss = 0.0302
2020-05-20 08:04:50,837 INFO [147.6] Epoch 2: loss = 0.0279
2020-05-20 08:07:19,643 INFO [148.8] Epoch 3: loss = 0.0267
2020-05-20 08:09:48,085 INFO [148.4] Epoch 4: loss = 0.0258
2020-05-20 08:12:16,564 INFO [148.5] Epoch 5: loss = 0.0252
2020-05-20 08:14:43,851 INFO [147.3] Epoch 6: loss = 0.0248
2020-05-20 08:17:13,109 INFO [149.3] Epoch 7: loss = 0.0244
2020-05-20 08:19:40,611 INFO [147.5] Epoch 8: loss = 0.0241
2020-05-20 08:22:08,696 INFO [148.1] Epoch 9: loss = 0.0239
2020-05-20 08:22:08,696 INFO Start Evaling...
2020-05-20 08:25:37,884 INFO Head: mr:243.4 mrr:19.33 hits:35.35
2020-05-20 08:25:37,884 INFO Tail: mr:119.4 mrr:39.24 hits:59.00
2020-05-20 08:25:37,884 INFO All: mr:181.4 mrr:29.28 hits:47.18
2020-05-20 08:25:37,895 INFO Start Evaling...
2020-05-20 08:29:37,584 INFO Head: mr:253.0 mrr:19.50 hits:35.75
2020-05-20 08:29:37,584 INFO Tail: mr:129.3 mrr:38.66 hits:58.80
2020-05-20 08:29:37,584 INFO All: mr:191.2 mrr:29.08 hits:47.27
2020-05-20 08:29:37,597 INFO Improved and model saved
2020-05-20 08:32:06,463 INFO [148.8] Epoch 10: loss = 0.0237
2020-05-20 08:34:34,051 INFO [147.6] Epoch 11: loss = 0.0235
2020-05-20 08:37:01,688 INFO [147.6] Epoch 12: loss = 0.0234
2020-05-20 08:39:30,737 INFO [149.0] Epoch 13: loss = 0.0232
2020-05-20 08:41:59,403 INFO [148.7] Epoch 14: loss = 0.0231
2020-05-20 08:44:26,941 INFO [147.5] Epoch 15: loss = 0.0230
2020-05-20 08:46:55,478 INFO [148.5] Epoch 16: loss = 0.0229
2020-05-20 08:49:23,060 INFO [147.6] Epoch 17: loss = 0.0228
2020-05-20 08:51:50,465 INFO [147.4] Epoch 18: loss = 0.0228
2020-05-20 08:54:18,401 INFO [147.9] Epoch 19: loss = 0.0227
2020-05-20 08:54:18,401 INFO Start Evaling...
2020-05-20 08:57:47,132 INFO Head: mr:243.7 mrr:21.46 hits:38.62
2020-05-20 08:57:47,132 INFO Tail: mr:115.8 mrr:41.58 hits:61.33
2020-05-20 08:57:47,133 INFO All: mr:179.8 mrr:31.52 hits:49.97
2020-05-20 08:57:47,144 INFO Start Evaling...
2020-05-20 09:01:46,679 INFO Head: mr:246.7 mrr:21.48 hits:38.33
2020-05-20 09:01:46,679 INFO Tail: mr:126.0 mrr:40.81 hits:61.12
2020-05-20 09:01:46,680 INFO All: mr:186.4 mrr:31.15 hits:49.72
2020-05-20 09:01:46,693 INFO Improved and model saved
2020-05-20 09:04:15,394 INFO [148.7] Epoch 20: loss = 0.0226
2020-05-20 09:06:44,022 INFO [148.6] Epoch 21: loss = 0.0225
2020-05-20 09:09:13,011 INFO [149.0] Epoch 22: loss = 0.0225
2020-05-20 09:11:42,535 INFO [149.5] Epoch 23: loss = 0.0224
2020-05-20 09:14:11,256 INFO [148.7] Epoch 24: loss = 0.0224
2020-05-20 09:16:40,231 INFO [149.0] Epoch 25: loss = 0.0223
2020-05-20 09:19:08,437 INFO [148.2] Epoch 26: loss = 0.0223
2020-05-20 09:21:36,186 INFO [147.7] Epoch 27: loss = 0.0222
2020-05-20 09:24:04,023 INFO [147.8] Epoch 28: loss = 0.0222
2020-05-20 09:26:33,564 INFO [149.5] Epoch 29: loss = 0.0222
2020-05-20 09:26:33,564 INFO Start Evaling...
2020-05-20 09:30:00,560 INFO Head: mr:244.4 mrr:22.03 hits:39.18
2020-05-20 09:30:00,560 INFO Tail: mr:116.9 mrr:42.08 hits:62.14
2020-05-20 09:30:00,560 INFO All: mr:180.7 mrr:32.05 hits:50.66
2020-05-20 09:30:00,572 INFO Start Evaling...
2020-05-20 09:33:57,899 INFO Head: mr:250.0 mrr:22.06 hits:39.02
2020-05-20 09:33:57,899 INFO Tail: mr:124.6 mrr:41.26 hits:61.56
2020-05-20 09:33:57,899 INFO All: mr:187.3 mrr:31.66 hits:50.29
2020-05-20 09:33:57,913 INFO Improved and model saved
2020-05-20 09:36:25,923 INFO [148.0] Epoch 30: loss = 0.0221
2020-05-20 09:38:54,658 INFO [148.7] Epoch 31: loss = 0.0221
2020-05-20 09:41:22,310 INFO [147.7] Epoch 32: loss = 0.0221
2020-05-20 09:43:50,060 INFO [147.8] Epoch 33: loss = 0.0220
2020-05-20 09:46:18,053 INFO [148.0] Epoch 34: loss = 0.0220
2020-05-20 09:48:46,923 INFO [148.9] Epoch 35: loss = 0.0220
2020-05-20 09:51:14,986 INFO [148.1] Epoch 36: loss = 0.0220
2020-05-20 09:53:42,546 INFO [147.6] Epoch 37: loss = 0.0220
2020-05-20 09:56:10,981 INFO [148.4] Epoch 38: loss = 0.0219
2020-05-20 09:58:38,616 INFO [147.6] Epoch 39: loss = 0.0219
2020-05-20 09:58:38,617 INFO Start Evaling...
2020-05-20 10:02:05,706 INFO Head: mr:248.1 mrr:22.49 hits:39.70
2020-05-20 10:02:05,706 INFO Tail: mr:116.2 mrr:42.18 hits:62.50
2020-05-20 10:02:05,706 INFO All: mr:182.2 mrr:32.33 hits:51.10
2020-05-20 10:02:05,718 INFO Start Evaling...
2020-05-20 10:06:03,046 INFO Head: mr:254.7 mrr:22.56 hits:40.05
2020-05-20 10:06:03,046 INFO Tail: mr:126.8 mrr:41.77 hits:62.16
2020-05-20 10:06:03,046 INFO All: mr:190.7 mrr:32.17 hits:51.10
2020-05-20 10:06:03,060 INFO Improved and model saved
2020-05-20 10:08:30,763 INFO [147.7] Epoch 40: loss = 0.0219
2020-05-20 10:11:00,058 INFO [149.3] Epoch 41: loss = 0.0219
2020-05-20 10:13:28,670 INFO [148.6] Epoch 42: loss = 0.0218
2020-05-20 10:15:57,040 INFO [148.4] Epoch 43: loss = 0.0218
2020-05-20 10:18:24,456 INFO [147.4] Epoch 44: loss = 0.0218
2020-05-20 10:20:51,861 INFO [147.4] Epoch 45: loss = 0.0218
2020-05-20 10:23:20,246 INFO [148.4] Epoch 46: loss = 0.0217
2020-05-20 10:25:47,953 INFO [147.7] Epoch 47: loss = 0.0217
2020-05-20 10:28:16,251 INFO [148.3] Epoch 48: loss = 0.0217
2020-05-20 10:30:45,079 INFO [148.8] Epoch 49: loss = 0.0217
2020-05-20 10:30:45,080 INFO Start Evaling...
2020-05-20 10:34:11,813 INFO Head: mr:249.9 mrr:22.95 hits:40.59
2020-05-20 10:34:11,813 INFO Tail: mr:121.2 mrr:42.60 hits:63.05
2020-05-20 10:34:11,813 INFO All: mr:185.6 mrr:32.78 hits:51.82
2020-05-20 10:34:11,824 INFO Start Evaling...
2020-05-20 10:38:08,720 INFO Head: mr:254.1 mrr:22.90 hits:40.50
2020-05-20 10:38:08,720 INFO Tail: mr:129.2 mrr:41.91 hits:62.43
2020-05-20 10:38:08,720 INFO All: mr:191.7 mrr:32.40 hits:51.47
2020-05-20 10:38:08,733 INFO Improved and model saved
2020-05-20 10:40:36,030 INFO [147.3] Epoch 50: loss = 0.0217
2020-05-20 10:43:04,453 INFO [148.4] Epoch 51: loss = 0.0217
2020-05-20 10:45:32,746 INFO [148.3] Epoch 52: loss = 0.0217
2020-05-20 10:48:01,054 INFO [148.3] Epoch 53: loss = 0.0216
2020-05-20 10:50:28,659 INFO [147.6] Epoch 54: loss = 0.0216
2020-05-20 10:52:55,972 INFO [147.3] Epoch 55: loss = 0.0216
2020-05-20 10:55:24,588 INFO [148.6] Epoch 56: loss = 0.0216
2020-05-20 10:57:53,045 INFO [148.5] Epoch 57: loss = 0.0216
2020-05-20 11:00:21,338 INFO [148.3] Epoch 58: loss = 0.0216
2020-05-20 11:02:49,227 INFO [147.9] Epoch 59: loss = 0.0216
2020-05-20 11:02:49,227 INFO Start Evaling...
2020-05-20 11:06:15,759 INFO Head: mr:247.7 mrr:22.99 hits:40.36
2020-05-20 11:06:15,760 INFO Tail: mr:119.0 mrr:42.82 hits:63.34
2020-05-20 11:06:15,760 INFO All: mr:183.3 mrr:32.90 hits:51.85
2020-05-20 11:06:15,771 INFO Start Evaling...
2020-05-20 11:10:14,496 INFO Head: mr:254.6 mrr:23.03 hits:40.56
2020-05-20 11:10:14,496 INFO Tail: mr:131.9 mrr:42.35 hits:62.74
2020-05-20 11:10:14,496 INFO All: mr:193.2 mrr:32.69 hits:51.65
2020-05-20 11:10:14,510 INFO Improved and model saved
2020-05-20 11:12:43,818 INFO [149.3] Epoch 60: loss = 0.0216
2020-05-20 11:15:11,780 INFO [148.0] Epoch 61: loss = 0.0215
2020-05-20 11:17:40,061 INFO [148.3] Epoch 62: loss = 0.0215
2020-05-20 11:20:08,588 INFO [148.5] Epoch 63: loss = 0.0215
2020-05-20 11:22:35,609 INFO [147.0] Epoch 64: loss = 0.0215
2020-05-20 11:25:03,859 INFO [148.2] Epoch 65: loss = 0.0215
2020-05-20 11:27:30,862 INFO [147.0] Epoch 66: loss = 0.0215
2020-05-20 11:29:58,588 INFO [147.7] Epoch 67: loss = 0.0215
2020-05-20 11:32:27,014 INFO [148.4] Epoch 68: loss = 0.0215
2020-05-20 11:34:55,350 INFO [148.3] Epoch 69: loss = 0.0215
2020-05-20 11:34:55,350 INFO Start Evaling...
2020-05-20 11:38:23,796 INFO Head: mr:250.1 mrr:23.35 hits:41.04
2020-05-20 11:38:23,796 INFO Tail: mr:122.8 mrr:42.91 hits:63.23
2020-05-20 11:38:23,797 INFO All: mr:186.5 mrr:33.13 hits:52.14
2020-05-20 11:38:23,808 INFO Start Evaling...
2020-05-20 11:42:22,406 INFO Head: mr:255.3 mrr:23.45 hits:41.07
2020-05-20 11:42:22,406 INFO Tail: mr:131.0 mrr:42.32 hits:62.63
2020-05-20 11:42:22,406 INFO All: mr:193.2 mrr:32.88 hits:51.85
2020-05-20 11:42:22,421 INFO Improved and model saved
2020-05-20 11:44:50,854 INFO [148.4] Epoch 70: loss = 0.0214
2020-05-20 11:47:18,133 INFO [147.3] Epoch 71: loss = 0.0214
2020-05-20 11:49:46,589 INFO [148.5] Epoch 72: loss = 0.0214
2020-05-20 11:52:15,403 INFO [148.8] Epoch 73: loss = 0.0214
2020-05-20 11:54:43,646 INFO [148.2] Epoch 74: loss = 0.0214
2020-05-20 11:57:12,055 INFO [148.4] Epoch 75: loss = 0.0214
2020-05-20 11:59:39,193 INFO [147.1] Epoch 76: loss = 0.0214
2020-05-20 12:02:08,442 INFO [149.2] Epoch 77: loss = 0.0214
2020-05-20 12:04:35,903 INFO [147.5] Epoch 78: loss = 0.0214
2020-05-20 12:07:04,269 INFO [148.4] Epoch 79: loss = 0.0214
2020-05-20 12:07:04,270 INFO Start Evaling...
2020-05-20 12:10:32,409 INFO Head: mr:251.7 mrr:23.33 hits:40.60
2020-05-20 12:10:32,410 INFO Tail: mr:120.9 mrr:43.21 hits:63.18
2020-05-20 12:10:32,410 INFO All: mr:186.3 mrr:33.27 hits:51.89
2020-05-20 12:10:32,422 INFO Start Evaling...
2020-05-20 12:14:31,048 INFO Head: mr:257.4 mrr:23.48 hits:41.01
2020-05-20 12:14:31,048 INFO Tail: mr:133.2 mrr:42.42 hits:62.68
2020-05-20 12:14:31,048 INFO All: mr:195.3 mrr:32.95 hits:51.84
2020-05-20 12:14:31,063 INFO Improved and model saved
2020-05-20 12:16:59,401 INFO [148.3] Epoch 80: loss = 0.0214
2020-05-20 12:19:28,895 INFO [149.5] Epoch 81: loss = 0.0214
2020-05-20 12:21:57,267 INFO [148.4] Epoch 82: loss = 0.0214
2020-05-20 12:24:26,360 INFO [149.1] Epoch 83: loss = 0.0213
2020-05-20 12:26:54,052 INFO [147.7] Epoch 84: loss = 0.0213
2020-05-20 12:29:22,482 INFO [148.4] Epoch 85: loss = 0.0213
2020-05-20 12:31:49,970 INFO [147.5] Epoch 86: loss = 0.0213
2020-05-20 12:34:18,294 INFO [148.3] Epoch 87: loss = 0.0213
2020-05-20 12:36:46,896 INFO [148.6] Epoch 88: loss = 0.0213
2020-05-20 12:39:13,997 INFO [147.1] Epoch 89: loss = 0.0213
2020-05-20 12:39:13,997 INFO Start Evaling...
2020-05-20 12:42:40,487 INFO Head: mr:250.0 mrr:23.31 hits:40.87
2020-05-20 12:42:40,487 INFO Tail: mr:120.7 mrr:43.31 hits:63.51
2020-05-20 12:42:40,487 INFO All: mr:185.3 mrr:33.31 hits:52.19
2020-05-20 12:42:40,498 INFO Start Evaling...
2020-05-20 12:46:37,135 INFO Head: mr:255.9 mrr:23.28 hits:41.02
2020-05-20 12:46:37,135 INFO Tail: mr:133.8 mrr:42.71 hits:62.70
2020-05-20 12:46:37,135 INFO All: mr:194.9 mrr:33.00 hits:51.86
2020-05-20 12:46:37,148 INFO Improved and model saved
2020-05-20 12:49:04,365 INFO [147.2] Epoch 90: loss = 0.0213
2020-05-20 12:51:31,724 INFO [147.4] Epoch 91: loss = 0.0213
2020-05-20 12:54:00,017 INFO [148.3] Epoch 92: loss = 0.0213
2020-05-20 12:56:28,189 INFO [148.2] Epoch 93: loss = 0.0213
2020-05-20 12:58:55,754 INFO [147.6] Epoch 94: loss = 0.0213
2020-05-20 13:01:24,310 INFO [148.6] Epoch 95: loss = 0.0213
2020-05-20 13:03:52,955 INFO [148.6] Epoch 96: loss = 0.0212
2020-05-20 13:06:20,274 INFO [147.3] Epoch 97: loss = 0.0213
2020-05-20 13:08:47,410 INFO [147.1] Epoch 98: loss = 0.0212
2020-05-20 13:11:14,593 INFO [147.2] Epoch 99: loss = 0.0213
2020-05-20 13:11:14,593 INFO Start Evaling...
2020-05-20 13:14:42,730 INFO Head: mr:251.2 mrr:23.50 hits:41.08
2020-05-20 13:14:42,730 INFO Tail: mr:121.4 mrr:43.37 hits:63.33
2020-05-20 13:14:42,730 INFO All: mr:186.3 mrr:33.44 hits:52.21
2020-05-20 13:14:42,742 INFO Start Evaling...
2020-05-20 13:18:41,404 INFO Head: mr:256.9 mrr:23.60 hits:41.09
2020-05-20 13:18:41,404 INFO Tail: mr:133.3 mrr:42.83 hits:62.95
2020-05-20 13:18:41,405 INFO All: mr:195.1 mrr:33.22 hits:52.02
2020-05-20 13:18:41,418 INFO Improved and model saved
2020-05-20 13:21:10,625 INFO [149.2] Epoch 100: loss = 0.0212
2020-05-20 13:23:39,104 INFO [148.5] Epoch 101: loss = 0.0212
2020-05-20 13:26:06,657 INFO [147.6] Epoch 102: loss = 0.0212
2020-05-20 13:28:35,494 INFO [148.8] Epoch 103: loss = 0.0212
2020-05-20 13:31:03,951 INFO [148.5] Epoch 104: loss = 0.0212
2020-05-20 13:33:32,604 INFO [148.7] Epoch 105: loss = 0.0212
2020-05-20 13:35:59,867 INFO [147.3] Epoch 106: loss = 0.0212
2020-05-20 13:38:28,147 INFO [148.3] Epoch 107: loss = 0.0212
2020-05-20 13:40:55,771 INFO [147.6] Epoch 108: loss = 0.0212
2020-05-20 13:43:24,395 INFO [148.6] Epoch 109: loss = 0.0212
2020-05-20 13:43:24,395 INFO Start Evaling...
2020-05-20 13:46:52,552 INFO Head: mr:255.4 mrr:23.74 hits:41.20
2020-05-20 13:46:52,552 INFO Tail: mr:124.0 mrr:43.52 hits:63.34
2020-05-20 13:46:52,552 INFO All: mr:189.7 mrr:33.63 hits:52.27
2020-05-20 13:46:52,564 INFO Start Evaling...
2020-05-20 13:50:51,224 INFO Head: mr:259.0 mrr:23.79 hits:41.17
2020-05-20 13:50:51,224 INFO Tail: mr:135.2 mrr:42.93 hits:63.10
2020-05-20 13:50:51,224 INFO All: mr:197.1 mrr:33.36 hits:52.14
2020-05-20 13:50:51,239 INFO Improved and model saved
2020-05-20 13:53:19,758 INFO [148.5] Epoch 110: loss = 0.0212
2020-05-20 13:55:47,087 INFO [147.3] Epoch 111: loss = 0.0212
2020-05-20 13:58:14,861 INFO [147.8] Epoch 112: loss = 0.0212
2020-05-20 14:00:43,224 INFO [148.4] Epoch 113: loss = 0.0212
2020-05-20 14:03:10,566 INFO [147.3] Epoch 114: loss = 0.0212
2020-05-20 14:05:39,130 INFO [148.6] Epoch 115: loss = 0.0212
2020-05-20 14:08:08,173 INFO [149.0] Epoch 116: loss = 0.0212
2020-05-20 14:10:36,530 INFO [148.4] Epoch 117: loss = 0.0211
2020-05-20 14:13:04,371 INFO [147.8] Epoch 118: loss = 0.0211
2020-05-20 14:15:32,861 INFO [148.5] Epoch 119: loss = 0.0212
2020-05-20 14:15:32,861 INFO Start Evaling...
2020-05-20 14:19:01,389 INFO Head: mr:253.3 mrr:23.73 hits:41.43
2020-05-20 14:19:01,390 INFO Tail: mr:124.0 mrr:43.26 hits:63.70
2020-05-20 14:19:01,390 INFO All: mr:188.7 mrr:33.50 hits:52.57
2020-05-20 14:19:01,402 INFO Start Evaling...
2020-05-20 14:23:00,096 INFO Head: mr:258.4 mrr:23.60 hits:41.32
2020-05-20 14:23:00,097 INFO Tail: mr:135.8 mrr:42.62 hits:63.18
2020-05-20 14:23:00,097 INFO All: mr:197.1 mrr:33.11 hits:52.25
2020-05-20 14:23:00,112 INFO Declined in recent 1 epochs
2020-05-20 14:25:28,203 INFO [148.1] Epoch 120: loss = 0.0211
2020-05-20 14:27:56,669 INFO [148.5] Epoch 121: loss = 0.0211
2020-05-20 14:30:24,491 INFO [147.8] Epoch 122: loss = 0.0211
2020-05-20 14:32:51,754 INFO [147.3] Epoch 123: loss = 0.0211
2020-05-20 14:35:20,143 INFO [148.4] Epoch 124: loss = 0.0211
2020-05-20 14:37:47,198 INFO [147.1] Epoch 125: loss = 0.0211
2020-05-20 14:40:14,311 INFO [147.1] Epoch 126: loss = 0.0211
2020-05-20 14:42:42,650 INFO [148.3] Epoch 127: loss = 0.0211
2020-05-20 14:45:10,747 INFO [148.1] Epoch 128: loss = 0.0211
2020-05-20 14:47:37,971 INFO [147.2] Epoch 129: loss = 0.0211
2020-05-20 14:47:37,971 INFO Start Evaling...
2020-05-20 14:51:06,126 INFO Head: mr:257.2 mrr:23.58 hits:41.18
2020-05-20 14:51:06,126 INFO Tail: mr:123.5 mrr:43.41 hits:63.74
2020-05-20 14:51:06,126 INFO All: mr:190.4 mrr:33.50 hits:52.46
2020-05-20 14:51:06,138 INFO Start Evaling...
2020-05-20 14:55:04,801 INFO Head: mr:262.7 mrr:23.60 hits:41.37
2020-05-20 14:55:04,802 INFO Tail: mr:135.5 mrr:43.04 hits:63.03
2020-05-20 14:55:04,802 INFO All: mr:199.1 mrr:33.32 hits:52.20
2020-05-20 14:55:04,817 INFO Declined in recent 2 epochs
2020-05-20 14:57:33,309 INFO [148.5] Epoch 130: loss = 0.0211
2020-05-20 15:00:01,725 INFO [148.4] Epoch 131: loss = 0.0211
2020-05-20 15:02:30,489 INFO [148.8] Epoch 132: loss = 0.0211
2020-05-20 15:04:58,751 INFO [148.3] Epoch 133: loss = 0.0211
2020-05-20 15:07:27,187 INFO [148.4] Epoch 134: loss = 0.0211
2020-05-20 15:09:55,717 INFO [148.5] Epoch 135: loss = 0.0211
2020-05-20 15:12:23,059 INFO [147.3] Epoch 136: loss = 0.0211
2020-05-20 15:14:51,311 INFO [148.3] Epoch 137: loss = 0.0211
2020-05-20 15:17:18,672 INFO [147.4] Epoch 138: loss = 0.0211
2020-05-20 15:19:46,079 INFO [147.4] Epoch 139: loss = 0.0211
2020-05-20 15:19:46,080 INFO Start Evaling...
2020-05-20 15:23:14,297 INFO Head: mr:261.6 mrr:23.58 hits:41.58
2020-05-20 15:23:14,298 INFO Tail: mr:126.9 mrr:43.61 hits:63.71
2020-05-20 15:23:14,298 INFO All: mr:194.3 mrr:33.59 hits:52.65
2020-05-20 15:23:14,310 INFO Start Evaling...
2020-05-20 15:27:11,159 INFO Head: mr:266.0 mrr:23.44 hits:41.54
2020-05-20 15:27:11,159 INFO Tail: mr:138.9 mrr:42.95 hits:63.07
2020-05-20 15:27:11,159 INFO All: mr:202.4 mrr:33.19 hits:52.30
2020-05-20 15:27:11,174 INFO Declined in recent 3 epochs
2020-05-20 15:29:38,654 INFO [147.5] Epoch 140: loss = 0.0211
2020-05-20 15:32:06,631 INFO [148.0] Epoch 141: loss = 0.0211
2020-05-20 15:34:35,097 INFO [148.5] Epoch 142: loss = 0.0211
2020-05-20 15:37:02,926 INFO [147.8] Epoch 143: loss = 0.0211
2020-05-20 15:39:32,440 INFO [149.5] Epoch 144: loss = 0.0211
2020-05-20 15:41:59,557 INFO [147.1] Epoch 145: loss = 0.0211
2020-05-20 15:44:26,511 INFO [147.0] Epoch 146: loss = 0.0210
2020-05-20 15:46:54,448 INFO [147.9] Epoch 147: loss = 0.0211
2020-05-20 15:49:22,682 INFO [148.2] Epoch 148: loss = 0.0210
2020-05-20 15:51:51,166 INFO [148.5] Epoch 149: loss = 0.0210
2020-05-20 15:51:51,166 INFO Start Evaling...
2020-05-20 15:55:19,354 INFO Head: mr:255.6 mrr:23.62 hits:41.25
2020-05-20 15:55:19,354 INFO Tail: mr:124.8 mrr:43.72 hits:63.77
2020-05-20 15:55:19,354 INFO All: mr:190.2 mrr:33.67 hits:52.51
2020-05-20 15:55:19,366 INFO Start Evaling...
2020-05-20 15:59:18,146 INFO Head: mr:260.7 mrr:23.34 hits:41.38
2020-05-20 15:59:18,146 INFO Tail: mr:134.4 mrr:43.07 hits:63.18
2020-05-20 15:59:18,146 INFO All: mr:197.6 mrr:33.21 hits:52.28
2020-05-20 15:59:18,161 INFO Improved and model saved
2020-05-20 16:01:46,389 INFO [148.2] Epoch 150: loss = 0.0210
2020-05-20 16:04:13,567 INFO [147.2] Epoch 151: loss = 0.0210
2020-05-20 16:06:40,978 INFO [147.4] Epoch 152: loss = 0.0210
2020-05-20 16:09:09,579 INFO [148.6] Epoch 153: loss = 0.0210
2020-05-20 16:11:38,226 INFO [148.6] Epoch 154: loss = 0.0210
2020-05-20 16:14:07,495 INFO [149.3] Epoch 155: loss = 0.0210
2020-05-20 16:16:35,135 INFO [147.6] Epoch 156: loss = 0.0210
2020-05-20 16:19:03,828 INFO [148.7] Epoch 157: loss = 0.0210
2020-05-20 16:21:30,960 INFO [147.1] Epoch 158: loss = 0.0210
2020-05-20 16:24:00,110 INFO [149.1] Epoch 159: loss = 0.0210
2020-05-20 16:24:00,110 INFO Start Evaling...
2020-05-20 16:27:26,674 INFO Head: mr:256.9 mrr:23.90 hits:41.36
2020-05-20 16:27:26,674 INFO Tail: mr:126.6 mrr:43.67 hits:63.75
2020-05-20 16:27:26,674 INFO All: mr:191.8 mrr:33.78 hits:52.55
2020-05-20 16:27:26,685 INFO Start Evaling...
2020-05-20 16:31:23,477 INFO Head: mr:261.6 mrr:23.65 hits:41.34
2020-05-20 16:31:23,477 INFO Tail: mr:136.9 mrr:43.05 hits:63.00
2020-05-20 16:31:23,477 INFO All: mr:199.2 mrr:33.35 hits:52.17
2020-05-20 16:31:23,490 INFO Improved and model saved
2020-05-20 16:33:50,981 INFO [147.5] Epoch 160: loss = 0.0210
2020-05-20 16:36:19,108 INFO [148.1] Epoch 161: loss = 0.0210
2020-05-20 16:38:46,280 INFO [147.2] Epoch 162: loss = 0.0210
2020-05-20 16:41:14,331 INFO [148.1] Epoch 163: loss = 0.0210
2020-05-20 16:43:41,454 INFO [147.1] Epoch 164: loss = 0.0210
2020-05-20 16:46:09,737 INFO [148.3] Epoch 165: loss = 0.0210
2020-05-20 16:48:37,897 INFO [148.2] Epoch 166: loss = 0.0210
2020-05-20 16:51:05,287 INFO [147.4] Epoch 167: loss = 0.0210
2020-05-20 16:53:31,493 INFO [146.2] Epoch 168: loss = 0.0210
2020-05-20 16:56:01,187 INFO [149.7] Epoch 169: loss = 0.0210
2020-05-20 16:56:01,187 INFO Start Evaling...
2020-05-20 16:59:27,803 INFO Head: mr:260.0 mrr:23.72 hits:41.24
2020-05-20 16:59:27,803 INFO Tail: mr:127.4 mrr:43.69 hits:63.60
2020-05-20 16:59:27,803 INFO All: mr:193.7 mrr:33.71 hits:52.42
2020-05-20 16:59:27,815 INFO Start Evaling...
2020-05-20 17:03:24,566 INFO Head: mr:267.0 mrr:23.50 hits:41.20
2020-05-20 17:03:24,567 INFO Tail: mr:136.7 mrr:43.04 hits:62.95
2020-05-20 17:03:24,567 INFO All: mr:201.9 mrr:33.27 hits:52.08
2020-05-20 17:03:24,580 INFO Declined in recent 1 epochs
2020-05-20 17:05:51,324 INFO [146.7] Epoch 170: loss = 0.0210
2020-05-20 17:08:18,641 INFO [147.3] Epoch 171: loss = 0.0210
2020-05-20 17:10:46,956 INFO [148.3] Epoch 172: loss = 0.0210
2020-05-20 17:13:15,235 INFO [148.3] Epoch 173: loss = 0.0210
2020-05-20 17:15:42,007 INFO [146.8] Epoch 174: loss = 0.0210
2020-05-20 17:18:09,212 INFO [147.2] Epoch 175: loss = 0.0210
2020-05-20 17:20:36,073 INFO [146.9] Epoch 176: loss = 0.0210
2020-05-20 17:23:05,037 INFO [149.0] Epoch 177: loss = 0.0210
2020-05-20 17:25:33,140 INFO [148.1] Epoch 178: loss = 0.0210
2020-05-20 17:28:00,387 INFO [147.2] Epoch 179: loss = 0.0210
2020-05-20 17:28:00,387 INFO Start Evaling...
2020-05-20 17:31:28,460 INFO Head: mr:256.9 mrr:24.04 hits:41.36
2020-05-20 17:31:28,460 INFO Tail: mr:126.1 mrr:43.77 hits:63.68
2020-05-20 17:31:28,460 INFO All: mr:191.5 mrr:33.90 hits:52.52
2020-05-20 17:31:28,471 INFO Start Evaling...
2020-05-20 17:35:26,977 INFO Head: mr:263.1 mrr:23.69 hits:41.22
2020-05-20 17:35:26,977 INFO Tail: mr:133.5 mrr:43.06 hits:63.13
2020-05-20 17:35:26,977 INFO All: mr:198.3 mrr:33.38 hits:52.17
2020-05-20 17:35:26,991 INFO Improved and model saved
2020-05-20 17:37:55,149 INFO [148.1] Epoch 180: loss = 0.0210
2020-05-20 17:40:23,500 INFO [148.4] Epoch 181: loss = 0.0210
2020-05-20 17:42:51,919 INFO [148.4] Epoch 182: loss = 0.0210
2020-05-20 17:45:20,114 INFO [148.2] Epoch 183: loss = 0.0210
2020-05-20 17:47:47,046 INFO [146.9] Epoch 184: loss = 0.0210
2020-05-20 17:50:13,836 INFO [146.8] Epoch 185: loss = 0.0209
2020-05-20 17:52:42,246 INFO [148.4] Epoch 186: loss = 0.0210
2020-05-20 17:55:09,862 INFO [147.6] Epoch 187: loss = 0.0209
2020-05-20 17:57:37,923 INFO [148.1] Epoch 188: loss = 0.0209
2020-05-20 18:00:04,667 INFO [146.7] Epoch 189: loss = 0.0209
2020-05-20 18:00:04,668 INFO Start Evaling...
2020-05-20 18:03:32,941 INFO Head: mr:257.1 mrr:23.89 hits:41.49
2020-05-20 18:03:32,942 INFO Tail: mr:128.1 mrr:43.64 hits:63.86
2020-05-20 18:03:32,942 INFO All: mr:192.6 mrr:33.76 hits:52.67
2020-05-20 18:03:32,954 INFO Start Evaling...
2020-05-20 18:07:31,633 INFO Head: mr:265.4 mrr:23.71 hits:41.45
2020-05-20 18:07:31,633 INFO Tail: mr:136.4 mrr:43.03 hits:62.99
2020-05-20 18:07:31,634 INFO All: mr:200.9 mrr:33.37 hits:52.22
2020-05-20 18:07:31,648 INFO Declined in recent 1 epochs
2020-05-20 18:09:59,873 INFO [148.2] Epoch 190: loss = 0.0209
2020-05-20 18:12:28,197 INFO [148.3] Epoch 191: loss = 0.0209
2020-05-20 18:14:56,188 INFO [148.0] Epoch 192: loss = 0.0210
2020-05-20 18:17:23,253 INFO [147.1] Epoch 193: loss = 0.0209
2020-05-20 18:19:51,549 INFO [148.3] Epoch 194: loss = 0.0209
2020-05-20 18:22:18,185 INFO [146.6] Epoch 195: loss = 0.0209
2020-05-20 18:24:46,915 INFO [148.7] Epoch 196: loss = 0.0209
2020-05-20 18:27:15,226 INFO [148.3] Epoch 197: loss = 0.0209
2020-05-20 18:29:43,896 INFO [148.7] Epoch 198: loss = 0.0209
2020-05-20 18:32:11,243 INFO [147.3] Epoch 199: loss = 0.0209
2020-05-20 18:32:11,244 INFO Start Evaling...
2020-05-20 18:35:38,708 INFO Head: mr:259.5 mrr:24.01 hits:41.65
2020-05-20 18:35:38,708 INFO Tail: mr:129.2 mrr:44.06 hits:63.99
2020-05-20 18:35:38,708 INFO All: mr:194.3 mrr:34.03 hits:52.82
2020-05-20 18:35:38,720 INFO Start Evaling...
2020-05-20 18:39:35,477 INFO Head: mr:266.4 mrr:23.88 hits:41.59
2020-05-20 18:39:35,478 INFO Tail: mr:139.8 mrr:43.10 hits:63.20
2020-05-20 18:39:35,478 INFO All: mr:203.1 mrr:33.49 hits:52.39
2020-05-20 18:39:35,492 INFO Improved and model saved
2020-05-20 18:42:02,558 INFO [147.0] Epoch 200: loss = 0.0209
2020-05-20 18:44:30,794 INFO [148.2] Epoch 201: loss = 0.0209
2020-05-20 18:46:58,670 INFO [147.9] Epoch 202: loss = 0.0209
2020-05-20 18:49:26,794 INFO [148.1] Epoch 203: loss = 0.0209
2020-05-20 18:51:54,887 INFO [148.1] Epoch 204: loss = 0.0209
2020-05-20 18:54:21,914 INFO [147.0] Epoch 205: loss = 0.0209
2020-05-20 18:56:49,897 INFO [148.0] Epoch 206: loss = 0.0209
2020-05-20 18:59:17,816 INFO [147.9] Epoch 207: loss = 0.0209
2020-05-20 19:01:45,843 INFO [148.0] Epoch 208: loss = 0.0209
2020-05-20 19:04:13,921 INFO [148.1] Epoch 209: loss = 0.0209
2020-05-20 19:04:13,922 INFO Start Evaling...
2020-05-20 19:07:40,532 INFO Head: mr:259.1 mrr:23.72 hits:41.73
2020-05-20 19:07:40,532 INFO Tail: mr:127.8 mrr:43.76 hits:63.83
2020-05-20 19:07:40,532 INFO All: mr:193.5 mrr:33.74 hits:52.78
2020-05-20 19:07:40,544 INFO Start Evaling...
2020-05-20 19:11:37,243 INFO Head: mr:263.4 mrr:23.61 hits:41.55
2020-05-20 19:11:37,244 INFO Tail: mr:136.8 mrr:43.01 hits:63.17
2020-05-20 19:11:37,244 INFO All: mr:200.1 mrr:33.31 hits:52.36
2020-05-20 19:11:37,258 INFO Declined in recent 1 epochs
2020-05-20 19:14:04,520 INFO [147.3] Epoch 210: loss = 0.0209
2020-05-20 19:16:32,823 INFO [148.3] Epoch 211: loss = 0.0209
2020-05-20 19:19:01,031 INFO [148.2] Epoch 212: loss = 0.0209
2020-05-20 19:21:29,321 INFO [148.3] Epoch 213: loss = 0.0209
2020-05-20 19:23:56,320 INFO [147.0] Epoch 214: loss = 0.0209
2020-05-20 19:26:24,521 INFO [148.2] Epoch 215: loss = 0.0209
2020-05-20 19:28:52,285 INFO [147.8] Epoch 216: loss = 0.0209
2020-05-20 19:31:18,640 INFO [146.4] Epoch 217: loss = 0.0209
2020-05-20 19:33:47,994 INFO [149.4] Epoch 218: loss = 0.0209
2020-05-20 19:36:16,112 INFO [148.1] Epoch 219: loss = 0.0209
2020-05-20 19:36:16,113 INFO Start Evaling...
2020-05-20 19:39:44,339 INFO Head: mr:257.1 mrr:23.99 hits:41.42
2020-05-20 19:39:44,339 INFO Tail: mr:126.9 mrr:43.94 hits:63.72
2020-05-20 19:39:44,339 INFO All: mr:192.0 mrr:33.97 hits:52.57
2020-05-20 19:39:44,351 INFO Start Evaling...
2020-05-20 19:43:42,916 INFO Head: mr:262.2 mrr:23.79 hits:41.33
2020-05-20 19:43:42,917 INFO Tail: mr:135.6 mrr:43.22 hits:63.27
2020-05-20 19:43:42,917 INFO All: mr:198.9 mrr:33.51 hits:52.30
2020-05-20 19:43:42,931 INFO Declined in recent 2 epochs
2020-05-20 19:46:10,974 INFO [148.0] Epoch 220: loss = 0.0209
2020-05-20 19:48:39,338 INFO [148.4] Epoch 221: loss = 0.0209
2020-05-20 19:51:07,518 INFO [148.2] Epoch 222: loss = 0.0209
2020-05-20 19:53:34,391 INFO [146.9] Epoch 223: loss = 0.0209
2020-05-20 19:56:02,719 INFO [148.3] Epoch 224: loss = 0.0209
2020-05-20 19:58:31,159 INFO [148.4] Epoch 225: loss = 0.0209
2020-05-20 20:01:00,458 INFO [149.3] Epoch 226: loss = 0.0209
2020-05-20 20:03:28,887 INFO [148.4] Epoch 227: loss = 0.0209
2020-05-20 20:05:56,413 INFO [147.5] Epoch 228: loss = 0.0209
2020-05-20 20:08:24,823 INFO [148.4] Epoch 229: loss = 0.0209
2020-05-20 20:08:24,823 INFO Start Evaling...
2020-05-20 20:11:52,967 INFO Head: mr:259.5 mrr:23.78 hits:41.62
2020-05-20 20:11:52,967 INFO Tail: mr:127.6 mrr:43.87 hits:63.86
2020-05-20 20:11:52,967 INFO All: mr:193.6 mrr:33.82 hits:52.74
2020-05-20 20:11:52,979 INFO Start Evaling...
2020-05-20 20:15:51,545 INFO Head: mr:265.1 mrr:23.63 hits:41.37
2020-05-20 20:15:51,545 INFO Tail: mr:136.3 mrr:43.16 hits:63.37
2020-05-20 20:15:51,545 INFO All: mr:200.7 mrr:33.40 hits:52.37
2020-05-20 20:15:51,559 INFO Declined in recent 3 epochs
2020-05-20 20:18:19,828 INFO [148.3] Epoch 230: loss = 0.0209
2020-05-20 20:20:47,000 INFO [147.2] Epoch 231: loss = 0.0209
2020-05-20 20:23:15,654 INFO [148.7] Epoch 232: loss = 0.0209
2020-05-20 20:25:43,834 INFO [148.2] Epoch 233: loss = 0.0209
2020-05-20 20:28:12,080 INFO [148.2] Epoch 234: loss = 0.0209
2020-05-20 20:30:38,961 INFO [146.9] Epoch 235: loss = 0.0209
2020-05-20 20:33:08,445 INFO [149.5] Epoch 236: loss = 0.0209
2020-05-20 20:35:36,526 INFO [148.1] Epoch 237: loss = 0.0209
2020-05-20 20:38:03,548 INFO [147.0] Epoch 238: loss = 0.0209
2020-05-20 20:40:30,676 INFO [147.1] Epoch 239: loss = 0.0209
2020-05-20 20:40:30,677 INFO Start Evaling...
2020-05-20 20:43:57,338 INFO Head: mr:257.7 mrr:23.79 hits:41.86
2020-05-20 20:43:57,338 INFO Tail: mr:126.3 mrr:44.14 hits:63.84
2020-05-20 20:43:57,338 INFO All: mr:192.0 mrr:33.97 hits:52.85
2020-05-20 20:43:57,350 INFO Start Evaling...
2020-05-20 20:47:54,129 INFO Head: mr:263.8 mrr:23.55 hits:41.65
2020-05-20 20:47:54,129 INFO Tail: mr:137.3 mrr:43.25 hits:63.20
2020-05-20 20:47:54,129 INFO All: mr:200.5 mrr:33.40 hits:52.43
2020-05-20 20:47:54,143 INFO Declined in recent 4 epochs
2020-05-20 20:50:21,147 INFO [147.0] Epoch 240: loss = 0.0209
2020-05-20 20:52:48,055 INFO [146.9] Epoch 241: loss = 0.0208
2020-05-20 20:55:15,139 INFO [147.1] Epoch 242: loss = 0.0209
2020-05-20 20:57:42,995 INFO [147.9] Epoch 243: loss = 0.0209
2020-05-20 21:00:10,047 INFO [147.1] Epoch 244: loss = 0.0209
2020-05-20 21:02:37,717 INFO [147.7] Epoch 245: loss = 0.0208
2020-05-20 21:05:04,831 INFO [147.1] Epoch 246: loss = 0.0209
2020-05-20 21:07:31,709 INFO [146.9] Epoch 247: loss = 0.0208
2020-05-20 21:09:58,565 INFO [146.9] Epoch 248: loss = 0.0208
2020-05-20 21:12:27,294 INFO [148.7] Epoch 249: loss = 0.0208
2020-05-20 21:12:27,294 INFO Start Evaling...
2020-05-20 21:15:55,575 INFO Head: mr:259.2 mrr:23.90 hits:41.71
2020-05-20 21:15:55,575 INFO Tail: mr:127.8 mrr:43.91 hits:64.09
2020-05-20 21:15:55,576 INFO All: mr:193.5 mrr:33.90 hits:52.90
2020-05-20 21:15:55,588 INFO Start Evaling...
2020-05-20 21:19:54,316 INFO Head: mr:264.3 mrr:23.79 hits:41.67
2020-05-20 21:19:54,317 INFO Tail: mr:137.3 mrr:43.22 hits:63.35
2020-05-20 21:19:54,317 INFO All: mr:200.8 mrr:33.50 hits:52.51
2020-05-20 21:19:54,331 INFO Declined in recent 5 epochs
2020-05-20 21:19:54,332 INFO Early stopping
2020-05-20 21:19:54,332 INFO Train done
2020-05-20 21:19:54,350 INFO Start Evaling...
2020-05-20 21:23:53,056 INFO Head: mr:266.4 mrr:23.88 hits:41.59
2020-05-20 21:23:53,056 INFO Tail: mr:139.8 mrr:43.10 hits:63.20
2020-05-20 21:23:53,056 INFO All: mr:203.1 mrr:33.49 hits:52.39
