2020-04-14 15:21:01,226 INFO EPOCH: 1000
2020-04-14 15:21:01,226 INFO EVERY: 10
2020-04-14 15:21:01,226 INFO LR: 0.001
2020-04-14 15:21:01,226 INFO DIM: 200
2020-04-14 15:21:01,226 INFO BATCH_SIZE: 128
2020-04-14 15:21:01,226 INFO BATCH_SIZE2: 128
2020-04-14 15:21:01,226 INFO P: 1
2020-04-14 15:21:01,226 INFO CLIPPING_MAX_VALUE: 4.0
2020-04-14 15:21:01,226 INFO OPTIM: Adam
2020-04-14 15:21:01,226 INFO N_SAMPLE: 12
2020-04-14 15:21:01,226 INFO MODE: 1all
2020-04-14 15:21:01,226 INFO GAMMA: 12.0
2020-04-14 15:21:01,226 INFO BERN: True
2020-04-14 15:21:01,226 INFO MARGIN: 4.0
2020-04-14 15:21:01,226 INFO REG: 1.0
2020-04-14 15:21:01,227 INFO LABEL_SMOOTH_EPS: 0.1
2020-04-14 15:21:01,227 INFO INPUT_DROP: 0.2
2020-04-14 15:21:01,227 INFO FEAT_DROP: 0.2
2020-04-14 15:21:01,227 INFO HIDD_DROP: 0.3
2020-04-14 15:21:01,227 INFO CHANNELS: 50
2020-04-14 15:21:01,227 INFO KERNEL_SIZE: 3
2020-04-14 15:21:01,227 INFO N_POOL: 100
2020-04-14 15:21:01,227 INFO MODEL_D: TransH
2020-04-14 15:21:01,227 INFO MODEL_G: DistMult
2020-04-14 15:21:01,227 INFO SCRATCH: False
2020-04-14 15:21:01,227 INFO D_FILE: None
2020-04-14 15:21:01,227 INFO G_FILE: None
2020-04-14 15:21:01,227 INFO PATH: data
2020-04-14 15:21:01,227 INFO DATA: FB15K237
2020-04-14 15:21:01,227 INFO EXP_PATH: experiment/FB15K237
2020-04-14 15:21:01,227 INFO MODEL: ConvTransE
2020-04-14 15:21:01,227 INFO V: 0
2020-04-14 15:21:01,228 INFO F: False
2020-04-14 15:21:01,228 INFO EVAL: False
2020-04-14 15:21:01,228 INFO TRAINED: True
2020-04-14 15:21:01,228 INFO PRETRAINED_NAME: ConvTransE-FB15K237-1all-1
2020-04-14 15:21:01,228 INFO EXP_NAME: ConvTransE-FB15K237-1all-0
2020-04-14 15:21:01,228 INFO --------------------------------------
2020-04-14 15:21:08,077 INFO Dataload done
2020-04-14 15:21:08,077 INFO --------------------------------------
2020-04-14 15:21:08,078 INFO N_ENTITY: 14541
2020-04-14 15:21:08,078 INFO N_RELATION: 237
2020-04-14 15:21:08,078 INFO --------------------------------------
2020-04-14 15:21:11,107 INFO Start Evaling...
2020-04-14 15:22:04,883 INFO Head: mr:307.8 mrr:22.99 hits:40.30
2020-04-14 15:22:04,894 INFO Tail: mr:176.1 mrr:43.22 hits:63.06
2020-04-14 15:22:04,894 INFO All: mr:242.0 mrr:33.10 hits:51.68
2020-04-14 15:22:04,937 INFO Start Training...
2020-04-14 15:24:37,725 INFO [152.8] Epoch 0: loss = 0.0010
2020-04-14 15:27:09,340 INFO [151.6] Epoch 1: loss = 0.0010
2020-04-14 15:29:44,629 INFO [155.3] Epoch 2: loss = 0.0010
2020-04-14 15:32:18,631 INFO [154.0] Epoch 3: loss = 0.0010
2020-04-14 15:34:51,852 INFO [153.2] Epoch 4: loss = 0.0010
2020-04-14 15:37:29,132 INFO [157.3] Epoch 5: loss = 0.0010
2020-04-14 15:40:01,654 INFO [152.5] Epoch 6: loss = 0.0010
2020-04-14 15:42:35,747 INFO [154.1] Epoch 7: loss = 0.0010
2020-04-14 15:45:11,238 INFO [155.5] Epoch 8: loss = 0.0010
2020-04-14 15:47:39,054 INFO [147.8] Epoch 9: loss = 0.0010
2020-04-14 15:47:39,055 INFO Start Evaling...
2020-04-14 15:48:37,261 INFO Head: mr:308.3 mrr:22.97 hits:40.34
2020-04-14 15:48:37,262 INFO Tail: mr:177.8 mrr:43.55 hits:62.85
2020-04-14 15:48:37,262 INFO All: mr:243.0 mrr:33.26 hits:51.59
2020-04-14 15:48:37,301 INFO Improved and model saved
2020-04-14 15:51:08,935 INFO [151.6] Epoch 10: loss = 0.0010
2020-04-14 15:53:45,529 INFO [156.6] Epoch 11: loss = 0.0010
2020-04-14 15:56:22,974 INFO [157.4] Epoch 12: loss = 0.0010
2020-04-14 15:58:59,293 INFO [156.3] Epoch 13: loss = 0.0010
2020-04-14 16:01:32,818 INFO [153.5] Epoch 14: loss = 0.0010
2020-04-14 16:04:04,607 INFO [151.8] Epoch 15: loss = 0.0010
2020-04-14 16:06:37,398 INFO [152.8] Epoch 16: loss = 0.0010
2020-04-14 16:09:13,901 INFO [156.5] Epoch 17: loss = 0.0010
2020-04-14 16:11:42,749 INFO [148.8] Epoch 18: loss = 0.0010
2020-04-14 16:14:13,355 INFO [150.6] Epoch 19: loss = 0.0010
2020-04-14 16:14:13,356 INFO Start Evaling...
2020-04-14 16:15:08,953 INFO Head: mr:303.5 mrr:22.97 hits:40.61
2020-04-14 16:15:08,957 INFO Tail: mr:176.4 mrr:43.36 hits:62.90
2020-04-14 16:15:08,961 INFO All: mr:240.0 mrr:33.17 hits:51.75
2020-04-14 16:15:08,987 INFO Improved and model saved
2020-04-14 16:17:41,764 INFO [152.7] Epoch 20: loss = 0.0010
2020-04-14 16:20:14,815 INFO [153.1] Epoch 21: loss = 0.0010
2020-04-14 16:22:51,312 INFO [156.5] Epoch 22: loss = 0.0010
2020-04-14 16:25:23,971 INFO [152.7] Epoch 23: loss = 0.0010
2020-04-14 16:27:56,823 INFO [152.9] Epoch 24: loss = 0.0010
2020-04-14 16:30:31,249 INFO [154.4] Epoch 25: loss = 0.0010
2020-04-14 16:33:09,137 INFO [157.9] Epoch 26: loss = 0.0010
2020-04-14 16:35:42,896 INFO [153.8] Epoch 27: loss = 0.0010
2020-04-14 16:38:18,490 INFO [155.6] Epoch 28: loss = 0.0010
2020-04-14 16:40:55,560 INFO [157.1] Epoch 29: loss = 0.0010
2020-04-14 16:40:55,560 INFO Start Evaling...
2020-04-14 16:41:57,444 INFO Head: mr:307.4 mrr:22.71 hits:39.79
2020-04-14 16:41:57,453 INFO Tail: mr:175.0 mrr:43.42 hits:63.06
2020-04-14 16:41:57,455 INFO All: mr:241.2 mrr:33.07 hits:51.42
2020-04-14 16:41:57,493 INFO Declined in recent 1 epochs
2020-04-14 16:44:30,268 INFO [152.8] Epoch 30: loss = 0.0010
2020-04-14 16:47:02,375 INFO [152.1] Epoch 31: loss = 0.0010
2020-04-14 16:49:36,763 INFO [154.4] Epoch 32: loss = 0.0010
2020-04-14 16:52:07,201 INFO [150.4] Epoch 33: loss = 0.0010
2020-04-14 16:54:37,664 INFO [150.5] Epoch 34: loss = 0.0010
2020-04-14 16:57:11,038 INFO [153.4] Epoch 35: loss = 0.0010
2020-04-14 16:59:53,447 INFO [162.4] Epoch 36: loss = 0.0010
2020-04-14 17:02:27,643 INFO [154.2] Epoch 37: loss = 0.0010
2020-04-14 17:04:59,160 INFO [151.5] Epoch 38: loss = 0.0010
2020-04-14 17:07:34,027 INFO [154.9] Epoch 39: loss = 0.0010
2020-04-14 17:07:34,027 INFO Start Evaling...
2020-04-14 17:08:30,078 INFO Head: mr:309.7 mrr:23.16 hits:40.35
2020-04-14 17:08:30,093 INFO Tail: mr:180.0 mrr:43.46 hits:63.13
2020-04-14 17:08:30,095 INFO All: mr:244.9 mrr:33.31 hits:51.74
2020-04-14 17:08:30,133 INFO Declined in recent 2 epochs
2020-04-14 17:11:13,537 INFO [163.4] Epoch 40: loss = 0.0010
2020-04-14 17:13:44,307 INFO [150.8] Epoch 41: loss = 0.0010
2020-04-14 17:16:19,361 INFO [155.1] Epoch 42: loss = 0.0010
2020-04-14 17:18:47,232 INFO [147.9] Epoch 43: loss = 0.0010
2020-04-14 17:20:43,966 INFO [116.7] Epoch 44: loss = 0.0010
2020-04-14 17:22:52,243 INFO [128.3] Epoch 45: loss = 0.0010
2020-04-14 17:24:55,669 INFO [123.4] Epoch 46: loss = 0.0010
2020-04-14 17:26:55,847 INFO [120.2] Epoch 47: loss = 0.0010
2020-04-14 17:29:00,925 INFO [125.1] Epoch 48: loss = 0.0010
2020-04-14 17:31:18,523 INFO [137.6] Epoch 49: loss = 0.0010
2020-04-14 17:31:18,523 INFO Start Evaling...
2020-04-14 17:32:04,433 INFO Head: mr:306.8 mrr:22.76 hits:39.52
2020-04-14 17:32:04,436 INFO Tail: mr:181.5 mrr:43.47 hits:62.82
2020-04-14 17:32:04,439 INFO All: mr:244.1 mrr:33.12 hits:51.17
2020-04-14 17:32:04,461 INFO Declined in recent 3 epochs
2020-04-14 17:34:18,496 INFO [134.0] Epoch 50: loss = 0.0010
2020-04-14 17:36:22,065 INFO [123.6] Epoch 51: loss = 0.0010
2020-04-14 17:38:27,546 INFO [125.5] Epoch 52: loss = 0.0010
2020-04-14 17:40:45,915 INFO [138.4] Epoch 53: loss = 0.0010
2020-04-14 17:43:00,430 INFO [134.5] Epoch 54: loss = 0.0010
2020-04-14 17:45:18,218 INFO [137.8] Epoch 55: loss = 0.0010
2020-04-14 17:47:33,605 INFO [135.4] Epoch 56: loss = 0.0010
2020-04-14 17:49:45,753 INFO [132.1] Epoch 57: loss = 0.0010
2020-04-14 17:51:46,597 INFO [120.8] Epoch 58: loss = 0.0010
2020-04-14 17:53:58,440 INFO [131.8] Epoch 59: loss = 0.0010
2020-04-14 17:53:58,440 INFO Start Evaling...
2020-04-14 17:54:47,975 INFO Head: mr:309.5 mrr:22.72 hits:39.87
2020-04-14 17:54:47,984 INFO Tail: mr:181.6 mrr:43.25 hits:62.86
2020-04-14 17:54:47,987 INFO All: mr:245.6 mrr:32.99 hits:51.37
2020-04-14 17:54:48,007 INFO Declined in recent 4 epochs
2020-04-14 17:56:47,637 INFO [119.6] Epoch 60: loss = 0.0010
2020-04-14 17:58:43,129 INFO [115.5] Epoch 61: loss = 0.0010
2020-04-14 18:00:25,650 INFO [102.5] Epoch 62: loss = 0.0010
2020-04-14 18:02:15,000 INFO [109.4] Epoch 63: loss = 0.0010
2020-04-14 18:04:03,296 INFO [108.3] Epoch 64: loss = 0.0010
2020-04-14 18:05:48,969 INFO [105.7] Epoch 65: loss = 0.0010
2020-04-14 18:07:31,309 INFO [102.3] Epoch 66: loss = 0.0010
2020-04-14 18:09:16,120 INFO [104.8] Epoch 67: loss = 0.0010
2020-04-14 18:11:03,920 INFO [107.8] Epoch 68: loss = 0.0010
2020-04-14 18:12:48,652 INFO [104.7] Epoch 69: loss = 0.0010
2020-04-14 18:12:48,652 INFO Start Evaling...
2020-04-14 18:13:20,961 INFO Head: mr:306.9 mrr:22.79 hits:40.11
2020-04-14 18:13:20,964 INFO Tail: mr:180.2 mrr:43.17 hits:62.81
2020-04-14 18:13:20,967 INFO All: mr:243.6 mrr:32.98 hits:51.46
2020-04-14 18:13:20,987 INFO Declined in recent 5 epochs
2020-04-14 18:13:20,990 INFO Early stopping
2020-04-14 18:13:20,992 INFO Train done
2020-04-14 18:13:21,005 INFO Start Evaling...
2020-04-14 18:13:58,662 INFO Head: mr:310.1 mrr:22.64 hits:40.62
2020-04-14 18:13:58,665 INFO Tail: mr:193.8 mrr:42.63 hits:62.46
2020-04-14 18:13:58,668 INFO All: mr:252.0 mrr:32.64 hits:51.54
