2020-05-13 06:31:42,777 INFO EPOCH: 1000
2020-05-13 06:31:42,777 INFO EVERY: 10
2020-05-13 06:31:42,777 INFO LR: 0.001
2020-05-13 06:31:42,777 INFO DIM: 200
2020-05-13 06:31:42,777 INFO BATCH_SIZE: 128
2020-05-13 06:31:42,777 INFO BATCH_SIZE2: 128
2020-05-13 06:31:42,777 INFO P: 1
2020-05-13 06:31:42,777 INFO CLIPPING_MAX_VALUE: 4.0
2020-05-13 06:31:42,778 INFO OPTIM: Adam
2020-05-13 06:31:42,778 INFO N_SAMPLE: 100
2020-05-13 06:31:42,778 INFO MODE: 1vsN
2020-05-13 06:31:42,778 INFO RATE: 0.1
2020-05-13 06:31:42,778 INFO GAMMA: 12.0
2020-05-13 06:31:42,778 INFO BERN: True
2020-05-13 06:31:42,778 INFO MARGIN: 4.0
2020-05-13 06:31:42,778 INFO REG: 1.0
2020-05-13 06:31:42,778 INFO LABEL_SMOOTH_EPS: 0.1
2020-05-13 06:31:42,778 INFO INPUT_DROP: 0.2
2020-05-13 06:31:42,778 INFO FEAT_DROP: 0.2
2020-05-13 06:31:42,778 INFO HIDD_DROP: 0.3
2020-05-13 06:31:42,779 INFO CHANNELS: 50
2020-05-13 06:31:42,779 INFO KERNEL_SIZE: 3
2020-05-13 06:31:42,779 INFO N_POOL: 100
2020-05-13 06:31:42,779 INFO MODEL_D: TransH
2020-05-13 06:31:42,779 INFO MODEL_G: DistMult
2020-05-13 06:31:42,779 INFO SCRATCH: False
2020-05-13 06:31:42,779 INFO D_FILE: None
2020-05-13 06:31:42,779 INFO G_FILE: None
2020-05-13 06:31:42,779 INFO PATH: data
2020-05-13 06:31:42,779 INFO DATA: FB15K237
2020-05-13 06:31:42,779 INFO EXP_PATH: experiment/FB15K237
2020-05-13 06:31:42,780 INFO MODEL: ConvE
2020-05-13 06:31:42,780 INFO V: 10
2020-05-13 06:31:42,780 INFO F: True
2020-05-13 06:31:42,780 INFO EVAL: False
2020-05-13 06:31:42,780 INFO TRAINED: False
2020-05-13 06:31:42,780 INFO PRETRAINED_NAME: None
2020-05-13 06:31:42,780 INFO EXP_NAME: ConvE-FB15K237-1vsN-10
2020-05-13 06:31:42,780 INFO --------------------------------------
2020-05-13 06:32:38,993 INFO Dataload done
2020-05-13 06:32:38,994 INFO --------------------------------------
2020-05-13 06:32:38,994 INFO N_ENTITY: 14541
2020-05-13 06:32:38,994 INFO N_RELATION: 237
2020-05-13 06:32:38,994 INFO --------------------------------------
2020-05-13 06:32:42,556 INFO Start Training...
2020-05-13 06:37:12,370 INFO [269.8] Epoch 0: loss = 0.0433
2020-05-13 06:41:46,755 INFO [274.4] Epoch 1: loss = 0.0309
2020-05-13 06:46:16,438 INFO [269.7] Epoch 2: loss = 0.0285
2020-05-13 06:50:50,831 INFO [274.4] Epoch 3: loss = 0.0272
2020-05-13 06:55:25,223 INFO [274.4] Epoch 4: loss = 0.0263
2020-05-13 07:00:00,497 INFO [275.3] Epoch 5: loss = 0.0257
2020-05-13 07:04:34,923 INFO [274.4] Epoch 6: loss = 0.0252
2020-05-13 07:09:09,655 INFO [274.7] Epoch 7: loss = 0.0248
2020-05-13 07:13:39,647 INFO [270.0] Epoch 8: loss = 0.0246
2020-05-13 07:18:10,128 INFO [270.5] Epoch 9: loss = 0.0243
2020-05-13 07:18:10,128 INFO Start Evaling...
2020-05-13 07:21:31,151 INFO Head: mr:265.4 mrr:19.26 hits:34.86
2020-05-13 07:21:31,152 INFO Tail: mr:132.8 mrr:38.58 hits:58.35
2020-05-13 07:21:31,152 INFO All: mr:199.1 mrr:28.92 hits:46.61
2020-05-13 07:21:31,162 INFO Start Evaling...
2020-05-13 07:25:21,246 INFO Head: mr:264.0 mrr:19.40 hits:34.81
2020-05-13 07:25:21,246 INFO Tail: mr:142.1 mrr:38.16 hits:57.86
2020-05-13 07:25:21,246 INFO All: mr:203.1 mrr:28.78 hits:46.34
2020-05-13 07:25:21,259 INFO Improved and model saved
2020-05-13 07:29:51,879 INFO [270.6] Epoch 10: loss = 0.0241
2020-05-13 07:34:26,377 INFO [274.5] Epoch 11: loss = 0.0239
