2020-05-12 06:32:11,358 INFO EPOCH: 1000
2020-05-12 06:32:11,358 INFO EVERY: 10
2020-05-12 06:32:11,358 INFO LR: 0.001
2020-05-12 06:32:11,358 INFO DIM: 200
2020-05-12 06:32:11,358 INFO BATCH_SIZE: 128
2020-05-12 06:32:11,358 INFO BATCH_SIZE2: 128
2020-05-12 06:32:11,358 INFO P: 1
2020-05-12 06:32:11,358 INFO CLIPPING_MAX_VALUE: 4.0
2020-05-12 06:32:11,358 INFO OPTIM: Adam
2020-05-12 06:32:11,358 INFO N_SAMPLE: 100
2020-05-12 06:32:11,358 INFO MODE: 1vsN
2020-05-12 06:32:11,358 INFO RATE: 0.0
2020-05-12 06:32:11,359 INFO GAMMA: 12.0
2020-05-12 06:32:11,359 INFO BERN: True
2020-05-12 06:32:11,359 INFO MARGIN: 4.0
2020-05-12 06:32:11,359 INFO REG: 1.0
2020-05-12 06:32:11,359 INFO LABEL_SMOOTH_EPS: 0.1
2020-05-12 06:32:11,359 INFO INPUT_DROP: 0.2
2020-05-12 06:32:11,359 INFO FEAT_DROP: 0.2
2020-05-12 06:32:11,359 INFO HIDD_DROP: 0.3
2020-05-12 06:32:11,359 INFO CHANNELS: 50
2020-05-12 06:32:11,359 INFO KERNEL_SIZE: 3
2020-05-12 06:32:11,359 INFO N_POOL: 100
2020-05-12 06:32:11,359 INFO MODEL_D: TransH
2020-05-12 06:32:11,359 INFO MODEL_G: DistMult
2020-05-12 06:32:11,359 INFO SCRATCH: False
2020-05-12 06:32:11,360 INFO D_FILE: None
2020-05-12 06:32:11,360 INFO G_FILE: None
2020-05-12 06:32:11,360 INFO PATH: data
2020-05-12 06:32:11,360 INFO DATA: FB15K237
2020-05-12 06:32:11,360 INFO EXP_PATH: experiment/FB15K237
2020-05-12 06:32:11,360 INFO MODEL: ConvE
2020-05-12 06:32:11,360 INFO V: 1
2020-05-12 06:32:11,360 INFO F: True
2020-05-12 06:32:11,360 INFO EVAL: False
2020-05-12 06:32:11,360 INFO TRAINED: False
2020-05-12 06:32:11,360 INFO PRETRAINED_NAME: None
2020-05-12 06:32:11,360 INFO EXP_NAME: ConvE-FB15K237-1vsN-1
2020-05-12 06:32:11,360 INFO --------------------------------------
2020-05-12 06:32:36,092 INFO Dataload done
2020-05-12 06:32:36,092 INFO --------------------------------------
2020-05-12 06:32:36,092 INFO N_ENTITY: 14541
2020-05-12 06:32:36,092 INFO N_RELATION: 237
2020-05-12 06:32:36,092 INFO --------------------------------------
2020-05-12 06:32:39,686 INFO Start Training...
2020-05-12 06:35:01,750 INFO [142.1] Epoch 0: loss = 0.0452
2020-05-12 06:37:25,164 INFO [143.4] Epoch 1: loss = 0.0292
2020-05-12 06:39:47,059 INFO [141.9] Epoch 2: loss = 0.0266
2020-05-12 06:42:09,441 INFO [142.4] Epoch 3: loss = 0.0253
2020-05-12 06:44:32,971 INFO [143.5] Epoch 4: loss = 0.0245
2020-05-12 06:46:56,304 INFO [143.3] Epoch 5: loss = 0.0239
2020-05-12 06:49:19,716 INFO [143.4] Epoch 6: loss = 0.0235
2020-05-12 06:51:43,022 INFO [143.3] Epoch 7: loss = 0.0231
2020-05-12 06:54:05,442 INFO [142.4] Epoch 8: loss = 0.0229
2020-05-12 06:56:27,928 INFO [142.5] Epoch 9: loss = 0.0227
2020-05-12 06:56:27,929 INFO Start Evaling...
2020-05-12 06:59:49,665 INFO Head: mr:247.7 mrr:20.38 hits:36.61
2020-05-12 06:59:49,665 INFO Tail: mr:121.4 mrr:39.93 hits:59.59
2020-05-12 06:59:49,665 INFO All: mr:184.6 mrr:30.15 hits:48.10
2020-05-12 06:59:49,676 INFO Start Evaling...
2020-05-12 07:03:40,489 INFO Head: mr:253.6 mrr:20.22 hits:36.43
2020-05-12 07:03:40,489 INFO Tail: mr:127.9 mrr:39.16 hits:59.30
2020-05-12 07:03:40,489 INFO All: mr:190.7 mrr:29.69 hits:47.86
2020-05-12 07:03:40,502 INFO Improved and model saved
2020-05-12 07:06:03,161 INFO [142.6] Epoch 10: loss = 0.0225
2020-05-12 07:08:26,750 INFO [143.6] Epoch 11: loss = 0.0223
2020-05-12 07:10:49,901 INFO [143.2] Epoch 12: loss = 0.0222
2020-05-12 07:13:13,363 INFO [143.5] Epoch 13: loss = 0.0221
2020-05-12 07:15:36,088 INFO [142.7] Epoch 14: loss = 0.0220
2020-05-12 07:18:00,078 INFO [144.0] Epoch 15: loss = 0.0219
2020-05-12 07:20:23,132 INFO [143.1] Epoch 16: loss = 0.0218
2020-05-12 07:22:46,610 INFO [143.5] Epoch 17: loss = 0.0217
2020-05-12 07:25:09,999 INFO [143.4] Epoch 18: loss = 0.0216
2020-05-12 07:27:33,603 INFO [143.6] Epoch 19: loss = 0.0216
2020-05-12 07:27:33,603 INFO Start Evaling...
2020-05-12 07:30:54,575 INFO Head: mr:254.1 mrr:21.10 hits:38.21
2020-05-12 07:30:54,576 INFO Tail: mr:123.2 mrr:40.80 hits:61.22
2020-05-12 07:30:54,576 INFO All: mr:188.6 mrr:30.95 hits:49.72
2020-05-12 07:30:54,587 INFO Start Evaling...
2020-05-12 07:34:44,790 INFO Head: mr:250.7 mrr:21.26 hits:38.13
2020-05-12 07:34:44,790 INFO Tail: mr:126.1 mrr:40.18 hits:60.84
2020-05-12 07:34:44,790 INFO All: mr:188.4 mrr:30.72 hits:49.48
2020-05-12 07:34:44,804 INFO Improved and model saved
2020-05-12 07:37:08,752 INFO [143.7] Epoch 20: loss = 0.0215
2020-05-12 07:39:31,169 INFO [142.4] Epoch 21: loss = 0.0214
2020-05-12 07:41:54,339 INFO [143.2] Epoch 22: loss = 0.0214
2020-05-12 07:44:18,305 INFO [144.0] Epoch 23: loss = 0.0213
2020-05-12 07:46:40,699 INFO [142.4] Epoch 24: loss = 0.0213
2020-05-12 07:49:04,701 INFO [144.0] Epoch 25: loss = 0.0212
2020-05-12 07:51:27,481 INFO [142.8] Epoch 26: loss = 0.0212
2020-05-12 07:53:51,104 INFO [143.6] Epoch 27: loss = 0.0212
2020-05-12 07:56:14,834 INFO [143.7] Epoch 28: loss = 0.0211
2020-05-12 07:58:38,429 INFO [143.6] Epoch 29: loss = 0.0211
2020-05-12 07:58:38,429 INFO Start Evaling...
2020-05-12 08:01:59,379 INFO Head: mr:263.9 mrr:21.99 hits:39.40
2020-05-12 08:01:59,380 INFO Tail: mr:126.9 mrr:41.44 hits:61.84
2020-05-12 08:01:59,380 INFO All: mr:195.4 mrr:31.71 hits:50.62
2020-05-12 08:01:59,391 INFO Start Evaling...
2020-05-12 08:05:49,665 INFO Head: mr:259.1 mrr:21.68 hits:39.20
2020-05-12 08:05:49,666 INFO Tail: mr:133.6 mrr:40.80 hits:61.71
2020-05-12 08:05:49,666 INFO All: mr:196.4 mrr:31.24 hits:50.45
2020-05-12 08:05:49,679 INFO Improved and model saved
2020-05-12 08:08:11,998 INFO [142.3] Epoch 30: loss = 0.0211
2020-05-12 08:10:34,543 INFO [142.5] Epoch 31: loss = 0.0210
2020-05-12 08:12:57,812 INFO [143.3] Epoch 32: loss = 0.0210
2020-05-12 08:15:21,129 INFO [143.3] Epoch 33: loss = 0.0210
2020-05-12 08:17:43,395 INFO [142.3] Epoch 34: loss = 0.0210
2020-05-12 08:20:07,054 INFO [143.7] Epoch 35: loss = 0.0209
2020-05-12 08:22:30,543 INFO [143.5] Epoch 36: loss = 0.0209
2020-05-12 08:24:52,915 INFO [142.4] Epoch 37: loss = 0.0209
2020-05-12 08:27:16,367 INFO [143.5] Epoch 38: loss = 0.0208
2020-05-12 08:29:38,746 INFO [142.4] Epoch 39: loss = 0.0208
2020-05-12 08:29:38,746 INFO Start Evaling...
2020-05-12 08:32:59,601 INFO Head: mr:264.0 mrr:22.36 hits:39.49
2020-05-12 08:32:59,601 INFO Tail: mr:126.4 mrr:41.71 hits:62.43
2020-05-12 08:32:59,601 INFO All: mr:195.2 mrr:32.04 hits:50.96
2020-05-12 08:32:59,612 INFO Start Evaling...
2020-05-12 08:36:49,719 INFO Head: mr:255.2 mrr:22.18 hits:39.06
2020-05-12 08:36:49,720 INFO Tail: mr:135.2 mrr:40.98 hits:62.08
2020-05-12 08:36:49,720 INFO All: mr:195.2 mrr:31.58 hits:50.57
2020-05-12 08:36:49,733 INFO Improved and model saved
2020-05-12 08:39:11,666 INFO [141.9] Epoch 40: loss = 0.0208
2020-05-12 08:41:34,681 INFO [143.0] Epoch 41: loss = 0.0208
2020-05-12 08:43:56,897 INFO [142.2] Epoch 42: loss = 0.0208
2020-05-12 08:46:19,193 INFO [142.3] Epoch 43: loss = 0.0208
2020-05-12 08:48:42,273 INFO [143.1] Epoch 44: loss = 0.0207
2020-05-12 08:51:05,968 INFO [143.7] Epoch 45: loss = 0.0207
2020-05-12 08:53:29,358 INFO [143.4] Epoch 46: loss = 0.0207
2020-05-12 08:55:51,845 INFO [142.5] Epoch 47: loss = 0.0207
2020-05-12 08:58:14,900 INFO [143.1] Epoch 48: loss = 0.0207
2020-05-12 09:00:38,472 INFO [143.6] Epoch 49: loss = 0.0206
2020-05-12 09:00:38,473 INFO Start Evaling...
2020-05-12 09:03:59,528 INFO Head: mr:269.1 mrr:22.34 hits:39.86
2020-05-12 09:03:59,528 INFO Tail: mr:129.7 mrr:42.18 hits:62.39
2020-05-12 09:03:59,528 INFO All: mr:199.4 mrr:32.26 hits:51.13
2020-05-12 09:03:59,539 INFO Start Evaling...
2020-05-12 09:07:49,955 INFO Head: mr:260.7 mrr:22.36 hits:39.95
2020-05-12 09:07:49,955 INFO Tail: mr:137.1 mrr:41.54 hits:62.15
2020-05-12 09:07:49,955 INFO All: mr:198.9 mrr:31.95 hits:51.05
2020-05-12 09:07:49,968 INFO Improved and model saved
2020-05-12 09:10:12,163 INFO [142.2] Epoch 50: loss = 0.0206
2020-05-12 09:12:35,516 INFO [143.4] Epoch 51: loss = 0.0207
2020-05-12 09:14:59,096 INFO [143.6] Epoch 52: loss = 0.0206
2020-05-12 09:17:21,512 INFO [142.4] Epoch 53: loss = 0.0206
2020-05-12 09:19:44,796 INFO [143.3] Epoch 54: loss = 0.0206
2020-05-12 09:22:08,388 INFO [143.6] Epoch 55: loss = 0.0206
2020-05-12 09:24:32,046 INFO [143.7] Epoch 56: loss = 0.0206
2020-05-12 09:26:54,815 INFO [142.8] Epoch 57: loss = 0.0206
2020-05-12 09:29:18,341 INFO [143.5] Epoch 58: loss = 0.0206
2020-05-12 09:31:40,883 INFO [142.5] Epoch 59: loss = 0.0205
2020-05-12 09:31:40,883 INFO Start Evaling...
2020-05-12 09:35:03,509 INFO Head: mr:275.5 mrr:22.40 hits:40.07
2020-05-12 09:35:03,509 INFO Tail: mr:132.9 mrr:42.39 hits:62.43
2020-05-12 09:35:03,509 INFO All: mr:204.2 mrr:32.39 hits:51.25
2020-05-12 09:35:03,520 INFO Start Evaling...
2020-05-12 09:38:55,655 INFO Head: mr:265.0 mrr:22.25 hits:39.80
2020-05-12 09:38:55,655 INFO Tail: mr:139.2 mrr:41.64 hits:62.14
2020-05-12 09:38:55,655 INFO All: mr:202.1 mrr:31.94 hits:50.97
2020-05-12 09:38:55,669 INFO Improved and model saved
2020-05-12 09:41:19,796 INFO [144.1] Epoch 60: loss = 0.0205
2020-05-12 09:43:43,337 INFO [143.5] Epoch 61: loss = 0.0205
2020-05-12 09:46:05,835 INFO [142.5] Epoch 62: loss = 0.0205
2020-05-12 09:48:29,595 INFO [143.8] Epoch 63: loss = 0.0205
2020-05-12 09:50:53,022 INFO [143.4] Epoch 64: loss = 0.0205
2020-05-12 09:53:15,363 INFO [142.3] Epoch 65: loss = 0.0205
2020-05-12 09:55:38,491 INFO [143.1] Epoch 66: loss = 0.0204
2020-05-12 09:58:02,451 INFO [144.0] Epoch 67: loss = 0.0204
2020-05-12 10:00:25,415 INFO [143.0] Epoch 68: loss = 0.0204
2020-05-12 10:02:48,480 INFO [143.1] Epoch 69: loss = 0.0205
2020-05-12 10:02:48,480 INFO Start Evaling...
2020-05-12 10:06:11,082 INFO Head: mr:272.9 mrr:22.63 hits:40.05
2020-05-12 10:06:11,082 INFO Tail: mr:131.8 mrr:42.22 hits:62.48
2020-05-12 10:06:11,082 INFO All: mr:202.3 mrr:32.43 hits:51.26
2020-05-12 10:06:11,094 INFO Start Evaling...
2020-05-12 10:10:03,403 INFO Head: mr:265.2 mrr:22.35 hits:40.01
2020-05-12 10:10:03,403 INFO Tail: mr:139.7 mrr:41.46 hits:62.24
2020-05-12 10:10:03,403 INFO All: mr:202.4 mrr:31.91 hits:51.13
2020-05-12 10:10:03,418 INFO Improved and model saved
2020-05-12 10:12:26,662 INFO [143.2] Epoch 70: loss = 0.0204
2020-05-12 10:14:49,247 INFO [142.6] Epoch 71: loss = 0.0204
2020-05-12 10:17:12,730 INFO [143.5] Epoch 72: loss = 0.0204
2020-05-12 10:19:36,141 INFO [143.4] Epoch 73: loss = 0.0204
2020-05-12 10:21:59,773 INFO [143.6] Epoch 74: loss = 0.0204
2020-05-12 10:24:23,221 INFO [143.4] Epoch 75: loss = 0.0204
2020-05-12 10:26:46,495 INFO [143.3] Epoch 76: loss = 0.0204
2020-05-12 10:29:09,257 INFO [142.8] Epoch 77: loss = 0.0204
2020-05-12 10:31:31,746 INFO [142.5] Epoch 78: loss = 0.0204
2020-05-12 10:33:54,994 INFO [143.2] Epoch 79: loss = 0.0204
2020-05-12 10:33:54,994 INFO Start Evaling...
2020-05-12 10:37:17,845 INFO Head: mr:275.9 mrr:22.76 hits:40.27
2020-05-12 10:37:17,845 INFO Tail: mr:132.8 mrr:42.47 hits:62.61
2020-05-12 10:37:17,845 INFO All: mr:204.4 mrr:32.61 hits:51.44
2020-05-12 10:37:17,858 INFO Start Evaling...
2020-05-12 10:41:10,280 INFO Head: mr:264.0 mrr:22.53 hits:40.21
2020-05-12 10:41:10,280 INFO Tail: mr:143.1 mrr:41.66 hits:62.17
2020-05-12 10:41:10,280 INFO All: mr:203.6 mrr:32.10 hits:51.19
2020-05-12 10:41:10,295 INFO Improved and model saved
2020-05-12 10:43:33,816 INFO [143.5] Epoch 80: loss = 0.0204
2020-05-12 10:45:56,833 INFO [143.0] Epoch 81: loss = 0.0203
2020-05-12 10:48:19,066 INFO [142.2] Epoch 82: loss = 0.0203
2020-05-12 10:50:43,622 INFO [144.6] Epoch 83: loss = 0.0203
2020-05-12 10:53:07,011 INFO [143.4] Epoch 84: loss = 0.0203
2020-05-12 10:55:30,436 INFO [143.4] Epoch 85: loss = 0.0203
2020-05-12 10:57:52,813 INFO [142.4] Epoch 86: loss = 0.0203
2020-05-12 11:00:16,040 INFO [143.2] Epoch 87: loss = 0.0203
2020-05-12 11:02:39,047 INFO [143.0] Epoch 88: loss = 0.0203
2020-05-12 11:05:02,196 INFO [143.1] Epoch 89: loss = 0.0203
2020-05-12 11:05:02,197 INFO Start Evaling...
2020-05-12 11:08:24,745 INFO Head: mr:277.9 mrr:22.84 hits:40.46
2020-05-12 11:08:24,745 INFO Tail: mr:135.6 mrr:42.56 hits:62.79
2020-05-12 11:08:24,746 INFO All: mr:206.8 mrr:32.70 hits:51.62
2020-05-12 11:08:24,756 INFO Start Evaling...
2020-05-12 11:12:16,754 INFO Head: mr:267.2 mrr:22.61 hits:40.32
2020-05-12 11:12:16,754 INFO Tail: mr:145.0 mrr:41.75 hits:62.14
2020-05-12 11:12:16,754 INFO All: mr:206.1 mrr:32.18 hits:51.23
2020-05-12 11:12:16,767 INFO Improved and model saved
2020-05-12 11:14:39,884 INFO [143.1] Epoch 90: loss = 0.0203
2020-05-12 11:17:03,370 INFO [143.5] Epoch 91: loss = 0.0203
2020-05-12 11:19:25,580 INFO [142.2] Epoch 92: loss = 0.0203
2020-05-12 11:21:48,820 INFO [143.2] Epoch 93: loss = 0.0203
2020-05-12 11:24:12,063 INFO [143.2] Epoch 94: loss = 0.0203
2020-05-12 11:26:35,205 INFO [143.1] Epoch 95: loss = 0.0203
2020-05-12 11:28:57,483 INFO [142.3] Epoch 96: loss = 0.0203
2020-05-12 11:31:20,689 INFO [143.2] Epoch 97: loss = 0.0202
2020-05-12 11:33:43,490 INFO [142.8] Epoch 98: loss = 0.0202
2020-05-12 11:36:06,991 INFO [143.5] Epoch 99: loss = 0.0202
2020-05-12 11:36:06,991 INFO Start Evaling...
2020-05-12 11:39:29,693 INFO Head: mr:276.8 mrr:23.05 hits:40.35
2020-05-12 11:39:29,693 INFO Tail: mr:134.1 mrr:42.48 hits:63.08
2020-05-12 11:39:29,693 INFO All: mr:205.5 mrr:32.76 hits:51.71
2020-05-12 11:39:29,704 INFO Start Evaling...
2020-05-12 11:43:22,090 INFO Head: mr:265.6 mrr:22.65 hits:40.42
2020-05-12 11:43:22,090 INFO Tail: mr:145.3 mrr:41.61 hits:62.26
2020-05-12 11:43:22,090 INFO All: mr:205.4 mrr:32.13 hits:51.34
2020-05-12 11:43:22,104 INFO Improved and model saved
2020-05-12 11:45:45,222 INFO [143.1] Epoch 100: loss = 0.0202
2020-05-12 11:48:08,922 INFO [143.7] Epoch 101: loss = 0.0202
2020-05-12 11:50:32,516 INFO [143.6] Epoch 102: loss = 0.0202
2020-05-12 11:52:55,512 INFO [143.0] Epoch 103: loss = 0.0202
2020-05-12 11:55:18,581 INFO [143.1] Epoch 104: loss = 0.0202
2020-05-12 11:57:41,393 INFO [142.8] Epoch 105: loss = 0.0202
2020-05-12 12:00:03,657 INFO [142.3] Epoch 106: loss = 0.0202
2020-05-12 12:02:27,195 INFO [143.5] Epoch 107: loss = 0.0202
2020-05-12 12:04:50,066 INFO [142.9] Epoch 108: loss = 0.0202
2020-05-12 12:07:12,480 INFO [142.4] Epoch 109: loss = 0.0202
2020-05-12 12:07:12,480 INFO Start Evaling...
2020-05-12 12:10:33,517 INFO Head: mr:278.3 mrr:22.86 hits:40.35
2020-05-12 12:10:33,517 INFO Tail: mr:136.2 mrr:42.70 hits:62.95
2020-05-12 12:10:33,517 INFO All: mr:207.3 mrr:32.78 hits:51.65
2020-05-12 12:10:33,529 INFO Start Evaling...
2020-05-12 12:14:23,841 INFO Head: mr:266.7 mrr:22.59 hits:40.35
2020-05-12 12:14:23,841 INFO Tail: mr:145.5 mrr:41.90 hits:62.45
2020-05-12 12:14:23,841 INFO All: mr:206.1 mrr:32.25 hits:51.40
2020-05-12 12:14:23,855 INFO Improved and model saved
2020-05-12 12:16:46,213 INFO [142.3] Epoch 110: loss = 0.0202
2020-05-12 12:19:08,640 INFO [142.4] Epoch 111: loss = 0.0202
2020-05-12 12:21:31,680 INFO [143.0] Epoch 112: loss = 0.0202
2020-05-12 12:23:54,876 INFO [143.2] Epoch 113: loss = 0.0202
2020-05-12 12:26:18,169 INFO [143.3] Epoch 114: loss = 0.0202
2020-05-12 12:28:41,079 INFO [142.9] Epoch 115: loss = 0.0202
2020-05-12 12:31:03,523 INFO [142.4] Epoch 116: loss = 0.0202
2020-05-12 12:33:26,323 INFO [142.8] Epoch 117: loss = 0.0202
2020-05-12 12:35:49,395 INFO [143.1] Epoch 118: loss = 0.0202
2020-05-12 12:38:13,022 INFO [143.6] Epoch 119: loss = 0.0201
2020-05-12 12:38:13,023 INFO Start Evaling...
2020-05-12 12:41:34,108 INFO Head: mr:280.0 mrr:22.99 hits:40.61
2020-05-12 12:41:34,108 INFO Tail: mr:137.0 mrr:42.82 hits:62.97
2020-05-12 12:41:34,108 INFO All: mr:208.5 mrr:32.91 hits:51.79
2020-05-12 12:41:34,121 INFO Start Evaling...
2020-05-12 12:45:24,633 INFO Head: mr:268.2 mrr:22.79 hits:40.67
2020-05-12 12:45:24,633 INFO Tail: mr:146.3 mrr:41.74 hits:62.56
2020-05-12 12:45:24,633 INFO All: mr:207.3 mrr:32.27 hits:51.61
2020-05-12 12:45:24,648 INFO Improved and model saved
2020-05-12 12:47:46,740 INFO [142.1] Epoch 120: loss = 0.0201
2020-05-12 12:50:09,869 INFO [143.1] Epoch 121: loss = 0.0201
2020-05-12 12:52:32,276 INFO [142.4] Epoch 122: loss = 0.0202
2020-05-12 12:54:55,469 INFO [143.2] Epoch 123: loss = 0.0201
2020-05-12 12:57:18,132 INFO [142.7] Epoch 124: loss = 0.0201
2020-05-12 12:59:42,681 INFO [144.5] Epoch 125: loss = 0.0201
2020-05-12 13:02:06,183 INFO [143.5] Epoch 126: loss = 0.0201
2020-05-12 13:04:28,377 INFO [142.2] Epoch 127: loss = 0.0201
2020-05-12 13:06:51,520 INFO [143.1] Epoch 128: loss = 0.0201
2020-05-12 13:09:13,686 INFO [142.2] Epoch 129: loss = 0.0201
2020-05-12 13:09:13,686 INFO Start Evaling...
2020-05-12 13:12:34,766 INFO Head: mr:278.5 mrr:23.15 hits:40.10
2020-05-12 13:12:34,766 INFO Tail: mr:138.3 mrr:42.87 hits:63.17
2020-05-12 13:12:34,766 INFO All: mr:208.4 mrr:33.01 hits:51.63
2020-05-12 13:12:34,777 INFO Start Evaling...
2020-05-12 13:16:25,193 INFO Head: mr:265.6 mrr:22.82 hits:40.49
2020-05-12 13:16:25,193 INFO Tail: mr:147.7 mrr:42.02 hits:62.38
2020-05-12 13:16:25,193 INFO All: mr:206.7 mrr:32.42 hits:51.43
2020-05-12 13:16:25,206 INFO Improved and model saved
2020-05-12 13:18:47,708 INFO [142.5] Epoch 130: loss = 0.0201
2020-05-12 13:21:10,074 INFO [142.4] Epoch 131: loss = 0.0201
2020-05-12 13:23:33,263 INFO [143.2] Epoch 132: loss = 0.0201
2020-05-12 13:25:56,547 INFO [143.3] Epoch 133: loss = 0.0201
2020-05-12 13:28:20,033 INFO [143.5] Epoch 134: loss = 0.0201
2020-05-12 13:30:43,548 INFO [143.5] Epoch 135: loss = 0.0201
2020-05-12 13:33:05,760 INFO [142.2] Epoch 136: loss = 0.0201
2020-05-12 13:35:28,532 INFO [142.8] Epoch 137: loss = 0.0201
2020-05-12 13:37:50,714 INFO [142.2] Epoch 138: loss = 0.0201
2020-05-12 13:40:12,939 INFO [142.2] Epoch 139: loss = 0.0201
2020-05-12 13:40:12,940 INFO Start Evaling...
2020-05-12 13:43:33,936 INFO Head: mr:280.0 mrr:22.87 hits:40.33
2020-05-12 13:43:33,936 INFO Tail: mr:136.7 mrr:42.84 hits:63.13
2020-05-12 13:43:33,937 INFO All: mr:208.3 mrr:32.85 hits:51.73
2020-05-12 13:43:33,948 INFO Start Evaling...
2020-05-12 13:47:24,219 INFO Head: mr:268.8 mrr:22.64 hits:40.39
2020-05-12 13:47:24,219 INFO Tail: mr:147.1 mrr:41.99 hits:62.32
2020-05-12 13:47:24,219 INFO All: mr:208.0 mrr:32.32 hits:51.36
2020-05-12 13:47:24,233 INFO Declined in recent 1 epochs
2020-05-12 13:49:46,191 INFO [142.0] Epoch 140: loss = 0.0201
2020-05-12 13:52:08,752 INFO [142.6] Epoch 141: loss = 0.0201
2020-05-12 13:54:32,115 INFO [143.4] Epoch 142: loss = 0.0201
2020-05-12 13:56:55,646 INFO [143.5] Epoch 143: loss = 0.0201
2020-05-12 13:59:19,249 INFO [143.6] Epoch 144: loss = 0.0201
2020-05-12 14:01:41,540 INFO [142.3] Epoch 145: loss = 0.0201
2020-05-12 14:04:04,592 INFO [143.1] Epoch 146: loss = 0.0201
2020-05-12 14:06:27,918 INFO [143.3] Epoch 147: loss = 0.0201
2020-05-12 14:08:51,152 INFO [143.2] Epoch 148: loss = 0.0201
2020-05-12 14:11:14,152 INFO [143.0] Epoch 149: loss = 0.0201
2020-05-12 14:11:14,152 INFO Start Evaling...
2020-05-12 14:14:36,893 INFO Head: mr:280.3 mrr:22.99 hits:40.70
2020-05-12 14:14:36,894 INFO Tail: mr:137.5 mrr:43.02 hits:63.01
2020-05-12 14:14:36,894 INFO All: mr:208.9 mrr:33.01 hits:51.86
2020-05-12 14:14:36,905 INFO Start Evaling...
2020-05-12 14:18:29,281 INFO Head: mr:268.5 mrr:22.80 hits:40.62
2020-05-12 14:18:29,281 INFO Tail: mr:147.1 mrr:42.18 hits:62.40
2020-05-12 14:18:29,281 INFO All: mr:207.8 mrr:32.49 hits:51.51
2020-05-12 14:18:29,295 INFO Declined in recent 2 epochs
2020-05-12 14:20:52,705 INFO [143.4] Epoch 150: loss = 0.0201
2020-05-12 14:23:15,579 INFO [142.9] Epoch 151: loss = 0.0200
2020-05-12 14:25:37,712 INFO [142.1] Epoch 152: loss = 0.0200
2020-05-12 14:28:01,030 INFO [143.3] Epoch 153: loss = 0.0200
2020-05-12 14:30:25,183 INFO [144.2] Epoch 154: loss = 0.0200
2020-05-12 14:32:48,954 INFO [143.8] Epoch 155: loss = 0.0200
2020-05-12 14:35:12,395 INFO [143.4] Epoch 156: loss = 0.0200
2020-05-12 14:37:35,462 INFO [143.1] Epoch 157: loss = 0.0200
2020-05-12 14:39:58,920 INFO [143.5] Epoch 158: loss = 0.0200
2020-05-12 14:42:22,148 INFO [143.2] Epoch 159: loss = 0.0200
2020-05-12 14:42:22,148 INFO Start Evaling...
2020-05-12 14:45:44,649 INFO Head: mr:284.5 mrr:22.99 hits:40.52
2020-05-12 14:45:44,649 INFO Tail: mr:135.9 mrr:43.09 hits:63.18
2020-05-12 14:45:44,649 INFO All: mr:210.2 mrr:33.04 hits:51.85
2020-05-12 14:45:44,660 INFO Start Evaling...
2020-05-12 14:49:36,745 INFO Head: mr:272.0 mrr:22.67 hits:40.56
2020-05-12 14:49:36,745 INFO Tail: mr:144.8 mrr:42.19 hits:62.47
2020-05-12 14:49:36,745 INFO All: mr:208.4 mrr:32.43 hits:51.51
2020-05-12 14:49:36,759 INFO Improved and model saved
2020-05-12 14:52:00,018 INFO [143.2] Epoch 160: loss = 0.0200
2020-05-12 14:54:23,217 INFO [143.2] Epoch 161: loss = 0.0200
2020-05-12 14:56:46,312 INFO [143.1] Epoch 162: loss = 0.0200
2020-05-12 14:59:10,680 INFO [144.4] Epoch 163: loss = 0.0200
2020-05-12 15:01:34,037 INFO [143.4] Epoch 164: loss = 0.0200
2020-05-12 15:03:55,617 INFO [141.6] Epoch 165: loss = 0.0200
2020-05-12 15:06:18,562 INFO [142.9] Epoch 166: loss = 0.0200
2020-05-12 15:08:40,522 INFO [142.0] Epoch 167: loss = 0.0200
2020-05-12 15:11:02,693 INFO [142.2] Epoch 168: loss = 0.0200
2020-05-12 15:13:26,095 INFO [143.4] Epoch 169: loss = 0.0200
2020-05-12 15:13:26,095 INFO Start Evaling...
2020-05-12 15:16:48,663 INFO Head: mr:283.2 mrr:23.08 hits:40.50
2020-05-12 15:16:48,664 INFO Tail: mr:137.6 mrr:42.88 hits:63.14
2020-05-12 15:16:48,664 INFO All: mr:210.4 mrr:32.98 hits:51.82
2020-05-12 15:16:48,676 INFO Start Evaling...
2020-05-12 15:20:40,815 INFO Head: mr:272.8 mrr:22.74 hits:40.44
2020-05-12 15:20:40,816 INFO Tail: mr:148.2 mrr:42.08 hits:62.28
2020-05-12 15:20:40,816 INFO All: mr:210.5 mrr:32.41 hits:51.36
2020-05-12 15:20:40,830 INFO Declined in recent 1 epochs
2020-05-12 15:23:03,945 INFO [143.1] Epoch 170: loss = 0.0200
2020-05-12 15:25:27,025 INFO [143.1] Epoch 171: loss = 0.0200
2020-05-12 15:27:49,943 INFO [142.9] Epoch 172: loss = 0.0200
2020-05-12 15:30:13,426 INFO [143.5] Epoch 173: loss = 0.0200
2020-05-12 15:32:36,185 INFO [142.8] Epoch 174: loss = 0.0200
2020-05-12 15:34:59,433 INFO [143.2] Epoch 175: loss = 0.0200
2020-05-12 15:37:21,626 INFO [142.2] Epoch 176: loss = 0.0200
2020-05-12 15:39:44,406 INFO [142.8] Epoch 177: loss = 0.0200
2020-05-12 15:42:06,579 INFO [142.2] Epoch 178: loss = 0.0200
2020-05-12 15:44:29,770 INFO [143.2] Epoch 179: loss = 0.0200
2020-05-12 15:44:29,770 INFO Start Evaling...
2020-05-12 15:47:50,836 INFO Head: mr:283.5 mrr:23.05 hits:40.60
2020-05-12 15:47:50,836 INFO Tail: mr:140.4 mrr:42.90 hits:63.35
2020-05-12 15:47:50,836 INFO All: mr:211.9 mrr:32.97 hits:51.98
2020-05-12 15:47:50,848 INFO Start Evaling...
2020-05-12 15:51:41,358 INFO Head: mr:275.0 mrr:22.76 hits:40.37
2020-05-12 15:51:41,358 INFO Tail: mr:150.0 mrr:42.09 hits:62.30
2020-05-12 15:51:41,358 INFO All: mr:212.5 mrr:32.43 hits:51.34
2020-05-12 15:51:41,373 INFO Declined in recent 2 epochs
2020-05-12 15:54:03,617 INFO [142.2] Epoch 180: loss = 0.0200
2020-05-12 15:56:26,844 INFO [143.2] Epoch 181: loss = 0.0200
2020-05-12 15:58:50,128 INFO [143.3] Epoch 182: loss = 0.0200
2020-05-12 16:01:13,414 INFO [143.3] Epoch 183: loss = 0.0200
2020-05-12 16:03:36,769 INFO [143.4] Epoch 184: loss = 0.0200
2020-05-12 16:05:59,704 INFO [142.9] Epoch 185: loss = 0.0200
2020-05-12 16:08:23,021 INFO [143.3] Epoch 186: loss = 0.0200
2020-05-12 16:10:45,249 INFO [142.2] Epoch 187: loss = 0.0200
2020-05-12 16:13:07,597 INFO [142.3] Epoch 188: loss = 0.0200
2020-05-12 16:15:29,540 INFO [141.9] Epoch 189: loss = 0.0200
2020-05-12 16:15:29,540 INFO Start Evaling...
2020-05-12 16:18:50,516 INFO Head: mr:281.9 mrr:23.14 hits:40.54
2020-05-12 16:18:50,516 INFO Tail: mr:139.5 mrr:42.84 hits:63.02
2020-05-12 16:18:50,516 INFO All: mr:210.7 mrr:32.99 hits:51.78
2020-05-12 16:18:50,528 INFO Start Evaling...
2020-05-12 16:22:40,992 INFO Head: mr:273.7 mrr:22.88 hits:40.70
2020-05-12 16:22:40,992 INFO Tail: mr:149.0 mrr:42.13 hits:62.43
2020-05-12 16:22:40,992 INFO All: mr:211.3 mrr:32.50 hits:51.56
2020-05-12 16:22:41,007 INFO Declined in recent 3 epochs
2020-05-12 16:25:03,306 INFO [142.3] Epoch 190: loss = 0.0200
2020-05-12 16:27:25,551 INFO [142.2] Epoch 191: loss = 0.0200
2020-05-12 16:29:48,078 INFO [142.5] Epoch 192: loss = 0.0200
2020-05-12 16:32:10,492 INFO [142.4] Epoch 193: loss = 0.0200
2020-05-12 16:34:32,747 INFO [142.3] Epoch 194: loss = 0.0200
2020-05-12 16:36:54,653 INFO [141.9] Epoch 195: loss = 0.0200
2020-05-12 16:39:17,734 INFO [143.1] Epoch 196: loss = 0.0199
2020-05-12 16:41:40,857 INFO [143.1] Epoch 197: loss = 0.0199
2020-05-12 16:44:04,410 INFO [143.6] Epoch 198: loss = 0.0199
2020-05-12 16:46:26,197 INFO [141.8] Epoch 199: loss = 0.0199
2020-05-12 16:46:26,197 INFO Start Evaling...
2020-05-12 16:49:47,557 INFO Head: mr:288.1 mrr:23.08 hits:40.67
2020-05-12 16:49:47,557 INFO Tail: mr:140.2 mrr:42.97 hits:63.14
2020-05-12 16:49:47,557 INFO All: mr:214.1 mrr:33.03 hits:51.90
2020-05-12 16:49:47,569 INFO Start Evaling...
2020-05-12 16:53:37,956 INFO Head: mr:274.9 mrr:22.64 hits:40.81
2020-05-12 16:53:37,956 INFO Tail: mr:149.8 mrr:41.98 hits:62.49
2020-05-12 16:53:37,956 INFO All: mr:212.4 mrr:32.31 hits:51.65
2020-05-12 16:53:37,971 INFO Declined in recent 4 epochs
2020-05-12 16:56:00,113 INFO [142.1] Epoch 200: loss = 0.0199
2020-05-12 16:58:23,853 INFO [143.7] Epoch 201: loss = 0.0199
2020-05-12 17:00:45,895 INFO [142.0] Epoch 202: loss = 0.0199
2020-05-12 17:03:09,281 INFO [143.4] Epoch 203: loss = 0.0199
2020-05-12 17:05:31,399 INFO [142.1] Epoch 204: loss = 0.0199
2020-05-12 17:07:53,534 INFO [142.1] Epoch 205: loss = 0.0199
2020-05-12 17:10:16,604 INFO [143.1] Epoch 206: loss = 0.0199
2020-05-12 17:12:39,386 INFO [142.8] Epoch 207: loss = 0.0199
2020-05-12 17:15:02,654 INFO [143.3] Epoch 208: loss = 0.0199
2020-05-12 17:17:25,803 INFO [143.1] Epoch 209: loss = 0.0199
2020-05-12 17:17:25,804 INFO Start Evaling...
2020-05-12 17:20:48,393 INFO Head: mr:284.7 mrr:23.07 hits:40.66
2020-05-12 17:20:48,393 INFO Tail: mr:142.1 mrr:42.99 hits:63.21
2020-05-12 17:20:48,393 INFO All: mr:213.4 mrr:33.03 hits:51.93
2020-05-12 17:20:48,405 INFO Start Evaling...
2020-05-12 17:24:40,541 INFO Head: mr:275.3 mrr:22.67 hits:40.78
2020-05-12 17:24:40,541 INFO Tail: mr:150.8 mrr:42.08 hits:62.28
2020-05-12 17:24:40,541 INFO All: mr:213.0 mrr:32.38 hits:51.53
2020-05-12 17:24:40,556 INFO Declined in recent 5 epochs
2020-05-12 17:24:40,556 INFO Early stopping
2020-05-12 17:24:40,556 INFO Train done
2020-05-12 17:24:40,711 INFO Start Evaling...
2020-05-12 17:28:32,856 INFO Head: mr:272.0 mrr:22.67 hits:40.56
2020-05-12 17:28:32,857 INFO Tail: mr:144.8 mrr:42.19 hits:62.47
2020-05-12 17:28:32,857 INFO All: mr:208.4 mrr:32.43 hits:51.51
