2020-03-30 00:47:43,634 INFO EPOCH: 1000
2020-03-30 00:47:43,634 INFO EVERY: 10
2020-03-30 00:47:43,634 INFO LR: 0.003
2020-03-30 00:47:43,634 INFO DIM: 200
2020-03-30 00:47:43,634 INFO BATCH_SIZE: 128
2020-03-30 00:47:43,634 INFO BATCH_SIZE2: 128
2020-03-30 00:47:43,634 INFO P: 1
2020-03-30 00:47:43,634 INFO CLIPPING_MAX_VALUE: 4.0
2020-03-30 00:47:43,634 INFO OPTIM: Adam
2020-03-30 00:47:43,634 INFO N_SAMPLE: 20
2020-03-30 00:47:43,634 INFO MODE: kall
2020-03-30 00:47:43,634 INFO GAMMA: 12.0
2020-03-30 00:47:43,634 INFO BERN: True
2020-03-30 00:47:43,635 INFO MARGIN: 4.0
2020-03-30 00:47:43,635 INFO REG: 1.0
2020-03-30 00:47:43,635 INFO LABEL_SMOOTH_EPS: 0.1
2020-03-30 00:47:43,635 INFO INPUT_DROP: 0.2
2020-03-30 00:47:43,635 INFO FEAT_DROP: 0.2
2020-03-30 00:47:43,635 INFO HIDD_DROP: 0.3
2020-03-30 00:47:43,635 INFO CHANNELS: 50
2020-03-30 00:47:43,635 INFO KERNEL_SIZE: 3
2020-03-30 00:47:43,635 INFO N_POOL: 100
2020-03-30 00:47:43,635 INFO MODEL_D: TransH
2020-03-30 00:47:43,635 INFO MODEL_G: DistMult
2020-03-30 00:47:43,635 INFO D_FILE: None
2020-03-30 00:47:43,635 INFO G_FILE: None
2020-03-30 00:47:43,635 INFO PATH: data
2020-03-30 00:47:43,635 INFO DATA: FB15K237
2020-03-30 00:47:43,635 INFO EXP_PATH: experiment/FB15K237
2020-03-30 00:47:43,635 INFO MODEL: ConvE
2020-03-30 00:47:43,635 INFO V: 1
2020-03-30 00:47:43,635 INFO F: True
2020-03-30 00:47:43,636 INFO EVAL: False
2020-03-30 00:47:43,636 INFO TRAINED: False
2020-03-30 00:47:43,636 INFO PRETRAINED_NAME: None
2020-03-30 00:47:43,636 INFO EXP_NAME: ConvE-FB15K237-kall-1
2020-03-30 00:47:43,636 INFO --------------------------------------
2020-03-30 00:47:50,121 INFO Dataload done
2020-03-30 00:47:50,121 INFO --------------------------------------
2020-03-30 00:47:50,121 INFO N_ENTITY: 14541
2020-03-30 00:47:50,121 INFO N_RELATION: 237
2020-03-30 00:47:50,121 INFO --------------------------------------
2020-03-30 00:47:52,915 INFO Start Training...
2020-03-30 00:48:11,140 INFO [18.2] Epoch 0: loss = 0.0056
2020-03-30 00:48:27,797 INFO [16.7] Epoch 1: loss = 0.0023
2020-03-30 00:48:44,341 INFO [16.5] Epoch 2: loss = 0.0020
2020-03-30 00:49:00,989 INFO [16.6] Epoch 3: loss = 0.0019
2020-03-30 00:49:17,737 INFO [16.7] Epoch 4: loss = 0.0018
2020-03-30 00:49:43,849 INFO [26.1] Epoch 5: loss = 0.0018
2020-03-30 00:50:16,962 INFO [33.1] Epoch 6: loss = 0.0017
2020-03-30 00:50:51,817 INFO [34.9] Epoch 7: loss = 0.0016
2020-03-30 00:51:25,102 INFO [33.3] Epoch 8: loss = 0.0016
2020-03-30 00:51:54,357 INFO [29.3] Epoch 9: loss = 0.0016
2020-03-30 00:51:54,357 INFO Start Evaling...
2020-03-30 00:52:39,693 INFO Head: mr:420.1 mrr:18.25 hits:31.72
2020-03-30 00:52:39,696 INFO Tail: mr:182.0 mrr:39.14 hits:56.42
2020-03-30 00:52:39,697 INFO All: mr:301.1 mrr:28.69 hits:44.07
2020-03-30 00:52:39,725 INFO Improved and model saved
2020-03-30 00:53:05,911 INFO [26.1] Epoch 10: loss = 0.0015
2020-03-30 00:53:30,492 INFO [24.6] Epoch 11: loss = 0.0015
2020-03-30 00:53:51,832 INFO [21.3] Epoch 12: loss = 0.0015
2020-03-30 00:54:18,210 INFO [26.4] Epoch 13: loss = 0.0015
2020-03-30 00:54:52,170 INFO [34.0] Epoch 14: loss = 0.0014
2020-03-30 00:55:26,274 INFO [34.1] Epoch 15: loss = 0.0014
2020-03-30 00:56:00,766 INFO [34.5] Epoch 16: loss = 0.0014
2020-03-30 00:56:37,348 INFO [36.6] Epoch 17: loss = 0.0014
2020-03-30 00:57:12,186 INFO [34.8] Epoch 18: loss = 0.0014
2020-03-30 00:57:45,573 INFO [33.4] Epoch 19: loss = 0.0014
2020-03-30 00:57:45,573 INFO Start Evaling...
2020-03-30 00:58:20,094 INFO Head: mr:348.4 mrr:20.93 hits:36.73
2020-03-30 00:58:20,094 INFO Tail: mr:153.7 mrr:42.02 hits:60.63
2020-03-30 00:58:20,095 INFO All: mr:251.1 mrr:31.48 hits:48.68
2020-03-30 00:58:20,116 INFO Improved and model saved
2020-03-30 00:58:48,799 INFO [28.7] Epoch 20: loss = 0.0014
2020-03-30 00:59:23,003 INFO [34.2] Epoch 21: loss = 0.0014
2020-03-30 00:59:59,946 INFO [36.9] Epoch 22: loss = 0.0014
2020-03-30 01:00:33,723 INFO [33.8] Epoch 23: loss = 0.0014
2020-03-30 01:01:07,430 INFO [33.7] Epoch 24: loss = 0.0014
2020-03-30 01:01:42,028 INFO [34.6] Epoch 25: loss = 0.0014
2020-03-30 01:02:18,661 INFO [36.6] Epoch 26: loss = 0.0013
2020-03-30 01:02:44,808 INFO [26.1] Epoch 27: loss = 0.0013
2020-03-30 01:03:07,197 INFO [22.4] Epoch 28: loss = 0.0013
2020-03-30 01:03:35,531 INFO [28.3] Epoch 29: loss = 0.0013
2020-03-30 01:03:35,531 INFO Start Evaling...
2020-03-30 01:04:11,724 INFO Head: mr:341.9 mrr:21.34 hits:37.07
2020-03-30 01:04:11,726 INFO Tail: mr:161.1 mrr:42.55 hits:60.89
2020-03-30 01:04:11,728 INFO All: mr:251.5 mrr:31.95 hits:48.98
2020-03-30 01:04:11,755 INFO Improved and model saved
2020-03-30 01:04:46,833 INFO [35.0] Epoch 30: loss = 0.0013
2020-03-30 01:05:20,676 INFO [33.8] Epoch 31: loss = 0.0013
2020-03-30 01:05:54,969 INFO [34.3] Epoch 32: loss = 0.0013
2020-03-30 01:06:28,310 INFO [33.3] Epoch 33: loss = 0.0013
2020-03-30 01:07:01,518 INFO [33.2] Epoch 34: loss = 0.0013
2020-03-30 01:07:23,296 INFO [21.8] Epoch 35: loss = 0.0013
2020-03-30 01:07:49,700 INFO [26.4] Epoch 36: loss = 0.0013
2020-03-30 01:08:25,015 INFO [35.3] Epoch 37: loss = 0.0013
2020-03-30 01:08:57,780 INFO [32.8] Epoch 38: loss = 0.0013
2020-03-30 01:09:31,341 INFO [33.6] Epoch 39: loss = 0.0013
2020-03-30 01:09:31,342 INFO Start Evaling...
2020-03-30 01:10:08,098 INFO Head: mr:362.5 mrr:21.15 hits:37.68
2020-03-30 01:10:08,100 INFO Tail: mr:161.5 mrr:42.24 hits:60.84
2020-03-30 01:10:08,102 INFO All: mr:262.0 mrr:31.70 hits:49.26
2020-03-30 01:10:08,130 INFO Improved and model saved
2020-03-30 01:10:42,620 INFO [34.4] Epoch 40: loss = 0.0013
2020-03-30 01:11:16,783 INFO [34.2] Epoch 41: loss = 0.0013
2020-03-30 01:11:43,690 INFO [26.9] Epoch 42: loss = 0.0013
2020-03-30 01:12:06,118 INFO [22.4] Epoch 43: loss = 0.0013
2020-03-30 01:12:41,771 INFO [35.7] Epoch 44: loss = 0.0013
2020-03-30 01:13:16,867 INFO [35.1] Epoch 45: loss = 0.0013
2020-03-30 01:13:48,549 INFO [31.7] Epoch 46: loss = 0.0013
2020-03-30 01:14:25,180 INFO [36.6] Epoch 47: loss = 0.0013
2020-03-30 01:14:59,223 INFO [34.0] Epoch 48: loss = 0.0013
2020-03-30 01:15:32,716 INFO [33.5] Epoch 49: loss = 0.0013
2020-03-30 01:15:32,717 INFO Start Evaling...
2020-03-30 01:16:08,517 INFO Head: mr:340.7 mrr:21.35 hits:37.60
2020-03-30 01:16:08,519 INFO Tail: mr:161.6 mrr:42.30 hits:61.32
2020-03-30 01:16:08,520 INFO All: mr:251.2 mrr:31.83 hits:49.46
2020-03-30 01:16:08,541 INFO Improved and model saved
2020-03-30 01:16:30,451 INFO [21.9] Epoch 50: loss = 0.0013
2020-03-30 01:17:02,721 INFO [32.3] Epoch 51: loss = 0.0013
2020-03-30 01:17:35,770 INFO [33.0] Epoch 52: loss = 0.0013
2020-03-30 01:18:10,685 INFO [34.9] Epoch 53: loss = 0.0013
2020-03-30 01:18:45,726 INFO [35.0] Epoch 54: loss = 0.0013
2020-03-30 01:19:20,562 INFO [34.8] Epoch 55: loss = 0.0013
2020-03-30 01:19:54,513 INFO [34.0] Epoch 56: loss = 0.0013
2020-03-30 01:20:28,803 INFO [34.3] Epoch 57: loss = 0.0013
2020-03-30 01:20:53,014 INFO [24.2] Epoch 58: loss = 0.0013
2020-03-30 01:21:18,076 INFO [25.1] Epoch 59: loss = 0.0013
2020-03-30 01:21:18,077 INFO Start Evaling...
2020-03-30 01:21:55,398 INFO Head: mr:350.0 mrr:21.45 hits:37.56
2020-03-30 01:21:55,400 INFO Tail: mr:164.5 mrr:42.31 hits:60.98
2020-03-30 01:21:55,402 INFO All: mr:257.3 mrr:31.88 hits:49.27
2020-03-30 01:21:55,426 INFO Declined in recent 1 epochs
2020-03-30 01:22:27,641 INFO [32.2] Epoch 60: loss = 0.0013
2020-03-30 01:23:01,809 INFO [34.2] Epoch 61: loss = 0.0013
2020-03-30 01:23:35,025 INFO [33.2] Epoch 62: loss = 0.0013
2020-03-30 01:24:09,093 INFO [34.1] Epoch 63: loss = 0.0013
2020-03-30 01:24:44,039 INFO [34.9] Epoch 64: loss = 0.0013
2020-03-30 01:25:12,487 INFO [28.4] Epoch 65: loss = 0.0013
2020-03-30 01:25:34,464 INFO [22.0] Epoch 66: loss = 0.0013
2020-03-30 01:26:07,432 INFO [33.0] Epoch 67: loss = 0.0012
2020-03-30 01:26:44,657 INFO [37.2] Epoch 68: loss = 0.0012
2020-03-30 01:27:19,352 INFO [34.7] Epoch 69: loss = 0.0012
2020-03-30 01:27:19,352 INFO Start Evaling...
2020-03-30 01:27:54,466 INFO Head: mr:347.8 mrr:21.18 hits:37.58
2020-03-30 01:27:54,468 INFO Tail: mr:163.1 mrr:42.05 hits:60.87
2020-03-30 01:27:54,470 INFO All: mr:255.4 mrr:31.61 hits:49.22
2020-03-30 01:27:54,494 INFO Declined in recent 2 epochs
2020-03-30 01:28:29,220 INFO [34.7] Epoch 70: loss = 0.0012
2020-03-30 01:29:02,982 INFO [33.8] Epoch 71: loss = 0.0012
2020-03-30 01:29:35,689 INFO [32.7] Epoch 72: loss = 0.0012
2020-03-30 01:29:55,593 INFO [19.9] Epoch 73: loss = 0.0012
2020-03-30 01:30:23,712 INFO [28.1] Epoch 74: loss = 0.0012
2020-03-30 01:30:58,891 INFO [35.2] Epoch 75: loss = 0.0012
2020-03-30 01:31:34,817 INFO [35.9] Epoch 76: loss = 0.0012
2020-03-30 01:32:10,448 INFO [35.6] Epoch 77: loss = 0.0012
2020-03-30 01:32:45,219 INFO [34.8] Epoch 78: loss = 0.0012
2020-03-30 01:33:21,660 INFO [36.4] Epoch 79: loss = 0.0012
2020-03-30 01:33:21,660 INFO Start Evaling...
2020-03-30 01:34:02,592 INFO Head: mr:339.1 mrr:21.28 hits:37.80
2020-03-30 01:34:02,594 INFO Tail: mr:161.9 mrr:42.01 hits:60.64
2020-03-30 01:34:02,596 INFO All: mr:250.5 mrr:31.64 hits:49.22
2020-03-30 01:34:02,620 INFO Declined in recent 3 epochs
2020-03-30 01:34:22,547 INFO [19.9] Epoch 80: loss = 0.0012
2020-03-30 01:34:50,990 INFO [28.4] Epoch 81: loss = 0.0012
2020-03-30 01:35:24,387 INFO [33.4] Epoch 82: loss = 0.0012
2020-03-30 01:35:58,547 INFO [34.2] Epoch 83: loss = 0.0012
2020-03-30 01:36:32,087 INFO [33.5] Epoch 84: loss = 0.0012
2020-03-30 01:37:08,145 INFO [36.1] Epoch 85: loss = 0.0012
2020-03-30 01:37:44,256 INFO [36.1] Epoch 86: loss = 0.0012
2020-03-30 01:38:18,023 INFO [33.8] Epoch 87: loss = 0.0012
2020-03-30 01:38:45,958 INFO [27.9] Epoch 88: loss = 0.0012
2020-03-30 01:39:08,489 INFO [22.5] Epoch 89: loss = 0.0012
2020-03-30 01:39:08,489 INFO Start Evaling...
2020-03-30 01:39:42,130 INFO Head: mr:339.7 mrr:21.17 hits:37.57
2020-03-30 01:39:42,132 INFO Tail: mr:163.8 mrr:41.99 hits:60.40
2020-03-30 01:39:42,133 INFO All: mr:251.7 mrr:31.58 hits:48.98
2020-03-30 01:39:42,159 INFO Declined in recent 4 epochs
2020-03-30 01:40:01,335 INFO [19.2] Epoch 90: loss = 0.0012
2020-03-30 01:40:18,064 INFO [16.7] Epoch 91: loss = 0.0012
2020-03-30 01:40:34,622 INFO [16.6] Epoch 92: loss = 0.0012
2020-03-30 01:40:51,240 INFO [16.6] Epoch 93: loss = 0.0012
2020-03-30 01:41:08,310 INFO [17.1] Epoch 94: loss = 0.0012
2020-03-30 01:41:24,950 INFO [16.6] Epoch 95: loss = 0.0012
2020-03-30 01:41:41,748 INFO [16.8] Epoch 96: loss = 0.0012
2020-03-30 01:41:58,770 INFO [17.0] Epoch 97: loss = 0.0012
2020-03-30 01:42:16,096 INFO [17.3] Epoch 98: loss = 0.0012
2020-03-30 01:42:33,011 INFO [16.9] Epoch 99: loss = 0.0012
2020-03-30 01:42:33,012 INFO Start Evaling...
2020-03-30 01:43:03,879 INFO Head: mr:338.6 mrr:21.30 hits:37.34
2020-03-30 01:43:03,879 INFO Tail: mr:164.1 mrr:41.90 hits:60.64
2020-03-30 01:43:03,879 INFO All: mr:251.4 mrr:31.60 hits:48.99
2020-03-30 01:43:03,902 INFO Declined in recent 5 epochs
2020-03-30 01:43:03,902 INFO Early stopping
2020-03-30 01:43:03,902 INFO Train done
2020-03-30 01:43:03,919 INFO Start Evaling...
2020-03-30 01:43:39,893 INFO Head: mr:340.9 mrr:21.24 hits:37.41
2020-03-30 01:43:39,893 INFO Tail: mr:176.7 mrr:41.45 hits:60.52
2020-03-30 01:43:39,893 INFO All: mr:258.8 mrr:31.35 hits:48.96
