2020-05-13 03:16:20,623 INFO EPOCH: 1000
2020-05-13 03:16:20,623 INFO EVERY: 10
2020-05-13 03:16:20,623 INFO LR: 0.001
2020-05-13 03:16:20,623 INFO DIM: 200
2020-05-13 03:16:20,623 INFO BATCH_SIZE: 128
2020-05-13 03:16:20,623 INFO BATCH_SIZE2: 128
2020-05-13 03:16:20,623 INFO P: 1
2020-05-13 03:16:20,623 INFO CLIPPING_MAX_VALUE: 4.0
2020-05-13 03:16:20,623 INFO OPTIM: Adam
2020-05-13 03:16:20,624 INFO N_SAMPLE: 100
2020-05-13 03:16:20,624 INFO MODE: 1vsN
2020-05-13 03:16:20,624 INFO RATE: 0.05
2020-05-13 03:16:20,624 INFO GAMMA: 12.0
2020-05-13 03:16:20,624 INFO BERN: True
2020-05-13 03:16:20,624 INFO MARGIN: 4.0
2020-05-13 03:16:20,624 INFO REG: 1.0
2020-05-13 03:16:20,624 INFO LABEL_SMOOTH_EPS: 0.1
2020-05-13 03:16:20,624 INFO INPUT_DROP: 0.2
2020-05-13 03:16:20,624 INFO FEAT_DROP: 0.2
2020-05-13 03:16:20,624 INFO HIDD_DROP: 0.3
2020-05-13 03:16:20,624 INFO CHANNELS: 50
2020-05-13 03:16:20,625 INFO KERNEL_SIZE: 3
2020-05-13 03:16:20,625 INFO N_POOL: 100
2020-05-13 03:16:20,625 INFO MODEL_D: TransH
2020-05-13 03:16:20,625 INFO MODEL_G: DistMult
2020-05-13 03:16:20,625 INFO SCRATCH: False
2020-05-13 03:16:20,625 INFO D_FILE: None
2020-05-13 03:16:20,625 INFO G_FILE: None
2020-05-13 03:16:20,625 INFO PATH: data
2020-05-13 03:16:20,625 INFO DATA: FB15K237
2020-05-13 03:16:20,625 INFO EXP_PATH: experiment/FB15K237
2020-05-13 03:16:20,625 INFO MODEL: ConvE
2020-05-13 03:16:20,625 INFO V: 5
2020-05-13 03:16:20,626 INFO F: True
2020-05-13 03:16:20,626 INFO EVAL: False
2020-05-13 03:16:20,626 INFO TRAINED: False
2020-05-13 03:16:20,626 INFO PRETRAINED_NAME: None
2020-05-13 03:16:20,626 INFO EXP_NAME: ConvE-FB15K237-1vsN-5
2020-05-13 03:16:20,626 INFO --------------------------------------
2020-05-13 03:17:15,759 INFO Dataload done
2020-05-13 03:17:15,759 INFO --------------------------------------
2020-05-13 03:17:15,759 INFO N_ENTITY: 14541
2020-05-13 03:17:15,759 INFO N_RELATION: 237
2020-05-13 03:17:15,759 INFO --------------------------------------
2020-05-13 03:17:19,343 INFO Start Training...
2020-05-13 03:21:52,421 INFO [273.1] Epoch 0: loss = 0.0497
2020-05-13 03:26:30,925 INFO [278.5] Epoch 1: loss = 0.0307
2020-05-13 03:31:03,806 INFO [272.9] Epoch 2: loss = 0.0284
2020-05-13 03:35:37,530 INFO [273.7] Epoch 3: loss = 0.0271
2020-05-13 03:40:15,618 INFO [278.1] Epoch 4: loss = 0.0264
2020-05-13 03:44:48,809 INFO [273.2] Epoch 5: loss = 0.0258
2020-05-13 03:49:27,012 INFO [278.2] Epoch 6: loss = 0.0253
2020-05-13 03:54:05,165 INFO [278.2] Epoch 7: loss = 0.0249
2020-05-13 03:58:38,195 INFO [273.0] Epoch 8: loss = 0.0246
2020-05-13 04:03:15,508 INFO [277.3] Epoch 9: loss = 0.0244
2020-05-13 04:03:15,508 INFO Start Evaling...
2020-05-13 04:06:38,568 INFO Head: mr:247.7 mrr:19.44 hits:35.49
2020-05-13 04:06:38,568 INFO Tail: mr:122.1 mrr:38.86 hits:58.71
2020-05-13 04:06:38,568 INFO All: mr:184.9 mrr:29.15 hits:47.10
2020-05-13 04:06:38,579 INFO Start Evaling...
2020-05-13 04:10:31,265 INFO Head: mr:258.2 mrr:19.03 hits:35.11
2020-05-13 04:10:31,265 INFO Tail: mr:129.9 mrr:38.47 hits:58.08
2020-05-13 04:10:31,265 INFO All: mr:194.1 mrr:28.75 hits:46.60
2020-05-13 04:10:31,278 INFO Improved and model saved
2020-05-13 04:15:09,374 INFO [278.1] Epoch 10: loss = 0.0241
2020-05-13 04:19:43,757 INFO [274.4] Epoch 11: loss = 0.0239
2020-05-13 04:24:17,525 INFO [273.8] Epoch 12: loss = 0.0238
2020-05-13 04:28:55,198 INFO [277.7] Epoch 13: loss = 0.0236
2020-05-13 04:33:32,777 INFO [277.6] Epoch 14: loss = 0.0235
2020-05-13 04:38:10,574 INFO [277.8] Epoch 15: loss = 0.0234
2020-05-13 04:42:48,186 INFO [277.6] Epoch 16: loss = 0.0233
2020-05-13 04:47:25,923 INFO [277.7] Epoch 17: loss = 0.0232
2020-05-13 04:52:03,448 INFO [277.5] Epoch 18: loss = 0.0231
2020-05-13 04:56:37,949 INFO [274.5] Epoch 19: loss = 0.0230
2020-05-13 04:56:37,950 INFO Start Evaling...
2020-05-13 05:00:01,022 INFO Head: mr:251.8 mrr:20.85 hits:37.57
2020-05-13 05:00:01,022 INFO Tail: mr:120.4 mrr:40.02 hits:60.12
2020-05-13 05:00:01,022 INFO All: mr:186.1 mrr:30.43 hits:48.85
2020-05-13 05:00:01,034 INFO Start Evaling...
2020-05-13 05:03:53,707 INFO Head: mr:258.7 mrr:20.77 hits:37.14
2020-05-13 05:03:53,708 INFO Tail: mr:128.1 mrr:39.39 hits:59.64
2020-05-13 05:03:53,708 INFO All: mr:193.4 mrr:30.08 hits:48.39
2020-05-13 05:03:53,721 INFO Improved and model saved
2020-05-13 05:08:31,173 INFO [277.4] Epoch 20: loss = 0.0230
2020-05-13 05:13:09,077 INFO [277.9] Epoch 21: loss = 0.0229
2020-05-13 05:17:47,612 INFO [278.5] Epoch 22: loss = 0.0228
2020-05-13 05:22:29,681 INFO [282.1] Epoch 23: loss = 0.0228
2020-05-13 05:27:07,694 INFO [278.0] Epoch 24: loss = 0.0227
2020-05-13 05:31:45,627 INFO [277.9] Epoch 25: loss = 0.0227
2020-05-13 05:36:18,870 INFO [273.2] Epoch 26: loss = 0.0226
2020-05-13 05:40:52,115 INFO [273.2] Epoch 27: loss = 0.0226
2020-05-13 05:45:29,474 INFO [277.4] Epoch 28: loss = 0.0225
2020-05-13 05:50:07,559 INFO [278.1] Epoch 29: loss = 0.0225
2020-05-13 05:50:07,559 INFO Start Evaling...
2020-05-13 05:53:30,654 INFO Head: mr:256.5 mrr:21.80 hits:38.61
2020-05-13 05:53:30,654 INFO Tail: mr:123.2 mrr:41.03 hits:60.84
2020-05-13 05:53:30,654 INFO All: mr:189.9 mrr:31.41 hits:49.73
2020-05-13 05:53:30,665 INFO Start Evaling...
2020-05-13 05:57:23,462 INFO Head: mr:263.9 mrr:21.60 hits:38.70
2020-05-13 05:57:23,462 INFO Tail: mr:131.6 mrr:40.49 hits:60.31
2020-05-13 05:57:23,462 INFO All: mr:197.8 mrr:31.05 hits:49.51
2020-05-13 05:57:23,475 INFO Improved and model saved
2020-05-13 06:02:00,906 INFO [277.4] Epoch 30: loss = 0.0225
2020-05-13 06:06:38,475 INFO [277.6] Epoch 31: loss = 0.0224
2020-05-13 06:11:15,901 INFO [277.4] Epoch 32: loss = 0.0224
2020-05-13 06:15:49,045 INFO [273.1] Epoch 33: loss = 0.0224
2020-05-13 06:20:22,985 INFO [273.9] Epoch 34: loss = 0.0223
2020-05-13 06:24:56,305 INFO [273.3] Epoch 35: loss = 0.0223
2020-05-13 06:29:33,622 INFO [277.3] Epoch 36: loss = 0.0223
