2020-05-20 06:42:17,724 INFO EPOCH: 1000
2020-05-20 06:42:17,724 INFO EVERY: 10
2020-05-20 06:42:17,724 INFO LR: 0.001
2020-05-20 06:42:17,724 INFO DIM: 200
2020-05-20 06:42:17,724 INFO BATCH_SIZE: 128
2020-05-20 06:42:17,724 INFO BATCH_SIZE2: 128
2020-05-20 06:42:17,724 INFO P: 1
2020-05-20 06:42:17,725 INFO CLIPPING_MAX_VALUE: 4.0
2020-05-20 06:42:17,725 INFO OPTIM: Adam
2020-05-20 06:42:17,725 INFO N_SAMPLE: 100
2020-05-20 06:42:17,725 INFO MODE: 1vsN
2020-05-20 06:42:17,725 INFO RATE: 0.02
2020-05-20 06:42:17,725 INFO GAMMA: 12.0
2020-05-20 06:42:17,725 INFO BERN: True
2020-05-20 06:42:17,725 INFO MARGIN: 4.0
2020-05-20 06:42:17,725 INFO REG: 1.0
2020-05-20 06:42:17,725 INFO LABEL_SMOOTH_EPS: 0.1
2020-05-20 06:42:17,725 INFO INPUT_DROP: 0.2
2020-05-20 06:42:17,725 INFO FEAT_DROP: 0.2
2020-05-20 06:42:17,726 INFO HIDD_DROP: 0.3
2020-05-20 06:42:17,726 INFO CHANNELS: 50
2020-05-20 06:42:17,726 INFO KERNEL_SIZE: 3
2020-05-20 06:42:17,726 INFO N_POOL: 100
2020-05-20 06:42:17,726 INFO MODEL_D: TransH
2020-05-20 06:42:17,726 INFO MODEL_G: DistMult
2020-05-20 06:42:17,726 INFO SCRATCH: False
2020-05-20 06:42:17,726 INFO D_FILE: None
2020-05-20 06:42:17,726 INFO G_FILE: None
2020-05-20 06:42:17,726 INFO PATH: data
2020-05-20 06:42:17,726 INFO DATA: FB15K237
2020-05-20 06:42:17,727 INFO EXP_PATH: experiment/FB15K237
2020-05-20 06:42:17,727 INFO MODEL: ConvE
2020-05-20 06:42:17,727 INFO V: 100.02
2020-05-20 06:42:17,727 INFO F: True
2020-05-20 06:42:17,727 INFO EVAL: False
2020-05-20 06:42:17,727 INFO TRAINED: False
2020-05-20 06:42:17,727 INFO PRETRAINED_NAME: None
2020-05-20 06:42:17,727 INFO EXP_NAME: ConvE-FB15K237-1vsN-100.02
2020-05-20 06:42:17,727 INFO --------------------------------------
2020-05-20 06:42:42,269 INFO Dataload done
2020-05-20 06:42:42,270 INFO --------------------------------------
2020-05-20 06:42:42,270 INFO N_ENTITY: 14541
2020-05-20 06:42:42,270 INFO N_RELATION: 237
2020-05-20 06:42:42,270 INFO --------------------------------------
2020-05-20 06:42:45,798 INFO Start Training...
2020-05-20 06:45:12,668 INFO [146.9] Epoch 0: loss = 0.0533
2020-05-20 06:47:40,587 INFO [147.9] Epoch 1: loss = 0.0313
2020-05-20 06:50:07,846 INFO [147.3] Epoch 2: loss = 0.0287
2020-05-20 06:52:36,285 INFO [148.4] Epoch 3: loss = 0.0274
2020-05-20 06:55:04,420 INFO [148.1] Epoch 4: loss = 0.0265
2020-05-20 06:57:31,490 INFO [147.1] Epoch 5: loss = 0.0259
2020-05-20 06:59:59,892 INFO [148.4] Epoch 6: loss = 0.0254
2020-05-20 07:02:28,472 INFO [148.6] Epoch 7: loss = 0.0250
2020-05-20 07:04:56,590 INFO [148.1] Epoch 8: loss = 0.0247
2020-05-20 07:07:24,784 INFO [148.2] Epoch 9: loss = 0.0244
2020-05-20 07:07:24,785 INFO Start Evaling...
2020-05-20 07:10:53,386 INFO Head: mr:247.9 mrr:19.63 hits:35.72
2020-05-20 07:10:53,386 INFO Tail: mr:123.4 mrr:39.41 hits:58.32
2020-05-20 07:10:53,386 INFO All: mr:185.6 mrr:29.52 hits:47.02
2020-05-20 07:10:53,397 INFO Start Evaling...
2020-05-20 07:14:52,193 INFO Head: mr:256.1 mrr:19.65 hits:35.41
2020-05-20 07:14:52,193 INFO Tail: mr:131.4 mrr:38.79 hits:57.96
2020-05-20 07:14:52,193 INFO All: mr:193.8 mrr:29.22 hits:46.69
2020-05-20 07:14:52,206 INFO Improved and model saved
