2020-03-30 09:33:34,778 INFO EPOCH: 1000
2020-03-30 09:33:34,779 INFO EVERY: 10
2020-03-30 09:33:34,779 INFO LR: 0.002
2020-03-30 09:33:34,779 INFO DIM: 200
2020-03-30 09:33:34,779 INFO BATCH_SIZE: 128
2020-03-30 09:33:34,779 INFO BATCH_SIZE2: 128
2020-03-30 09:33:34,779 INFO P: 1
2020-03-30 09:33:34,779 INFO CLIPPING_MAX_VALUE: 4.0
2020-03-30 09:33:34,779 INFO OPTIM: Adam
2020-03-30 09:33:34,779 INFO N_SAMPLE: 20
2020-03-30 09:33:34,779 INFO MODE: kall
2020-03-30 09:33:34,779 INFO GAMMA: 12.0
2020-03-30 09:33:34,779 INFO BERN: True
2020-03-30 09:33:34,779 INFO MARGIN: 4.0
2020-03-30 09:33:34,779 INFO REG: 1.0
2020-03-30 09:33:34,779 INFO LABEL_SMOOTH_EPS: 0.1
2020-03-30 09:33:34,779 INFO INPUT_DROP: 0.2
2020-03-30 09:33:34,779 INFO FEAT_DROP: 0.2
2020-03-30 09:33:34,779 INFO HIDD_DROP: 0.3
2020-03-30 09:33:34,779 INFO CHANNELS: 50
2020-03-30 09:33:34,779 INFO KERNEL_SIZE: 3
2020-03-30 09:33:34,779 INFO N_POOL: 100
2020-03-30 09:33:34,779 INFO MODEL_D: TransH
2020-03-30 09:33:34,779 INFO MODEL_G: DistMult
2020-03-30 09:33:34,779 INFO D_FILE: None
2020-03-30 09:33:34,780 INFO G_FILE: None
2020-03-30 09:33:34,780 INFO PATH: data
2020-03-30 09:33:34,780 INFO DATA: FB15K237
2020-03-30 09:33:34,780 INFO EXP_PATH: experiment/FB15K237
2020-03-30 09:33:34,780 INFO MODEL: ConvTransE
2020-03-30 09:33:34,780 INFO V: 2
2020-03-30 09:33:34,780 INFO F: False
2020-03-30 09:33:34,780 INFO EVAL: False
2020-03-30 09:33:34,780 INFO TRAINED: False
2020-03-30 09:33:34,780 INFO PRETRAINED_NAME: None
2020-03-30 09:33:34,780 INFO EXP_NAME: ConvTransE-FB15K237-kall-2
2020-03-30 09:33:34,780 INFO --------------------------------------
2020-03-30 09:33:41,104 INFO Dataload done
2020-03-30 09:33:41,105 INFO --------------------------------------
2020-03-30 09:33:41,105 INFO N_ENTITY: 14541
2020-03-30 09:33:41,105 INFO N_RELATION: 237
2020-03-30 09:33:41,105 INFO --------------------------------------
2020-03-30 09:33:43,734 INFO Start Training...
2020-03-30 09:34:03,284 INFO [19.6] Epoch 0: loss = 0.0078
2020-03-30 09:34:21,140 INFO [17.9] Epoch 1: loss = 0.0023
2020-03-30 09:34:38,983 INFO [17.8] Epoch 2: loss = 0.0020
2020-03-30 09:34:56,706 INFO [17.7] Epoch 3: loss = 0.0019
2020-03-30 09:35:14,327 INFO [17.6] Epoch 4: loss = 0.0018
2020-03-30 09:35:32,044 INFO [17.7] Epoch 5: loss = 0.0018
2020-03-30 09:35:49,620 INFO [17.6] Epoch 6: loss = 0.0017
2020-03-30 09:36:06,725 INFO [17.1] Epoch 7: loss = 0.0017
2020-03-30 09:36:23,791 INFO [17.1] Epoch 8: loss = 0.0016
2020-03-30 09:36:41,384 INFO [17.6] Epoch 9: loss = 0.0016
2020-03-30 09:36:41,384 INFO Start Evaling...
2020-03-30 09:37:12,770 INFO Head: mr:422.2 mrr:18.19 hits:31.62
2020-03-30 09:37:12,771 INFO Tail: mr:189.2 mrr:38.43 hits:55.37
2020-03-30 09:37:12,771 INFO All: mr:305.7 mrr:28.31 hits:43.50
2020-03-30 09:37:12,783 INFO Improved and model saved
2020-03-30 09:37:30,404 INFO [17.6] Epoch 10: loss = 0.0015
2020-03-30 09:37:47,677 INFO [17.3] Epoch 11: loss = 0.0015
2020-03-30 09:38:05,400 INFO [17.7] Epoch 12: loss = 0.0015
2020-03-30 09:38:23,062 INFO [17.7] Epoch 13: loss = 0.0015
2020-03-30 09:38:40,722 INFO [17.7] Epoch 14: loss = 0.0015
2020-03-30 09:38:58,327 INFO [17.6] Epoch 15: loss = 0.0014
2020-03-30 09:39:16,035 INFO [17.7] Epoch 16: loss = 0.0014
2020-03-30 09:39:34,600 INFO [18.6] Epoch 17: loss = 0.0014
2020-03-30 09:39:53,424 INFO [18.8] Epoch 18: loss = 0.0014
2020-03-30 09:40:12,107 INFO [18.7] Epoch 19: loss = 0.0014
2020-03-30 09:40:12,109 INFO Start Evaling...
2020-03-30 09:40:43,301 INFO Head: mr:358.7 mrr:21.37 hits:36.87
2020-03-30 09:40:43,302 INFO Tail: mr:156.4 mrr:42.22 hits:60.60
2020-03-30 09:40:43,302 INFO All: mr:257.6 mrr:31.79 hits:48.73
2020-03-30 09:40:43,322 INFO Improved and model saved
2020-03-30 09:41:00,858 INFO [17.5] Epoch 20: loss = 0.0014
2020-03-30 09:41:18,408 INFO [17.5] Epoch 21: loss = 0.0014
2020-03-30 09:41:36,356 INFO [17.9] Epoch 22: loss = 0.0013
2020-03-30 09:41:54,231 INFO [17.9] Epoch 23: loss = 0.0013
2020-03-30 09:42:11,761 INFO [17.5] Epoch 24: loss = 0.0013
2020-03-30 09:42:29,548 INFO [17.8] Epoch 25: loss = 0.0013
2020-03-30 09:42:48,101 INFO [18.6] Epoch 26: loss = 0.0013
2020-03-30 09:43:10,189 INFO [22.1] Epoch 27: loss = 0.0013
2020-03-30 09:43:28,434 INFO [18.2] Epoch 28: loss = 0.0013
2020-03-30 09:43:46,907 INFO [18.5] Epoch 29: loss = 0.0013
2020-03-30 09:43:46,908 INFO Start Evaling...
2020-03-30 09:44:18,291 INFO Head: mr:367.7 mrr:21.70 hits:38.28
2020-03-30 09:44:18,291 INFO Tail: mr:158.4 mrr:42.58 hits:61.21
2020-03-30 09:44:18,291 INFO All: mr:263.1 mrr:32.14 hits:49.75
2020-03-30 09:44:18,312 INFO Improved and model saved
2020-03-30 09:44:36,699 INFO [18.4] Epoch 30: loss = 0.0013
2020-03-30 09:44:54,896 INFO [18.2] Epoch 31: loss = 0.0013
2020-03-30 09:45:13,449 INFO [18.6] Epoch 32: loss = 0.0013
2020-03-30 09:45:31,861 INFO [18.4] Epoch 33: loss = 0.0013
2020-03-30 09:45:50,306 INFO [18.4] Epoch 34: loss = 0.0013
2020-03-30 09:46:08,884 INFO [18.6] Epoch 35: loss = 0.0013
2020-03-30 09:46:27,324 INFO [18.4] Epoch 36: loss = 0.0013
2020-03-30 09:46:45,961 INFO [18.6] Epoch 37: loss = 0.0013
2020-03-30 09:47:04,501 INFO [18.5] Epoch 38: loss = 0.0013
2020-03-30 09:47:22,567 INFO [18.1] Epoch 39: loss = 0.0013
2020-03-30 09:47:22,567 INFO Start Evaling...
2020-03-30 09:47:53,484 INFO Head: mr:347.3 mrr:21.75 hits:38.50
2020-03-30 09:47:53,485 INFO Tail: mr:173.3 mrr:42.49 hits:61.28
2020-03-30 09:47:53,485 INFO All: mr:260.3 mrr:32.12 hits:49.89
2020-03-30 09:47:53,508 INFO Improved and model saved
2020-03-30 09:48:11,816 INFO [18.3] Epoch 40: loss = 0.0013
2020-03-30 09:48:30,154 INFO [18.3] Epoch 41: loss = 0.0013
2020-03-30 09:48:47,300 INFO [17.1] Epoch 42: loss = 0.0012
2020-03-30 09:49:04,702 INFO [17.4] Epoch 43: loss = 0.0012
2020-03-30 09:49:22,330 INFO [17.6] Epoch 44: loss = 0.0012
2020-03-30 09:49:39,914 INFO [17.6] Epoch 45: loss = 0.0012
2020-03-30 09:49:57,259 INFO [17.3] Epoch 46: loss = 0.0012
2020-03-30 09:50:15,163 INFO [17.9] Epoch 47: loss = 0.0012
2020-03-30 09:50:32,817 INFO [17.7] Epoch 48: loss = 0.0012
2020-03-30 09:50:50,490 INFO [17.7] Epoch 49: loss = 0.0012
2020-03-30 09:50:50,490 INFO Start Evaling...
2020-03-30 09:51:21,189 INFO Head: mr:346.8 mrr:21.75 hits:38.64
2020-03-30 09:51:21,190 INFO Tail: mr:177.1 mrr:42.44 hits:61.37
2020-03-30 09:51:21,190 INFO All: mr:262.0 mrr:32.09 hits:50.01
2020-03-30 09:51:21,212 INFO Improved and model saved
2020-03-30 09:51:40,648 INFO [19.4] Epoch 50: loss = 0.0012
2020-03-30 09:52:03,790 INFO [23.1] Epoch 51: loss = 0.0012
2020-03-30 09:52:21,239 INFO [17.4] Epoch 52: loss = 0.0012
2020-03-30 09:52:38,516 INFO [17.3] Epoch 53: loss = 0.0012
2020-03-30 09:52:55,825 INFO [17.3] Epoch 54: loss = 0.0012
2020-03-30 09:53:14,161 INFO [18.3] Epoch 55: loss = 0.0012
2020-03-30 09:53:32,242 INFO [18.1] Epoch 56: loss = 0.0012
2020-03-30 09:53:49,989 INFO [17.7] Epoch 57: loss = 0.0012
2020-03-30 09:54:07,984 INFO [18.0] Epoch 58: loss = 0.0012
2020-03-30 09:54:25,454 INFO [17.5] Epoch 59: loss = 0.0012
2020-03-30 09:54:25,457 INFO Start Evaling...
2020-03-30 09:54:56,622 INFO Head: mr:353.6 mrr:21.55 hits:38.07
2020-03-30 09:54:56,622 INFO Tail: mr:190.5 mrr:42.09 hits:61.41
2020-03-30 09:54:56,622 INFO All: mr:272.1 mrr:31.82 hits:49.74
2020-03-30 09:54:56,649 INFO Declined in recent 1 epochs
2020-03-30 09:55:14,293 INFO [17.6] Epoch 60: loss = 0.0012
2020-03-30 09:55:31,967 INFO [17.7] Epoch 61: loss = 0.0012
2020-03-30 09:55:49,423 INFO [17.5] Epoch 62: loss = 0.0012
2020-03-30 09:56:07,123 INFO [17.7] Epoch 63: loss = 0.0012
2020-03-30 09:56:24,980 INFO [17.9] Epoch 64: loss = 0.0012
2020-03-30 09:56:42,392 INFO [17.4] Epoch 65: loss = 0.0012
2020-03-30 09:56:59,913 INFO [17.5] Epoch 66: loss = 0.0012
2020-03-30 09:57:17,364 INFO [17.5] Epoch 67: loss = 0.0012
2020-03-30 09:57:35,039 INFO [17.7] Epoch 68: loss = 0.0012
2020-03-30 09:57:52,742 INFO [17.7] Epoch 69: loss = 0.0012
2020-03-30 09:57:52,743 INFO Start Evaling...
2020-03-30 09:58:23,430 INFO Head: mr:347.6 mrr:21.84 hits:38.64
2020-03-30 09:58:23,430 INFO Tail: mr:188.6 mrr:42.30 hits:61.06
2020-03-30 09:58:23,430 INFO All: mr:268.1 mrr:32.07 hits:49.85
2020-03-30 09:58:23,452 INFO Declined in recent 2 epochs
2020-03-30 09:58:41,724 INFO [18.3] Epoch 70: loss = 0.0012
2020-03-30 09:59:00,507 INFO [18.8] Epoch 71: loss = 0.0012
2020-03-30 09:59:18,173 INFO [17.7] Epoch 72: loss = 0.0012
2020-03-30 09:59:35,178 INFO [17.0] Epoch 73: loss = 0.0012
2020-03-30 09:59:52,715 INFO [17.5] Epoch 74: loss = 0.0012
2020-03-30 10:00:10,094 INFO [17.4] Epoch 75: loss = 0.0012
2020-03-30 10:00:27,727 INFO [17.6] Epoch 76: loss = 0.0012
2020-03-30 10:00:45,666 INFO [17.9] Epoch 77: loss = 0.0012
2020-03-30 10:01:03,740 INFO [18.1] Epoch 78: loss = 0.0012
2020-03-30 10:01:22,405 INFO [18.7] Epoch 79: loss = 0.0012
2020-03-30 10:01:22,406 INFO Start Evaling...
2020-03-30 10:01:55,894 INFO Head: mr:363.3 mrr:21.61 hits:38.26
2020-03-30 10:01:55,895 INFO Tail: mr:197.7 mrr:41.94 hits:60.88
2020-03-30 10:01:55,895 INFO All: mr:280.5 mrr:31.78 hits:49.57
2020-03-30 10:01:55,908 INFO Declined in recent 3 epochs
2020-03-30 10:02:14,292 INFO [18.4] Epoch 80: loss = 0.0012
2020-03-30 10:02:32,821 INFO [18.5] Epoch 81: loss = 0.0012
2020-03-30 10:02:51,160 INFO [18.3] Epoch 82: loss = 0.0012
2020-03-30 10:03:09,424 INFO [18.3] Epoch 83: loss = 0.0012
2020-03-30 10:03:27,959 INFO [18.5] Epoch 84: loss = 0.0012
2020-03-30 10:03:45,013 INFO [17.1] Epoch 85: loss = 0.0012
2020-03-30 10:04:02,670 INFO [17.7] Epoch 86: loss = 0.0012
2020-03-30 10:04:20,221 INFO [17.6] Epoch 87: loss = 0.0012
2020-03-30 10:04:37,848 INFO [17.6] Epoch 88: loss = 0.0012
2020-03-30 10:04:55,624 INFO [17.8] Epoch 89: loss = 0.0012
2020-03-30 10:04:55,625 INFO Start Evaling...
2020-03-30 10:05:27,349 INFO Head: mr:349.6 mrr:21.77 hits:38.44
2020-03-30 10:05:27,350 INFO Tail: mr:202.1 mrr:42.07 hits:60.75
2020-03-30 10:05:27,351 INFO All: mr:275.8 mrr:31.92 hits:49.59
2020-03-30 10:05:27,370 INFO Declined in recent 4 epochs
2020-03-30 10:05:45,585 INFO [18.2] Epoch 90: loss = 0.0012
2020-03-30 10:06:03,519 INFO [17.9] Epoch 91: loss = 0.0012
2020-03-30 10:06:20,719 INFO [17.2] Epoch 92: loss = 0.0012
2020-03-30 10:06:38,588 INFO [17.9] Epoch 93: loss = 0.0012
2020-03-30 10:06:56,300 INFO [17.7] Epoch 94: loss = 0.0012
2020-03-30 10:07:14,294 INFO [18.0] Epoch 95: loss = 0.0012
2020-03-30 10:07:32,991 INFO [18.7] Epoch 96: loss = 0.0012
2020-03-30 10:07:51,556 INFO [18.6] Epoch 97: loss = 0.0012
2020-03-30 10:08:09,940 INFO [18.4] Epoch 98: loss = 0.0012
2020-03-30 10:08:28,231 INFO [18.3] Epoch 99: loss = 0.0012
2020-03-30 10:08:28,232 INFO Start Evaling...
2020-03-30 10:08:59,346 INFO Head: mr:365.4 mrr:21.47 hits:38.08
2020-03-30 10:08:59,347 INFO Tail: mr:208.4 mrr:41.58 hits:60.57
2020-03-30 10:08:59,347 INFO All: mr:286.9 mrr:31.52 hits:49.33
2020-03-30 10:08:59,360 INFO Declined in recent 5 epochs
2020-03-30 10:08:59,361 INFO Early stopping
2020-03-30 10:08:59,361 INFO Train done
2020-03-30 10:08:59,373 INFO Start Evaling...
2020-03-30 10:09:36,518 INFO Head: mr:360.5 mrr:21.38 hits:38.17
2020-03-30 10:09:36,519 INFO Tail: mr:192.1 mrr:41.58 hits:60.48
2020-03-30 10:09:36,519 INFO All: mr:276.3 mrr:31.48 hits:49.32
