2020-05-10 23:23:42,874 INFO EPOCH: 1000
2020-05-10 23:23:42,874 INFO EVERY: 10
2020-05-10 23:23:42,875 INFO LR: 0.001
2020-05-10 23:23:42,875 INFO DIM: 200
2020-05-10 23:23:42,875 INFO BATCH_SIZE: 128
2020-05-10 23:23:42,875 INFO BATCH_SIZE2: 128
2020-05-10 23:23:42,875 INFO P: 1
2020-05-10 23:23:42,875 INFO CLIPPING_MAX_VALUE: 4.0
2020-05-10 23:23:42,875 INFO OPTIM: Adam
2020-05-10 23:23:42,875 INFO N_SAMPLE: 200
2020-05-10 23:23:42,875 INFO MODE: 1vsN
2020-05-10 23:23:42,875 INFO RATE: 0.0
2020-05-10 23:23:42,875 INFO GAMMA: 12.0
2020-05-10 23:23:42,876 INFO BERN: True
2020-05-10 23:23:42,876 INFO MARGIN: 4.0
2020-05-10 23:23:42,876 INFO REG: 1.0
2020-05-10 23:23:42,876 INFO LABEL_SMOOTH_EPS: 0.1
2020-05-10 23:23:42,876 INFO INPUT_DROP: 0.2
2020-05-10 23:23:42,876 INFO FEAT_DROP: 0.2
2020-05-10 23:23:42,876 INFO HIDD_DROP: 0.3
2020-05-10 23:23:42,876 INFO CHANNELS: 50
2020-05-10 23:23:42,876 INFO KERNEL_SIZE: 3
2020-05-10 23:23:42,876 INFO N_POOL: 100
2020-05-10 23:23:42,876 INFO MODEL_D: TransH
2020-05-10 23:23:42,877 INFO MODEL_G: DistMult
2020-05-10 23:23:42,877 INFO SCRATCH: False
2020-05-10 23:23:42,877 INFO D_FILE: None
2020-05-10 23:23:42,877 INFO G_FILE: None
2020-05-10 23:23:42,877 INFO PATH: data
2020-05-10 23:23:42,877 INFO DATA: FB15K237
2020-05-10 23:23:42,877 INFO EXP_PATH: experiment/FB15K237
2020-05-10 23:23:42,877 INFO MODEL: ConvE
2020-05-10 23:23:42,877 INFO V: 0
2020-05-10 23:23:42,877 INFO F: True
2020-05-10 23:23:42,877 INFO EVAL: False
2020-05-10 23:23:42,877 INFO TRAINED: False
2020-05-10 23:23:42,878 INFO PRETRAINED_NAME: None
2020-05-10 23:23:42,878 INFO EXP_NAME: ConvE-FB15K237-1vsN-0
2020-05-10 23:23:42,878 INFO --------------------------------------
2020-05-10 23:24:07,578 INFO Dataload done
2020-05-10 23:24:07,578 INFO --------------------------------------
2020-05-10 23:24:07,578 INFO N_ENTITY: 14541
2020-05-10 23:24:07,578 INFO N_RELATION: 237
2020-05-10 23:24:07,578 INFO --------------------------------------
2020-05-10 23:24:11,212 INFO Start Training...
2020-05-10 23:26:15,776 INFO [124.6] Epoch 0: loss = 0.0454
2020-05-10 23:28:21,581 INFO [125.8] Epoch 1: loss = 0.0241
2020-05-10 23:30:25,443 INFO [123.9] Epoch 2: loss = 0.0217
2020-05-10 23:32:30,191 INFO [124.7] Epoch 3: loss = 0.0204
2020-05-10 23:34:34,807 INFO [124.6] Epoch 4: loss = 0.0196
2020-05-10 23:36:38,482 INFO [123.7] Epoch 5: loss = 0.0189
2020-05-10 23:38:42,314 INFO [123.8] Epoch 6: loss = 0.0185
2020-05-10 23:40:46,212 INFO [123.9] Epoch 7: loss = 0.0181
2020-05-10 23:42:51,256 INFO [125.0] Epoch 8: loss = 0.0178
2020-05-10 23:44:55,024 INFO [123.8] Epoch 9: loss = 0.0175
2020-05-10 23:44:55,025 INFO Start Evaling...
2020-05-10 23:48:18,226 INFO Head: mr:379.7 mrr:16.80 hits:30.84
2020-05-10 23:48:18,226 INFO Tail: mr:202.4 mrr:36.50 hits:55.53
2020-05-10 23:48:18,226 INFO All: mr:291.0 mrr:26.65 hits:43.18
2020-05-10 23:48:18,237 INFO Start Evaling...
2020-05-10 23:52:11,016 INFO Head: mr:391.5 mrr:16.90 hits:30.81
2020-05-10 23:52:11,016 INFO Tail: mr:211.1 mrr:36.22 hits:54.65
2020-05-10 23:52:11,017 INFO All: mr:301.3 mrr:26.56 hits:42.73
2020-05-10 23:52:11,029 INFO Improved and model saved
2020-05-10 23:54:16,165 INFO [125.1] Epoch 10: loss = 0.0173
2020-05-10 23:56:19,763 INFO [123.6] Epoch 11: loss = 0.0171
2020-05-10 23:58:24,401 INFO [124.6] Epoch 12: loss = 0.0169
2020-05-11 00:00:29,217 INFO [124.8] Epoch 13: loss = 0.0168
2020-05-11 00:02:33,885 INFO [124.7] Epoch 14: loss = 0.0167
2020-05-11 00:04:37,616 INFO [123.7] Epoch 15: loss = 0.0165
2020-05-11 00:06:41,710 INFO [124.1] Epoch 16: loss = 0.0164
2020-05-11 00:08:46,437 INFO [124.7] Epoch 17: loss = 0.0164
2020-05-11 00:10:51,274 INFO [124.8] Epoch 18: loss = 0.0162
2020-05-11 00:12:56,017 INFO [124.7] Epoch 19: loss = 0.0162
2020-05-11 00:12:56,017 INFO Start Evaling...
2020-05-11 00:16:19,198 INFO Head: mr:442.8 mrr:17.82 hits:32.17
2020-05-11 00:16:19,198 INFO Tail: mr:231.9 mrr:37.76 hits:56.74
2020-05-11 00:16:19,198 INFO All: mr:337.4 mrr:27.79 hits:44.45
2020-05-11 00:16:19,209 INFO Start Evaling...
2020-05-11 00:20:12,084 INFO Head: mr:458.8 mrr:17.54 hits:31.91
2020-05-11 00:20:12,084 INFO Tail: mr:246.5 mrr:37.02 hits:56.05
2020-05-11 00:20:12,084 INFO All: mr:352.6 mrr:27.28 hits:43.98
2020-05-11 00:20:12,097 INFO Improved and model saved
2020-05-11 00:22:17,150 INFO [125.0] Epoch 20: loss = 0.0161
2020-05-11 00:24:21,890 INFO [124.7] Epoch 21: loss = 0.0160
2020-05-11 00:26:25,856 INFO [124.0] Epoch 22: loss = 0.0160
2020-05-11 00:28:30,869 INFO [125.0] Epoch 23: loss = 0.0159
2020-05-11 00:30:36,351 INFO [125.5] Epoch 24: loss = 0.0158
2020-05-11 00:32:41,297 INFO [124.9] Epoch 25: loss = 0.0158
2020-05-11 00:34:46,320 INFO [125.0] Epoch 26: loss = 0.0158
2020-05-11 00:36:51,084 INFO [124.8] Epoch 27: loss = 0.0157
2020-05-11 00:38:54,678 INFO [123.6] Epoch 28: loss = 0.0157
2020-05-11 00:40:58,755 INFO [124.1] Epoch 29: loss = 0.0156
2020-05-11 00:40:58,755 INFO Start Evaling...
2020-05-11 00:44:21,892 INFO Head: mr:494.1 mrr:17.83 hits:32.50
2020-05-11 00:44:21,892 INFO Tail: mr:264.6 mrr:38.20 hits:57.02
2020-05-11 00:44:21,892 INFO All: mr:379.3 mrr:28.02 hits:44.76
2020-05-11 00:44:21,903 INFO Start Evaling...
2020-05-11 00:48:14,558 INFO Head: mr:504.3 mrr:17.80 hits:32.40
2020-05-11 00:48:14,558 INFO Tail: mr:269.7 mrr:37.33 hits:56.32
2020-05-11 00:48:14,559 INFO All: mr:387.0 mrr:27.57 hits:44.36
2020-05-11 00:48:14,572 INFO Improved and model saved
2020-05-11 00:50:19,335 INFO [124.7] Epoch 30: loss = 0.0156
2020-05-11 00:52:22,912 INFO [123.6] Epoch 31: loss = 0.0156
2020-05-11 00:54:27,813 INFO [124.9] Epoch 32: loss = 0.0155
2020-05-11 00:56:32,566 INFO [124.8] Epoch 33: loss = 0.0155
2020-05-11 00:58:37,050 INFO [124.5] Epoch 34: loss = 0.0155
2020-05-11 01:00:40,552 INFO [123.5] Epoch 35: loss = 0.0154
2020-05-11 01:02:45,356 INFO [124.8] Epoch 36: loss = 0.0154
2020-05-11 01:04:50,146 INFO [124.8] Epoch 37: loss = 0.0154
2020-05-11 01:06:54,994 INFO [124.8] Epoch 38: loss = 0.0154
2020-05-11 01:08:59,724 INFO [124.7] Epoch 39: loss = 0.0154
2020-05-11 01:08:59,724 INFO Start Evaling...
2020-05-11 01:12:21,453 INFO Head: mr:527.3 mrr:17.97 hits:32.08
2020-05-11 01:12:21,453 INFO Tail: mr:274.4 mrr:38.12 hits:56.81
2020-05-11 01:12:21,453 INFO All: mr:400.9 mrr:28.05 hits:44.45
2020-05-11 01:12:21,464 INFO Start Evaling...
2020-05-11 01:16:12,486 INFO Head: mr:535.5 mrr:17.90 hits:32.08
2020-05-11 01:16:12,486 INFO Tail: mr:282.6 mrr:37.13 hits:56.16
2020-05-11 01:16:12,487 INFO All: mr:409.0 mrr:27.52 hits:44.12
2020-05-11 01:16:12,500 INFO Improved and model saved
2020-05-11 01:18:16,209 INFO [123.7] Epoch 40: loss = 0.0153
2020-05-11 01:20:20,952 INFO [124.7] Epoch 41: loss = 0.0153
2020-05-11 01:22:25,498 INFO [124.5] Epoch 42: loss = 0.0153
