2020-05-12 21:04:02,861 INFO EPOCH: 1000
2020-05-12 21:04:02,861 INFO EVERY: 10
2020-05-12 21:04:02,861 INFO LR: 0.001
2020-05-12 21:04:02,861 INFO DIM: 200
2020-05-12 21:04:02,862 INFO BATCH_SIZE: 128
2020-05-12 21:04:02,862 INFO BATCH_SIZE2: 128
2020-05-12 21:04:02,862 INFO P: 1
2020-05-12 21:04:02,862 INFO CLIPPING_MAX_VALUE: 4.0
2020-05-12 21:04:02,862 INFO OPTIM: Adam
2020-05-12 21:04:02,862 INFO N_SAMPLE: 100
2020-05-12 21:04:02,862 INFO MODE: 1vsN
2020-05-12 21:04:02,862 INFO RATE: 0.02
2020-05-12 21:04:02,862 INFO GAMMA: 12.0
2020-05-12 21:04:02,862 INFO BERN: True
2020-05-12 21:04:02,862 INFO MARGIN: 4.0
2020-05-12 21:04:02,863 INFO REG: 1.0
2020-05-12 21:04:02,863 INFO LABEL_SMOOTH_EPS: 0.1
2020-05-12 21:04:02,863 INFO INPUT_DROP: 0.2
2020-05-12 21:04:02,863 INFO FEAT_DROP: 0.2
2020-05-12 21:04:02,863 INFO HIDD_DROP: 0.3
2020-05-12 21:04:02,863 INFO CHANNELS: 50
2020-05-12 21:04:02,863 INFO KERNEL_SIZE: 3
2020-05-12 21:04:02,863 INFO N_POOL: 100
2020-05-12 21:04:02,863 INFO MODEL_D: TransH
2020-05-12 21:04:02,863 INFO MODEL_G: DistMult
2020-05-12 21:04:02,863 INFO SCRATCH: False
2020-05-12 21:04:02,863 INFO D_FILE: None
2020-05-12 21:04:02,864 INFO G_FILE: None
2020-05-12 21:04:02,864 INFO PATH: data
2020-05-12 21:04:02,864 INFO DATA: FB15K237
2020-05-12 21:04:02,864 INFO EXP_PATH: experiment/FB15K237
2020-05-12 21:04:02,864 INFO MODEL: ConvE
2020-05-12 21:04:02,864 INFO V: 2
2020-05-12 21:04:02,864 INFO F: True
2020-05-12 21:04:02,864 INFO EVAL: False
2020-05-12 21:04:02,864 INFO TRAINED: False
2020-05-12 21:04:02,864 INFO PRETRAINED_NAME: None
2020-05-12 21:04:02,864 INFO EXP_NAME: ConvE-FB15K237-1vsN-2
2020-05-12 21:04:02,864 INFO --------------------------------------
2020-05-12 21:04:58,968 INFO Dataload done
2020-05-12 21:04:58,968 INFO --------------------------------------
2020-05-12 21:04:58,968 INFO N_ENTITY: 14541
2020-05-12 21:04:58,968 INFO N_RELATION: 237
2020-05-12 21:04:58,969 INFO --------------------------------------
2020-05-12 21:05:02,581 INFO Start Training...
2020-05-12 21:09:30,214 INFO [267.6] Epoch 0: loss = 0.0514
2020-05-12 21:14:07,102 INFO [276.9] Epoch 1: loss = 0.0306
2020-05-12 21:18:39,123 INFO [272.0] Epoch 2: loss = 0.0282
2020-05-12 21:23:06,593 INFO [267.5] Epoch 3: loss = 0.0268
2020-05-12 21:27:38,232 INFO [271.6] Epoch 4: loss = 0.0260
2020-05-12 21:32:09,844 INFO [271.6] Epoch 5: loss = 0.0254
2020-05-12 21:36:38,084 INFO [268.2] Epoch 6: loss = 0.0249
2020-05-12 21:41:09,492 INFO [271.4] Epoch 7: loss = 0.0245
2020-05-12 21:45:41,236 INFO [271.7] Epoch 8: loss = 0.0242
2020-05-12 21:50:08,754 INFO [267.5] Epoch 9: loss = 0.0239
2020-05-12 21:50:08,755 INFO Start Evaling...
2020-05-12 21:53:31,372 INFO Head: mr:250.4 mrr:19.52 hits:35.17
2020-05-12 21:53:31,373 INFO Tail: mr:123.7 mrr:39.41 hits:58.73
2020-05-12 21:53:31,373 INFO All: mr:187.0 mrr:29.46 hits:46.95
2020-05-12 21:53:31,383 INFO Start Evaling...
2020-05-12 21:57:23,404 INFO Head: mr:256.2 mrr:19.36 hits:35.08
2020-05-12 21:57:23,404 INFO Tail: mr:131.7 mrr:38.84 hits:58.48
2020-05-12 21:57:23,404 INFO All: mr:194.0 mrr:29.10 hits:46.78
2020-05-12 21:57:23,417 INFO Improved and model saved
2020-05-12 22:01:55,362 INFO [271.9] Epoch 10: loss = 0.0237
2020-05-12 22:06:23,603 INFO [268.2] Epoch 11: loss = 0.0235
2020-05-12 22:10:52,230 INFO [268.6] Epoch 12: loss = 0.0234
2020-05-12 22:15:24,459 INFO [272.2] Epoch 13: loss = 0.0232
2020-05-12 22:19:56,208 INFO [271.7] Epoch 14: loss = 0.0231
2020-05-12 22:24:28,538 INFO [272.3] Epoch 15: loss = 0.0230
2020-05-12 22:28:55,924 INFO [267.4] Epoch 16: loss = 0.0229
2020-05-12 22:33:27,654 INFO [271.7] Epoch 17: loss = 0.0228
2020-05-12 22:37:56,032 INFO [268.4] Epoch 18: loss = 0.0227
2020-05-12 22:42:24,534 INFO [268.5] Epoch 19: loss = 0.0226
2020-05-12 22:42:24,534 INFO Start Evaling...
2020-05-12 22:45:45,591 INFO Head: mr:250.3 mrr:21.30 hits:38.36
2020-05-12 22:45:45,592 INFO Tail: mr:117.8 mrr:40.94 hits:60.80
2020-05-12 22:45:45,592 INFO All: mr:184.1 mrr:31.12 hits:49.58
2020-05-12 22:45:45,603 INFO Start Evaling...
2020-05-12 22:49:36,020 INFO Head: mr:257.6 mrr:21.14 hits:37.72
2020-05-12 22:49:36,020 INFO Tail: mr:126.8 mrr:40.26 hits:60.39
2020-05-12 22:49:36,020 INFO All: mr:192.2 mrr:30.70 hits:49.05
2020-05-12 22:49:36,033 INFO Improved and model saved
2020-05-12 22:54:04,033 INFO [268.0] Epoch 20: loss = 0.0225
2020-05-12 22:58:31,801 INFO [267.8] Epoch 21: loss = 0.0225
2020-05-12 23:03:03,299 INFO [271.5] Epoch 22: loss = 0.0224
2020-05-12 23:07:39,793 INFO [276.5] Epoch 23: loss = 0.0224
2020-05-12 23:12:07,954 INFO [268.2] Epoch 24: loss = 0.0223
2020-05-12 23:16:39,443 INFO [271.5] Epoch 25: loss = 0.0222
2020-05-12 23:21:11,721 INFO [272.3] Epoch 26: loss = 0.0222
2020-05-12 23:25:39,646 INFO [267.9] Epoch 27: loss = 0.0221
2020-05-12 23:30:07,629 INFO [268.0] Epoch 28: loss = 0.0221
2020-05-12 23:34:35,223 INFO [267.6] Epoch 29: loss = 0.0221
2020-05-12 23:34:35,224 INFO Start Evaling...
2020-05-12 23:37:58,099 INFO Head: mr:259.1 mrr:21.75 hits:39.13
2020-05-12 23:37:58,099 INFO Tail: mr:118.6 mrr:41.72 hits:61.60
2020-05-12 23:37:58,099 INFO All: mr:188.9 mrr:31.74 hits:50.36
2020-05-12 23:37:58,111 INFO Start Evaling...
2020-05-12 23:41:50,551 INFO Head: mr:262.1 mrr:21.88 hits:38.76
2020-05-12 23:41:50,551 INFO Tail: mr:130.3 mrr:41.26 hits:61.24
2020-05-12 23:41:50,552 INFO All: mr:196.2 mrr:31.57 hits:50.00
2020-05-12 23:41:50,565 INFO Improved and model saved
2020-05-12 23:46:22,869 INFO [272.3] Epoch 30: loss = 0.0220
2020-05-12 23:50:54,589 INFO [271.7] Epoch 31: loss = 0.0220
2020-05-12 23:55:26,169 INFO [271.6] Epoch 32: loss = 0.0220
2020-05-12 23:59:57,830 INFO [271.7] Epoch 33: loss = 0.0219
2020-05-13 00:04:25,643 INFO [267.8] Epoch 34: loss = 0.0219
2020-05-13 00:08:57,182 INFO [271.5] Epoch 35: loss = 0.0219
2020-05-13 00:13:24,643 INFO [267.5] Epoch 36: loss = 0.0219
2020-05-13 00:17:52,230 INFO [267.6] Epoch 37: loss = 0.0218
2020-05-13 00:22:24,632 INFO [272.4] Epoch 38: loss = 0.0218
2020-05-13 00:26:52,636 INFO [268.0] Epoch 39: loss = 0.0218
2020-05-13 00:26:52,637 INFO Start Evaling...
2020-05-13 00:30:13,601 INFO Head: mr:264.3 mrr:22.08 hits:39.58
2020-05-13 00:30:13,601 INFO Tail: mr:120.0 mrr:42.01 hits:61.85
2020-05-13 00:30:13,601 INFO All: mr:192.1 mrr:32.04 hits:50.72
2020-05-13 00:30:13,612 INFO Start Evaling...
2020-05-13 00:34:03,733 INFO Head: mr:268.7 mrr:22.09 hits:39.08
2020-05-13 00:34:03,733 INFO Tail: mr:130.3 mrr:41.43 hits:61.67
2020-05-13 00:34:03,733 INFO All: mr:199.5 mrr:31.76 hits:50.37
2020-05-13 00:34:03,747 INFO Improved and model saved
2020-05-13 00:38:31,005 INFO [267.2] Epoch 40: loss = 0.0217
2020-05-13 00:42:58,892 INFO [267.9] Epoch 41: loss = 0.0217
2020-05-13 00:47:31,071 INFO [272.2] Epoch 42: loss = 0.0217
2020-05-13 00:52:03,624 INFO [272.6] Epoch 43: loss = 0.0217
2020-05-13 00:56:31,928 INFO [268.3] Epoch 44: loss = 0.0216
2020-05-13 01:01:03,486 INFO [271.6] Epoch 45: loss = 0.0216
2020-05-13 01:05:34,946 INFO [271.5] Epoch 46: loss = 0.0216
2020-05-13 01:10:06,928 INFO [272.0] Epoch 47: loss = 0.0216
2020-05-13 01:14:38,329 INFO [271.4] Epoch 48: loss = 0.0216
2020-05-13 01:19:10,855 INFO [272.5] Epoch 49: loss = 0.0216
2020-05-13 01:19:10,855 INFO Start Evaling...
2020-05-13 01:22:31,769 INFO Head: mr:264.9 mrr:22.26 hits:39.97
2020-05-13 01:22:31,769 INFO Tail: mr:120.1 mrr:41.81 hits:62.01
2020-05-13 01:22:31,769 INFO All: mr:192.5 mrr:32.04 hits:50.99
2020-05-13 01:22:31,780 INFO Start Evaling...
2020-05-13 01:26:22,068 INFO Head: mr:271.8 mrr:22.02 hits:39.14
2020-05-13 01:26:22,068 INFO Tail: mr:131.9 mrr:40.91 hits:61.60
2020-05-13 01:26:22,068 INFO All: mr:201.9 mrr:31.47 hits:50.37
2020-05-13 01:26:22,081 INFO Declined in recent 1 epochs
2020-05-13 01:30:49,391 INFO [267.3] Epoch 50: loss = 0.0215
2020-05-13 01:35:21,313 INFO [271.9] Epoch 51: loss = 0.0215
2020-05-13 01:39:52,764 INFO [271.5] Epoch 52: loss = 0.0215
2020-05-13 01:44:29,858 INFO [277.1] Epoch 53: loss = 0.0215
2020-05-13 01:48:57,270 INFO [267.4] Epoch 54: loss = 0.0215
2020-05-13 01:53:23,698 INFO [266.4] Epoch 55: loss = 0.0215
2020-05-13 01:58:00,029 INFO [276.3] Epoch 56: loss = 0.0214
2020-05-13 02:02:27,321 INFO [267.3] Epoch 57: loss = 0.0214
2020-05-13 02:06:58,671 INFO [271.4] Epoch 58: loss = 0.0214
2020-05-13 02:11:30,996 INFO [272.3] Epoch 59: loss = 0.0214
2020-05-13 02:11:30,997 INFO Start Evaling...
2020-05-13 02:14:53,882 INFO Head: mr:269.1 mrr:22.52 hits:40.01
2020-05-13 02:14:53,883 INFO Tail: mr:123.6 mrr:42.31 hits:62.45
2020-05-13 02:14:53,883 INFO All: mr:196.3 mrr:32.41 hits:51.23
2020-05-13 02:14:53,893 INFO Start Evaling...
2020-05-13 02:18:46,387 INFO Head: mr:277.4 mrr:22.34 hits:39.27
2020-05-13 02:18:46,388 INFO Tail: mr:135.2 mrr:41.35 hits:61.81
2020-05-13 02:18:46,388 INFO All: mr:206.3 mrr:31.84 hits:50.54
2020-05-13 02:18:46,401 INFO Improved and model saved
2020-05-13 02:23:18,644 INFO [272.2] Epoch 60: loss = 0.0214
2020-05-13 02:27:46,520 INFO [267.9] Epoch 61: loss = 0.0214
2020-05-13 02:32:18,684 INFO [272.2] Epoch 62: loss = 0.0214
2020-05-13 02:36:50,243 INFO [271.6] Epoch 63: loss = 0.0214
2020-05-13 02:41:26,591 INFO [276.3] Epoch 64: loss = 0.0214
2020-05-13 02:45:54,884 INFO [268.3] Epoch 65: loss = 0.0213
2020-05-13 02:50:22,428 INFO [267.5] Epoch 66: loss = 0.0213
2020-05-13 02:54:54,545 INFO [272.1] Epoch 67: loss = 0.0213
2020-05-13 02:59:25,906 INFO [271.4] Epoch 68: loss = 0.0213
2020-05-13 03:03:53,069 INFO [267.2] Epoch 69: loss = 0.0213
2020-05-13 03:03:53,070 INFO Start Evaling...
2020-05-13 03:07:14,332 INFO Head: mr:269.0 mrr:22.44 hits:40.03
2020-05-13 03:07:14,332 INFO Tail: mr:124.2 mrr:42.44 hits:62.33
2020-05-13 03:07:14,332 INFO All: mr:196.6 mrr:32.44 hits:51.18
2020-05-13 03:07:14,343 INFO Start Evaling...
2020-05-13 03:11:04,860 INFO Head: mr:275.3 mrr:22.42 hits:39.52
2020-05-13 03:11:04,860 INFO Tail: mr:136.6 mrr:41.61 hits:61.76
2020-05-13 03:11:04,861 INFO All: mr:206.0 mrr:32.02 hits:50.64
2020-05-13 03:11:04,874 INFO Improved and model saved
2020-05-13 03:15:32,790 INFO [267.9] Epoch 70: loss = 0.0213
