2020-04-22 13:31:28,758 INFO EPOCH: 1000
2020-04-22 13:31:28,758 INFO EVERY: 10
2020-04-22 13:31:28,758 INFO LR: 0.001
2020-04-22 13:31:28,758 INFO DIM: 100
2020-04-22 13:31:28,758 INFO BATCH_SIZE: 256
2020-04-22 13:31:28,758 INFO BATCH_SIZE2: 256
2020-04-22 13:31:28,759 INFO P: 1
2020-04-22 13:31:28,759 INFO CLIPPING_MAX_VALUE: 4.0
2020-04-22 13:31:28,759 INFO OPTIM: Adam
2020-04-22 13:31:28,759 INFO N_SAMPLE: 200
2020-04-22 13:31:28,759 INFO MODE: rand
2020-04-22 13:31:28,759 INFO GAMMA: 12.0
2020-04-22 13:31:28,759 INFO BERN: True
2020-04-22 13:31:28,759 INFO MARGIN: 4.0
2020-04-22 13:31:28,759 INFO REG: 1.0
2020-04-22 13:31:28,759 INFO LABEL_SMOOTH_EPS: 0.1
2020-04-22 13:31:28,759 INFO INPUT_DROP: 0.2
2020-04-22 13:31:28,759 INFO FEAT_DROP: 0.2
2020-04-22 13:31:28,759 INFO HIDD_DROP: 0.3
2020-04-22 13:31:28,759 INFO CHANNELS: 50
2020-04-22 13:31:28,759 INFO KERNEL_SIZE: 3
2020-04-22 13:31:28,759 INFO N_POOL: 100
2020-04-22 13:31:28,759 INFO MODEL_D: TransH
2020-04-22 13:31:28,760 INFO MODEL_G: DistMult
2020-04-22 13:31:28,760 INFO SCRATCH: False
2020-04-22 13:31:28,760 INFO D_FILE: None
2020-04-22 13:31:28,760 INFO G_FILE: None
2020-04-22 13:31:28,760 INFO PATH: data
2020-04-22 13:31:28,760 INFO DATA: FB15K237
2020-04-22 13:31:28,760 INFO EXP_PATH: experiment/FB15K237
2020-04-22 13:31:28,760 INFO MODEL: DistMult
2020-04-22 13:31:28,760 INFO V: 100
2020-04-22 13:31:28,760 INFO F: True
2020-04-22 13:31:28,760 INFO EVAL: False
2020-04-22 13:31:28,760 INFO TRAINED: False
2020-04-22 13:31:28,760 INFO PRETRAINED_NAME: None
2020-04-22 13:31:28,760 INFO EXP_NAME: DistMult-FB15K237-rand-100
2020-04-22 13:31:28,760 INFO --------------------------------------
2020-04-22 13:31:33,788 INFO Dataload done
2020-04-22 13:31:33,789 INFO --------------------------------------
2020-04-22 13:31:33,789 INFO N_ENTITY: 14541
2020-04-22 13:31:33,789 INFO N_RELATION: 237
2020-04-22 13:31:33,789 INFO --------------------------------------
2020-04-22 13:31:42,287 INFO Start Training...
2020-04-22 13:32:27,203 INFO [44.9] Epoch 0: loss = 322.2412
2020-04-22 13:33:13,469 INFO [46.3] Epoch 1: loss = 167.8106
2020-04-22 13:34:03,639 INFO [50.2] Epoch 2: loss = 100.1990
2020-04-22 13:34:51,643 INFO [48.0] Epoch 3: loss = 75.4722
2020-04-22 13:35:41,980 INFO [50.3] Epoch 4: loss = 62.8333
2020-04-22 13:36:30,047 INFO [48.1] Epoch 5: loss = 55.1119
2020-04-22 13:37:19,498 INFO [49.4] Epoch 6: loss = 49.8194
2020-04-22 13:38:09,437 INFO [49.9] Epoch 7: loss = 45.9706
