2020-05-19 18:42:36,511 INFO EPOCH: 1000
2020-05-19 18:42:36,511 INFO EVERY: 10
2020-05-19 18:42:36,511 INFO LR: 0.001
2020-05-19 18:42:36,512 INFO DIM: 100
2020-05-19 18:42:36,512 INFO BATCH_SIZE: 256
2020-05-19 18:42:36,512 INFO BATCH_SIZE2: 256
2020-05-19 18:42:36,512 INFO P: 1
2020-05-19 18:42:36,512 INFO CLIPPING_MAX_VALUE: 4.0
2020-05-19 18:42:36,512 INFO OPTIM: Adam
2020-05-19 18:42:36,512 INFO N_SAMPLE: 10
2020-05-19 18:42:36,512 INFO MODE: grap
2020-05-19 18:42:36,512 INFO RATE: 0.05
2020-05-19 18:42:36,512 INFO GAMMA: 12.0
2020-05-19 18:42:36,512 INFO BERN: True
2020-05-19 18:42:36,512 INFO MARGIN: 4.0
2020-05-19 18:42:36,513 INFO REG: 1.0
2020-05-19 18:42:36,513 INFO LABEL_SMOOTH_EPS: 0.1
2020-05-19 18:42:36,513 INFO INPUT_DROP: 0.2
2020-05-19 18:42:36,513 INFO FEAT_DROP: 0.2
2020-05-19 18:42:36,513 INFO HIDD_DROP: 0.3
2020-05-19 18:42:36,513 INFO CHANNELS: 50
2020-05-19 18:42:36,513 INFO KERNEL_SIZE: 3
2020-05-19 18:42:36,513 INFO N_POOL: 100
2020-05-19 18:42:36,513 INFO MODEL_D: TransH
2020-05-19 18:42:36,513 INFO MODEL_G: DistMult
2020-05-19 18:42:36,513 INFO SCRATCH: False
2020-05-19 18:42:36,513 INFO D_FILE: None
2020-05-19 18:42:36,514 INFO G_FILE: None
2020-05-19 18:42:36,514 INFO PATH: data
2020-05-19 18:42:36,514 INFO DATA: FB15K237
2020-05-19 18:42:36,514 INFO EXP_PATH: experiment/FB15K237
2020-05-19 18:42:36,514 INFO MODEL: DistMult
2020-05-19 18:42:36,514 INFO V: 10.05
2020-05-19 18:42:36,514 INFO F: True
2020-05-19 18:42:36,514 INFO EVAL: False
2020-05-19 18:42:36,514 INFO TRAINED: False
2020-05-19 18:42:36,514 INFO PRETRAINED_NAME: None
2020-05-19 18:42:36,514 INFO EXP_NAME: DistMult-FB15K237-grap-10.05
2020-05-19 18:42:36,514 INFO --------------------------------------
2020-05-19 18:43:01,373 INFO Dataload done
2020-05-19 18:43:01,374 INFO --------------------------------------
2020-05-19 18:43:01,374 INFO N_ENTITY: 14541
2020-05-19 18:43:01,374 INFO N_RELATION: 237
2020-05-19 18:43:01,374 INFO --------------------------------------
2020-05-19 18:43:04,831 INFO Start Training...
2020-05-19 18:44:26,943 INFO [82.1] Epoch 0: loss = 340.4688
2020-05-19 18:45:50,046 INFO [83.1] Epoch 1: loss = 268.1119
2020-05-19 18:47:13,589 INFO [83.5] Epoch 2: loss = 234.4291
2020-05-19 18:48:37,060 INFO [83.5] Epoch 3: loss = 208.3628
2020-05-19 18:50:00,456 INFO [83.4] Epoch 4: loss = 190.2186
2020-05-19 18:51:22,696 INFO [82.2] Epoch 5: loss = 178.1124
2020-05-19 18:52:44,920 INFO [82.2] Epoch 6: loss = 169.5220
2020-05-19 18:54:08,314 INFO [83.4] Epoch 7: loss = 163.1548
2020-05-19 18:55:32,025 INFO [83.7] Epoch 8: loss = 159.2006
2020-05-19 18:56:55,746 INFO [83.7] Epoch 9: loss = 155.3553
2020-05-19 18:56:55,746 INFO Start Evaling...
2020-05-19 18:59:25,271 INFO Head: mr:459.3 mrr:14.96 hits:26.86
2020-05-19 18:59:25,271 INFO Tail: mr:225.3 mrr:35.22 hits:52.80
2020-05-19 18:59:25,271 INFO All: mr:342.3 mrr:25.09 hits:39.83
2020-05-19 18:59:25,283 INFO Start Evaling...
2020-05-19 19:02:16,943 INFO Head: mr:465.1 mrr:14.95 hits:26.79
2020-05-19 19:02:16,943 INFO Tail: mr:241.0 mrr:34.48 hits:52.10
2020-05-19 19:02:16,943 INFO All: mr:353.1 mrr:24.71 hits:39.45
2020-05-19 19:02:16,956 INFO Improved and model saved
2020-05-19 19:03:39,896 INFO [82.9] Epoch 10: loss = 152.1532
2020-05-19 19:05:02,295 INFO [82.4] Epoch 11: loss = 149.5901
2020-05-19 19:06:24,663 INFO [82.4] Epoch 12: loss = 147.4806
2020-05-19 19:07:48,759 INFO [84.1] Epoch 13: loss = 145.1052
2020-05-19 19:09:12,857 INFO [84.1] Epoch 14: loss = 143.2610
2020-05-19 19:10:37,205 INFO [84.3] Epoch 15: loss = 141.7963
2020-05-19 19:11:59,406 INFO [82.2] Epoch 16: loss = 140.1245
2020-05-19 19:13:22,135 INFO [82.7] Epoch 17: loss = 138.6856
2020-05-19 19:14:45,860 INFO [83.7] Epoch 18: loss = 137.8194
2020-05-19 19:16:09,615 INFO [83.8] Epoch 19: loss = 136.7053
2020-05-19 19:16:09,616 INFO Start Evaling...
2020-05-19 19:18:40,797 INFO Head: mr:399.7 mrr:15.99 hits:29.35
2020-05-19 19:18:40,798 INFO Tail: mr:195.0 mrr:34.92 hits:54.33
2020-05-19 19:18:40,798 INFO All: mr:297.4 mrr:25.45 hits:41.84
2020-05-19 19:18:40,810 INFO Start Evaling...
2020-05-19 19:21:34,563 INFO Head: mr:417.2 mrr:16.17 hits:29.60
2020-05-19 19:21:34,563 INFO Tail: mr:207.5 mrr:34.51 hits:53.55
2020-05-19 19:21:34,563 INFO All: mr:312.3 mrr:25.34 hits:41.57
2020-05-19 19:21:34,577 INFO Improved and model saved
2020-05-19 19:22:58,898 INFO [84.3] Epoch 20: loss = 135.6272
2020-05-19 19:24:22,714 INFO [83.8] Epoch 21: loss = 133.5562
2020-05-19 19:25:47,367 INFO [84.7] Epoch 22: loss = 133.5174
2020-05-19 19:27:12,332 INFO [85.0] Epoch 23: loss = 132.3532
2020-05-19 19:28:36,729 INFO [84.4] Epoch 24: loss = 131.9083
2020-05-19 19:30:00,609 INFO [83.9] Epoch 25: loss = 130.9506
2020-05-19 19:31:24,385 INFO [83.8] Epoch 26: loss = 130.3412
2020-05-19 19:32:46,810 INFO [82.4] Epoch 27: loss = 129.3047
2020-05-19 19:34:09,478 INFO [82.7] Epoch 28: loss = 128.3171
2020-05-19 19:35:32,574 INFO [83.1] Epoch 29: loss = 128.1399
2020-05-19 19:35:32,574 INFO Start Evaling...
2020-05-19 19:38:01,970 INFO Head: mr:370.9 mrr:16.39 hits:30.59
2020-05-19 19:38:01,970 INFO Tail: mr:184.6 mrr:35.55 hits:55.31
2020-05-19 19:38:01,970 INFO All: mr:277.7 mrr:25.97 hits:42.95
2020-05-19 19:38:01,983 INFO Start Evaling...
2020-05-19 19:40:53,796 INFO Head: mr:384.5 mrr:16.54 hits:30.68
2020-05-19 19:40:53,796 INFO Tail: mr:198.2 mrr:35.13 hits:54.77
2020-05-19 19:40:53,796 INFO All: mr:291.3 mrr:25.83 hits:42.72
2020-05-19 19:40:53,810 INFO Improved and model saved
2020-05-19 19:42:16,544 INFO [82.7] Epoch 30: loss = 126.7823
2020-05-19 19:43:38,747 INFO [82.2] Epoch 31: loss = 125.7267
2020-05-19 19:45:00,939 INFO [82.2] Epoch 32: loss = 125.9955
2020-05-19 19:46:25,804 INFO [84.9] Epoch 33: loss = 125.6156
2020-05-19 19:47:50,244 INFO [84.4] Epoch 34: loss = 125.2789
2020-05-19 19:49:12,776 INFO [82.5] Epoch 35: loss = 124.8449
2020-05-19 19:50:34,797 INFO [82.0] Epoch 36: loss = 123.9572
2020-05-19 19:51:59,007 INFO [84.2] Epoch 37: loss = 123.2508
2020-05-19 19:53:21,272 INFO [82.3] Epoch 38: loss = 122.5824
2020-05-19 19:54:43,343 INFO [82.1] Epoch 39: loss = 122.3464
2020-05-19 19:54:43,344 INFO Start Evaling...
2020-05-19 19:57:12,650 INFO Head: mr:359.0 mrr:16.36 hits:30.79
2020-05-19 19:57:12,650 INFO Tail: mr:179.2 mrr:35.95 hits:55.72
2020-05-19 19:57:12,650 INFO All: mr:269.1 mrr:26.15 hits:43.26
2020-05-19 19:57:12,663 INFO Start Evaling...
2020-05-19 20:00:04,364 INFO Head: mr:374.5 mrr:16.55 hits:30.84
2020-05-19 20:00:04,364 INFO Tail: mr:192.9 mrr:35.33 hits:55.20
2020-05-19 20:00:04,364 INFO All: mr:283.7 mrr:25.94 hits:43.02
2020-05-19 20:00:04,378 INFO Improved and model saved
2020-05-19 20:01:27,069 INFO [82.7] Epoch 40: loss = 122.2389
2020-05-19 20:02:50,723 INFO [83.7] Epoch 41: loss = 121.6466
2020-05-19 20:04:14,443 INFO [83.7] Epoch 42: loss = 121.1581
2020-05-19 20:05:37,180 INFO [82.7] Epoch 43: loss = 120.7954
2020-05-19 20:07:00,049 INFO [82.9] Epoch 44: loss = 120.4781
2020-05-19 20:08:23,849 INFO [83.8] Epoch 45: loss = 120.0333
2020-05-19 20:09:47,362 INFO [83.5] Epoch 46: loss = 119.5141
2020-05-19 20:11:09,929 INFO [82.6] Epoch 47: loss = 119.0125
2020-05-19 20:12:33,678 INFO [83.7] Epoch 48: loss = 118.5483
2020-05-19 20:13:57,390 INFO [83.7] Epoch 49: loss = 118.7679
2020-05-19 20:13:57,390 INFO Start Evaling...
2020-05-19 20:16:28,289 INFO Head: mr:356.4 mrr:16.89 hits:31.59
2020-05-19 20:16:28,289 INFO Tail: mr:175.3 mrr:36.34 hits:56.57
2020-05-19 20:16:28,289 INFO All: mr:265.9 mrr:26.61 hits:44.08
2020-05-19 20:16:28,301 INFO Start Evaling...
2020-05-19 20:19:21,859 INFO Head: mr:370.3 mrr:16.79 hits:31.35
2020-05-19 20:19:21,859 INFO Tail: mr:190.0 mrr:35.89 hits:55.89
2020-05-19 20:19:21,859 INFO All: mr:280.1 mrr:26.34 hits:43.62
2020-05-19 20:19:21,872 INFO Improved and model saved
2020-05-19 20:20:46,304 INFO [84.4] Epoch 50: loss = 118.7845
2020-05-19 20:22:08,145 INFO [81.8] Epoch 51: loss = 118.0667
