2020-04-14 19:35:09,583 INFO EPOCH: 1000
2020-04-14 19:35:09,583 INFO EVERY: 10
2020-04-14 19:35:09,583 INFO LR: 0.001
2020-04-14 19:35:09,583 INFO DIM: 100
2020-04-14 19:35:09,583 INFO BATCH_SIZE: 256
2020-04-14 19:35:09,583 INFO BATCH_SIZE2: 256
2020-04-14 19:35:09,583 INFO P: 1
2020-04-14 19:35:09,583 INFO CLIPPING_MAX_VALUE: 4.0
2020-04-14 19:35:09,583 INFO OPTIM: Adam
2020-04-14 19:35:09,583 INFO N_SAMPLE: 12
2020-04-14 19:35:09,583 INFO MODE: 1all
2020-04-14 19:35:09,583 INFO GAMMA: 12.0
2020-04-14 19:35:09,583 INFO BERN: True
2020-04-14 19:35:09,583 INFO MARGIN: 4.0
2020-04-14 19:35:09,583 INFO REG: 1.0
2020-04-14 19:35:09,583 INFO LABEL_SMOOTH_EPS: 0.1
2020-04-14 19:35:09,583 INFO INPUT_DROP: 0.2
2020-04-14 19:35:09,583 INFO FEAT_DROP: 0.2
2020-04-14 19:35:09,583 INFO HIDD_DROP: 0.3
2020-04-14 19:35:09,584 INFO CHANNELS: 50
2020-04-14 19:35:09,584 INFO KERNEL_SIZE: 3
2020-04-14 19:35:09,584 INFO N_POOL: 100
2020-04-14 19:35:09,584 INFO MODEL_D: TransH
2020-04-14 19:35:09,584 INFO MODEL_G: DistMult
2020-04-14 19:35:09,584 INFO SCRATCH: False
2020-04-14 19:35:09,584 INFO D_FILE: None
2020-04-14 19:35:09,584 INFO G_FILE: None
2020-04-14 19:35:09,584 INFO PATH: data
2020-04-14 19:35:09,584 INFO DATA: FB15K237
2020-04-14 19:35:09,584 INFO EXP_PATH: experiment/FB15K237
2020-04-14 19:35:09,584 INFO MODEL: DistMult
2020-04-14 19:35:09,584 INFO V: 0
2020-04-14 19:35:09,584 INFO F: False
2020-04-14 19:35:09,584 INFO EVAL: False
2020-04-14 19:35:09,584 INFO TRAINED: False
2020-04-14 19:35:09,584 INFO PRETRAINED_NAME: None
2020-04-14 19:35:09,584 INFO EXP_NAME: DistMult-FB15K237-1all-0
2020-04-14 19:35:09,584 INFO --------------------------------------
2020-04-14 19:35:15,597 INFO Dataload done
2020-04-14 19:35:15,597 INFO --------------------------------------
2020-04-14 19:35:15,597 INFO N_ENTITY: 14541
2020-04-14 19:35:15,597 INFO N_RELATION: 237
2020-04-14 19:35:15,597 INFO --------------------------------------
2020-04-14 19:35:21,023 INFO Start Evaling...
2020-04-14 19:35:52,519 INFO Head: mr:6991.6 mrr:0.08 hits:0.09
2020-04-14 19:35:52,522 INFO Tail: mr:7190.1 mrr:0.07 hits:0.10
2020-04-14 19:35:52,525 INFO All: mr:7090.9 mrr:0.08 hits:0.09
2020-04-14 19:35:52,540 INFO Start Training...
2020-04-14 19:38:33,059 INFO [160.5] Epoch 0: loss = 0.1142
2020-04-14 19:41:11,472 INFO [158.4] Epoch 1: loss = 0.0020
2020-04-14 19:43:49,457 INFO [158.0] Epoch 2: loss = 0.0015
2020-04-14 19:46:25,839 INFO [156.4] Epoch 3: loss = 0.0014
2020-04-14 19:49:03,951 INFO [158.1] Epoch 4: loss = 0.0014
2020-04-14 19:51:44,881 INFO [160.9] Epoch 5: loss = 0.0013
2020-04-14 19:54:23,077 INFO [158.2] Epoch 6: loss = 0.0013
2020-04-14 19:57:03,239 INFO [160.2] Epoch 7: loss = 0.0013
2020-04-14 19:59:38,904 INFO [155.7] Epoch 8: loss = 0.0013
2020-04-14 20:02:15,869 INFO [157.0] Epoch 9: loss = 0.0013
2020-04-14 20:02:15,869 INFO Start Evaling...
2020-04-14 20:02:48,074 INFO Head: mr:1489.5 mrr:4.84 hits:9.48
2020-04-14 20:02:48,077 INFO Tail: mr:1032.4 mrr:14.04 hits:26.75
2020-04-14 20:02:48,080 INFO All: mr:1261.0 mrr:9.44 hits:18.11
2020-04-14 20:02:48,095 INFO Improved and model saved
2020-04-14 20:05:25,103 INFO [157.0] Epoch 10: loss = 0.0013
2020-04-14 20:08:03,921 INFO [158.8] Epoch 11: loss = 0.0013
2020-04-14 20:10:41,805 INFO [157.9] Epoch 12: loss = 0.0013
2020-04-14 20:13:18,484 INFO [156.7] Epoch 13: loss = 0.0013
2020-04-14 20:15:58,988 INFO [160.5] Epoch 14: loss = 0.0013
2020-04-14 20:18:36,621 INFO [157.6] Epoch 15: loss = 0.0013
2020-04-14 20:21:19,574 INFO [163.0] Epoch 16: loss = 0.0013
2020-04-14 20:23:56,951 INFO [157.4] Epoch 17: loss = 0.0013
2020-04-14 20:26:34,920 INFO [158.0] Epoch 18: loss = 0.0013
2020-04-14 20:29:12,832 INFO [157.9] Epoch 19: loss = 0.0013
2020-04-14 20:29:12,832 INFO Start Evaling...
2020-04-14 20:29:44,598 INFO Head: mr:576.2 mrr:11.39 hits:21.62
2020-04-14 20:29:44,599 INFO Tail: mr:357.4 mrr:23.84 hits:43.18
2020-04-14 20:29:44,599 INFO All: mr:466.8 mrr:17.61 hits:32.40
2020-04-14 20:29:44,626 INFO Improved and model saved
2020-04-14 20:32:22,179 INFO [157.5] Epoch 20: loss = 0.0013
2020-04-14 20:34:59,815 INFO [157.6] Epoch 21: loss = 0.0013
2020-04-14 20:37:37,080 INFO [157.3] Epoch 22: loss = 0.0013
2020-04-14 20:40:15,250 INFO [158.2] Epoch 23: loss = 0.0013
2020-04-14 20:42:52,981 INFO [157.7] Epoch 24: loss = 0.0013
2020-04-14 20:45:31,995 INFO [159.0] Epoch 25: loss = 0.0013
2020-04-14 20:48:09,468 INFO [157.5] Epoch 26: loss = 0.0013
2020-04-14 20:50:49,406 INFO [159.9] Epoch 27: loss = 0.0013
2020-04-14 20:53:29,237 INFO [159.8] Epoch 28: loss = 0.0013
2020-04-14 20:56:07,795 INFO [158.6] Epoch 29: loss = 0.0013
2020-04-14 20:56:07,795 INFO Start Evaling...
2020-04-14 20:56:39,586 INFO Head: mr:467.1 mrr:12.90 hits:24.69
2020-04-14 20:56:39,589 INFO Tail: mr:293.4 mrr:25.33 hits:44.64
2020-04-14 20:56:39,592 INFO All: mr:380.2 mrr:19.12 hits:34.66
2020-04-14 20:56:39,614 INFO Improved and model saved
2020-04-14 20:59:16,351 INFO [156.7] Epoch 30: loss = 0.0013
2020-04-14 21:01:54,090 INFO [157.7] Epoch 31: loss = 0.0013
2020-04-14 21:04:33,385 INFO [159.3] Epoch 32: loss = 0.0013
2020-04-14 21:07:12,308 INFO [158.9] Epoch 33: loss = 0.0013
2020-04-14 21:09:52,764 INFO [160.5] Epoch 34: loss = 0.0013
2020-04-14 21:12:32,223 INFO [159.5] Epoch 35: loss = 0.0013
2020-04-14 21:15:11,768 INFO [159.5] Epoch 36: loss = 0.0013
2020-04-14 21:17:51,893 INFO [160.1] Epoch 37: loss = 0.0013
2020-04-14 21:20:30,970 INFO [159.1] Epoch 38: loss = 0.0013
2020-04-14 21:23:08,829 INFO [157.9] Epoch 39: loss = 0.0013
2020-04-14 21:23:08,830 INFO Start Evaling...
2020-04-14 21:23:42,582 INFO Head: mr:435.8 mrr:13.68 hits:26.03
2020-04-14 21:23:42,582 INFO Tail: mr:269.6 mrr:25.83 hits:45.58
2020-04-14 21:23:42,582 INFO All: mr:352.7 mrr:19.76 hits:35.80
2020-04-14 21:23:42,594 INFO Improved and model saved
2020-04-14 21:26:32,985 INFO [170.4] Epoch 40: loss = 0.0013
2020-04-14 21:29:17,926 INFO [164.9] Epoch 41: loss = 0.0013
2020-04-14 21:31:57,972 INFO [160.0] Epoch 42: loss = 0.0013
2020-04-14 21:34:37,086 INFO [159.1] Epoch 43: loss = 0.0013
2020-04-14 21:37:15,003 INFO [157.9] Epoch 44: loss = 0.0013
2020-04-14 21:39:59,829 INFO [164.8] Epoch 45: loss = 0.0013
2020-04-14 21:42:53,181 INFO [173.4] Epoch 46: loss = 0.0013
2020-04-14 21:45:53,410 INFO [180.2] Epoch 47: loss = 0.0013
2020-04-14 21:48:53,784 INFO [180.4] Epoch 48: loss = 0.0013
2020-04-14 21:51:52,835 INFO [179.1] Epoch 49: loss = 0.0013
2020-04-14 21:51:52,836 INFO Start Evaling...
2020-04-14 21:52:25,114 INFO Head: mr:411.7 mrr:15.03 hits:27.47
2020-04-14 21:52:25,117 INFO Tail: mr:260.9 mrr:26.13 hits:46.92
2020-04-14 21:52:25,120 INFO All: mr:336.3 mrr:20.58 hits:37.20
2020-04-14 21:52:25,139 INFO Improved and model saved
2020-04-14 21:55:07,861 INFO [162.7] Epoch 50: loss = 0.0013
2020-04-14 21:57:47,866 INFO [160.0] Epoch 51: loss = 0.0013
2020-04-14 22:00:30,135 INFO [162.3] Epoch 52: loss = 0.0013
2020-04-14 22:03:11,583 INFO [161.4] Epoch 53: loss = 0.0013
2020-04-14 22:05:53,967 INFO [162.4] Epoch 54: loss = 0.0013
2020-04-14 22:08:39,474 INFO [165.5] Epoch 55: loss = 0.0013
2020-04-14 22:11:22,547 INFO [163.1] Epoch 56: loss = 0.0013
2020-04-14 22:14:08,790 INFO [166.2] Epoch 57: loss = 0.0013
2020-04-14 22:17:00,318 INFO [171.5] Epoch 58: loss = 0.0013
2020-04-14 22:19:46,612 INFO [166.3] Epoch 59: loss = 0.0013
2020-04-14 22:19:46,612 INFO Start Evaling...
2020-04-14 22:20:18,541 INFO Head: mr:399.9 mrr:14.93 hits:27.74
2020-04-14 22:20:18,546 INFO Tail: mr:253.9 mrr:26.26 hits:46.59
2020-04-14 22:20:18,549 INFO All: mr:326.9 mrr:20.60 hits:37.17
2020-04-14 22:20:18,567 INFO Declined in recent 1 epochs
2020-04-14 22:23:02,409 INFO [163.8] Epoch 60: loss = 0.0013
2020-04-14 22:25:46,937 INFO [164.5] Epoch 61: loss = 0.0013
2020-04-14 22:28:27,225 INFO [160.3] Epoch 62: loss = 0.0013
2020-04-14 22:31:20,340 INFO [173.1] Epoch 63: loss = 0.0013
2020-04-14 22:34:13,923 INFO [173.6] Epoch 64: loss = 0.0013
2020-04-14 22:37:09,334 INFO [175.4] Epoch 65: loss = 0.0013
2020-04-14 22:40:03,276 INFO [173.9] Epoch 66: loss = 0.0013
2020-04-14 22:42:56,457 INFO [173.2] Epoch 67: loss = 0.0013
2020-04-14 22:45:51,171 INFO [174.7] Epoch 68: loss = 0.0013
2020-04-14 22:48:44,523 INFO [173.4] Epoch 69: loss = 0.0013
2020-04-14 22:48:44,523 INFO Start Evaling...
2020-04-14 22:49:30,224 INFO Head: mr:394.7 mrr:15.08 hits:28.58
2020-04-14 22:49:30,225 INFO Tail: mr:251.3 mrr:28.65 hits:48.49
2020-04-14 22:49:30,225 INFO All: mr:323.0 mrr:21.87 hits:38.53
2020-04-14 22:49:30,237 INFO Improved and model saved
2020-04-14 22:52:18,167 INFO [167.9] Epoch 70: loss = 0.0013
2020-04-14 22:54:56,019 INFO [157.9] Epoch 71: loss = 0.0013
2020-04-14 22:57:36,159 INFO [160.1] Epoch 72: loss = 0.0013
2020-04-14 23:00:12,841 INFO [156.7] Epoch 73: loss = 0.0013
2020-04-14 23:02:49,748 INFO [156.9] Epoch 74: loss = 0.0013
2020-04-14 23:05:28,874 INFO [159.1] Epoch 75: loss = 0.0013
2020-04-14 23:08:08,280 INFO [159.4] Epoch 76: loss = 0.0013
2020-04-14 23:10:45,702 INFO [157.4] Epoch 77: loss = 0.0013
2020-04-14 23:13:26,125 INFO [160.4] Epoch 78: loss = 0.0013
2020-04-14 23:16:02,833 INFO [156.7] Epoch 79: loss = 0.0013
2020-04-14 23:16:02,834 INFO Start Evaling...
2020-04-14 23:16:34,754 INFO Head: mr:384.0 mrr:15.41 hits:28.83
2020-04-14 23:16:34,757 INFO Tail: mr:246.4 mrr:27.05 hits:48.04
2020-04-14 23:16:34,760 INFO All: mr:315.2 mrr:21.23 hits:38.43
2020-04-14 23:16:34,780 INFO Declined in recent 1 epochs
2020-04-14 23:19:11,209 INFO [156.4] Epoch 80: loss = 0.0013
2020-04-14 23:21:50,831 INFO [159.6] Epoch 81: loss = 0.0013
2020-04-14 23:24:34,281 INFO [163.4] Epoch 82: loss = 0.0013
2020-04-14 23:27:19,176 INFO [164.9] Epoch 83: loss = 0.0013
2020-04-14 23:30:02,073 INFO [162.9] Epoch 84: loss = 0.0013
2020-04-14 23:32:40,979 INFO [158.9] Epoch 85: loss = 0.0013
2020-04-14 23:35:17,588 INFO [156.6] Epoch 86: loss = 0.0013
2020-04-14 23:37:54,128 INFO [156.5] Epoch 87: loss = 0.0013
2020-04-14 23:40:29,928 INFO [155.8] Epoch 88: loss = 0.0013
2020-04-14 23:43:33,830 INFO [183.9] Epoch 89: loss = 0.0013
2020-04-14 23:43:33,830 INFO Start Evaling...
2020-04-14 23:44:23,277 INFO Head: mr:381.9 mrr:15.63 hits:28.79
2020-04-14 23:44:23,280 INFO Tail: mr:246.8 mrr:27.19 hits:48.03
2020-04-14 23:44:23,283 INFO All: mr:314.3 mrr:21.41 hits:38.41
2020-04-14 23:44:23,307 INFO Declined in recent 2 epochs
2020-04-14 23:47:20,185 INFO [176.9] Epoch 90: loss = 0.0013
2020-04-14 23:50:22,111 INFO [181.9] Epoch 91: loss = 0.0013
2020-04-14 23:53:22,923 INFO [180.8] Epoch 92: loss = 0.0013
2020-04-14 23:56:21,188 INFO [178.3] Epoch 93: loss = 0.0013
2020-04-14 23:59:24,746 INFO [183.6] Epoch 94: loss = 0.0013
2020-04-15 00:02:26,892 INFO [182.1] Epoch 95: loss = 0.0013
2020-04-15 00:05:21,130 INFO [174.2] Epoch 96: loss = 0.0013
2020-04-15 00:08:21,060 INFO [179.9] Epoch 97: loss = 0.0013
2020-04-15 00:11:15,718 INFO [174.7] Epoch 98: loss = 0.0013
2020-04-15 00:14:08,404 INFO [172.7] Epoch 99: loss = 0.0013
2020-04-15 00:14:08,405 INFO Start Evaling...
2020-04-15 00:14:56,848 INFO Head: mr:383.0 mrr:15.38 hits:28.91
2020-04-15 00:14:56,852 INFO Tail: mr:245.3 mrr:27.73 hits:48.27
2020-04-15 00:14:56,855 INFO All: mr:314.1 mrr:21.56 hits:38.59
2020-04-15 00:14:56,883 INFO Improved and model saved
2020-04-15 00:18:04,461 INFO [187.6] Epoch 100: loss = 0.0013
2020-04-15 00:21:00,672 INFO [176.2] Epoch 101: loss = 0.0013
2020-04-15 00:24:00,035 INFO [179.4] Epoch 102: loss = 0.0013
2020-04-15 00:27:03,178 INFO [183.1] Epoch 103: loss = 0.0013
2020-04-15 00:29:58,908 INFO [175.7] Epoch 104: loss = 0.0013
2020-04-15 00:33:02,800 INFO [183.9] Epoch 105: loss = 0.0013
2020-04-15 00:36:12,144 INFO [189.3] Epoch 106: loss = 0.0013
2020-04-15 00:39:11,567 INFO [179.4] Epoch 107: loss = 0.0013
2020-04-15 00:42:12,157 INFO [180.6] Epoch 108: loss = 0.0013
2020-04-15 00:45:09,285 INFO [177.1] Epoch 109: loss = 0.0013
2020-04-15 00:45:09,286 INFO Start Evaling...
2020-04-15 00:45:56,248 INFO Head: mr:375.7 mrr:15.49 hits:28.93
2020-04-15 00:45:56,252 INFO Tail: mr:238.7 mrr:27.13 hits:48.62
2020-04-15 00:45:56,255 INFO All: mr:307.2 mrr:21.31 hits:38.77
2020-04-15 00:45:56,280 INFO Improved and model saved
2020-04-15 00:48:54,628 INFO [178.3] Epoch 110: loss = 0.0013
2020-04-15 00:51:55,170 INFO [180.5] Epoch 111: loss = 0.0013
2020-04-15 00:54:54,631 INFO [179.5] Epoch 112: loss = 0.0013
2020-04-15 00:58:01,142 INFO [186.5] Epoch 113: loss = 0.0013
2020-04-15 01:00:53,447 INFO [172.3] Epoch 114: loss = 0.0013
2020-04-15 01:03:54,733 INFO [181.3] Epoch 115: loss = 0.0013
2020-04-15 01:06:53,885 INFO [179.2] Epoch 116: loss = 0.0013
2020-04-15 01:09:49,548 INFO [175.7] Epoch 117: loss = 0.0013
2020-04-15 01:12:45,128 INFO [175.6] Epoch 118: loss = 0.0013
2020-04-15 01:15:40,219 INFO [175.1] Epoch 119: loss = 0.0013
2020-04-15 01:15:40,219 INFO Start Evaling...
2020-04-15 01:16:29,424 INFO Head: mr:374.2 mrr:15.86 hits:28.96
2020-04-15 01:16:29,428 INFO Tail: mr:240.9 mrr:27.00 hits:48.49
2020-04-15 01:16:29,431 INFO All: mr:307.6 mrr:21.43 hits:38.73
2020-04-15 01:16:29,470 INFO Declined in recent 1 epochs
2020-04-15 01:19:29,011 INFO [179.5] Epoch 120: loss = 0.0013
2020-04-15 01:22:28,183 INFO [179.2] Epoch 121: loss = 0.0013
2020-04-15 01:25:25,495 INFO [177.3] Epoch 122: loss = 0.0013
2020-04-15 01:28:21,598 INFO [176.1] Epoch 123: loss = 0.0013
2020-04-15 01:31:14,905 INFO [173.3] Epoch 124: loss = 0.0013
2020-04-15 01:34:06,690 INFO [171.8] Epoch 125: loss = 0.0013
2020-04-15 01:36:59,301 INFO [172.6] Epoch 126: loss = 0.0013
2020-04-15 01:39:49,194 INFO [169.9] Epoch 127: loss = 0.0013
2020-04-15 01:42:48,068 INFO [178.9] Epoch 128: loss = 0.0013
2020-04-15 01:45:38,276 INFO [170.2] Epoch 129: loss = 0.0013
2020-04-15 01:45:38,276 INFO Start Evaling...
2020-04-15 01:46:25,030 INFO Head: mr:375.7 mrr:16.15 hits:29.42
2020-04-15 01:46:25,034 INFO Tail: mr:241.1 mrr:26.85 hits:48.17
2020-04-15 01:46:25,036 INFO All: mr:308.4 mrr:21.50 hits:38.79
2020-04-15 01:46:25,066 INFO Improved and model saved
2020-04-15 01:49:22,958 INFO [177.9] Epoch 130: loss = 0.0013
2020-04-15 01:52:17,772 INFO [174.8] Epoch 131: loss = 0.0013
2020-04-15 01:55:08,540 INFO [170.8] Epoch 132: loss = 0.0013
2020-04-15 01:58:00,675 INFO [172.1] Epoch 133: loss = 0.0013
2020-04-15 02:00:56,433 INFO [175.8] Epoch 134: loss = 0.0013
2020-04-15 02:03:47,881 INFO [171.4] Epoch 135: loss = 0.0013
2020-04-15 02:06:43,980 INFO [176.1] Epoch 136: loss = 0.0013
2020-04-15 02:09:39,733 INFO [175.8] Epoch 137: loss = 0.0013
2020-04-15 02:12:35,881 INFO [176.1] Epoch 138: loss = 0.0013
2020-04-15 02:15:36,500 INFO [180.6] Epoch 139: loss = 0.0013
2020-04-15 02:15:36,500 INFO Start Evaling...
2020-04-15 02:16:21,972 INFO Head: mr:374.0 mrr:15.57 hits:29.28
2020-04-15 02:16:21,975 INFO Tail: mr:236.9 mrr:28.41 hits:49.40
2020-04-15 02:16:21,975 INFO All: mr:305.4 mrr:21.99 hits:39.34
2020-04-15 02:16:21,999 INFO Improved and model saved
2020-04-15 02:19:23,480 INFO [181.5] Epoch 140: loss = 0.0013
2020-04-15 02:22:22,025 INFO [178.5] Epoch 141: loss = 0.0013
2020-04-15 02:25:17,553 INFO [175.5] Epoch 142: loss = 0.0013
2020-04-15 02:28:23,225 INFO [185.7] Epoch 143: loss = 0.0013
2020-04-15 02:31:22,949 INFO [179.7] Epoch 144: loss = 0.0013
2020-04-15 02:34:23,470 INFO [180.5] Epoch 145: loss = 0.0013
2020-04-15 02:37:40,136 INFO [196.7] Epoch 146: loss = 0.0013
2020-04-15 02:40:49,171 INFO [189.0] Epoch 147: loss = 0.0013
2020-04-15 02:44:02,732 INFO [193.6] Epoch 148: loss = 0.0013
2020-04-15 02:47:00,189 INFO [177.5] Epoch 149: loss = 0.0013
2020-04-15 02:47:00,189 INFO Start Evaling...
2020-04-15 02:47:51,288 INFO Head: mr:374.5 mrr:15.91 hits:29.27
2020-04-15 02:47:51,292 INFO Tail: mr:238.0 mrr:27.45 hits:49.08
2020-04-15 02:47:51,294 INFO All: mr:306.3 mrr:21.68 hits:39.18
2020-04-15 02:47:51,319 INFO Declined in recent 1 epochs
2020-04-15 02:51:03,041 INFO [191.7] Epoch 150: loss = 0.0013
2020-04-15 02:54:10,225 INFO [187.2] Epoch 151: loss = 0.0013
2020-04-15 02:57:20,518 INFO [190.3] Epoch 152: loss = 0.0013
2020-04-15 03:00:31,499 INFO [191.0] Epoch 153: loss = 0.0013
2020-04-15 03:03:30,930 INFO [179.4] Epoch 154: loss = 0.0013
2020-04-15 03:06:35,438 INFO [184.5] Epoch 155: loss = 0.0013
2020-04-15 03:09:40,357 INFO [184.9] Epoch 156: loss = 0.0013
2020-04-15 03:12:36,530 INFO [176.2] Epoch 157: loss = 0.0013
2020-04-15 03:15:38,112 INFO [181.6] Epoch 158: loss = 0.0013
2020-04-15 03:18:44,308 INFO [186.2] Epoch 159: loss = 0.0013
2020-04-15 03:18:44,308 INFO Start Evaling...
2020-04-15 03:19:34,443 INFO Head: mr:374.8 mrr:16.11 hits:29.53
2020-04-15 03:19:34,443 INFO Tail: mr:234.6 mrr:29.06 hits:49.10
2020-04-15 03:19:34,443 INFO All: mr:304.7 mrr:22.59 hits:39.31
2020-04-15 03:19:34,468 INFO Declined in recent 2 epochs
2020-04-15 03:22:42,642 INFO [188.2] Epoch 160: loss = 0.0013
2020-04-15 03:25:44,014 INFO [181.4] Epoch 161: loss = 0.0013
2020-04-15 03:28:49,759 INFO [185.7] Epoch 162: loss = 0.0013
2020-04-15 03:31:52,750 INFO [183.0] Epoch 163: loss = 0.0013
2020-04-15 03:34:57,147 INFO [184.4] Epoch 164: loss = 0.0013
2020-04-15 03:38:02,267 INFO [185.1] Epoch 165: loss = 0.0013
2020-04-15 03:41:02,443 INFO [180.2] Epoch 166: loss = 0.0013
2020-04-15 03:44:00,872 INFO [178.4] Epoch 167: loss = 0.0013
2020-04-15 03:47:12,779 INFO [191.9] Epoch 168: loss = 0.0013
2020-04-15 03:50:07,762 INFO [175.0] Epoch 169: loss = 0.0013
2020-04-15 03:50:07,762 INFO Start Evaling...
2020-04-15 03:50:56,225 INFO Head: mr:375.3 mrr:15.89 hits:29.61
2020-04-15 03:50:56,226 INFO Tail: mr:235.0 mrr:27.03 hits:48.92
2020-04-15 03:50:56,226 INFO All: mr:305.1 mrr:21.46 hits:39.26
2020-04-15 03:50:56,247 INFO Declined in recent 3 epochs
2020-04-15 03:54:09,904 INFO [193.7] Epoch 170: loss = 0.0013
2020-04-15 03:57:12,444 INFO [182.5] Epoch 171: loss = 0.0013
2020-04-15 04:00:13,854 INFO [181.4] Epoch 172: loss = 0.0013
2020-04-15 04:03:15,379 INFO [181.5] Epoch 173: loss = 0.0013
2020-04-15 04:06:20,876 INFO [185.5] Epoch 174: loss = 0.0013
2020-04-15 04:09:18,433 INFO [177.6] Epoch 175: loss = 0.0013
2020-04-15 04:12:05,386 INFO [167.0] Epoch 176: loss = 0.0013
2020-04-15 04:15:00,172 INFO [174.8] Epoch 177: loss = 0.0013
2020-04-15 04:17:50,760 INFO [170.6] Epoch 178: loss = 0.0013
2020-04-15 04:20:45,319 INFO [174.6] Epoch 179: loss = 0.0013
2020-04-15 04:20:45,319 INFO Start Evaling...
2020-04-15 04:21:20,032 INFO Head: mr:368.6 mrr:16.07 hits:30.05
2020-04-15 04:21:20,035 INFO Tail: mr:231.5 mrr:27.78 hits:48.78
2020-04-15 04:21:20,037 INFO All: mr:300.1 mrr:21.93 hits:39.42
2020-04-15 04:21:20,057 INFO Improved and model saved
2020-04-15 04:24:12,118 INFO [172.1] Epoch 180: loss = 0.0013
2020-04-15 04:27:07,046 INFO [174.9] Epoch 181: loss = 0.0013
2020-04-15 04:30:00,301 INFO [173.3] Epoch 182: loss = 0.0013
2020-04-15 04:32:57,571 INFO [177.3] Epoch 183: loss = 0.0013
2020-04-15 04:35:49,851 INFO [172.3] Epoch 184: loss = 0.0013
2020-04-15 04:38:39,858 INFO [170.0] Epoch 185: loss = 0.0013
2020-04-15 04:41:25,479 INFO [165.6] Epoch 186: loss = 0.0013
2020-04-15 04:44:13,201 INFO [167.7] Epoch 187: loss = 0.0013
2020-04-15 04:47:02,238 INFO [169.0] Epoch 188: loss = 0.0013
2020-04-15 04:49:52,511 INFO [170.3] Epoch 189: loss = 0.0013
2020-04-15 04:49:52,511 INFO Start Evaling...
2020-04-15 04:50:27,110 INFO Head: mr:369.3 mrr:16.55 hits:30.13
2020-04-15 04:50:27,113 INFO Tail: mr:231.2 mrr:28.27 hits:50.07
2020-04-15 04:50:27,114 INFO All: mr:300.2 mrr:22.41 hits:40.10
2020-04-15 04:50:27,130 INFO Improved and model saved
2020-04-15 04:53:16,302 INFO [169.2] Epoch 190: loss = 0.0013
2020-04-15 04:56:02,826 INFO [166.5] Epoch 191: loss = 0.0013
2020-04-15 04:58:51,050 INFO [168.2] Epoch 192: loss = 0.0013
2020-04-15 05:01:39,126 INFO [168.1] Epoch 193: loss = 0.0013
2020-04-15 05:04:26,579 INFO [167.5] Epoch 194: loss = 0.0013
2020-04-15 05:07:13,610 INFO [167.0] Epoch 195: loss = 0.0013
2020-04-15 05:10:04,374 INFO [170.8] Epoch 196: loss = 0.0013
2020-04-15 05:12:57,036 INFO [172.7] Epoch 197: loss = 0.0013
2020-04-15 05:15:44,058 INFO [167.0] Epoch 198: loss = 0.0013
2020-04-15 05:18:34,554 INFO [170.5] Epoch 199: loss = 0.0013
2020-04-15 05:18:34,555 INFO Start Evaling...
2020-04-15 05:19:09,065 INFO Head: mr:370.2 mrr:16.36 hits:29.42
2020-04-15 05:19:09,068 INFO Tail: mr:231.8 mrr:27.14 hits:48.98
2020-04-15 05:19:09,071 INFO All: mr:301.0 mrr:21.75 hits:39.20
2020-04-15 05:19:09,094 INFO Declined in recent 1 epochs
2020-04-15 05:21:58,279 INFO [169.2] Epoch 200: loss = 0.0013
2020-04-15 05:24:48,585 INFO [170.3] Epoch 201: loss = 0.0013
2020-04-15 05:27:36,876 INFO [168.3] Epoch 202: loss = 0.0013
2020-04-15 05:30:25,504 INFO [168.6] Epoch 203: loss = 0.0013
2020-04-15 05:33:20,424 INFO [174.9] Epoch 204: loss = 0.0013
2020-04-15 05:36:12,519 INFO [172.1] Epoch 205: loss = 0.0013
2020-04-15 05:39:01,006 INFO [168.5] Epoch 206: loss = 0.0013
2020-04-15 05:41:47,417 INFO [166.4] Epoch 207: loss = 0.0013
2020-04-15 05:44:38,693 INFO [171.3] Epoch 208: loss = 0.0013
2020-04-15 05:47:27,005 INFO [168.3] Epoch 209: loss = 0.0013
2020-04-15 05:47:27,006 INFO Start Evaling...
2020-04-15 05:48:12,853 INFO Head: mr:368.3 mrr:16.03 hits:29.67
2020-04-15 05:48:12,856 INFO Tail: mr:229.0 mrr:27.08 hits:48.99
2020-04-15 05:48:12,859 INFO All: mr:298.6 mrr:21.55 hits:39.33
2020-04-15 05:48:12,880 INFO Declined in recent 2 epochs
2020-04-15 05:51:02,885 INFO [170.0] Epoch 210: loss = 0.0013
2020-04-15 05:53:52,974 INFO [170.1] Epoch 211: loss = 0.0013
2020-04-15 05:56:42,449 INFO [169.5] Epoch 212: loss = 0.0013
2020-04-15 05:59:30,040 INFO [167.6] Epoch 213: loss = 0.0013
2020-04-15 06:02:18,648 INFO [168.6] Epoch 214: loss = 0.0013
2020-04-15 06:05:07,480 INFO [168.8] Epoch 215: loss = 0.0013
2020-04-15 06:07:56,973 INFO [169.5] Epoch 216: loss = 0.0013
2020-04-15 06:10:46,638 INFO [169.7] Epoch 217: loss = 0.0013
2020-04-15 06:13:35,612 INFO [169.0] Epoch 218: loss = 0.0013
2020-04-15 06:16:23,068 INFO [167.5] Epoch 219: loss = 0.0013
2020-04-15 06:16:23,068 INFO Start Evaling...
2020-04-15 06:16:58,150 INFO Head: mr:370.2 mrr:16.34 hits:29.99
2020-04-15 06:16:58,151 INFO Tail: mr:229.3 mrr:28.07 hits:49.31
2020-04-15 06:16:58,151 INFO All: mr:299.8 mrr:22.21 hits:39.65
2020-04-15 06:16:58,171 INFO Declined in recent 3 epochs
2020-04-15 06:19:47,432 INFO [169.3] Epoch 220: loss = 0.0013
2020-04-15 06:22:36,658 INFO [169.2] Epoch 221: loss = 0.0013
2020-04-15 06:25:23,493 INFO [166.8] Epoch 222: loss = 0.0013
2020-04-15 06:28:11,413 INFO [167.9] Epoch 223: loss = 0.0013
2020-04-15 06:31:03,937 INFO [172.5] Epoch 224: loss = 0.0013
2020-04-15 06:33:51,658 INFO [167.7] Epoch 225: loss = 0.0013
2020-04-15 06:36:39,917 INFO [168.3] Epoch 226: loss = 0.0013
2020-04-15 06:39:29,694 INFO [169.8] Epoch 227: loss = 0.0013
2020-04-15 06:42:18,961 INFO [169.3] Epoch 228: loss = 0.0013
2020-04-15 06:45:08,228 INFO [169.3] Epoch 229: loss = 0.0013
2020-04-15 06:45:08,228 INFO Start Evaling...
2020-04-15 06:45:47,448 INFO Head: mr:366.9 mrr:16.21 hits:29.69
2020-04-15 06:45:47,449 INFO Tail: mr:229.0 mrr:27.28 hits:49.26
2020-04-15 06:45:47,449 INFO All: mr:297.9 mrr:21.75 hits:39.48
2020-04-15 06:45:47,469 INFO Declined in recent 4 epochs
2020-04-15 06:48:40,003 INFO [172.5] Epoch 230: loss = 0.0013
2020-04-15 06:51:27,321 INFO [167.3] Epoch 231: loss = 0.0013
2020-04-15 06:54:16,360 INFO [169.0] Epoch 232: loss = 0.0013
2020-04-15 06:57:06,156 INFO [169.8] Epoch 233: loss = 0.0013
2020-04-15 06:59:54,845 INFO [168.7] Epoch 234: loss = 0.0013
2020-04-15 07:02:41,442 INFO [166.6] Epoch 235: loss = 0.0013
2020-04-15 07:05:33,754 INFO [172.3] Epoch 236: loss = 0.0013
2020-04-15 07:08:24,165 INFO [170.4] Epoch 237: loss = 0.0013
2020-04-15 07:11:13,852 INFO [169.7] Epoch 238: loss = 0.0013
2020-04-15 07:14:03,076 INFO [169.2] Epoch 239: loss = 0.0013
2020-04-15 07:14:03,077 INFO Start Evaling...
2020-04-15 07:14:37,138 INFO Head: mr:365.3 mrr:16.49 hits:30.42
2020-04-15 07:14:37,138 INFO Tail: mr:227.4 mrr:29.09 hits:49.82
2020-04-15 07:14:37,138 INFO All: mr:296.4 mrr:22.79 hits:40.12
2020-04-15 07:14:37,156 INFO Improved and model saved
2020-04-15 07:17:25,828 INFO [168.7] Epoch 240: loss = 0.0013
2020-04-15 07:20:14,907 INFO [169.1] Epoch 241: loss = 0.0013
2020-04-15 07:22:59,665 INFO [164.8] Epoch 242: loss = 0.0013
2020-04-15 07:25:46,572 INFO [166.9] Epoch 243: loss = 0.0013
2020-04-15 07:28:34,979 INFO [168.4] Epoch 244: loss = 0.0013
2020-04-15 07:31:23,818 INFO [168.8] Epoch 245: loss = 0.0013
2020-04-15 07:34:15,225 INFO [171.4] Epoch 246: loss = 0.0013
2020-04-15 07:37:03,658 INFO [168.4] Epoch 247: loss = 0.0013
2020-04-15 07:39:52,382 INFO [168.7] Epoch 248: loss = 0.0013
2020-04-15 07:42:42,202 INFO [169.8] Epoch 249: loss = 0.0013
2020-04-15 07:42:42,203 INFO Start Evaling...
2020-04-15 07:43:24,737 INFO Head: mr:364.9 mrr:16.09 hits:30.41
2020-04-15 07:43:24,737 INFO Tail: mr:228.0 mrr:28.08 hits:49.62
2020-04-15 07:43:24,737 INFO All: mr:296.5 mrr:22.09 hits:40.01
2020-04-15 07:43:24,757 INFO Declined in recent 1 epochs
2020-04-15 07:46:13,436 INFO [168.7] Epoch 250: loss = 0.0013
2020-04-15 07:49:01,482 INFO [168.0] Epoch 251: loss = 0.0013
2020-04-15 07:51:50,795 INFO [169.3] Epoch 252: loss = 0.0013
2020-04-15 07:54:41,019 INFO [170.2] Epoch 253: loss = 0.0013
2020-04-15 07:57:26,810 INFO [165.8] Epoch 254: loss = 0.0013
2020-04-15 08:00:14,415 INFO [167.6] Epoch 255: loss = 0.0013
2020-04-15 08:03:05,073 INFO [170.7] Epoch 256: loss = 0.0013
2020-04-15 08:05:54,168 INFO [169.1] Epoch 257: loss = 0.0013
2020-04-15 08:08:43,736 INFO [169.6] Epoch 258: loss = 0.0013
2020-04-15 08:11:31,190 INFO [167.5] Epoch 259: loss = 0.0013
2020-04-15 08:11:31,190 INFO Start Evaling...
2020-04-15 08:12:06,416 INFO Head: mr:367.0 mrr:16.17 hits:29.93
2020-04-15 08:12:06,417 INFO Tail: mr:226.6 mrr:28.56 hits:50.15
2020-04-15 08:12:06,417 INFO All: mr:296.8 mrr:22.37 hits:40.04
2020-04-15 08:12:06,434 INFO Declined in recent 2 epochs
2020-04-15 08:14:57,135 INFO [170.7] Epoch 260: loss = 0.0013
2020-04-15 08:17:48,325 INFO [171.2] Epoch 261: loss = 0.0013
2020-04-15 08:20:35,752 INFO [167.4] Epoch 262: loss = 0.0013
2020-04-15 08:23:24,104 INFO [168.4] Epoch 263: loss = 0.0013
2020-04-15 08:26:13,011 INFO [168.9] Epoch 264: loss = 0.0013
2020-04-15 08:29:00,227 INFO [167.2] Epoch 265: loss = 0.0013
2020-04-15 08:31:49,974 INFO [169.7] Epoch 266: loss = 0.0013
2020-04-15 08:34:40,557 INFO [170.6] Epoch 267: loss = 0.0013
2020-04-15 08:37:29,637 INFO [169.1] Epoch 268: loss = 0.0013
2020-04-15 08:40:16,809 INFO [167.2] Epoch 269: loss = 0.0013
2020-04-15 08:40:16,809 INFO Start Evaling...
2020-04-15 08:40:53,012 INFO Head: mr:362.6 mrr:16.55 hits:30.08
2020-04-15 08:40:53,016 INFO Tail: mr:225.7 mrr:27.93 hits:49.50
2020-04-15 08:40:53,018 INFO All: mr:294.2 mrr:22.24 hits:39.79
2020-04-15 08:40:53,037 INFO Declined in recent 3 epochs
2020-04-15 08:43:43,081 INFO [170.0] Epoch 270: loss = 0.0013
2020-04-15 08:46:33,439 INFO [170.4] Epoch 271: loss = 0.0013
2020-04-15 08:49:23,877 INFO [170.4] Epoch 272: loss = 0.0013
2020-04-15 08:52:13,604 INFO [169.7] Epoch 273: loss = 0.0013
2020-04-15 08:55:02,956 INFO [169.4] Epoch 274: loss = 0.0013
2020-04-15 08:57:54,034 INFO [171.1] Epoch 275: loss = 0.0013
2020-04-15 09:00:43,554 INFO [169.5] Epoch 276: loss = 0.0013
2020-04-15 09:03:31,176 INFO [167.6] Epoch 277: loss = 0.0013
2020-04-15 09:06:21,932 INFO [170.8] Epoch 278: loss = 0.0013
2020-04-15 09:09:11,035 INFO [169.1] Epoch 279: loss = 0.0013
2020-04-15 09:09:11,036 INFO Start Evaling...
2020-04-15 09:09:46,024 INFO Head: mr:362.2 mrr:16.22 hits:30.15
2020-04-15 09:09:46,027 INFO Tail: mr:221.8 mrr:28.46 hits:49.90
2020-04-15 09:09:46,027 INFO All: mr:292.0 mrr:22.34 hits:40.03
2020-04-15 09:09:46,044 INFO Declined in recent 4 epochs
2020-04-15 09:12:34,918 INFO [168.9] Epoch 280: loss = 0.0013
2020-04-15 09:15:22,479 INFO [167.6] Epoch 281: loss = 0.0013
2020-04-15 09:18:11,148 INFO [168.7] Epoch 282: loss = 0.0013
2020-04-15 09:21:01,533 INFO [170.4] Epoch 283: loss = 0.0013
2020-04-15 09:23:51,804 INFO [170.3] Epoch 284: loss = 0.0013
2020-04-15 09:26:41,314 INFO [169.5] Epoch 285: loss = 0.0013
2020-04-15 09:29:30,193 INFO [168.9] Epoch 286: loss = 0.0013
2020-04-15 09:32:17,256 INFO [167.1] Epoch 287: loss = 0.0013
2020-04-15 09:35:04,741 INFO [167.5] Epoch 288: loss = 0.0013
2020-04-15 09:37:52,983 INFO [168.2] Epoch 289: loss = 0.0013
2020-04-15 09:37:52,983 INFO Start Evaling...
2020-04-15 09:38:27,485 INFO Head: mr:366.3 mrr:16.09 hits:29.83
2020-04-15 09:38:27,488 INFO Tail: mr:225.2 mrr:28.20 hits:49.35
2020-04-15 09:38:27,490 INFO All: mr:295.7 mrr:22.14 hits:39.59
2020-04-15 09:38:27,514 INFO Declined in recent 5 epochs
2020-04-15 09:38:27,514 INFO Early stopping
2020-04-15 09:38:27,514 INFO Train done
2020-04-15 09:38:27,518 INFO Start Evaling...
2020-04-15 09:39:14,687 INFO Head: mr:384.2 mrr:16.51 hits:30.53
2020-04-15 09:39:14,691 INFO Tail: mr:241.2 mrr:28.84 hits:49.04
2020-04-15 09:39:14,693 INFO All: mr:312.7 mrr:22.67 hits:39.79
