2020-05-20 23:02:49,843 INFO EPOCH: 1000
2020-05-20 23:02:49,844 INFO EVERY: 10
2020-05-20 23:02:49,844 INFO LR: 0.001
2020-05-20 23:02:49,844 INFO DIM: 100
2020-05-20 23:02:49,844 INFO BATCH_SIZE: 256
2020-05-20 23:02:49,844 INFO BATCH_SIZE2: 256
2020-05-20 23:02:49,844 INFO P: 1
2020-05-20 23:02:49,844 INFO CLIPPING_MAX_VALUE: 4.0
2020-05-20 23:02:49,844 INFO OPTIM: Adam
2020-05-20 23:02:49,844 INFO N_SAMPLE: 20
2020-05-20 23:02:49,844 INFO MODE: grap
2020-05-20 23:02:49,845 INFO RATE: 0.01
2020-05-20 23:02:49,845 INFO GAMMA: 12.0
2020-05-20 23:02:49,845 INFO BERN: True
2020-05-20 23:02:49,845 INFO MARGIN: 4.0
2020-05-20 23:02:49,845 INFO REG: 1.0
2020-05-20 23:02:49,845 INFO LABEL_SMOOTH_EPS: 0.1
2020-05-20 23:02:49,845 INFO INPUT_DROP: 0.2
2020-05-20 23:02:49,845 INFO FEAT_DROP: 0.2
2020-05-20 23:02:49,845 INFO HIDD_DROP: 0.3
2020-05-20 23:02:49,845 INFO CHANNELS: 50
2020-05-20 23:02:49,845 INFO KERNEL_SIZE: 3
2020-05-20 23:02:49,845 INFO N_POOL: 100
2020-05-20 23:02:49,846 INFO MODEL_D: TransH
2020-05-20 23:02:49,846 INFO MODEL_G: DistMult
2020-05-20 23:02:49,846 INFO SCRATCH: False
2020-05-20 23:02:49,846 INFO D_FILE: None
2020-05-20 23:02:49,846 INFO G_FILE: None
2020-05-20 23:02:49,846 INFO PATH: data
2020-05-20 23:02:49,846 INFO DATA: FB15K237
2020-05-20 23:02:49,846 INFO EXP_PATH: experiment/FB15K237
2020-05-20 23:02:49,846 INFO MODEL: DistMult
2020-05-20 23:02:49,846 INFO V: 20.01
2020-05-20 23:02:49,846 INFO F: True
2020-05-20 23:02:49,846 INFO EVAL: False
2020-05-20 23:02:49,847 INFO TRAINED: False
2020-05-20 23:02:49,847 INFO PRETRAINED_NAME: None
2020-05-20 23:02:49,847 INFO EXP_NAME: DistMult-FB15K237-grap-20.01
2020-05-20 23:02:49,847 INFO --------------------------------------
2020-05-20 23:03:14,750 INFO Dataload done
2020-05-20 23:03:14,750 INFO --------------------------------------
2020-05-20 23:03:14,750 INFO N_ENTITY: 14541
2020-05-20 23:03:14,750 INFO N_RELATION: 237
2020-05-20 23:03:14,751 INFO --------------------------------------
2020-05-20 23:03:18,192 INFO Start Training...
2020-05-20 23:04:46,875 INFO [88.7] Epoch 0: loss = 337.0631
2020-05-20 23:06:15,845 INFO [89.0] Epoch 1: loss = 261.4445
2020-05-20 23:07:44,444 INFO [88.6] Epoch 2: loss = 226.4920
2020-05-20 23:09:14,038 INFO [89.6] Epoch 3: loss = 203.1463
2020-05-20 23:10:43,434 INFO [89.4] Epoch 4: loss = 189.1584
2020-05-20 23:12:13,298 INFO [89.9] Epoch 5: loss = 180.7049
2020-05-20 23:13:42,869 INFO [89.6] Epoch 6: loss = 174.5747
2020-05-20 23:15:11,075 INFO [88.2] Epoch 7: loss = 169.9259
2020-05-20 23:16:39,129 INFO [88.1] Epoch 8: loss = 166.5245
2020-05-20 23:18:08,690 INFO [89.6] Epoch 9: loss = 163.6333
2020-05-20 23:18:08,690 INFO Start Evaling...
2020-05-20 23:20:40,018 INFO Head: mr:409.9 mrr:15.76 hits:29.00
2020-05-20 23:20:40,018 INFO Tail: mr:206.1 mrr:36.34 hits:54.04
2020-05-20 23:20:40,018 INFO All: mr:308.0 mrr:26.05 hits:41.52
2020-05-20 23:20:40,030 INFO Start Evaling...
2020-05-20 23:23:33,874 INFO Head: mr:420.5 mrr:15.97 hits:28.80
2020-05-20 23:23:33,875 INFO Tail: mr:216.6 mrr:35.69 hits:53.66
2020-05-20 23:23:33,875 INFO All: mr:318.6 mrr:25.83 hits:41.23
2020-05-20 23:23:33,888 INFO Improved and model saved
2020-05-20 23:25:03,762 INFO [89.9] Epoch 10: loss = 161.0888
2020-05-20 23:26:34,027 INFO [90.3] Epoch 11: loss = 159.2254
2020-05-20 23:28:03,851 INFO [89.8] Epoch 12: loss = 157.3023
2020-05-20 23:29:33,357 INFO [89.5] Epoch 13: loss = 156.2954
2020-05-20 23:31:01,334 INFO [88.0] Epoch 14: loss = 154.8343
2020-05-20 23:32:29,635 INFO [88.3] Epoch 15: loss = 153.3938
2020-05-20 23:33:59,283 INFO [89.6] Epoch 16: loss = 152.3485
2020-05-20 23:35:29,148 INFO [89.9] Epoch 17: loss = 151.6075
2020-05-20 23:36:59,312 INFO [90.2] Epoch 18: loss = 150.5185
2020-05-20 23:38:27,393 INFO [88.1] Epoch 19: loss = 149.6433
2020-05-20 23:38:27,393 INFO Start Evaling...
2020-05-20 23:40:58,698 INFO Head: mr:363.5 mrr:17.58 hits:31.88
2020-05-20 23:40:58,698 INFO Tail: mr:172.8 mrr:37.60 hits:55.76
2020-05-20 23:40:58,698 INFO All: mr:268.2 mrr:27.59 hits:43.82
2020-05-20 23:40:58,710 INFO Start Evaling...
2020-05-20 23:43:52,458 INFO Head: mr:377.7 mrr:17.41 hits:31.21
2020-05-20 23:43:52,459 INFO Tail: mr:187.5 mrr:36.91 hits:55.56
2020-05-20 23:43:52,459 INFO All: mr:282.6 mrr:27.16 hits:43.39
2020-05-20 23:43:52,472 INFO Improved and model saved
2020-05-20 23:45:22,521 INFO [90.0] Epoch 20: loss = 148.8936
2020-05-20 23:46:52,814 INFO [90.3] Epoch 21: loss = 148.2822
2020-05-20 23:48:21,369 INFO [88.6] Epoch 22: loss = 147.2807
2020-05-20 23:49:51,272 INFO [89.9] Epoch 23: loss = 146.9422
2020-05-20 23:51:20,089 INFO [88.8] Epoch 24: loss = 146.3714
2020-05-20 23:52:49,339 INFO [89.2] Epoch 25: loss = 145.1514
2020-05-20 23:54:19,437 INFO [90.1] Epoch 26: loss = 145.0845
2020-05-20 23:55:50,003 INFO [90.6] Epoch 27: loss = 144.2781
2020-05-20 23:57:19,134 INFO [89.1] Epoch 28: loss = 144.3874
2020-05-20 23:58:48,334 INFO [89.2] Epoch 29: loss = 143.9662
2020-05-20 23:58:48,334 INFO Start Evaling...
2020-05-21 00:01:19,412 INFO Head: mr:341.5 mrr:18.05 hits:32.97
2020-05-21 00:01:19,413 INFO Tail: mr:164.7 mrr:38.12 hits:57.01
2020-05-21 00:01:19,413 INFO All: mr:253.1 mrr:28.08 hits:44.99
2020-05-21 00:01:19,426 INFO Start Evaling...
2020-05-21 00:04:13,241 INFO Head: mr:354.3 mrr:17.75 hits:32.45
2020-05-21 00:04:13,241 INFO Tail: mr:174.0 mrr:37.31 hits:56.69
2020-05-21 00:04:13,241 INFO All: mr:264.1 mrr:27.53 hits:44.57
2020-05-21 00:04:13,255 INFO Improved and model saved
2020-05-21 00:05:43,329 INFO [90.1] Epoch 30: loss = 143.4328
2020-05-21 00:07:13,549 INFO [90.2] Epoch 31: loss = 142.9512
2020-05-21 00:08:42,437 INFO [88.9] Epoch 32: loss = 142.1128
2020-05-21 00:10:12,613 INFO [90.2] Epoch 33: loss = 142.2185
2020-05-21 00:11:41,084 INFO [88.5] Epoch 34: loss = 141.1527
2020-05-21 00:13:11,852 INFO [90.8] Epoch 35: loss = 141.0175
2020-05-21 00:14:41,942 INFO [90.1] Epoch 36: loss = 140.5747
2020-05-21 00:16:10,557 INFO [88.6] Epoch 37: loss = 140.5273
2020-05-21 00:17:38,886 INFO [88.3] Epoch 38: loss = 140.3761
2020-05-21 00:19:09,188 INFO [90.3] Epoch 39: loss = 139.3447
2020-05-21 00:19:09,189 INFO Start Evaling...
2020-05-21 00:21:40,282 INFO Head: mr:338.1 mrr:18.87 hits:33.71
2020-05-21 00:21:40,282 INFO Tail: mr:158.3 mrr:38.58 hits:57.96
2020-05-21 00:21:40,282 INFO All: mr:248.2 mrr:28.73 hits:45.84
2020-05-21 00:21:40,295 INFO Start Evaling...
2020-05-21 00:24:33,906 INFO Head: mr:351.8 mrr:18.42 hits:33.51
2020-05-21 00:24:33,907 INFO Tail: mr:169.6 mrr:37.94 hits:57.31
2020-05-21 00:24:33,907 INFO All: mr:260.7 mrr:28.18 hits:45.41
2020-05-21 00:24:33,921 INFO Improved and model saved
2020-05-21 00:26:03,966 INFO [90.0] Epoch 40: loss = 139.7217
2020-05-21 00:27:34,144 INFO [90.2] Epoch 41: loss = 139.3262
2020-05-21 00:29:03,611 INFO [89.5] Epoch 42: loss = 139.2132
2020-05-21 00:30:31,838 INFO [88.2] Epoch 43: loss = 138.6053
2020-05-21 00:32:00,788 INFO [88.9] Epoch 44: loss = 138.2269
2020-05-21 00:33:30,627 INFO [89.8] Epoch 45: loss = 138.0823
2020-05-21 00:35:00,867 INFO [90.2] Epoch 46: loss = 137.4163
2020-05-21 00:36:30,259 INFO [89.4] Epoch 47: loss = 137.5572
2020-05-21 00:38:00,063 INFO [89.8] Epoch 48: loss = 136.8986
2020-05-21 00:39:28,798 INFO [88.7] Epoch 49: loss = 136.8970
2020-05-21 00:39:28,798 INFO Start Evaling...
2020-05-21 00:41:58,513 INFO Head: mr:329.8 mrr:18.94 hits:34.33
2020-05-21 00:41:58,513 INFO Tail: mr:153.6 mrr:38.44 hits:58.29
2020-05-21 00:41:58,513 INFO All: mr:241.7 mrr:28.69 hits:46.31
2020-05-21 00:41:58,525 INFO Start Evaling...
2020-05-21 00:44:50,405 INFO Head: mr:340.8 mrr:18.36 hits:33.78
2020-05-21 00:44:50,405 INFO Tail: mr:169.0 mrr:37.76 hits:57.57
2020-05-21 00:44:50,406 INFO All: mr:254.9 mrr:28.06 hits:45.67
2020-05-21 00:44:50,418 INFO Declined in recent 1 epochs
2020-05-21 00:46:18,913 INFO [88.5] Epoch 50: loss = 136.7849
2020-05-21 00:47:48,431 INFO [89.5] Epoch 51: loss = 137.0594
2020-05-21 00:49:18,764 INFO [90.3] Epoch 52: loss = 135.8603
2020-05-21 00:50:48,717 INFO [90.0] Epoch 53: loss = 136.3773
2020-05-21 00:52:18,895 INFO [90.2] Epoch 54: loss = 136.0592
2020-05-21 00:53:46,698 INFO [87.8] Epoch 55: loss = 136.2104
2020-05-21 00:55:15,667 INFO [89.0] Epoch 56: loss = 134.9135
2020-05-21 00:56:44,377 INFO [88.7] Epoch 57: loss = 134.8795
2020-05-21 00:58:12,502 INFO [88.1] Epoch 58: loss = 134.9522
2020-05-21 00:59:40,594 INFO [88.1] Epoch 59: loss = 134.8296
2020-05-21 00:59:40,594 INFO Start Evaling...
2020-05-21 01:02:11,799 INFO Head: mr:324.5 mrr:19.24 hits:34.39
2020-05-21 01:02:11,799 INFO Tail: mr:152.4 mrr:38.05 hits:58.93
2020-05-21 01:02:11,799 INFO All: mr:238.5 mrr:28.64 hits:46.66
2020-05-21 01:02:11,811 INFO Start Evaling...
2020-05-21 01:05:05,579 INFO Head: mr:341.4 mrr:18.99 hits:34.38
2020-05-21 01:05:05,579 INFO Tail: mr:168.6 mrr:37.64 hits:58.15
2020-05-21 01:05:05,579 INFO All: mr:255.0 mrr:28.32 hits:46.26
2020-05-21 01:05:05,592 INFO Declined in recent 2 epochs
2020-05-21 01:06:35,516 INFO [89.9] Epoch 60: loss = 134.7480
2020-05-21 01:08:04,265 INFO [88.7] Epoch 61: loss = 134.2945
2020-05-21 01:09:34,390 INFO [90.1] Epoch 62: loss = 134.6115
2020-05-21 01:11:02,473 INFO [88.1] Epoch 63: loss = 134.0665
2020-05-21 01:12:30,800 INFO [88.3] Epoch 64: loss = 133.8403
2020-05-21 01:13:58,687 INFO [87.9] Epoch 65: loss = 133.4741
2020-05-21 01:15:29,576 INFO [90.9] Epoch 66: loss = 133.1817
2020-05-21 01:16:59,520 INFO [89.9] Epoch 67: loss = 133.8423
2020-05-21 01:18:28,339 INFO [88.8] Epoch 68: loss = 132.6062
2020-05-21 01:19:57,254 INFO [88.9] Epoch 69: loss = 133.3387
2020-05-21 01:19:57,254 INFO Start Evaling...
2020-05-21 01:22:29,247 INFO Head: mr:326.2 mrr:19.45 hits:34.81
2020-05-21 01:22:29,247 INFO Tail: mr:149.0 mrr:39.04 hits:59.14
2020-05-21 01:22:29,247 INFO All: mr:237.6 mrr:29.24 hits:46.97
2020-05-21 01:22:29,259 INFO Start Evaling...
2020-05-21 01:25:22,831 INFO Head: mr:342.8 mrr:18.90 hits:34.76
2020-05-21 01:25:22,831 INFO Tail: mr:167.6 mrr:38.26 hits:58.21
2020-05-21 01:25:22,831 INFO All: mr:255.2 mrr:28.58 hits:46.48
2020-05-21 01:25:22,844 INFO Improved and model saved
2020-05-21 01:26:50,896 INFO [88.0] Epoch 70: loss = 132.6398
2020-05-21 01:28:19,430 INFO [88.5] Epoch 71: loss = 132.3162
2020-05-21 01:29:47,520 INFO [88.1] Epoch 72: loss = 132.4330
2020-05-21 01:31:17,022 INFO [89.5] Epoch 73: loss = 131.7522
2020-05-21 01:32:46,451 INFO [89.4] Epoch 74: loss = 132.4902
2020-05-21 01:34:14,193 INFO [87.7] Epoch 75: loss = 132.6705
2020-05-21 01:35:43,852 INFO [89.7] Epoch 76: loss = 132.4583
2020-05-21 01:37:12,850 INFO [89.0] Epoch 77: loss = 131.6836
2020-05-21 01:38:42,011 INFO [89.2] Epoch 78: loss = 132.0399
2020-05-21 01:40:10,472 INFO [88.5] Epoch 79: loss = 132.1971
2020-05-21 01:40:10,472 INFO Start Evaling...
2020-05-21 01:42:42,526 INFO Head: mr:321.4 mrr:19.40 hits:35.12
2020-05-21 01:42:42,526 INFO Tail: mr:149.8 mrr:39.66 hits:59.60
2020-05-21 01:42:42,526 INFO All: mr:235.6 mrr:29.53 hits:47.36
2020-05-21 01:42:42,538 INFO Start Evaling...
2020-05-21 01:45:36,133 INFO Head: mr:340.3 mrr:18.79 hits:34.86
2020-05-21 01:45:36,133 INFO Tail: mr:164.2 mrr:38.63 hits:58.61
2020-05-21 01:45:36,133 INFO All: mr:252.2 mrr:28.71 hits:46.74
2020-05-21 01:45:36,146 INFO Improved and model saved
2020-05-21 01:47:05,606 INFO [89.5] Epoch 80: loss = 131.2150
2020-05-21 01:48:34,126 INFO [88.5] Epoch 81: loss = 130.8943
2020-05-21 01:50:04,587 INFO [90.5] Epoch 82: loss = 131.0648
2020-05-21 01:51:34,620 INFO [90.0] Epoch 83: loss = 131.0913
2020-05-21 01:53:04,774 INFO [90.2] Epoch 84: loss = 130.5496
2020-05-21 01:54:34,413 INFO [89.6] Epoch 85: loss = 130.5744
2020-05-21 01:56:04,130 INFO [89.7] Epoch 86: loss = 130.8858
2020-05-21 01:57:32,887 INFO [88.8] Epoch 87: loss = 130.5975
2020-05-21 01:59:01,359 INFO [88.5] Epoch 88: loss = 130.0175
2020-05-21 02:00:31,019 INFO [89.7] Epoch 89: loss = 129.8162
2020-05-21 02:00:31,019 INFO Start Evaling...
2020-05-21 02:03:00,743 INFO Head: mr:321.4 mrr:19.65 hits:35.57
2020-05-21 02:03:00,743 INFO Tail: mr:150.2 mrr:38.34 hits:59.57
2020-05-21 02:03:00,743 INFO All: mr:235.8 mrr:29.00 hits:47.57
2020-05-21 02:03:00,756 INFO Start Evaling...
2020-05-21 02:05:52,854 INFO Head: mr:338.6 mrr:19.00 hits:35.12
2020-05-21 02:05:52,854 INFO Tail: mr:164.0 mrr:37.74 hits:58.55
2020-05-21 02:05:52,854 INFO All: mr:251.3 mrr:28.37 hits:46.83
2020-05-21 02:05:52,868 INFO Declined in recent 1 epochs
