2020-03-28 15:40:09,874 INFO EPOCH: 1000
2020-03-28 15:40:09,874 INFO EVERY: 10
2020-03-28 15:40:09,874 INFO LR: 0.001
2020-03-28 15:40:09,874 INFO DIM: 100
2020-03-28 15:40:09,874 INFO BATCH_SIZE: 256
2020-03-28 15:40:09,874 INFO BATCH_SIZE2: 256
2020-03-28 15:40:09,874 INFO P: 1
2020-03-28 15:40:09,874 INFO CLIPPING_MAX_VALUE: 4.0
2020-03-28 15:40:09,875 INFO OPTIM: Adam
2020-03-28 15:40:09,875 INFO N_SAMPLE: 10
2020-03-28 15:40:09,875 INFO MODE: rand
2020-03-28 15:40:09,875 INFO GAMMA: 12.0
2020-03-28 15:40:09,875 INFO BERN: True
2020-03-28 15:40:09,875 INFO MARGIN: 4.0
2020-03-28 15:40:09,875 INFO REG: 1.0
2020-03-28 15:40:09,875 INFO LABEL_SMOOTH_EPS: 0.1
2020-03-28 15:40:09,875 INFO INPUT_DROP: 0.2
2020-03-28 15:40:09,875 INFO FEAT_DROP: 0.2
2020-03-28 15:40:09,875 INFO HIDD_DROP: 0.2
2020-03-28 15:40:09,875 INFO CHANNELS: 200
2020-03-28 15:40:09,875 INFO KERNEL_SIZE: 5
2020-03-28 15:40:09,875 INFO N_POOL: 100
2020-03-28 15:40:09,875 INFO D_FILE: TransE-FB15K237-rand-0
2020-03-28 15:40:09,875 INFO G_FILE: DistMult-FB15K237-rand-0
2020-03-28 15:40:09,875 INFO PATH: data
2020-03-28 15:40:09,875 INFO DATA: FB15K237
2020-03-28 15:40:09,875 INFO EXP_PATH: experiment
2020-03-28 15:40:09,876 INFO MODEL: DistMult
2020-03-28 15:40:09,876 INFO V: 0
2020-03-28 15:40:09,876 INFO F: False
2020-03-28 15:40:09,876 INFO EVAL: False
2020-03-28 15:40:09,876 INFO PRETRAINED_NAME: None
2020-03-28 15:40:09,876 INFO EXP_NAME: DistMult-FB15K237-rand-0
2020-03-28 15:40:09,876 INFO --------------------------------------
2020-03-28 15:40:19,884 INFO Dataload done
2020-03-28 15:40:19,886 INFO --------------------------------------
2020-03-28 15:40:19,888 INFO N_ENTITY: 14541
2020-03-28 15:40:19,890 INFO N_RELATION: 237
2020-03-28 15:40:19,892 INFO --------------------------------------
2020-03-28 15:40:24,466 INFO Start Training...
2020-03-28 15:41:14,316 INFO [49.8] Epoch 0: loss = 336.9332
2020-03-28 15:42:04,445 INFO [50.1] Epoch 1: loss = 214.2499
2020-03-28 15:42:52,987 INFO [48.5] Epoch 2: loss = 126.2872
2020-03-28 15:43:43,907 INFO [50.9] Epoch 3: loss = 91.0907
2020-03-28 15:44:48,446 INFO [64.5] Epoch 4: loss = 73.9283
2020-03-28 15:45:55,330 INFO [66.9] Epoch 5: loss = 63.6088
2020-03-28 15:46:56,103 INFO [60.8] Epoch 6: loss = 56.6422
2020-03-28 15:48:00,846 INFO [64.7] Epoch 7: loss = 51.9266
2020-03-28 15:49:13,438 INFO [72.6] Epoch 8: loss = 48.0897
2020-03-28 15:50:35,725 INFO [82.3] Epoch 9: loss = 45.4189
2020-03-28 15:50:35,726 INFO Start Evaling...
2020-03-28 15:51:44,705 INFO Head: mr:495.5 mrr:13.93 hits:25.55
2020-03-28 15:51:44,707 INFO Tail: mr:243.8 mrr:33.35 hits:51.13
2020-03-28 15:51:44,709 INFO All: mr:369.6 mrr:23.64 hits:38.34
2020-03-28 15:51:44,732 INFO Improved and model saved
2020-03-28 15:52:40,812 INFO [56.1] Epoch 10: loss = 42.7572
2020-03-28 15:53:48,913 INFO [68.1] Epoch 11: loss = 40.8848
2020-03-28 15:54:56,272 INFO [67.4] Epoch 12: loss = 39.4331
2020-03-28 15:55:59,971 INFO [63.7] Epoch 13: loss = 37.8448
2020-03-28 15:57:12,295 INFO [72.3] Epoch 14: loss = 36.8218
2020-03-28 15:58:16,471 INFO [64.2] Epoch 15: loss = 35.6637
2020-03-28 15:59:25,308 INFO [68.8] Epoch 16: loss = 34.7296
2020-03-28 16:00:36,118 INFO [70.8] Epoch 17: loss = 33.9923
2020-03-28 16:01:41,247 INFO [65.1] Epoch 18: loss = 33.1056
2020-03-28 16:02:45,614 INFO [64.4] Epoch 19: loss = 32.3905
2020-03-28 16:02:45,614 INFO Start Evaling...
2020-03-28 16:03:43,842 INFO Head: mr:445.7 mrr:14.66 hits:27.30
2020-03-28 16:03:43,842 INFO Tail: mr:215.4 mrr:34.15 hits:52.93
2020-03-28 16:03:43,842 INFO All: mr:330.5 mrr:24.40 hits:40.12
2020-03-28 16:03:43,893 INFO Improved and model saved
2020-03-28 16:04:55,331 INFO [71.4] Epoch 20: loss = 31.9121
2020-03-28 16:06:09,585 INFO [74.3] Epoch 21: loss = 31.2575
2020-03-28 16:07:20,643 INFO [71.1] Epoch 22: loss = 31.0279
2020-03-28 16:08:29,619 INFO [69.0] Epoch 23: loss = 30.5434
2020-03-28 16:09:50,517 INFO [80.9] Epoch 24: loss = 30.0905
2020-03-28 16:10:54,403 INFO [63.9] Epoch 25: loss = 29.6624
2020-03-28 16:12:03,632 INFO [69.2] Epoch 26: loss = 29.1110
2020-03-28 16:13:20,271 INFO [76.6] Epoch 27: loss = 29.1744
2020-03-28 16:14:27,313 INFO [67.0] Epoch 28: loss = 28.6226
2020-03-28 16:15:35,347 INFO [68.0] Epoch 29: loss = 28.3902
2020-03-28 16:15:35,348 INFO Start Evaling...
2020-03-28 16:16:39,391 INFO Head: mr:433.2 mrr:14.99 hits:28.25
2020-03-28 16:16:39,393 INFO Tail: mr:205.5 mrr:33.82 hits:53.48
2020-03-28 16:16:39,395 INFO All: mr:319.3 mrr:24.40 hits:40.86
2020-03-28 16:16:39,419 INFO Improved and model saved
2020-03-28 16:17:53,980 INFO [74.5] Epoch 30: loss = 28.2378
2020-03-28 16:19:02,539 INFO [68.6] Epoch 31: loss = 27.8940
2020-03-28 16:20:01,640 INFO [59.1] Epoch 32: loss = 27.6515
2020-03-28 16:21:10,290 INFO [68.6] Epoch 33: loss = 27.4125
2020-03-28 16:22:08,368 INFO [58.1] Epoch 34: loss = 27.1175
2020-03-28 16:23:08,870 INFO [60.5] Epoch 35: loss = 26.8151
2020-03-28 16:24:09,751 INFO [60.9] Epoch 36: loss = 26.7997
2020-03-28 16:25:09,822 INFO [60.1] Epoch 37: loss = 26.4756
2020-03-28 16:26:14,885 INFO [65.1] Epoch 38: loss = 26.5745
2020-03-28 16:27:19,008 INFO [64.1] Epoch 39: loss = 26.2339
2020-03-28 16:27:19,009 INFO Start Evaling...
2020-03-28 16:28:23,704 INFO Head: mr:423.8 mrr:15.32 hits:29.16
2020-03-28 16:28:23,710 INFO Tail: mr:197.3 mrr:34.11 hits:54.17
2020-03-28 16:28:23,712 INFO All: mr:310.5 mrr:24.72 hits:41.67
2020-03-28 16:28:23,757 INFO Improved and model saved
2020-03-28 16:29:36,783 INFO [73.0] Epoch 40: loss = 25.9241
2020-03-28 16:30:52,687 INFO [75.9] Epoch 41: loss = 25.9435
2020-03-28 16:32:12,977 INFO [80.3] Epoch 42: loss = 25.6751
2020-03-28 16:33:33,945 INFO [81.0] Epoch 43: loss = 25.6906
2020-03-28 16:34:32,421 INFO [58.5] Epoch 44: loss = 25.2216
2020-03-28 16:35:24,637 INFO [52.2] Epoch 45: loss = 25.2797
2020-03-28 16:36:25,566 INFO [60.9] Epoch 46: loss = 25.0744
2020-03-28 16:37:23,961 INFO [58.4] Epoch 47: loss = 24.8898
2020-03-28 16:38:23,867 INFO [59.9] Epoch 48: loss = 25.0642
2020-03-28 16:39:24,874 INFO [61.0] Epoch 49: loss = 24.8701
2020-03-28 16:39:24,875 INFO Start Evaling...
2020-03-28 16:40:20,916 INFO Head: mr:405.6 mrr:15.44 hits:29.68
2020-03-28 16:40:20,918 INFO Tail: mr:192.4 mrr:33.86 hits:54.63
2020-03-28 16:40:20,920 INFO All: mr:299.0 mrr:24.65 hits:42.15
2020-03-28 16:40:20,943 INFO Improved and model saved
2020-03-28 16:41:19,138 INFO [58.2] Epoch 50: loss = 24.6813
2020-03-28 16:42:19,201 INFO [60.1] Epoch 51: loss = 24.6398
2020-03-28 16:43:17,384 INFO [58.2] Epoch 52: loss = 24.5516
2020-03-28 16:44:17,049 INFO [59.7] Epoch 53: loss = 24.3640
2020-03-28 16:45:19,107 INFO [62.1] Epoch 54: loss = 24.2906
2020-03-28 16:46:18,076 INFO [59.0] Epoch 55: loss = 24.2380
2020-03-28 16:47:20,030 INFO [62.0] Epoch 56: loss = 24.0590
2020-03-28 16:48:21,244 INFO [61.2] Epoch 57: loss = 23.9462
2020-03-28 16:49:21,509 INFO [60.3] Epoch 58: loss = 23.9212
2020-03-28 16:50:22,643 INFO [61.1] Epoch 59: loss = 24.0441
2020-03-28 16:50:22,643 INFO Start Evaling...
2020-03-28 16:51:21,369 INFO Head: mr:395.3 mrr:15.97 hits:30.22
2020-03-28 16:51:21,372 INFO Tail: mr:187.2 mrr:34.79 hits:55.24
2020-03-28 16:51:21,374 INFO All: mr:291.3 mrr:25.38 hits:42.73
2020-03-28 16:51:21,396 INFO Improved and model saved
2020-03-28 16:52:20,877 INFO [59.5] Epoch 60: loss = 23.6361
2020-03-28 16:53:20,063 INFO [59.2] Epoch 61: loss = 23.6236
2020-03-28 16:54:23,089 INFO [63.0] Epoch 62: loss = 23.5559
2020-03-28 16:55:17,999 INFO [54.9] Epoch 63: loss = 23.5874
2020-03-28 16:56:19,113 INFO [61.1] Epoch 64: loss = 23.3866
2020-03-28 16:57:22,608 INFO [63.5] Epoch 65: loss = 23.3573
2020-03-28 16:58:21,992 INFO [59.4] Epoch 66: loss = 23.1894
2020-03-28 16:59:28,628 INFO [66.6] Epoch 67: loss = 23.1882
2020-03-28 17:00:29,820 INFO [61.2] Epoch 68: loss = 23.3281
2020-03-28 17:01:33,244 INFO [63.4] Epoch 69: loss = 23.0302
2020-03-28 17:01:33,244 INFO Start Evaling...
2020-03-28 17:02:31,419 INFO Head: mr:387.2 mrr:16.13 hits:30.78
2020-03-28 17:02:31,420 INFO Tail: mr:184.2 mrr:35.28 hits:55.40
2020-03-28 17:02:31,420 INFO All: mr:285.7 mrr:25.70 hits:43.09
2020-03-28 17:02:31,441 INFO Improved and model saved
2020-03-28 17:03:30,249 INFO [58.8] Epoch 70: loss = 22.7558
2020-03-28 17:04:25,199 INFO [54.9] Epoch 71: loss = 22.8327
2020-03-28 17:05:27,596 INFO [62.4] Epoch 72: loss = 22.6298
2020-03-28 17:06:24,136 INFO [56.5] Epoch 73: loss = 22.6673
2020-03-28 17:07:24,684 INFO [60.5] Epoch 74: loss = 22.9759
2020-03-28 17:08:26,451 INFO [61.8] Epoch 75: loss = 22.6236
2020-03-28 17:09:28,588 INFO [62.1] Epoch 76: loss = 22.5556
2020-03-28 17:10:30,505 INFO [61.9] Epoch 77: loss = 22.3971
2020-03-28 17:11:32,652 INFO [62.1] Epoch 78: loss = 22.4892
2020-03-28 17:12:33,679 INFO [61.0] Epoch 79: loss = 22.4527
2020-03-28 17:12:33,679 INFO Start Evaling...
2020-03-28 17:13:28,590 INFO Head: mr:390.7 mrr:16.30 hits:31.00
2020-03-28 17:13:28,593 INFO Tail: mr:181.2 mrr:34.50 hits:55.33
2020-03-28 17:13:28,594 INFO All: mr:285.9 mrr:25.40 hits:43.17
2020-03-28 17:13:28,617 INFO Improved and model saved
2020-03-28 17:14:29,478 INFO [60.8] Epoch 80: loss = 22.3042
2020-03-28 17:15:30,413 INFO [60.9] Epoch 81: loss = 22.3200
2020-03-28 17:16:29,471 INFO [59.1] Epoch 82: loss = 22.3440
2020-03-28 17:17:30,879 INFO [61.4] Epoch 83: loss = 22.1386
2020-03-28 17:18:35,256 INFO [64.4] Epoch 84: loss = 22.2035
2020-03-28 17:19:37,442 INFO [62.2] Epoch 85: loss = 22.2060
2020-03-28 17:20:38,403 INFO [61.0] Epoch 86: loss = 22.0268
2020-03-28 17:21:38,139 INFO [59.7] Epoch 87: loss = 21.9717
2020-03-28 17:22:32,543 INFO [54.4] Epoch 88: loss = 22.2187
2020-03-28 17:23:30,278 INFO [57.7] Epoch 89: loss = 21.8420
2020-03-28 17:23:30,278 INFO Start Evaling...
2020-03-28 17:24:25,586 INFO Head: mr:384.8 mrr:16.47 hits:31.38
2020-03-28 17:24:25,587 INFO Tail: mr:176.6 mrr:33.89 hits:55.67
2020-03-28 17:24:25,587 INFO All: mr:280.7 mrr:25.18 hits:43.52
2020-03-28 17:24:25,638 INFO Improved and model saved
2020-03-28 17:25:27,710 INFO [62.0] Epoch 90: loss = 21.9350
2020-03-28 17:26:28,893 INFO [61.2] Epoch 91: loss = 21.7537
2020-03-28 17:27:29,680 INFO [60.8] Epoch 92: loss = 21.7468
2020-03-28 17:28:33,601 INFO [63.9] Epoch 93: loss = 21.7881
2020-03-28 17:29:35,509 INFO [61.9] Epoch 94: loss = 21.6326
2020-03-28 17:30:34,238 INFO [58.7] Epoch 95: loss = 21.6969
2020-03-28 17:31:35,031 INFO [60.8] Epoch 96: loss = 21.7162
2020-03-28 17:32:37,680 INFO [62.6] Epoch 97: loss = 21.8395
2020-03-28 17:33:39,487 INFO [61.8] Epoch 98: loss = 21.5701
2020-03-28 17:34:41,871 INFO [62.4] Epoch 99: loss = 21.5308
2020-03-28 17:34:41,871 INFO Start Evaling...
2020-03-28 17:35:40,633 INFO Head: mr:374.9 mrr:16.58 hits:31.53
2020-03-28 17:35:40,636 INFO Tail: mr:176.2 mrr:34.13 hits:56.24
2020-03-28 17:35:40,638 INFO All: mr:275.6 mrr:25.35 hits:43.88
2020-03-28 17:35:40,660 INFO Improved and model saved
2020-03-28 17:36:39,558 INFO [58.9] Epoch 100: loss = 21.4469
2020-03-28 17:37:39,049 INFO [59.5] Epoch 101: loss = 21.3495
2020-03-28 17:38:37,294 INFO [58.2] Epoch 102: loss = 21.4014
2020-03-28 17:39:33,021 INFO [55.7] Epoch 103: loss = 21.3811
2020-03-28 17:40:34,036 INFO [61.0] Epoch 104: loss = 21.4448
2020-03-28 17:41:35,709 INFO [61.7] Epoch 105: loss = 21.1959
2020-03-28 17:42:33,076 INFO [57.4] Epoch 106: loss = 21.1792
2020-03-28 17:43:36,785 INFO [63.7] Epoch 107: loss = 21.0834
2020-03-28 17:44:36,129 INFO [59.3] Epoch 108: loss = 21.1760
2020-03-28 17:45:37,189 INFO [61.1] Epoch 109: loss = 21.2461
2020-03-28 17:45:37,189 INFO Start Evaling...
2020-03-28 17:46:37,999 INFO Head: mr:373.5 mrr:16.78 hits:31.87
2020-03-28 17:46:37,999 INFO Tail: mr:171.9 mrr:35.02 hits:56.35
2020-03-28 17:46:37,999 INFO All: mr:272.7 mrr:25.90 hits:44.11
2020-03-28 17:46:38,041 INFO Improved and model saved
2020-03-28 17:47:35,965 INFO [57.9] Epoch 110: loss = 21.1220
2020-03-28 17:48:33,330 INFO [57.4] Epoch 111: loss = 21.0258
2020-03-28 17:49:30,324 INFO [57.0] Epoch 112: loss = 21.2121
2020-03-28 17:50:29,777 INFO [59.5] Epoch 113: loss = 21.1235
2020-03-28 17:51:31,705 INFO [61.9] Epoch 114: loss = 20.9962
2020-03-28 17:52:34,240 INFO [62.5] Epoch 115: loss = 20.8354
2020-03-28 17:53:33,297 INFO [59.1] Epoch 116: loss = 20.9027
2020-03-28 17:54:34,495 INFO [61.2] Epoch 117: loss = 20.7073
2020-03-28 17:55:34,596 INFO [60.1] Epoch 118: loss = 21.0079
2020-03-28 17:56:39,349 INFO [64.8] Epoch 119: loss = 20.9697
2020-03-28 17:56:39,349 INFO Start Evaling...
2020-03-28 17:57:31,585 INFO Head: mr:365.2 mrr:16.77 hits:31.84
2020-03-28 17:57:31,586 INFO Tail: mr:169.5 mrr:34.71 hits:56.04
2020-03-28 17:57:31,586 INFO All: mr:267.3 mrr:25.74 hits:43.94
2020-03-28 17:57:31,613 INFO Declined in recent 1 epochs
2020-03-28 17:58:30,486 INFO [58.9] Epoch 120: loss = 20.6934
2020-03-28 17:59:33,160 INFO [62.7] Epoch 121: loss = 20.7781
2020-03-28 18:00:35,634 INFO [62.5] Epoch 122: loss = 20.7369
2020-03-28 18:01:39,375 INFO [63.7] Epoch 123: loss = 20.7316
2020-03-28 18:02:42,342 INFO [63.0] Epoch 124: loss = 20.7887
2020-03-28 18:03:47,850 INFO [65.5] Epoch 125: loss = 20.7176
2020-03-28 18:04:49,148 INFO [61.3] Epoch 126: loss = 20.6486
2020-03-28 18:05:47,955 INFO [58.8] Epoch 127: loss = 20.5571
2020-03-28 18:06:47,733 INFO [59.8] Epoch 128: loss = 20.4544
2020-03-28 18:07:45,273 INFO [57.5] Epoch 129: loss = 20.5054
2020-03-28 18:07:45,273 INFO Start Evaling...
2020-03-28 18:08:39,163 INFO Head: mr:360.6 mrr:16.89 hits:31.61
2020-03-28 18:08:39,163 INFO Tail: mr:167.3 mrr:34.67 hits:56.14
2020-03-28 18:08:39,163 INFO All: mr:263.9 mrr:25.78 hits:43.88
2020-03-28 18:08:39,197 INFO Declined in recent 2 epochs
2020-03-28 18:09:34,872 INFO [55.7] Epoch 130: loss = 20.4920
2020-03-28 18:10:38,102 INFO [63.2] Epoch 131: loss = 20.6076
2020-03-28 18:11:38,280 INFO [60.2] Epoch 132: loss = 20.7595
2020-03-28 18:12:42,521 INFO [64.2] Epoch 133: loss = 20.5913
2020-03-28 18:13:42,166 INFO [59.6] Epoch 134: loss = 20.2909
2020-03-28 18:14:41,600 INFO [59.4] Epoch 135: loss = 20.5495
2020-03-28 18:15:42,374 INFO [60.8] Epoch 136: loss = 20.3711
2020-03-28 18:16:48,151 INFO [65.8] Epoch 137: loss = 20.4392
2020-03-28 18:17:53,073 INFO [64.9] Epoch 138: loss = 20.4208
2020-03-28 18:18:56,394 INFO [63.3] Epoch 139: loss = 20.3795
2020-03-28 18:18:56,394 INFO Start Evaling...
2020-03-28 18:19:49,620 INFO Head: mr:360.3 mrr:17.10 hits:32.20
2020-03-28 18:19:49,622 INFO Tail: mr:165.2 mrr:34.84 hits:56.68
2020-03-28 18:19:49,624 INFO All: mr:262.8 mrr:25.97 hits:44.44
2020-03-28 18:19:49,647 INFO Improved and model saved
2020-03-28 18:20:52,237 INFO [62.6] Epoch 140: loss = 20.3554
2020-03-28 18:21:53,280 INFO [61.0] Epoch 141: loss = 20.2451
2020-03-28 18:22:51,148 INFO [57.9] Epoch 142: loss = 20.3437
2020-03-28 18:23:49,507 INFO [58.4] Epoch 143: loss = 20.1396
2020-03-28 18:24:43,359 INFO [53.9] Epoch 144: loss = 20.1110
2020-03-28 18:25:43,426 INFO [60.1] Epoch 145: loss = 20.1720
2020-03-28 18:26:45,008 INFO [61.6] Epoch 146: loss = 20.2860
2020-03-28 18:27:47,810 INFO [62.8] Epoch 147: loss = 20.1756
2020-03-28 18:28:48,407 INFO [60.6] Epoch 148: loss = 20.0295
2020-03-28 18:29:49,991 INFO [61.6] Epoch 149: loss = 19.9977
2020-03-28 18:29:49,992 INFO Start Evaling...
2020-03-28 18:30:47,287 INFO Head: mr:351.5 mrr:17.19 hits:32.30
2020-03-28 18:30:47,299 INFO Tail: mr:162.4 mrr:35.40 hits:56.74
2020-03-28 18:30:47,301 INFO All: mr:257.0 mrr:26.30 hits:44.52
2020-03-28 18:30:47,346 INFO Improved and model saved
2020-03-28 18:31:48,824 INFO [61.4] Epoch 150: loss = 19.9884
2020-03-28 18:32:47,500 INFO [58.7] Epoch 151: loss = 19.9524
2020-03-28 18:33:47,210 INFO [59.7] Epoch 152: loss = 19.8831
2020-03-28 18:34:49,289 INFO [62.1] Epoch 153: loss = 19.9688
2020-03-28 18:35:54,076 INFO [64.8] Epoch 154: loss = 20.0720
2020-03-28 18:36:57,569 INFO [63.5] Epoch 155: loss = 19.8693
2020-03-28 18:37:58,579 INFO [61.0] Epoch 156: loss = 19.8789
2020-03-28 18:39:02,181 INFO [63.6] Epoch 157: loss = 20.0263
2020-03-28 18:40:03,342 INFO [61.2] Epoch 158: loss = 19.9574
2020-03-28 18:40:59,233 INFO [55.9] Epoch 159: loss = 19.9192
2020-03-28 18:40:59,233 INFO Start Evaling...
2020-03-28 18:41:49,225 INFO Head: mr:344.4 mrr:16.93 hits:32.58
2020-03-28 18:41:49,226 INFO Tail: mr:160.6 mrr:35.25 hits:56.73
2020-03-28 18:41:49,226 INFO All: mr:252.5 mrr:26.09 hits:44.65
2020-03-28 18:41:49,248 INFO Improved and model saved
2020-03-28 18:42:47,974 INFO [58.7] Epoch 160: loss = 20.0130
2020-03-28 18:43:49,942 INFO [62.0] Epoch 161: loss = 19.8345
2020-03-28 18:44:51,221 INFO [61.3] Epoch 162: loss = 19.8623
2020-03-28 18:45:51,182 INFO [60.0] Epoch 163: loss = 19.8200
2020-03-28 18:46:52,135 INFO [61.0] Epoch 164: loss = 19.8838
2020-03-28 18:47:53,334 INFO [61.2] Epoch 165: loss = 19.9265
2020-03-28 18:48:54,888 INFO [61.6] Epoch 166: loss = 19.8559
2020-03-28 18:49:53,508 INFO [58.6] Epoch 167: loss = 19.8269
2020-03-28 18:50:46,447 INFO [52.9] Epoch 168: loss = 19.7523
2020-03-28 18:51:44,052 INFO [57.6] Epoch 169: loss = 19.8925
2020-03-28 18:51:44,052 INFO Start Evaling...
2020-03-28 18:52:43,098 INFO Head: mr:351.8 mrr:17.21 hits:32.44
2020-03-28 18:52:43,098 INFO Tail: mr:158.9 mrr:35.70 hits:57.08
2020-03-28 18:52:43,098 INFO All: mr:255.3 mrr:26.46 hits:44.76
2020-03-28 18:52:43,119 INFO Improved and model saved
2020-03-28 18:53:47,219 INFO [64.1] Epoch 170: loss = 19.7721
2020-03-28 18:54:44,816 INFO [57.6] Epoch 171: loss = 19.8211
2020-03-28 18:55:48,953 INFO [64.1] Epoch 172: loss = 19.7087
2020-03-28 18:56:51,944 INFO [63.0] Epoch 173: loss = 19.6048
2020-03-28 18:57:52,407 INFO [60.5] Epoch 174: loss = 19.5248
2020-03-28 18:58:57,570 INFO [65.2] Epoch 175: loss = 19.7182
2020-03-28 18:59:51,558 INFO [54.0] Epoch 176: loss = 19.6856
2020-03-28 19:00:53,446 INFO [61.9] Epoch 177: loss = 19.4289
2020-03-28 19:01:54,436 INFO [61.0] Epoch 178: loss = 19.5814
2020-03-28 19:02:53,391 INFO [59.0] Epoch 179: loss = 19.5722
2020-03-28 19:02:53,391 INFO Start Evaling...
2020-03-28 19:03:50,347 INFO Head: mr:344.4 mrr:17.24 hits:32.44
2020-03-28 19:03:50,349 INFO Tail: mr:157.9 mrr:35.44 hits:57.14
2020-03-28 19:03:50,351 INFO All: mr:251.1 mrr:26.34 hits:44.79
2020-03-28 19:03:50,374 INFO Improved and model saved
2020-03-28 19:04:52,528 INFO [62.1] Epoch 180: loss = 19.4896
2020-03-28 19:05:52,255 INFO [59.7] Epoch 181: loss = 19.4308
2020-03-28 19:06:54,382 INFO [62.1] Epoch 182: loss = 19.4086
2020-03-28 19:07:53,593 INFO [59.2] Epoch 183: loss = 19.6399
2020-03-28 19:08:48,101 INFO [54.5] Epoch 184: loss = 19.5507
2020-03-28 19:09:46,673 INFO [58.6] Epoch 185: loss = 19.5503
2020-03-28 19:10:48,232 INFO [61.6] Epoch 186: loss = 19.4589
2020-03-28 19:11:46,762 INFO [58.5] Epoch 187: loss = 19.3700
2020-03-28 19:12:45,524 INFO [58.8] Epoch 188: loss = 19.3545
2020-03-28 19:13:48,466 INFO [62.9] Epoch 189: loss = 19.5951
2020-03-28 19:13:48,466 INFO Start Evaling...
2020-03-28 19:14:47,930 INFO Head: mr:355.9 mrr:17.25 hits:32.64
2020-03-28 19:14:47,933 INFO Tail: mr:159.3 mrr:35.93 hits:57.30
2020-03-28 19:14:47,935 INFO All: mr:257.6 mrr:26.59 hits:44.97
2020-03-28 19:14:47,960 INFO Improved and model saved
2020-03-28 19:15:45,628 INFO [57.6] Epoch 190: loss = 19.3684
2020-03-28 19:16:52,049 INFO [66.4] Epoch 191: loss = 19.4840
2020-03-28 19:17:48,983 INFO [56.9] Epoch 192: loss = 19.5289
2020-03-28 19:18:51,425 INFO [62.4] Epoch 193: loss = 19.4830
2020-03-28 19:19:57,505 INFO [66.1] Epoch 194: loss = 19.4916
2020-03-28 19:20:58,127 INFO [60.6] Epoch 195: loss = 19.5156
2020-03-28 19:22:04,889 INFO [66.8] Epoch 196: loss = 19.5904
2020-03-28 19:23:04,204 INFO [59.3] Epoch 197: loss = 19.4977
2020-03-28 19:24:09,130 INFO [64.9] Epoch 198: loss = 19.4167
2020-03-28 19:25:09,701 INFO [60.6] Epoch 199: loss = 19.4978
2020-03-28 19:25:09,701 INFO Start Evaling...
2020-03-28 19:26:04,424 INFO Head: mr:354.9 mrr:17.39 hits:32.93
2020-03-28 19:26:04,425 INFO Tail: mr:158.1 mrr:35.40 hits:56.90
2020-03-28 19:26:04,425 INFO All: mr:256.5 mrr:26.39 hits:44.92
2020-03-28 19:26:04,466 INFO Declined in recent 1 epochs
2020-03-28 19:26:59,379 INFO [54.9] Epoch 200: loss = 19.3079
2020-03-28 19:28:02,215 INFO [62.8] Epoch 201: loss = 19.4545
2020-03-28 19:29:02,214 INFO [60.0] Epoch 202: loss = 19.3916
2020-03-28 19:30:02,211 INFO [60.0] Epoch 203: loss = 19.4063
2020-03-28 19:31:05,593 INFO [63.4] Epoch 204: loss = 19.4412
2020-03-28 19:32:07,381 INFO [61.8] Epoch 205: loss = 19.2975
2020-03-28 19:33:08,802 INFO [61.4] Epoch 206: loss = 19.1838
2020-03-28 19:34:09,641 INFO [60.8] Epoch 207: loss = 19.2289
2020-03-28 19:35:09,269 INFO [59.6] Epoch 208: loss = 19.2663
2020-03-28 19:36:04,824 INFO [55.6] Epoch 209: loss = 19.1028
2020-03-28 19:36:04,824 INFO Start Evaling...
2020-03-28 19:37:07,049 INFO Head: mr:350.1 mrr:17.57 hits:32.55
2020-03-28 19:37:07,049 INFO Tail: mr:156.8 mrr:35.41 hits:57.48
2020-03-28 19:37:07,049 INFO All: mr:253.4 mrr:26.49 hits:45.01
2020-03-28 19:37:07,072 INFO Improved and model saved
2020-03-28 19:38:09,862 INFO [62.8] Epoch 210: loss = 19.1626
2020-03-28 19:39:09,503 INFO [59.6] Epoch 211: loss = 19.2611
2020-03-28 19:40:07,468 INFO [58.0] Epoch 212: loss = 19.3772
2020-03-28 19:41:08,485 INFO [61.0] Epoch 213: loss = 19.2616
2020-03-28 19:42:11,854 INFO [63.4] Epoch 214: loss = 19.2344
2020-03-28 19:43:12,513 INFO [60.7] Epoch 215: loss = 19.1679
2020-03-28 19:43:58,258 INFO [45.7] Epoch 216: loss = 19.0983
2020-03-28 19:44:48,448 INFO [50.2] Epoch 217: loss = 19.2215
2020-03-28 19:45:38,134 INFO [49.7] Epoch 218: loss = 18.9834
2020-03-28 19:46:26,612 INFO [48.5] Epoch 219: loss = 19.1017
2020-03-28 19:46:26,612 INFO Start Evaling...
2020-03-28 19:47:09,382 INFO Head: mr:340.9 mrr:17.34 hits:32.63
2020-03-28 19:47:09,384 INFO Tail: mr:155.9 mrr:35.85 hits:57.56
2020-03-28 19:47:09,386 INFO All: mr:248.4 mrr:26.60 hits:45.10
2020-03-28 19:47:09,409 INFO Improved and model saved
2020-03-28 19:47:58,281 INFO [48.8] Epoch 220: loss = 19.2681
2020-03-28 19:48:47,342 INFO [49.1] Epoch 221: loss = 19.0333
2020-03-28 19:49:36,237 INFO [48.9] Epoch 222: loss = 19.1743
2020-03-28 19:50:25,707 INFO [49.5] Epoch 223: loss = 19.1147
2020-03-28 19:51:19,762 INFO [54.1] Epoch 224: loss = 18.9974
2020-03-28 19:52:04,945 INFO [45.2] Epoch 225: loss = 19.0067
2020-03-28 19:52:55,191 INFO [50.2] Epoch 226: loss = 19.0914
2020-03-28 19:53:47,533 INFO [52.3] Epoch 227: loss = 19.1963
2020-03-28 19:54:40,312 INFO [52.8] Epoch 228: loss = 19.1230
2020-03-28 19:55:38,041 INFO [57.7] Epoch 229: loss = 19.1029
2020-03-28 19:55:38,042 INFO Start Evaling...
2020-03-28 19:56:27,346 INFO Head: mr:339.0 mrr:17.63 hits:33.00
2020-03-28 19:56:27,349 INFO Tail: mr:154.1 mrr:34.88 hits:57.43
2020-03-28 19:56:27,351 INFO All: mr:246.6 mrr:26.26 hits:45.22
2020-03-28 19:56:27,377 INFO Improved and model saved
2020-03-28 19:57:17,401 INFO [50.0] Epoch 230: loss = 18.9149
2020-03-28 19:58:09,943 INFO [52.5] Epoch 231: loss = 19.0828
2020-03-28 19:59:01,554 INFO [51.6] Epoch 232: loss = 18.9876
2020-03-28 19:59:51,860 INFO [50.3] Epoch 233: loss = 19.0844
2020-03-28 20:00:38,374 INFO [46.5] Epoch 234: loss = 19.0610
2020-03-28 20:01:30,249 INFO [51.9] Epoch 235: loss = 19.0280
2020-03-28 20:02:23,341 INFO [53.1] Epoch 236: loss = 18.9489
2020-03-28 20:03:14,121 INFO [50.8] Epoch 237: loss = 18.9930
2020-03-28 20:04:05,811 INFO [51.7] Epoch 238: loss = 18.8790
2020-03-28 20:04:58,896 INFO [53.1] Epoch 239: loss = 18.9867
2020-03-28 20:04:58,897 INFO Start Evaling...
2020-03-28 20:05:49,965 INFO Head: mr:341.2 mrr:17.65 hits:33.08
2020-03-28 20:05:49,967 INFO Tail: mr:153.0 mrr:35.30 hits:57.21
2020-03-28 20:05:49,969 INFO All: mr:247.1 mrr:26.47 hits:45.15
2020-03-28 20:05:49,992 INFO Declined in recent 1 epochs
2020-03-28 20:06:46,050 INFO [56.1] Epoch 240: loss = 19.0763
2020-03-28 20:07:38,585 INFO [52.5] Epoch 241: loss = 19.0285
2020-03-28 20:08:29,201 INFO [50.6] Epoch 242: loss = 19.1670
2020-03-28 20:09:17,650 INFO [48.4] Epoch 243: loss = 18.8921
2020-03-28 20:10:09,562 INFO [51.9] Epoch 244: loss = 18.9009
2020-03-28 20:11:01,338 INFO [51.8] Epoch 245: loss = 18.9445
2020-03-28 20:11:53,971 INFO [52.6] Epoch 246: loss = 18.9216
2020-03-28 20:12:50,854 INFO [56.9] Epoch 247: loss = 18.8949
2020-03-28 20:13:47,474 INFO [56.6] Epoch 248: loss = 18.7724
2020-03-28 20:14:37,635 INFO [50.2] Epoch 249: loss = 18.7772
2020-03-28 20:14:37,635 INFO Start Evaling...
2020-03-28 20:15:27,008 INFO Head: mr:340.4 mrr:17.61 hits:32.72
2020-03-28 20:15:27,009 INFO Tail: mr:152.9 mrr:35.95 hits:57.46
2020-03-28 20:15:27,009 INFO All: mr:246.6 mrr:26.78 hits:45.09
2020-03-28 20:15:27,050 INFO Declined in recent 2 epochs
2020-03-28 20:16:20,450 INFO [53.4] Epoch 250: loss = 18.8685
2020-03-28 20:17:08,999 INFO [48.5] Epoch 251: loss = 18.9784
2020-03-28 20:18:01,315 INFO [52.3] Epoch 252: loss = 18.9906
2020-03-28 20:18:53,511 INFO [52.2] Epoch 253: loss = 18.7767
2020-03-28 20:19:47,011 INFO [53.5] Epoch 254: loss = 18.8832
2020-03-28 20:20:37,793 INFO [50.8] Epoch 255: loss = 18.7450
2020-03-28 20:21:32,477 INFO [54.7] Epoch 256: loss = 18.6970
2020-03-28 20:22:24,947 INFO [52.5] Epoch 257: loss = 18.8114
2020-03-28 20:23:17,040 INFO [52.1] Epoch 258: loss = 18.7315
2020-03-28 20:24:09,309 INFO [52.3] Epoch 259: loss = 18.7448
2020-03-28 20:24:09,309 INFO Start Evaling...
2020-03-28 20:24:58,400 INFO Head: mr:344.3 mrr:17.91 hits:32.90
2020-03-28 20:24:58,400 INFO Tail: mr:153.5 mrr:35.79 hits:57.66
2020-03-28 20:24:58,400 INFO All: mr:248.9 mrr:26.85 hits:45.28
2020-03-28 20:24:58,424 INFO Improved and model saved
2020-03-28 20:25:46,587 INFO [48.1] Epoch 260: loss = 18.9223
2020-03-28 20:26:37,829 INFO [51.2] Epoch 261: loss = 18.6789
2020-03-28 20:27:32,957 INFO [55.1] Epoch 262: loss = 18.9292
2020-03-28 20:28:28,255 INFO [55.3] Epoch 263: loss = 18.7668
2020-03-28 20:29:20,934 INFO [52.7] Epoch 264: loss = 18.8020
2020-03-28 20:30:13,652 INFO [52.7] Epoch 265: loss = 18.9374
2020-03-28 20:31:14,563 INFO [60.9] Epoch 266: loss = 18.8114
2020-03-28 20:32:09,637 INFO [55.1] Epoch 267: loss = 18.7827
2020-03-28 20:33:01,295 INFO [51.7] Epoch 268: loss = 18.6795
2020-03-28 20:33:52,163 INFO [50.9] Epoch 269: loss = 18.7867
2020-03-28 20:33:52,164 INFO Start Evaling...
2020-03-28 20:34:39,109 INFO Head: mr:340.7 mrr:17.90 hits:32.83
2020-03-28 20:34:39,110 INFO Tail: mr:153.1 mrr:36.28 hits:57.75
2020-03-28 20:34:39,110 INFO All: mr:246.9 mrr:27.09 hits:45.29
2020-03-28 20:34:39,165 INFO Improved and model saved
2020-03-28 20:35:31,581 INFO [52.4] Epoch 270: loss = 18.9494
2020-03-28 20:36:25,377 INFO [53.8] Epoch 271: loss = 18.8347
2020-03-28 20:37:17,566 INFO [52.2] Epoch 272: loss = 18.8545
2020-03-28 20:38:11,407 INFO [53.8] Epoch 273: loss = 18.7218
2020-03-28 20:39:05,015 INFO [53.6] Epoch 274: loss = 18.8031
2020-03-28 20:39:58,283 INFO [53.3] Epoch 275: loss = 18.7349
2020-03-28 20:40:52,854 INFO [54.6] Epoch 276: loss = 18.6401
2020-03-28 20:41:43,576 INFO [50.7] Epoch 277: loss = 18.5055
2020-03-28 20:42:32,855 INFO [49.3] Epoch 278: loss = 18.6135
2020-03-28 20:43:23,723 INFO [50.9] Epoch 279: loss = 18.8071
2020-03-28 20:43:23,723 INFO Start Evaling...
2020-03-28 20:44:12,785 INFO Head: mr:341.1 mrr:17.90 hits:33.15
2020-03-28 20:44:12,788 INFO Tail: mr:153.4 mrr:35.88 hits:57.76
2020-03-28 20:44:12,789 INFO All: mr:247.3 mrr:26.89 hits:45.45
2020-03-28 20:44:12,811 INFO Improved and model saved
2020-03-28 20:45:05,331 INFO [52.5] Epoch 280: loss = 18.7550
2020-03-28 20:45:57,493 INFO [52.2] Epoch 281: loss = 18.7532
2020-03-28 20:46:49,920 INFO [52.4] Epoch 282: loss = 18.8438
2020-03-28 20:47:40,802 INFO [50.9] Epoch 283: loss = 18.7302
2020-03-28 20:48:36,138 INFO [55.3] Epoch 284: loss = 18.5864
2020-03-28 20:49:35,693 INFO [59.6] Epoch 285: loss = 18.4685
2020-03-28 20:50:26,662 INFO [51.0] Epoch 286: loss = 18.6918
2020-03-28 20:51:15,804 INFO [49.1] Epoch 287: loss = 18.6395
2020-03-28 20:52:09,861 INFO [54.1] Epoch 288: loss = 18.6244
2020-03-28 20:53:02,387 INFO [52.5] Epoch 289: loss = 18.6549
2020-03-28 20:53:02,388 INFO Start Evaling...
2020-03-28 20:53:52,633 INFO Head: mr:345.6 mrr:17.61 hits:33.33
2020-03-28 20:53:52,635 INFO Tail: mr:154.4 mrr:35.65 hits:57.90
2020-03-28 20:53:52,637 INFO All: mr:250.0 mrr:26.63 hits:45.61
2020-03-28 20:53:52,663 INFO Improved and model saved
2020-03-28 20:54:44,843 INFO [52.2] Epoch 290: loss = 18.5224
2020-03-28 20:55:38,040 INFO [53.2] Epoch 291: loss = 18.6719
2020-03-28 20:56:31,060 INFO [53.0] Epoch 292: loss = 18.5328
2020-03-28 20:57:23,629 INFO [52.6] Epoch 293: loss = 18.6780
2020-03-28 20:58:18,598 INFO [55.0] Epoch 294: loss = 18.6787
2020-03-28 20:59:09,305 INFO [50.7] Epoch 295: loss = 18.5948
2020-03-28 21:00:00,331 INFO [51.0] Epoch 296: loss = 18.6037
2020-03-28 21:00:51,616 INFO [51.3] Epoch 297: loss = 18.8472
2020-03-28 21:01:43,994 INFO [52.4] Epoch 298: loss = 18.5466
2020-03-28 21:02:36,484 INFO [52.5] Epoch 299: loss = 18.7682
2020-03-28 21:02:36,485 INFO Start Evaling...
2020-03-28 21:03:27,343 INFO Head: mr:346.0 mrr:17.91 hits:33.40
2020-03-28 21:03:27,346 INFO Tail: mr:152.2 mrr:35.78 hits:57.86
2020-03-28 21:03:27,348 INFO All: mr:249.1 mrr:26.84 hits:45.63
2020-03-28 21:03:27,370 INFO Improved and model saved
2020-03-28 21:04:19,546 INFO [52.2] Epoch 300: loss = 18.5252
2020-03-28 21:05:11,294 INFO [51.7] Epoch 301: loss = 18.6701
2020-03-28 21:06:03,854 INFO [52.6] Epoch 302: loss = 18.7104
2020-03-28 21:07:01,791 INFO [57.9] Epoch 303: loss = 18.5456
2020-03-28 21:07:53,415 INFO [51.6] Epoch 304: loss = 18.6314
2020-03-28 21:08:46,765 INFO [53.3] Epoch 305: loss = 18.6525
2020-03-28 21:09:40,861 INFO [54.1] Epoch 306: loss = 18.5320
2020-03-28 21:10:33,254 INFO [52.4] Epoch 307: loss = 18.6936
2020-03-28 21:11:24,565 INFO [51.3] Epoch 308: loss = 18.6645
2020-03-28 21:12:16,413 INFO [51.8] Epoch 309: loss = 18.4839
2020-03-28 21:12:16,413 INFO Start Evaling...
2020-03-28 21:13:07,933 INFO Head: mr:343.7 mrr:17.91 hits:33.21
2020-03-28 21:13:07,935 INFO Tail: mr:153.3 mrr:35.67 hits:58.11
2020-03-28 21:13:07,937 INFO All: mr:248.5 mrr:26.79 hits:45.66
2020-03-28 21:13:07,960 INFO Improved and model saved
2020-03-28 21:14:03,973 INFO [56.0] Epoch 310: loss = 18.5946
2020-03-28 21:14:58,241 INFO [54.3] Epoch 311: loss = 18.6480
2020-03-28 21:15:50,929 INFO [52.7] Epoch 312: loss = 18.5798
2020-03-28 21:16:39,991 INFO [49.1] Epoch 313: loss = 18.7119
2020-03-28 21:17:33,797 INFO [53.8] Epoch 314: loss = 18.5931
2020-03-28 21:18:27,337 INFO [53.5] Epoch 315: loss = 18.5697
2020-03-28 21:19:21,851 INFO [54.5] Epoch 316: loss = 18.6686
2020-03-28 21:20:12,988 INFO [51.1] Epoch 317: loss = 18.5833
2020-03-28 21:21:05,673 INFO [52.7] Epoch 318: loss = 18.6293
2020-03-28 21:21:59,397 INFO [53.7] Epoch 319: loss = 18.6266
2020-03-28 21:21:59,398 INFO Start Evaling...
2020-03-28 21:22:46,711 INFO Head: mr:343.8 mrr:17.81 hits:33.45
2020-03-28 21:22:46,711 INFO Tail: mr:153.8 mrr:36.61 hits:57.83
2020-03-28 21:22:46,711 INFO All: mr:248.8 mrr:27.21 hits:45.64
2020-03-28 21:22:46,733 INFO Declined in recent 1 epochs
2020-03-28 21:23:38,859 INFO [52.1] Epoch 320: loss = 18.6060
2020-03-28 21:24:28,813 INFO [50.0] Epoch 321: loss = 18.7158
2020-03-28 21:25:22,189 INFO [53.4] Epoch 322: loss = 18.5816
2020-03-28 21:26:14,660 INFO [52.5] Epoch 323: loss = 18.3979
2020-03-28 21:27:06,909 INFO [52.2] Epoch 324: loss = 18.4415
2020-03-28 21:28:01,024 INFO [54.1] Epoch 325: loss = 18.4248
2020-03-28 21:28:54,468 INFO [53.4] Epoch 326: loss = 18.4972
2020-03-28 21:29:45,670 INFO [51.2] Epoch 327: loss = 18.5379
2020-03-28 21:30:42,661 INFO [57.0] Epoch 328: loss = 18.6593
2020-03-28 21:31:36,452 INFO [53.8] Epoch 329: loss = 18.5259
2020-03-28 21:31:36,452 INFO Start Evaling...
2020-03-28 21:32:27,204 INFO Head: mr:342.5 mrr:17.97 hits:33.67
2020-03-28 21:32:27,214 INFO Tail: mr:153.7 mrr:35.91 hits:57.94
2020-03-28 21:32:27,215 INFO All: mr:248.1 mrr:26.94 hits:45.81
2020-03-28 21:32:27,258 INFO Improved and model saved
2020-03-28 21:33:16,370 INFO [49.1] Epoch 330: loss = 18.6079
2020-03-28 21:34:11,026 INFO [54.7] Epoch 331: loss = 18.5639
2020-03-28 21:35:06,183 INFO [55.2] Epoch 332: loss = 18.4816
2020-03-28 21:35:58,621 INFO [52.4] Epoch 333: loss = 18.5052
2020-03-28 21:36:54,133 INFO [55.5] Epoch 334: loss = 18.5030
2020-03-28 21:37:47,253 INFO [53.1] Epoch 335: loss = 18.4824
2020-03-28 21:38:40,227 INFO [53.0] Epoch 336: loss = 18.3067
2020-03-28 21:39:34,587 INFO [54.4] Epoch 337: loss = 18.4845
2020-03-28 21:40:27,316 INFO [52.7] Epoch 338: loss = 18.3156
2020-03-28 21:41:18,517 INFO [51.2] Epoch 339: loss = 18.6260
2020-03-28 21:41:18,517 INFO Start Evaling...
2020-03-28 21:42:04,521 INFO Head: mr:349.3 mrr:17.82 hits:33.41
2020-03-28 21:42:04,521 INFO Tail: mr:149.9 mrr:36.45 hits:57.92
2020-03-28 21:42:04,521 INFO All: mr:249.6 mrr:27.13 hits:45.66
2020-03-28 21:42:04,543 INFO Declined in recent 1 epochs
2020-03-28 21:43:02,404 INFO [57.9] Epoch 340: loss = 18.5630
2020-03-28 21:44:01,129 INFO [58.7] Epoch 341: loss = 18.4174
2020-03-28 21:44:56,166 INFO [55.0] Epoch 342: loss = 18.5812
2020-03-28 21:45:50,757 INFO [54.6] Epoch 343: loss = 18.5786
2020-03-28 21:46:47,357 INFO [56.6] Epoch 344: loss = 18.4256
2020-03-28 21:47:39,093 INFO [51.7] Epoch 345: loss = 18.5585
2020-03-28 21:48:33,037 INFO [53.9] Epoch 346: loss = 18.5608
2020-03-28 21:49:24,397 INFO [51.4] Epoch 347: loss = 18.4823
2020-03-28 21:50:11,534 INFO [47.1] Epoch 348: loss = 18.5443
2020-03-28 21:51:03,861 INFO [52.3] Epoch 349: loss = 18.4303
2020-03-28 21:51:03,861 INFO Start Evaling...
2020-03-28 21:51:55,942 INFO Head: mr:341.4 mrr:18.00 hits:33.42
2020-03-28 21:51:55,945 INFO Tail: mr:151.5 mrr:35.10 hits:57.72
2020-03-28 21:51:55,947 INFO All: mr:246.4 mrr:26.55 hits:45.57
2020-03-28 21:51:55,969 INFO Declined in recent 2 epochs
2020-03-28 21:52:47,435 INFO [51.5] Epoch 350: loss = 18.3735
2020-03-28 21:53:42,763 INFO [55.3] Epoch 351: loss = 18.4093
2020-03-28 21:54:34,623 INFO [51.9] Epoch 352: loss = 18.3933
2020-03-28 21:55:27,808 INFO [53.2] Epoch 353: loss = 18.5720
2020-03-28 21:56:24,883 INFO [57.1] Epoch 354: loss = 18.4301
2020-03-28 21:57:17,912 INFO [53.0] Epoch 355: loss = 18.5228
2020-03-28 21:58:10,150 INFO [52.2] Epoch 356: loss = 18.5448
2020-03-28 21:58:59,686 INFO [49.5] Epoch 357: loss = 18.5242
2020-03-28 21:59:50,864 INFO [51.2] Epoch 358: loss = 18.3101
2020-03-28 22:00:44,430 INFO [53.6] Epoch 359: loss = 18.5235
2020-03-28 22:00:44,431 INFO Start Evaling...
2020-03-28 22:01:42,872 INFO Head: mr:337.8 mrr:17.74 hits:33.49
2020-03-28 22:01:42,872 INFO Tail: mr:150.2 mrr:35.71 hits:57.54
2020-03-28 22:01:42,872 INFO All: mr:244.0 mrr:26.72 hits:45.51
2020-03-28 22:01:42,894 INFO Declined in recent 3 epochs
2020-03-28 22:02:34,373 INFO [51.5] Epoch 360: loss = 18.4642
2020-03-28 22:03:27,105 INFO [52.7] Epoch 361: loss = 18.4218
2020-03-28 22:04:21,823 INFO [54.7] Epoch 362: loss = 18.5882
2020-03-28 22:05:14,693 INFO [52.9] Epoch 363: loss = 18.4137
2020-03-28 22:06:06,538 INFO [51.8] Epoch 364: loss = 18.4743
2020-03-28 22:06:53,420 INFO [46.9] Epoch 365: loss = 18.5253
2020-03-28 22:07:39,707 INFO [46.3] Epoch 366: loss = 18.3710
2020-03-28 22:08:20,254 INFO [40.5] Epoch 367: loss = 18.2982
2020-03-28 22:08:57,329 INFO [37.1] Epoch 368: loss = 18.3915
2020-03-28 22:09:35,062 INFO [37.7] Epoch 369: loss = 18.2820
2020-03-28 22:09:35,063 INFO Start Evaling...
2020-03-28 22:10:09,752 INFO Head: mr:348.7 mrr:17.85 hits:33.52
2020-03-28 22:10:09,753 INFO Tail: mr:149.2 mrr:36.40 hits:58.07
2020-03-28 22:10:09,753 INFO All: mr:249.0 mrr:27.12 hits:45.79
2020-03-28 22:10:09,765 INFO Declined in recent 4 epochs
2020-03-28 22:10:46,489 INFO [36.7] Epoch 370: loss = 18.4204
2020-03-28 22:11:25,078 INFO [38.6] Epoch 371: loss = 18.4745
2020-03-28 22:12:01,625 INFO [36.5] Epoch 372: loss = 18.5167
2020-03-28 22:12:38,986 INFO [37.4] Epoch 373: loss = 18.3945
2020-03-28 22:13:17,238 INFO [38.2] Epoch 374: loss = 18.3657
2020-03-28 22:13:54,355 INFO [37.1] Epoch 375: loss = 18.3352
2020-03-28 22:14:32,057 INFO [37.7] Epoch 376: loss = 18.5331
2020-03-28 22:15:09,755 INFO [37.7] Epoch 377: loss = 18.3151
2020-03-28 22:15:47,155 INFO [37.4] Epoch 378: loss = 18.5188
2020-03-28 22:16:28,815 INFO [41.7] Epoch 379: loss = 18.4835
2020-03-28 22:16:28,815 INFO Start Evaling...
2020-03-28 22:17:03,819 INFO Head: mr:346.2 mrr:17.70 hits:33.44
2020-03-28 22:17:03,820 INFO Tail: mr:150.4 mrr:35.93 hits:57.79
2020-03-28 22:17:03,820 INFO All: mr:248.3 mrr:26.81 hits:45.61
2020-03-28 22:17:03,833 INFO Declined in recent 5 epochs
2020-03-28 22:17:03,833 INFO Early stopping
2020-03-28 22:17:03,833 INFO Train done
2020-03-28 22:17:03,838 INFO Start Evaling...
2020-03-28 22:17:44,854 INFO Head: mr:346.4 mrr:17.69 hits:33.48
2020-03-28 22:17:44,854 INFO Tail: mr:161.3 mrr:35.42 hits:57.52
2020-03-28 22:17:44,854 INFO All: mr:253.9 mrr:26.55 hits:45.50
