2020-05-23 05:18:13,406 INFO EPOCH: 1000
2020-05-23 05:18:13,406 INFO EVERY: 10
2020-05-23 05:18:13,407 INFO LR: 0.001
2020-05-23 05:18:13,407 INFO DIM: 100
2020-05-23 05:18:13,407 INFO BATCH_SIZE: 256
2020-05-23 05:18:13,407 INFO BATCH_SIZE2: 256
2020-05-23 05:18:13,407 INFO P: 1
2020-05-23 05:18:13,407 INFO CLIPPING_MAX_VALUE: 4.0
2020-05-23 05:18:13,407 INFO OPTIM: Adam
2020-05-23 05:18:13,407 INFO N_SAMPLE: 12
2020-05-23 05:18:13,407 INFO MODE: cach
2020-05-23 05:18:13,407 INFO RATE: 0.1
2020-05-23 05:18:13,407 INFO GAMMA: 12.0
2020-05-23 05:18:13,408 INFO BERN: True
2020-05-23 05:18:13,408 INFO MARGIN: 4.0
2020-05-23 05:18:13,408 INFO REG: 1.0
2020-05-23 05:18:13,408 INFO LABEL_SMOOTH_EPS: 0.1
2020-05-23 05:18:13,408 INFO INPUT_DROP: 0.2
2020-05-23 05:18:13,408 INFO FEAT_DROP: 0.2
2020-05-23 05:18:13,408 INFO HIDD_DROP: 0.3
2020-05-23 05:18:13,408 INFO CHANNELS: 50
2020-05-23 05:18:13,408 INFO KERNEL_SIZE: 3
2020-05-23 05:18:13,408 INFO N_POOL: 100
2020-05-23 05:18:13,408 INFO MODEL_D: TransH
2020-05-23 05:18:13,409 INFO MODEL_G: DistMult
2020-05-23 05:18:13,409 INFO SCRATCH: False
2020-05-23 05:18:13,409 INFO D_FILE: None
2020-05-23 05:18:13,409 INFO G_FILE: None
2020-05-23 05:18:13,409 INFO PATH: data
2020-05-23 05:18:13,409 INFO DATA: FB15K237
2020-05-23 05:18:13,409 INFO EXP_PATH: experiment/FB15K237
2020-05-23 05:18:13,409 INFO MODEL: DistMult
2020-05-23 05:18:13,409 INFO V: 12.0
2020-05-23 05:18:13,409 INFO F: True
2020-05-23 05:18:13,409 INFO ADV: True
2020-05-23 05:18:13,409 INFO EVAL: False
2020-05-23 05:18:13,410 INFO TRAINED: False
2020-05-23 05:18:13,410 INFO PRETRAINED_NAME: None
2020-05-23 05:18:13,410 INFO EXP_NAME: DistMult-FB15K237-cach-12.0
2020-05-23 05:18:13,410 INFO --------------------------------------
2020-05-23 05:18:21,689 INFO Dataload done
2020-05-23 05:18:21,690 INFO --------------------------------------
2020-05-23 05:18:21,690 INFO N_ENTITY: 14541
2020-05-23 05:18:21,690 INFO N_RELATION: 237
2020-05-23 05:18:21,690 INFO --------------------------------------
2020-05-23 05:18:25,160 INFO Start Training...
2020-05-23 05:18:54,021 INFO [28.9] Epoch 0: loss = 338.4151
2020-05-23 05:19:23,383 INFO [29.4] Epoch 1: loss = 273.6047
2020-05-23 05:19:52,740 INFO [29.4] Epoch 2: loss = 251.4356
2020-05-23 05:20:22,019 INFO [29.3] Epoch 3: loss = 230.5492
2020-05-23 05:20:50,653 INFO [28.6] Epoch 4: loss = 219.2386
2020-05-23 05:21:20,003 INFO [29.3] Epoch 5: loss = 210.3406
2020-05-23 05:21:49,319 INFO [29.3] Epoch 6: loss = 204.9760
2020-05-23 05:22:18,707 INFO [29.4] Epoch 7: loss = 199.8416
2020-05-23 05:22:48,076 INFO [29.4] Epoch 8: loss = 196.3967
2020-05-23 05:23:16,807 INFO [28.7] Epoch 9: loss = 193.3476
2020-05-23 05:23:16,807 INFO Start Evaling...
2020-05-23 05:25:49,302 INFO Head: mr:494.8 mrr:13.19 hits10:26.14 hits3:13.82 hits1:6.93
2020-05-23 05:25:49,302 INFO Tail: mr:217.3 mrr:37.58 hits10:55.37 hits3:41.19 hits1:28.66
2020-05-23 05:25:49,303 INFO All: mr:356.1 mrr:25.38 hits10:40.76 hits3:27.50 hits1:17.80
2020-05-23 05:25:49,315 INFO Start Evaling...
2020-05-23 05:28:44,616 INFO Head: mr:517.2 mrr:13.13 hits10:26.10 hits3:13.69 hits1:6.91
2020-05-23 05:28:44,616 INFO Tail: mr:237.9 mrr:36.68 hits10:54.56 hits3:40.40 hits1:27.72
2020-05-23 05:28:44,617 INFO All: mr:377.6 mrr:24.91 hits10:40.33 hits3:27.04 hits1:17.32
2020-05-23 05:28:44,630 INFO Improved and model saved
2020-05-23 05:29:14,094 INFO [29.5] Epoch 10: loss = 191.1943
2020-05-23 05:29:43,507 INFO [29.4] Epoch 11: loss = 188.5971
2020-05-23 05:30:13,016 INFO [29.5] Epoch 12: loss = 186.0203
2020-05-23 05:30:42,577 INFO [29.6] Epoch 13: loss = 184.7058
2020-05-23 05:31:11,362 INFO [28.8] Epoch 14: loss = 182.7446
2020-05-23 05:31:40,882 INFO [29.5] Epoch 15: loss = 181.5402
2020-05-23 05:32:10,388 INFO [29.5] Epoch 16: loss = 180.2979
2020-05-23 05:32:39,799 INFO [29.4] Epoch 17: loss = 178.9238
2020-05-23 05:33:08,667 INFO [28.9] Epoch 18: loss = 177.7887
2020-05-23 05:33:38,200 INFO [29.5] Epoch 19: loss = 177.3960
2020-05-23 05:33:38,201 INFO Start Evaling...
2020-05-23 05:36:10,245 INFO Head: mr:457.7 mrr:14.64 hits10:28.75 hits3:15.45 hits1:7.93
2020-05-23 05:36:10,245 INFO Tail: mr:189.5 mrr:38.92 hits10:57.49 hits3:43.10 hits1:29.62
2020-05-23 05:36:10,246 INFO All: mr:323.6 mrr:26.78 hits10:43.12 hits3:29.28 hits1:18.77
2020-05-23 05:36:10,258 INFO Start Evaling...
2020-05-23 05:39:05,190 INFO Head: mr:477.0 mrr:14.52 hits10:28.41 hits3:15.59 hits1:7.71
2020-05-23 05:39:05,190 INFO Tail: mr:208.7 mrr:38.13 hits10:56.77 hits3:42.21 hits1:28.74
2020-05-23 05:39:05,191 INFO All: mr:342.9 mrr:26.32 hits10:42.59 hits3:28.90 hits1:18.22
2020-05-23 05:39:05,205 INFO Improved and model saved
2020-05-23 05:39:34,707 INFO [29.5] Epoch 20: loss = 175.7610
2020-05-23 05:40:04,336 INFO [29.6] Epoch 21: loss = 174.9040
2020-05-23 05:40:33,923 INFO [29.6] Epoch 22: loss = 174.5779
2020-05-23 05:41:02,754 INFO [28.8] Epoch 23: loss = 173.5677
2020-05-23 05:41:32,389 INFO [29.6] Epoch 24: loss = 173.1609
2020-05-23 05:42:01,950 INFO [29.6] Epoch 25: loss = 172.0143
2020-05-23 05:42:31,502 INFO [29.6] Epoch 26: loss = 171.5903
2020-05-23 05:43:00,419 INFO [28.9] Epoch 27: loss = 170.6231
2020-05-23 05:43:30,047 INFO [29.6] Epoch 28: loss = 169.6329
2020-05-23 05:43:59,553 INFO [29.5] Epoch 29: loss = 169.4924
2020-05-23 05:43:59,553 INFO Start Evaling...
2020-05-23 05:46:30,284 INFO Head: mr:444.9 mrr:15.35 hits10:29.83 hits3:16.50 hits1:8.33
2020-05-23 05:46:30,284 INFO Tail: mr:180.5 mrr:39.35 hits10:58.25 hits3:43.52 hits1:29.85
2020-05-23 05:46:30,284 INFO All: mr:312.7 mrr:27.35 hits10:44.04 hits3:30.01 hits1:19.09
2020-05-23 05:46:30,298 INFO Start Evaling...
2020-05-23 05:49:23,680 INFO Head: mr:461.7 mrr:14.88 hits10:29.56 hits3:15.82 hits1:7.84
2020-05-23 05:49:23,680 INFO Tail: mr:198.6 mrr:38.47 hits10:57.63 hits3:42.86 hits1:28.79
2020-05-23 05:49:23,680 INFO All: mr:330.1 mrr:26.68 hits10:43.59 hits3:29.34 hits1:18.32
2020-05-23 05:49:23,695 INFO Improved and model saved
2020-05-23 05:49:53,320 INFO [29.6] Epoch 30: loss = 168.8209
2020-05-23 05:50:22,294 INFO [29.0] Epoch 31: loss = 168.2500
2020-05-23 05:50:51,949 INFO [29.7] Epoch 32: loss = 167.8336
2020-05-23 05:51:21,519 INFO [29.6] Epoch 33: loss = 167.3392
2020-05-23 05:51:51,150 INFO [29.6] Epoch 34: loss = 166.9433
2020-05-23 05:52:20,910 INFO [29.8] Epoch 35: loss = 166.5646
2020-05-23 05:52:49,836 INFO [28.9] Epoch 36: loss = 166.6604
2020-05-23 05:53:19,454 INFO [29.6] Epoch 37: loss = 165.8195
2020-05-23 05:53:49,092 INFO [29.6] Epoch 38: loss = 165.3198
2020-05-23 05:54:18,696 INFO [29.6] Epoch 39: loss = 165.1464
2020-05-23 05:54:18,696 INFO Start Evaling...
2020-05-23 05:56:49,712 INFO Head: mr:430.9 mrr:15.97 hits10:30.14 hits3:16.82 hits1:9.10
2020-05-23 05:56:49,712 INFO Tail: mr:179.8 mrr:40.04 hits10:58.88 hits3:44.31 hits1:30.45
2020-05-23 05:56:49,712 INFO All: mr:305.4 mrr:28.01 hits10:44.51 hits3:30.57 hits1:19.77
2020-05-23 05:56:49,726 INFO Start Evaling...
2020-05-23 05:59:43,355 INFO Head: mr:446.5 mrr:15.62 hits10:30.47 hits3:16.53 hits1:8.59
2020-05-23 05:59:43,355 INFO Tail: mr:193.0 mrr:38.90 hits10:58.17 hits3:43.45 hits1:29.01
2020-05-23 05:59:43,355 INFO All: mr:319.7 mrr:27.26 hits10:44.32 hits3:29.99 hits1:18.80
2020-05-23 05:59:43,371 INFO Improved and model saved
2020-05-23 06:00:12,178 INFO [28.8] Epoch 40: loss = 164.4895
2020-05-23 06:00:41,700 INFO [29.5] Epoch 41: loss = 164.7239
2020-05-23 06:01:11,238 INFO [29.5] Epoch 42: loss = 163.1762
2020-05-23 06:01:40,795 INFO [29.6] Epoch 43: loss = 164.0763
2020-05-23 06:02:10,521 INFO [29.7] Epoch 44: loss = 163.3753
2020-05-23 06:02:40,044 INFO [29.5] Epoch 45: loss = 162.7404
2020-05-23 06:03:09,530 INFO [29.5] Epoch 46: loss = 162.5966
2020-05-23 06:03:39,069 INFO [29.5] Epoch 47: loss = 162.6410
2020-05-23 06:04:08,565 INFO [29.5] Epoch 48: loss = 162.0239
2020-05-23 06:04:38,099 INFO [29.5] Epoch 49: loss = 162.2572
2020-05-23 06:04:38,099 INFO Start Evaling...
2020-05-23 06:07:10,854 INFO Head: mr:422.8 mrr:16.56 hits10:31.14 hits3:17.66 hits1:9.43
2020-05-23 06:07:10,855 INFO Tail: mr:172.0 mrr:40.16 hits10:59.52 hits3:44.54 hits1:30.49
2020-05-23 06:07:10,855 INFO All: mr:297.4 mrr:28.36 hits10:45.33 hits3:31.10 hits1:19.96
2020-05-23 06:07:10,868 INFO Start Evaling...
2020-05-23 06:10:04,420 INFO Head: mr:440.7 mrr:16.23 hits10:31.31 hits3:17.44 hits1:9.07
2020-05-23 06:10:04,420 INFO Tail: mr:187.7 mrr:39.26 hits10:58.58 hits3:43.80 hits1:29.37
2020-05-23 06:10:04,420 INFO All: mr:314.2 mrr:27.74 hits10:44.95 hits3:30.62 hits1:19.22
2020-05-23 06:10:04,433 INFO Improved and model saved
2020-05-23 06:10:33,299 INFO [28.9] Epoch 50: loss = 161.1033
2020-05-23 06:11:02,872 INFO [29.6] Epoch 51: loss = 161.4326
2020-05-23 06:11:32,360 INFO [29.5] Epoch 52: loss = 160.6604
2020-05-23 06:12:01,928 INFO [29.6] Epoch 53: loss = 160.0905
2020-05-23 06:12:31,703 INFO [29.8] Epoch 54: loss = 160.9015
2020-05-23 06:13:01,150 INFO [29.4] Epoch 55: loss = 160.2578
2020-05-23 06:13:30,733 INFO [29.6] Epoch 56: loss = 159.5360
2020-05-23 06:14:00,222 INFO [29.5] Epoch 57: loss = 159.5519
2020-05-23 06:14:29,799 INFO [29.6] Epoch 58: loss = 159.7530
2020-05-23 06:14:59,365 INFO [29.6] Epoch 59: loss = 159.3156
2020-05-23 06:14:59,365 INFO Start Evaling...
2020-05-23 06:17:31,904 INFO Head: mr:420.9 mrr:16.32 hits10:31.08 hits3:17.32 hits1:9.23
2020-05-23 06:17:31,904 INFO Tail: mr:173.3 mrr:40.58 hits10:59.56 hits3:44.75 hits1:31.13
2020-05-23 06:17:31,905 INFO All: mr:297.1 mrr:28.45 hits10:45.32 hits3:31.04 hits1:20.18
2020-05-23 06:17:31,918 INFO Start Evaling...
2020-05-23 06:20:25,689 INFO Head: mr:436.8 mrr:15.90 hits10:30.78 hits3:17.06 hits1:8.64
2020-05-23 06:20:25,689 INFO Tail: mr:183.8 mrr:39.56 hits10:58.43 hits3:43.96 hits1:29.84
2020-05-23 06:20:25,689 INFO All: mr:310.3 mrr:27.73 hits10:44.60 hits3:30.51 hits1:19.24
2020-05-23 06:20:25,703 INFO Improved and model saved
2020-05-23 06:20:54,592 INFO [28.9] Epoch 60: loss = 158.4230
2020-05-23 06:21:24,156 INFO [29.6] Epoch 61: loss = 158.6040
2020-05-23 06:21:53,780 INFO [29.6] Epoch 62: loss = 158.5623
2020-05-23 06:22:23,469 INFO [29.7] Epoch 63: loss = 158.3602
2020-05-23 06:22:53,076 INFO [29.6] Epoch 64: loss = 158.0045
2020-05-23 06:23:22,007 INFO [28.9] Epoch 65: loss = 158.3732
2020-05-23 06:23:51,657 INFO [29.6] Epoch 66: loss = 157.9581
2020-05-23 06:24:21,401 INFO [29.7] Epoch 67: loss = 157.4697
2020-05-23 06:24:50,978 INFO [29.6] Epoch 68: loss = 156.8584
2020-05-23 06:25:19,996 INFO [29.0] Epoch 69: loss = 157.1402
2020-05-23 06:25:19,996 INFO Start Evaling...
2020-05-23 06:27:52,490 INFO Head: mr:413.3 mrr:16.50 hits10:31.48 hits3:17.77 hits1:9.30
2020-05-23 06:27:52,490 INFO Tail: mr:169.7 mrr:40.72 hits10:59.82 hits3:44.90 hits1:31.23
2020-05-23 06:27:52,490 INFO All: mr:291.5 mrr:28.61 hits10:45.65 hits3:31.33 hits1:20.27
2020-05-23 06:27:52,505 INFO Start Evaling...
2020-05-23 06:30:47,831 INFO Head: mr:426.2 mrr:16.28 hits10:31.45 hits3:17.81 hits1:8.91
2020-05-23 06:30:47,832 INFO Tail: mr:181.0 mrr:39.75 hits10:59.04 hits3:44.12 hits1:30.06
2020-05-23 06:30:47,832 INFO All: mr:303.6 mrr:28.02 hits10:45.24 hits3:30.96 hits1:19.49
2020-05-23 06:30:47,847 INFO Improved and model saved
2020-05-23 06:31:17,444 INFO [29.6] Epoch 70: loss = 156.9498
2020-05-23 06:31:47,035 INFO [29.6] Epoch 71: loss = 156.2006
2020-05-23 06:32:16,680 INFO [29.6] Epoch 72: loss = 156.8216
2020-05-23 06:32:46,369 INFO [29.7] Epoch 73: loss = 156.1329
2020-05-23 06:33:15,284 INFO [28.9] Epoch 74: loss = 156.0512
2020-05-23 06:33:44,920 INFO [29.6] Epoch 75: loss = 155.3477
2020-05-23 06:34:14,511 INFO [29.6] Epoch 76: loss = 155.6372
2020-05-23 06:34:44,221 INFO [29.7] Epoch 77: loss = 155.7250
2020-05-23 06:35:13,218 INFO [29.0] Epoch 78: loss = 155.5929
2020-05-23 06:35:42,898 INFO [29.7] Epoch 79: loss = 154.8872
2020-05-23 06:35:42,899 INFO Start Evaling...
2020-05-23 06:38:16,068 INFO Head: mr:419.4 mrr:16.54 hits10:31.41 hits3:17.63 hits1:9.44
2020-05-23 06:38:16,068 INFO Tail: mr:170.2 mrr:40.59 hits10:59.74 hits3:44.99 hits1:30.98
2020-05-23 06:38:16,068 INFO All: mr:294.8 mrr:28.56 hits10:45.57 hits3:31.31 hits1:20.21
2020-05-23 06:38:16,083 INFO Start Evaling...
2020-05-23 06:41:12,332 INFO Head: mr:436.3 mrr:16.09 hits10:31.39 hits3:17.35 hits1:8.81
2020-05-23 06:41:12,332 INFO Tail: mr:180.8 mrr:39.83 hits10:59.38 hits3:44.06 hits1:30.12
2020-05-23 06:41:12,332 INFO All: mr:308.6 mrr:27.96 hits10:45.39 hits3:30.70 hits1:19.47
2020-05-23 06:41:12,347 INFO Declined in recent 1 epochs
2020-05-23 06:41:41,990 INFO [29.6] Epoch 80: loss = 155.2783
2020-05-23 06:42:11,551 INFO [29.6] Epoch 81: loss = 154.5404
2020-05-23 06:42:41,318 INFO [29.8] Epoch 82: loss = 155.0891
2020-05-23 06:43:10,931 INFO [29.6] Epoch 83: loss = 154.7860
2020-05-23 06:43:40,592 INFO [29.7] Epoch 84: loss = 154.4160
2020-05-23 06:44:10,191 INFO [29.6] Epoch 85: loss = 154.4096
2020-05-23 06:44:39,862 INFO [29.7] Epoch 86: loss = 153.9576
2020-05-23 06:45:09,647 INFO [29.8] Epoch 87: loss = 154.7918
2020-05-23 06:45:38,704 INFO [29.1] Epoch 88: loss = 154.6640
2020-05-23 06:46:08,280 INFO [29.6] Epoch 89: loss = 153.9281
2020-05-23 06:46:08,281 INFO Start Evaling...
2020-05-23 06:48:41,021 INFO Head: mr:408.6 mrr:16.65 hits10:31.56 hits3:17.85 hits1:9.38
2020-05-23 06:48:41,021 INFO Tail: mr:169.1 mrr:40.73 hits10:59.89 hits3:44.98 hits1:31.14
2020-05-23 06:48:41,021 INFO All: mr:288.9 mrr:28.69 hits10:45.73 hits3:31.41 hits1:20.26
2020-05-23 06:48:41,036 INFO Start Evaling...
2020-05-23 06:51:36,726 INFO Head: mr:420.0 mrr:16.13 hits10:31.12 hits3:17.39 hits1:8.88
2020-05-23 06:51:36,726 INFO Tail: mr:177.3 mrr:39.66 hits10:59.27 hits3:44.00 hits1:29.79
2020-05-23 06:51:36,727 INFO All: mr:298.7 mrr:27.89 hits10:45.20 hits3:30.70 hits1:19.33
2020-05-23 06:51:36,742 INFO Improved and model saved
2020-05-23 06:52:06,321 INFO [29.6] Epoch 90: loss = 153.6305
2020-05-23 06:52:35,884 INFO [29.6] Epoch 91: loss = 153.6880
2020-05-23 06:53:05,575 INFO [29.7] Epoch 92: loss = 152.6449
2020-05-23 06:53:34,598 INFO [29.0] Epoch 93: loss = 153.8642
2020-05-23 06:54:04,195 INFO [29.6] Epoch 94: loss = 153.9695
2020-05-23 06:54:33,725 INFO [29.5] Epoch 95: loss = 153.3567
2020-05-23 06:55:03,372 INFO [29.6] Epoch 96: loss = 153.1181
2020-05-23 06:55:32,226 INFO [28.9] Epoch 97: loss = 152.7210
2020-05-23 06:56:01,831 INFO [29.6] Epoch 98: loss = 153.5382
2020-05-23 06:56:31,365 INFO [29.5] Epoch 99: loss = 152.9616
2020-05-23 06:56:31,365 INFO Start Evaling...
2020-05-23 06:59:04,167 INFO Head: mr:407.6 mrr:16.69 hits10:31.71 hits3:17.95 hits1:9.40
2020-05-23 06:59:04,167 INFO Tail: mr:165.3 mrr:40.54 hits10:60.09 hits3:44.51 hits1:31.00
2020-05-23 06:59:04,167 INFO All: mr:286.4 mrr:28.62 hits10:45.90 hits3:31.23 hits1:20.20
2020-05-23 06:59:04,180 INFO Start Evaling...
2020-05-23 07:01:59,844 INFO Head: mr:421.1 mrr:16.22 hits10:31.84 hits3:17.41 hits1:8.80
2020-05-23 07:01:59,844 INFO Tail: mr:175.5 mrr:39.69 hits10:59.72 hits3:44.13 hits1:29.86
2020-05-23 07:01:59,844 INFO All: mr:298.3 mrr:27.96 hits10:45.78 hits3:30.77 hits1:19.33
2020-05-23 07:01:59,858 INFO Declined in recent 1 epochs
2020-05-23 07:02:29,456 INFO [29.6] Epoch 100: loss = 153.0758
2020-05-23 07:02:58,355 INFO [28.9] Epoch 101: loss = 152.8656
2020-05-23 07:03:27,967 INFO [29.6] Epoch 102: loss = 153.1533
2020-05-23 07:03:57,569 INFO [29.6] Epoch 103: loss = 152.8738
2020-05-23 07:04:27,169 INFO [29.6] Epoch 104: loss = 152.3329
2020-05-23 07:04:56,897 INFO [29.7] Epoch 105: loss = 152.4649
2020-05-23 07:05:26,519 INFO [29.6] Epoch 106: loss = 151.5153
2020-05-23 07:05:56,127 INFO [29.6] Epoch 107: loss = 151.9941
2020-05-23 07:06:25,786 INFO [29.7] Epoch 108: loss = 151.7771
2020-05-23 07:06:55,434 INFO [29.6] Epoch 109: loss = 151.5937
2020-05-23 07:06:55,434 INFO Start Evaling...
2020-05-23 07:09:26,876 INFO Head: mr:396.8 mrr:16.43 hits10:31.94 hits3:17.49 hits1:9.03
2020-05-23 07:09:26,876 INFO Tail: mr:165.0 mrr:40.56 hits10:60.07 hits3:44.77 hits1:30.85
2020-05-23 07:09:26,876 INFO All: mr:280.9 mrr:28.50 hits10:46.01 hits3:31.13 hits1:19.94
2020-05-23 07:09:26,889 INFO Start Evaling...
2020-05-23 07:12:21,176 INFO Head: mr:408.6 mrr:16.24 hits10:31.69 hits3:17.61 hits1:8.78
2020-05-23 07:12:21,176 INFO Tail: mr:173.5 mrr:39.62 hits10:59.41 hits3:44.12 hits1:29.71
2020-05-23 07:12:21,177 INFO All: mr:291.0 mrr:27.93 hits10:45.55 hits3:30.86 hits1:19.25
2020-05-23 07:12:21,190 INFO Declined in recent 2 epochs
2020-05-23 07:12:50,784 INFO [29.6] Epoch 110: loss = 151.5065
2020-05-23 07:13:19,773 INFO [29.0] Epoch 111: loss = 151.8823
2020-05-23 07:13:49,435 INFO [29.7] Epoch 112: loss = 150.8249
2020-05-23 07:14:19,067 INFO [29.6] Epoch 113: loss = 151.0681
2020-05-23 07:14:48,678 INFO [29.6] Epoch 114: loss = 151.0375
2020-05-23 07:15:18,291 INFO [29.6] Epoch 115: loss = 150.9673
2020-05-23 07:15:47,220 INFO [28.9] Epoch 116: loss = 151.1102
2020-05-23 07:16:16,842 INFO [29.6] Epoch 117: loss = 151.0306
2020-05-23 07:16:46,405 INFO [29.6] Epoch 118: loss = 151.0163
2020-05-23 07:17:15,987 INFO [29.6] Epoch 119: loss = 150.9322
2020-05-23 07:17:15,988 INFO Start Evaling...
2020-05-23 07:19:49,226 INFO Head: mr:408.5 mrr:16.71 hits10:32.02 hits3:17.88 hits1:9.49
2020-05-23 07:19:49,226 INFO Tail: mr:162.9 mrr:40.80 hits10:60.17 hits3:45.32 hits1:31.05
2020-05-23 07:19:49,226 INFO All: mr:285.7 mrr:28.75 hits10:46.10 hits3:31.60 hits1:20.27
2020-05-23 07:19:49,240 INFO Start Evaling...
2020-05-23 07:22:45,489 INFO Head: mr:421.7 mrr:16.33 hits10:31.92 hits3:17.47 hits1:8.97
2020-05-23 07:22:45,489 INFO Tail: mr:172.2 mrr:39.89 hits10:59.52 hits3:44.42 hits1:30.04
2020-05-23 07:22:45,489 INFO All: mr:296.9 mrr:28.11 hits10:45.72 hits3:30.95 hits1:19.50
2020-05-23 07:22:45,503 INFO Improved and model saved
2020-05-23 07:23:16,027 INFO [30.5] Epoch 120: loss = 151.0227
2020-05-23 07:23:45,630 INFO [29.6] Epoch 121: loss = 150.2588
2020-05-23 07:24:15,300 INFO [29.7] Epoch 122: loss = 150.8796
2020-05-23 07:24:44,961 INFO [29.7] Epoch 123: loss = 150.1734
2020-05-23 07:25:14,631 INFO [29.7] Epoch 124: loss = 150.6349
2020-05-23 07:25:44,427 INFO [29.8] Epoch 125: loss = 149.6423
2020-05-23 07:26:14,087 INFO [29.7] Epoch 126: loss = 150.3236
2020-05-23 07:26:43,833 INFO [29.7] Epoch 127: loss = 150.0033
2020-05-23 07:27:13,503 INFO [29.7] Epoch 128: loss = 149.9774
2020-05-23 07:27:43,170 INFO [29.7] Epoch 129: loss = 150.1826
2020-05-23 07:27:43,170 INFO Start Evaling...
2020-05-23 07:30:16,322 INFO Head: mr:404.8 mrr:16.99 hits10:32.30 hits3:18.04 hits1:9.69
2020-05-23 07:30:16,322 INFO Tail: mr:162.2 mrr:40.66 hits10:59.87 hits3:44.92 hits1:30.95
2020-05-23 07:30:16,323 INFO All: mr:283.5 mrr:28.82 hits10:46.08 hits3:31.48 hits1:20.32
2020-05-23 07:30:16,337 INFO Start Evaling...
2020-05-23 07:33:12,441 INFO Head: mr:412.5 mrr:16.68 hits10:31.99 hits3:17.97 hits1:9.29
2020-05-23 07:33:12,441 INFO Tail: mr:170.2 mrr:39.76 hits10:59.59 hits3:43.96 hits1:29.95
2020-05-23 07:33:12,442 INFO All: mr:291.4 mrr:28.22 hits10:45.79 hits3:30.96 hits1:19.62
2020-05-23 07:33:12,456 INFO Improved and model saved
2020-05-23 07:33:42,231 INFO [29.8] Epoch 130: loss = 150.0064
2020-05-23 07:34:11,204 INFO [29.0] Epoch 131: loss = 149.9617
2020-05-23 07:34:40,862 INFO [29.7] Epoch 132: loss = 149.2820
2020-05-23 07:35:10,593 INFO [29.7] Epoch 133: loss = 149.4772
2020-05-23 07:35:40,267 INFO [29.7] Epoch 134: loss = 149.7994
2020-05-23 07:36:09,308 INFO [29.0] Epoch 135: loss = 149.8480
2020-05-23 07:36:39,014 INFO [29.7] Epoch 136: loss = 149.1534
2020-05-23 07:37:08,644 INFO [29.6] Epoch 137: loss = 149.1632
2020-05-23 07:37:38,468 INFO [29.8] Epoch 138: loss = 149.0660
2020-05-23 07:38:07,481 INFO [29.0] Epoch 139: loss = 149.0769
2020-05-23 07:38:07,482 INFO Start Evaling...
2020-05-23 07:40:39,019 INFO Head: mr:395.9 mrr:16.75 hits10:32.75 hits3:18.12 hits1:9.22
2020-05-23 07:40:39,020 INFO Tail: mr:162.5 mrr:40.86 hits10:60.14 hits3:45.24 hits1:31.14
2020-05-23 07:40:39,020 INFO All: mr:279.2 mrr:28.80 hits10:46.45 hits3:31.68 hits1:20.18
2020-05-23 07:40:39,034 INFO Start Evaling...
2020-05-23 07:43:33,220 INFO Head: mr:413.6 mrr:16.41 hits10:32.21 hits3:17.65 hits1:9.02
2020-05-23 07:43:33,220 INFO Tail: mr:171.1 mrr:40.09 hits10:59.64 hits3:44.40 hits1:30.27
2020-05-23 07:43:33,221 INFO All: mr:292.4 mrr:28.25 hits10:45.92 hits3:31.02 hits1:19.65
2020-05-23 07:43:33,236 INFO Declined in recent 1 epochs
2020-05-23 07:44:02,871 INFO [29.6] Epoch 140: loss = 149.3343
2020-05-23 07:44:32,637 INFO [29.8] Epoch 141: loss = 149.4318
2020-05-23 07:45:02,383 INFO [29.7] Epoch 142: loss = 148.7589
2020-05-23 07:45:32,255 INFO [29.9] Epoch 143: loss = 149.4254
2020-05-23 07:46:01,974 INFO [29.7] Epoch 144: loss = 148.5490
2020-05-23 07:46:31,635 INFO [29.7] Epoch 145: loss = 148.9796
2020-05-23 07:47:01,434 INFO [29.8] Epoch 146: loss = 148.5391
2020-05-23 07:47:31,061 INFO [29.6] Epoch 147: loss = 148.4756
2020-05-23 07:48:00,822 INFO [29.8] Epoch 148: loss = 148.0434
2020-05-23 07:48:29,915 INFO [29.1] Epoch 149: loss = 148.7090
2020-05-23 07:48:29,915 INFO Start Evaling...
2020-05-23 07:51:01,193 INFO Head: mr:399.1 mrr:16.85 hits10:32.31 hits3:18.28 hits1:9.26
2020-05-23 07:51:01,193 INFO Tail: mr:162.0 mrr:40.83 hits10:60.21 hits3:45.27 hits1:31.03
2020-05-23 07:51:01,194 INFO All: mr:280.6 mrr:28.84 hits10:46.26 hits3:31.77 hits1:20.14
2020-05-23 07:51:01,208 INFO Start Evaling...
2020-05-23 07:53:55,221 INFO Head: mr:411.1 mrr:16.21 hits10:31.74 hits3:17.42 hits1:8.81
2020-05-23 07:53:55,221 INFO Tail: mr:170.6 mrr:40.18 hits10:59.69 hits3:44.52 hits1:30.32
2020-05-23 07:53:55,222 INFO All: mr:290.8 mrr:28.20 hits10:45.71 hits3:30.97 hits1:19.57
2020-05-23 07:53:55,237 INFO Improved and model saved
2020-05-23 07:54:24,939 INFO [29.7] Epoch 150: loss = 148.3629
2020-05-23 07:54:54,682 INFO [29.7] Epoch 151: loss = 148.3419
2020-05-23 07:55:24,677 INFO [30.0] Epoch 152: loss = 148.7548
2020-05-23 07:55:54,457 INFO [29.8] Epoch 153: loss = 148.3050
2020-05-23 07:56:23,556 INFO [29.1] Epoch 154: loss = 148.4098
2020-05-23 07:56:53,336 INFO [29.8] Epoch 155: loss = 148.2827
2020-05-23 07:57:23,139 INFO [29.8] Epoch 156: loss = 147.9819
2020-05-23 07:57:52,955 INFO [29.8] Epoch 157: loss = 148.3105
2020-05-23 07:58:22,087 INFO [29.1] Epoch 158: loss = 148.2929
2020-05-23 07:58:51,938 INFO [29.9] Epoch 159: loss = 147.7905
2020-05-23 07:58:51,939 INFO Start Evaling...
2020-05-23 08:01:23,385 INFO Head: mr:397.4 mrr:16.80 hits10:32.14 hits3:18.06 hits1:9.41
2020-05-23 08:01:23,385 INFO Tail: mr:160.9 mrr:40.96 hits10:60.21 hits3:45.08 hits1:31.34
2020-05-23 08:01:23,386 INFO All: mr:279.1 mrr:28.88 hits10:46.17 hits3:31.57 hits1:20.38
2020-05-23 08:01:23,401 INFO Start Evaling...
2020-05-23 08:04:18,073 INFO Head: mr:411.5 mrr:16.40 hits10:31.72 hits3:17.61 hits1:9.00
2020-05-23 08:04:18,073 INFO Tail: mr:170.3 mrr:40.03 hits10:59.68 hits3:44.31 hits1:30.21
2020-05-23 08:04:18,074 INFO All: mr:290.9 mrr:28.21 hits10:45.70 hits3:30.96 hits1:19.60
2020-05-23 08:04:18,090 INFO Improved and model saved
2020-05-23 08:04:47,829 INFO [29.7] Epoch 160: loss = 147.7506
2020-05-23 08:05:17,552 INFO [29.7] Epoch 161: loss = 148.2141
2020-05-23 08:05:47,341 INFO [29.8] Epoch 162: loss = 147.9905
2020-05-23 08:06:16,915 INFO [29.6] Epoch 163: loss = 148.0745
2020-05-23 08:06:46,603 INFO [29.7] Epoch 164: loss = 147.5952
2020-05-23 08:07:16,180 INFO [29.6] Epoch 165: loss = 147.3905
2020-05-23 08:07:45,831 INFO [29.7] Epoch 166: loss = 147.8460
2020-05-23 08:08:14,752 INFO [28.9] Epoch 167: loss = 147.6874
2020-05-23 08:08:44,414 INFO [29.7] Epoch 168: loss = 147.7437
2020-05-23 08:09:14,072 INFO [29.7] Epoch 169: loss = 147.5591
2020-05-23 08:09:14,073 INFO Start Evaling...
2020-05-23 08:11:45,218 INFO Head: mr:398.3 mrr:16.84 hits10:32.52 hits3:18.02 hits1:9.39
2020-05-23 08:11:45,218 INFO Tail: mr:159.1 mrr:41.24 hits10:60.42 hits3:45.61 hits1:31.64
2020-05-23 08:11:45,218 INFO All: mr:278.7 mrr:29.04 hits10:46.47 hits3:31.82 hits1:20.51
2020-05-23 08:11:45,232 INFO Start Evaling...
2020-05-23 08:14:39,057 INFO Head: mr:409.0 mrr:16.39 hits10:32.13 hits3:17.71 hits1:8.88
2020-05-23 08:14:39,057 INFO Tail: mr:168.2 mrr:40.19 hits10:59.77 hits3:44.27 hits1:30.47
2020-05-23 08:14:39,057 INFO All: mr:288.6 mrr:28.29 hits10:45.95 hits3:30.99 hits1:19.67
2020-05-23 08:14:39,072 INFO Improved and model saved
2020-05-23 08:15:08,715 INFO [29.6] Epoch 170: loss = 147.4964
2020-05-23 08:15:38,354 INFO [29.6] Epoch 171: loss = 147.4352
2020-05-23 08:16:08,307 INFO [30.0] Epoch 172: loss = 147.4092
2020-05-23 08:16:37,975 INFO [29.7] Epoch 173: loss = 147.0748
2020-05-23 08:17:07,616 INFO [29.6] Epoch 174: loss = 146.9793
2020-05-23 08:17:37,300 INFO [29.7] Epoch 175: loss = 146.8199
2020-05-23 08:18:07,040 INFO [29.7] Epoch 176: loss = 147.2636
2020-05-23 08:18:36,884 INFO [29.8] Epoch 177: loss = 147.2945
2020-05-23 08:19:06,659 INFO [29.8] Epoch 178: loss = 146.9386
2020-05-23 08:19:36,290 INFO [29.6] Epoch 179: loss = 147.1111
2020-05-23 08:19:36,290 INFO Start Evaling...
2020-05-23 08:22:07,511 INFO Head: mr:392.3 mrr:16.96 hits10:32.39 hits3:18.04 hits1:9.63
2020-05-23 08:22:07,511 INFO Tail: mr:158.3 mrr:40.87 hits10:60.33 hits3:45.06 hits1:31.17
2020-05-23 08:22:07,511 INFO All: mr:275.3 mrr:28.91 hits10:46.36 hits3:31.55 hits1:20.40
2020-05-23 08:22:07,526 INFO Start Evaling...
2020-05-23 08:25:01,426 INFO Head: mr:405.0 mrr:16.38 hits10:31.99 hits3:17.53 hits1:8.97
2020-05-23 08:25:01,427 INFO Tail: mr:167.1 mrr:40.03 hits10:59.84 hits3:44.41 hits1:30.08
2020-05-23 08:25:01,427 INFO All: mr:286.1 mrr:28.20 hits10:45.92 hits3:30.97 hits1:19.53
2020-05-23 08:25:01,441 INFO Declined in recent 1 epochs
2020-05-23 08:25:31,017 INFO [29.6] Epoch 180: loss = 147.4512
2020-05-23 08:26:00,631 INFO [29.6] Epoch 181: loss = 147.0502
2020-05-23 08:26:30,281 INFO [29.6] Epoch 182: loss = 146.7981
2020-05-23 08:26:59,391 INFO [29.1] Epoch 183: loss = 146.6134
2020-05-23 08:27:29,034 INFO [29.6] Epoch 184: loss = 147.0218
2020-05-23 08:27:58,851 INFO [29.8] Epoch 185: loss = 146.5885
2020-05-23 08:28:28,656 INFO [29.8] Epoch 186: loss = 146.3911
2020-05-23 08:28:57,588 INFO [28.9] Epoch 187: loss = 146.2530
2020-05-23 08:29:27,328 INFO [29.7] Epoch 188: loss = 146.5190
2020-05-23 08:29:57,032 INFO [29.7] Epoch 189: loss = 146.6657
2020-05-23 08:29:57,032 INFO Start Evaling...
2020-05-23 08:32:27,930 INFO Head: mr:395.7 mrr:16.79 hits10:32.53 hits3:18.03 hits1:9.36
2020-05-23 08:32:27,930 INFO Tail: mr:158.3 mrr:41.12 hits10:60.38 hits3:45.16 hits1:31.54
2020-05-23 08:32:27,930 INFO All: mr:277.0 mrr:28.95 hits10:46.46 hits3:31.59 hits1:20.45
2020-05-23 08:32:27,945 INFO Start Evaling...
2020-05-23 08:35:21,442 INFO Head: mr:407.3 mrr:16.63 hits10:31.91 hits3:17.84 hits1:9.29
2020-05-23 08:35:21,442 INFO Tail: mr:166.6 mrr:40.41 hits10:59.89 hits3:44.57 hits1:30.74
2020-05-23 08:35:21,442 INFO All: mr:287.0 mrr:28.52 hits10:45.90 hits3:31.20 hits1:20.02
2020-05-23 08:35:21,457 INFO Declined in recent 2 epochs
2020-05-23 08:35:51,084 INFO [29.6] Epoch 190: loss = 147.0711
2020-05-23 08:36:20,798 INFO [29.7] Epoch 191: loss = 146.7943
2020-05-23 08:36:49,814 INFO [29.0] Epoch 192: loss = 145.8945
2020-05-23 08:37:19,327 INFO [29.5] Epoch 193: loss = 146.5618
2020-05-23 08:37:49,050 INFO [29.7] Epoch 194: loss = 146.7408
2020-05-23 08:38:18,720 INFO [29.7] Epoch 195: loss = 146.6544
2020-05-23 08:38:48,378 INFO [29.7] Epoch 196: loss = 146.5724
2020-05-23 08:39:17,336 INFO [29.0] Epoch 197: loss = 146.4838
2020-05-23 08:39:47,056 INFO [29.7] Epoch 198: loss = 145.2314
2020-05-23 08:40:16,800 INFO [29.7] Epoch 199: loss = 145.6224
2020-05-23 08:40:16,800 INFO Start Evaling...
2020-05-23 08:42:49,319 INFO Head: mr:395.2 mrr:16.69 hits10:32.34 hits3:17.98 hits1:9.22
2020-05-23 08:42:49,319 INFO Tail: mr:158.2 mrr:41.09 hits10:60.52 hits3:45.53 hits1:31.33
2020-05-23 08:42:49,319 INFO All: mr:276.7 mrr:28.89 hits10:46.43 hits3:31.75 hits1:20.27
2020-05-23 08:42:49,334 INFO Start Evaling...
2020-05-23 08:45:44,765 INFO Head: mr:403.9 mrr:16.55 hits10:31.58 hits3:17.78 hits1:9.20
2020-05-23 08:45:44,765 INFO Tail: mr:167.1 mrr:40.28 hits10:59.98 hits3:44.61 hits1:30.46
2020-05-23 08:45:44,765 INFO All: mr:285.5 mrr:28.42 hits10:45.78 hits3:31.19 hits1:19.83
2020-05-23 08:45:44,780 INFO Declined in recent 3 epochs
2020-05-23 08:46:14,443 INFO [29.7] Epoch 200: loss = 145.9357
2020-05-23 08:46:44,172 INFO [29.7] Epoch 201: loss = 146.0514
2020-05-23 08:47:13,189 INFO [29.0] Epoch 202: loss = 146.0028
2020-05-23 08:47:42,865 INFO [29.7] Epoch 203: loss = 145.9136
2020-05-23 08:48:12,472 INFO [29.6] Epoch 204: loss = 145.7345
2020-05-23 08:48:42,016 INFO [29.5] Epoch 205: loss = 145.6225
2020-05-23 08:49:11,743 INFO [29.7] Epoch 206: loss = 145.7839
2020-05-23 08:49:40,671 INFO [28.9] Epoch 207: loss = 145.3376
2020-05-23 08:50:10,338 INFO [29.7] Epoch 208: loss = 146.0154
2020-05-23 08:50:40,053 INFO [29.7] Epoch 209: loss = 145.2249
2020-05-23 08:50:40,054 INFO Start Evaling...
2020-05-23 08:53:12,583 INFO Head: mr:398.7 mrr:16.72 hits10:32.48 hits3:18.02 hits1:9.23
2020-05-23 08:53:12,583 INFO Tail: mr:156.6 mrr:41.17 hits10:60.40 hits3:45.51 hits1:31.48
2020-05-23 08:53:12,583 INFO All: mr:277.6 mrr:28.94 hits10:46.44 hits3:31.77 hits1:20.35
2020-05-23 08:53:12,597 INFO Start Evaling...
2020-05-23 08:56:07,848 INFO Head: mr:409.0 mrr:16.56 hits10:32.07 hits3:17.83 hits1:9.14
2020-05-23 08:56:07,848 INFO Tail: mr:163.3 mrr:40.18 hits10:59.74 hits3:44.59 hits1:30.33
2020-05-23 08:56:07,848 INFO All: mr:286.1 mrr:28.37 hits10:45.91 hits3:31.21 hits1:19.74
2020-05-23 08:56:07,863 INFO Declined in recent 4 epochs
2020-05-23 08:56:37,546 INFO [29.7] Epoch 210: loss = 145.3304
2020-05-23 08:57:07,461 INFO [29.9] Epoch 211: loss = 145.5177
2020-05-23 08:57:37,050 INFO [29.6] Epoch 212: loss = 146.2907
2020-05-23 08:58:06,738 INFO [29.7] Epoch 213: loss = 145.7827
2020-05-23 08:58:36,460 INFO [29.7] Epoch 214: loss = 145.4327
2020-05-23 08:59:06,104 INFO [29.6] Epoch 215: loss = 145.3427
2020-05-23 08:59:35,818 INFO [29.7] Epoch 216: loss = 145.4739
2020-05-23 09:00:04,874 INFO [29.1] Epoch 217: loss = 144.9934
2020-05-23 09:00:34,613 INFO [29.7] Epoch 218: loss = 145.6451
2020-05-23 09:01:04,286 INFO [29.7] Epoch 219: loss = 145.2668
2020-05-23 09:01:04,286 INFO Start Evaling...
2020-05-23 09:03:36,828 INFO Head: mr:387.2 mrr:16.83 hits10:32.44 hits3:18.02 hits1:9.40
2020-05-23 09:03:36,828 INFO Tail: mr:155.9 mrr:40.83 hits10:60.56 hits3:45.25 hits1:31.03
2020-05-23 09:03:36,828 INFO All: mr:271.5 mrr:28.83 hits10:46.50 hits3:31.63 hits1:20.22
2020-05-23 09:03:36,843 INFO Start Evaling...
2020-05-23 09:06:32,268 INFO Head: mr:395.0 mrr:16.25 hits10:32.08 hits3:17.57 hits1:8.70
2020-05-23 09:06:32,268 INFO Tail: mr:165.2 mrr:40.13 hits10:59.93 hits3:44.42 hits1:30.33
2020-05-23 09:06:32,268 INFO All: mr:280.1 mrr:28.19 hits10:46.01 hits3:31.00 hits1:19.52
2020-05-23 09:06:32,283 INFO Declined in recent 5 epochs
2020-05-23 09:06:32,283 INFO Early stopping
2020-05-23 09:06:32,283 INFO Train done
2020-05-23 09:06:32,289 INFO Start Evaling...
2020-05-23 09:09:27,940 INFO Head: mr:409.0 mrr:16.39 hits10:32.13 hits3:17.71 hits1:8.88
2020-05-23 09:09:27,940 INFO Tail: mr:168.2 mrr:40.19 hits10:59.77 hits3:44.27 hits1:30.47
2020-05-23 09:09:27,940 INFO All: mr:288.6 mrr:28.29 hits10:45.95 hits3:30.99 hits1:19.67
