2020-03-31 15:15:46,631 INFO EPOCH: 1000
2020-03-31 15:15:46,631 INFO EVERY: 10
2020-03-31 15:15:46,631 INFO LR: 0.001
2020-03-31 15:15:46,631 INFO DIM: 100
2020-03-31 15:15:46,631 INFO BATCH_SIZE: 256
2020-03-31 15:15:46,631 INFO BATCH_SIZE2: 256
2020-03-31 15:15:46,631 INFO P: 1
2020-03-31 15:15:46,631 INFO CLIPPING_MAX_VALUE: 4.0
2020-03-31 15:15:46,631 INFO OPTIM: Adam
2020-03-31 15:15:46,631 INFO N_SAMPLE: 12
2020-03-31 15:15:46,631 INFO MODE: adve
2020-03-31 15:15:46,632 INFO GAMMA: 12.0
2020-03-31 15:15:46,632 INFO BERN: True
2020-03-31 15:15:46,632 INFO MARGIN: 4.0
2020-03-31 15:15:46,632 INFO REG: 1.0
2020-03-31 15:15:46,632 INFO LABEL_SMOOTH_EPS: 0.1
2020-03-31 15:15:46,632 INFO INPUT_DROP: 0.2
2020-03-31 15:15:46,632 INFO FEAT_DROP: 0.2
2020-03-31 15:15:46,632 INFO HIDD_DROP: 0.3
2020-03-31 15:15:46,632 INFO CHANNELS: 50
2020-03-31 15:15:46,632 INFO KERNEL_SIZE: 3
2020-03-31 15:15:46,632 INFO N_POOL: 100
2020-03-31 15:15:46,632 INFO MODEL_D: TransH
2020-03-31 15:15:46,632 INFO MODEL_G: DistMult
2020-03-31 15:15:46,632 INFO D_FILE: None
2020-03-31 15:15:46,632 INFO G_FILE: None
2020-03-31 15:15:46,632 INFO PATH: data
2020-03-31 15:15:46,632 INFO DATA: FB15K237
2020-03-31 15:15:46,632 INFO EXP_PATH: experiment/FB15K237
2020-03-31 15:15:46,632 INFO MODEL: DistMult
2020-03-31 15:15:46,632 INFO V: 0
2020-03-31 15:15:46,632 INFO F: False
2020-03-31 15:15:46,632 INFO EVAL: False
2020-03-31 15:15:46,632 INFO TRAINED: False
2020-03-31 15:15:46,632 INFO PRETRAINED_NAME: None
2020-03-31 15:15:46,632 INFO EXP_NAME: DistMult-FB15K237-adve-0
2020-03-31 15:15:46,632 INFO --------------------------------------
2020-03-31 15:15:52,534 INFO Dataload done
2020-03-31 15:15:52,534 INFO --------------------------------------
2020-03-31 15:15:52,534 INFO N_ENTITY: 14541
2020-03-31 15:15:52,534 INFO N_RELATION: 237
2020-03-31 15:15:52,534 INFO --------------------------------------
2020-03-31 15:15:55,266 INFO Start Evaling...
2020-03-31 15:16:30,481 INFO Head: mr:7107.8 mrr:0.06 hits:0.06
2020-03-31 15:16:30,482 INFO Tail: mr:7314.7 mrr:0.06 hits:0.03
2020-03-31 15:16:30,482 INFO All: mr:7211.2 mrr:0.06 hits:0.05
2020-03-31 15:16:30,501 INFO Start Training...
2020-03-31 15:17:02,688 INFO [32.2] Epoch 0: loss = 338.2684
2020-03-31 15:17:33,012 INFO [30.3] Epoch 1: loss = 261.7147
2020-03-31 15:18:07,173 INFO [34.2] Epoch 2: loss = 224.4364
2020-03-31 15:18:38,893 INFO [31.7] Epoch 3: loss = 198.1918
2020-03-31 15:19:11,167 INFO [32.3] Epoch 4: loss = 180.6813
2020-03-31 15:19:44,911 INFO [33.7] Epoch 5: loss = 168.8069
2020-03-31 15:20:17,089 INFO [32.2] Epoch 6: loss = 161.2683
2020-03-31 15:20:49,506 INFO [32.4] Epoch 7: loss = 155.4657
2020-03-31 15:21:22,946 INFO [33.4] Epoch 8: loss = 150.7982
2020-03-31 15:21:53,901 INFO [31.0] Epoch 9: loss = 146.9536
2020-03-31 15:21:53,901 INFO Start Evaling...
2020-03-31 15:22:27,212 INFO Head: mr:464.0 mrr:15.45 hits:27.77
2020-03-31 15:22:27,213 INFO Tail: mr:217.9 mrr:35.47 hits:53.29
2020-03-31 15:22:27,213 INFO All: mr:340.9 mrr:25.46 hits:40.53
2020-03-31 15:22:27,232 INFO Improved and model saved
2020-03-31 15:23:02,330 INFO [35.1] Epoch 10: loss = 144.2978
2020-03-31 15:23:35,761 INFO [33.4] Epoch 11: loss = 141.6597
2020-03-31 15:24:09,778 INFO [34.0] Epoch 12: loss = 139.6314
2020-03-31 15:24:43,606 INFO [33.8] Epoch 13: loss = 137.5212
2020-03-31 15:25:16,628 INFO [33.0] Epoch 14: loss = 135.1827
2020-03-31 15:25:49,388 INFO [32.8] Epoch 15: loss = 133.8120
2020-03-31 15:26:20,797 INFO [31.4] Epoch 16: loss = 131.5592
2020-03-31 15:26:53,528 INFO [32.7] Epoch 17: loss = 130.6073
2020-03-31 15:27:25,853 INFO [32.3] Epoch 18: loss = 129.2259
2020-03-31 15:28:00,523 INFO [34.7] Epoch 19: loss = 128.5089
2020-03-31 15:28:00,524 INFO Start Evaling...
2020-03-31 15:28:32,782 INFO Head: mr:400.0 mrr:16.78 hits:29.85
2020-03-31 15:28:32,782 INFO Tail: mr:182.7 mrr:36.02 hits:55.14
2020-03-31 15:28:32,782 INFO All: mr:291.4 mrr:26.40 hits:42.50
2020-03-31 15:28:32,803 INFO Improved and model saved
2020-03-31 15:29:04,489 INFO [31.7] Epoch 20: loss = 127.4711
2020-03-31 15:29:37,250 INFO [32.8] Epoch 21: loss = 127.0084
2020-03-31 15:30:11,729 INFO [34.5] Epoch 22: loss = 125.9292
2020-03-31 15:30:45,271 INFO [33.5] Epoch 23: loss = 124.7098
2020-03-31 15:31:19,377 INFO [34.1] Epoch 24: loss = 124.1701
2020-03-31 15:31:52,631 INFO [33.3] Epoch 25: loss = 122.4777
2020-03-31 15:32:26,911 INFO [34.3] Epoch 26: loss = 121.9219
2020-03-31 15:32:57,754 INFO [30.8] Epoch 27: loss = 121.3326
2020-03-31 15:33:31,757 INFO [34.0] Epoch 28: loss = 121.2048
2020-03-31 15:34:04,107 INFO [32.3] Epoch 29: loss = 120.1926
2020-03-31 15:34:04,108 INFO Start Evaling...
2020-03-31 15:34:35,285 INFO Head: mr:381.4 mrr:16.70 hits:31.13
2020-03-31 15:34:35,288 INFO Tail: mr:174.9 mrr:35.91 hits:55.84
2020-03-31 15:34:35,291 INFO All: mr:278.1 mrr:26.31 hits:43.49
2020-03-31 15:34:35,312 INFO Improved and model saved
2020-03-31 15:35:08,331 INFO [33.0] Epoch 30: loss = 119.5253
2020-03-31 15:35:40,873 INFO [32.5] Epoch 31: loss = 119.2529
2020-03-31 15:36:14,548 INFO [33.7] Epoch 32: loss = 118.7069
2020-03-31 15:36:46,693 INFO [32.1] Epoch 33: loss = 117.4936
2020-03-31 15:37:18,491 INFO [31.8] Epoch 34: loss = 117.7536
2020-03-31 15:37:51,233 INFO [32.7] Epoch 35: loss = 117.1234
2020-03-31 15:38:25,608 INFO [34.4] Epoch 36: loss = 116.6987
2020-03-31 15:38:58,405 INFO [32.8] Epoch 37: loss = 115.9869
2020-03-31 15:39:33,704 INFO [35.3] Epoch 38: loss = 115.5399
2020-03-31 15:40:08,262 INFO [34.6] Epoch 39: loss = 114.8046
2020-03-31 15:40:08,263 INFO Start Evaling...
2020-03-31 15:40:38,820 INFO Head: mr:366.8 mrr:17.41 hits:31.87
2020-03-31 15:40:38,821 INFO Tail: mr:170.7 mrr:36.23 hits:56.31
2020-03-31 15:40:38,821 INFO All: mr:268.7 mrr:26.82 hits:44.09
2020-03-31 15:40:38,842 INFO Improved and model saved
2020-03-31 15:41:17,479 INFO [38.6] Epoch 40: loss = 114.4706
2020-03-31 15:41:52,004 INFO [34.5] Epoch 41: loss = 114.0250
2020-03-31 15:42:23,845 INFO [31.8] Epoch 42: loss = 113.8463
2020-03-31 15:42:57,731 INFO [33.9] Epoch 43: loss = 113.5143
2020-03-31 15:43:31,984 INFO [34.3] Epoch 44: loss = 113.0201
2020-03-31 15:44:07,890 INFO [35.9] Epoch 45: loss = 112.6560
2020-03-31 15:44:42,211 INFO [34.3] Epoch 46: loss = 111.4583
2020-03-31 15:45:13,388 INFO [31.2] Epoch 47: loss = 111.8332
2020-03-31 15:45:46,220 INFO [32.8] Epoch 48: loss = 111.4683
2020-03-31 15:46:19,045 INFO [32.8] Epoch 49: loss = 111.1459
2020-03-31 15:46:19,045 INFO Start Evaling...
2020-03-31 15:46:50,471 INFO Head: mr:358.2 mrr:18.02 hits:32.58
2020-03-31 15:46:50,472 INFO Tail: mr:169.0 mrr:37.02 hits:57.10
2020-03-31 15:46:50,474 INFO All: mr:263.6 mrr:27.52 hits:44.84
2020-03-31 15:46:50,491 INFO Improved and model saved
2020-03-31 15:47:24,623 INFO [34.1] Epoch 50: loss = 110.8327
2020-03-31 15:48:00,765 INFO [36.1] Epoch 51: loss = 110.7360
2020-03-31 15:48:33,143 INFO [32.4] Epoch 52: loss = 110.4082
2020-03-31 15:49:07,735 INFO [34.6] Epoch 53: loss = 109.5522
2020-03-31 15:49:42,861 INFO [35.1] Epoch 54: loss = 109.8635
2020-03-31 15:50:17,413 INFO [34.6] Epoch 55: loss = 109.5435
2020-03-31 15:50:52,468 INFO [35.1] Epoch 56: loss = 108.8005
2020-03-31 15:51:25,895 INFO [33.4] Epoch 57: loss = 109.0899
2020-03-31 15:51:58,830 INFO [32.9] Epoch 58: loss = 108.0474
2020-03-31 15:52:32,478 INFO [33.6] Epoch 59: loss = 107.9238
2020-03-31 15:52:32,479 INFO Start Evaling...
2020-03-31 15:53:04,977 INFO Head: mr:354.8 mrr:17.88 hits:32.85
2020-03-31 15:53:04,978 INFO Tail: mr:169.2 mrr:36.59 hits:57.46
2020-03-31 15:53:04,978 INFO All: mr:262.0 mrr:27.23 hits:45.16
2020-03-31 15:53:04,998 INFO Improved and model saved
2020-03-31 15:53:39,584 INFO [34.6] Epoch 60: loss = 107.9940
2020-03-31 15:54:17,036 INFO [37.4] Epoch 61: loss = 107.8816
2020-03-31 15:54:50,858 INFO [33.8] Epoch 62: loss = 107.1924
2020-03-31 15:55:25,884 INFO [35.0] Epoch 63: loss = 106.5208
2020-03-31 15:56:01,196 INFO [35.3] Epoch 64: loss = 107.2817
2020-03-31 15:56:37,583 INFO [36.4] Epoch 65: loss = 107.0579
2020-03-31 15:57:12,289 INFO [34.7] Epoch 66: loss = 106.5347
2020-03-31 15:57:45,012 INFO [32.7] Epoch 67: loss = 105.9490
2020-03-31 15:58:17,886 INFO [32.9] Epoch 68: loss = 105.9708
2020-03-31 15:58:51,158 INFO [33.3] Epoch 69: loss = 106.0730
2020-03-31 15:58:51,158 INFO Start Evaling...
2020-03-31 15:59:22,457 INFO Head: mr:357.7 mrr:17.93 hits:32.91
2020-03-31 15:59:22,458 INFO Tail: mr:168.1 mrr:36.85 hits:57.60
2020-03-31 15:59:22,458 INFO All: mr:262.9 mrr:27.39 hits:45.25
2020-03-31 15:59:22,481 INFO Improved and model saved
2020-03-31 15:59:56,300 INFO [33.8] Epoch 70: loss = 106.0841
2020-03-31 16:00:34,783 INFO [38.5] Epoch 71: loss = 105.4995
2020-03-31 16:01:08,757 INFO [34.0] Epoch 72: loss = 105.3001
2020-03-31 16:01:43,136 INFO [34.4] Epoch 73: loss = 105.0363
2020-03-31 16:02:17,326 INFO [34.2] Epoch 74: loss = 104.5985
2020-03-31 16:02:51,428 INFO [34.1] Epoch 75: loss = 104.6359
2020-03-31 16:03:27,384 INFO [36.0] Epoch 76: loss = 105.3147
2020-03-31 16:04:00,251 INFO [32.9] Epoch 77: loss = 104.1654
2020-03-31 16:04:33,331 INFO [33.1] Epoch 78: loss = 104.6592
2020-03-31 16:05:05,552 INFO [32.2] Epoch 79: loss = 103.4186
2020-03-31 16:05:05,553 INFO Start Evaling...
2020-03-31 16:05:36,777 INFO Head: mr:349.0 mrr:18.25 hits:33.72
2020-03-31 16:05:36,777 INFO Tail: mr:165.9 mrr:37.11 hits:57.47
2020-03-31 16:05:36,777 INFO All: mr:257.4 mrr:27.68 hits:45.59
2020-03-31 16:05:36,789 INFO Improved and model saved
2020-03-31 16:06:12,028 INFO [35.2] Epoch 80: loss = 103.7558
2020-03-31 16:06:46,637 INFO [34.6] Epoch 81: loss = 103.2223
2020-03-31 16:07:21,019 INFO [34.4] Epoch 82: loss = 103.0571
2020-03-31 16:07:53,430 INFO [32.4] Epoch 83: loss = 102.4512
2020-03-31 16:08:27,457 INFO [34.0] Epoch 84: loss = 104.1385
2020-03-31 16:09:02,868 INFO [35.4] Epoch 85: loss = 102.5141
2020-03-31 16:09:36,031 INFO [33.2] Epoch 86: loss = 103.0963
2020-03-31 16:10:10,087 INFO [34.1] Epoch 87: loss = 102.7117
2020-03-31 16:10:42,445 INFO [32.4] Epoch 88: loss = 101.9500
2020-03-31 16:11:15,723 INFO [33.3] Epoch 89: loss = 102.1054
2020-03-31 16:11:15,723 INFO Start Evaling...
2020-03-31 16:11:46,966 INFO Head: mr:344.7 mrr:18.12 hits:33.76
2020-03-31 16:11:46,966 INFO Tail: mr:165.3 mrr:36.64 hits:57.86
2020-03-31 16:11:46,966 INFO All: mr:255.0 mrr:27.38 hits:45.81
2020-03-31 16:11:46,978 INFO Improved and model saved
2020-03-31 16:12:19,401 INFO [32.4] Epoch 90: loss = 102.3016
2020-03-31 16:12:53,962 INFO [34.6] Epoch 91: loss = 102.1165
2020-03-31 16:13:29,085 INFO [35.1] Epoch 92: loss = 101.8400
2020-03-31 16:14:03,059 INFO [34.0] Epoch 93: loss = 102.0324
2020-03-31 16:14:38,934 INFO [35.9] Epoch 94: loss = 102.2531
2020-03-31 16:15:13,495 INFO [34.6] Epoch 95: loss = 101.0462
2020-03-31 16:15:47,176 INFO [33.7] Epoch 96: loss = 100.9690
2020-03-31 16:16:21,655 INFO [34.5] Epoch 97: loss = 101.0793
2020-03-31 16:16:53,733 INFO [32.1] Epoch 98: loss = 100.7553
2020-03-31 16:17:25,994 INFO [32.3] Epoch 99: loss = 100.3343
2020-03-31 16:17:25,994 INFO Start Evaling...
2020-03-31 16:17:56,826 INFO Head: mr:350.2 mrr:18.33 hits:33.69
2020-03-31 16:17:56,830 INFO Tail: mr:167.3 mrr:36.81 hits:57.92
2020-03-31 16:17:56,832 INFO All: mr:258.7 mrr:27.57 hits:45.80
2020-03-31 16:17:56,849 INFO Declined in recent 1 epochs
2020-03-31 16:18:29,301 INFO [32.5] Epoch 100: loss = 100.6152
2020-03-31 16:19:03,353 INFO [34.1] Epoch 101: loss = 100.3834
2020-03-31 16:19:40,260 INFO [36.9] Epoch 102: loss = 100.7283
2020-03-31 16:20:14,756 INFO [34.5] Epoch 103: loss = 100.6082
2020-03-31 16:20:48,532 INFO [33.8] Epoch 104: loss = 99.5385
2020-03-31 16:21:22,766 INFO [34.2] Epoch 105: loss = 99.8847
2020-03-31 16:21:57,534 INFO [34.8] Epoch 106: loss = 99.8770
2020-03-31 16:22:29,977 INFO [32.4] Epoch 107: loss = 99.8817
2020-03-31 16:23:04,586 INFO [34.6] Epoch 108: loss = 98.9370
2020-03-31 16:23:37,624 INFO [33.0] Epoch 109: loss = 98.9418
2020-03-31 16:23:37,625 INFO Start Evaling...
2020-03-31 16:24:07,991 INFO Head: mr:350.2 mrr:18.25 hits:33.69
2020-03-31 16:24:07,992 INFO Tail: mr:166.7 mrr:36.74 hits:57.89
2020-03-31 16:24:07,992 INFO All: mr:258.4 mrr:27.49 hits:45.79
2020-03-31 16:24:08,004 INFO Declined in recent 2 epochs
2020-03-31 16:24:39,688 INFO [31.7] Epoch 110: loss = 99.3286
2020-03-31 16:25:13,851 INFO [34.2] Epoch 111: loss = 99.1696
2020-03-31 16:25:50,908 INFO [37.1] Epoch 112: loss = 98.5202
2020-03-31 16:26:27,406 INFO [36.5] Epoch 113: loss = 98.7681
2020-03-31 16:27:02,452 INFO [35.0] Epoch 114: loss = 99.0173
2020-03-31 16:27:39,267 INFO [36.8] Epoch 115: loss = 99.1484
2020-03-31 16:28:15,403 INFO [36.1] Epoch 116: loss = 98.5388
2020-03-31 16:28:49,685 INFO [34.3] Epoch 117: loss = 97.8103
2020-03-31 16:29:22,531 INFO [32.8] Epoch 118: loss = 98.3993
2020-03-31 16:29:57,879 INFO [35.3] Epoch 119: loss = 98.4177
2020-03-31 16:29:57,880 INFO Start Evaling...
2020-03-31 16:30:29,340 INFO Head: mr:352.4 mrr:18.24 hits:33.87
2020-03-31 16:30:29,340 INFO Tail: mr:165.8 mrr:36.74 hits:58.18
2020-03-31 16:30:29,340 INFO All: mr:259.1 mrr:27.49 hits:46.02
2020-03-31 16:30:29,355 INFO Improved and model saved
2020-03-31 16:31:03,290 INFO [33.9] Epoch 120: loss = 98.0972
2020-03-31 16:31:37,926 INFO [34.6] Epoch 121: loss = 97.6516
2020-03-31 16:32:15,634 INFO [37.7] Epoch 122: loss = 98.0444
2020-03-31 16:32:51,915 INFO [36.3] Epoch 123: loss = 97.5098
2020-03-31 16:33:26,546 INFO [34.6] Epoch 124: loss = 97.6586
2020-03-31 16:34:02,667 INFO [36.1] Epoch 125: loss = 97.3100
2020-03-31 16:34:37,040 INFO [34.4] Epoch 126: loss = 97.3060
2020-03-31 16:35:11,930 INFO [34.9] Epoch 127: loss = 97.6722
2020-03-31 16:35:43,345 INFO [31.4] Epoch 128: loss = 97.3737
2020-03-31 16:36:20,804 INFO [37.5] Epoch 129: loss = 97.6048
2020-03-31 16:36:20,804 INFO Start Evaling...
2020-03-31 16:36:51,704 INFO Head: mr:347.5 mrr:18.50 hits:34.06
2020-03-31 16:36:51,705 INFO Tail: mr:166.2 mrr:36.87 hits:58.44
2020-03-31 16:36:51,705 INFO All: mr:256.8 mrr:27.69 hits:46.25
2020-03-31 16:36:51,721 INFO Improved and model saved
2020-03-31 16:37:28,132 INFO [36.4] Epoch 130: loss = 97.0528
2020-03-31 16:38:04,722 INFO [36.6] Epoch 131: loss = 97.1501
2020-03-31 16:38:40,675 INFO [36.0] Epoch 132: loss = 96.8729
2020-03-31 16:39:17,356 INFO [36.7] Epoch 133: loss = 97.1410
2020-03-31 16:39:53,683 INFO [36.3] Epoch 134: loss = 97.0890
2020-03-31 16:40:27,599 INFO [33.9] Epoch 135: loss = 96.7719
2020-03-31 16:40:59,157 INFO [31.6] Epoch 136: loss = 96.8635
2020-03-31 16:41:31,022 INFO [31.9] Epoch 137: loss = 96.4714
2020-03-31 16:42:05,792 INFO [34.8] Epoch 138: loss = 97.4476
2020-03-31 16:42:37,629 INFO [31.8] Epoch 139: loss = 95.6081
2020-03-31 16:42:37,629 INFO Start Evaling...
2020-03-31 16:43:08,068 INFO Head: mr:347.4 mrr:18.50 hits:34.32
2020-03-31 16:43:08,068 INFO Tail: mr:166.4 mrr:37.33 hits:58.00
2020-03-31 16:43:08,068 INFO All: mr:256.9 mrr:27.91 hits:46.16
2020-03-31 16:43:08,088 INFO Declined in recent 1 epochs
2020-03-31 16:43:40,703 INFO [32.6] Epoch 140: loss = 96.4695
2020-03-31 16:44:12,702 INFO [32.0] Epoch 141: loss = 96.2417
2020-03-31 16:44:48,485 INFO [35.8] Epoch 142: loss = 96.5090
2020-03-31 16:45:26,941 INFO [38.5] Epoch 143: loss = 96.6987
2020-03-31 16:46:02,670 INFO [35.7] Epoch 144: loss = 95.9997
2020-03-31 16:46:36,822 INFO [34.2] Epoch 145: loss = 96.0359
2020-03-31 16:47:10,885 INFO [34.1] Epoch 146: loss = 95.9868
2020-03-31 16:47:42,779 INFO [31.9] Epoch 147: loss = 96.2966
2020-03-31 16:48:17,682 INFO [34.9] Epoch 148: loss = 96.0419
2020-03-31 16:48:51,692 INFO [34.0] Epoch 149: loss = 95.1622
2020-03-31 16:48:51,692 INFO Start Evaling...
2020-03-31 16:49:22,591 INFO Head: mr:344.1 mrr:18.48 hits:34.45
2020-03-31 16:49:22,592 INFO Tail: mr:166.7 mrr:37.34 hits:58.28
2020-03-31 16:49:22,592 INFO All: mr:255.4 mrr:27.91 hits:46.36
2020-03-31 16:49:22,613 INFO Improved and model saved
2020-03-31 16:49:57,863 INFO [35.2] Epoch 150: loss = 95.2758
2020-03-31 16:50:33,439 INFO [35.6] Epoch 151: loss = 95.7773
2020-03-31 16:51:08,335 INFO [34.9] Epoch 152: loss = 95.4036
2020-03-31 16:51:43,236 INFO [34.9] Epoch 153: loss = 95.2357
2020-03-31 16:52:17,709 INFO [34.5] Epoch 154: loss = 94.2261
2020-03-31 16:52:51,432 INFO [33.7] Epoch 155: loss = 95.3589
2020-03-31 16:53:23,490 INFO [32.1] Epoch 156: loss = 95.4826
2020-03-31 16:53:56,777 INFO [33.3] Epoch 157: loss = 94.2739
2020-03-31 16:54:29,292 INFO [32.5] Epoch 158: loss = 94.9938
2020-03-31 16:55:02,437 INFO [33.1] Epoch 159: loss = 94.7217
2020-03-31 16:55:02,437 INFO Start Evaling...
2020-03-31 16:55:34,628 INFO Head: mr:349.4 mrr:18.30 hits:34.37
2020-03-31 16:55:34,628 INFO Tail: mr:165.9 mrr:36.90 hits:58.35
2020-03-31 16:55:34,628 INFO All: mr:257.6 mrr:27.60 hits:46.36
2020-03-31 16:55:34,651 INFO Declined in recent 1 epochs
2020-03-31 16:56:07,923 INFO [33.3] Epoch 160: loss = 94.6675
2020-03-31 16:56:41,263 INFO [33.3] Epoch 161: loss = 94.6034
2020-03-31 16:57:15,147 INFO [33.9] Epoch 162: loss = 93.7729
2020-03-31 16:57:51,351 INFO [36.2] Epoch 163: loss = 94.0616
2020-03-31 16:58:23,477 INFO [32.1] Epoch 164: loss = 94.1771
2020-03-31 16:58:56,409 INFO [32.9] Epoch 165: loss = 94.3499
2020-03-31 16:59:30,833 INFO [34.4] Epoch 166: loss = 94.1916
2020-03-31 17:00:03,765 INFO [32.9] Epoch 167: loss = 94.3010
2020-03-31 17:00:39,773 INFO [36.0] Epoch 168: loss = 94.3419
2020-03-31 17:01:13,690 INFO [33.9] Epoch 169: loss = 93.9340
2020-03-31 17:01:13,691 INFO Start Evaling...
2020-03-31 17:01:44,734 INFO Head: mr:353.8 mrr:18.56 hits:34.38
2020-03-31 17:01:44,734 INFO Tail: mr:166.7 mrr:37.16 hits:58.32
2020-03-31 17:01:44,734 INFO All: mr:260.3 mrr:27.86 hits:46.35
2020-03-31 17:01:44,749 INFO Declined in recent 2 epochs
2020-03-31 17:02:17,198 INFO [32.4] Epoch 170: loss = 94.4582
2020-03-31 17:02:49,185 INFO [32.0] Epoch 171: loss = 93.7343
2020-03-31 17:03:21,033 INFO [31.8] Epoch 172: loss = 93.4816
2020-03-31 17:03:56,477 INFO [35.4] Epoch 173: loss = 93.8779
2020-03-31 17:04:27,891 INFO [31.4] Epoch 174: loss = 93.7000
2020-03-31 17:05:01,026 INFO [33.1] Epoch 175: loss = 93.3085
2020-03-31 17:05:32,429 INFO [31.4] Epoch 176: loss = 93.0840
2020-03-31 17:06:06,785 INFO [34.4] Epoch 177: loss = 93.1160
2020-03-31 17:06:41,608 INFO [34.8] Epoch 178: loss = 93.7347
2020-03-31 17:07:17,546 INFO [35.9] Epoch 179: loss = 92.9987
2020-03-31 17:07:17,546 INFO Start Evaling...
2020-03-31 17:07:48,412 INFO Head: mr:352.5 mrr:18.45 hits:34.32
2020-03-31 17:07:48,413 INFO Tail: mr:164.7 mrr:37.48 hits:58.29
2020-03-31 17:07:48,413 INFO All: mr:258.6 mrr:27.97 hits:46.31
2020-03-31 17:07:48,432 INFO Declined in recent 3 epochs
2020-03-31 17:08:21,237 INFO [32.8] Epoch 180: loss = 93.6579
2020-03-31 17:08:54,824 INFO [33.6] Epoch 181: loss = 93.2064
2020-03-31 17:09:27,654 INFO [32.8] Epoch 182: loss = 93.6534
2020-03-31 17:10:01,581 INFO [33.9] Epoch 183: loss = 93.5338
2020-03-31 17:10:37,244 INFO [35.7] Epoch 184: loss = 93.3933
2020-03-31 17:11:11,498 INFO [34.3] Epoch 185: loss = 93.7882
2020-03-31 17:11:43,971 INFO [32.5] Epoch 186: loss = 93.1900
2020-03-31 17:12:17,903 INFO [33.9] Epoch 187: loss = 93.4501
2020-03-31 17:12:55,114 INFO [37.2] Epoch 188: loss = 93.4418
2020-03-31 17:13:30,020 INFO [34.9] Epoch 189: loss = 92.3815
2020-03-31 17:13:30,020 INFO Start Evaling...
2020-03-31 17:14:00,675 INFO Head: mr:356.9 mrr:18.52 hits:34.47
2020-03-31 17:14:00,676 INFO Tail: mr:165.6 mrr:36.60 hits:58.75
2020-03-31 17:14:00,676 INFO All: mr:261.2 mrr:27.56 hits:46.61
2020-03-31 17:14:00,697 INFO Improved and model saved
2020-03-31 17:14:35,333 INFO [34.6] Epoch 190: loss = 93.1823
2020-03-31 17:15:11,769 INFO [36.4] Epoch 191: loss = 92.8600
2020-03-31 17:15:47,671 INFO [35.9] Epoch 192: loss = 92.8729
2020-03-31 17:16:23,371 INFO [35.7] Epoch 193: loss = 93.4547
2020-03-31 17:16:59,128 INFO [35.8] Epoch 194: loss = 92.0063
2020-03-31 17:17:32,097 INFO [33.0] Epoch 195: loss = 92.7879
2020-03-31 17:18:09,118 INFO [37.0] Epoch 196: loss = 92.7740
2020-03-31 17:18:42,070 INFO [33.0] Epoch 197: loss = 92.4149
2020-03-31 17:19:14,938 INFO [32.9] Epoch 198: loss = 92.1443
2020-03-31 17:19:50,610 INFO [35.7] Epoch 199: loss = 92.8737
2020-03-31 17:19:50,611 INFO Start Evaling...
2020-03-31 17:20:20,708 INFO Head: mr:349.6 mrr:18.69 hits:34.84
2020-03-31 17:20:20,709 INFO Tail: mr:165.6 mrr:36.76 hits:58.57
2020-03-31 17:20:20,709 INFO All: mr:257.6 mrr:27.73 hits:46.71
2020-03-31 17:20:20,726 INFO Improved and model saved
2020-03-31 17:20:54,693 INFO [34.0] Epoch 200: loss = 92.5050
2020-03-31 17:21:30,823 INFO [36.1] Epoch 201: loss = 92.5289
2020-03-31 17:22:02,617 INFO [31.8] Epoch 202: loss = 92.4909
2020-03-31 17:22:37,159 INFO [34.5] Epoch 203: loss = 92.1802
2020-03-31 17:23:11,653 INFO [34.5] Epoch 204: loss = 91.9959
2020-03-31 17:23:46,989 INFO [35.3] Epoch 205: loss = 92.3702
2020-03-31 17:24:21,496 INFO [34.5] Epoch 206: loss = 91.5522
2020-03-31 17:24:54,612 INFO [33.1] Epoch 207: loss = 92.0691
2020-03-31 17:25:26,932 INFO [32.3] Epoch 208: loss = 92.0881
2020-03-31 17:25:59,798 INFO [32.9] Epoch 209: loss = 92.0626
2020-03-31 17:25:59,798 INFO Start Evaling...
2020-03-31 17:26:30,683 INFO Head: mr:344.6 mrr:18.53 hits:34.30
2020-03-31 17:26:30,683 INFO Tail: mr:166.8 mrr:37.21 hits:58.44
2020-03-31 17:26:30,683 INFO All: mr:255.7 mrr:27.87 hits:46.37
2020-03-31 17:26:30,696 INFO Declined in recent 1 epochs
2020-03-31 17:27:03,878 INFO [33.2] Epoch 210: loss = 91.8490
2020-03-31 17:27:39,715 INFO [35.8] Epoch 211: loss = 91.6569
2020-03-31 17:28:12,623 INFO [32.9] Epoch 212: loss = 91.4872
2020-03-31 17:28:47,854 INFO [35.2] Epoch 213: loss = 91.7475
2020-03-31 17:29:20,501 INFO [32.6] Epoch 214: loss = 91.8893
2020-03-31 17:29:53,077 INFO [32.6] Epoch 215: loss = 92.0495
2020-03-31 17:30:27,056 INFO [34.0] Epoch 216: loss = 92.0604
2020-03-31 17:31:00,641 INFO [33.6] Epoch 217: loss = 91.8037
2020-03-31 17:31:34,685 INFO [34.0] Epoch 218: loss = 91.4814
2020-03-31 17:32:07,237 INFO [32.6] Epoch 219: loss = 91.5681
2020-03-31 17:32:07,238 INFO Start Evaling...
2020-03-31 17:32:38,069 INFO Head: mr:355.3 mrr:18.79 hits:34.70
2020-03-31 17:32:38,070 INFO Tail: mr:165.0 mrr:37.07 hits:58.70
2020-03-31 17:32:38,070 INFO All: mr:260.1 mrr:27.93 hits:46.70
2020-03-31 17:32:38,083 INFO Declined in recent 2 epochs
2020-03-31 17:33:10,497 INFO [32.4] Epoch 220: loss = 91.3850
2020-03-31 17:33:43,762 INFO [33.3] Epoch 221: loss = 90.8780
2020-03-31 17:34:19,414 INFO [35.7] Epoch 222: loss = 91.3220
2020-03-31 17:34:52,379 INFO [33.0] Epoch 223: loss = 91.3693
2020-03-31 17:35:24,827 INFO [32.4] Epoch 224: loss = 91.0355
2020-03-31 17:35:59,094 INFO [34.3] Epoch 225: loss = 91.1885
2020-03-31 17:36:33,939 INFO [34.8] Epoch 226: loss = 90.8470
2020-03-31 17:37:06,511 INFO [32.6] Epoch 227: loss = 91.0288
2020-03-31 17:37:41,365 INFO [34.9] Epoch 228: loss = 90.8370
2020-03-31 17:38:14,680 INFO [33.3] Epoch 229: loss = 91.5708
2020-03-31 17:38:14,681 INFO Start Evaling...
2020-03-31 17:38:45,037 INFO Head: mr:350.0 mrr:18.78 hits:34.61
2020-03-31 17:38:45,037 INFO Tail: mr:165.0 mrr:36.91 hits:58.75
2020-03-31 17:38:45,039 INFO All: mr:257.5 mrr:27.85 hits:46.68
2020-03-31 17:38:45,060 INFO Declined in recent 3 epochs
2020-03-31 17:39:18,792 INFO [33.7] Epoch 230: loss = 90.8159
2020-03-31 17:39:55,499 INFO [36.7] Epoch 231: loss = 90.6974
2020-03-31 17:40:30,307 INFO [34.8] Epoch 232: loss = 90.5415
2020-03-31 17:41:04,344 INFO [34.0] Epoch 233: loss = 91.0966
2020-03-31 17:41:36,151 INFO [31.8] Epoch 234: loss = 91.4227
2020-03-31 17:42:10,589 INFO [34.4] Epoch 235: loss = 90.6178
2020-03-31 17:42:42,748 INFO [32.2] Epoch 236: loss = 90.9885
2020-03-31 17:43:13,793 INFO [31.0] Epoch 237: loss = 90.4560
2020-03-31 17:43:46,163 INFO [32.4] Epoch 238: loss = 90.6909
2020-03-31 17:44:20,529 INFO [34.4] Epoch 239: loss = 90.0504
2020-03-31 17:44:20,530 INFO Start Evaling...
2020-03-31 17:44:52,477 INFO Head: mr:354.6 mrr:18.63 hits:35.07
2020-03-31 17:44:52,478 INFO Tail: mr:164.2 mrr:36.86 hits:58.60
2020-03-31 17:44:52,478 INFO All: mr:259.4 mrr:27.75 hits:46.84
2020-03-31 17:44:52,499 INFO Improved and model saved
2020-03-31 17:45:25,190 INFO [32.7] Epoch 240: loss = 90.7013
2020-03-31 17:45:56,091 INFO [30.9] Epoch 241: loss = 90.9403
2020-03-31 17:46:28,652 INFO [32.6] Epoch 242: loss = 90.6728
2020-03-31 17:47:00,792 INFO [32.1] Epoch 243: loss = 90.3461
2020-03-31 17:47:34,345 INFO [33.6] Epoch 244: loss = 90.9750
2020-03-31 17:48:05,659 INFO [31.3] Epoch 245: loss = 89.8527
2020-03-31 17:48:37,119 INFO [31.5] Epoch 246: loss = 90.0695
2020-03-31 17:49:07,371 INFO [30.3] Epoch 247: loss = 90.7007
2020-03-31 17:49:40,333 INFO [33.0] Epoch 248: loss = 90.0766
2020-03-31 17:50:14,379 INFO [34.0] Epoch 249: loss = 90.5069
2020-03-31 17:50:14,379 INFO Start Evaling...
2020-03-31 17:50:45,271 INFO Head: mr:350.2 mrr:18.56 hits:34.55
2020-03-31 17:50:45,272 INFO Tail: mr:165.7 mrr:37.48 hits:58.79
2020-03-31 17:50:45,272 INFO All: mr:257.9 mrr:28.02 hits:46.67
2020-03-31 17:50:45,284 INFO Declined in recent 1 epochs
2020-03-31 17:51:19,112 INFO [33.8] Epoch 250: loss = 90.6358
2020-03-31 17:51:50,348 INFO [31.2] Epoch 251: loss = 89.5567
2020-03-31 17:52:23,436 INFO [33.1] Epoch 252: loss = 89.9402
2020-03-31 17:52:56,113 INFO [32.7] Epoch 253: loss = 90.6340
2020-03-31 17:53:29,324 INFO [33.2] Epoch 254: loss = 89.4418
2020-03-31 17:54:01,085 INFO [31.8] Epoch 255: loss = 90.2652
2020-03-31 17:54:35,279 INFO [34.2] Epoch 256: loss = 89.5178
2020-03-31 17:55:08,827 INFO [33.5] Epoch 257: loss = 90.1286
2020-03-31 17:55:44,661 INFO [35.8] Epoch 258: loss = 89.8539
2020-03-31 17:56:17,497 INFO [32.8] Epoch 259: loss = 90.4048
2020-03-31 17:56:17,498 INFO Start Evaling...
2020-03-31 17:56:48,361 INFO Head: mr:362.9 mrr:18.70 hits:34.60
2020-03-31 17:56:48,361 INFO Tail: mr:163.6 mrr:37.12 hits:58.55
2020-03-31 17:56:48,361 INFO All: mr:263.2 mrr:27.91 hits:46.58
2020-03-31 17:56:48,382 INFO Declined in recent 2 epochs
2020-03-31 17:57:20,753 INFO [32.4] Epoch 260: loss = 90.4801
2020-03-31 17:57:53,392 INFO [32.6] Epoch 261: loss = 89.6675
2020-03-31 17:58:26,746 INFO [33.4] Epoch 262: loss = 89.7566
2020-03-31 17:58:58,164 INFO [31.4] Epoch 263: loss = 90.7257
2020-03-31 17:59:31,570 INFO [33.4] Epoch 264: loss = 89.4750
2020-03-31 18:00:03,989 INFO [32.4] Epoch 265: loss = 88.8069
2020-03-31 18:00:38,410 INFO [34.4] Epoch 266: loss = 89.4605
2020-03-31 18:01:13,041 INFO [34.6] Epoch 267: loss = 89.3339
2020-03-31 18:01:48,928 INFO [35.9] Epoch 268: loss = 90.2767
2020-03-31 18:02:25,036 INFO [36.1] Epoch 269: loss = 89.7093
2020-03-31 18:02:25,036 INFO Start Evaling...
2020-03-31 18:02:55,890 INFO Head: mr:356.2 mrr:18.79 hits:34.80
2020-03-31 18:02:55,890 INFO Tail: mr:162.1 mrr:37.58 hits:58.60
2020-03-31 18:02:55,890 INFO All: mr:259.2 mrr:28.18 hits:46.70
2020-03-31 18:02:55,902 INFO Declined in recent 3 epochs
2020-03-31 18:03:30,930 INFO [35.0] Epoch 270: loss = 89.5364
2020-03-31 18:04:04,302 INFO [33.4] Epoch 271: loss = 89.4847
2020-03-31 18:04:38,920 INFO [34.6] Epoch 272: loss = 89.8282
2020-03-31 18:05:13,617 INFO [34.7] Epoch 273: loss = 89.7259
2020-03-31 18:05:47,282 INFO [33.7] Epoch 274: loss = 89.2083
2020-03-31 18:06:22,727 INFO [35.4] Epoch 275: loss = 89.0739
2020-03-31 18:06:55,585 INFO [32.9] Epoch 276: loss = 89.5536
2020-03-31 18:07:29,486 INFO [33.9] Epoch 277: loss = 88.7118
2020-03-31 18:08:00,202 INFO [30.7] Epoch 278: loss = 89.5074
2020-03-31 18:08:34,472 INFO [34.3] Epoch 279: loss = 88.7451
2020-03-31 18:08:34,472 INFO Start Evaling...
2020-03-31 18:09:04,783 INFO Head: mr:354.2 mrr:18.41 hits:34.63
2020-03-31 18:09:04,783 INFO Tail: mr:162.8 mrr:37.17 hits:58.79
2020-03-31 18:09:04,783 INFO All: mr:258.5 mrr:27.79 hits:46.71
2020-03-31 18:09:04,804 INFO Declined in recent 4 epochs
2020-03-31 18:09:37,374 INFO [32.6] Epoch 280: loss = 88.8370
2020-03-31 18:10:10,038 INFO [32.7] Epoch 281: loss = 89.2939
2020-03-31 18:10:44,104 INFO [34.1] Epoch 282: loss = 89.5657
2020-03-31 18:11:18,239 INFO [34.1] Epoch 283: loss = 89.4507
2020-03-31 18:11:52,971 INFO [34.7] Epoch 284: loss = 88.7724
2020-03-31 18:12:27,225 INFO [34.3] Epoch 285: loss = 89.4480
2020-03-31 18:13:00,856 INFO [33.6] Epoch 286: loss = 88.9867
2020-03-31 18:13:35,025 INFO [34.2] Epoch 287: loss = 88.8652
2020-03-31 18:14:06,714 INFO [31.7] Epoch 288: loss = 88.7053
2020-03-31 18:14:41,132 INFO [34.4] Epoch 289: loss = 89.3766
2020-03-31 18:14:41,133 INFO Start Evaling...
2020-03-31 18:15:11,876 INFO Head: mr:360.6 mrr:18.50 hits:34.42
2020-03-31 18:15:11,877 INFO Tail: mr:162.3 mrr:37.30 hits:59.08
2020-03-31 18:15:11,877 INFO All: mr:261.4 mrr:27.90 hits:46.75
2020-03-31 18:15:11,898 INFO Declined in recent 5 epochs
2020-03-31 18:15:11,898 INFO Early stopping
2020-03-31 18:15:11,898 INFO Train done
2020-03-31 18:15:11,903 INFO Start Evaling...
2020-03-31 18:15:46,947 INFO Head: mr:358.8 mrr:18.33 hits:34.66
2020-03-31 18:15:46,947 INFO Tail: mr:172.3 mrr:36.36 hits:58.01
2020-03-31 18:15:46,947 INFO All: mr:265.6 mrr:27.35 hits:46.34
