2020-05-21 23:41:08,047 INFO EPOCH: 1000
2020-05-21 23:41:08,047 INFO EVERY: 10
2020-05-21 23:41:08,047 INFO LR: 0.001
2020-05-21 23:41:08,047 INFO DIM: 100
2020-05-21 23:41:08,047 INFO BATCH_SIZE: 256
2020-05-21 23:41:08,047 INFO BATCH_SIZE2: 256
2020-05-21 23:41:08,047 INFO P: 1
2020-05-21 23:41:08,048 INFO CLIPPING_MAX_VALUE: 4.0
2020-05-21 23:41:08,048 INFO OPTIM: Adam
2020-05-21 23:41:08,048 INFO N_SAMPLE: 100
2020-05-21 23:41:08,048 INFO MODE: rand
2020-05-21 23:41:08,048 INFO RATE: 0.1
2020-05-21 23:41:08,048 INFO GAMMA: 12.0
2020-05-21 23:41:08,048 INFO BERN: True
2020-05-21 23:41:08,048 INFO MARGIN: 4.0
2020-05-21 23:41:08,048 INFO REG: 1.0
2020-05-21 23:41:08,048 INFO LABEL_SMOOTH_EPS: 0.1
2020-05-21 23:41:08,048 INFO INPUT_DROP: 0.2
2020-05-21 23:41:08,049 INFO FEAT_DROP: 0.2
2020-05-21 23:41:08,049 INFO HIDD_DROP: 0.3
2020-05-21 23:41:08,049 INFO CHANNELS: 50
2020-05-21 23:41:08,049 INFO KERNEL_SIZE: 3
2020-05-21 23:41:08,049 INFO N_POOL: 100
2020-05-21 23:41:08,049 INFO MODEL_D: TransH
2020-05-21 23:41:08,049 INFO MODEL_G: DistMult
2020-05-21 23:41:08,049 INFO SCRATCH: False
2020-05-21 23:41:08,049 INFO D_FILE: None
2020-05-21 23:41:08,049 INFO G_FILE: None
2020-05-21 23:41:08,049 INFO PATH: data
2020-05-21 23:41:08,049 INFO DATA: FB15K237
2020-05-21 23:41:08,050 INFO EXP_PATH: experiment/FB15K237
2020-05-21 23:41:08,050 INFO MODEL: DistMult
2020-05-21 23:41:08,050 INFO V: 100.0
2020-05-21 23:41:08,050 INFO F: True
2020-05-21 23:41:08,050 INFO ADV: False
2020-05-21 23:41:08,050 INFO EVAL: False
2020-05-21 23:41:08,050 INFO TRAINED: False
2020-05-21 23:41:08,050 INFO PRETRAINED_NAME: None
2020-05-21 23:41:08,050 INFO EXP_NAME: DistMult-FB15K237-rand-100.0
2020-05-21 23:41:08,050 INFO --------------------------------------
2020-05-21 23:41:15,370 INFO Dataload done
2020-05-21 23:41:15,370 INFO --------------------------------------
2020-05-21 23:41:15,370 INFO N_ENTITY: 14541
2020-05-21 23:41:15,370 INFO N_RELATION: 237
2020-05-21 23:41:15,370 INFO --------------------------------------
2020-05-21 23:41:18,848 INFO Start Training...
2020-05-21 23:42:48,817 INFO [90.0] Epoch 0: loss = 326.1805
2020-05-21 23:44:18,372 INFO [89.6] Epoch 1: loss = 173.1449
2020-05-21 23:45:48,664 INFO [90.3] Epoch 2: loss = 101.5734
2020-05-21 23:47:18,279 INFO [89.6] Epoch 3: loss = 75.8357
2020-05-21 23:48:47,664 INFO [89.4] Epoch 4: loss = 62.8798
2020-05-21 23:50:17,023 INFO [89.4] Epoch 5: loss = 54.9467
2020-05-21 23:51:46,702 INFO [89.7] Epoch 6: loss = 49.6047
2020-05-21 23:53:17,422 INFO [90.7] Epoch 7: loss = 45.7212
2020-05-21 23:54:47,048 INFO [89.6] Epoch 8: loss = 42.6794
2020-05-21 23:56:16,863 INFO [89.8] Epoch 9: loss = 40.2844
2020-05-21 23:56:16,863 INFO Start Evaling...
2020-05-21 23:58:46,655 INFO Head: mr:469.8 mrr:14.67 hits10:27.19 hits3:15.41 hits1:8.53
2020-05-21 23:58:46,655 INFO Tail: mr:228.2 mrr:34.61 hits10:52.64 hits3:38.17 hits1:25.62
2020-05-21 23:58:46,655 INFO All: mr:349.0 mrr:24.64 hits10:39.91 hits3:26.79 hits1:17.07
2020-05-21 23:58:46,667 INFO Start Evaling...
2020-05-22 00:01:38,700 INFO Head: mr:489.2 mrr:14.94 hits10:27.26 hits3:15.74 hits1:8.85
2020-05-22 00:01:38,700 INFO Tail: mr:241.1 mrr:34.01 hits10:51.96 hits3:37.50 hits1:25.09
2020-05-22 00:01:38,700 INFO All: mr:365.1 mrr:24.48 hits10:39.61 hits3:26.62 hits1:16.97
2020-05-22 00:01:38,713 INFO Improved and model saved
2020-05-22 00:03:08,184 INFO [89.5] Epoch 10: loss = 38.5160
2020-05-22 00:04:38,995 INFO [90.8] Epoch 11: loss = 36.9473
2020-05-22 00:06:09,296 INFO [90.3] Epoch 12: loss = 35.5261
2020-05-22 00:07:39,145 INFO [89.8] Epoch 13: loss = 34.3185
2020-05-22 00:09:08,711 INFO [89.6] Epoch 14: loss = 33.3538
2020-05-22 00:10:38,516 INFO [89.8] Epoch 15: loss = 32.4597
2020-05-22 00:12:09,021 INFO [90.5] Epoch 16: loss = 31.7199
2020-05-22 00:13:38,944 INFO [89.9] Epoch 17: loss = 31.0091
2020-05-22 00:15:08,790 INFO [89.8] Epoch 18: loss = 30.4264
2020-05-22 00:16:38,681 INFO [89.9] Epoch 19: loss = 29.8498
2020-05-22 00:16:38,681 INFO Start Evaling...
2020-05-22 00:19:08,237 INFO Head: mr:432.0 mrr:15.02 hits10:28.75 hits3:16.34 hits1:8.14
2020-05-22 00:19:08,237 INFO Tail: mr:204.6 mrr:35.44 hits10:54.16 hits3:39.33 hits1:26.01
2020-05-22 00:19:08,237 INFO All: mr:318.3 mrr:25.23 hits10:41.45 hits3:27.83 hits1:17.07
2020-05-22 00:19:08,249 INFO Start Evaling...
2020-05-22 00:22:00,149 INFO Head: mr:449.9 mrr:15.19 hits10:28.92 hits3:16.44 hits1:8.35
2020-05-22 00:22:00,150 INFO Tail: mr:216.1 mrr:34.82 hits10:53.52 hits3:38.73 hits1:25.36
2020-05-22 00:22:00,150 INFO All: mr:333.0 mrr:25.01 hits10:41.22 hits3:27.59 hits1:16.86
2020-05-22 00:22:00,163 INFO Improved and model saved
2020-05-22 00:23:31,755 INFO [91.6] Epoch 20: loss = 29.4898
2020-05-22 00:25:03,631 INFO [91.9] Epoch 21: loss = 28.9026
2020-05-22 00:26:34,471 INFO [90.8] Epoch 22: loss = 28.4494
2020-05-22 00:28:06,072 INFO [91.6] Epoch 23: loss = 28.0478
2020-05-22 00:29:36,843 INFO [90.8] Epoch 24: loss = 27.6824
2020-05-22 00:31:08,902 INFO [92.1] Epoch 25: loss = 27.3961
2020-05-22 00:32:39,928 INFO [91.0] Epoch 26: loss = 27.1916
2020-05-22 00:34:10,890 INFO [91.0] Epoch 27: loss = 26.8576
2020-05-22 00:35:42,105 INFO [91.2] Epoch 28: loss = 26.5896
2020-05-22 00:37:12,780 INFO [90.7] Epoch 29: loss = 26.4480
2020-05-22 00:37:12,780 INFO Start Evaling...
2020-05-22 00:39:42,569 INFO Head: mr:415.9 mrr:15.71 hits10:30.08 hits3:16.65 hits1:8.79
2020-05-22 00:39:42,569 INFO Tail: mr:193.3 mrr:34.96 hits10:55.19 hits3:39.02 hits1:25.13
2020-05-22 00:39:42,569 INFO All: mr:304.6 mrr:25.33 hits10:42.63 hits3:27.84 hits1:16.96
2020-05-22 00:39:42,582 INFO Start Evaling...
2020-05-22 00:42:35,001 INFO Head: mr:428.6 mrr:15.93 hits10:29.69 hits3:17.06 hits1:8.97
2020-05-22 00:42:35,002 INFO Tail: mr:203.7 mrr:34.25 hits10:54.35 hits3:38.25 hits1:24.36
2020-05-22 00:42:35,002 INFO All: mr:316.1 mrr:25.09 hits10:42.02 hits3:27.66 hits1:16.67
2020-05-22 00:42:35,016 INFO Improved and model saved
2020-05-22 00:44:06,718 INFO [91.7] Epoch 30: loss = 26.2222
2020-05-22 00:45:37,926 INFO [91.2] Epoch 31: loss = 26.0045
2020-05-22 00:47:09,104 INFO [91.2] Epoch 32: loss = 25.7686
2020-05-22 00:48:40,084 INFO [91.0] Epoch 33: loss = 25.5612
2020-05-22 00:50:12,094 INFO [92.0] Epoch 34: loss = 25.2811
2020-05-22 00:51:43,441 INFO [91.3] Epoch 35: loss = 25.2164
2020-05-22 00:53:14,744 INFO [91.3] Epoch 36: loss = 25.1192
2020-05-22 00:54:45,539 INFO [90.8] Epoch 37: loss = 24.9608
2020-05-22 00:56:16,503 INFO [91.0] Epoch 38: loss = 24.6541
2020-05-22 00:57:47,402 INFO [90.9] Epoch 39: loss = 24.7107
2020-05-22 00:57:47,403 INFO Start Evaling...
2020-05-22 01:00:16,911 INFO Head: mr:407.2 mrr:16.34 hits10:30.86 hits3:17.27 hits1:9.35
2020-05-22 01:00:16,911 INFO Tail: mr:187.3 mrr:35.59 hits10:56.13 hits3:39.81 hits1:25.45
2020-05-22 01:00:16,911 INFO All: mr:297.3 mrr:25.96 hits10:43.50 hits3:28.54 hits1:17.40
2020-05-22 01:00:16,924 INFO Start Evaling...
2020-05-22 01:03:08,527 INFO Head: mr:416.1 mrr:16.37 hits10:30.81 hits3:17.49 hits1:9.28
2020-05-22 01:03:08,527 INFO Tail: mr:192.2 mrr:34.96 hits10:55.49 hits3:39.13 hits1:24.80
2020-05-22 01:03:08,528 INFO All: mr:304.2 mrr:25.67 hits10:43.15 hits3:28.31 hits1:17.04
2020-05-22 01:03:08,542 INFO Improved and model saved
2020-05-22 01:04:38,884 INFO [90.3] Epoch 40: loss = 24.4166
2020-05-22 01:06:09,008 INFO [90.1] Epoch 41: loss = 24.3346
2020-05-22 01:07:38,603 INFO [89.6] Epoch 42: loss = 24.2115
2020-05-22 01:09:08,333 INFO [89.7] Epoch 43: loss = 24.1194
2020-05-22 01:10:37,716 INFO [89.4] Epoch 44: loss = 23.9142
2020-05-22 01:12:08,100 INFO [90.4] Epoch 45: loss = 23.8323
2020-05-22 01:13:37,844 INFO [89.7] Epoch 46: loss = 23.7816
2020-05-22 01:15:07,152 INFO [89.3] Epoch 47: loss = 23.6169
2020-05-22 01:16:36,556 INFO [89.4] Epoch 48: loss = 23.5755
2020-05-22 01:18:06,257 INFO [89.7] Epoch 49: loss = 23.4868
2020-05-22 01:18:06,257 INFO Start Evaling...
2020-05-22 01:20:35,663 INFO Head: mr:395.2 mrr:16.82 hits10:31.66 hits3:18.19 hits1:9.49
2020-05-22 01:20:35,663 INFO Tail: mr:181.7 mrr:35.65 hits10:56.33 hits3:39.53 hits1:25.69
2020-05-22 01:20:35,663 INFO All: mr:288.4 mrr:26.24 hits10:44.00 hits3:28.86 hits1:17.59
2020-05-22 01:20:35,675 INFO Start Evaling...
2020-05-22 01:23:27,120 INFO Head: mr:402.1 mrr:16.49 hits10:31.31 hits3:17.86 hits1:9.14
2020-05-22 01:23:27,120 INFO Tail: mr:185.1 mrr:34.72 hits10:55.50 hits3:39.10 hits1:24.41
2020-05-22 01:23:27,120 INFO All: mr:293.6 mrr:25.60 hits10:43.40 hits3:28.48 hits1:16.78
2020-05-22 01:23:27,133 INFO Improved and model saved
2020-05-22 01:24:58,271 INFO [91.1] Epoch 50: loss = 23.2703
2020-05-22 01:26:28,854 INFO [90.6] Epoch 51: loss = 23.1666
2020-05-22 01:27:59,366 INFO [90.5] Epoch 52: loss = 23.1701
2020-05-22 01:29:29,959 INFO [90.6] Epoch 53: loss = 23.0141
2020-05-22 01:31:01,350 INFO [91.4] Epoch 54: loss = 23.0444
2020-05-22 01:32:32,025 INFO [90.7] Epoch 55: loss = 22.8299
2020-05-22 01:34:02,468 INFO [90.4] Epoch 56: loss = 22.9154
2020-05-22 01:35:32,810 INFO [90.3] Epoch 57: loss = 22.8799
2020-05-22 01:37:03,177 INFO [90.4] Epoch 58: loss = 22.7344
2020-05-22 01:38:33,380 INFO [90.2] Epoch 59: loss = 22.6184
2020-05-22 01:38:33,380 INFO Start Evaling...
2020-05-22 01:41:03,801 INFO Head: mr:390.5 mrr:17.26 hits10:32.21 hits3:18.62 hits1:9.95
2020-05-22 01:41:03,802 INFO Tail: mr:174.0 mrr:36.45 hits10:56.71 hits3:40.45 hits1:26.46
2020-05-22 01:41:03,802 INFO All: mr:282.3 mrr:26.85 hits10:44.46 hits3:29.54 hits1:18.20
2020-05-22 01:41:03,814 INFO Start Evaling...
2020-05-22 01:43:56,766 INFO Head: mr:398.9 mrr:16.98 hits10:31.56 hits3:18.56 hits1:9.65
2020-05-22 01:43:56,766 INFO Tail: mr:177.2 mrr:35.44 hits10:56.07 hits3:39.71 hits1:25.26
2020-05-22 01:43:56,766 INFO All: mr:288.1 mrr:26.21 hits10:43.81 hits3:29.14 hits1:17.45
2020-05-22 01:43:56,780 INFO Improved and model saved
2020-05-22 01:45:28,556 INFO [91.8] Epoch 60: loss = 22.6775
2020-05-22 01:46:59,106 INFO [90.5] Epoch 61: loss = 22.4982
2020-05-22 01:48:29,074 INFO [90.0] Epoch 62: loss = 22.4522
2020-05-22 01:49:59,037 INFO [90.0] Epoch 63: loss = 22.3835
2020-05-22 01:51:28,904 INFO [89.9] Epoch 64: loss = 22.4183
2020-05-22 01:52:58,890 INFO [90.0] Epoch 65: loss = 22.3911
2020-05-22 01:54:28,801 INFO [89.9] Epoch 66: loss = 22.2932
2020-05-22 01:55:59,596 INFO [90.8] Epoch 67: loss = 22.1428
2020-05-22 01:57:29,971 INFO [90.4] Epoch 68: loss = 22.1281
2020-05-22 01:58:59,710 INFO [89.7] Epoch 69: loss = 22.1630
2020-05-22 01:58:59,710 INFO Start Evaling...
2020-05-22 02:01:30,581 INFO Head: mr:381.9 mrr:17.25 hits10:32.43 hits3:18.79 hits1:9.81
2020-05-22 02:01:30,581 INFO Tail: mr:170.3 mrr:36.66 hits10:57.10 hits3:40.74 hits1:26.64
2020-05-22 02:01:30,581 INFO All: mr:276.1 mrr:26.96 hits10:44.76 hits3:29.76 hits1:18.23
2020-05-22 02:01:30,594 INFO Start Evaling...
2020-05-22 02:04:24,021 INFO Head: mr:388.1 mrr:16.95 hits10:31.97 hits3:18.55 hits1:9.50
2020-05-22 02:04:24,021 INFO Tail: mr:174.2 mrr:35.70 hits10:56.52 hits3:39.58 hits1:25.58
2020-05-22 02:04:24,021 INFO All: mr:281.2 mrr:26.32 hits10:44.25 hits3:29.07 hits1:17.54
2020-05-22 02:04:24,036 INFO Improved and model saved
2020-05-22 02:05:55,029 INFO [91.0] Epoch 70: loss = 22.0480
2020-05-22 02:07:26,464 INFO [91.4] Epoch 71: loss = 22.0090
2020-05-22 02:08:57,680 INFO [91.2] Epoch 72: loss = 22.0018
2020-05-22 02:10:28,058 INFO [90.4] Epoch 73: loss = 21.9703
2020-05-22 02:11:58,665 INFO [90.6] Epoch 74: loss = 21.7665
2020-05-22 02:13:30,029 INFO [91.4] Epoch 75: loss = 21.9069
2020-05-22 02:15:01,294 INFO [91.3] Epoch 76: loss = 21.7627
2020-05-22 02:16:31,964 INFO [90.7] Epoch 77: loss = 21.7171
2020-05-22 02:18:02,219 INFO [90.3] Epoch 78: loss = 21.7748
2020-05-22 02:19:32,569 INFO [90.3] Epoch 79: loss = 21.7177
2020-05-22 02:19:32,570 INFO Start Evaling...
2020-05-22 02:22:03,354 INFO Head: mr:376.7 mrr:17.49 hits10:33.10 hits3:18.91 hits1:9.95
2020-05-22 02:22:03,354 INFO Tail: mr:166.0 mrr:36.44 hits10:57.29 hits3:40.55 hits1:26.22
2020-05-22 02:22:03,354 INFO All: mr:271.3 mrr:26.97 hits10:45.19 hits3:29.73 hits1:18.08
2020-05-22 02:22:03,368 INFO Start Evaling...
2020-05-22 02:24:54,371 INFO Head: mr:385.2 mrr:17.08 hits10:32.65 hits3:18.65 hits1:9.51
2020-05-22 02:24:54,371 INFO Tail: mr:171.2 mrr:35.84 hits10:56.80 hits3:40.38 hits1:25.46
2020-05-22 02:24:54,372 INFO All: mr:278.2 mrr:26.46 hits10:44.73 hits3:29.51 hits1:17.49
2020-05-22 02:24:54,386 INFO Improved and model saved
2020-05-22 02:26:25,464 INFO [91.1] Epoch 80: loss = 21.6217
2020-05-22 02:27:55,207 INFO [89.7] Epoch 81: loss = 21.5468
2020-05-22 02:29:24,878 INFO [89.7] Epoch 82: loss = 21.6158
2020-05-22 02:30:54,415 INFO [89.5] Epoch 83: loss = 21.5864
2020-05-22 02:32:24,685 INFO [90.3] Epoch 84: loss = 21.5523
2020-05-22 02:33:54,283 INFO [89.6] Epoch 85: loss = 21.3803
2020-05-22 02:35:24,048 INFO [89.8] Epoch 86: loss = 21.4990
2020-05-22 02:36:53,573 INFO [89.5] Epoch 87: loss = 21.4312
2020-05-22 02:38:22,942 INFO [89.4] Epoch 88: loss = 21.3151
2020-05-22 02:39:52,530 INFO [89.6] Epoch 89: loss = 21.3543
2020-05-22 02:39:52,530 INFO Start Evaling...
2020-05-22 02:42:22,944 INFO Head: mr:375.0 mrr:17.86 hits10:33.05 hits3:19.75 hits1:10.25
2020-05-22 02:42:22,945 INFO Tail: mr:163.1 mrr:36.24 hits10:57.27 hits3:40.33 hits1:25.92
2020-05-22 02:42:22,945 INFO All: mr:269.0 mrr:27.05 hits10:45.16 hits3:30.04 hits1:18.08
2020-05-22 02:42:22,957 INFO Start Evaling...
2020-05-22 02:45:16,122 INFO Head: mr:383.6 mrr:17.50 hits10:32.83 hits3:19.07 hits1:10.02
2020-05-22 02:45:16,122 INFO Tail: mr:167.3 mrr:35.38 hits10:56.91 hits3:39.57 hits1:25.00
2020-05-22 02:45:16,122 INFO All: mr:275.4 mrr:26.44 hits10:44.87 hits3:29.32 hits1:17.51
2020-05-22 02:45:16,135 INFO Improved and model saved
2020-05-22 02:46:46,802 INFO [90.7] Epoch 90: loss = 21.2753
2020-05-22 02:48:17,307 INFO [90.5] Epoch 91: loss = 21.2288
2020-05-22 02:49:46,906 INFO [89.6] Epoch 92: loss = 21.2025
2020-05-22 02:51:16,522 INFO [89.6] Epoch 93: loss = 21.2347
2020-05-22 02:52:46,265 INFO [89.7] Epoch 94: loss = 21.1523
2020-05-22 02:54:16,659 INFO [90.4] Epoch 95: loss = 21.1308
2020-05-22 02:55:46,018 INFO [89.4] Epoch 96: loss = 21.1275
2020-05-22 02:57:15,469 INFO [89.5] Epoch 97: loss = 21.0752
2020-05-22 02:58:44,697 INFO [89.2] Epoch 98: loss = 21.1201
2020-05-22 03:00:14,062 INFO [89.4] Epoch 99: loss = 21.0399
2020-05-22 03:00:14,062 INFO Start Evaling...
2020-05-22 03:02:44,774 INFO Head: mr:375.6 mrr:17.81 hits10:33.72 hits3:19.50 hits1:10.15
2020-05-22 03:02:44,774 INFO Tail: mr:163.8 mrr:36.28 hits10:57.66 hits3:41.04 hits1:25.50
2020-05-22 03:02:44,774 INFO All: mr:269.7 mrr:27.05 hits10:45.69 hits3:30.27 hits1:17.83
2020-05-22 03:02:44,787 INFO Start Evaling...
2020-05-22 03:05:37,750 INFO Head: mr:380.9 mrr:17.27 hits10:33.14 hits3:18.95 hits1:9.52
2020-05-22 03:05:37,750 INFO Tail: mr:164.8 mrr:35.35 hits10:56.91 hits3:40.19 hits1:24.54
2020-05-22 03:05:37,750 INFO All: mr:272.9 mrr:26.31 hits10:45.03 hits3:29.57 hits1:17.03
2020-05-22 03:05:37,764 INFO Declined in recent 1 epochs
2020-05-22 03:07:09,047 INFO [91.3] Epoch 100: loss = 21.0459
2020-05-22 03:08:38,996 INFO [89.9] Epoch 101: loss = 20.9570
2020-05-22 03:10:09,487 INFO [90.5] Epoch 102: loss = 20.9809
2020-05-22 03:11:39,741 INFO [90.3] Epoch 103: loss = 20.9729
2020-05-22 03:13:09,828 INFO [90.1] Epoch 104: loss = 20.9264
2020-05-22 03:14:40,683 INFO [90.9] Epoch 105: loss = 21.0275
2020-05-22 03:16:12,147 INFO [91.5] Epoch 106: loss = 20.9689
2020-05-22 03:17:42,172 INFO [90.0] Epoch 107: loss = 20.8879
2020-05-22 03:19:12,523 INFO [90.4] Epoch 108: loss = 20.8696
2020-05-22 03:20:42,676 INFO [90.2] Epoch 109: loss = 20.8095
2020-05-22 03:20:42,676 INFO Start Evaling...
2020-05-22 03:23:13,398 INFO Head: mr:364.9 mrr:18.08 hits10:33.70 hits3:19.65 hits1:10.51
2020-05-22 03:23:13,399 INFO Tail: mr:162.9 mrr:36.53 hits10:57.96 hits3:41.23 hits1:25.96
2020-05-22 03:23:13,399 INFO All: mr:263.9 mrr:27.30 hits10:45.83 hits3:30.44 hits1:18.23
2020-05-22 03:23:13,411 INFO Start Evaling...
2020-05-22 03:26:06,516 INFO Head: mr:371.7 mrr:17.48 hits10:33.51 hits3:19.07 hits1:9.75
2020-05-22 03:26:06,516 INFO Tail: mr:166.5 mrr:35.87 hits10:57.37 hits3:40.66 hits1:25.15
2020-05-22 03:26:06,516 INFO All: mr:269.1 mrr:26.68 hits10:45.44 hits3:29.87 hits1:17.45
2020-05-22 03:26:06,530 INFO Improved and model saved
2020-05-22 03:27:37,968 INFO [91.4] Epoch 110: loss = 20.9103
2020-05-22 03:29:08,887 INFO [90.9] Epoch 111: loss = 20.8789
2020-05-22 03:30:39,172 INFO [90.3] Epoch 112: loss = 20.8435
2020-05-22 03:32:10,162 INFO [91.0] Epoch 113: loss = 20.7572
2020-05-22 03:33:41,374 INFO [91.2] Epoch 114: loss = 20.9491
2020-05-22 03:35:12,060 INFO [90.7] Epoch 115: loss = 20.8469
2020-05-22 03:36:42,581 INFO [90.5] Epoch 116: loss = 20.7739
2020-05-22 03:38:13,266 INFO [90.7] Epoch 117: loss = 20.8276
2020-05-22 03:39:44,056 INFO [90.8] Epoch 118: loss = 20.6056
2020-05-22 03:41:14,725 INFO [90.7] Epoch 119: loss = 20.6347
2020-05-22 03:41:14,726 INFO Start Evaling...
2020-05-22 03:43:44,396 INFO Head: mr:358.2 mrr:17.82 hits10:34.02 hits3:19.57 hits1:9.94
2020-05-22 03:43:44,397 INFO Tail: mr:161.1 mrr:36.61 hits10:58.09 hits3:41.06 hits1:26.02
2020-05-22 03:43:44,397 INFO All: mr:259.7 mrr:27.21 hits10:46.05 hits3:30.31 hits1:17.98
2020-05-22 03:43:44,410 INFO Start Evaling...
2020-05-22 03:46:35,779 INFO Head: mr:366.2 mrr:17.38 hits10:33.57 hits3:18.99 hits1:9.58
2020-05-22 03:46:35,779 INFO Tail: mr:164.4 mrr:35.79 hits10:57.31 hits3:40.21 hits1:25.20
2020-05-22 03:46:35,779 INFO All: mr:265.3 mrr:26.58 hits10:45.44 hits3:29.60 hits1:17.39
2020-05-22 03:46:35,793 INFO Declined in recent 1 epochs
2020-05-22 03:48:06,709 INFO [90.9] Epoch 120: loss = 20.7543
2020-05-22 03:49:36,894 INFO [90.2] Epoch 121: loss = 20.7511
2020-05-22 03:51:06,384 INFO [89.5] Epoch 122: loss = 20.7060
2020-05-22 03:52:36,081 INFO [89.7] Epoch 123: loss = 20.5764
2020-05-22 03:54:05,682 INFO [89.6] Epoch 124: loss = 20.6036
2020-05-22 03:55:35,897 INFO [90.2] Epoch 125: loss = 20.6706
2020-05-22 03:57:05,558 INFO [89.7] Epoch 126: loss = 20.5832
2020-05-22 03:58:35,231 INFO [89.7] Epoch 127: loss = 20.6482
2020-05-22 04:00:04,631 INFO [89.4] Epoch 128: loss = 20.6139
2020-05-22 04:01:34,427 INFO [89.8] Epoch 129: loss = 20.6229
2020-05-22 04:01:34,428 INFO Start Evaling...
2020-05-22 04:04:03,544 INFO Head: mr:358.5 mrr:18.08 hits10:34.03 hits3:19.87 hits1:10.26
2020-05-22 04:04:03,544 INFO Tail: mr:160.9 mrr:36.39 hits10:58.07 hits3:41.47 hits1:25.41
2020-05-22 04:04:03,544 INFO All: mr:259.7 mrr:27.24 hits10:46.05 hits3:30.67 hits1:17.83
2020-05-22 04:04:03,557 INFO Start Evaling...
2020-05-22 04:06:54,851 INFO Head: mr:367.5 mrr:17.67 hits10:33.32 hits3:19.19 hits1:10.01
2020-05-22 04:06:54,851 INFO Tail: mr:165.6 mrr:35.72 hits10:57.36 hits3:40.45 hits1:24.87
2020-05-22 04:06:54,851 INFO All: mr:266.5 mrr:26.70 hits10:45.34 hits3:29.82 hits1:17.44
2020-05-22 04:06:54,866 INFO Declined in recent 2 epochs
2020-05-22 04:08:25,744 INFO [90.9] Epoch 130: loss = 20.5945
2020-05-22 04:09:56,166 INFO [90.4] Epoch 131: loss = 20.6063
2020-05-22 04:11:26,323 INFO [90.2] Epoch 132: loss = 20.5464
2020-05-22 04:12:56,731 INFO [90.4] Epoch 133: loss = 20.5440
2020-05-22 04:14:27,672 INFO [90.9] Epoch 134: loss = 20.4604
2020-05-22 04:15:58,000 INFO [90.3] Epoch 135: loss = 20.5171
2020-05-22 04:17:28,369 INFO [90.4] Epoch 136: loss = 20.4493
2020-05-22 04:18:58,515 INFO [90.1] Epoch 137: loss = 20.4983
2020-05-22 04:20:28,736 INFO [90.2] Epoch 138: loss = 20.4759
2020-05-22 04:21:59,186 INFO [90.4] Epoch 139: loss = 20.4721
2020-05-22 04:21:59,186 INFO Start Evaling...
2020-05-22 04:24:29,776 INFO Head: mr:358.4 mrr:18.09 hits10:33.93 hits3:19.74 hits1:10.40
2020-05-22 04:24:29,776 INFO Tail: mr:162.0 mrr:36.97 hits10:58.07 hits3:41.45 hits1:26.62
2020-05-22 04:24:29,776 INFO All: mr:260.2 mrr:27.53 hits10:46.00 hits3:30.60 hits1:18.51
2020-05-22 04:24:29,789 INFO Start Evaling...
2020-05-22 04:27:22,668 INFO Head: mr:368.2 mrr:17.48 hits10:33.73 hits3:18.98 hits1:9.71
2020-05-22 04:27:22,668 INFO Tail: mr:165.8 mrr:36.22 hits10:57.41 hits3:40.75 hits1:25.74
2020-05-22 04:27:22,668 INFO All: mr:267.0 mrr:26.85 hits10:45.57 hits3:29.86 hits1:17.72
2020-05-22 04:27:22,683 INFO Improved and model saved
2020-05-22 04:28:55,167 INFO [92.5] Epoch 140: loss = 20.3939
2020-05-22 04:30:26,128 INFO [91.0] Epoch 141: loss = 20.3978
2020-05-22 04:31:57,314 INFO [91.2] Epoch 142: loss = 20.4250
2020-05-22 04:33:28,466 INFO [91.2] Epoch 143: loss = 20.4732
2020-05-22 04:34:59,376 INFO [90.9] Epoch 144: loss = 20.4436
2020-05-22 04:36:30,111 INFO [90.7] Epoch 145: loss = 20.3646
2020-05-22 04:38:01,238 INFO [91.1] Epoch 146: loss = 20.4427
2020-05-22 04:39:33,449 INFO [92.2] Epoch 147: loss = 20.5430
2020-05-22 04:41:05,433 INFO [92.0] Epoch 148: loss = 20.3406
2020-05-22 04:42:36,558 INFO [91.1] Epoch 149: loss = 20.3632
2020-05-22 04:42:36,558 INFO Start Evaling...
2020-05-22 04:45:05,674 INFO Head: mr:358.2 mrr:18.08 hits10:34.31 hits3:19.79 hits1:10.22
2020-05-22 04:45:05,674 INFO Tail: mr:162.8 mrr:36.59 hits10:58.25 hits3:41.39 hits1:25.86
2020-05-22 04:45:05,674 INFO All: mr:260.5 mrr:27.34 hits10:46.28 hits3:30.59 hits1:18.04
2020-05-22 04:45:05,688 INFO Start Evaling...
2020-05-22 04:47:56,847 INFO Head: mr:365.6 mrr:17.46 hits10:33.72 hits3:19.07 hits1:9.59
2020-05-22 04:47:56,847 INFO Tail: mr:164.5 mrr:35.87 hits10:57.32 hits3:40.72 hits1:25.09
2020-05-22 04:47:56,847 INFO All: mr:265.0 mrr:26.66 hits10:45.52 hits3:29.89 hits1:17.34
2020-05-22 04:47:56,862 INFO Declined in recent 1 epochs
2020-05-22 04:49:27,043 INFO [90.2] Epoch 150: loss = 20.3404
2020-05-22 04:50:58,306 INFO [91.3] Epoch 151: loss = 20.3846
2020-05-22 04:52:29,944 INFO [91.6] Epoch 152: loss = 20.3801
2020-05-22 04:54:00,296 INFO [90.4] Epoch 153: loss = 20.2395
2020-05-22 04:55:30,392 INFO [90.1] Epoch 154: loss = 20.3497
