2020-05-19 20:23:44,052 INFO EPOCH: 1000
2020-05-19 20:23:44,053 INFO EVERY: 10
2020-05-19 20:23:44,053 INFO LR: 0.001
2020-05-19 20:23:44,053 INFO DIM: 100
2020-05-19 20:23:44,053 INFO BATCH_SIZE: 256
2020-05-19 20:23:44,053 INFO BATCH_SIZE2: 256
2020-05-19 20:23:44,053 INFO P: 1
2020-05-19 20:23:44,053 INFO CLIPPING_MAX_VALUE: 4.0
2020-05-19 20:23:44,053 INFO OPTIM: Adam
2020-05-19 20:23:44,053 INFO N_SAMPLE: 100
2020-05-19 20:23:44,053 INFO MODE: grap
2020-05-19 20:23:44,053 INFO RATE: 0.01
2020-05-19 20:23:44,053 INFO GAMMA: 12.0
2020-05-19 20:23:44,054 INFO BERN: True
2020-05-19 20:23:44,054 INFO MARGIN: 4.0
2020-05-19 20:23:44,054 INFO REG: 1.0
2020-05-19 20:23:44,054 INFO LABEL_SMOOTH_EPS: 0.1
2020-05-19 20:23:44,054 INFO INPUT_DROP: 0.2
2020-05-19 20:23:44,054 INFO FEAT_DROP: 0.2
2020-05-19 20:23:44,054 INFO HIDD_DROP: 0.3
2020-05-19 20:23:44,054 INFO CHANNELS: 50
2020-05-19 20:23:44,054 INFO KERNEL_SIZE: 3
2020-05-19 20:23:44,054 INFO N_POOL: 100
2020-05-19 20:23:44,054 INFO MODEL_D: TransH
2020-05-19 20:23:44,055 INFO MODEL_G: DistMult
2020-05-19 20:23:44,055 INFO SCRATCH: False
2020-05-19 20:23:44,055 INFO D_FILE: None
2020-05-19 20:23:44,055 INFO G_FILE: None
2020-05-19 20:23:44,055 INFO PATH: data
2020-05-19 20:23:44,055 INFO DATA: FB15K237
2020-05-19 20:23:44,055 INFO EXP_PATH: experiment/FB15K237
2020-05-19 20:23:44,055 INFO MODEL: DistMult
2020-05-19 20:23:44,055 INFO V: 10.01
2020-05-19 20:23:44,055 INFO F: True
2020-05-19 20:23:44,055 INFO EVAL: False
2020-05-19 20:23:44,055 INFO TRAINED: False
2020-05-19 20:23:44,056 INFO PRETRAINED_NAME: None
2020-05-19 20:23:44,056 INFO EXP_NAME: DistMult-FB15K237-grap-10.01
2020-05-19 20:23:44,056 INFO --------------------------------------
2020-05-19 20:24:09,042 INFO Dataload done
2020-05-19 20:24:09,042 INFO --------------------------------------
2020-05-19 20:24:09,043 INFO N_ENTITY: 14541
2020-05-19 20:24:09,043 INFO N_RELATION: 237
2020-05-19 20:24:09,043 INFO --------------------------------------
2020-05-19 20:24:12,470 INFO Start Training...
2020-05-19 20:26:30,991 INFO [138.5] Epoch 0: loss = 332.2504
2020-05-19 20:28:53,607 INFO [142.6] Epoch 1: loss = 251.9226
2020-05-19 20:31:15,029 INFO [141.4] Epoch 2: loss = 218.8023
2020-05-19 20:33:34,914 INFO [139.9] Epoch 3: loss = 202.7339
2020-05-19 20:35:54,963 INFO [140.0] Epoch 4: loss = 193.8015
2020-05-19 20:38:16,321 INFO [141.4] Epoch 5: loss = 187.8120
2020-05-19 20:40:36,467 INFO [140.1] Epoch 6: loss = 183.9631
2020-05-19 20:42:58,305 INFO [141.8] Epoch 7: loss = 181.1065
2020-05-19 20:45:19,518 INFO [141.2] Epoch 8: loss = 178.9764
2020-05-19 20:47:41,596 INFO [142.1] Epoch 9: loss = 176.9113
2020-05-19 20:47:41,596 INFO Start Evaling...
2020-05-19 20:50:13,916 INFO Head: mr:364.5 mrr:17.53 hits:31.80
2020-05-19 20:50:13,917 INFO Tail: mr:179.3 mrr:37.74 hits:56.58
2020-05-19 20:50:13,917 INFO All: mr:271.9 mrr:27.64 hits:44.19
2020-05-19 20:50:13,928 INFO Start Evaling...
2020-05-19 20:53:08,283 INFO Head: mr:373.4 mrr:17.62 hits:31.50
2020-05-19 20:53:08,283 INFO Tail: mr:199.1 mrr:37.25 hits:55.91
2020-05-19 20:53:08,283 INFO All: mr:286.2 mrr:27.44 hits:43.70
2020-05-19 20:53:08,296 INFO Improved and model saved
2020-05-19 20:55:29,771 INFO [141.5] Epoch 10: loss = 174.9761
2020-05-19 20:57:51,701 INFO [141.9] Epoch 11: loss = 173.8721
2020-05-19 21:00:12,547 INFO [140.8] Epoch 12: loss = 172.8349
2020-05-19 21:02:32,745 INFO [140.2] Epoch 13: loss = 172.1198
2020-05-19 21:04:53,100 INFO [140.4] Epoch 14: loss = 170.9637
2020-05-19 21:07:13,521 INFO [140.4] Epoch 15: loss = 170.1876
2020-05-19 21:09:33,520 INFO [140.0] Epoch 16: loss = 169.4247
2020-05-19 21:11:55,268 INFO [141.7] Epoch 17: loss = 168.8666
2020-05-19 21:14:15,355 INFO [140.1] Epoch 18: loss = 168.3331
2020-05-19 21:16:35,778 INFO [140.4] Epoch 19: loss = 167.7405
2020-05-19 21:16:35,779 INFO Start Evaling...
2020-05-19 21:19:06,120 INFO Head: mr:313.6 mrr:19.29 hits:34.45
2020-05-19 21:19:06,121 INFO Tail: mr:155.2 mrr:39.20 hits:58.07
2020-05-19 21:19:06,121 INFO All: mr:234.4 mrr:29.24 hits:46.26
2020-05-19 21:19:06,133 INFO Start Evaling...
2020-05-19 21:21:58,064 INFO Head: mr:330.2 mrr:19.08 hits:34.29
2020-05-19 21:21:58,064 INFO Tail: mr:170.1 mrr:38.42 hits:58.00
2020-05-19 21:21:58,064 INFO All: mr:250.2 mrr:28.75 hits:46.14
2020-05-19 21:21:58,077 INFO Improved and model saved
2020-05-19 21:24:18,931 INFO [140.8] Epoch 20: loss = 167.1106
2020-05-19 21:26:41,087 INFO [142.2] Epoch 21: loss = 166.8720
2020-05-19 21:29:01,115 INFO [140.0] Epoch 22: loss = 166.4931
2020-05-19 21:31:23,850 INFO [142.7] Epoch 23: loss = 166.1269
2020-05-19 21:33:46,303 INFO [142.5] Epoch 24: loss = 165.5832
2020-05-19 21:36:08,021 INFO [141.7] Epoch 25: loss = 164.8419
2020-05-19 21:38:28,821 INFO [140.8] Epoch 26: loss = 164.6711
2020-05-19 21:40:49,526 INFO [140.7] Epoch 27: loss = 164.6413
2020-05-19 21:43:09,908 INFO [140.4] Epoch 28: loss = 164.2470
2020-05-19 21:45:31,590 INFO [141.7] Epoch 29: loss = 163.8636
2020-05-19 21:45:31,590 INFO Start Evaling...
2020-05-19 21:48:03,425 INFO Head: mr:292.1 mrr:20.11 hits:35.87
2020-05-19 21:48:03,426 INFO Tail: mr:144.6 mrr:40.19 hits:59.16
2020-05-19 21:48:03,426 INFO All: mr:218.4 mrr:30.15 hits:47.51
2020-05-19 21:48:03,439 INFO Start Evaling...
2020-05-19 21:50:55,975 INFO Head: mr:311.5 mrr:19.74 hits:35.60
2020-05-19 21:50:55,975 INFO Tail: mr:162.8 mrr:39.45 hits:58.69
2020-05-19 21:50:55,975 INFO All: mr:237.1 mrr:29.59 hits:47.14
2020-05-19 21:50:55,989 INFO Improved and model saved
2020-05-19 21:53:16,887 INFO [140.9] Epoch 30: loss = 163.5885
2020-05-19 21:55:38,677 INFO [141.8] Epoch 31: loss = 163.6226
2020-05-19 21:58:00,616 INFO [141.9] Epoch 32: loss = 163.2973
2020-05-19 22:00:22,500 INFO [141.9] Epoch 33: loss = 162.9276
2020-05-19 22:02:43,876 INFO [141.4] Epoch 34: loss = 162.7672
2020-05-19 22:05:04,448 INFO [140.6] Epoch 35: loss = 162.4927
2020-05-19 22:07:25,974 INFO [141.5] Epoch 36: loss = 162.4003
2020-05-19 22:09:47,916 INFO [141.9] Epoch 37: loss = 162.5154
2020-05-19 22:12:07,996 INFO [140.1] Epoch 38: loss = 161.8411
2020-05-19 22:14:29,267 INFO [141.3] Epoch 39: loss = 161.5346
2020-05-19 22:14:29,267 INFO Start Evaling...
2020-05-19 22:17:01,380 INFO Head: mr:284.5 mrr:20.14 hits:36.34
2020-05-19 22:17:01,380 INFO Tail: mr:141.9 mrr:40.32 hits:59.89
2020-05-19 22:17:01,380 INFO All: mr:213.2 mrr:30.23 hits:48.12
2020-05-19 22:17:01,393 INFO Start Evaling...
2020-05-19 22:19:56,293 INFO Head: mr:299.5 mrr:19.84 hits:36.20
2020-05-19 22:19:56,293 INFO Tail: mr:156.0 mrr:39.63 hits:59.31
2020-05-19 22:19:56,293 INFO All: mr:227.7 mrr:29.73 hits:47.75
2020-05-19 22:19:56,308 INFO Improved and model saved
2020-05-19 22:22:17,815 INFO [141.5] Epoch 40: loss = 161.5650
2020-05-19 22:24:38,473 INFO [140.7] Epoch 41: loss = 161.2830
2020-05-19 22:26:58,905 INFO [140.4] Epoch 42: loss = 161.2547
2020-05-19 22:29:19,286 INFO [140.4] Epoch 43: loss = 160.9447
2020-05-19 22:31:40,239 INFO [141.0] Epoch 44: loss = 160.8810
2020-05-19 22:34:02,298 INFO [142.1] Epoch 45: loss = 160.7448
2020-05-19 22:36:23,407 INFO [141.1] Epoch 46: loss = 160.4487
2020-05-19 22:38:44,565 INFO [141.2] Epoch 47: loss = 160.3370
2020-05-19 22:41:04,526 INFO [140.0] Epoch 48: loss = 160.4930
2020-05-19 22:43:23,955 INFO [139.4] Epoch 49: loss = 159.8402
2020-05-19 22:43:23,955 INFO Start Evaling...
2020-05-19 22:45:56,111 INFO Head: mr:281.7 mrr:20.95 hits:37.28
2020-05-19 22:45:56,111 INFO Tail: mr:136.9 mrr:40.53 hits:60.51
2020-05-19 22:45:56,112 INFO All: mr:209.3 mrr:30.74 hits:48.89
2020-05-19 22:45:56,123 INFO Start Evaling...
2020-05-19 22:48:49,958 INFO Head: mr:295.6 mrr:20.34 hits:36.98
2020-05-19 22:48:49,958 INFO Tail: mr:154.2 mrr:39.80 hits:59.54
2020-05-19 22:48:49,959 INFO All: mr:224.9 mrr:30.07 hits:48.26
2020-05-19 22:48:49,971 INFO Improved and model saved
2020-05-19 22:51:11,391 INFO [141.4] Epoch 50: loss = 159.9119
2020-05-19 22:53:31,353 INFO [140.0] Epoch 51: loss = 159.6832
2020-05-19 22:55:51,301 INFO [139.9] Epoch 52: loss = 159.7009
2020-05-19 22:58:12,561 INFO [141.3] Epoch 53: loss = 159.7657
2020-05-19 23:00:35,402 INFO [142.8] Epoch 54: loss = 159.4396
2020-05-19 23:02:56,086 INFO [140.7] Epoch 55: loss = 159.5503
2020-05-19 23:05:16,255 INFO [140.2] Epoch 56: loss = 159.0586
2020-05-19 23:07:36,849 INFO [140.6] Epoch 57: loss = 159.2646
2020-05-19 23:09:58,063 INFO [141.2] Epoch 58: loss = 159.1308
2020-05-19 23:12:18,667 INFO [140.6] Epoch 59: loss = 158.9894
2020-05-19 23:12:18,667 INFO Start Evaling...
2020-05-19 23:14:50,306 INFO Head: mr:278.1 mrr:21.23 hits:37.48
2020-05-19 23:14:50,306 INFO Tail: mr:133.6 mrr:41.07 hits:60.54
2020-05-19 23:14:50,306 INFO All: mr:205.8 mrr:31.15 hits:49.01
2020-05-19 23:14:50,319 INFO Start Evaling...
2020-05-19 23:17:44,913 INFO Head: mr:295.3 mrr:20.73 hits:37.21
2020-05-19 23:17:44,913 INFO Tail: mr:149.9 mrr:40.42 hits:59.90
2020-05-19 23:17:44,913 INFO All: mr:222.6 mrr:30.57 hits:48.56
2020-05-19 23:17:44,927 INFO Improved and model saved
2020-05-19 23:20:06,371 INFO [141.4] Epoch 60: loss = 158.8475
2020-05-19 23:22:27,355 INFO [141.0] Epoch 61: loss = 158.7403
2020-05-19 23:24:47,507 INFO [140.2] Epoch 62: loss = 158.6702
2020-05-19 23:27:10,662 INFO [143.2] Epoch 63: loss = 158.9239
2020-05-19 23:29:32,751 INFO [142.1] Epoch 64: loss = 158.5506
2020-05-19 23:31:54,371 INFO [141.6] Epoch 65: loss = 158.3120
2020-05-19 23:34:15,550 INFO [141.2] Epoch 66: loss = 158.3971
2020-05-19 23:36:36,272 INFO [140.7] Epoch 67: loss = 158.0348
2020-05-19 23:38:57,685 INFO [141.4] Epoch 68: loss = 157.9301
2020-05-19 23:41:17,953 INFO [140.3] Epoch 69: loss = 157.9969
2020-05-19 23:41:17,953 INFO Start Evaling...
2020-05-19 23:43:49,730 INFO Head: mr:274.2 mrr:21.61 hits:37.96
2020-05-19 23:43:49,730 INFO Tail: mr:135.1 mrr:41.15 hits:60.72
2020-05-19 23:43:49,730 INFO All: mr:204.7 mrr:31.38 hits:49.34
2020-05-19 23:43:49,743 INFO Start Evaling...
2020-05-19 23:46:44,214 INFO Head: mr:291.3 mrr:21.06 hits:37.64
2020-05-19 23:46:44,215 INFO Tail: mr:151.9 mrr:40.21 hits:59.96
2020-05-19 23:46:44,215 INFO All: mr:221.6 mrr:30.63 hits:48.80
2020-05-19 23:46:44,229 INFO Improved and model saved
2020-05-19 23:49:04,552 INFO [140.1] Epoch 70: loss = 158.0697
2020-05-19 23:51:26,668 INFO [142.1] Epoch 71: loss = 158.0714
2020-05-19 23:53:48,290 INFO [141.6] Epoch 72: loss = 157.7878
2020-05-19 23:56:10,020 INFO [141.7] Epoch 73: loss = 157.6439
2020-05-19 23:58:31,393 INFO [141.4] Epoch 74: loss = 157.9534
2020-05-20 00:00:51,917 INFO [140.5] Epoch 75: loss = 157.7173
2020-05-20 00:03:12,532 INFO [140.6] Epoch 76: loss = 157.3432
2020-05-20 00:05:33,024 INFO [140.5] Epoch 77: loss = 157.2558
2020-05-20 00:07:53,542 INFO [140.5] Epoch 78: loss = 157.3337
2020-05-20 00:10:15,064 INFO [141.5] Epoch 79: loss = 157.4134
2020-05-20 00:10:15,065 INFO Start Evaling...
2020-05-20 00:12:47,055 INFO Head: mr:272.6 mrr:21.47 hits:37.87
2020-05-20 00:12:47,055 INFO Tail: mr:134.1 mrr:40.93 hits:60.60
2020-05-20 00:12:47,055 INFO All: mr:203.4 mrr:31.20 hits:49.24
2020-05-20 00:12:47,068 INFO Start Evaling...
2020-05-20 00:15:41,708 INFO Head: mr:287.1 mrr:21.00 hits:37.78
2020-05-20 00:15:41,708 INFO Tail: mr:149.9 mrr:39.99 hits:59.96
2020-05-20 00:15:41,709 INFO All: mr:218.5 mrr:30.49 hits:48.87
2020-05-20 00:15:41,723 INFO Declined in recent 1 epochs
