2020-05-21 05:42:24,768 INFO EPOCH: 1000
2020-05-21 05:42:24,768 INFO EVERY: 10
2020-05-21 05:42:24,768 INFO LR: 0.001
2020-05-21 05:42:24,769 INFO DIM: 100
2020-05-21 05:42:24,769 INFO BATCH_SIZE: 256
2020-05-21 05:42:24,769 INFO BATCH_SIZE2: 256
2020-05-21 05:42:24,769 INFO P: 1
2020-05-21 05:42:24,769 INFO CLIPPING_MAX_VALUE: 4.0
2020-05-21 05:42:24,769 INFO OPTIM: Adam
2020-05-21 05:42:24,769 INFO N_SAMPLE: 12
2020-05-21 05:42:24,769 INFO MODE: grap
2020-05-21 05:42:24,769 INFO RATE: 0.01
2020-05-21 05:42:24,769 INFO GAMMA: 12.0
2020-05-21 05:42:24,769 INFO BERN: True
2020-05-21 05:42:24,769 INFO MARGIN: 4.0
2020-05-21 05:42:24,770 INFO REG: 1.0
2020-05-21 05:42:24,770 INFO LABEL_SMOOTH_EPS: 0.1
2020-05-21 05:42:24,770 INFO INPUT_DROP: 0.2
2020-05-21 05:42:24,770 INFO FEAT_DROP: 0.2
2020-05-21 05:42:24,770 INFO HIDD_DROP: 0.3
2020-05-21 05:42:24,770 INFO CHANNELS: 50
2020-05-21 05:42:24,770 INFO KERNEL_SIZE: 3
2020-05-21 05:42:24,770 INFO N_POOL: 100
2020-05-21 05:42:24,770 INFO MODEL_D: TransH
2020-05-21 05:42:24,770 INFO MODEL_G: DistMult
2020-05-21 05:42:24,770 INFO SCRATCH: False
2020-05-21 05:42:24,770 INFO D_FILE: None
2020-05-21 05:42:24,771 INFO G_FILE: None
2020-05-21 05:42:24,771 INFO PATH: data
2020-05-21 05:42:24,771 INFO DATA: FB15K237
2020-05-21 05:42:24,771 INFO EXP_PATH: experiment/FB15K237
2020-05-21 05:42:24,771 INFO MODEL: DistMult
2020-05-21 05:42:24,771 INFO V: 12.01
2020-05-21 05:42:24,771 INFO F: True
2020-05-21 05:42:24,771 INFO ADV: False
2020-05-21 05:42:24,771 INFO EVAL: False
2020-05-21 05:42:24,771 INFO TRAINED: False
2020-05-21 05:42:24,771 INFO PRETRAINED_NAME: None
2020-05-21 05:42:24,772 INFO EXP_NAME: DistMult-FB15K237-grap-12.01
2020-05-21 05:42:24,772 INFO --------------------------------------
2020-05-21 05:42:49,739 INFO Dataload done
2020-05-21 05:42:49,739 INFO --------------------------------------
2020-05-21 05:42:49,739 INFO N_ENTITY: 14541
2020-05-21 05:42:49,739 INFO N_RELATION: 237
2020-05-21 05:42:49,739 INFO --------------------------------------
2020-05-21 05:42:53,204 INFO Start Training...
2020-05-21 05:44:15,300 INFO [82.1] Epoch 0: loss = 337.2008
2020-05-21 05:45:39,805 INFO [84.5] Epoch 1: loss = 213.6187
2020-05-21 05:47:04,033 INFO [84.2] Epoch 2: loss = 123.4219
2020-05-21 05:48:26,585 INFO [82.6] Epoch 3: loss = 89.4720
2020-05-21 05:49:49,170 INFO [82.6] Epoch 4: loss = 72.8961
2020-05-21 05:51:13,025 INFO [83.9] Epoch 5: loss = 63.1312
2020-05-21 05:52:36,470 INFO [83.4] Epoch 6: loss = 56.3815
2020-05-21 05:53:59,696 INFO [83.2] Epoch 7: loss = 51.8195
2020-05-21 05:55:23,896 INFO [84.2] Epoch 8: loss = 48.3674
2020-05-21 05:56:46,606 INFO [82.7] Epoch 9: loss = 45.6048
2020-05-21 05:56:46,606 INFO Start Evaling...
2020-05-21 05:59:16,387 INFO Head: mr:450.4 mrr:14.39 hits10:26.69 hits3:15.29 hits1:8.23
2020-05-21 05:59:16,387 INFO Tail: mr:227.5 mrr:33.97 hits10:51.58 hits3:37.37 hits1:25.22
2020-05-21 05:59:16,388 INFO All: mr:339.0 mrr:24.18 hits10:39.14 hits3:26.33 hits1:16.73
2020-05-21 05:59:16,399 INFO Start Evaling...
2020-05-21 06:02:08,294 INFO Head: mr:468.8 mrr:14.22 hits10:26.50 hits3:15.20 hits1:8.09
2020-05-21 06:02:08,294 INFO Tail: mr:241.4 mrr:33.06 hits10:50.82 hits3:36.43 hits1:24.28
2020-05-21 06:02:08,294 INFO All: mr:355.1 mrr:23.64 hits10:38.66 hits3:25.82 hits1:16.18
2020-05-21 06:02:08,307 INFO Improved and model saved
2020-05-21 06:03:31,079 INFO [82.8] Epoch 10: loss = 43.3540
2020-05-21 06:04:55,295 INFO [84.2] Epoch 11: loss = 41.5404
2020-05-21 06:06:18,205 INFO [82.9] Epoch 12: loss = 39.8659
2020-05-21 06:07:40,852 INFO [82.6] Epoch 13: loss = 38.6686
2020-05-21 06:09:05,550 INFO [84.7] Epoch 14: loss = 37.2990
2020-05-21 06:10:29,905 INFO [84.4] Epoch 15: loss = 36.4998
2020-05-21 06:11:53,923 INFO [84.0] Epoch 16: loss = 35.5548
2020-05-21 06:13:16,914 INFO [83.0] Epoch 17: loss = 34.9000
2020-05-21 06:14:41,761 INFO [84.8] Epoch 18: loss = 34.1231
2020-05-21 06:16:06,006 INFO [84.2] Epoch 19: loss = 33.4485
2020-05-21 06:16:06,006 INFO Start Evaling...
2020-05-21 06:18:37,164 INFO Head: mr:413.0 mrr:14.93 hits10:28.16 hits3:16.06 hits1:8.35
2020-05-21 06:18:37,164 INFO Tail: mr:202.6 mrr:34.59 hits10:53.29 hits3:38.12 hits1:25.38
2020-05-21 06:18:37,164 INFO All: mr:307.8 mrr:24.76 hits10:40.72 hits3:27.09 hits1:16.87
2020-05-21 06:18:37,177 INFO Start Evaling...
2020-05-21 06:21:31,041 INFO Head: mr:436.0 mrr:14.77 hits10:27.84 hits3:15.76 hits1:8.26
2020-05-21 06:21:31,041 INFO Tail: mr:217.1 mrr:33.82 hits10:52.50 hits3:37.47 hits1:24.49
2020-05-21 06:21:31,041 INFO All: mr:326.5 mrr:24.29 hits10:40.17 hits3:26.61 hits1:16.38
2020-05-21 06:21:31,055 INFO Improved and model saved
2020-05-21 06:22:55,288 INFO [84.2] Epoch 20: loss = 32.7066
2020-05-21 06:24:19,584 INFO [84.3] Epoch 21: loss = 32.1473
2020-05-21 06:25:44,173 INFO [84.6] Epoch 22: loss = 31.7896
2020-05-21 06:27:09,635 INFO [85.5] Epoch 23: loss = 31.4083
2020-05-21 06:28:32,731 INFO [83.1] Epoch 24: loss = 31.0374
2020-05-21 06:29:57,094 INFO [84.4] Epoch 25: loss = 30.7332
2020-05-21 06:31:22,350 INFO [85.3] Epoch 26: loss = 30.2342
2020-05-21 06:32:46,759 INFO [84.4] Epoch 27: loss = 29.8379
2020-05-21 06:34:10,620 INFO [83.9] Epoch 28: loss = 29.6415
2020-05-21 06:35:34,962 INFO [84.3] Epoch 29: loss = 29.0977
2020-05-21 06:35:34,962 INFO Start Evaling...
2020-05-21 06:38:06,295 INFO Head: mr:403.6 mrr:15.44 hits10:29.00 hits3:16.45 hits1:8.70
2020-05-21 06:38:06,295 INFO Tail: mr:191.0 mrr:33.97 hits10:54.02 hits3:37.30 hits1:24.39
2020-05-21 06:38:06,296 INFO All: mr:297.3 mrr:24.71 hits10:41.51 hits3:26.87 hits1:16.54
2020-05-21 06:38:06,308 INFO Start Evaling...
2020-05-21 06:41:00,044 INFO Head: mr:427.6 mrr:15.09 hits10:28.72 hits3:16.15 hits1:8.35
2020-05-21 06:41:00,044 INFO Tail: mr:210.3 mrr:33.58 hits10:53.41 hits3:37.14 hits1:23.96
2020-05-21 06:41:00,044 INFO All: mr:318.9 mrr:24.33 hits10:41.07 hits3:26.65 hits1:16.15
2020-05-21 06:41:00,058 INFO Declined in recent 1 epochs
2020-05-21 06:42:24,189 INFO [84.1] Epoch 30: loss = 29.0426
2020-05-21 06:43:48,345 INFO [84.2] Epoch 31: loss = 28.5438
2020-05-21 06:45:11,433 INFO [83.1] Epoch 32: loss = 28.3100
2020-05-21 06:46:34,083 INFO [82.6] Epoch 33: loss = 28.1171
2020-05-21 06:47:59,855 INFO [85.8] Epoch 34: loss = 27.8794
2020-05-21 06:49:23,914 INFO [84.1] Epoch 35: loss = 27.6447
2020-05-21 06:50:47,553 INFO [83.6] Epoch 36: loss = 27.4039
2020-05-21 06:52:12,438 INFO [84.9] Epoch 37: loss = 27.3965
2020-05-21 06:53:36,601 INFO [84.2] Epoch 38: loss = 27.1583
2020-05-21 06:54:59,789 INFO [83.2] Epoch 39: loss = 27.0518
2020-05-21 06:54:59,790 INFO Start Evaling...
2020-05-21 06:57:29,319 INFO Head: mr:395.1 mrr:15.85 hits10:29.88 hits3:16.68 hits1:9.13
2020-05-21 06:57:29,319 INFO Tail: mr:182.8 mrr:34.56 hits10:54.27 hits3:38.27 hits1:24.83
2020-05-21 06:57:29,320 INFO All: mr:288.9 mrr:25.20 hits10:42.08 hits3:27.47 hits1:16.98
2020-05-21 06:57:29,332 INFO Start Evaling...
2020-05-21 07:00:21,421 INFO Head: mr:422.2 mrr:15.81 hits10:30.05 hits3:16.78 hits1:8.98
2020-05-21 07:00:21,421 INFO Tail: mr:205.2 mrr:34.19 hits10:54.04 hits3:37.98 hits1:24.40
2020-05-21 07:00:21,421 INFO All: mr:313.7 mrr:25.00 hits10:42.05 hits3:27.38 hits1:16.69
2020-05-21 07:00:21,435 INFO Improved and model saved
2020-05-21 07:01:44,356 INFO [82.9] Epoch 40: loss = 26.8043
2020-05-21 07:03:07,822 INFO [83.5] Epoch 41: loss = 26.6346
2020-05-21 07:04:32,087 INFO [84.3] Epoch 42: loss = 26.5407
2020-05-21 07:05:54,912 INFO [82.8] Epoch 43: loss = 26.5218
2020-05-21 07:07:19,612 INFO [84.7] Epoch 44: loss = 26.1993
2020-05-21 07:08:45,365 INFO [85.8] Epoch 45: loss = 26.0001
2020-05-21 07:10:08,783 INFO [83.4] Epoch 46: loss = 25.9995
2020-05-21 07:11:31,753 INFO [83.0] Epoch 47: loss = 25.8589
2020-05-21 07:12:55,793 INFO [84.0] Epoch 48: loss = 25.6738
2020-05-21 07:14:21,403 INFO [85.6] Epoch 49: loss = 25.5006
2020-05-21 07:14:21,403 INFO Start Evaling...
2020-05-21 07:16:51,066 INFO Head: mr:396.1 mrr:16.14 hits10:30.32 hits3:17.34 hits1:9.26
2020-05-21 07:16:51,067 INFO Tail: mr:178.0 mrr:34.05 hits10:54.71 hits3:38.12 hits1:23.82
2020-05-21 07:16:51,067 INFO All: mr:287.1 mrr:25.10 hits10:42.51 hits3:27.73 hits1:16.54
2020-05-21 07:16:51,080 INFO Start Evaling...
2020-05-21 07:19:43,197 INFO Head: mr:420.1 mrr:15.99 hits10:30.29 hits3:17.13 hits1:9.08
2020-05-21 07:19:43,198 INFO Tail: mr:197.1 mrr:33.63 hits10:54.37 hits3:37.91 hits1:23.26
2020-05-21 07:19:43,198 INFO All: mr:308.6 mrr:24.81 hits10:42.33 hits3:27.52 hits1:16.17
2020-05-21 07:19:43,212 INFO Declined in recent 1 epochs
2020-05-21 07:21:06,130 INFO [82.9] Epoch 50: loss = 25.4294
2020-05-21 07:22:28,990 INFO [82.9] Epoch 51: loss = 25.3677
2020-05-21 07:23:53,563 INFO [84.6] Epoch 52: loss = 25.2778
2020-05-21 07:25:16,455 INFO [82.9] Epoch 53: loss = 25.2564
2020-05-21 07:26:40,699 INFO [84.2] Epoch 54: loss = 24.9749
2020-05-21 07:28:05,287 INFO [84.6] Epoch 55: loss = 24.9002
2020-05-21 07:29:29,731 INFO [84.4] Epoch 56: loss = 24.7760
2020-05-21 07:30:54,178 INFO [84.4] Epoch 57: loss = 24.7894
2020-05-21 07:32:18,701 INFO [84.5] Epoch 58: loss = 24.6340
2020-05-21 07:33:41,768 INFO [83.1] Epoch 59: loss = 24.6755
2020-05-21 07:33:41,769 INFO Start Evaling...
2020-05-21 07:36:14,431 INFO Head: mr:385.1 mrr:16.21 hits10:30.82 hits3:17.17 hits1:9.16
2020-05-21 07:36:14,431 INFO Tail: mr:173.2 mrr:35.06 hits10:55.34 hits3:39.02 hits1:25.12
2020-05-21 07:36:14,431 INFO All: mr:279.1 mrr:25.64 hits10:43.08 hits3:28.09 hits1:17.14
2020-05-21 07:36:14,445 INFO Start Evaling...
2020-05-21 07:39:08,815 INFO Head: mr:409.1 mrr:16.13 hits10:30.87 hits3:17.17 hits1:9.05
2020-05-21 07:39:08,816 INFO Tail: mr:192.7 mrr:34.20 hits10:55.18 hits3:37.98 hits1:24.14
2020-05-21 07:39:08,816 INFO All: mr:300.9 mrr:25.16 hits10:43.02 hits3:27.58 hits1:16.60
2020-05-21 07:39:08,830 INFO Improved and model saved
2020-05-21 07:40:33,329 INFO [84.5] Epoch 60: loss = 24.5669
2020-05-21 07:41:57,553 INFO [84.2] Epoch 61: loss = 24.3977
2020-05-21 07:43:19,946 INFO [82.4] Epoch 62: loss = 24.3023
2020-05-21 07:44:42,159 INFO [82.2] Epoch 63: loss = 24.1151
2020-05-21 07:46:04,658 INFO [82.5] Epoch 64: loss = 24.2582
2020-05-21 07:47:28,982 INFO [84.3] Epoch 65: loss = 24.1316
2020-05-21 07:48:52,392 INFO [83.4] Epoch 66: loss = 24.0149
2020-05-21 07:50:17,458 INFO [85.1] Epoch 67: loss = 23.9524
2020-05-21 07:51:41,690 INFO [84.2] Epoch 68: loss = 23.8612
2020-05-21 07:53:04,277 INFO [82.6] Epoch 69: loss = 23.8679
2020-05-21 07:53:04,277 INFO Start Evaling...
2020-05-21 07:55:33,741 INFO Head: mr:380.0 mrr:16.37 hits10:31.35 hits3:17.56 hits1:9.09
2020-05-21 07:55:33,741 INFO Tail: mr:168.3 mrr:35.10 hits10:55.71 hits3:38.76 hits1:25.09
2020-05-21 07:55:33,741 INFO All: mr:274.1 mrr:25.73 hits10:43.53 hits3:28.16 hits1:17.09
2020-05-21 07:55:33,753 INFO Start Evaling...
2020-05-21 07:58:26,121 INFO Head: mr:404.0 mrr:16.49 hits10:31.38 hits3:17.77 hits1:9.27
2020-05-21 07:58:26,121 INFO Tail: mr:187.5 mrr:34.72 hits10:54.97 hits3:38.62 hits1:24.77
2020-05-21 07:58:26,121 INFO All: mr:295.7 mrr:25.61 hits10:43.18 hits3:28.20 hits1:17.02
2020-05-21 07:58:26,134 INFO Improved and model saved
2020-05-21 07:59:49,152 INFO [83.0] Epoch 70: loss = 23.8146
2020-05-21 08:01:13,705 INFO [84.6] Epoch 71: loss = 23.6610
2020-05-21 08:02:38,584 INFO [84.9] Epoch 72: loss = 23.6021
2020-05-21 08:04:01,835 INFO [83.3] Epoch 73: loss = 23.5533
2020-05-21 08:05:26,272 INFO [84.4] Epoch 74: loss = 23.4004
2020-05-21 08:06:50,036 INFO [83.8] Epoch 75: loss = 23.6890
2020-05-21 08:08:13,871 INFO [83.8] Epoch 76: loss = 23.5530
2020-05-21 08:09:37,070 INFO [83.2] Epoch 77: loss = 23.3638
2020-05-21 08:11:02,246 INFO [85.2] Epoch 78: loss = 23.4631
2020-05-21 08:12:25,985 INFO [83.7] Epoch 79: loss = 23.3432
2020-05-21 08:12:25,985 INFO Start Evaling...
2020-05-21 08:14:57,147 INFO Head: mr:378.3 mrr:16.73 hits10:31.62 hits3:17.90 hits1:9.48
2020-05-21 08:14:57,148 INFO Tail: mr:164.8 mrr:34.77 hits10:55.85 hits3:38.83 hits1:24.40
2020-05-21 08:14:57,148 INFO All: mr:271.5 mrr:25.75 hits10:43.74 hits3:28.37 hits1:16.94
2020-05-21 08:14:57,160 INFO Start Evaling...
2020-05-21 08:17:50,913 INFO Head: mr:402.1 mrr:16.45 hits10:31.71 hits3:17.69 hits1:9.11
2020-05-21 08:17:50,914 INFO Tail: mr:182.0 mrr:34.33 hits10:54.95 hits3:38.34 hits1:24.10
2020-05-21 08:17:50,914 INFO All: mr:292.1 mrr:25.39 hits10:43.33 hits3:28.02 hits1:16.60
2020-05-21 08:17:50,927 INFO Improved and model saved
2020-05-21 08:19:15,196 INFO [84.3] Epoch 80: loss = 23.1100
2020-05-21 08:20:39,826 INFO [84.6] Epoch 81: loss = 23.0571
2020-05-21 08:22:02,492 INFO [82.7] Epoch 82: loss = 23.1143
2020-05-21 08:23:25,147 INFO [82.7] Epoch 83: loss = 23.1494
2020-05-21 08:24:49,213 INFO [84.1] Epoch 84: loss = 22.9674
2020-05-21 08:26:13,079 INFO [83.9] Epoch 85: loss = 23.0420
2020-05-21 08:27:38,010 INFO [84.9] Epoch 86: loss = 22.9515
2020-05-21 08:29:02,684 INFO [84.7] Epoch 87: loss = 22.7645
2020-05-21 08:30:26,700 INFO [84.0] Epoch 88: loss = 22.9378
2020-05-21 08:31:49,400 INFO [82.7] Epoch 89: loss = 22.8084
2020-05-21 08:31:49,400 INFO Start Evaling...
2020-05-21 08:34:20,695 INFO Head: mr:373.0 mrr:16.86 hits10:31.88 hits3:18.19 hits1:9.54
2020-05-21 08:34:20,695 INFO Tail: mr:166.7 mrr:35.16 hits10:55.97 hits3:38.81 hits1:25.03
2020-05-21 08:34:20,695 INFO All: mr:269.9 mrr:26.01 hits10:43.93 hits3:28.50 hits1:17.28
2020-05-21 08:34:20,708 INFO Start Evaling...
2020-05-21 08:37:14,709 INFO Head: mr:394.1 mrr:16.67 hits10:31.43 hits3:17.80 hits1:9.52
2020-05-21 08:37:14,709 INFO Tail: mr:181.4 mrr:34.96 hits10:55.66 hits3:38.98 hits1:24.88
2020-05-21 08:37:14,709 INFO All: mr:287.7 mrr:25.82 hits10:43.55 hits3:28.39 hits1:17.20
2020-05-21 08:37:14,722 INFO Improved and model saved
2020-05-21 08:38:39,059 INFO [84.3] Epoch 90: loss = 22.7913
2020-05-21 08:40:01,637 INFO [82.6] Epoch 91: loss = 22.8435
2020-05-21 08:41:24,522 INFO [82.9] Epoch 92: loss = 22.5468
2020-05-21 08:42:48,809 INFO [84.3] Epoch 93: loss = 22.7850
2020-05-21 08:44:11,229 INFO [82.4] Epoch 94: loss = 22.5522
2020-05-21 08:45:33,992 INFO [82.8] Epoch 95: loss = 22.5622
2020-05-21 08:46:57,343 INFO [83.4] Epoch 96: loss = 22.4679
2020-05-21 08:48:19,966 INFO [82.6] Epoch 97: loss = 22.4127
2020-05-21 08:49:42,893 INFO [82.9] Epoch 98: loss = 22.4905
2020-05-21 08:51:05,859 INFO [83.0] Epoch 99: loss = 22.4270
2020-05-21 08:51:05,860 INFO Start Evaling...
2020-05-21 08:53:36,089 INFO Head: mr:373.8 mrr:16.85 hits10:32.37 hits3:18.29 hits1:9.32
2020-05-21 08:53:36,089 INFO Tail: mr:162.4 mrr:34.99 hits10:56.10 hits3:39.18 hits1:24.64
2020-05-21 08:53:36,089 INFO All: mr:268.1 mrr:25.92 hits10:44.23 hits3:28.74 hits1:16.98
2020-05-21 08:53:36,102 INFO Start Evaling...
2020-05-21 08:56:28,297 INFO Head: mr:396.4 mrr:16.57 hits10:31.82 hits3:18.09 hits1:9.12
2020-05-21 08:56:28,297 INFO Tail: mr:179.0 mrr:34.87 hits10:55.57 hits3:38.99 hits1:24.64
2020-05-21 08:56:28,297 INFO All: mr:287.7 mrr:25.72 hits10:43.69 hits3:28.54 hits1:16.88
2020-05-21 08:56:28,311 INFO Declined in recent 1 epochs
2020-05-21 08:57:50,980 INFO [82.7] Epoch 100: loss = 22.4097
2020-05-21 08:59:13,663 INFO [82.7] Epoch 101: loss = 22.3635
2020-05-21 09:00:38,930 INFO [85.3] Epoch 102: loss = 22.0825
2020-05-21 09:02:03,746 INFO [84.8] Epoch 103: loss = 22.1846
2020-05-21 09:03:27,947 INFO [84.2] Epoch 104: loss = 22.3194
2020-05-21 09:04:50,340 INFO [82.4] Epoch 105: loss = 22.1614
2020-05-21 09:06:14,789 INFO [84.4] Epoch 106: loss = 22.2020
2020-05-21 09:07:39,210 INFO [84.4] Epoch 107: loss = 22.2207
2020-05-21 09:09:03,075 INFO [83.9] Epoch 108: loss = 22.1459
2020-05-21 09:10:25,587 INFO [82.5] Epoch 109: loss = 22.1731
2020-05-21 09:10:25,588 INFO Start Evaling...
2020-05-21 09:12:56,913 INFO Head: mr:365.9 mrr:17.01 hits10:32.07 hits3:18.51 hits1:9.55
2020-05-21 09:12:56,914 INFO Tail: mr:159.4 mrr:35.41 hits10:56.34 hits3:39.39 hits1:25.15
2020-05-21 09:12:56,914 INFO All: mr:262.6 mrr:26.21 hits10:44.21 hits3:28.95 hits1:17.35
2020-05-21 09:12:56,927 INFO Start Evaling...
2020-05-21 09:15:50,857 INFO Head: mr:387.2 mrr:16.63 hits10:31.83 hits3:18.04 hits1:9.15
2020-05-21 09:15:50,858 INFO Tail: mr:175.5 mrr:34.89 hits10:55.95 hits3:39.02 hits1:24.54
2020-05-21 09:15:50,858 INFO All: mr:281.3 mrr:25.76 hits10:43.89 hits3:28.53 hits1:16.85
2020-05-21 09:15:50,872 INFO Improved and model saved
2020-05-21 09:17:15,075 INFO [84.2] Epoch 110: loss = 22.0950
2020-05-21 09:18:37,863 INFO [82.8] Epoch 111: loss = 22.1802
2020-05-21 09:20:01,708 INFO [83.8] Epoch 112: loss = 22.0990
2020-05-21 09:21:25,383 INFO [83.7] Epoch 113: loss = 21.9891
2020-05-21 09:22:48,733 INFO [83.3] Epoch 114: loss = 22.0349
2020-05-21 09:24:12,950 INFO [84.2] Epoch 115: loss = 21.9153
2020-05-21 09:25:37,000 INFO [84.0] Epoch 116: loss = 21.8748
2020-05-21 09:27:01,137 INFO [84.1] Epoch 117: loss = 21.8463
2020-05-21 09:28:24,131 INFO [83.0] Epoch 118: loss = 21.7296
2020-05-21 09:29:47,811 INFO [83.7] Epoch 119: loss = 21.8158
2020-05-21 09:29:47,811 INFO Start Evaling...
2020-05-21 09:32:19,438 INFO Head: mr:370.3 mrr:17.10 hits10:32.48 hits3:18.57 hits1:9.52
2020-05-21 09:32:19,438 INFO Tail: mr:160.2 mrr:35.03 hits10:56.78 hits3:39.53 hits1:24.17
2020-05-21 09:32:19,438 INFO All: mr:265.2 mrr:26.07 hits10:44.63 hits3:29.05 hits1:16.85
2020-05-21 09:32:19,450 INFO Start Evaling...
2020-05-21 09:35:13,664 INFO Head: mr:387.0 mrr:16.83 hits10:32.64 hits3:18.09 hits1:9.34
2020-05-21 09:35:13,664 INFO Tail: mr:175.2 mrr:34.64 hits10:56.39 hits3:39.35 hits1:23.80
2020-05-21 09:35:13,664 INFO All: mr:281.1 mrr:25.73 hits10:44.52 hits3:28.72 hits1:16.57
2020-05-21 09:35:13,677 INFO Declined in recent 1 epochs
2020-05-21 09:36:38,004 INFO [84.3] Epoch 120: loss = 21.9190
2020-05-21 09:38:02,071 INFO [84.1] Epoch 121: loss = 21.7572
2020-05-21 09:39:24,696 INFO [82.6] Epoch 122: loss = 21.5753
2020-05-21 09:40:46,916 INFO [82.2] Epoch 123: loss = 21.7531
2020-05-21 09:42:12,095 INFO [85.2] Epoch 124: loss = 21.7620
2020-05-21 09:43:34,699 INFO [82.6] Epoch 125: loss = 21.6430
2020-05-21 09:44:57,292 INFO [82.6] Epoch 126: loss = 21.6847
2020-05-21 09:46:21,600 INFO [84.3] Epoch 127: loss = 21.6148
2020-05-21 09:47:46,234 INFO [84.6] Epoch 128: loss = 21.6683
2020-05-21 09:49:10,460 INFO [84.2] Epoch 129: loss = 21.6953
2020-05-21 09:49:10,460 INFO Start Evaling...
2020-05-21 09:51:40,359 INFO Head: mr:367.3 mrr:17.19 hits10:32.81 hits3:18.67 hits1:9.54
2020-05-21 09:51:40,359 INFO Tail: mr:160.0 mrr:35.31 hits10:56.79 hits3:39.75 hits1:24.72
2020-05-21 09:51:40,359 INFO All: mr:263.7 mrr:26.25 hits10:44.80 hits3:29.21 hits1:17.13
2020-05-21 09:51:40,371 INFO Start Evaling...
2020-05-21 09:54:32,686 INFO Head: mr:384.0 mrr:16.83 hits10:32.17 hits3:18.02 hits1:9.37
2020-05-21 09:54:32,686 INFO Tail: mr:174.3 mrr:34.94 hits10:56.23 hits3:39.51 hits1:24.31
2020-05-21 09:54:32,686 INFO All: mr:279.2 mrr:25.88 hits10:44.20 hits3:28.76 hits1:16.84
2020-05-21 09:54:32,699 INFO Improved and model saved
2020-05-21 09:55:55,557 INFO [82.8] Epoch 130: loss = 21.6082
2020-05-21 09:57:19,048 INFO [83.5] Epoch 131: loss = 21.6991
2020-05-21 09:58:41,497 INFO [82.4] Epoch 132: loss = 21.7782
2020-05-21 10:00:05,880 INFO [84.4] Epoch 133: loss = 21.3807
2020-05-21 10:01:29,766 INFO [83.9] Epoch 134: loss = 21.5802
2020-05-21 10:02:53,349 INFO [83.6] Epoch 135: loss = 21.5461
2020-05-21 10:04:17,930 INFO [84.6] Epoch 136: loss = 21.4791
2020-05-21 10:05:42,220 INFO [84.3] Epoch 137: loss = 21.4482
2020-05-21 10:07:05,160 INFO [82.9] Epoch 138: loss = 21.2881
2020-05-21 10:08:29,236 INFO [84.1] Epoch 139: loss = 21.5885
2020-05-21 10:08:29,236 INFO Start Evaling...
2020-05-21 10:11:00,691 INFO Head: mr:367.7 mrr:17.24 hits10:32.89 hits3:18.72 hits1:9.72
2020-05-21 10:11:00,692 INFO Tail: mr:161.0 mrr:35.47 hits10:56.93 hits3:39.51 hits1:25.10
2020-05-21 10:11:00,692 INFO All: mr:264.3 mrr:26.35 hits10:44.91 hits3:29.11 hits1:17.41
2020-05-21 10:11:00,704 INFO Start Evaling...
2020-05-21 10:13:54,614 INFO Head: mr:385.6 mrr:17.07 hits10:32.60 hits3:18.67 hits1:9.47
2020-05-21 10:13:54,614 INFO Tail: mr:173.1 mrr:35.20 hits10:56.60 hits3:39.45 hits1:24.67
2020-05-21 10:13:54,614 INFO All: mr:279.4 mrr:26.13 hits10:44.60 hits3:29.06 hits1:17.07
2020-05-21 10:13:54,628 INFO Improved and model saved
2020-05-21 10:15:18,646 INFO [84.0] Epoch 140: loss = 21.3059
2020-05-21 10:16:42,826 INFO [84.2] Epoch 141: loss = 21.1996
2020-05-21 10:18:07,197 INFO [84.4] Epoch 142: loss = 21.5228
2020-05-21 10:19:31,342 INFO [84.1] Epoch 143: loss = 21.3550
2020-05-21 10:20:54,146 INFO [82.8] Epoch 144: loss = 21.2351
2020-05-21 10:22:18,244 INFO [84.1] Epoch 145: loss = 21.3150
2020-05-21 10:23:41,602 INFO [83.4] Epoch 146: loss = 21.1852
2020-05-21 10:25:04,166 INFO [82.6] Epoch 147: loss = 21.1389
2020-05-21 10:26:28,588 INFO [84.4] Epoch 148: loss = 21.2034
2020-05-21 10:27:51,424 INFO [82.8] Epoch 149: loss = 21.1849
2020-05-21 10:27:51,425 INFO Start Evaling...
2020-05-21 10:30:23,084 INFO Head: mr:364.6 mrr:17.47 hits10:33.02 hits3:18.99 hits1:9.83
2020-05-21 10:30:23,084 INFO Tail: mr:159.8 mrr:35.88 hits10:56.93 hits3:40.10 hits1:25.50
2020-05-21 10:30:23,084 INFO All: mr:262.2 mrr:26.68 hits10:44.98 hits3:29.54 hits1:17.66
2020-05-21 10:30:23,097 INFO Start Evaling...
2020-05-21 10:33:17,546 INFO Head: mr:385.3 mrr:17.04 hits10:32.33 hits3:18.68 hits1:9.50
2020-05-21 10:33:17,546 INFO Tail: mr:172.1 mrr:35.44 hits10:56.70 hits3:39.59 hits1:25.17
2020-05-21 10:33:17,546 INFO All: mr:278.7 mrr:26.24 hits10:44.52 hits3:29.13 hits1:17.34
2020-05-21 10:33:17,560 INFO Improved and model saved
2020-05-21 10:34:42,000 INFO [84.4] Epoch 150: loss = 21.0887
2020-05-21 10:36:04,880 INFO [82.9] Epoch 151: loss = 21.3034
2020-05-21 10:37:28,178 INFO [83.3] Epoch 152: loss = 21.0843
2020-05-21 10:38:52,438 INFO [84.3] Epoch 153: loss = 21.1103
2020-05-21 10:40:16,439 INFO [84.0] Epoch 154: loss = 21.1150
2020-05-21 10:41:40,434 INFO [84.0] Epoch 155: loss = 21.1096
2020-05-21 10:43:05,166 INFO [84.7] Epoch 156: loss = 21.0485
2020-05-21 10:44:27,846 INFO [82.7] Epoch 157: loss = 20.9664
2020-05-21 10:45:50,459 INFO [82.6] Epoch 158: loss = 21.0705
2020-05-21 10:47:14,135 INFO [83.7] Epoch 159: loss = 21.0362
2020-05-21 10:47:14,135 INFO Start Evaling...
2020-05-21 10:49:45,992 INFO Head: mr:362.2 mrr:17.40 hits10:33.30 hits3:18.73 hits1:9.82
2020-05-21 10:49:45,992 INFO Tail: mr:158.4 mrr:35.53 hits10:57.23 hits3:40.67 hits1:24.34
2020-05-21 10:49:45,992 INFO All: mr:260.3 mrr:26.46 hits10:45.26 hits3:29.70 hits1:17.08
2020-05-21 10:49:46,005 INFO Start Evaling...
2020-05-21 10:52:41,294 INFO Head: mr:385.6 mrr:17.21 hits10:32.74 hits3:18.52 hits1:9.66
2020-05-21 10:52:41,295 INFO Tail: mr:173.0 mrr:35.07 hits10:56.63 hits3:40.27 hits1:23.97
2020-05-21 10:52:41,295 INFO All: mr:279.3 mrr:26.14 hits10:44.68 hits3:29.40 hits1:16.82
2020-05-21 10:52:41,309 INFO Declined in recent 1 epochs
2020-05-21 10:54:05,887 INFO [84.6] Epoch 160: loss = 20.8231
2020-05-21 10:55:30,136 INFO [84.2] Epoch 161: loss = 21.0275
2020-05-21 10:56:52,897 INFO [82.8] Epoch 162: loss = 20.9337
2020-05-21 10:58:15,456 INFO [82.6] Epoch 163: loss = 21.0108
2020-05-21 10:59:39,750 INFO [84.3] Epoch 164: loss = 20.9765
2020-05-21 11:01:02,559 INFO [82.8] Epoch 165: loss = 20.7490
2020-05-21 11:02:25,667 INFO [83.1] Epoch 166: loss = 21.0238
2020-05-21 11:03:49,690 INFO [84.0] Epoch 167: loss = 20.9251
2020-05-21 11:05:14,939 INFO [85.2] Epoch 168: loss = 21.0561
2020-05-21 11:06:37,605 INFO [82.7] Epoch 169: loss = 20.8602
2020-05-21 11:06:37,605 INFO Start Evaling...
2020-05-21 11:09:09,025 INFO Head: mr:364.4 mrr:17.42 hits10:32.72 hits3:18.81 hits1:9.90
2020-05-21 11:09:09,025 INFO Tail: mr:159.9 mrr:35.66 hits10:57.37 hits3:40.23 hits1:24.95
2020-05-21 11:09:09,025 INFO All: mr:262.1 mrr:26.54 hits10:45.05 hits3:29.52 hits1:17.43
2020-05-21 11:09:09,038 INFO Start Evaling...
2020-05-21 11:12:01,421 INFO Head: mr:386.3 mrr:17.07 hits10:32.52 hits3:18.34 hits1:9.65
2020-05-21 11:12:01,421 INFO Tail: mr:173.1 mrr:35.02 hits10:56.72 hits3:39.12 hits1:24.41
2020-05-21 11:12:01,421 INFO All: mr:279.7 mrr:26.04 hits10:44.62 hits3:28.73 hits1:17.03
2020-05-21 11:12:01,435 INFO Declined in recent 2 epochs
2020-05-21 11:13:24,372 INFO [82.9] Epoch 170: loss = 20.8789
2020-05-21 11:14:49,100 INFO [84.7] Epoch 171: loss = 20.8739
2020-05-21 11:16:12,186 INFO [83.1] Epoch 172: loss = 20.7719
2020-05-21 11:17:36,480 INFO [84.3] Epoch 173: loss = 21.0330
2020-05-21 11:18:59,753 INFO [83.3] Epoch 174: loss = 20.8660
2020-05-21 11:20:23,692 INFO [83.9] Epoch 175: loss = 20.8859
2020-05-21 11:21:49,112 INFO [85.4] Epoch 176: loss = 20.7526
2020-05-21 11:23:13,998 INFO [84.9] Epoch 177: loss = 20.8470
2020-05-21 11:24:38,367 INFO [84.4] Epoch 178: loss = 20.7760
2020-05-21 11:26:02,441 INFO [84.1] Epoch 179: loss = 20.6470
2020-05-21 11:26:02,442 INFO Start Evaling...
2020-05-21 11:28:34,377 INFO Head: mr:364.2 mrr:17.56 hits10:33.24 hits3:19.12 hits1:9.90
2020-05-21 11:28:34,377 INFO Tail: mr:158.3 mrr:36.07 hits10:57.43 hits3:40.32 hits1:25.61
2020-05-21 11:28:34,377 INFO All: mr:261.3 mrr:26.82 hits10:45.34 hits3:29.72 hits1:17.75
2020-05-21 11:28:34,390 INFO Start Evaling...
2020-05-21 11:31:28,906 INFO Head: mr:387.5 mrr:17.09 hits10:32.85 hits3:18.55 hits1:9.47
2020-05-21 11:31:28,906 INFO Tail: mr:171.4 mrr:35.31 hits10:56.92 hits3:39.48 hits1:24.90
2020-05-21 11:31:28,906 INFO All: mr:279.5 mrr:26.20 hits10:44.89 hits3:29.02 hits1:17.18
2020-05-21 11:31:28,920 INFO Improved and model saved
2020-05-21 11:32:53,284 INFO [84.4] Epoch 180: loss = 20.5407
2020-05-21 11:34:17,350 INFO [84.1] Epoch 181: loss = 20.8496
2020-05-21 11:35:41,802 INFO [84.5] Epoch 182: loss = 20.7744
2020-05-21 11:37:05,659 INFO [83.9] Epoch 183: loss = 20.5538
2020-05-21 11:38:28,688 INFO [83.0] Epoch 184: loss = 20.6791
2020-05-21 11:39:51,131 INFO [82.4] Epoch 185: loss = 20.6008
2020-05-21 11:41:14,408 INFO [83.3] Epoch 186: loss = 20.7846
2020-05-21 11:42:38,351 INFO [83.9] Epoch 187: loss = 20.5402
2020-05-21 11:44:03,651 INFO [85.3] Epoch 188: loss = 20.5624
2020-05-21 11:45:27,646 INFO [84.0] Epoch 189: loss = 20.6637
2020-05-21 11:45:27,646 INFO Start Evaling...
2020-05-21 11:47:59,359 INFO Head: mr:359.2 mrr:17.72 hits10:33.50 hits3:19.20 hits1:10.04
2020-05-21 11:47:59,359 INFO Tail: mr:157.8 mrr:35.83 hits10:57.38 hits3:40.27 hits1:25.28
2020-05-21 11:47:59,360 INFO All: mr:258.5 mrr:26.77 hits10:45.44 hits3:29.73 hits1:17.66
2020-05-21 11:47:59,372 INFO Start Evaling...
2020-05-21 11:50:53,684 INFO Head: mr:381.6 mrr:17.24 hits10:33.25 hits3:18.92 hits1:9.49
2020-05-21 11:50:53,684 INFO Tail: mr:172.3 mrr:35.22 hits10:57.11 hits3:39.52 hits1:24.66
2020-05-21 11:50:53,684 INFO All: mr:277.0 mrr:26.23 hits10:45.18 hits3:29.22 hits1:17.07
2020-05-21 11:50:53,697 INFO Declined in recent 1 epochs
2020-05-21 11:52:18,315 INFO [84.6] Epoch 190: loss = 20.6041
2020-05-21 11:53:40,645 INFO [82.3] Epoch 191: loss = 20.4958
2020-05-21 11:55:02,890 INFO [82.2] Epoch 192: loss = 20.5940
2020-05-21 11:56:26,884 INFO [84.0] Epoch 193: loss = 20.5429
2020-05-21 11:57:50,777 INFO [83.9] Epoch 194: loss = 20.5809
2020-05-21 11:59:14,483 INFO [83.7] Epoch 195: loss = 20.7033
2020-05-21 12:00:37,782 INFO [83.3] Epoch 196: loss = 20.4919
2020-05-21 12:02:01,481 INFO [83.7] Epoch 197: loss = 20.6456
2020-05-21 12:03:24,107 INFO [82.6] Epoch 198: loss = 20.6181
2020-05-21 12:04:48,488 INFO [84.4] Epoch 199: loss = 20.6178
2020-05-21 12:04:48,488 INFO Start Evaling...
2020-05-21 12:07:19,938 INFO Head: mr:358.8 mrr:17.59 hits10:33.56 hits3:19.29 hits1:9.78
2020-05-21 12:07:19,939 INFO Tail: mr:160.0 mrr:35.84 hits10:57.65 hits3:40.17 hits1:25.18
2020-05-21 12:07:19,939 INFO All: mr:259.4 mrr:26.72 hits10:45.60 hits3:29.73 hits1:17.48
2020-05-21 12:07:19,951 INFO Start Evaling...
2020-05-21 12:10:14,122 INFO Head: mr:386.4 mrr:17.33 hits10:33.09 hits3:18.89 hits1:9.64
2020-05-21 12:10:14,122 INFO Tail: mr:172.7 mrr:35.46 hits10:56.95 hits3:40.02 hits1:24.85
2020-05-21 12:10:14,122 INFO All: mr:279.5 mrr:26.40 hits10:45.02 hits3:29.46 hits1:17.24
2020-05-21 12:10:14,135 INFO Declined in recent 2 epochs
2020-05-21 12:11:38,024 INFO [83.9] Epoch 200: loss = 20.4740
2020-05-21 12:13:00,726 INFO [82.7] Epoch 201: loss = 20.4766
2020-05-21 12:14:23,130 INFO [82.4] Epoch 202: loss = 20.5827
2020-05-21 12:15:47,239 INFO [84.1] Epoch 203: loss = 20.4777
2020-05-21 12:17:09,582 INFO [82.3] Epoch 204: loss = 20.3947
2020-05-21 12:18:33,362 INFO [83.8] Epoch 205: loss = 20.3603
2020-05-21 12:19:57,457 INFO [84.1] Epoch 206: loss = 20.4559
2020-05-21 12:21:19,964 INFO [82.5] Epoch 207: loss = 20.3673
2020-05-21 12:22:44,885 INFO [84.9] Epoch 208: loss = 20.5135
2020-05-21 12:24:08,374 INFO [83.5] Epoch 209: loss = 20.4248
2020-05-21 12:24:08,374 INFO Start Evaling...
2020-05-21 12:26:39,986 INFO Head: mr:364.0 mrr:17.63 hits10:33.29 hits3:19.36 hits1:9.91
2020-05-21 12:26:39,987 INFO Tail: mr:157.4 mrr:35.85 hits10:57.45 hits3:40.15 hits1:25.39
2020-05-21 12:26:39,987 INFO All: mr:260.7 mrr:26.74 hits10:45.37 hits3:29.76 hits1:17.65
2020-05-21 12:26:39,999 INFO Start Evaling...
2020-05-21 12:29:34,596 INFO Head: mr:386.3 mrr:17.28 hits10:33.34 hits3:18.82 hits1:9.52
2020-05-21 12:29:34,596 INFO Tail: mr:168.3 mrr:35.38 hits10:57.03 hits3:39.63 hits1:24.83
2020-05-21 12:29:34,596 INFO All: mr:277.3 mrr:26.33 hits10:45.19 hits3:29.22 hits1:17.18
2020-05-21 12:29:34,610 INFO Declined in recent 3 epochs
2020-05-21 12:30:58,859 INFO [84.2] Epoch 210: loss = 20.4910
2020-05-21 12:32:21,825 INFO [83.0] Epoch 211: loss = 20.3965
2020-05-21 12:33:44,240 INFO [82.4] Epoch 212: loss = 20.6022
2020-05-21 12:35:07,175 INFO [82.9] Epoch 213: loss = 20.3964
2020-05-21 12:36:31,569 INFO [84.4] Epoch 214: loss = 20.2649
2020-05-21 12:37:56,076 INFO [84.5] Epoch 215: loss = 20.3767
2020-05-21 12:39:19,604 INFO [83.5] Epoch 216: loss = 20.2570
2020-05-21 12:40:42,989 INFO [83.4] Epoch 217: loss = 20.4278
2020-05-21 12:42:07,419 INFO [84.4] Epoch 218: loss = 20.3893
2020-05-21 12:43:31,566 INFO [84.1] Epoch 219: loss = 20.2769
2020-05-21 12:43:31,566 INFO Start Evaling...
2020-05-21 12:46:02,359 INFO Head: mr:359.2 mrr:17.62 hits10:33.38 hits3:19.09 hits1:9.96
2020-05-21 12:46:02,359 INFO Tail: mr:158.7 mrr:36.05 hits10:57.43 hits3:40.43 hits1:25.50
2020-05-21 12:46:02,359 INFO All: mr:259.0 mrr:26.84 hits10:45.41 hits3:29.76 hits1:17.73
2020-05-21 12:46:02,371 INFO Start Evaling...
2020-05-21 12:48:54,755 INFO Head: mr:380.4 mrr:17.46 hits10:32.75 hits3:19.16 hits1:9.83
2020-05-21 12:48:54,755 INFO Tail: mr:168.7 mrr:35.34 hits10:57.02 hits3:39.91 hits1:24.73
2020-05-21 12:48:54,755 INFO All: mr:274.6 mrr:26.40 hits10:44.88 hits3:29.54 hits1:17.28
2020-05-21 12:48:54,768 INFO Improved and model saved
2020-05-21 12:50:17,220 INFO [82.4] Epoch 220: loss = 20.3715
2020-05-21 12:51:41,584 INFO [84.4] Epoch 221: loss = 20.3568
2020-05-21 12:53:05,803 INFO [84.2] Epoch 222: loss = 20.3996
2020-05-21 12:54:28,319 INFO [82.5] Epoch 223: loss = 20.3650
2020-05-21 12:55:51,186 INFO [82.9] Epoch 224: loss = 20.4242
2020-05-21 12:57:15,213 INFO [84.0] Epoch 225: loss = 20.3216
2020-05-21 12:58:39,273 INFO [84.1] Epoch 226: loss = 20.2282
2020-05-21 13:00:02,707 INFO [83.4] Epoch 227: loss = 20.2473
2020-05-21 13:01:25,148 INFO [82.4] Epoch 228: loss = 20.3565
2020-05-21 13:02:50,091 INFO [84.9] Epoch 229: loss = 20.2512
2020-05-21 13:02:50,092 INFO Start Evaling...
2020-05-21 13:05:20,904 INFO Head: mr:352.8 mrr:17.82 hits10:33.34 hits3:19.38 hits1:10.21
2020-05-21 13:05:20,905 INFO Tail: mr:156.6 mrr:36.28 hits10:57.72 hits3:40.64 hits1:25.66
2020-05-21 13:05:20,905 INFO All: mr:254.7 mrr:27.05 hits10:45.53 hits3:30.01 hits1:17.93
2020-05-21 13:05:20,917 INFO Start Evaling...
2020-05-21 13:08:13,169 INFO Head: mr:376.9 mrr:17.55 hits10:33.07 hits3:19.09 hits1:9.87
2020-05-21 13:08:13,169 INFO Tail: mr:166.1 mrr:35.73 hits10:57.21 hits3:40.07 hits1:25.21
2020-05-21 13:08:13,169 INFO All: mr:271.5 mrr:26.64 hits10:45.14 hits3:29.58 hits1:17.54
2020-05-21 13:08:13,183 INFO Improved and model saved
2020-05-21 13:09:35,993 INFO [82.8] Epoch 230: loss = 20.3774
2020-05-21 13:10:58,647 INFO [82.7] Epoch 231: loss = 20.2480
2020-05-21 13:12:23,032 INFO [84.4] Epoch 232: loss = 20.3845
2020-05-21 13:13:47,387 INFO [84.4] Epoch 233: loss = 20.2542
2020-05-21 13:15:10,408 INFO [83.0] Epoch 234: loss = 20.1297
2020-05-21 13:16:33,472 INFO [83.1] Epoch 235: loss = 20.0333
2020-05-21 13:17:57,521 INFO [84.0] Epoch 236: loss = 20.2235
2020-05-21 13:19:21,466 INFO [83.9] Epoch 237: loss = 20.2426
2020-05-21 13:20:45,543 INFO [84.1] Epoch 238: loss = 20.3142
2020-05-21 13:22:09,069 INFO [83.5] Epoch 239: loss = 20.1444
2020-05-21 13:22:09,070 INFO Start Evaling...
2020-05-21 13:24:39,059 INFO Head: mr:356.7 mrr:17.89 hits10:33.51 hits3:19.33 hits1:10.19
2020-05-21 13:24:39,059 INFO Tail: mr:156.4 mrr:35.81 hits10:57.84 hits3:40.24 hits1:25.14
2020-05-21 13:24:39,059 INFO All: mr:256.6 mrr:26.85 hits10:45.67 hits3:29.78 hits1:17.66
2020-05-21 13:24:39,072 INFO Start Evaling...
2020-05-21 13:27:31,277 INFO Head: mr:381.1 mrr:17.50 hits10:33.45 hits3:18.89 hits1:9.83
2020-05-21 13:27:31,278 INFO Tail: mr:167.2 mrr:35.33 hits10:57.16 hits3:39.77 hits1:24.64
2020-05-21 13:27:31,278 INFO All: mr:274.2 mrr:26.42 hits10:45.31 hits3:29.33 hits1:17.23
2020-05-21 13:27:31,292 INFO Declined in recent 1 epochs
2020-05-21 13:28:53,931 INFO [82.6] Epoch 240: loss = 20.2629
2020-05-21 13:30:16,823 INFO [82.9] Epoch 241: loss = 20.1266
2020-05-21 13:31:39,407 INFO [82.6] Epoch 242: loss = 20.2773
2020-05-21 13:33:03,529 INFO [84.1] Epoch 243: loss = 20.1533
2020-05-21 13:34:26,433 INFO [82.9] Epoch 244: loss = 20.2212
2020-05-21 13:35:50,600 INFO [84.2] Epoch 245: loss = 20.1990
2020-05-21 13:37:15,670 INFO [85.1] Epoch 246: loss = 20.1824
2020-05-21 13:38:38,880 INFO [83.2] Epoch 247: loss = 20.2073
2020-05-21 13:40:01,524 INFO [82.6] Epoch 248: loss = 20.2665
2020-05-21 13:41:26,560 INFO [85.0] Epoch 249: loss = 20.1728
2020-05-21 13:41:26,560 INFO Start Evaling...
2020-05-21 13:43:58,890 INFO Head: mr:352.2 mrr:17.75 hits10:34.03 hits3:19.32 hits1:9.87
2020-05-21 13:43:58,890 INFO Tail: mr:155.9 mrr:36.06 hits10:57.47 hits3:40.14 hits1:25.59
2020-05-21 13:43:58,891 INFO All: mr:254.0 mrr:26.91 hits10:45.75 hits3:29.73 hits1:17.73
2020-05-21 13:43:58,904 INFO Start Evaling...
2020-05-21 13:46:52,950 INFO Head: mr:379.8 mrr:17.65 hits10:33.42 hits3:19.19 hits1:9.92
2020-05-21 13:46:52,950 INFO Tail: mr:166.8 mrr:35.21 hits10:57.02 hits3:39.49 hits1:24.56
2020-05-21 13:46:52,950 INFO All: mr:273.3 mrr:26.43 hits10:45.22 hits3:29.34 hits1:17.24
2020-05-21 13:46:52,964 INFO Declined in recent 2 epochs
2020-05-21 13:48:17,345 INFO [84.4] Epoch 250: loss = 20.1264
2020-05-21 13:49:41,614 INFO [84.3] Epoch 251: loss = 20.2031
2020-05-21 13:51:06,304 INFO [84.7] Epoch 252: loss = 20.2718
2020-05-21 13:52:29,014 INFO [82.7] Epoch 253: loss = 20.1827
2020-05-21 13:53:53,048 INFO [84.0] Epoch 254: loss = 20.1288
2020-05-21 13:55:16,968 INFO [83.9] Epoch 255: loss = 20.2615
2020-05-21 13:56:40,695 INFO [83.7] Epoch 256: loss = 20.1716
2020-05-21 13:58:04,437 INFO [83.7] Epoch 257: loss = 20.2575
2020-05-21 13:59:27,059 INFO [82.6] Epoch 258: loss = 20.0975
2020-05-21 14:00:51,105 INFO [84.0] Epoch 259: loss = 20.0236
2020-05-21 14:00:51,106 INFO Start Evaling...
2020-05-21 14:03:21,077 INFO Head: mr:351.7 mrr:17.99 hits10:33.79 hits3:19.44 hits1:10.41
2020-05-21 14:03:21,077 INFO Tail: mr:155.4 mrr:36.24 hits10:58.00 hits3:40.46 hits1:25.79
2020-05-21 14:03:21,078 INFO All: mr:253.5 mrr:27.12 hits10:45.90 hits3:29.95 hits1:18.10
2020-05-21 14:03:21,091 INFO Start Evaling...
2020-05-21 14:06:13,489 INFO Head: mr:380.7 mrr:17.61 hits10:33.52 hits3:19.20 hits1:9.95
2020-05-21 14:06:13,489 INFO Tail: mr:166.9 mrr:35.52 hits10:56.92 hits3:39.92 hits1:24.98
2020-05-21 14:06:13,489 INFO All: mr:273.8 mrr:26.56 hits10:45.22 hits3:29.56 hits1:17.47
2020-05-21 14:06:13,503 INFO Improved and model saved
2020-05-21 14:07:36,783 INFO [83.3] Epoch 260: loss = 20.1404
2020-05-21 14:09:01,412 INFO [84.6] Epoch 261: loss = 19.9795
2020-05-21 14:10:26,383 INFO [85.0] Epoch 262: loss = 20.0939
2020-05-21 14:11:49,688 INFO [83.3] Epoch 263: loss = 20.1166
2020-05-21 14:13:14,607 INFO [84.9] Epoch 264: loss = 20.1131
2020-05-21 14:14:39,106 INFO [84.5] Epoch 265: loss = 20.0999
2020-05-21 14:16:04,496 INFO [85.4] Epoch 266: loss = 20.1944
2020-05-21 14:17:28,947 INFO [84.5] Epoch 267: loss = 20.1052
2020-05-21 14:18:51,982 INFO [83.0] Epoch 268: loss = 20.0560
2020-05-21 14:20:14,961 INFO [83.0] Epoch 269: loss = 20.1647
2020-05-21 14:20:14,961 INFO Start Evaling...
2020-05-21 14:22:45,652 INFO Head: mr:353.2 mrr:17.89 hits10:33.97 hits3:19.49 hits1:10.15
2020-05-21 14:22:45,652 INFO Tail: mr:157.0 mrr:36.57 hits10:57.45 hits3:40.83 hits1:26.28
2020-05-21 14:22:45,652 INFO All: mr:255.1 mrr:27.23 hits10:45.71 hits3:30.16 hits1:18.22
2020-05-21 14:22:45,665 INFO Start Evaling...
2020-05-21 14:25:37,932 INFO Head: mr:378.3 mrr:17.46 hits10:33.37 hits3:19.05 hits1:9.73
2020-05-21 14:25:37,932 INFO Tail: mr:167.4 mrr:35.69 hits10:57.36 hits3:40.12 hits1:25.15
2020-05-21 14:25:37,932 INFO All: mr:272.9 mrr:26.57 hits10:45.37 hits3:29.59 hits1:17.44
2020-05-21 14:25:37,946 INFO Improved and model saved
2020-05-21 14:27:00,184 INFO [82.2] Epoch 270: loss = 20.2360
2020-05-21 14:28:24,379 INFO [84.2] Epoch 271: loss = 20.0035
2020-05-21 14:29:48,343 INFO [84.0] Epoch 272: loss = 19.9486
2020-05-21 14:31:12,077 INFO [83.7] Epoch 273: loss = 20.0978
2020-05-21 14:32:35,831 INFO [83.8] Epoch 274: loss = 20.0504
2020-05-21 14:33:59,970 INFO [84.1] Epoch 275: loss = 20.0370
2020-05-21 14:35:25,343 INFO [85.4] Epoch 276: loss = 20.0942
2020-05-21 14:36:48,826 INFO [83.5] Epoch 277: loss = 19.8939
2020-05-21 14:38:11,666 INFO [82.8] Epoch 278: loss = 19.9573
2020-05-21 14:39:35,386 INFO [83.7] Epoch 279: loss = 19.9992
2020-05-21 14:39:35,386 INFO Start Evaling...
2020-05-21 14:42:07,014 INFO Head: mr:357.7 mrr:17.65 hits10:33.80 hits3:19.49 hits1:9.77
2020-05-21 14:42:07,015 INFO Tail: mr:158.0 mrr:36.68 hits10:57.84 hits3:40.64 hits1:26.33
2020-05-21 14:42:07,015 INFO All: mr:257.8 mrr:27.17 hits10:45.82 hits3:30.07 hits1:18.05
2020-05-21 14:42:07,027 INFO Start Evaling...
2020-05-21 14:45:01,127 INFO Head: mr:383.1 mrr:17.33 hits10:33.23 hits3:19.07 hits1:9.56
2020-05-21 14:45:01,127 INFO Tail: mr:167.6 mrr:35.70 hits10:57.29 hits3:40.11 hits1:25.09
2020-05-21 14:45:01,127 INFO All: mr:275.4 mrr:26.52 hits10:45.26 hits3:29.59 hits1:17.32
2020-05-21 14:45:01,141 INFO Declined in recent 1 epochs
2020-05-21 14:46:25,124 INFO [84.0] Epoch 280: loss = 19.9689
2020-05-21 14:47:47,645 INFO [82.5] Epoch 281: loss = 20.0295
2020-05-21 14:49:10,563 INFO [82.9] Epoch 282: loss = 20.0533
2020-05-21 14:50:33,968 INFO [83.4] Epoch 283: loss = 19.9925
2020-05-21 14:51:57,619 INFO [83.7] Epoch 284: loss = 19.9194
2020-05-21 14:53:21,038 INFO [83.4] Epoch 285: loss = 20.1221
2020-05-21 14:54:46,201 INFO [85.2] Epoch 286: loss = 20.0019
2020-05-21 14:56:09,448 INFO [83.2] Epoch 287: loss = 19.7436
2020-05-21 14:57:32,197 INFO [82.7] Epoch 288: loss = 19.9870
2020-05-21 14:58:54,328 INFO [82.1] Epoch 289: loss = 20.0813
2020-05-21 14:58:54,329 INFO Start Evaling...
2020-05-21 15:01:25,831 INFO Head: mr:357.0 mrr:18.07 hits10:33.76 hits3:19.74 hits1:10.30
2020-05-21 15:01:25,831 INFO Tail: mr:155.4 mrr:35.73 hits10:58.18 hits3:40.72 hits1:24.43
2020-05-21 15:01:25,831 INFO All: mr:256.2 mrr:26.90 hits10:45.97 hits3:30.23 hits1:17.37
2020-05-21 15:01:25,843 INFO Start Evaling...
2020-05-21 15:04:20,049 INFO Head: mr:378.7 mrr:17.49 hits10:33.48 hits3:19.16 hits1:9.67
2020-05-21 15:04:20,049 INFO Tail: mr:166.4 mrr:35.01 hits10:57.18 hits3:40.25 hits1:23.67
2020-05-21 15:04:20,049 INFO All: mr:272.5 mrr:26.25 hits10:45.33 hits3:29.71 hits1:16.67
2020-05-21 15:04:20,062 INFO Declined in recent 2 epochs
2020-05-21 15:05:43,798 INFO [83.7] Epoch 290: loss = 19.8739
2020-05-21 15:07:07,429 INFO [83.6] Epoch 291: loss = 19.8575
2020-05-21 15:08:31,950 INFO [84.5] Epoch 292: loss = 19.8946
2020-05-21 15:09:56,123 INFO [84.2] Epoch 293: loss = 19.9905
2020-05-21 15:11:20,156 INFO [84.0] Epoch 294: loss = 19.9701
2020-05-21 15:12:42,418 INFO [82.3] Epoch 295: loss = 20.1171
2020-05-21 15:14:07,086 INFO [84.7] Epoch 296: loss = 19.9520
2020-05-21 15:15:30,983 INFO [83.9] Epoch 297: loss = 19.9121
2020-05-21 15:16:53,332 INFO [82.3] Epoch 298: loss = 19.9179
2020-05-21 15:18:16,000 INFO [82.7] Epoch 299: loss = 19.8982
2020-05-21 15:18:16,001 INFO Start Evaling...
2020-05-21 15:20:47,282 INFO Head: mr:355.4 mrr:18.44 hits10:33.99 hits3:20.06 hits1:10.76
2020-05-21 15:20:47,282 INFO Tail: mr:154.4 mrr:36.62 hits10:58.28 hits3:41.00 hits1:26.03
2020-05-21 15:20:47,282 INFO All: mr:254.9 mrr:27.53 hits10:46.14 hits3:30.53 hits1:18.40
2020-05-21 15:20:47,294 INFO Start Evaling...
2020-05-21 15:23:39,739 INFO Head: mr:382.6 mrr:17.63 hits10:33.29 hits3:19.21 hits1:9.86
2020-05-21 15:23:39,739 INFO Tail: mr:166.3 mrr:35.63 hits10:57.31 hits3:40.27 hits1:24.92
2020-05-21 15:23:39,739 INFO All: mr:274.4 mrr:26.63 hits10:45.30 hits3:29.74 hits1:17.39
2020-05-21 15:23:39,752 INFO Improved and model saved
2020-05-21 15:25:02,484 INFO [82.7] Epoch 300: loss = 20.0650
2020-05-21 15:26:26,188 INFO [83.7] Epoch 301: loss = 19.9198
2020-05-21 15:27:50,039 INFO [83.9] Epoch 302: loss = 19.9113
2020-05-21 15:29:14,231 INFO [84.2] Epoch 303: loss = 19.9406
2020-05-21 15:30:37,881 INFO [83.6] Epoch 304: loss = 19.8300
2020-05-21 15:32:01,428 INFO [83.5] Epoch 305: loss = 20.0757
2020-05-21 15:33:26,835 INFO [85.4] Epoch 306: loss = 19.6904
2020-05-21 15:34:51,487 INFO [84.7] Epoch 307: loss = 19.8701
2020-05-21 15:36:14,201 INFO [82.7] Epoch 308: loss = 19.9717
2020-05-21 15:37:36,435 INFO [82.2] Epoch 309: loss = 19.9539
2020-05-21 15:37:36,436 INFO Start Evaling...
2020-05-21 15:40:08,247 INFO Head: mr:358.1 mrr:18.26 hits10:34.02 hits3:19.83 hits1:10.60
2020-05-21 15:40:08,247 INFO Tail: mr:155.6 mrr:36.17 hits10:58.47 hits3:40.62 hits1:25.43
2020-05-21 15:40:08,247 INFO All: mr:256.8 mrr:27.21 hits10:46.24 hits3:30.22 hits1:18.02
2020-05-21 15:40:08,259 INFO Start Evaling...
2020-05-21 15:43:02,987 INFO Head: mr:379.9 mrr:17.71 hits10:33.62 hits3:19.28 hits1:9.99
2020-05-21 15:43:02,987 INFO Tail: mr:166.9 mrr:35.47 hits10:57.74 hits3:39.93 hits1:24.65
2020-05-21 15:43:02,987 INFO All: mr:273.4 mrr:26.59 hits10:45.68 hits3:29.60 hits1:17.32
2020-05-21 15:43:03,001 INFO Declined in recent 1 epochs
2020-05-21 15:44:27,164 INFO [84.2] Epoch 310: loss = 19.9288
2020-05-21 15:45:51,005 INFO [83.8] Epoch 311: loss = 19.9674
2020-05-21 15:47:13,121 INFO [82.1] Epoch 312: loss = 20.0300
2020-05-21 15:48:35,743 INFO [82.6] Epoch 313: loss = 19.9782
2020-05-21 15:49:58,448 INFO [82.7] Epoch 314: loss = 19.8748
2020-05-21 15:51:21,989 INFO [83.5] Epoch 315: loss = 19.9446
2020-05-21 15:52:46,527 INFO [84.5] Epoch 316: loss = 19.8180
2020-05-21 15:54:10,129 INFO [83.6] Epoch 317: loss = 19.9757
2020-05-21 15:55:34,075 INFO [83.9] Epoch 318: loss = 19.9656
2020-05-21 15:56:59,019 INFO [84.9] Epoch 319: loss = 19.8447
2020-05-21 15:56:59,019 INFO Start Evaling...
2020-05-21 15:59:31,526 INFO Head: mr:353.1 mrr:17.87 hits10:33.60 hits3:19.04 hits1:10.22
2020-05-21 15:59:31,526 INFO Tail: mr:155.1 mrr:36.23 hits10:57.86 hits3:40.88 hits1:25.46
2020-05-21 15:59:31,527 INFO All: mr:254.1 mrr:27.05 hits10:45.73 hits3:29.96 hits1:17.84
2020-05-21 15:59:31,539 INFO Start Evaling...
2020-05-21 16:02:25,845 INFO Head: mr:379.1 mrr:17.42 hits10:33.43 hits3:18.91 hits1:9.64
2020-05-21 16:02:25,845 INFO Tail: mr:166.4 mrr:35.60 hits10:57.50 hits3:40.16 hits1:24.82
2020-05-21 16:02:25,846 INFO All: mr:272.7 mrr:26.51 hits10:45.46 hits3:29.54 hits1:17.23
2020-05-21 16:02:25,859 INFO Declined in recent 2 epochs
2020-05-21 16:03:49,508 INFO [83.6] Epoch 320: loss = 19.8905
2020-05-21 16:05:12,457 INFO [82.9] Epoch 321: loss = 19.8813
2020-05-21 16:06:36,312 INFO [83.9] Epoch 322: loss = 19.8077
2020-05-21 16:08:00,018 INFO [83.7] Epoch 323: loss = 19.9879
2020-05-21 16:09:22,520 INFO [82.5] Epoch 324: loss = 19.9212
2020-05-21 16:10:44,792 INFO [82.3] Epoch 325: loss = 19.8449
2020-05-21 16:12:10,334 INFO [85.5] Epoch 326: loss = 19.8502
2020-05-21 16:13:34,735 INFO [84.4] Epoch 327: loss = 19.8964
2020-05-21 16:14:57,225 INFO [82.5] Epoch 328: loss = 19.8660
2020-05-21 16:16:21,145 INFO [83.9] Epoch 329: loss = 19.8660
2020-05-21 16:16:21,146 INFO Start Evaling...
2020-05-21 16:18:52,649 INFO Head: mr:359.8 mrr:18.10 hits10:33.68 hits3:19.59 hits1:10.45
2020-05-21 16:18:52,649 INFO Tail: mr:154.6 mrr:35.77 hits10:57.87 hits3:40.67 hits1:24.72
2020-05-21 16:18:52,650 INFO All: mr:257.2 mrr:26.94 hits10:45.77 hits3:30.13 hits1:17.58
2020-05-21 16:18:52,662 INFO Start Evaling...
2020-05-21 16:21:46,813 INFO Head: mr:380.9 mrr:17.62 hits10:33.42 hits3:19.26 hits1:9.88
2020-05-21 16:21:46,813 INFO Tail: mr:165.9 mrr:35.17 hits10:57.72 hits3:39.99 hits1:24.13
2020-05-21 16:21:46,813 INFO All: mr:273.4 mrr:26.40 hits10:45.57 hits3:29.62 hits1:17.01
2020-05-21 16:21:46,827 INFO Declined in recent 3 epochs
2020-05-21 16:23:10,610 INFO [83.8] Epoch 330: loss = 19.8392
2020-05-21 16:24:32,786 INFO [82.2] Epoch 331: loss = 19.9855
2020-05-21 16:25:55,428 INFO [82.6] Epoch 332: loss = 19.9634
2020-05-21 16:27:17,650 INFO [82.2] Epoch 333: loss = 19.8504
2020-05-21 16:28:42,308 INFO [84.7] Epoch 334: loss = 19.9209
2020-05-21 16:30:06,218 INFO [83.9] Epoch 335: loss = 19.9677
2020-05-21 16:31:30,327 INFO [84.1] Epoch 336: loss = 19.8580
2020-05-21 16:32:55,038 INFO [84.7] Epoch 337: loss = 19.7868
2020-05-21 16:34:19,372 INFO [84.3] Epoch 338: loss = 20.0041
2020-05-21 16:35:43,084 INFO [83.7] Epoch 339: loss = 19.8169
2020-05-21 16:35:43,084 INFO Start Evaling...
2020-05-21 16:38:14,630 INFO Head: mr:358.8 mrr:17.88 hits10:33.83 hits3:19.41 hits1:10.16
2020-05-21 16:38:14,630 INFO Tail: mr:154.9 mrr:36.10 hits10:58.04 hits3:40.74 hits1:25.39
2020-05-21 16:38:14,630 INFO All: mr:256.9 mrr:26.99 hits10:45.93 hits3:30.07 hits1:17.78
2020-05-21 16:38:14,642 INFO Start Evaling...
2020-05-21 16:41:08,849 INFO Head: mr:383.3 mrr:17.43 hits10:33.59 hits3:19.29 hits1:9.56
2020-05-21 16:41:08,849 INFO Tail: mr:163.6 mrr:35.47 hits10:57.36 hits3:39.85 hits1:24.89
2020-05-21 16:41:08,849 INFO All: mr:273.5 mrr:26.45 hits10:45.47 hits3:29.57 hits1:17.23
2020-05-21 16:41:08,863 INFO Declined in recent 4 epochs
2020-05-21 16:42:32,777 INFO [83.9] Epoch 340: loss = 19.8016
2020-05-21 16:43:54,972 INFO [82.2] Epoch 341: loss = 19.8087
2020-05-21 16:45:17,686 INFO [82.7] Epoch 342: loss = 19.9541
2020-05-21 16:46:41,413 INFO [83.7] Epoch 343: loss = 19.8643
2020-05-21 16:48:03,876 INFO [82.5] Epoch 344: loss = 20.0108
2020-05-21 16:49:28,012 INFO [84.1] Epoch 345: loss = 19.8875
2020-05-21 16:50:52,925 INFO [84.9] Epoch 346: loss = 19.7436
2020-05-21 16:52:16,712 INFO [83.8] Epoch 347: loss = 20.0311
2020-05-21 16:53:40,783 INFO [84.1] Epoch 348: loss = 19.9335
2020-05-21 16:55:04,380 INFO [83.6] Epoch 349: loss = 20.0089
2020-05-21 16:55:04,381 INFO Start Evaling...
2020-05-21 16:57:36,818 INFO Head: mr:353.1 mrr:18.12 hits10:33.78 hits3:19.41 hits1:10.45
2020-05-21 16:57:36,819 INFO Tail: mr:156.2 mrr:36.09 hits10:58.27 hits3:40.55 hits1:25.34
2020-05-21 16:57:36,819 INFO All: mr:254.6 mrr:27.10 hits10:46.03 hits3:29.98 hits1:17.89
2020-05-21 16:57:36,831 INFO Start Evaling...
2020-05-21 17:00:31,087 INFO Head: mr:372.6 mrr:17.87 hits10:33.38 hits3:19.41 hits1:10.20
2020-05-21 17:00:31,087 INFO Tail: mr:164.2 mrr:35.34 hits10:57.40 hits3:40.01 hits1:24.38
2020-05-21 17:00:31,087 INFO All: mr:268.4 mrr:26.61 hits10:45.39 hits3:29.71 hits1:17.29
2020-05-21 17:00:31,100 INFO Declined in recent 5 epochs
2020-05-21 17:00:31,101 INFO Early stopping
2020-05-21 17:00:31,101 INFO Train done
2020-05-21 17:00:31,106 INFO Start Evaling...
2020-05-21 17:03:25,600 INFO Head: mr:382.6 mrr:17.63 hits10:33.29 hits3:19.21 hits1:9.86
2020-05-21 17:03:25,600 INFO Tail: mr:166.3 mrr:35.63 hits10:57.31 hits3:40.27 hits1:24.92
2020-05-21 17:03:25,600 INFO All: mr:274.4 mrr:26.63 hits10:45.30 hits3:29.74 hits1:17.39
