2020-03-31 15:15:46,587 INFO EPOCH: 1000
2020-03-31 15:15:46,587 INFO EVERY: 10
2020-03-31 15:15:46,587 INFO LR: 0.001
2020-03-31 15:15:46,587 INFO DIM: 100
2020-03-31 15:15:46,587 INFO BATCH_SIZE: 256
2020-03-31 15:15:46,587 INFO BATCH_SIZE2: 256
2020-03-31 15:15:46,587 INFO P: 1
2020-03-31 15:15:46,587 INFO CLIPPING_MAX_VALUE: 4.0
2020-03-31 15:15:46,587 INFO OPTIM: Adam
2020-03-31 15:15:46,587 INFO N_SAMPLE: 12
2020-03-31 15:15:46,587 INFO MODE: rela
2020-03-31 15:15:46,587 INFO GAMMA: 12.0
2020-03-31 15:15:46,587 INFO BERN: True
2020-03-31 15:15:46,588 INFO MARGIN: 4.0
2020-03-31 15:15:46,588 INFO REG: 1.0
2020-03-31 15:15:46,588 INFO LABEL_SMOOTH_EPS: 0.1
2020-03-31 15:15:46,588 INFO INPUT_DROP: 0.2
2020-03-31 15:15:46,588 INFO FEAT_DROP: 0.2
2020-03-31 15:15:46,588 INFO HIDD_DROP: 0.3
2020-03-31 15:15:46,588 INFO CHANNELS: 50
2020-03-31 15:15:46,588 INFO KERNEL_SIZE: 3
2020-03-31 15:15:46,588 INFO N_POOL: 100
2020-03-31 15:15:46,588 INFO MODEL_D: TransH
2020-03-31 15:15:46,588 INFO MODEL_G: DistMult
2020-03-31 15:15:46,588 INFO D_FILE: None
2020-03-31 15:15:46,588 INFO G_FILE: None
2020-03-31 15:15:46,588 INFO PATH: data
2020-03-31 15:15:46,588 INFO DATA: FB15K237
2020-03-31 15:15:46,588 INFO EXP_PATH: experiment/FB15K237
2020-03-31 15:15:46,588 INFO MODEL: DistMult
2020-03-31 15:15:46,588 INFO V: 0
2020-03-31 15:15:46,588 INFO F: False
2020-03-31 15:15:46,588 INFO EVAL: False
2020-03-31 15:15:46,588 INFO TRAINED: False
2020-03-31 15:15:46,588 INFO PRETRAINED_NAME: None
2020-03-31 15:15:46,588 INFO EXP_NAME: DistMult-FB15K237-rela-0
2020-03-31 15:15:46,588 INFO --------------------------------------
2020-03-31 15:15:52,790 INFO Dataload done
2020-03-31 15:15:52,791 INFO --------------------------------------
2020-03-31 15:15:52,791 INFO N_ENTITY: 14541
2020-03-31 15:15:52,791 INFO N_RELATION: 237
2020-03-31 15:15:52,791 INFO --------------------------------------
2020-03-31 15:15:55,778 INFO Start Evaling...
2020-03-31 15:16:30,223 INFO Head: mr:7100.8 mrr:0.09 hits:0.09
2020-03-31 15:16:30,223 INFO Tail: mr:7301.5 mrr:0.07 hits:0.10
2020-03-31 15:16:30,223 INFO All: mr:7201.1 mrr:0.08 hits:0.09
2020-03-31 15:16:30,241 INFO Start Training...
2020-03-31 15:17:03,044 INFO [32.8] Epoch 0: loss = 339.4572
2020-03-31 15:17:37,485 INFO [34.4] Epoch 1: loss = 226.0730
2020-03-31 15:18:08,666 INFO [31.2] Epoch 2: loss = 117.3902
2020-03-31 15:18:42,502 INFO [33.8] Epoch 3: loss = 64.8418
2020-03-31 15:19:15,040 INFO [32.5] Epoch 4: loss = 43.9957
2020-03-31 15:19:48,343 INFO [33.3] Epoch 5: loss = 32.8823
2020-03-31 15:20:21,793 INFO [33.4] Epoch 6: loss = 26.1161
2020-03-31 15:20:55,973 INFO [34.2] Epoch 7: loss = 21.8590
2020-03-31 15:21:29,580 INFO [33.6] Epoch 8: loss = 18.8113
2020-03-31 15:22:05,873 INFO [36.3] Epoch 9: loss = 16.5200
2020-03-31 15:22:05,873 INFO Start Evaling...
2020-03-31 15:22:38,278 INFO Head: mr:514.4 mrr:12.43 hits:22.22
2020-03-31 15:22:38,280 INFO Tail: mr:263.3 mrr:32.71 hits:48.54
2020-03-31 15:22:38,281 INFO All: mr:388.9 mrr:22.57 hits:35.38
2020-03-31 15:22:38,296 INFO Improved and model saved
2020-03-31 15:23:14,860 INFO [36.6] Epoch 10: loss = 15.1368
2020-03-31 15:23:49,467 INFO [34.6] Epoch 11: loss = 13.6787
2020-03-31 15:24:21,689 INFO [32.2] Epoch 12: loss = 12.8531
2020-03-31 15:24:57,986 INFO [36.3] Epoch 13: loss = 12.1375
2020-03-31 15:25:32,686 INFO [34.7] Epoch 14: loss = 11.4165
2020-03-31 15:26:05,631 INFO [32.9] Epoch 15: loss = 10.9255
2020-03-31 15:26:39,104 INFO [33.5] Epoch 16: loss = 10.3780
2020-03-31 15:27:14,101 INFO [35.0] Epoch 17: loss = 9.9946
2020-03-31 15:27:50,589 INFO [36.5] Epoch 18: loss = 9.6220
2020-03-31 15:28:26,885 INFO [36.3] Epoch 19: loss = 9.3250
2020-03-31 15:28:26,888 INFO Start Evaling...
2020-03-31 15:28:59,335 INFO Head: mr:482.8 mrr:12.50 hits:22.50
2020-03-31 15:28:59,335 INFO Tail: mr:236.9 mrr:32.67 hits:49.24
2020-03-31 15:28:59,335 INFO All: mr:359.9 mrr:22.59 hits:35.87
2020-03-31 15:28:59,355 INFO Improved and model saved
2020-03-31 15:29:33,535 INFO [34.2] Epoch 20: loss = 9.0592
2020-03-31 15:30:06,136 INFO [32.6] Epoch 21: loss = 8.7777
2020-03-31 15:30:40,603 INFO [34.5] Epoch 22: loss = 8.6021
2020-03-31 15:31:15,730 INFO [35.1] Epoch 23: loss = 8.5009
2020-03-31 15:31:50,346 INFO [34.6] Epoch 24: loss = 8.1674
2020-03-31 15:32:23,931 INFO [33.6] Epoch 25: loss = 7.9777
2020-03-31 15:32:55,821 INFO [31.9] Epoch 26: loss = 7.8702
2020-03-31 15:33:29,966 INFO [34.1] Epoch 27: loss = 7.7425
2020-03-31 15:34:02,593 INFO [32.6] Epoch 28: loss = 7.5516
2020-03-31 15:34:36,387 INFO [33.8] Epoch 29: loss = 7.4421
2020-03-31 15:34:36,387 INFO Start Evaling...
2020-03-31 15:35:07,938 INFO Head: mr:466.8 mrr:12.25 hits:22.53
2020-03-31 15:35:07,938 INFO Tail: mr:225.1 mrr:32.66 hits:49.31
2020-03-31 15:35:07,938 INFO All: mr:346.0 mrr:22.45 hits:35.92
2020-03-31 15:35:07,951 INFO Improved and model saved
2020-03-31 15:35:39,190 INFO [31.2] Epoch 30: loss = 7.4221
2020-03-31 15:36:11,336 INFO [32.1] Epoch 31: loss = 7.2439
2020-03-31 15:36:45,157 INFO [33.8] Epoch 32: loss = 7.1323
2020-03-31 15:37:18,277 INFO [33.1] Epoch 33: loss = 7.0790
2020-03-31 15:37:54,160 INFO [35.9] Epoch 34: loss = 6.9226
2020-03-31 15:38:27,203 INFO [33.0] Epoch 35: loss = 6.9841
2020-03-31 15:38:56,496 INFO [29.3] Epoch 36: loss = 6.8902
2020-03-31 15:39:28,254 INFO [31.8] Epoch 37: loss = 6.7110
2020-03-31 15:40:01,418 INFO [33.2] Epoch 38: loss = 6.6274
2020-03-31 15:40:33,593 INFO [32.2] Epoch 39: loss = 6.6394
2020-03-31 15:40:33,593 INFO Start Evaling...
2020-03-31 15:41:08,760 INFO Head: mr:461.2 mrr:12.72 hits:22.91
2020-03-31 15:41:08,761 INFO Tail: mr:213.3 mrr:32.15 hits:48.82
2020-03-31 15:41:08,761 INFO All: mr:337.3 mrr:22.44 hits:35.87
2020-03-31 15:41:08,781 INFO Declined in recent 1 epochs
2020-03-31 15:41:40,953 INFO [32.2] Epoch 40: loss = 6.5635
2020-03-31 15:42:14,275 INFO [33.3] Epoch 41: loss = 6.4431
2020-03-31 15:42:43,641 INFO [29.4] Epoch 42: loss = 6.4466
2020-03-31 15:43:15,658 INFO [32.0] Epoch 43: loss = 6.2598
2020-03-31 15:43:49,112 INFO [33.5] Epoch 44: loss = 6.2497
2020-03-31 15:44:22,586 INFO [33.5] Epoch 45: loss = 6.2540
2020-03-31 15:44:55,061 INFO [32.5] Epoch 46: loss = 6.1604
2020-03-31 15:45:30,059 INFO [35.0] Epoch 47: loss = 6.1405
2020-03-31 15:46:03,338 INFO [33.3] Epoch 48: loss = 5.9850
2020-03-31 15:46:36,184 INFO [32.8] Epoch 49: loss = 6.0938
2020-03-31 15:46:36,185 INFO Start Evaling...
2020-03-31 15:47:07,131 INFO Head: mr:454.8 mrr:12.48 hits:23.15
2020-03-31 15:47:07,131 INFO Tail: mr:207.2 mrr:31.52 hits:49.14
2020-03-31 15:47:07,132 INFO All: mr:331.0 mrr:22.00 hits:36.14
2020-03-31 15:47:07,145 INFO Improved and model saved
2020-03-31 15:47:38,479 INFO [31.3] Epoch 50: loss = 6.0006
2020-03-31 15:48:10,984 INFO [32.5] Epoch 51: loss = 5.9072
2020-03-31 15:48:41,681 INFO [30.7] Epoch 52: loss = 5.8321
2020-03-31 15:49:13,788 INFO [32.1] Epoch 53: loss = 5.9031
2020-03-31 15:49:46,361 INFO [32.6] Epoch 54: loss = 5.8139
2020-03-31 15:50:20,833 INFO [34.5] Epoch 55: loss = 5.7975
2020-03-31 15:50:52,297 INFO [31.5] Epoch 56: loss = 5.6956
2020-03-31 15:51:27,994 INFO [35.7] Epoch 57: loss = 5.7274
2020-03-31 15:52:00,861 INFO [32.9] Epoch 58: loss = 5.6259
2020-03-31 15:52:32,574 INFO [31.7] Epoch 59: loss = 5.6916
2020-03-31 15:52:32,574 INFO Start Evaling...
2020-03-31 15:53:04,150 INFO Head: mr:467.0 mrr:12.30 hits:23.19
2020-03-31 15:53:04,153 INFO Tail: mr:199.9 mrr:31.64 hits:48.91
2020-03-31 15:53:04,155 INFO All: mr:333.4 mrr:21.97 hits:36.05
2020-03-31 15:53:04,175 INFO Declined in recent 1 epochs
2020-03-31 15:53:38,764 INFO [34.6] Epoch 60: loss = 5.6085
2020-03-31 15:54:11,988 INFO [33.2] Epoch 61: loss = 5.5839
2020-03-31 15:54:41,839 INFO [29.8] Epoch 62: loss = 5.6769
2020-03-31 15:55:16,348 INFO [34.5] Epoch 63: loss = 5.5130
2020-03-31 15:55:49,690 INFO [33.3] Epoch 64: loss = 5.5248
2020-03-31 15:56:21,857 INFO [32.2] Epoch 65: loss = 5.4295
2020-03-31 15:56:54,469 INFO [32.6] Epoch 66: loss = 5.4538
2020-03-31 15:57:26,539 INFO [32.1] Epoch 67: loss = 5.3719
2020-03-31 15:58:01,182 INFO [34.6] Epoch 68: loss = 5.3892
2020-03-31 15:58:36,478 INFO [35.3] Epoch 69: loss = 5.3075
2020-03-31 15:58:36,479 INFO Start Evaling...
2020-03-31 15:59:07,366 INFO Head: mr:449.8 mrr:12.44 hits:23.79
2020-03-31 15:59:07,369 INFO Tail: mr:196.8 mrr:31.68 hits:49.44
2020-03-31 15:59:07,369 INFO All: mr:323.3 mrr:22.06 hits:36.62
2020-03-31 15:59:07,389 INFO Improved and model saved
2020-03-31 15:59:37,248 INFO [29.9] Epoch 70: loss = 5.3019
2020-03-31 16:00:10,156 INFO [32.9] Epoch 71: loss = 5.4344
2020-03-31 16:00:43,794 INFO [33.6] Epoch 72: loss = 5.3519
2020-03-31 16:01:16,864 INFO [33.1] Epoch 73: loss = 5.3136
2020-03-31 16:01:50,583 INFO [33.7] Epoch 74: loss = 5.2585
2020-03-31 16:02:25,014 INFO [34.4] Epoch 75: loss = 5.2446
2020-03-31 16:02:57,440 INFO [32.4] Epoch 76: loss = 5.1779
2020-03-31 16:03:29,963 INFO [32.5] Epoch 77: loss = 5.1480
2020-03-31 16:04:01,595 INFO [31.6] Epoch 78: loss = 5.2531
2020-03-31 16:04:33,246 INFO [31.7] Epoch 79: loss = 5.2149
2020-03-31 16:04:33,247 INFO Start Evaling...
2020-03-31 16:05:06,517 INFO Head: mr:450.2 mrr:12.22 hits:23.53
2020-03-31 16:05:06,518 INFO Tail: mr:191.9 mrr:31.31 hits:49.19
2020-03-31 16:05:06,518 INFO All: mr:321.0 mrr:21.77 hits:36.36
2020-03-31 16:05:06,536 INFO Declined in recent 1 epochs
2020-03-31 16:05:41,142 INFO [34.6] Epoch 80: loss = 5.1308
2020-03-31 16:06:13,759 INFO [32.6] Epoch 81: loss = 5.2359
2020-03-31 16:06:44,602 INFO [30.8] Epoch 82: loss = 5.0910
2020-03-31 16:07:17,392 INFO [32.8] Epoch 83: loss = 5.1050
2020-03-31 16:07:50,546 INFO [33.2] Epoch 84: loss = 5.1049
2020-03-31 16:08:23,294 INFO [32.7] Epoch 85: loss = 5.0407
2020-03-31 16:08:55,270 INFO [32.0] Epoch 86: loss = 4.9671
2020-03-31 16:09:29,114 INFO [33.8] Epoch 87: loss = 5.0274
2020-03-31 16:10:03,032 INFO [33.9] Epoch 88: loss = 4.9840
2020-03-31 16:10:38,124 INFO [35.1] Epoch 89: loss = 5.0328
2020-03-31 16:10:38,125 INFO Start Evaling...
2020-03-31 16:11:10,572 INFO Head: mr:446.7 mrr:12.49 hits:23.68
2020-03-31 16:11:10,573 INFO Tail: mr:189.0 mrr:31.62 hits:49.67
2020-03-31 16:11:10,573 INFO All: mr:317.9 mrr:22.06 hits:36.68
2020-03-31 16:11:10,588 INFO Improved and model saved
2020-03-31 16:11:45,265 INFO [34.7] Epoch 90: loss = 4.9677
2020-03-31 16:12:17,460 INFO [32.2] Epoch 91: loss = 4.9875
2020-03-31 16:12:47,965 INFO [30.5] Epoch 92: loss = 4.9616
2020-03-31 16:13:22,875 INFO [34.9] Epoch 93: loss = 5.0507
2020-03-31 16:13:56,729 INFO [33.9] Epoch 94: loss = 4.9061
2020-03-31 16:14:29,254 INFO [32.5] Epoch 95: loss = 4.8901
2020-03-31 16:15:01,825 INFO [32.6] Epoch 96: loss = 4.9465
2020-03-31 16:15:35,943 INFO [34.1] Epoch 97: loss = 4.8684
2020-03-31 16:16:10,489 INFO [34.5] Epoch 98: loss = 4.9045
2020-03-31 16:16:46,813 INFO [36.3] Epoch 99: loss = 4.8610
2020-03-31 16:16:46,813 INFO Start Evaling...
2020-03-31 16:17:18,754 INFO Head: mr:449.6 mrr:12.40 hits:23.64
2020-03-31 16:17:18,754 INFO Tail: mr:186.3 mrr:31.20 hits:49.44
2020-03-31 16:17:18,754 INFO All: mr:317.9 mrr:21.80 hits:36.54
2020-03-31 16:17:18,774 INFO Declined in recent 1 epochs
2020-03-31 16:17:50,500 INFO [31.7] Epoch 100: loss = 4.8074
2020-03-31 16:18:26,594 INFO [36.1] Epoch 101: loss = 4.8218
2020-03-31 16:18:58,078 INFO [31.5] Epoch 102: loss = 4.8088
2020-03-31 16:19:32,549 INFO [34.5] Epoch 103: loss = 4.7931
2020-03-31 16:20:06,459 INFO [33.9] Epoch 104: loss = 4.6967
2020-03-31 16:20:40,370 INFO [33.9] Epoch 105: loss = 4.7098
2020-03-31 16:21:16,237 INFO [35.9] Epoch 106: loss = 4.7828
2020-03-31 16:21:50,616 INFO [34.4] Epoch 107: loss = 4.7635
2020-03-31 16:22:25,322 INFO [34.7] Epoch 108: loss = 4.7145
2020-03-31 16:23:01,203 INFO [35.9] Epoch 109: loss = 4.7143
2020-03-31 16:23:01,203 INFO Start Evaling...
2020-03-31 16:23:32,348 INFO Head: mr:442.6 mrr:12.56 hits:24.28
2020-03-31 16:23:32,348 INFO Tail: mr:183.2 mrr:31.24 hits:49.43
2020-03-31 16:23:32,348 INFO All: mr:312.9 mrr:21.90 hits:36.85
2020-03-31 16:23:32,360 INFO Improved and model saved
2020-03-31 16:24:03,788 INFO [31.4] Epoch 110: loss = 4.7862
2020-03-31 16:24:37,439 INFO [33.7] Epoch 111: loss = 4.6990
2020-03-31 16:25:11,118 INFO [33.7] Epoch 112: loss = 4.7029
2020-03-31 16:25:43,612 INFO [32.5] Epoch 113: loss = 4.5971
2020-03-31 16:26:19,124 INFO [35.5] Epoch 114: loss = 4.6942
2020-03-31 16:26:51,771 INFO [32.6] Epoch 115: loss = 4.7261
2020-03-31 16:27:23,257 INFO [31.5] Epoch 116: loss = 4.6717
2020-03-31 16:27:57,071 INFO [33.8] Epoch 117: loss = 4.5997
2020-03-31 16:28:29,894 INFO [32.8] Epoch 118: loss = 4.5327
2020-03-31 16:29:02,342 INFO [32.4] Epoch 119: loss = 4.6501
2020-03-31 16:29:02,342 INFO Start Evaling...
2020-03-31 16:29:34,736 INFO Head: mr:443.6 mrr:12.57 hits:24.59
2020-03-31 16:29:34,736 INFO Tail: mr:179.3 mrr:31.03 hits:49.93
2020-03-31 16:29:34,736 INFO All: mr:311.4 mrr:21.80 hits:37.26
2020-03-31 16:29:34,757 INFO Improved and model saved
2020-03-31 16:30:06,027 INFO [31.3] Epoch 120: loss = 4.5252
2020-03-31 16:30:39,676 INFO [33.6] Epoch 121: loss = 4.5707
2020-03-31 16:31:14,959 INFO [35.3] Epoch 122: loss = 4.6621
2020-03-31 16:31:49,400 INFO [34.4] Epoch 123: loss = 4.6441
2020-03-31 16:32:25,360 INFO [36.0] Epoch 124: loss = 4.5462
2020-03-31 16:32:58,201 INFO [32.8] Epoch 125: loss = 4.4762
2020-03-31 16:33:29,534 INFO [31.3] Epoch 126: loss = 4.6116
2020-03-31 16:34:02,343 INFO [32.8] Epoch 127: loss = 4.6093
2020-03-31 16:34:33,412 INFO [31.1] Epoch 128: loss = 4.6160
2020-03-31 16:35:06,877 INFO [33.5] Epoch 129: loss = 4.5265
2020-03-31 16:35:06,877 INFO Start Evaling...
2020-03-31 16:35:37,230 INFO Head: mr:437.4 mrr:12.59 hits:24.45
2020-03-31 16:35:37,232 INFO Tail: mr:176.7 mrr:31.06 hits:49.83
2020-03-31 16:35:37,233 INFO All: mr:307.0 mrr:21.83 hits:37.14
2020-03-31 16:35:37,245 INFO Declined in recent 1 epochs
2020-03-31 16:36:07,930 INFO [30.7] Epoch 130: loss = 4.5718
2020-03-31 16:36:40,791 INFO [32.9] Epoch 131: loss = 4.5002
2020-03-31 16:37:14,427 INFO [33.6] Epoch 132: loss = 4.4390
2020-03-31 16:37:47,460 INFO [33.0] Epoch 133: loss = 4.5689
2020-03-31 16:38:20,180 INFO [32.7] Epoch 134: loss = 4.4638
2020-03-31 16:38:55,304 INFO [35.1] Epoch 135: loss = 4.4230
2020-03-31 16:39:27,984 INFO [32.7] Epoch 136: loss = 4.4597
2020-03-31 16:40:00,404 INFO [32.4] Epoch 137: loss = 4.3701
2020-03-31 16:40:31,667 INFO [31.3] Epoch 138: loss = 4.4497
2020-03-31 16:41:01,875 INFO [30.2] Epoch 139: loss = 4.3705
2020-03-31 16:41:01,876 INFO Start Evaling...
2020-03-31 16:41:32,479 INFO Head: mr:438.2 mrr:12.69 hits:24.66
2020-03-31 16:41:32,480 INFO Tail: mr:175.9 mrr:31.40 hits:50.40
2020-03-31 16:41:32,480 INFO All: mr:307.1 mrr:22.05 hits:37.53
2020-03-31 16:41:32,495 INFO Improved and model saved
2020-03-31 16:42:04,231 INFO [31.7] Epoch 140: loss = 4.3820
2020-03-31 16:42:36,921 INFO [32.7] Epoch 141: loss = 4.5022
2020-03-31 16:43:09,602 INFO [32.7] Epoch 142: loss = 4.5251
2020-03-31 16:43:41,929 INFO [32.3] Epoch 143: loss = 4.4677
2020-03-31 16:44:14,630 INFO [32.7] Epoch 144: loss = 4.4297
2020-03-31 16:44:47,218 INFO [32.6] Epoch 145: loss = 4.4464
2020-03-31 16:45:21,104 INFO [33.9] Epoch 146: loss = 4.3814
2020-03-31 16:45:54,232 INFO [33.1] Epoch 147: loss = 4.3574
2020-03-31 16:46:28,846 INFO [34.6] Epoch 148: loss = 4.3743
2020-03-31 16:47:02,192 INFO [33.3] Epoch 149: loss = 4.3615
2020-03-31 16:47:02,193 INFO Start Evaling...
2020-03-31 16:47:33,852 INFO Head: mr:428.0 mrr:12.66 hits:24.25
2020-03-31 16:47:33,852 INFO Tail: mr:175.3 mrr:31.32 hits:49.68
2020-03-31 16:47:33,852 INFO All: mr:301.6 mrr:21.99 hits:36.97
2020-03-31 16:47:33,872 INFO Declined in recent 1 epochs
2020-03-31 16:48:03,536 INFO [29.7] Epoch 150: loss = 4.4178
2020-03-31 16:48:35,791 INFO [32.3] Epoch 151: loss = 4.3251
2020-03-31 16:49:08,397 INFO [32.6] Epoch 152: loss = 4.3901
2020-03-31 16:49:42,537 INFO [34.1] Epoch 153: loss = 4.3326
2020-03-31 16:50:14,593 INFO [32.1] Epoch 154: loss = 4.3768
2020-03-31 16:50:46,255 INFO [31.7] Epoch 155: loss = 4.2866
2020-03-31 16:51:17,724 INFO [31.5] Epoch 156: loss = 4.4027
2020-03-31 16:51:50,098 INFO [32.4] Epoch 157: loss = 4.3003
2020-03-31 16:52:21,808 INFO [31.7] Epoch 158: loss = 4.2531
2020-03-31 16:52:55,788 INFO [34.0] Epoch 159: loss = 4.3479
2020-03-31 16:52:55,789 INFO Start Evaling...
2020-03-31 16:53:26,995 INFO Head: mr:420.1 mrr:13.30 hits:25.04
2020-03-31 16:53:26,995 INFO Tail: mr:173.7 mrr:31.16 hits:49.65
2020-03-31 16:53:26,995 INFO All: mr:296.9 mrr:22.23 hits:37.35
2020-03-31 16:53:27,013 INFO Declined in recent 2 epochs
2020-03-31 16:53:59,612 INFO [32.6] Epoch 160: loss = 4.1994
2020-03-31 16:54:32,977 INFO [33.4] Epoch 161: loss = 4.2292
2020-03-31 16:55:04,889 INFO [31.9] Epoch 162: loss = 4.2710
2020-03-31 16:55:40,507 INFO [35.6] Epoch 163: loss = 4.2138
2020-03-31 16:56:12,847 INFO [32.3] Epoch 164: loss = 4.2710
2020-03-31 16:56:46,763 INFO [33.9] Epoch 165: loss = 4.2729
2020-03-31 16:57:18,553 INFO [31.8] Epoch 166: loss = 4.3222
2020-03-31 16:57:51,913 INFO [33.4] Epoch 167: loss = 4.2548
2020-03-31 16:58:27,694 INFO [35.8] Epoch 168: loss = 4.2161
2020-03-31 16:59:00,034 INFO [32.3] Epoch 169: loss = 4.2136
2020-03-31 16:59:00,035 INFO Start Evaling...
2020-03-31 16:59:33,214 INFO Head: mr:428.9 mrr:12.79 hits:24.58
2020-03-31 16:59:33,215 INFO Tail: mr:170.4 mrr:30.78 hits:50.11
2020-03-31 16:59:33,215 INFO All: mr:299.6 mrr:21.79 hits:37.34
2020-03-31 16:59:33,231 INFO Declined in recent 3 epochs
2020-03-31 17:00:08,668 INFO [35.4] Epoch 170: loss = 4.1758
2020-03-31 17:00:42,793 INFO [34.1] Epoch 171: loss = 4.1560
2020-03-31 17:01:15,088 INFO [32.3] Epoch 172: loss = 4.2704
2020-03-31 17:01:47,313 INFO [32.2] Epoch 173: loss = 4.1723
2020-03-31 17:02:19,296 INFO [32.0] Epoch 174: loss = 4.2506
2020-03-31 17:02:50,477 INFO [31.2] Epoch 175: loss = 4.1891
2020-03-31 17:03:22,875 INFO [32.4] Epoch 176: loss = 4.3010
2020-03-31 17:03:54,715 INFO [31.8] Epoch 177: loss = 4.1487
2020-03-31 17:04:30,595 INFO [35.9] Epoch 178: loss = 4.2514
2020-03-31 17:05:06,339 INFO [35.7] Epoch 179: loss = 4.2175
2020-03-31 17:05:06,340 INFO Start Evaling...
2020-03-31 17:05:37,850 INFO Head: mr:424.1 mrr:12.98 hits:25.28
2020-03-31 17:05:37,852 INFO Tail: mr:168.4 mrr:30.86 hits:49.85
2020-03-31 17:05:37,852 INFO All: mr:296.2 mrr:21.92 hits:37.57
2020-03-31 17:05:37,871 INFO Improved and model saved
2020-03-31 17:06:12,473 INFO [34.6] Epoch 180: loss = 4.2220
2020-03-31 17:06:44,437 INFO [32.0] Epoch 181: loss = 4.1301
2020-03-31 17:07:18,937 INFO [34.5] Epoch 182: loss = 4.1769
2020-03-31 17:07:50,827 INFO [31.9] Epoch 183: loss = 4.2017
2020-03-31 17:08:23,690 INFO [32.9] Epoch 184: loss = 4.1701
2020-03-31 17:08:58,007 INFO [34.3] Epoch 185: loss = 4.1691
2020-03-31 17:09:25,198 INFO [27.2] Epoch 186: loss = 4.0310
2020-03-31 17:09:58,030 INFO [32.8] Epoch 187: loss = 4.1451
2020-03-31 17:10:32,441 INFO [34.4] Epoch 188: loss = 4.0873
2020-03-31 17:11:04,779 INFO [32.3] Epoch 189: loss = 4.1232
2020-03-31 17:11:04,780 INFO Start Evaling...
2020-03-31 17:11:37,766 INFO Head: mr:423.8 mrr:13.03 hits:25.13
2020-03-31 17:11:37,766 INFO Tail: mr:168.7 mrr:31.10 hits:50.08
2020-03-31 17:11:37,766 INFO All: mr:296.2 mrr:22.06 hits:37.60
2020-03-31 17:11:37,786 INFO Improved and model saved
2020-03-31 17:12:08,979 INFO [31.2] Epoch 190: loss = 4.1057
2020-03-31 17:12:41,725 INFO [32.7] Epoch 191: loss = 4.0778
2020-03-31 17:13:13,935 INFO [32.2] Epoch 192: loss = 4.0930
2020-03-31 17:13:47,172 INFO [33.2] Epoch 193: loss = 4.1253
2020-03-31 17:14:20,936 INFO [33.8] Epoch 194: loss = 4.1093
2020-03-31 17:14:54,402 INFO [33.5] Epoch 195: loss = 4.1836
2020-03-31 17:15:26,159 INFO [31.8] Epoch 196: loss = 4.0674
2020-03-31 17:15:58,436 INFO [32.3] Epoch 197: loss = 4.1109
2020-03-31 17:16:30,501 INFO [32.1] Epoch 198: loss = 4.1102
2020-03-31 17:17:03,333 INFO [32.8] Epoch 199: loss = 4.2057
2020-03-31 17:17:03,333 INFO Start Evaling...
2020-03-31 17:17:36,115 INFO Head: mr:425.3 mrr:12.73 hits:25.11
2020-03-31 17:17:36,115 INFO Tail: mr:167.8 mrr:31.13 hits:49.75
2020-03-31 17:17:36,115 INFO All: mr:296.5 mrr:21.93 hits:37.43
2020-03-31 17:17:36,126 INFO Declined in recent 1 epochs
2020-03-31 17:18:09,652 INFO [33.5] Epoch 200: loss = 4.1472
2020-03-31 17:18:43,873 INFO [34.2] Epoch 201: loss = 4.1612
2020-03-31 17:19:16,625 INFO [32.8] Epoch 202: loss = 4.0579
2020-03-31 17:19:51,822 INFO [35.2] Epoch 203: loss = 4.1541
2020-03-31 17:20:23,408 INFO [31.6] Epoch 204: loss = 4.1067
2020-03-31 17:20:55,754 INFO [32.3] Epoch 205: loss = 4.1181
2020-03-31 17:21:24,395 INFO [28.6] Epoch 206: loss = 4.1815
2020-03-31 17:21:57,841 INFO [33.4] Epoch 207: loss = 4.0836
2020-03-31 17:22:32,912 INFO [35.1] Epoch 208: loss = 4.1526
2020-03-31 17:23:09,814 INFO [36.9] Epoch 209: loss = 4.0217
2020-03-31 17:23:09,814 INFO Start Evaling...
2020-03-31 17:23:42,369 INFO Head: mr:414.3 mrr:12.97 hits:25.29
2020-03-31 17:23:42,369 INFO Tail: mr:165.0 mrr:30.69 hits:49.76
2020-03-31 17:23:42,369 INFO All: mr:289.7 mrr:21.83 hits:37.52
2020-03-31 17:23:42,391 INFO Declined in recent 2 epochs
2020-03-31 17:24:15,144 INFO [32.8] Epoch 210: loss = 4.0441
2020-03-31 17:24:48,700 INFO [33.6] Epoch 211: loss = 4.0629
2020-03-31 17:25:21,997 INFO [33.3] Epoch 212: loss = 4.0408
2020-03-31 17:25:55,543 INFO [33.5] Epoch 213: loss = 4.0404
2020-03-31 17:26:27,328 INFO [31.8] Epoch 214: loss = 4.0191
2020-03-31 17:27:00,402 INFO [33.1] Epoch 215: loss = 4.0422
2020-03-31 17:27:31,879 INFO [31.5] Epoch 216: loss = 4.0710
2020-03-31 17:28:05,965 INFO [34.1] Epoch 217: loss = 4.1046
2020-03-31 17:28:35,947 INFO [30.0] Epoch 218: loss = 4.0646
2020-03-31 17:29:10,665 INFO [34.7] Epoch 219: loss = 3.9196
2020-03-31 17:29:10,665 INFO Start Evaling...
2020-03-31 17:29:42,224 INFO Head: mr:421.0 mrr:12.78 hits:25.26
2020-03-31 17:29:42,224 INFO Tail: mr:163.8 mrr:30.42 hits:50.16
2020-03-31 17:29:42,224 INFO All: mr:292.4 mrr:21.60 hits:37.71
2020-03-31 17:29:42,237 INFO Improved and model saved
2020-03-31 17:30:16,687 INFO [34.4] Epoch 220: loss = 3.9537
2020-03-31 17:30:51,875 INFO [35.2] Epoch 221: loss = 3.9632
2020-03-31 17:31:27,343 INFO [35.5] Epoch 222: loss = 4.0181
2020-03-31 17:32:03,805 INFO [36.5] Epoch 223: loss = 3.8683
2020-03-31 17:32:35,962 INFO [32.2] Epoch 224: loss = 4.0544
2020-03-31 17:33:07,628 INFO [31.7] Epoch 225: loss = 3.9507
2020-03-31 17:33:38,323 INFO [30.7] Epoch 226: loss = 3.9876
2020-03-31 17:34:11,745 INFO [33.4] Epoch 227: loss = 4.0845
2020-03-31 17:34:47,395 INFO [35.6] Epoch 228: loss = 3.9349
2020-03-31 17:35:21,442 INFO [34.0] Epoch 229: loss = 3.9325
2020-03-31 17:35:21,443 INFO Start Evaling...
2020-03-31 17:35:54,083 INFO Head: mr:418.8 mrr:13.07 hits:25.52
2020-03-31 17:35:54,083 INFO Tail: mr:163.9 mrr:30.71 hits:49.66
2020-03-31 17:35:54,083 INFO All: mr:291.3 mrr:21.89 hits:37.59
2020-03-31 17:35:54,097 INFO Declined in recent 1 epochs
2020-03-31 17:36:25,848 INFO [31.8] Epoch 230: loss = 3.9749
2020-03-31 17:37:00,768 INFO [34.9] Epoch 231: loss = 3.9208
2020-03-31 17:37:32,853 INFO [32.1] Epoch 232: loss = 3.9499
2020-03-31 17:38:04,301 INFO [31.4] Epoch 233: loss = 3.9928
2020-03-31 17:38:36,528 INFO [32.2] Epoch 234: loss = 3.9900
2020-03-31 17:39:11,112 INFO [34.6] Epoch 235: loss = 4.0024
2020-03-31 17:39:42,783 INFO [31.7] Epoch 236: loss = 4.0070
2020-03-31 17:40:17,847 INFO [35.1] Epoch 237: loss = 3.8705
2020-03-31 17:40:49,100 INFO [31.3] Epoch 238: loss = 3.9743
2020-03-31 17:41:19,389 INFO [30.3] Epoch 239: loss = 3.8984
2020-03-31 17:41:19,390 INFO Start Evaling...
2020-03-31 17:41:51,005 INFO Head: mr:409.8 mrr:12.72 hits:25.67
2020-03-31 17:41:51,005 INFO Tail: mr:161.8 mrr:30.63 hits:50.52
2020-03-31 17:41:51,005 INFO All: mr:285.8 mrr:21.68 hits:38.10
2020-03-31 17:41:51,025 INFO Improved and model saved
2020-03-31 17:42:22,497 INFO [31.5] Epoch 240: loss = 3.9115
2020-03-31 17:42:55,311 INFO [32.8] Epoch 241: loss = 3.9986
2020-03-31 17:43:25,878 INFO [30.6] Epoch 242: loss = 3.8738
2020-03-31 17:44:00,314 INFO [34.4] Epoch 243: loss = 3.9920
2020-03-31 17:44:32,263 INFO [31.9] Epoch 244: loss = 3.9292
2020-03-31 17:45:05,130 INFO [32.9] Epoch 245: loss = 3.9335
2020-03-31 17:45:38,529 INFO [33.4] Epoch 246: loss = 4.0079
2020-03-31 17:46:14,839 INFO [36.3] Epoch 247: loss = 3.9380
2020-03-31 17:46:45,817 INFO [31.0] Epoch 248: loss = 3.9557
2020-03-31 17:47:19,790 INFO [34.0] Epoch 249: loss = 3.8988
2020-03-31 17:47:19,791 INFO Start Evaling...
2020-03-31 17:47:49,337 INFO Head: mr:406.9 mrr:13.20 hits:25.66
2020-03-31 17:47:49,337 INFO Tail: mr:162.1 mrr:30.47 hits:49.64
2020-03-31 17:47:49,337 INFO All: mr:284.5 mrr:21.84 hits:37.65
2020-03-31 17:47:49,351 INFO Declined in recent 1 epochs
2020-03-31 17:48:23,737 INFO [34.4] Epoch 250: loss = 3.9379
2020-03-31 17:48:58,268 INFO [34.5] Epoch 251: loss = 3.8573
2020-03-31 17:49:29,432 INFO [31.2] Epoch 252: loss = 3.8193
2020-03-31 17:50:03,991 INFO [34.6] Epoch 253: loss = 3.8850
2020-03-31 17:50:39,144 INFO [35.2] Epoch 254: loss = 3.8390
2020-03-31 17:51:12,379 INFO [33.2] Epoch 255: loss = 3.8980
2020-03-31 17:51:44,821 INFO [32.4] Epoch 256: loss = 3.9559
2020-03-31 17:52:18,871 INFO [34.0] Epoch 257: loss = 3.8757
2020-03-31 17:52:51,112 INFO [32.2] Epoch 258: loss = 3.9486
2020-03-31 17:53:24,479 INFO [33.4] Epoch 259: loss = 3.8868
2020-03-31 17:53:24,479 INFO Start Evaling...
2020-03-31 17:53:57,319 INFO Head: mr:411.4 mrr:13.29 hits:25.37
2020-03-31 17:53:57,319 INFO Tail: mr:162.7 mrr:30.33 hits:49.71
2020-03-31 17:53:57,319 INFO All: mr:287.0 mrr:21.81 hits:37.54
2020-03-31 17:53:57,330 INFO Declined in recent 2 epochs
2020-03-31 17:54:29,417 INFO [32.1] Epoch 260: loss = 3.8987
2020-03-31 17:55:05,449 INFO [36.0] Epoch 261: loss = 3.8708
2020-03-31 17:55:37,577 INFO [32.1] Epoch 262: loss = 3.8929
2020-03-31 17:56:10,662 INFO [33.1] Epoch 263: loss = 3.7974
2020-03-31 17:56:42,552 INFO [31.9] Epoch 264: loss = 3.9530
2020-03-31 17:57:15,409 INFO [32.9] Epoch 265: loss = 3.8582
2020-03-31 17:57:47,112 INFO [31.7] Epoch 266: loss = 3.8759
2020-03-31 17:58:19,121 INFO [32.0] Epoch 267: loss = 3.8764
2020-03-31 17:58:52,736 INFO [33.6] Epoch 268: loss = 3.8428
2020-03-31 17:59:25,487 INFO [32.7] Epoch 269: loss = 3.8667
2020-03-31 17:59:25,487 INFO Start Evaling...
2020-03-31 17:59:56,546 INFO Head: mr:416.0 mrr:13.08 hits:25.84
2020-03-31 17:59:56,546 INFO Tail: mr:160.6 mrr:31.46 hits:50.38
2020-03-31 17:59:56,547 INFO All: mr:288.3 mrr:22.27 hits:38.11
2020-03-31 17:59:56,566 INFO Improved and model saved
2020-03-31 18:00:30,261 INFO [33.7] Epoch 270: loss = 3.8542
2020-03-31 18:01:01,227 INFO [31.0] Epoch 271: loss = 3.7999
2020-03-31 18:01:35,074 INFO [33.8] Epoch 272: loss = 3.8420
2020-03-31 18:02:08,085 INFO [33.0] Epoch 273: loss = 3.7765
2020-03-31 18:02:41,211 INFO [33.1] Epoch 274: loss = 3.8378
2020-03-31 18:03:13,476 INFO [32.3] Epoch 275: loss = 3.8235
2020-03-31 18:03:47,915 INFO [34.4] Epoch 276: loss = 3.7961
2020-03-31 18:04:20,833 INFO [32.9] Epoch 277: loss = 3.8200
2020-03-31 18:04:56,399 INFO [35.6] Epoch 278: loss = 3.8778
2020-03-31 18:05:30,860 INFO [34.5] Epoch 279: loss = 3.9158
2020-03-31 18:05:30,860 INFO Start Evaling...
2020-03-31 18:06:03,249 INFO Head: mr:413.8 mrr:13.14 hits:25.62
2020-03-31 18:06:03,252 INFO Tail: mr:159.8 mrr:30.69 hits:49.99
2020-03-31 18:06:03,254 INFO All: mr:286.8 mrr:21.91 hits:37.80
2020-03-31 18:06:03,272 INFO Declined in recent 1 epochs
2020-03-31 18:06:37,108 INFO [33.8] Epoch 280: loss = 3.8885
2020-03-31 18:07:09,715 INFO [32.6] Epoch 281: loss = 3.7819
2020-03-31 18:07:44,240 INFO [34.5] Epoch 282: loss = 3.8316
2020-03-31 18:08:18,816 INFO [34.6] Epoch 283: loss = 3.8043
2020-03-31 18:08:50,833 INFO [32.0] Epoch 284: loss = 3.8820
2020-03-31 18:09:23,845 INFO [33.0] Epoch 285: loss = 3.7387
2020-03-31 18:09:56,129 INFO [32.3] Epoch 286: loss = 3.8502
2020-03-31 18:10:30,223 INFO [34.1] Epoch 287: loss = 3.8028
2020-03-31 18:11:03,981 INFO [33.8] Epoch 288: loss = 3.8768
2020-03-31 18:11:34,921 INFO [30.9] Epoch 289: loss = 3.8857
2020-03-31 18:11:34,921 INFO Start Evaling...
2020-03-31 18:12:05,804 INFO Head: mr:404.1 mrr:13.16 hits:25.66
2020-03-31 18:12:05,804 INFO Tail: mr:158.4 mrr:30.53 hits:50.47
2020-03-31 18:12:05,805 INFO All: mr:281.2 mrr:21.84 hits:38.06
2020-03-31 18:12:05,818 INFO Declined in recent 2 epochs
2020-03-31 18:12:39,272 INFO [33.5] Epoch 290: loss = 3.7467
2020-03-31 18:13:11,642 INFO [32.4] Epoch 291: loss = 3.8053
2020-03-31 18:13:45,408 INFO [33.8] Epoch 292: loss = 3.7843
2020-03-31 18:14:20,493 INFO [35.1] Epoch 293: loss = 3.7312
2020-03-31 18:14:54,478 INFO [34.0] Epoch 294: loss = 3.7976
2020-03-31 18:15:26,996 INFO [32.5] Epoch 295: loss = 3.7506
2020-03-31 18:15:58,602 INFO [31.6] Epoch 296: loss = 3.8632
2020-03-31 18:16:31,096 INFO [32.5] Epoch 297: loss = 3.7650
2020-03-31 18:17:02,735 INFO [31.6] Epoch 298: loss = 3.7687
2020-03-31 18:17:35,713 INFO [33.0] Epoch 299: loss = 3.7935
2020-03-31 18:17:35,713 INFO Start Evaling...
2020-03-31 18:18:07,469 INFO Head: mr:406.8 mrr:12.96 hits:25.39
2020-03-31 18:18:07,471 INFO Tail: mr:157.1 mrr:29.84 hits:50.05
2020-03-31 18:18:07,472 INFO All: mr:281.9 mrr:21.40 hits:37.72
2020-03-31 18:18:07,491 INFO Declined in recent 3 epochs
2020-03-31 18:18:41,266 INFO [33.8] Epoch 300: loss = 3.8283
2020-03-31 18:19:12,508 INFO [31.2] Epoch 301: loss = 3.8787
2020-03-31 18:19:42,428 INFO [29.9] Epoch 302: loss = 3.8408
2020-03-31 18:20:15,860 INFO [33.4] Epoch 303: loss = 3.7999
2020-03-31 18:20:51,438 INFO [35.6] Epoch 304: loss = 3.7759
2020-03-31 18:21:26,475 INFO [35.0] Epoch 305: loss = 3.7661
2020-03-31 18:21:57,042 INFO [30.6] Epoch 306: loss = 3.8155
2020-03-31 18:22:32,041 INFO [35.0] Epoch 307: loss = 3.7181
2020-03-31 18:23:10,867 INFO [38.8] Epoch 308: loss = 3.7049
2020-03-31 18:23:47,628 INFO [36.8] Epoch 309: loss = 3.8791
2020-03-31 18:23:47,628 INFO Start Evaling...
2020-03-31 18:24:19,846 INFO Head: mr:404.5 mrr:12.86 hits:26.09
2020-03-31 18:24:19,846 INFO Tail: mr:156.9 mrr:30.48 hits:50.41
2020-03-31 18:24:19,846 INFO All: mr:280.7 mrr:21.67 hits:38.25
2020-03-31 18:24:19,867 INFO Improved and model saved
2020-03-31 18:24:55,822 INFO [35.9] Epoch 310: loss = 3.6855
2020-03-31 18:25:31,172 INFO [35.3] Epoch 311: loss = 3.8430
2020-03-31 18:26:06,774 INFO [35.6] Epoch 312: loss = 3.7949
2020-03-31 18:26:39,775 INFO [33.0] Epoch 313: loss = 3.7468
2020-03-31 18:27:12,471 INFO [32.7] Epoch 314: loss = 3.7596
2020-03-31 18:27:44,411 INFO [31.9] Epoch 315: loss = 3.7095
2020-03-31 18:28:20,240 INFO [35.8] Epoch 316: loss = 3.8436
2020-03-31 18:28:57,495 INFO [37.3] Epoch 317: loss = 3.7339
2020-03-31 18:29:34,812 INFO [37.3] Epoch 318: loss = 3.7791
2020-03-31 18:30:10,731 INFO [35.9] Epoch 319: loss = 3.7459
2020-03-31 18:30:10,731 INFO Start Evaling...
2020-03-31 18:30:42,079 INFO Head: mr:397.7 mrr:13.31 hits:25.98
2020-03-31 18:30:42,079 INFO Tail: mr:156.3 mrr:31.03 hits:49.88
2020-03-31 18:30:42,079 INFO All: mr:277.0 mrr:22.17 hits:37.93
2020-03-31 18:30:42,091 INFO Declined in recent 1 epochs
2020-03-31 18:31:15,158 INFO [33.1] Epoch 320: loss = 3.7723
2020-03-31 18:31:50,398 INFO [35.2] Epoch 321: loss = 3.6973
2020-03-31 18:32:24,240 INFO [33.8] Epoch 322: loss = 3.7862
2020-03-31 18:32:58,763 INFO [34.5] Epoch 323: loss = 3.7432
2020-03-31 18:33:33,726 INFO [35.0] Epoch 324: loss = 3.7812
2020-03-31 18:34:09,965 INFO [36.2] Epoch 325: loss = 3.6582
2020-03-31 18:34:41,258 INFO [31.3] Epoch 326: loss = 3.7640
2020-03-31 18:35:17,885 INFO [36.6] Epoch 327: loss = 3.7007
2020-03-31 18:35:53,979 INFO [36.1] Epoch 328: loss = 3.7745
2020-03-31 18:36:28,361 INFO [34.4] Epoch 329: loss = 3.7636
2020-03-31 18:36:28,362 INFO Start Evaling...
2020-03-31 18:37:00,482 INFO Head: mr:411.6 mrr:13.65 hits:26.33
2020-03-31 18:37:00,485 INFO Tail: mr:156.4 mrr:30.90 hits:50.12
2020-03-31 18:37:00,487 INFO All: mr:284.0 mrr:22.27 hits:38.23
2020-03-31 18:37:00,506 INFO Declined in recent 2 epochs
2020-03-31 18:37:32,213 INFO [31.7] Epoch 330: loss = 3.7554
2020-03-31 18:38:06,574 INFO [34.4] Epoch 331: loss = 3.7258
2020-03-31 18:38:44,929 INFO [38.4] Epoch 332: loss = 3.6618
2020-03-31 18:39:21,383 INFO [36.5] Epoch 333: loss = 3.7806
2020-03-31 18:39:54,744 INFO [33.4] Epoch 334: loss = 3.6668
2020-03-31 18:40:30,738 INFO [36.0] Epoch 335: loss = 3.8189
2020-03-31 18:41:04,217 INFO [33.5] Epoch 336: loss = 3.7937
2020-03-31 18:41:41,385 INFO [37.2] Epoch 337: loss = 3.7713
2020-03-31 18:42:14,636 INFO [33.3] Epoch 338: loss = 3.7007
2020-03-31 18:42:49,575 INFO [34.9] Epoch 339: loss = 3.7844
2020-03-31 18:42:49,576 INFO Start Evaling...
2020-03-31 18:43:21,631 INFO Head: mr:405.5 mrr:13.00 hits:25.86
2020-03-31 18:43:21,632 INFO Tail: mr:153.9 mrr:30.75 hits:51.16
2020-03-31 18:43:21,632 INFO All: mr:279.7 mrr:21.88 hits:38.51
2020-03-31 18:43:21,645 INFO Improved and model saved
2020-03-31 18:43:55,596 INFO [33.9] Epoch 340: loss = 3.7598
2020-03-31 18:44:29,135 INFO [33.5] Epoch 341: loss = 3.7387
2020-03-31 18:45:03,212 INFO [34.1] Epoch 342: loss = 3.7824
2020-03-31 18:45:36,442 INFO [33.2] Epoch 343: loss = 3.7221
2020-03-31 18:46:08,693 INFO [32.2] Epoch 344: loss = 3.6698
2020-03-31 18:46:41,753 INFO [33.1] Epoch 345: loss = 3.5658
2020-03-31 18:47:16,539 INFO [34.8] Epoch 346: loss = 3.6845
2020-03-31 18:47:50,513 INFO [34.0] Epoch 347: loss = 3.6590
2020-03-31 18:48:26,570 INFO [36.1] Epoch 348: loss = 3.7937
2020-03-31 18:49:01,556 INFO [35.0] Epoch 349: loss = 3.7214
2020-03-31 18:49:01,557 INFO Start Evaling...
2020-03-31 18:49:32,654 INFO Head: mr:398.5 mrr:13.26 hits:26.14
2020-03-31 18:49:32,654 INFO Tail: mr:153.8 mrr:30.04 hits:50.07
2020-03-31 18:49:32,654 INFO All: mr:276.1 mrr:21.65 hits:38.11
2020-03-31 18:49:32,668 INFO Declined in recent 1 epochs
2020-03-31 18:50:07,154 INFO [34.5] Epoch 350: loss = 3.7204
2020-03-31 18:50:38,859 INFO [31.7] Epoch 351: loss = 3.6796
2020-03-31 18:51:11,951 INFO [33.1] Epoch 352: loss = 3.6202
2020-03-31 18:51:43,687 INFO [31.7] Epoch 353: loss = 3.6815
2020-03-31 18:52:19,502 INFO [35.8] Epoch 354: loss = 3.6598
2020-03-31 18:52:54,053 INFO [34.6] Epoch 355: loss = 3.7357
2020-03-31 18:53:28,444 INFO [34.4] Epoch 356: loss = 3.7562
2020-03-31 18:54:05,246 INFO [36.8] Epoch 357: loss = 3.7261
2020-03-31 18:54:37,212 INFO [32.0] Epoch 358: loss = 3.7233
2020-03-31 18:55:06,484 INFO [29.3] Epoch 359: loss = 3.7844
2020-03-31 18:55:06,484 INFO Start Evaling...
2020-03-31 18:55:38,627 INFO Head: mr:393.4 mrr:13.22 hits:26.24
2020-03-31 18:55:38,627 INFO Tail: mr:153.5 mrr:30.11 hits:50.31
2020-03-31 18:55:38,628 INFO All: mr:273.5 mrr:21.67 hits:38.28
2020-03-31 18:55:38,642 INFO Declined in recent 2 epochs
2020-03-31 18:56:13,927 INFO [35.3] Epoch 360: loss = 3.7982
2020-03-31 18:56:42,936 INFO [29.0] Epoch 361: loss = 3.7298
2020-03-31 18:57:12,938 INFO [30.0] Epoch 362: loss = 3.6953
2020-03-31 18:57:41,233 INFO [28.3] Epoch 363: loss = 3.7234
2020-03-31 18:58:09,570 INFO [28.3] Epoch 364: loss = 3.6239
2020-03-31 18:58:40,365 INFO [30.8] Epoch 365: loss = 3.7532
2020-03-31 18:59:14,413 INFO [34.0] Epoch 366: loss = 3.6234
2020-03-31 18:59:43,386 INFO [29.0] Epoch 367: loss = 3.6796
2020-03-31 19:00:15,336 INFO [31.9] Epoch 368: loss = 3.6837
2020-03-31 19:00:48,216 INFO [32.9] Epoch 369: loss = 3.6482
2020-03-31 19:00:48,217 INFO Start Evaling...
2020-03-31 19:01:22,198 INFO Head: mr:398.1 mrr:13.16 hits:26.34
2020-03-31 19:01:22,198 INFO Tail: mr:153.3 mrr:30.98 hits:50.46
2020-03-31 19:01:22,198 INFO All: mr:275.7 mrr:22.07 hits:38.40
2020-03-31 19:01:22,216 INFO Declined in recent 3 epochs
2020-03-31 19:01:52,467 INFO [30.3] Epoch 370: loss = 3.6361
2020-03-31 19:02:23,058 INFO [30.6] Epoch 371: loss = 3.5956
2020-03-31 19:02:54,022 INFO [31.0] Epoch 372: loss = 3.6882
2020-03-31 19:03:26,317 INFO [32.3] Epoch 373: loss = 3.7540
2020-03-31 19:03:56,643 INFO [30.3] Epoch 374: loss = 3.7204
2020-03-31 19:04:27,152 INFO [30.5] Epoch 375: loss = 3.6871
2020-03-31 19:04:57,839 INFO [30.7] Epoch 376: loss = 3.6675
2020-03-31 19:05:27,259 INFO [29.4] Epoch 377: loss = 3.7576
2020-03-31 19:06:01,543 INFO [34.3] Epoch 378: loss = 3.7351
2020-03-31 19:06:32,909 INFO [31.4] Epoch 379: loss = 3.6860
2020-03-31 19:06:32,910 INFO Start Evaling...
2020-03-31 19:07:06,897 INFO Head: mr:392.8 mrr:13.21 hits:26.54
2020-03-31 19:07:06,898 INFO Tail: mr:152.7 mrr:31.74 hits:50.29
2020-03-31 19:07:06,898 INFO All: mr:272.8 mrr:22.47 hits:38.41
2020-03-31 19:07:06,916 INFO Declined in recent 4 epochs
2020-03-31 19:07:40,069 INFO [33.2] Epoch 380: loss = 3.6949
2020-03-31 19:08:11,523 INFO [31.5] Epoch 381: loss = 3.6728
2020-03-31 19:08:42,782 INFO [31.3] Epoch 382: loss = 3.6465
2020-03-31 19:09:13,590 INFO [30.8] Epoch 383: loss = 3.6610
2020-03-31 19:09:45,906 INFO [32.3] Epoch 384: loss = 3.6418
2020-03-31 19:10:19,200 INFO [33.3] Epoch 385: loss = 3.7086
2020-03-31 19:10:49,933 INFO [30.7] Epoch 386: loss = 3.6672
2020-03-31 19:11:20,041 INFO [30.1] Epoch 387: loss = 3.6143
2020-03-31 19:11:52,846 INFO [32.8] Epoch 388: loss = 3.7749
2020-03-31 19:12:24,608 INFO [31.8] Epoch 389: loss = 3.6099
2020-03-31 19:12:24,608 INFO Start Evaling...
2020-03-31 19:12:56,677 INFO Head: mr:393.7 mrr:13.38 hits:26.63
2020-03-31 19:12:56,677 INFO Tail: mr:151.2 mrr:30.41 hits:50.84
2020-03-31 19:12:56,677 INFO All: mr:272.4 mrr:21.89 hits:38.73
2020-03-31 19:12:56,695 INFO Improved and model saved
2020-03-31 19:13:27,782 INFO [31.1] Epoch 390: loss = 3.6275
2020-03-31 19:14:01,515 INFO [33.7] Epoch 391: loss = 3.6618
2020-03-31 19:14:34,443 INFO [32.9] Epoch 392: loss = 3.6030
2020-03-31 19:15:06,609 INFO [32.2] Epoch 393: loss = 3.6496
2020-03-31 19:15:39,437 INFO [32.8] Epoch 394: loss = 3.6638
2020-03-31 19:16:12,950 INFO [33.5] Epoch 395: loss = 3.6230
2020-03-31 19:16:45,100 INFO [32.2] Epoch 396: loss = 3.6365
2020-03-31 19:17:14,351 INFO [29.3] Epoch 397: loss = 3.6010
2020-03-31 19:17:45,202 INFO [30.9] Epoch 398: loss = 3.6366
2020-03-31 19:18:15,413 INFO [30.2] Epoch 399: loss = 3.6893
2020-03-31 19:18:15,414 INFO Start Evaling...
2020-03-31 19:18:48,364 INFO Head: mr:398.5 mrr:13.20 hits:25.93
2020-03-31 19:18:48,364 INFO Tail: mr:151.5 mrr:31.63 hits:50.71
2020-03-31 19:18:48,365 INFO All: mr:275.0 mrr:22.42 hits:38.32
2020-03-31 19:18:48,381 INFO Declined in recent 1 epochs
2020-03-31 19:19:19,148 INFO [30.8] Epoch 400: loss = 3.7069
2020-03-31 19:19:48,400 INFO [29.3] Epoch 401: loss = 3.6340
2020-03-31 19:20:20,761 INFO [32.4] Epoch 402: loss = 3.6604
2020-03-31 19:20:53,107 INFO [32.3] Epoch 403: loss = 3.6339
2020-03-31 19:21:22,542 INFO [29.4] Epoch 404: loss = 3.6749
2020-03-31 19:21:54,512 INFO [32.0] Epoch 405: loss = 3.6947
2020-03-31 19:22:25,155 INFO [30.6] Epoch 406: loss = 3.6791
2020-03-31 19:22:53,006 INFO [27.9] Epoch 407: loss = 3.6441
2020-03-31 19:23:21,313 INFO [28.3] Epoch 408: loss = 3.6902
2020-03-31 19:23:57,829 INFO [36.5] Epoch 409: loss = 3.6415
2020-03-31 19:23:57,830 INFO Start Evaling...
2020-03-31 19:24:30,864 INFO Head: mr:393.1 mrr:13.24 hits:26.02
2020-03-31 19:24:30,865 INFO Tail: mr:150.8 mrr:29.82 hits:49.97
2020-03-31 19:24:30,865 INFO All: mr:271.9 mrr:21.53 hits:38.00
2020-03-31 19:24:30,876 INFO Declined in recent 2 epochs
2020-03-31 19:25:11,134 INFO [40.3] Epoch 410: loss = 3.6779
2020-03-31 19:25:45,281 INFO [34.1] Epoch 411: loss = 3.6520
2020-03-31 19:26:22,285 INFO [37.0] Epoch 412: loss = 3.6071
2020-03-31 19:27:04,337 INFO [42.1] Epoch 413: loss = 3.6512
2020-03-31 19:27:44,363 INFO [40.0] Epoch 414: loss = 3.6432
2020-03-31 19:28:23,975 INFO [39.6] Epoch 415: loss = 3.6140
2020-03-31 19:29:04,674 INFO [40.7] Epoch 416: loss = 3.5761
2020-03-31 19:29:41,793 INFO [37.1] Epoch 417: loss = 3.6497
2020-03-31 19:30:18,201 INFO [36.4] Epoch 418: loss = 3.6332
2020-03-31 19:31:00,774 INFO [42.6] Epoch 419: loss = 3.6257
2020-03-31 19:31:00,775 INFO Start Evaling...
2020-03-31 19:31:36,433 INFO Head: mr:403.0 mrr:13.39 hits:26.34
2020-03-31 19:31:36,433 INFO Tail: mr:151.0 mrr:30.52 hits:49.83
2020-03-31 19:31:36,434 INFO All: mr:277.0 mrr:21.96 hits:38.08
2020-03-31 19:31:36,457 INFO Declined in recent 3 epochs
2020-03-31 19:32:13,994 INFO [37.5] Epoch 420: loss = 3.6106
2020-03-31 19:32:49,596 INFO [35.6] Epoch 421: loss = 3.5797
2020-03-31 19:33:30,244 INFO [40.6] Epoch 422: loss = 3.5881
2020-03-31 19:34:08,105 INFO [37.9] Epoch 423: loss = 3.5705
2020-03-31 19:34:46,653 INFO [38.5] Epoch 424: loss = 3.6308
2020-03-31 19:35:27,408 INFO [40.8] Epoch 425: loss = 3.7117
2020-03-31 19:36:07,306 INFO [39.9] Epoch 426: loss = 3.6514
2020-03-31 19:36:47,892 INFO [40.6] Epoch 427: loss = 3.5638
2020-03-31 19:37:25,717 INFO [37.8] Epoch 428: loss = 3.6751
2020-03-31 19:38:07,968 INFO [42.3] Epoch 429: loss = 3.4904
2020-03-31 19:38:07,969 INFO Start Evaling...
2020-03-31 19:38:42,713 INFO Head: mr:389.4 mrr:13.36 hits:26.42
2020-03-31 19:38:42,713 INFO Tail: mr:150.1 mrr:30.37 hits:50.22
2020-03-31 19:38:42,713 INFO All: mr:269.8 mrr:21.87 hits:38.32
2020-03-31 19:38:42,729 INFO Declined in recent 4 epochs
2020-03-31 19:39:22,700 INFO [40.0] Epoch 430: loss = 3.6493
2020-03-31 19:40:01,261 INFO [38.6] Epoch 431: loss = 3.6313
2020-03-31 19:40:39,075 INFO [37.8] Epoch 432: loss = 3.6538
2020-03-31 19:41:19,671 INFO [40.6] Epoch 433: loss = 3.6690
2020-03-31 19:41:59,202 INFO [39.5] Epoch 434: loss = 3.6120
2020-03-31 19:42:36,248 INFO [37.0] Epoch 435: loss = 3.5069
2020-03-31 19:43:17,345 INFO [41.1] Epoch 436: loss = 3.5636
2020-03-31 19:43:51,644 INFO [34.3] Epoch 437: loss = 3.6279
2020-03-31 19:44:33,240 INFO [41.6] Epoch 438: loss = 3.5147
2020-03-31 19:45:14,370 INFO [41.1] Epoch 439: loss = 3.6270
2020-03-31 19:45:14,371 INFO Start Evaling...
2020-03-31 19:45:47,748 INFO Head: mr:404.6 mrr:13.40 hits:26.69
2020-03-31 19:45:47,748 INFO Tail: mr:150.8 mrr:29.53 hits:50.11
2020-03-31 19:45:47,748 INFO All: mr:277.7 mrr:21.47 hits:38.40
2020-03-31 19:45:47,764 INFO Declined in recent 5 epochs
2020-03-31 19:45:47,764 INFO Early stopping
2020-03-31 19:45:47,764 INFO Train done
2020-03-31 19:45:47,769 INFO Start Evaling...
2020-03-31 19:46:24,205 INFO Head: mr:412.2 mrr:13.14 hits:25.72
2020-03-31 19:46:24,205 INFO Tail: mr:164.6 mrr:29.97 hits:50.09
2020-03-31 19:46:24,205 INFO All: mr:288.4 mrr:21.56 hits:37.91
