2020-05-20 22:00:12,127 INFO EPOCH: 1000
2020-05-20 22:00:12,127 INFO EVERY: 10
2020-05-20 22:00:12,127 INFO LR: 0.001
2020-05-20 22:00:12,127 INFO DIM: 100
2020-05-20 22:00:12,128 INFO BATCH_SIZE: 256
2020-05-20 22:00:12,128 INFO BATCH_SIZE2: 256
2020-05-20 22:00:12,128 INFO P: 1
2020-05-20 22:00:12,128 INFO CLIPPING_MAX_VALUE: 4.0
2020-05-20 22:00:12,128 INFO OPTIM: Adam
2020-05-20 22:00:12,128 INFO N_SAMPLE: 100
2020-05-20 22:00:12,128 INFO MODE: adve
2020-05-20 22:00:12,128 INFO RATE: 0.1
2020-05-20 22:00:12,128 INFO GAMMA: 12.0
2020-05-20 22:00:12,128 INFO BERN: True
2020-05-20 22:00:12,128 INFO MARGIN: 4.0
2020-05-20 22:00:12,129 INFO REG: 1.0
2020-05-20 22:00:12,129 INFO LABEL_SMOOTH_EPS: 0.1
2020-05-20 22:00:12,129 INFO INPUT_DROP: 0.2
2020-05-20 22:00:12,129 INFO FEAT_DROP: 0.2
2020-05-20 22:00:12,129 INFO HIDD_DROP: 0.3
2020-05-20 22:00:12,129 INFO CHANNELS: 50
2020-05-20 22:00:12,129 INFO KERNEL_SIZE: 3
2020-05-20 22:00:12,129 INFO N_POOL: 100
2020-05-20 22:00:12,129 INFO MODEL_D: TransH
2020-05-20 22:00:12,129 INFO MODEL_G: DistMult
2020-05-20 22:00:12,129 INFO SCRATCH: False
2020-05-20 22:00:12,130 INFO D_FILE: None
2020-05-20 22:00:12,130 INFO G_FILE: None
2020-05-20 22:00:12,130 INFO PATH: data
2020-05-20 22:00:12,130 INFO DATA: FB15K237
2020-05-20 22:00:12,130 INFO EXP_PATH: experiment/FB15K237
2020-05-20 22:00:12,130 INFO MODEL: DistMult
2020-05-20 22:00:12,130 INFO V: 100.0
2020-05-20 22:00:12,130 INFO F: True
2020-05-20 22:00:12,130 INFO EVAL: False
2020-05-20 22:00:12,130 INFO TRAINED: False
2020-05-20 22:00:12,130 INFO PRETRAINED_NAME: None
2020-05-20 22:00:12,130 INFO EXP_NAME: DistMult-FB15K237-adve-100.0
2020-05-20 22:00:12,131 INFO --------------------------------------
2020-05-20 22:00:19,490 INFO Dataload done
2020-05-20 22:00:19,491 INFO --------------------------------------
2020-05-20 22:00:19,491 INFO N_ENTITY: 14541
2020-05-20 22:00:19,491 INFO N_RELATION: 237
2020-05-20 22:00:19,491 INFO --------------------------------------
2020-05-20 22:00:22,946 INFO Start Training...
2020-05-20 22:01:52,084 INFO [89.1] Epoch 0: loss = 331.5470
2020-05-20 22:03:21,667 INFO [89.6] Epoch 1: loss = 248.4564
2020-05-20 22:04:52,295 INFO [90.6] Epoch 2: loss = 214.1483
2020-05-20 22:06:21,996 INFO [89.7] Epoch 3: loss = 198.2446
2020-05-20 22:07:51,197 INFO [89.2] Epoch 4: loss = 189.5372
2020-05-20 22:09:21,011 INFO [89.8] Epoch 5: loss = 183.8148
2020-05-20 22:10:50,187 INFO [89.2] Epoch 6: loss = 179.8306
2020-05-20 22:12:20,641 INFO [90.5] Epoch 7: loss = 177.0343
2020-05-20 22:13:50,224 INFO [89.6] Epoch 8: loss = 174.6862
2020-05-20 22:15:20,008 INFO [89.8] Epoch 9: loss = 172.5112
2020-05-20 22:15:20,009 INFO Start Evaling...
2020-05-20 22:17:49,685 INFO Head: mr:365.2 mrr:17.65 hits:31.77
2020-05-20 22:17:49,685 INFO Tail: mr:179.0 mrr:37.46 hits:56.50
2020-05-20 22:17:49,685 INFO All: mr:272.1 mrr:27.55 hits:44.13
2020-05-20 22:17:49,697 INFO Start Evaling...
2020-05-20 22:20:41,633 INFO Head: mr:374.9 mrr:17.32 hits:31.86
2020-05-20 22:20:41,633 INFO Tail: mr:195.7 mrr:36.96 hits:55.76
2020-05-20 22:20:41,633 INFO All: mr:285.3 mrr:27.14 hits:43.81
2020-05-20 22:20:41,646 INFO Improved and model saved
2020-05-20 22:22:11,732 INFO [90.1] Epoch 10: loss = 171.0153
2020-05-20 22:23:42,766 INFO [91.0] Epoch 11: loss = 169.7171
2020-05-20 22:25:14,140 INFO [91.4] Epoch 12: loss = 168.5462
2020-05-20 22:26:44,344 INFO [90.2] Epoch 13: loss = 167.5033
2020-05-20 22:28:15,047 INFO [90.7] Epoch 14: loss = 166.5585
2020-05-20 22:29:45,861 INFO [90.8] Epoch 15: loss = 165.6229
2020-05-20 22:31:17,297 INFO [91.4] Epoch 16: loss = 164.9959
2020-05-20 22:32:47,173 INFO [89.9] Epoch 17: loss = 164.3756
2020-05-20 22:34:18,084 INFO [90.9] Epoch 18: loss = 163.5779
2020-05-20 22:35:48,668 INFO [90.6] Epoch 19: loss = 163.0823
2020-05-20 22:35:48,669 INFO Start Evaling...
2020-05-20 22:38:20,225 INFO Head: mr:324.4 mrr:19.34 hits:34.19
2020-05-20 22:38:20,226 INFO Tail: mr:153.7 mrr:39.04 hits:58.14
2020-05-20 22:38:20,226 INFO All: mr:239.1 mrr:29.19 hits:46.17
2020-05-20 22:38:20,238 INFO Start Evaling...
2020-05-20 22:41:14,449 INFO Head: mr:338.7 mrr:19.03 hits:34.47
2020-05-20 22:41:14,449 INFO Tail: mr:171.2 mrr:38.30 hits:57.81
2020-05-20 22:41:14,450 INFO All: mr:255.0 mrr:28.66 hits:46.14
2020-05-20 22:41:14,463 INFO Improved and model saved
2020-05-20 22:42:46,147 INFO [91.7] Epoch 20: loss = 162.5969
2020-05-20 22:44:17,573 INFO [91.4] Epoch 21: loss = 161.9688
2020-05-20 22:45:48,069 INFO [90.5] Epoch 22: loss = 161.8251
2020-05-20 22:47:18,825 INFO [90.8] Epoch 23: loss = 161.2887
2020-05-20 22:48:49,762 INFO [90.9] Epoch 24: loss = 160.9061
2020-05-20 22:50:21,431 INFO [91.7] Epoch 25: loss = 160.6831
2020-05-20 22:51:51,710 INFO [90.3] Epoch 26: loss = 160.2635
2020-05-20 22:53:21,967 INFO [90.3] Epoch 27: loss = 159.8057
2020-05-20 22:54:52,310 INFO [90.3] Epoch 28: loss = 159.5423
2020-05-20 22:56:22,405 INFO [90.1] Epoch 29: loss = 159.1412
2020-05-20 22:56:22,405 INFO Start Evaling...
2020-05-20 22:58:52,236 INFO Head: mr:309.3 mrr:19.51 hits:35.41
2020-05-20 22:58:52,236 INFO Tail: mr:144.6 mrr:39.36 hits:58.74
2020-05-20 22:58:52,236 INFO All: mr:227.0 mrr:29.43 hits:47.07
2020-05-20 22:58:52,249 INFO Start Evaling...
2020-05-20 23:01:44,392 INFO Head: mr:316.6 mrr:19.29 hits:35.34
2020-05-20 23:01:44,392 INFO Tail: mr:158.2 mrr:38.83 hits:58.66
2020-05-20 23:01:44,392 INFO All: mr:237.4 mrr:29.06 hits:47.00
2020-05-20 23:01:44,406 INFO Improved and model saved
