2020-03-31 15:15:46,676 INFO EPOCH: 1000
2020-03-31 15:15:46,676 INFO EVERY: 10
2020-03-31 15:15:46,676 INFO LR: 0.001
2020-03-31 15:15:46,676 INFO DIM: 100
2020-03-31 15:15:46,676 INFO BATCH_SIZE: 256
2020-03-31 15:15:46,676 INFO BATCH_SIZE2: 256
2020-03-31 15:15:46,676 INFO P: 1
2020-03-31 15:15:46,676 INFO CLIPPING_MAX_VALUE: 4.0
2020-03-31 15:15:46,676 INFO OPTIM: Adam
2020-03-31 15:15:46,676 INFO N_SAMPLE: 12
2020-03-31 15:15:46,676 INFO MODE: popu
2020-03-31 15:15:46,676 INFO GAMMA: 12.0
2020-03-31 15:15:46,676 INFO BERN: True
2020-03-31 15:15:46,676 INFO MARGIN: 4.0
2020-03-31 15:15:46,677 INFO REG: 1.0
2020-03-31 15:15:46,677 INFO LABEL_SMOOTH_EPS: 0.1
2020-03-31 15:15:46,677 INFO INPUT_DROP: 0.2
2020-03-31 15:15:46,677 INFO FEAT_DROP: 0.2
2020-03-31 15:15:46,677 INFO HIDD_DROP: 0.3
2020-03-31 15:15:46,677 INFO CHANNELS: 50
2020-03-31 15:15:46,677 INFO KERNEL_SIZE: 3
2020-03-31 15:15:46,677 INFO N_POOL: 100
2020-03-31 15:15:46,677 INFO MODEL_D: TransH
2020-03-31 15:15:46,677 INFO MODEL_G: DistMult
2020-03-31 15:15:46,677 INFO D_FILE: None
2020-03-31 15:15:46,677 INFO G_FILE: None
2020-03-31 15:15:46,677 INFO PATH: data
2020-03-31 15:15:46,677 INFO DATA: FB15K237
2020-03-31 15:15:46,677 INFO EXP_PATH: experiment/FB15K237
2020-03-31 15:15:46,677 INFO MODEL: DistMult
2020-03-31 15:15:46,677 INFO V: 0
2020-03-31 15:15:46,677 INFO F: False
2020-03-31 15:15:46,677 INFO EVAL: False
2020-03-31 15:15:46,677 INFO TRAINED: False
2020-03-31 15:15:46,677 INFO PRETRAINED_NAME: None
2020-03-31 15:15:46,677 INFO EXP_NAME: DistMult-FB15K237-popu-0
2020-03-31 15:15:46,677 INFO --------------------------------------
2020-03-31 15:15:52,161 INFO Dataload done
2020-03-31 15:15:52,161 INFO --------------------------------------
2020-03-31 15:15:52,161 INFO N_ENTITY: 14541
2020-03-31 15:15:52,161 INFO N_RELATION: 237
2020-03-31 15:15:52,161 INFO --------------------------------------
2020-03-31 15:15:55,042 INFO Start Evaling...
2020-03-31 15:16:29,483 INFO Head: mr:7059.1 mrr:0.09 hits:0.10
2020-03-31 15:16:29,484 INFO Tail: mr:7257.2 mrr:0.09 hits:0.10
2020-03-31 15:16:29,484 INFO All: mr:7158.1 mrr:0.09 hits:0.10
2020-03-31 15:16:29,519 INFO Start Training...
2020-03-31 15:17:01,970 INFO [32.5] Epoch 0: loss = 341.7871
2020-03-31 15:17:33,600 INFO [31.6] Epoch 1: loss = 253.2866
2020-03-31 15:18:06,894 INFO [33.3] Epoch 2: loss = 173.1211
2020-03-31 15:18:39,404 INFO [32.5] Epoch 3: loss = 122.8462
2020-03-31 15:19:12,097 INFO [32.7] Epoch 4: loss = 98.2405
2020-03-31 15:19:45,708 INFO [33.6] Epoch 5: loss = 84.5048
2020-03-31 15:20:19,395 INFO [33.7] Epoch 6: loss = 76.1204
2020-03-31 15:20:51,709 INFO [32.3] Epoch 7: loss = 69.9586
2020-03-31 15:21:25,323 INFO [33.6] Epoch 8: loss = 65.5176
2020-03-31 15:21:56,729 INFO [31.4] Epoch 9: loss = 62.3721
2020-03-31 15:21:56,729 INFO Start Evaling...
2020-03-31 15:22:29,340 INFO Head: mr:420.7 mrr:14.06 hits:26.20
2020-03-31 15:22:29,340 INFO Tail: mr:215.8 mrr:30.67 hits:48.43
2020-03-31 15:22:29,340 INFO All: mr:318.3 mrr:22.36 hits:37.32
2020-03-31 15:22:29,355 INFO Improved and model saved
2020-03-31 15:23:03,790 INFO [34.4] Epoch 10: loss = 59.5841
2020-03-31 15:23:38,016 INFO [34.2] Epoch 11: loss = 57.2311
2020-03-31 15:24:11,806 INFO [33.8] Epoch 12: loss = 55.7040
2020-03-31 15:24:44,173 INFO [32.4] Epoch 13: loss = 54.1071
2020-03-31 15:25:17,961 INFO [33.8] Epoch 14: loss = 52.5722
2020-03-31 15:25:48,939 INFO [31.0] Epoch 15: loss = 51.6200
2020-03-31 15:26:21,408 INFO [32.5] Epoch 16: loss = 50.3469
2020-03-31 15:26:55,695 INFO [34.3] Epoch 17: loss = 49.2876
2020-03-31 15:27:28,189 INFO [32.5] Epoch 18: loss = 48.5925
2020-03-31 15:28:04,016 INFO [35.8] Epoch 19: loss = 47.5764
2020-03-31 15:28:04,016 INFO Start Evaling...
2020-03-31 15:28:35,743 INFO Head: mr:386.8 mrr:14.01 hits:26.58
2020-03-31 15:28:35,743 INFO Tail: mr:186.2 mrr:28.56 hits:47.93
2020-03-31 15:28:35,743 INFO All: mr:286.5 mrr:21.28 hits:37.25
2020-03-31 15:28:35,758 INFO Declined in recent 1 epochs
2020-03-31 15:29:07,190 INFO [31.4] Epoch 20: loss = 47.1218
2020-03-31 15:29:40,736 INFO [33.5] Epoch 21: loss = 46.2812
2020-03-31 15:30:15,555 INFO [34.8] Epoch 22: loss = 45.7926
2020-03-31 15:30:50,136 INFO [34.6] Epoch 23: loss = 45.2105
2020-03-31 15:31:22,827 INFO [32.7] Epoch 24: loss = 44.9300
2020-03-31 15:31:58,358 INFO [35.5] Epoch 25: loss = 44.2819
2020-03-31 15:32:32,045 INFO [33.7] Epoch 26: loss = 43.9511
2020-03-31 15:33:03,274 INFO [31.2] Epoch 27: loss = 43.4495
2020-03-31 15:33:38,190 INFO [34.9] Epoch 28: loss = 43.1043
2020-03-31 15:34:12,662 INFO [34.5] Epoch 29: loss = 42.9865
2020-03-31 15:34:12,663 INFO Start Evaling...
2020-03-31 15:34:44,373 INFO Head: mr:389.1 mrr:14.37 hits:27.86
2020-03-31 15:34:44,374 INFO Tail: mr:174.4 mrr:28.64 hits:47.67
2020-03-31 15:34:44,374 INFO All: mr:281.8 mrr:21.51 hits:37.76
2020-03-31 15:34:44,393 INFO Improved and model saved
2020-03-31 15:35:16,794 INFO [32.4] Epoch 30: loss = 42.4225
2020-03-31 15:35:51,511 INFO [34.7] Epoch 31: loss = 42.1939
2020-03-31 15:36:27,846 INFO [36.3] Epoch 32: loss = 41.5859
2020-03-31 15:37:02,660 INFO [34.8] Epoch 33: loss = 41.5677
2020-03-31 15:37:36,423 INFO [33.8] Epoch 34: loss = 41.1273
2020-03-31 15:38:13,089 INFO [36.7] Epoch 35: loss = 41.0072
2020-03-31 15:38:49,094 INFO [36.0] Epoch 36: loss = 40.7199
2020-03-31 15:39:24,463 INFO [35.4] Epoch 37: loss = 40.5202
2020-03-31 15:39:59,950 INFO [35.5] Epoch 38: loss = 40.3119
2020-03-31 15:40:35,286 INFO [35.3] Epoch 39: loss = 39.9514
2020-03-31 15:40:35,286 INFO Start Evaling...
2020-03-31 15:41:07,364 INFO Head: mr:379.3 mrr:14.62 hits:28.47
2020-03-31 15:41:07,366 INFO Tail: mr:166.9 mrr:29.36 hits:49.27
2020-03-31 15:41:07,369 INFO All: mr:273.1 mrr:21.99 hits:38.87
2020-03-31 15:41:07,389 INFO Improved and model saved
2020-03-31 15:41:42,331 INFO [34.9] Epoch 40: loss = 39.7559
2020-03-31 15:42:16,711 INFO [34.4] Epoch 41: loss = 39.4315
2020-03-31 15:42:53,364 INFO [36.7] Epoch 42: loss = 39.4872
2020-03-31 15:43:28,792 INFO [35.4] Epoch 43: loss = 39.3219
2020-03-31 15:44:06,074 INFO [37.3] Epoch 44: loss = 38.9954
2020-03-31 15:44:42,691 INFO [36.6] Epoch 45: loss = 38.8181
2020-03-31 15:45:20,138 INFO [37.4] Epoch 46: loss = 38.7223
2020-03-31 15:45:54,241 INFO [34.1] Epoch 47: loss = 38.5049
2020-03-31 15:46:28,790 INFO [34.5] Epoch 48: loss = 38.3030
2020-03-31 15:47:04,009 INFO [35.2] Epoch 49: loss = 38.2628
2020-03-31 15:47:04,009 INFO Start Evaling...
2020-03-31 15:47:33,657 INFO Head: mr:380.0 mrr:14.82 hits:29.55
2020-03-31 15:47:33,658 INFO Tail: mr:162.9 mrr:30.13 hits:50.08
2020-03-31 15:47:33,658 INFO All: mr:271.4 mrr:22.48 hits:39.82
2020-03-31 15:47:33,675 INFO Improved and model saved
2020-03-31 15:48:07,131 INFO [33.4] Epoch 50: loss = 38.0649
2020-03-31 15:48:40,422 INFO [33.3] Epoch 51: loss = 38.1025
2020-03-31 15:49:15,064 INFO [34.6] Epoch 52: loss = 37.9838
2020-03-31 15:49:50,051 INFO [35.0] Epoch 53: loss = 37.8263
2020-03-31 15:50:25,889 INFO [35.8] Epoch 54: loss = 37.6467
2020-03-31 15:51:03,053 INFO [37.2] Epoch 55: loss = 37.4046
2020-03-31 15:51:39,636 INFO [36.6] Epoch 56: loss = 37.4795
2020-03-31 15:52:16,645 INFO [37.0] Epoch 57: loss = 37.3259
2020-03-31 15:52:50,796 INFO [34.2] Epoch 58: loss = 37.0974
2020-03-31 15:53:30,617 INFO [39.8] Epoch 59: loss = 36.9158
2020-03-31 15:53:30,617 INFO Start Evaling...
2020-03-31 15:54:01,549 INFO Head: mr:377.0 mrr:14.93 hits:29.36
2020-03-31 15:54:01,549 INFO Tail: mr:160.5 mrr:30.09 hits:50.46
2020-03-31 15:54:01,549 INFO All: mr:268.8 mrr:22.51 hits:39.91
2020-03-31 15:54:01,563 INFO Improved and model saved
2020-03-31 15:54:35,981 INFO [34.4] Epoch 60: loss = 37.0119
2020-03-31 15:55:13,741 INFO [37.8] Epoch 61: loss = 36.8373
2020-03-31 15:55:49,909 INFO [36.2] Epoch 62: loss = 36.5688
2020-03-31 15:56:27,481 INFO [37.6] Epoch 63: loss = 36.7215
2020-03-31 15:57:03,188 INFO [35.7] Epoch 64: loss = 36.6251
2020-03-31 15:57:36,816 INFO [33.6] Epoch 65: loss = 36.4626
2020-03-31 15:58:09,864 INFO [33.0] Epoch 66: loss = 36.1641
2020-03-31 15:58:44,946 INFO [35.1] Epoch 67: loss = 36.3376
2020-03-31 15:59:21,593 INFO [36.6] Epoch 68: loss = 36.2105
2020-03-31 15:59:59,143 INFO [37.5] Epoch 69: loss = 36.1289
2020-03-31 15:59:59,144 INFO Start Evaling...
2020-03-31 16:00:30,455 INFO Head: mr:379.7 mrr:15.24 hits:30.30
2020-03-31 16:00:30,455 INFO Tail: mr:159.5 mrr:30.52 hits:51.51
2020-03-31 16:00:30,455 INFO All: mr:269.6 mrr:22.88 hits:40.90
2020-03-31 16:00:30,470 INFO Improved and model saved
2020-03-31 16:01:06,623 INFO [36.1] Epoch 70: loss = 35.9497
2020-03-31 16:01:41,645 INFO [35.0] Epoch 71: loss = 35.8467
2020-03-31 16:02:17,254 INFO [35.6] Epoch 72: loss = 35.7934
2020-03-31 16:02:50,891 INFO [33.6] Epoch 73: loss = 35.8940
2020-03-31 16:03:24,415 INFO [33.5] Epoch 74: loss = 35.7203
2020-03-31 16:03:57,403 INFO [33.0] Epoch 75: loss = 35.7564
2020-03-31 16:04:30,987 INFO [33.6] Epoch 76: loss = 35.5776
2020-03-31 16:05:03,905 INFO [32.9] Epoch 77: loss = 35.3907
2020-03-31 16:05:41,658 INFO [37.8] Epoch 78: loss = 35.3824
2020-03-31 16:06:18,246 INFO [36.6] Epoch 79: loss = 35.4875
2020-03-31 16:06:18,246 INFO Start Evaling...
2020-03-31 16:06:47,467 INFO Head: mr:368.8 mrr:15.42 hits:30.76
2020-03-31 16:06:47,467 INFO Tail: mr:156.5 mrr:30.48 hits:51.33
2020-03-31 16:06:47,467 INFO All: mr:262.7 mrr:22.95 hits:41.05
2020-03-31 16:06:47,479 INFO Improved and model saved
2020-03-31 16:07:23,400 INFO [35.9] Epoch 80: loss = 35.1919
2020-03-31 16:07:57,431 INFO [34.0] Epoch 81: loss = 35.1353
2020-03-31 16:08:32,117 INFO [34.7] Epoch 82: loss = 35.1568
2020-03-31 16:09:06,845 INFO [34.7] Epoch 83: loss = 35.3329
2020-03-31 16:09:39,241 INFO [32.4] Epoch 84: loss = 34.7924
2020-03-31 16:10:13,899 INFO [34.7] Epoch 85: loss = 34.8894
2020-03-31 16:10:46,847 INFO [32.9] Epoch 86: loss = 34.8659
2020-03-31 16:11:20,769 INFO [33.9] Epoch 87: loss = 34.7378
2020-03-31 16:11:57,019 INFO [36.2] Epoch 88: loss = 34.9189
2020-03-31 16:12:29,415 INFO [32.4] Epoch 89: loss = 34.6916
2020-03-31 16:12:29,415 INFO Start Evaling...
2020-03-31 16:12:58,810 INFO Head: mr:370.7 mrr:15.68 hits:30.94
2020-03-31 16:12:58,811 INFO Tail: mr:156.2 mrr:30.62 hits:51.26
2020-03-31 16:12:58,811 INFO All: mr:263.5 mrr:23.15 hits:41.10
2020-03-31 16:12:58,831 INFO Improved and model saved
2020-03-31 16:13:35,500 INFO [36.7] Epoch 90: loss = 34.8669
2020-03-31 16:14:11,507 INFO [36.0] Epoch 91: loss = 34.7313
2020-03-31 16:14:46,126 INFO [34.6] Epoch 92: loss = 34.6547
2020-03-31 16:15:21,037 INFO [34.9] Epoch 93: loss = 34.5805
2020-03-31 16:15:54,707 INFO [33.7] Epoch 94: loss = 34.4444
2020-03-31 16:16:29,132 INFO [34.4] Epoch 95: loss = 34.3871
2020-03-31 16:17:02,514 INFO [33.4] Epoch 96: loss = 34.3215
2020-03-31 16:17:36,845 INFO [34.3] Epoch 97: loss = 34.4468
2020-03-31 16:18:12,643 INFO [35.8] Epoch 98: loss = 34.2408
2020-03-31 16:18:48,518 INFO [35.9] Epoch 99: loss = 34.2037
2020-03-31 16:18:48,518 INFO Start Evaling...
2020-03-31 16:19:17,655 INFO Head: mr:362.1 mrr:15.56 hits:30.90
2020-03-31 16:19:17,656 INFO Tail: mr:153.8 mrr:30.95 hits:52.05
2020-03-31 16:19:17,656 INFO All: mr:258.0 mrr:23.26 hits:41.48
2020-03-31 16:19:17,675 INFO Improved and model saved
2020-03-31 16:19:48,640 INFO [31.0] Epoch 100: loss = 34.0020
2020-03-31 16:20:22,469 INFO [33.8] Epoch 101: loss = 34.3288
2020-03-31 16:20:56,072 INFO [33.6] Epoch 102: loss = 34.1343
2020-03-31 16:21:31,454 INFO [35.4] Epoch 103: loss = 33.8821
2020-03-31 16:22:04,794 INFO [33.3] Epoch 104: loss = 34.0532
2020-03-31 16:22:37,828 INFO [33.0] Epoch 105: loss = 34.1752
2020-03-31 16:23:12,236 INFO [34.4] Epoch 106: loss = 33.8277
2020-03-31 16:23:45,163 INFO [32.9] Epoch 107: loss = 33.8359
2020-03-31 16:24:21,845 INFO [36.7] Epoch 108: loss = 33.9560
2020-03-31 16:24:56,988 INFO [35.1] Epoch 109: loss = 33.8393
2020-03-31 16:24:56,988 INFO Start Evaling...
2020-03-31 16:25:26,351 INFO Head: mr:368.7 mrr:15.68 hits:31.43
2020-03-31 16:25:26,351 INFO Tail: mr:154.4 mrr:30.63 hits:52.72
2020-03-31 16:25:26,351 INFO All: mr:261.6 mrr:23.15 hits:42.08
2020-03-31 16:25:26,362 INFO Improved and model saved
2020-03-31 16:26:02,979 INFO [36.6] Epoch 110: loss = 33.9157
2020-03-31 16:26:39,270 INFO [36.3] Epoch 111: loss = 33.8938
2020-03-31 16:27:15,083 INFO [35.8] Epoch 112: loss = 33.7045
2020-03-31 16:27:50,183 INFO [35.1] Epoch 113: loss = 33.5765
2020-03-31 16:28:26,085 INFO [35.9] Epoch 114: loss = 33.7730
2020-03-31 16:29:01,862 INFO [35.8] Epoch 115: loss = 33.8431
2020-03-31 16:29:34,793 INFO [32.9] Epoch 116: loss = 33.5342
2020-03-31 16:30:11,090 INFO [36.3] Epoch 117: loss = 33.5062
2020-03-31 16:30:47,671 INFO [36.6] Epoch 118: loss = 33.5812
2020-03-31 16:31:26,725 INFO [39.1] Epoch 119: loss = 33.5195
2020-03-31 16:31:26,726 INFO Start Evaling...
2020-03-31 16:31:57,370 INFO Head: mr:362.4 mrr:16.04 hits:31.76
2020-03-31 16:31:57,371 INFO Tail: mr:153.1 mrr:31.12 hits:52.52
2020-03-31 16:31:57,371 INFO All: mr:257.8 mrr:23.58 hits:42.14
2020-03-31 16:31:57,386 INFO Improved and model saved
2020-03-31 16:32:34,843 INFO [37.4] Epoch 120: loss = 33.6256
2020-03-31 16:33:12,010 INFO [37.2] Epoch 121: loss = 33.4543
2020-03-31 16:33:47,627 INFO [35.6] Epoch 122: loss = 33.3373
2020-03-31 16:34:21,598 INFO [34.0] Epoch 123: loss = 33.2678
2020-03-31 16:34:59,671 INFO [38.1] Epoch 124: loss = 33.2865
2020-03-31 16:35:32,752 INFO [33.1] Epoch 125: loss = 33.3765
2020-03-31 16:36:08,814 INFO [36.1] Epoch 126: loss = 33.2141
2020-03-31 16:36:44,558 INFO [35.7] Epoch 127: loss = 33.4127
2020-03-31 16:37:21,339 INFO [36.8] Epoch 128: loss = 33.0792
2020-03-31 16:37:58,342 INFO [37.0] Epoch 129: loss = 33.2994
2020-03-31 16:37:58,343 INFO Start Evaling...
2020-03-31 16:38:28,260 INFO Head: mr:369.5 mrr:16.22 hits:31.77
2020-03-31 16:38:28,263 INFO Tail: mr:153.4 mrr:31.32 hits:52.72
2020-03-31 16:38:28,266 INFO All: mr:261.5 mrr:23.77 hits:42.24
2020-03-31 16:38:28,283 INFO Improved and model saved
2020-03-31 16:39:03,940 INFO [35.7] Epoch 130: loss = 33.1638
2020-03-31 16:39:42,485 INFO [38.5] Epoch 131: loss = 33.1512
2020-03-31 16:40:17,939 INFO [35.5] Epoch 132: loss = 33.1255
2020-03-31 16:40:50,293 INFO [32.4] Epoch 133: loss = 33.0969
2020-03-31 16:41:23,577 INFO [33.3] Epoch 134: loss = 33.1502
2020-03-31 16:41:59,255 INFO [35.7] Epoch 135: loss = 33.1751
2020-03-31 16:42:33,922 INFO [34.7] Epoch 136: loss = 33.1652
2020-03-31 16:43:10,482 INFO [36.6] Epoch 137: loss = 32.9686
2020-03-31 16:43:47,556 INFO [37.1] Epoch 138: loss = 32.9923
2020-03-31 16:44:24,046 INFO [36.5] Epoch 139: loss = 32.8643
2020-03-31 16:44:24,047 INFO Start Evaling...
2020-03-31 16:44:55,247 INFO Head: mr:378.9 mrr:16.23 hits:31.70
2020-03-31 16:44:55,247 INFO Tail: mr:152.0 mrr:31.37 hits:53.17
2020-03-31 16:44:55,247 INFO All: mr:265.5 mrr:23.80 hits:42.44
2020-03-31 16:44:55,261 INFO Improved and model saved
2020-03-31 16:45:28,455 INFO [33.2] Epoch 140: loss = 32.8611
2020-03-31 16:46:04,916 INFO [36.5] Epoch 141: loss = 32.8581
2020-03-31 16:46:39,124 INFO [34.2] Epoch 142: loss = 33.1014
2020-03-31 16:47:13,104 INFO [34.0] Epoch 143: loss = 32.7153
2020-03-31 16:47:47,156 INFO [34.1] Epoch 144: loss = 32.8049
2020-03-31 16:48:22,288 INFO [35.1] Epoch 145: loss = 32.9510
2020-03-31 16:48:56,678 INFO [34.4] Epoch 146: loss = 32.9158
2020-03-31 16:49:34,066 INFO [37.4] Epoch 147: loss = 32.7501
2020-03-31 16:50:10,338 INFO [36.3] Epoch 148: loss = 32.7906
2020-03-31 16:50:44,453 INFO [34.1] Epoch 149: loss = 32.7017
2020-03-31 16:50:44,453 INFO Start Evaling...
2020-03-31 16:51:14,364 INFO Head: mr:363.8 mrr:16.29 hits:32.00
2020-03-31 16:51:14,366 INFO Tail: mr:150.9 mrr:30.92 hits:53.05
2020-03-31 16:51:14,367 INFO All: mr:257.3 mrr:23.61 hits:42.52
2020-03-31 16:51:14,389 INFO Improved and model saved
2020-03-31 16:51:47,581 INFO [33.2] Epoch 150: loss = 32.8020
2020-03-31 16:52:19,782 INFO [32.2] Epoch 151: loss = 32.6307
2020-03-31 16:52:53,518 INFO [33.7] Epoch 152: loss = 32.9082
2020-03-31 16:53:26,236 INFO [32.7] Epoch 153: loss = 32.7497
2020-03-31 16:54:01,268 INFO [35.0] Epoch 154: loss = 32.7322
2020-03-31 16:54:34,782 INFO [33.5] Epoch 155: loss = 32.7119
2020-03-31 16:55:10,444 INFO [35.7] Epoch 156: loss = 32.7535
2020-03-31 16:55:48,067 INFO [37.6] Epoch 157: loss = 32.7060
2020-03-31 16:56:22,861 INFO [34.8] Epoch 158: loss = 32.4942
2020-03-31 16:56:57,882 INFO [35.0] Epoch 159: loss = 32.5982
2020-03-31 16:56:57,882 INFO Start Evaling...
2020-03-31 16:57:27,582 INFO Head: mr:373.0 mrr:16.27 hits:31.96
2020-03-31 16:57:27,583 INFO Tail: mr:151.6 mrr:31.73 hits:53.45
2020-03-31 16:57:27,583 INFO All: mr:262.3 mrr:24.00 hits:42.70
2020-03-31 16:57:27,595 INFO Improved and model saved
2020-03-31 16:58:02,659 INFO [35.1] Epoch 160: loss = 32.4703
2020-03-31 16:58:38,947 INFO [36.3] Epoch 161: loss = 32.4966
2020-03-31 16:59:13,938 INFO [35.0] Epoch 162: loss = 32.4537
2020-03-31 16:59:49,191 INFO [35.3] Epoch 163: loss = 32.5902
2020-03-31 17:00:25,785 INFO [36.6] Epoch 164: loss = 32.5638
2020-03-31 17:01:02,007 INFO [36.2] Epoch 165: loss = 32.5269
2020-03-31 17:01:39,580 INFO [37.6] Epoch 166: loss = 32.4213
2020-03-31 17:02:15,015 INFO [35.4] Epoch 167: loss = 32.4275
2020-03-31 17:02:49,475 INFO [34.5] Epoch 168: loss = 32.4177
2020-03-31 17:03:23,687 INFO [34.2] Epoch 169: loss = 32.3782
2020-03-31 17:03:23,687 INFO Start Evaling...
2020-03-31 17:03:53,264 INFO Head: mr:370.1 mrr:16.47 hits:32.13
2020-03-31 17:03:53,264 INFO Tail: mr:152.0 mrr:31.43 hits:53.14
2020-03-31 17:03:53,264 INFO All: mr:261.0 mrr:23.95 hits:42.63
2020-03-31 17:03:53,283 INFO Declined in recent 1 epochs
2020-03-31 17:04:25,998 INFO [32.7] Epoch 170: loss = 32.3273
2020-03-31 17:04:59,153 INFO [33.2] Epoch 171: loss = 32.4273
2020-03-31 17:05:32,919 INFO [33.8] Epoch 172: loss = 32.4456
2020-03-31 17:06:07,913 INFO [35.0] Epoch 173: loss = 32.4308
2020-03-31 17:06:43,272 INFO [35.4] Epoch 174: loss = 32.3439
2020-03-31 17:07:21,277 INFO [38.0] Epoch 175: loss = 32.4000
2020-03-31 17:07:58,187 INFO [36.9] Epoch 176: loss = 32.2261
2020-03-31 17:08:34,165 INFO [36.0] Epoch 177: loss = 32.2540
2020-03-31 17:09:09,427 INFO [35.3] Epoch 178: loss = 32.3480
2020-03-31 17:09:45,341 INFO [35.9] Epoch 179: loss = 32.3075
2020-03-31 17:09:45,341 INFO Start Evaling...
2020-03-31 17:10:14,946 INFO Head: mr:366.5 mrr:16.53 hits:32.32
2020-03-31 17:10:14,946 INFO Tail: mr:150.7 mrr:31.67 hits:53.76
2020-03-31 17:10:14,946 INFO All: mr:258.6 mrr:24.10 hits:43.04
2020-03-31 17:10:14,968 INFO Improved and model saved
2020-03-31 17:10:50,652 INFO [35.7] Epoch 180: loss = 32.1777
2020-03-31 17:11:24,549 INFO [33.9] Epoch 181: loss = 32.1379
2020-03-31 17:12:00,229 INFO [35.7] Epoch 182: loss = 32.1830
2020-03-31 17:12:36,270 INFO [36.0] Epoch 183: loss = 32.2572
2020-03-31 17:13:12,537 INFO [36.3] Epoch 184: loss = 32.0965
2020-03-31 17:13:46,680 INFO [34.1] Epoch 185: loss = 32.1725
2020-03-31 17:14:23,384 INFO [36.7] Epoch 186: loss = 32.2478
2020-03-31 17:14:59,471 INFO [36.1] Epoch 187: loss = 32.1697
2020-03-31 17:15:35,931 INFO [36.5] Epoch 188: loss = 31.9696
2020-03-31 17:16:09,664 INFO [33.7] Epoch 189: loss = 32.1134
2020-03-31 17:16:09,665 INFO Start Evaling...
2020-03-31 17:16:40,277 INFO Head: mr:364.7 mrr:16.70 hits:32.35
2020-03-31 17:16:40,277 INFO Tail: mr:149.6 mrr:31.15 hits:53.49
2020-03-31 17:16:40,277 INFO All: mr:257.2 mrr:23.93 hits:42.92
2020-03-31 17:16:40,291 INFO Declined in recent 1 epochs
2020-03-31 17:17:14,515 INFO [34.2] Epoch 190: loss = 32.0486
2020-03-31 17:17:47,791 INFO [33.3] Epoch 191: loss = 32.1803
2020-03-31 17:18:26,111 INFO [38.3] Epoch 192: loss = 31.8741
2020-03-31 17:18:58,372 INFO [32.3] Epoch 193: loss = 32.2442
2020-03-31 17:19:32,097 INFO [33.7] Epoch 194: loss = 32.1593
2020-03-31 17:20:07,700 INFO [35.6] Epoch 195: loss = 32.0922
2020-03-31 17:20:44,976 INFO [37.3] Epoch 196: loss = 31.9809
2020-03-31 17:21:22,024 INFO [37.0] Epoch 197: loss = 31.9416
2020-03-31 17:21:54,644 INFO [32.6] Epoch 198: loss = 32.1155
2020-03-31 17:22:28,848 INFO [34.2] Epoch 199: loss = 31.9890
2020-03-31 17:22:28,848 INFO Start Evaling...
2020-03-31 17:22:59,455 INFO Head: mr:361.2 mrr:16.35 hits:32.43
2020-03-31 17:22:59,456 INFO Tail: mr:149.4 mrr:31.46 hits:53.72
2020-03-31 17:22:59,456 INFO All: mr:255.3 mrr:23.90 hits:43.07
2020-03-31 17:22:59,467 INFO Improved and model saved
2020-03-31 17:23:34,914 INFO [35.4] Epoch 200: loss = 31.8573
2020-03-31 17:24:12,124 INFO [37.2] Epoch 201: loss = 31.8552
2020-03-31 17:24:48,483 INFO [36.4] Epoch 202: loss = 31.8004
2020-03-31 17:25:22,221 INFO [33.7] Epoch 203: loss = 31.9468
2020-03-31 17:25:57,615 INFO [35.4] Epoch 204: loss = 32.0089
2020-03-31 17:26:31,213 INFO [33.6] Epoch 205: loss = 32.1226
2020-03-31 17:27:07,347 INFO [36.1] Epoch 206: loss = 31.7829
2020-03-31 17:27:40,450 INFO [33.1] Epoch 207: loss = 31.8112
2020-03-31 17:28:17,778 INFO [37.3] Epoch 208: loss = 31.9466
2020-03-31 17:28:50,632 INFO [32.9] Epoch 209: loss = 31.9312
2020-03-31 17:28:50,633 INFO Start Evaling...
2020-03-31 17:29:23,327 INFO Head: mr:366.9 mrr:16.20 hits:32.13
2020-03-31 17:29:23,327 INFO Tail: mr:149.9 mrr:31.58 hits:53.79
2020-03-31 17:29:23,329 INFO All: mr:258.4 mrr:23.89 hits:42.96
2020-03-31 17:29:23,349 INFO Declined in recent 1 epochs
2020-03-31 17:30:01,031 INFO [37.7] Epoch 210: loss = 32.0464
2020-03-31 17:30:36,559 INFO [35.5] Epoch 211: loss = 31.8833
2020-03-31 17:31:10,457 INFO [33.9] Epoch 212: loss = 31.7503
2020-03-31 17:31:44,034 INFO [33.6] Epoch 213: loss = 31.8732
2020-03-31 17:32:17,979 INFO [33.9] Epoch 214: loss = 31.8731
2020-03-31 17:32:53,779 INFO [35.8] Epoch 215: loss = 31.9082
2020-03-31 17:33:28,894 INFO [35.1] Epoch 216: loss = 31.7502
2020-03-31 17:34:02,727 INFO [33.8] Epoch 217: loss = 31.8889
2020-03-31 17:34:37,204 INFO [34.5] Epoch 218: loss = 31.8958
2020-03-31 17:35:11,098 INFO [33.9] Epoch 219: loss = 31.6643
2020-03-31 17:35:11,098 INFO Start Evaling...
2020-03-31 17:35:43,390 INFO Head: mr:377.5 mrr:16.40 hits:32.72
2020-03-31 17:35:43,390 INFO Tail: mr:149.0 mrr:31.21 hits:53.03
2020-03-31 17:35:43,390 INFO All: mr:263.2 mrr:23.81 hits:42.87
2020-03-31 17:35:43,414 INFO Declined in recent 2 epochs
2020-03-31 17:36:20,164 INFO [36.7] Epoch 220: loss = 31.8467
2020-03-31 17:36:55,326 INFO [35.2] Epoch 221: loss = 31.7611
2020-03-31 17:37:31,289 INFO [36.0] Epoch 222: loss = 31.7031
2020-03-31 17:38:06,949 INFO [35.7] Epoch 223: loss = 31.7422
2020-03-31 17:38:43,233 INFO [36.3] Epoch 224: loss = 31.7881
2020-03-31 17:39:16,589 INFO [33.4] Epoch 225: loss = 31.7333
2020-03-31 17:39:52,315 INFO [35.7] Epoch 226: loss = 31.7194
2020-03-31 17:40:27,190 INFO [34.9] Epoch 227: loss = 31.5324
2020-03-31 17:41:01,432 INFO [34.2] Epoch 228: loss = 31.7106
2020-03-31 17:41:36,670 INFO [35.2] Epoch 229: loss = 31.8118
2020-03-31 17:41:36,670 INFO Start Evaling...
2020-03-31 17:42:09,060 INFO Head: mr:372.1 mrr:16.49 hits:32.47
2020-03-31 17:42:09,061 INFO Tail: mr:147.9 mrr:31.17 hits:53.49
2020-03-31 17:42:09,063 INFO All: mr:260.0 mrr:23.83 hits:42.98
2020-03-31 17:42:09,076 INFO Declined in recent 3 epochs
2020-03-31 17:42:41,930 INFO [32.9] Epoch 230: loss = 31.5513
2020-03-31 17:43:15,227 INFO [33.3] Epoch 231: loss = 31.8186
2020-03-31 17:43:51,066 INFO [35.8] Epoch 232: loss = 31.7700
2020-03-31 17:44:26,533 INFO [35.5] Epoch 233: loss = 31.8540
2020-03-31 17:45:03,223 INFO [36.7] Epoch 234: loss = 31.8151
2020-03-31 17:45:39,206 INFO [36.0] Epoch 235: loss = 31.5652
2020-03-31 17:46:16,104 INFO [36.9] Epoch 236: loss = 31.6033
2020-03-31 17:46:49,269 INFO [33.2] Epoch 237: loss = 31.7571
2020-03-31 17:47:27,754 INFO [38.5] Epoch 238: loss = 31.6219
2020-03-31 17:48:04,056 INFO [36.3] Epoch 239: loss = 31.5571
2020-03-31 17:48:04,056 INFO Start Evaling...
2020-03-31 17:48:37,165 INFO Head: mr:360.6 mrr:16.73 hits:32.59
2020-03-31 17:48:37,166 INFO Tail: mr:149.4 mrr:31.69 hits:53.76
2020-03-31 17:48:37,166 INFO All: mr:255.0 mrr:24.21 hits:43.17
2020-03-31 17:48:37,188 INFO Improved and model saved
2020-03-31 17:49:12,452 INFO [35.3] Epoch 240: loss = 31.9161
2020-03-31 17:49:46,672 INFO [34.2] Epoch 241: loss = 31.4779
2020-03-31 17:50:20,965 INFO [34.3] Epoch 242: loss = 31.7779
2020-03-31 17:50:53,794 INFO [32.8] Epoch 243: loss = 31.6864
2020-03-31 17:51:30,914 INFO [37.1] Epoch 244: loss = 31.7205
2020-03-31 17:52:05,501 INFO [34.6] Epoch 245: loss = 31.5704
2020-03-31 17:52:42,033 INFO [36.5] Epoch 246: loss = 31.4742
2020-03-31 17:53:18,571 INFO [36.5] Epoch 247: loss = 31.6128
2020-03-31 17:53:53,417 INFO [34.8] Epoch 248: loss = 31.4531
2020-03-31 17:54:29,935 INFO [36.5] Epoch 249: loss = 31.6347
2020-03-31 17:54:29,936 INFO Start Evaling...
2020-03-31 17:55:01,764 INFO Head: mr:373.6 mrr:16.58 hits:32.64
2020-03-31 17:55:01,764 INFO Tail: mr:149.8 mrr:32.12 hits:53.92
2020-03-31 17:55:01,764 INFO All: mr:261.7 mrr:24.35 hits:43.28
2020-03-31 17:55:01,777 INFO Improved and model saved
2020-03-31 17:55:35,011 INFO [33.2] Epoch 250: loss = 31.6218
2020-03-31 17:56:10,416 INFO [35.4] Epoch 251: loss = 31.3995
2020-03-31 17:56:45,719 INFO [35.3] Epoch 252: loss = 31.6076
2020-03-31 17:57:19,215 INFO [33.5] Epoch 253: loss = 31.4064
2020-03-31 17:57:54,629 INFO [35.4] Epoch 254: loss = 31.5965
2020-03-31 17:58:30,006 INFO [35.4] Epoch 255: loss = 31.5509
2020-03-31 17:59:04,317 INFO [34.3] Epoch 256: loss = 31.5646
2020-03-31 17:59:42,691 INFO [38.4] Epoch 257: loss = 31.3833
2020-03-31 18:00:20,177 INFO [37.5] Epoch 258: loss = 31.5480
2020-03-31 18:00:53,473 INFO [33.3] Epoch 259: loss = 31.5196
2020-03-31 18:00:53,473 INFO Start Evaling...
2020-03-31 18:01:23,506 INFO Head: mr:359.3 mrr:16.55 hits:32.92
2020-03-31 18:01:23,507 INFO Tail: mr:150.9 mrr:32.02 hits:54.18
2020-03-31 18:01:23,507 INFO All: mr:255.1 mrr:24.29 hits:43.55
2020-03-31 18:01:23,519 INFO Improved and model saved
2020-03-31 18:01:58,576 INFO [35.0] Epoch 260: loss = 31.5858
2020-03-31 18:02:32,278 INFO [33.7] Epoch 261: loss = 31.4981
2020-03-31 18:03:04,299 INFO [32.0] Epoch 262: loss = 31.4546
2020-03-31 18:03:39,241 INFO [34.9] Epoch 263: loss = 31.3863
2020-03-31 18:04:14,134 INFO [34.9] Epoch 264: loss = 31.5194
2020-03-31 18:04:52,397 INFO [38.3] Epoch 265: loss = 31.3955
2020-03-31 18:05:31,956 INFO [39.6] Epoch 266: loss = 31.5124
2020-03-31 18:06:09,706 INFO [37.7] Epoch 267: loss = 31.3687
2020-03-31 18:06:45,143 INFO [35.4] Epoch 268: loss = 31.3601
2020-03-31 18:07:19,943 INFO [34.8] Epoch 269: loss = 31.7355
2020-03-31 18:07:19,944 INFO Start Evaling...
2020-03-31 18:07:51,904 INFO Head: mr:367.0 mrr:16.53 hits:33.04
2020-03-31 18:07:51,905 INFO Tail: mr:150.9 mrr:31.41 hits:54.15
2020-03-31 18:07:51,905 INFO All: mr:258.9 mrr:23.97 hits:43.60
2020-03-31 18:07:51,916 INFO Improved and model saved
2020-03-31 18:08:28,530 INFO [36.6] Epoch 270: loss = 31.3026
2020-03-31 18:09:02,767 INFO [34.2] Epoch 271: loss = 31.4011
2020-03-31 18:09:38,925 INFO [36.2] Epoch 272: loss = 31.4302
2020-03-31 18:10:15,020 INFO [36.1] Epoch 273: loss = 31.4142
2020-03-31 18:10:49,119 INFO [34.1] Epoch 274: loss = 31.5078
2020-03-31 18:11:20,968 INFO [31.8] Epoch 275: loss = 31.4187
2020-03-31 18:11:55,934 INFO [35.0] Epoch 276: loss = 31.4494
2020-03-31 18:12:32,388 INFO [36.5] Epoch 277: loss = 31.4566
2020-03-31 18:13:07,308 INFO [34.9] Epoch 278: loss = 31.4801
2020-03-31 18:13:44,292 INFO [37.0] Epoch 279: loss = 31.4122
2020-03-31 18:13:44,293 INFO Start Evaling...
2020-03-31 18:14:16,821 INFO Head: mr:357.9 mrr:16.44 hits:32.65
2020-03-31 18:14:16,822 INFO Tail: mr:151.6 mrr:31.56 hits:53.73
2020-03-31 18:14:16,822 INFO All: mr:254.8 mrr:24.00 hits:43.19
2020-03-31 18:14:16,837 INFO Declined in recent 1 epochs
2020-03-31 18:14:52,335 INFO [35.5] Epoch 280: loss = 31.5501
2020-03-31 18:15:26,709 INFO [34.4] Epoch 281: loss = 31.1968
2020-03-31 18:16:02,668 INFO [36.0] Epoch 282: loss = 31.2919
2020-03-31 18:16:38,315 INFO [35.6] Epoch 283: loss = 31.3757
2020-03-31 18:17:14,367 INFO [36.1] Epoch 284: loss = 31.3734
2020-03-31 18:17:51,144 INFO [36.8] Epoch 285: loss = 31.3757
2020-03-31 18:18:29,747 INFO [38.6] Epoch 286: loss = 31.4079
2020-03-31 18:19:05,830 INFO [36.1] Epoch 287: loss = 31.3217
2020-03-31 18:19:38,876 INFO [33.0] Epoch 288: loss = 31.2719
2020-03-31 18:20:16,108 INFO [37.2] Epoch 289: loss = 31.3825
2020-03-31 18:20:16,109 INFO Start Evaling...
2020-03-31 18:20:49,375 INFO Head: mr:351.5 mrr:16.72 hits:32.77
2020-03-31 18:20:49,375 INFO Tail: mr:151.1 mrr:31.58 hits:53.80
2020-03-31 18:20:49,375 INFO All: mr:251.3 mrr:24.15 hits:43.29
2020-03-31 18:20:49,389 INFO Declined in recent 2 epochs
2020-03-31 18:21:28,644 INFO [39.3] Epoch 290: loss = 31.2849
2020-03-31 18:22:02,817 INFO [34.2] Epoch 291: loss = 31.3309
2020-03-31 18:22:40,917 INFO [38.1] Epoch 292: loss = 31.3024
2020-03-31 18:23:19,951 INFO [39.0] Epoch 293: loss = 31.3524
2020-03-31 18:23:55,713 INFO [35.8] Epoch 294: loss = 31.2773
2020-03-31 18:24:31,224 INFO [35.5] Epoch 295: loss = 31.3106
2020-03-31 18:25:09,523 INFO [38.3] Epoch 296: loss = 31.2687
2020-03-31 18:25:48,096 INFO [38.6] Epoch 297: loss = 31.2325
2020-03-31 18:26:26,999 INFO [38.9] Epoch 298: loss = 31.3108
2020-03-31 18:27:02,013 INFO [35.0] Epoch 299: loss = 31.4052
2020-03-31 18:27:02,014 INFO Start Evaling...
2020-03-31 18:27:33,326 INFO Head: mr:366.0 mrr:16.73 hits:32.82
2020-03-31 18:27:33,327 INFO Tail: mr:152.7 mrr:31.70 hits:54.19
2020-03-31 18:27:33,327 INFO All: mr:259.4 mrr:24.22 hits:43.51
2020-03-31 18:27:33,347 INFO Declined in recent 3 epochs
2020-03-31 18:28:10,321 INFO [37.0] Epoch 300: loss = 31.3658
2020-03-31 18:28:44,948 INFO [34.6] Epoch 301: loss = 31.2760
2020-03-31 18:29:18,928 INFO [34.0] Epoch 302: loss = 31.1475
2020-03-31 18:29:55,763 INFO [36.8] Epoch 303: loss = 31.3882
2020-03-31 18:30:31,737 INFO [36.0] Epoch 304: loss = 31.3075
2020-03-31 18:31:08,741 INFO [37.0] Epoch 305: loss = 31.3588
2020-03-31 18:31:43,693 INFO [35.0] Epoch 306: loss = 31.4733
2020-03-31 18:32:16,182 INFO [32.5] Epoch 307: loss = 31.2672
2020-03-31 18:32:50,444 INFO [34.3] Epoch 308: loss = 31.0523
2020-03-31 18:33:30,027 INFO [39.6] Epoch 309: loss = 31.2498
2020-03-31 18:33:30,028 INFO Start Evaling...
2020-03-31 18:34:02,165 INFO Head: mr:371.0 mrr:16.83 hits:33.16
2020-03-31 18:34:02,165 INFO Tail: mr:152.4 mrr:31.76 hits:54.05
2020-03-31 18:34:02,165 INFO All: mr:261.7 mrr:24.30 hits:43.60
2020-03-31 18:34:02,180 INFO Improved and model saved
2020-03-31 18:34:39,313 INFO [37.1] Epoch 310: loss = 31.3883
2020-03-31 18:35:19,454 INFO [40.1] Epoch 311: loss = 31.2350
2020-03-31 18:36:00,473 INFO [41.0] Epoch 312: loss = 31.4705
2020-03-31 18:36:37,677 INFO [37.2] Epoch 313: loss = 31.2444
2020-03-31 18:37:15,427 INFO [37.7] Epoch 314: loss = 31.3050
2020-03-31 18:37:51,260 INFO [35.8] Epoch 315: loss = 31.0428
2020-03-31 18:38:27,472 INFO [36.2] Epoch 316: loss = 31.4025
2020-03-31 18:39:01,057 INFO [33.6] Epoch 317: loss = 31.3468
2020-03-31 18:39:36,043 INFO [35.0] Epoch 318: loss = 31.4112
2020-03-31 18:40:11,851 INFO [35.8] Epoch 319: loss = 31.4064
2020-03-31 18:40:11,852 INFO Start Evaling...
2020-03-31 18:40:42,648 INFO Head: mr:366.6 mrr:16.98 hits:32.92
2020-03-31 18:40:42,650 INFO Tail: mr:151.0 mrr:32.19 hits:54.15
2020-03-31 18:40:42,650 INFO All: mr:258.8 mrr:24.59 hits:43.53
2020-03-31 18:40:42,671 INFO Declined in recent 1 epochs
2020-03-31 18:41:16,921 INFO [34.3] Epoch 320: loss = 31.2714
2020-03-31 18:41:53,005 INFO [36.1] Epoch 321: loss = 31.4266
2020-03-31 18:42:26,358 INFO [33.4] Epoch 322: loss = 31.3241
2020-03-31 18:43:03,431 INFO [37.1] Epoch 323: loss = 31.2523
2020-03-31 18:43:40,014 INFO [36.6] Epoch 324: loss = 31.2245
2020-03-31 18:44:16,676 INFO [36.7] Epoch 325: loss = 31.0267
2020-03-31 18:44:54,613 INFO [37.9] Epoch 326: loss = 31.1035
2020-03-31 18:45:31,105 INFO [36.5] Epoch 327: loss = 31.2834
2020-03-31 18:46:08,903 INFO [37.8] Epoch 328: loss = 31.1894
2020-03-31 18:46:46,967 INFO [38.1] Epoch 329: loss = 31.2960
2020-03-31 18:46:46,967 INFO Start Evaling...
2020-03-31 18:47:20,355 INFO Head: mr:360.6 mrr:16.67 hits:32.85
2020-03-31 18:47:20,355 INFO Tail: mr:151.6 mrr:31.85 hits:54.28
2020-03-31 18:47:20,355 INFO All: mr:256.1 mrr:24.26 hits:43.56
2020-03-31 18:47:20,374 INFO Declined in recent 2 epochs
2020-03-31 18:47:54,296 INFO [33.9] Epoch 330: loss = 31.1315
2020-03-31 18:48:31,797 INFO [37.5] Epoch 331: loss = 31.3012
2020-03-31 18:49:08,723 INFO [36.9] Epoch 332: loss = 31.2351
2020-03-31 18:49:42,985 INFO [34.3] Epoch 333: loss = 31.2255
2020-03-31 18:50:18,819 INFO [35.8] Epoch 334: loss = 31.2580
2020-03-31 18:50:53,832 INFO [35.0] Epoch 335: loss = 31.4253
2020-03-31 18:51:29,831 INFO [36.0] Epoch 336: loss = 31.3244
2020-03-31 18:52:00,961 INFO [31.1] Epoch 337: loss = 31.2680
2020-03-31 18:52:37,006 INFO [36.0] Epoch 338: loss = 31.0540
2020-03-31 18:53:07,879 INFO [30.9] Epoch 339: loss = 31.1661
2020-03-31 18:53:07,879 INFO Start Evaling...
2020-03-31 18:53:39,290 INFO Head: mr:357.4 mrr:16.99 hits:33.68
2020-03-31 18:53:39,290 INFO Tail: mr:151.5 mrr:32.45 hits:54.50
2020-03-31 18:53:39,290 INFO All: mr:254.4 mrr:24.72 hits:44.09
2020-03-31 18:53:39,305 INFO Improved and model saved
2020-03-31 18:54:17,391 INFO [38.1] Epoch 340: loss = 31.3878
2020-03-31 18:54:53,614 INFO [36.2] Epoch 341: loss = 31.1055
2020-03-31 18:55:27,885 INFO [34.3] Epoch 342: loss = 31.2667
2020-03-31 18:55:57,140 INFO [29.3] Epoch 343: loss = 31.2511
2020-03-31 18:56:25,765 INFO [28.6] Epoch 344: loss = 31.0707
2020-03-31 18:56:59,911 INFO [34.1] Epoch 345: loss = 31.0321
2020-03-31 18:57:29,506 INFO [29.6] Epoch 346: loss = 31.2134
2020-03-31 18:58:02,931 INFO [33.4] Epoch 347: loss = 31.3067
2020-03-31 18:58:35,394 INFO [32.5] Epoch 348: loss = 31.2569
2020-03-31 18:59:05,554 INFO [30.2] Epoch 349: loss = 31.1312
2020-03-31 18:59:05,554 INFO Start Evaling...
2020-03-31 18:59:34,539 INFO Head: mr:362.4 mrr:16.70 hits:32.89
2020-03-31 18:59:34,539 INFO Tail: mr:151.0 mrr:32.08 hits:54.39
2020-03-31 18:59:34,539 INFO All: mr:256.7 mrr:24.39 hits:43.64
2020-03-31 18:59:34,560 INFO Declined in recent 1 epochs
2020-03-31 19:00:09,350 INFO [34.8] Epoch 350: loss = 31.2605
2020-03-31 19:00:41,879 INFO [32.5] Epoch 351: loss = 31.0666
2020-03-31 19:01:09,952 INFO [28.1] Epoch 352: loss = 31.0631
2020-03-31 19:01:42,567 INFO [32.6] Epoch 353: loss = 31.2524
2020-03-31 19:02:15,767 INFO [33.2] Epoch 354: loss = 30.9942
2020-03-31 19:02:46,404 INFO [30.6] Epoch 355: loss = 31.2884
2020-03-31 19:03:18,794 INFO [32.4] Epoch 356: loss = 31.1160
2020-03-31 19:03:50,360 INFO [31.6] Epoch 357: loss = 31.1476
2020-03-31 19:04:21,601 INFO [31.2] Epoch 358: loss = 31.2794
2020-03-31 19:04:56,106 INFO [34.5] Epoch 359: loss = 31.1624
2020-03-31 19:04:56,106 INFO Start Evaling...
2020-03-31 19:05:25,252 INFO Head: mr:369.0 mrr:16.81 hits:33.17
2020-03-31 19:05:25,253 INFO Tail: mr:151.9 mrr:31.95 hits:54.04
2020-03-31 19:05:25,253 INFO All: mr:260.5 mrr:24.38 hits:43.60
2020-03-31 19:05:25,277 INFO Declined in recent 2 epochs
2020-03-31 19:05:58,530 INFO [33.3] Epoch 360: loss = 31.2753
2020-03-31 19:06:30,068 INFO [31.5] Epoch 361: loss = 31.1652
2020-03-31 19:06:57,166 INFO [27.1] Epoch 362: loss = 31.1111
2020-03-31 19:07:29,746 INFO [32.6] Epoch 363: loss = 31.0523
2020-03-31 19:08:03,114 INFO [33.4] Epoch 364: loss = 31.1285
2020-03-31 19:08:35,165 INFO [32.0] Epoch 365: loss = 31.2881
2020-03-31 19:09:09,053 INFO [33.9] Epoch 366: loss = 31.3893
2020-03-31 19:09:43,719 INFO [34.7] Epoch 367: loss = 31.0615
2020-03-31 19:10:14,415 INFO [30.7] Epoch 368: loss = 31.2062
2020-03-31 19:10:47,369 INFO [33.0] Epoch 369: loss = 31.2484
2020-03-31 19:10:47,370 INFO Start Evaling...
2020-03-31 19:11:16,229 INFO Head: mr:371.9 mrr:16.83 hits:33.13
2020-03-31 19:11:16,229 INFO Tail: mr:151.3 mrr:31.87 hits:54.09
2020-03-31 19:11:16,229 INFO All: mr:261.6 mrr:24.35 hits:43.61
2020-03-31 19:11:16,250 INFO Declined in recent 3 epochs
2020-03-31 19:11:47,748 INFO [31.5] Epoch 370: loss = 31.2749
2020-03-31 19:12:17,821 INFO [30.1] Epoch 371: loss = 31.2029
2020-03-31 19:12:47,067 INFO [29.2] Epoch 372: loss = 31.2925
2020-03-31 19:13:21,025 INFO [34.0] Epoch 373: loss = 31.1847
2020-03-31 19:13:55,044 INFO [34.0] Epoch 374: loss = 31.1818
2020-03-31 19:14:27,921 INFO [32.9] Epoch 375: loss = 31.2116
2020-03-31 19:15:00,526 INFO [32.6] Epoch 376: loss = 31.0605
2020-03-31 19:15:32,682 INFO [32.2] Epoch 377: loss = 31.3752
2020-03-31 19:16:08,493 INFO [35.8] Epoch 378: loss = 30.9988
2020-03-31 19:16:38,840 INFO [30.3] Epoch 379: loss = 31.1084
2020-03-31 19:16:38,840 INFO Start Evaling...
2020-03-31 19:17:08,390 INFO Head: mr:371.0 mrr:16.82 hits:33.41
2020-03-31 19:17:08,391 INFO Tail: mr:153.9 mrr:32.29 hits:54.13
2020-03-31 19:17:08,391 INFO All: mr:262.5 mrr:24.55 hits:43.77
2020-03-31 19:17:08,402 INFO Declined in recent 4 epochs
2020-03-31 19:17:39,034 INFO [30.6] Epoch 380: loss = 31.4271
2020-03-31 19:18:08,488 INFO [29.5] Epoch 381: loss = 30.9832
2020-03-31 19:18:37,285 INFO [28.8] Epoch 382: loss = 31.2527
2020-03-31 19:19:10,658 INFO [33.4] Epoch 383: loss = 30.9092
2020-03-31 19:19:40,855 INFO [30.2] Epoch 384: loss = 31.2792
2020-03-31 19:20:12,606 INFO [31.8] Epoch 385: loss = 31.1886
2020-03-31 19:20:44,521 INFO [31.9] Epoch 386: loss = 31.1124
2020-03-31 19:21:15,438 INFO [30.9] Epoch 387: loss = 31.2335
2020-03-31 19:21:47,357 INFO [31.9] Epoch 388: loss = 31.0111
2020-03-31 19:22:17,436 INFO [30.1] Epoch 389: loss = 31.0842
2020-03-31 19:22:17,436 INFO Start Evaling...
2020-03-31 19:22:47,397 INFO Head: mr:372.3 mrr:16.61 hits:32.96
2020-03-31 19:22:47,397 INFO Tail: mr:152.4 mrr:31.48 hits:54.30
2020-03-31 19:22:47,398 INFO All: mr:262.3 mrr:24.05 hits:43.63
2020-03-31 19:22:47,417 INFO Declined in recent 5 epochs
2020-03-31 19:22:47,417 INFO Early stopping
2020-03-31 19:22:47,417 INFO Train done
2020-03-31 19:22:47,423 INFO Start Evaling...
2020-03-31 19:23:21,648 INFO Head: mr:368.2 mrr:16.47 hits:32.85
2020-03-31 19:23:21,649 INFO Tail: mr:156.1 mrr:31.59 hits:53.69
2020-03-31 19:23:21,649 INFO All: mr:262.1 mrr:24.03 hits:43.27
