2020-03-28 15:43:07,369 INFO EPOCH: 1000
2020-03-28 15:43:07,371 INFO EVERY: 10
2020-03-28 15:43:07,372 INFO LR: 0.001
2020-03-28 15:43:07,374 INFO DIM: 100
2020-03-28 15:43:07,374 INFO BATCH_SIZE: 256
2020-03-28 15:43:07,374 INFO BATCH_SIZE2: 256
2020-03-28 15:43:07,374 INFO P: 1
2020-03-28 15:43:07,374 INFO CLIPPING_MAX_VALUE: 4.0
2020-03-28 15:43:07,374 INFO OPTIM: Adam
2020-03-28 15:43:07,374 INFO N_SAMPLE: 10
2020-03-28 15:43:07,374 INFO MODE: kall
2020-03-28 15:43:07,374 INFO GAMMA: 12.0
2020-03-28 15:43:07,374 INFO BERN: True
2020-03-28 15:43:07,374 INFO MARGIN: 4.0
2020-03-28 15:43:07,374 INFO REG: 1.0
2020-03-28 15:43:07,374 INFO LABEL_SMOOTH_EPS: 0.1
2020-03-28 15:43:07,374 INFO INPUT_DROP: 0.2
2020-03-28 15:43:07,374 INFO FEAT_DROP: 0.2
2020-03-28 15:43:07,374 INFO HIDD_DROP: 0.2
2020-03-28 15:43:07,374 INFO CHANNELS: 200
2020-03-28 15:43:07,375 INFO KERNEL_SIZE: 5
2020-03-28 15:43:07,375 INFO N_POOL: 100
2020-03-28 15:43:07,375 INFO D_FILE: TransE-FB15K237-rand-0
2020-03-28 15:43:07,375 INFO G_FILE: DistMult-FB15K237-rand-0
2020-03-28 15:43:07,375 INFO PATH: data
2020-03-28 15:43:07,375 INFO DATA: FB15K237
2020-03-28 15:43:07,375 INFO EXP_PATH: experiment
2020-03-28 15:43:07,375 INFO MODEL: DistMult
2020-03-28 15:43:07,375 INFO V: 0
2020-03-28 15:43:07,375 INFO F: False
2020-03-28 15:43:07,375 INFO EVAL: False
2020-03-28 15:43:07,375 INFO PRETRAINED_NAME: None
2020-03-28 15:43:07,375 INFO EXP_NAME: DistMult-FB15K237-kall-0
2020-03-28 15:43:07,375 INFO --------------------------------------
2020-03-28 15:43:20,298 INFO Dataload done
2020-03-28 15:43:20,298 INFO --------------------------------------
2020-03-28 15:43:20,299 INFO N_ENTITY: 14541
2020-03-28 15:43:20,299 INFO N_RELATION: 237
2020-03-28 15:43:20,299 INFO --------------------------------------
2020-03-28 15:43:23,871 INFO Start Training...
2020-03-28 15:44:15,511 INFO [51.6] Epoch 0: loss = 0.5048
2020-03-28 15:45:01,014 INFO [45.5] Epoch 1: loss = 0.0245
2020-03-28 15:45:49,520 INFO [48.5] Epoch 2: loss = 0.0046
2020-03-28 15:46:37,160 INFO [47.6] Epoch 3: loss = 0.0032
2020-03-28 15:47:25,728 INFO [48.6] Epoch 4: loss = 0.0029
2020-03-28 15:48:16,741 INFO [51.0] Epoch 5: loss = 0.0027
2020-03-28 15:49:10,956 INFO [54.2] Epoch 6: loss = 0.0026
2020-03-28 15:50:03,984 INFO [53.0] Epoch 7: loss = 0.0025
2020-03-28 15:50:55,142 INFO [51.2] Epoch 8: loss = 0.0025
2020-03-28 15:51:48,580 INFO [53.4] Epoch 9: loss = 0.0024
2020-03-28 15:51:48,581 INFO Start Evaling...
2020-03-28 15:52:39,446 INFO Head: mr:2912.1 mrr:1.18 hits:2.13
2020-03-28 15:52:39,448 INFO Tail: mr:2097.6 mrr:13.04 hits:21.41
2020-03-28 15:52:39,450 INFO All: mr:2504.9 mrr:7.11 hits:11.77
2020-03-28 15:52:39,473 INFO Improved and model saved
2020-03-28 15:53:31,327 INFO [51.8] Epoch 10: loss = 0.0024
2020-03-28 15:54:22,056 INFO [50.7] Epoch 11: loss = 0.0023
2020-03-28 15:55:13,054 INFO [51.0] Epoch 12: loss = 0.0023
2020-03-28 15:56:05,071 INFO [52.0] Epoch 13: loss = 0.0023
2020-03-28 15:56:53,764 INFO [48.7] Epoch 14: loss = 0.0022
2020-03-28 15:57:45,376 INFO [51.6] Epoch 15: loss = 0.0022
2020-03-28 15:58:36,878 INFO [51.5] Epoch 16: loss = 0.0022
2020-03-28 15:59:26,606 INFO [49.7] Epoch 17: loss = 0.0022
2020-03-28 16:00:15,582 INFO [49.0] Epoch 18: loss = 0.0022
2020-03-28 16:01:05,058 INFO [49.5] Epoch 19: loss = 0.0021
2020-03-28 16:01:05,058 INFO Start Evaling...
2020-03-28 16:01:51,678 INFO Head: mr:1311.8 mrr:6.21 hits:14.17
2020-03-28 16:01:51,680 INFO Tail: mr:863.6 mrr:24.03 hits:36.70
2020-03-28 16:01:51,682 INFO All: mr:1087.7 mrr:15.12 hits:25.44
2020-03-28 16:01:51,708 INFO Improved and model saved
2020-03-28 16:02:40,062 INFO [48.3] Epoch 20: loss = 0.0021
2020-03-28 16:03:30,107 INFO [50.0] Epoch 21: loss = 0.0021
2020-03-28 16:04:20,554 INFO [50.4] Epoch 22: loss = 0.0021
2020-03-28 16:05:09,092 INFO [48.5] Epoch 23: loss = 0.0021
2020-03-28 16:05:59,037 INFO [49.9] Epoch 24: loss = 0.0021
2020-03-28 16:06:47,407 INFO [48.4] Epoch 25: loss = 0.0020
2020-03-28 16:07:37,517 INFO [50.1] Epoch 26: loss = 0.0020
2020-03-28 16:08:27,742 INFO [50.2] Epoch 27: loss = 0.0020
2020-03-28 16:09:17,804 INFO [50.1] Epoch 28: loss = 0.0020
2020-03-28 16:10:04,956 INFO [47.2] Epoch 29: loss = 0.0020
2020-03-28 16:10:04,956 INFO Start Evaling...
2020-03-28 16:10:54,597 INFO Head: mr:791.5 mrr:11.60 hits:21.19
2020-03-28 16:10:54,598 INFO Tail: mr:472.1 mrr:31.71 hits:46.64
2020-03-28 16:10:54,598 INFO All: mr:631.8 mrr:21.65 hits:33.92
2020-03-28 16:10:54,620 INFO Improved and model saved
2020-03-28 16:11:44,993 INFO [50.4] Epoch 30: loss = 0.0020
2020-03-28 16:12:35,976 INFO [51.0] Epoch 31: loss = 0.0020
2020-03-28 16:13:24,794 INFO [48.8] Epoch 32: loss = 0.0020
2020-03-28 16:14:13,211 INFO [48.4] Epoch 33: loss = 0.0020
2020-03-28 16:15:02,731 INFO [49.5] Epoch 34: loss = 0.0019
2020-03-28 16:15:51,981 INFO [49.2] Epoch 35: loss = 0.0019
2020-03-28 16:16:45,170 INFO [53.2] Epoch 36: loss = 0.0019
2020-03-28 16:17:33,669 INFO [48.5] Epoch 37: loss = 0.0019
2020-03-28 16:18:20,339 INFO [46.7] Epoch 38: loss = 0.0019
2020-03-28 16:19:08,512 INFO [48.2] Epoch 39: loss = 0.0019
2020-03-28 16:19:08,513 INFO Start Evaling...
2020-03-28 16:19:56,026 INFO Head: mr:592.2 mrr:14.26 hits:25.29
2020-03-28 16:19:56,028 INFO Tail: mr:353.3 mrr:35.09 hits:50.40
2020-03-28 16:19:56,030 INFO All: mr:472.8 mrr:24.68 hits:37.84
2020-03-28 16:19:56,057 INFO Improved and model saved
2020-03-28 16:20:46,317 INFO [50.2] Epoch 40: loss = 0.0019
2020-03-28 16:21:34,932 INFO [48.6] Epoch 41: loss = 0.0019
2020-03-28 16:22:24,091 INFO [49.2] Epoch 42: loss = 0.0019
2020-03-28 16:23:11,402 INFO [47.3] Epoch 43: loss = 0.0019
2020-03-28 16:24:01,402 INFO [50.0] Epoch 44: loss = 0.0019
2020-03-28 16:24:49,292 INFO [47.9] Epoch 45: loss = 0.0019
2020-03-28 16:25:38,778 INFO [49.5] Epoch 46: loss = 0.0019
2020-03-28 16:26:26,436 INFO [47.7] Epoch 47: loss = 0.0019
2020-03-28 16:27:15,516 INFO [49.1] Epoch 48: loss = 0.0019
2020-03-28 16:28:05,805 INFO [50.3] Epoch 49: loss = 0.0018
2020-03-28 16:28:05,806 INFO Start Evaling...
2020-03-28 16:28:56,599 INFO Head: mr:506.3 mrr:16.08 hits:28.09
2020-03-28 16:28:56,599 INFO Tail: mr:313.3 mrr:36.26 hits:52.27
2020-03-28 16:28:56,600 INFO All: mr:409.8 mrr:26.17 hits:40.18
2020-03-28 16:28:56,622 INFO Improved and model saved
2020-03-28 16:29:42,872 INFO [46.2] Epoch 50: loss = 0.0018
2020-03-28 16:30:27,238 INFO [44.4] Epoch 51: loss = 0.0018
2020-03-28 16:31:12,557 INFO [45.3] Epoch 52: loss = 0.0018
2020-03-28 16:32:01,667 INFO [49.1] Epoch 53: loss = 0.0018
2020-03-28 16:32:47,033 INFO [45.4] Epoch 54: loss = 0.0018
2020-03-28 16:33:34,874 INFO [47.8] Epoch 55: loss = 0.0018
2020-03-28 16:34:19,758 INFO [44.9] Epoch 56: loss = 0.0018
2020-03-28 16:35:07,855 INFO [48.1] Epoch 57: loss = 0.0018
2020-03-28 16:35:56,964 INFO [49.1] Epoch 58: loss = 0.0018
2020-03-28 16:36:46,299 INFO [49.3] Epoch 59: loss = 0.0018
2020-03-28 16:36:46,299 INFO Start Evaling...
2020-03-28 16:37:31,430 INFO Head: mr:463.7 mrr:17.23 hits:30.04
2020-03-28 16:37:31,432 INFO Tail: mr:293.0 mrr:37.71 hits:53.90
2020-03-28 16:37:31,434 INFO All: mr:378.3 mrr:27.47 hits:41.97
2020-03-28 16:37:31,461 INFO Improved and model saved
2020-03-28 16:38:22,123 INFO [50.6] Epoch 60: loss = 0.0018
2020-03-28 16:39:10,936 INFO [48.8] Epoch 61: loss = 0.0018
2020-03-28 16:39:59,803 INFO [48.9] Epoch 62: loss = 0.0018
2020-03-28 16:40:51,531 INFO [51.7] Epoch 63: loss = 0.0018
2020-03-28 16:41:39,946 INFO [48.4] Epoch 64: loss = 0.0018
2020-03-28 16:42:27,881 INFO [47.9] Epoch 65: loss = 0.0018
2020-03-28 16:43:15,124 INFO [47.2] Epoch 66: loss = 0.0018
2020-03-28 16:44:04,826 INFO [49.7] Epoch 67: loss = 0.0018
2020-03-28 16:44:52,929 INFO [48.1] Epoch 68: loss = 0.0018
2020-03-28 16:45:41,014 INFO [48.1] Epoch 69: loss = 0.0018
2020-03-28 16:45:41,014 INFO Start Evaling...
2020-03-28 16:46:26,811 INFO Head: mr:438.7 mrr:18.16 hits:31.31
2020-03-28 16:46:26,814 INFO Tail: mr:286.1 mrr:38.65 hits:55.36
2020-03-28 16:46:26,816 INFO All: mr:362.4 mrr:28.41 hits:43.33
2020-03-28 16:46:26,839 INFO Improved and model saved
2020-03-28 16:47:14,412 INFO [47.6] Epoch 70: loss = 0.0018
2020-03-28 16:48:03,650 INFO [49.2] Epoch 71: loss = 0.0018
2020-03-28 16:48:51,017 INFO [47.4] Epoch 72: loss = 0.0018
2020-03-28 16:49:38,906 INFO [47.9] Epoch 73: loss = 0.0018
2020-03-28 16:50:26,440 INFO [47.5] Epoch 74: loss = 0.0018
2020-03-28 16:51:16,723 INFO [50.3] Epoch 75: loss = 0.0018
2020-03-28 16:52:02,271 INFO [45.5] Epoch 76: loss = 0.0018
2020-03-28 16:52:49,330 INFO [47.1] Epoch 77: loss = 0.0018
2020-03-28 16:53:35,645 INFO [46.3] Epoch 78: loss = 0.0018
2020-03-28 16:54:22,801 INFO [47.2] Epoch 79: loss = 0.0018
2020-03-28 16:54:22,802 INFO Start Evaling...
2020-03-28 16:55:08,958 INFO Head: mr:429.5 mrr:18.85 hits:32.79
2020-03-28 16:55:08,961 INFO Tail: mr:281.1 mrr:39.10 hits:56.02
2020-03-28 16:55:08,963 INFO All: mr:355.3 mrr:28.98 hits:44.40
2020-03-28 16:55:08,988 INFO Improved and model saved
2020-03-28 16:55:58,740 INFO [49.7] Epoch 80: loss = 0.0017
2020-03-28 16:56:45,786 INFO [47.0] Epoch 81: loss = 0.0017
2020-03-28 16:57:34,665 INFO [48.9] Epoch 82: loss = 0.0017
2020-03-28 16:58:20,147 INFO [45.5] Epoch 83: loss = 0.0017
2020-03-28 16:59:09,610 INFO [49.5] Epoch 84: loss = 0.0017
2020-03-28 16:59:58,441 INFO [48.8] Epoch 85: loss = 0.0017
2020-03-28 17:00:47,546 INFO [49.1] Epoch 86: loss = 0.0017
2020-03-28 17:01:35,302 INFO [47.8] Epoch 87: loss = 0.0017
2020-03-28 17:02:25,509 INFO [50.2] Epoch 88: loss = 0.0017
2020-03-28 17:03:13,702 INFO [48.2] Epoch 89: loss = 0.0017
2020-03-28 17:03:13,702 INFO Start Evaling...
2020-03-28 17:04:01,221 INFO Head: mr:412.7 mrr:19.39 hits:33.56
2020-03-28 17:04:01,224 INFO Tail: mr:273.7 mrr:39.43 hits:56.74
2020-03-28 17:04:01,225 INFO All: mr:343.2 mrr:29.41 hits:45.15
2020-03-28 17:04:01,249 INFO Improved and model saved
2020-03-28 17:04:51,099 INFO [49.8] Epoch 90: loss = 0.0017
2020-03-28 17:05:40,843 INFO [49.7] Epoch 91: loss = 0.0017
2020-03-28 17:06:29,249 INFO [48.4] Epoch 92: loss = 0.0017
2020-03-28 17:07:20,546 INFO [51.3] Epoch 93: loss = 0.0017
2020-03-28 17:08:08,588 INFO [48.0] Epoch 94: loss = 0.0017
2020-03-28 17:08:57,411 INFO [48.8] Epoch 95: loss = 0.0017
2020-03-28 17:09:46,299 INFO [48.9] Epoch 96: loss = 0.0017
2020-03-28 17:10:35,776 INFO [49.5] Epoch 97: loss = 0.0017
2020-03-28 17:11:25,409 INFO [49.6] Epoch 98: loss = 0.0017
2020-03-28 17:12:12,655 INFO [47.2] Epoch 99: loss = 0.0017
2020-03-28 17:12:12,655 INFO Start Evaling...
2020-03-28 17:12:57,116 INFO Head: mr:401.2 mrr:19.90 hits:34.26
2020-03-28 17:12:57,116 INFO Tail: mr:271.1 mrr:39.98 hits:56.82
2020-03-28 17:12:57,116 INFO All: mr:336.1 mrr:29.94 hits:45.54
2020-03-28 17:12:57,139 INFO Improved and model saved
2020-03-28 17:13:46,127 INFO [49.0] Epoch 100: loss = 0.0017
2020-03-28 17:14:33,677 INFO [47.5] Epoch 101: loss = 0.0017
2020-03-28 17:15:23,008 INFO [49.3] Epoch 102: loss = 0.0017
2020-03-28 17:16:13,059 INFO [50.1] Epoch 103: loss = 0.0017
2020-03-28 17:17:02,213 INFO [49.2] Epoch 104: loss = 0.0017
2020-03-28 17:17:51,883 INFO [49.7] Epoch 105: loss = 0.0017
2020-03-28 17:18:42,272 INFO [50.4] Epoch 106: loss = 0.0017
2020-03-28 17:19:29,351 INFO [47.1] Epoch 107: loss = 0.0017
2020-03-28 17:20:18,355 INFO [49.0] Epoch 108: loss = 0.0017
2020-03-28 17:21:05,467 INFO [47.1] Epoch 109: loss = 0.0017
2020-03-28 17:21:05,467 INFO Start Evaling...
2020-03-28 17:21:54,083 INFO Head: mr:395.5 mrr:20.17 hits:34.62
2020-03-28 17:21:54,083 INFO Tail: mr:267.0 mrr:40.32 hits:57.49
2020-03-28 17:21:54,083 INFO All: mr:331.2 mrr:30.24 hits:46.06
2020-03-28 17:21:54,105 INFO Improved and model saved
2020-03-28 17:22:43,284 INFO [49.2] Epoch 110: loss = 0.0017
2020-03-28 17:23:32,133 INFO [48.8] Epoch 111: loss = 0.0017
2020-03-28 17:24:21,571 INFO [49.4] Epoch 112: loss = 0.0017
2020-03-28 17:25:09,117 INFO [47.5] Epoch 113: loss = 0.0017
2020-03-28 17:25:58,787 INFO [49.7] Epoch 114: loss = 0.0017
2020-03-28 17:26:46,710 INFO [47.9] Epoch 115: loss = 0.0017
2020-03-28 17:27:36,047 INFO [49.3] Epoch 116: loss = 0.0017
2020-03-28 17:28:23,966 INFO [47.9] Epoch 117: loss = 0.0017
2020-03-28 17:29:12,754 INFO [48.8] Epoch 118: loss = 0.0017
2020-03-28 17:30:01,981 INFO [49.2] Epoch 119: loss = 0.0017
2020-03-28 17:30:01,982 INFO Start Evaling...
2020-03-28 17:30:48,693 INFO Head: mr:389.4 mrr:20.63 hits:35.27
2020-03-28 17:30:48,695 INFO Tail: mr:262.1 mrr:40.28 hits:57.38
2020-03-28 17:30:48,697 INFO All: mr:325.8 mrr:30.46 hits:46.32
2020-03-28 17:30:48,723 INFO Improved and model saved
2020-03-28 17:31:39,174 INFO [50.4] Epoch 120: loss = 0.0017
2020-03-28 17:32:28,803 INFO [49.6] Epoch 121: loss = 0.0017
2020-03-28 17:33:15,866 INFO [47.1] Epoch 122: loss = 0.0017
2020-03-28 17:34:04,176 INFO [48.3] Epoch 123: loss = 0.0017
2020-03-28 17:34:56,376 INFO [52.2] Epoch 124: loss = 0.0017
2020-03-28 17:35:42,817 INFO [46.4] Epoch 125: loss = 0.0017
2020-03-28 17:36:31,879 INFO [49.1] Epoch 126: loss = 0.0017
2020-03-28 17:37:18,912 INFO [47.0] Epoch 127: loss = 0.0017
2020-03-28 17:38:07,188 INFO [48.3] Epoch 128: loss = 0.0017
2020-03-28 17:38:55,259 INFO [48.1] Epoch 129: loss = 0.0017
2020-03-28 17:38:55,260 INFO Start Evaling...
2020-03-28 17:39:37,965 INFO Head: mr:387.5 mrr:20.37 hits:35.35
2020-03-28 17:39:37,967 INFO Tail: mr:262.6 mrr:40.65 hits:57.73
2020-03-28 17:39:37,969 INFO All: mr:325.0 mrr:30.51 hits:46.54
2020-03-28 17:39:37,995 INFO Improved and model saved
2020-03-28 17:40:27,317 INFO [49.3] Epoch 130: loss = 0.0017
2020-03-28 17:41:16,213 INFO [48.9] Epoch 131: loss = 0.0017
2020-03-28 17:42:05,511 INFO [49.3] Epoch 132: loss = 0.0017
2020-03-28 17:42:55,498 INFO [50.0] Epoch 133: loss = 0.0017
2020-03-28 17:43:46,630 INFO [51.1] Epoch 134: loss = 0.0017
2020-03-28 17:44:35,294 INFO [48.7] Epoch 135: loss = 0.0017
2020-03-28 17:45:23,386 INFO [48.1] Epoch 136: loss = 0.0017
2020-03-28 17:46:13,796 INFO [50.4] Epoch 137: loss = 0.0017
2020-03-28 17:47:01,345 INFO [47.5] Epoch 138: loss = 0.0017
2020-03-28 17:47:50,452 INFO [49.1] Epoch 139: loss = 0.0017
2020-03-28 17:47:50,452 INFO Start Evaling...
2020-03-28 17:48:36,415 INFO Head: mr:382.1 mrr:20.82 hits:35.64
2020-03-28 17:48:36,415 INFO Tail: mr:259.3 mrr:40.80 hits:57.92
2020-03-28 17:48:36,416 INFO All: mr:320.7 mrr:30.81 hits:46.78
2020-03-28 17:48:36,441 INFO Improved and model saved
2020-03-28 17:49:25,079 INFO [48.6] Epoch 140: loss = 0.0017
2020-03-28 17:50:13,742 INFO [48.7] Epoch 141: loss = 0.0017
2020-03-28 17:51:03,636 INFO [49.9] Epoch 142: loss = 0.0017
2020-03-28 17:51:54,579 INFO [50.9] Epoch 143: loss = 0.0017
2020-03-28 17:52:43,257 INFO [48.7] Epoch 144: loss = 0.0017
2020-03-28 17:53:34,118 INFO [50.9] Epoch 145: loss = 0.0017
2020-03-28 17:54:23,626 INFO [49.5] Epoch 146: loss = 0.0017
2020-03-28 17:55:09,967 INFO [46.3] Epoch 147: loss = 0.0017
2020-03-28 17:55:55,550 INFO [45.6] Epoch 148: loss = 0.0017
2020-03-28 17:56:44,125 INFO [48.6] Epoch 149: loss = 0.0017
2020-03-28 17:56:44,126 INFO Start Evaling...
2020-03-28 17:57:31,193 INFO Head: mr:376.8 mrr:20.77 hits:35.35
2020-03-28 17:57:31,193 INFO Tail: mr:258.9 mrr:40.87 hits:57.93
2020-03-28 17:57:31,193 INFO All: mr:317.8 mrr:30.82 hits:46.64
2020-03-28 17:57:31,217 INFO Declined in recent 1 epochs
2020-03-28 17:58:20,113 INFO [48.9] Epoch 150: loss = 0.0017
2020-03-28 17:59:08,668 INFO [48.6] Epoch 151: loss = 0.0017
2020-03-28 17:59:58,097 INFO [49.4] Epoch 152: loss = 0.0017
2020-03-28 18:00:46,247 INFO [48.2] Epoch 153: loss = 0.0017
2020-03-28 18:01:34,505 INFO [48.3] Epoch 154: loss = 0.0017
2020-03-28 18:02:23,146 INFO [48.6] Epoch 155: loss = 0.0017
2020-03-28 18:03:09,963 INFO [46.8] Epoch 156: loss = 0.0017
2020-03-28 18:03:58,078 INFO [48.1] Epoch 157: loss = 0.0017
2020-03-28 18:04:46,333 INFO [48.3] Epoch 158: loss = 0.0017
2020-03-28 18:05:34,309 INFO [48.0] Epoch 159: loss = 0.0017
2020-03-28 18:05:34,310 INFO Start Evaling...
2020-03-28 18:06:22,368 INFO Head: mr:371.4 mrr:20.77 hits:35.44
2020-03-28 18:06:22,368 INFO Tail: mr:257.4 mrr:40.70 hits:58.06
2020-03-28 18:06:22,368 INFO All: mr:314.4 mrr:30.74 hits:46.75
2020-03-28 18:06:22,396 INFO Declined in recent 2 epochs
2020-03-28 18:07:10,619 INFO [48.2] Epoch 160: loss = 0.0017
2020-03-28 18:07:59,562 INFO [48.9] Epoch 161: loss = 0.0017
2020-03-28 18:08:50,062 INFO [50.5] Epoch 162: loss = 0.0017
2020-03-28 18:09:38,723 INFO [48.7] Epoch 163: loss = 0.0017
2020-03-28 18:10:26,061 INFO [47.3] Epoch 164: loss = 0.0017
2020-03-28 18:11:13,774 INFO [47.7] Epoch 165: loss = 0.0017
2020-03-28 18:12:02,166 INFO [48.4] Epoch 166: loss = 0.0017
2020-03-28 18:12:51,363 INFO [49.2] Epoch 167: loss = 0.0017
2020-03-28 18:13:40,883 INFO [49.5] Epoch 168: loss = 0.0017
2020-03-28 18:14:30,548 INFO [49.7] Epoch 169: loss = 0.0017
2020-03-28 18:14:30,548 INFO Start Evaling...
2020-03-28 18:15:17,942 INFO Head: mr:369.9 mrr:20.91 hits:35.69
2020-03-28 18:15:17,945 INFO Tail: mr:255.8 mrr:40.90 hits:58.37
2020-03-28 18:15:17,947 INFO All: mr:312.9 mrr:30.90 hits:47.03
2020-03-28 18:15:17,971 INFO Improved and model saved
2020-03-28 18:16:03,197 INFO [45.2] Epoch 170: loss = 0.0017
2020-03-28 18:16:52,008 INFO [48.8] Epoch 171: loss = 0.0017
2020-03-28 18:17:41,299 INFO [49.3] Epoch 172: loss = 0.0017
2020-03-28 18:18:27,546 INFO [46.2] Epoch 173: loss = 0.0017
2020-03-28 18:19:16,172 INFO [48.6] Epoch 174: loss = 0.0017
2020-03-28 18:20:06,112 INFO [49.9] Epoch 175: loss = 0.0017
2020-03-28 18:20:56,305 INFO [50.2] Epoch 176: loss = 0.0017
2020-03-28 18:21:44,116 INFO [47.8] Epoch 177: loss = 0.0017
2020-03-28 18:22:32,772 INFO [48.7] Epoch 178: loss = 0.0017
2020-03-28 18:23:22,082 INFO [49.3] Epoch 179: loss = 0.0017
2020-03-28 18:23:22,084 INFO Start Evaling...
2020-03-28 18:24:07,068 INFO Head: mr:368.1 mrr:20.95 hits:36.05
2020-03-28 18:24:07,070 INFO Tail: mr:253.1 mrr:41.06 hits:58.36
2020-03-28 18:24:07,072 INFO All: mr:310.6 mrr:31.01 hits:47.21
2020-03-28 18:24:07,098 INFO Improved and model saved
2020-03-28 18:24:54,623 INFO [47.5] Epoch 180: loss = 0.0017
2020-03-28 18:25:44,205 INFO [49.6] Epoch 181: loss = 0.0017
2020-03-28 18:26:33,498 INFO [49.3] Epoch 182: loss = 0.0017
2020-03-28 18:27:22,414 INFO [48.9] Epoch 183: loss = 0.0017
2020-03-28 18:28:12,210 INFO [49.8] Epoch 184: loss = 0.0017
2020-03-28 18:28:59,680 INFO [47.5] Epoch 185: loss = 0.0017
2020-03-28 18:29:48,516 INFO [48.8] Epoch 186: loss = 0.0017
2020-03-28 18:30:38,673 INFO [50.2] Epoch 187: loss = 0.0017
2020-03-28 18:31:27,032 INFO [48.4] Epoch 188: loss = 0.0017
2020-03-28 18:32:13,578 INFO [46.5] Epoch 189: loss = 0.0017
2020-03-28 18:32:13,578 INFO Start Evaling...
2020-03-28 18:33:00,030 INFO Head: mr:366.7 mrr:20.98 hits:36.20
2020-03-28 18:33:00,033 INFO Tail: mr:251.5 mrr:41.43 hits:58.45
2020-03-28 18:33:00,035 INFO All: mr:309.1 mrr:31.21 hits:47.33
2020-03-28 18:33:00,058 INFO Improved and model saved
2020-03-28 18:33:48,652 INFO [48.6] Epoch 190: loss = 0.0017
2020-03-28 18:34:37,960 INFO [49.3] Epoch 191: loss = 0.0017
2020-03-28 18:35:26,874 INFO [48.9] Epoch 192: loss = 0.0017
2020-03-28 18:36:15,860 INFO [49.0] Epoch 193: loss = 0.0017
2020-03-28 18:37:04,153 INFO [48.3] Epoch 194: loss = 0.0017
2020-03-28 18:37:53,465 INFO [49.3] Epoch 195: loss = 0.0017
2020-03-28 18:38:45,252 INFO [51.8] Epoch 196: loss = 0.0017
2020-03-28 18:39:31,675 INFO [46.4] Epoch 197: loss = 0.0017
2020-03-28 18:40:18,431 INFO [46.8] Epoch 198: loss = 0.0017
2020-03-28 18:41:09,591 INFO [51.2] Epoch 199: loss = 0.0017
2020-03-28 18:41:09,591 INFO Start Evaling...
2020-03-28 18:41:56,765 INFO Head: mr:362.9 mrr:21.31 hits:36.45
2020-03-28 18:41:56,765 INFO Tail: mr:247.3 mrr:40.99 hits:58.51
2020-03-28 18:41:56,765 INFO All: mr:305.1 mrr:31.15 hits:47.48
2020-03-28 18:41:56,810 INFO Improved and model saved
2020-03-28 18:42:45,158 INFO [48.3] Epoch 200: loss = 0.0017
2020-03-28 18:43:34,114 INFO [49.0] Epoch 201: loss = 0.0017
2020-03-28 18:44:22,524 INFO [48.4] Epoch 202: loss = 0.0017
2020-03-28 18:45:11,874 INFO [49.3] Epoch 203: loss = 0.0017
2020-03-28 18:46:01,042 INFO [49.2] Epoch 204: loss = 0.0017
2020-03-28 18:46:50,797 INFO [49.8] Epoch 205: loss = 0.0017
2020-03-28 18:47:37,031 INFO [46.2] Epoch 206: loss = 0.0017
2020-03-28 18:48:25,498 INFO [48.5] Epoch 207: loss = 0.0017
2020-03-28 18:49:16,017 INFO [50.5] Epoch 208: loss = 0.0017
2020-03-28 18:50:05,431 INFO [49.4] Epoch 209: loss = 0.0017
2020-03-28 18:50:05,431 INFO Start Evaling...
2020-03-28 18:50:52,716 INFO Head: mr:363.4 mrr:21.34 hits:36.37
2020-03-28 18:50:52,717 INFO Tail: mr:242.4 mrr:41.17 hits:58.40
2020-03-28 18:50:52,717 INFO All: mr:302.9 mrr:31.26 hits:47.39
2020-03-28 18:50:52,740 INFO Declined in recent 1 epochs
2020-03-28 18:51:40,589 INFO [47.8] Epoch 210: loss = 0.0017
2020-03-28 18:52:31,098 INFO [50.5] Epoch 211: loss = 0.0017
2020-03-28 18:53:21,667 INFO [50.6] Epoch 212: loss = 0.0017
2020-03-28 18:54:11,021 INFO [49.4] Epoch 213: loss = 0.0017
2020-03-28 18:55:00,046 INFO [49.0] Epoch 214: loss = 0.0017
2020-03-28 18:55:48,361 INFO [48.3] Epoch 215: loss = 0.0017
2020-03-28 18:56:36,547 INFO [48.2] Epoch 216: loss = 0.0017
2020-03-28 18:57:23,102 INFO [46.6] Epoch 217: loss = 0.0017
2020-03-28 18:58:12,551 INFO [49.4] Epoch 218: loss = 0.0017
2020-03-28 18:59:02,545 INFO [50.0] Epoch 219: loss = 0.0017
2020-03-28 18:59:02,545 INFO Start Evaling...
2020-03-28 18:59:47,754 INFO Head: mr:361.2 mrr:21.75 hits:36.64
2020-03-28 18:59:47,764 INFO Tail: mr:242.9 mrr:41.11 hits:58.56
2020-03-28 18:59:47,767 INFO All: mr:302.0 mrr:31.43 hits:47.60
2020-03-28 18:59:47,793 INFO Improved and model saved
2020-03-28 19:00:36,727 INFO [48.9] Epoch 220: loss = 0.0017
2020-03-28 19:01:25,380 INFO [48.7] Epoch 221: loss = 0.0017
2020-03-28 19:02:13,863 INFO [48.5] Epoch 222: loss = 0.0017
2020-03-28 19:03:02,920 INFO [49.1] Epoch 223: loss = 0.0017
2020-03-28 19:03:55,405 INFO [52.5] Epoch 224: loss = 0.0017
2020-03-28 19:04:44,427 INFO [49.0] Epoch 225: loss = 0.0017
2020-03-28 19:05:34,128 INFO [49.7] Epoch 226: loss = 0.0017
2020-03-28 19:06:23,084 INFO [49.0] Epoch 227: loss = 0.0017
2020-03-28 19:07:10,164 INFO [47.1] Epoch 228: loss = 0.0017
2020-03-28 19:07:58,563 INFO [48.4] Epoch 229: loss = 0.0017
2020-03-28 19:07:58,563 INFO Start Evaling...
2020-03-28 19:08:45,033 INFO Head: mr:360.0 mrr:21.26 hits:36.14
2020-03-28 19:08:45,035 INFO Tail: mr:241.3 mrr:41.27 hits:58.45
2020-03-28 19:08:45,037 INFO All: mr:300.7 mrr:31.26 hits:47.30
2020-03-28 19:08:45,061 INFO Declined in recent 1 epochs
2020-03-28 19:09:33,341 INFO [48.3] Epoch 230: loss = 0.0017
2020-03-28 19:10:21,809 INFO [48.5] Epoch 231: loss = 0.0017
2020-03-28 19:11:10,539 INFO [48.7] Epoch 232: loss = 0.0017
2020-03-28 19:11:58,061 INFO [47.5] Epoch 233: loss = 0.0017
2020-03-28 19:12:47,506 INFO [49.4] Epoch 234: loss = 0.0017
2020-03-28 19:13:36,427 INFO [48.9] Epoch 235: loss = 0.0017
2020-03-28 19:14:25,636 INFO [49.2] Epoch 236: loss = 0.0017
2020-03-28 19:15:16,041 INFO [50.4] Epoch 237: loss = 0.0017
2020-03-28 19:16:04,404 INFO [48.4] Epoch 238: loss = 0.0017
2020-03-28 19:16:55,673 INFO [51.3] Epoch 239: loss = 0.0017
2020-03-28 19:16:55,674 INFO Start Evaling...
2020-03-28 19:17:43,490 INFO Head: mr:357.5 mrr:21.51 hits:36.80
2020-03-28 19:17:43,491 INFO Tail: mr:239.8 mrr:41.31 hits:58.56
2020-03-28 19:17:43,491 INFO All: mr:298.7 mrr:31.41 hits:47.68
2020-03-28 19:17:43,518 INFO Improved and model saved
2020-03-28 19:18:32,405 INFO [48.9] Epoch 240: loss = 0.0017
2020-03-28 19:19:21,230 INFO [48.8] Epoch 241: loss = 0.0017
2020-03-28 19:20:10,011 INFO [48.8] Epoch 242: loss = 0.0017
2020-03-28 19:20:58,307 INFO [48.3] Epoch 243: loss = 0.0017
2020-03-28 19:21:45,685 INFO [47.4] Epoch 244: loss = 0.0017
2020-03-28 19:22:35,891 INFO [50.2] Epoch 245: loss = 0.0017
2020-03-28 19:23:21,414 INFO [45.5] Epoch 246: loss = 0.0017
2020-03-28 19:24:09,586 INFO [48.2] Epoch 247: loss = 0.0017
2020-03-28 19:24:59,268 INFO [49.7] Epoch 248: loss = 0.0017
2020-03-28 19:25:47,142 INFO [47.9] Epoch 249: loss = 0.0017
2020-03-28 19:25:47,142 INFO Start Evaling...
2020-03-28 19:26:30,824 INFO Head: mr:355.3 mrr:21.21 hits:36.31
2020-03-28 19:26:30,827 INFO Tail: mr:236.6 mrr:41.54 hits:58.33
2020-03-28 19:26:30,829 INFO All: mr:296.0 mrr:31.37 hits:47.32
2020-03-28 19:26:30,853 INFO Declined in recent 1 epochs
2020-03-28 19:27:19,592 INFO [48.7] Epoch 250: loss = 0.0017
2020-03-28 19:28:09,662 INFO [50.1] Epoch 251: loss = 0.0017
2020-03-28 19:28:58,803 INFO [49.1] Epoch 252: loss = 0.0017
2020-03-28 19:29:47,476 INFO [48.7] Epoch 253: loss = 0.0017
2020-03-28 19:30:37,330 INFO [49.9] Epoch 254: loss = 0.0017
2020-03-28 19:31:25,625 INFO [48.3] Epoch 255: loss = 0.0017
2020-03-28 19:32:13,989 INFO [48.4] Epoch 256: loss = 0.0017
2020-03-28 19:33:03,208 INFO [49.2] Epoch 257: loss = 0.0017
2020-03-28 19:33:51,707 INFO [48.5] Epoch 258: loss = 0.0017
2020-03-28 19:34:41,619 INFO [49.9] Epoch 259: loss = 0.0017
2020-03-28 19:34:41,619 INFO Start Evaling...
2020-03-28 19:35:28,720 INFO Head: mr:353.8 mrr:21.36 hits:36.68
2020-03-28 19:35:28,721 INFO Tail: mr:236.2 mrr:41.47 hits:58.52
2020-03-28 19:35:28,721 INFO All: mr:295.0 mrr:31.41 hits:47.60
2020-03-28 19:35:28,744 INFO Declined in recent 2 epochs
2020-03-28 19:36:16,556 INFO [47.8] Epoch 260: loss = 0.0017
2020-03-28 19:37:07,833 INFO [51.3] Epoch 261: loss = 0.0017
2020-03-28 19:37:55,875 INFO [48.0] Epoch 262: loss = 0.0017
2020-03-28 19:38:43,409 INFO [47.5] Epoch 263: loss = 0.0017
2020-03-28 19:39:31,269 INFO [47.9] Epoch 264: loss = 0.0017
2020-03-28 19:40:20,052 INFO [48.8] Epoch 265: loss = 0.0017
2020-03-28 19:41:08,712 INFO [48.7] Epoch 266: loss = 0.0017
2020-03-28 19:41:56,595 INFO [47.9] Epoch 267: loss = 0.0017
2020-03-28 19:42:43,361 INFO [46.8] Epoch 268: loss = 0.0017
2020-03-28 19:43:30,117 INFO [46.8] Epoch 269: loss = 0.0017
2020-03-28 19:43:30,118 INFO Start Evaling...
2020-03-28 19:44:11,824 INFO Head: mr:356.1 mrr:21.34 hits:36.34
2020-03-28 19:44:11,824 INFO Tail: mr:235.3 mrr:41.42 hits:58.75
2020-03-28 19:44:11,824 INFO All: mr:295.7 mrr:31.38 hits:47.54
2020-03-28 19:44:11,848 INFO Declined in recent 3 epochs
2020-03-28 19:44:55,062 INFO [43.2] Epoch 270: loss = 0.0017
2020-03-28 19:45:38,038 INFO [43.0] Epoch 271: loss = 0.0017
2020-03-28 19:46:24,459 INFO [46.4] Epoch 272: loss = 0.0017
2020-03-28 19:47:12,536 INFO [48.1] Epoch 273: loss = 0.0017
2020-03-28 19:47:58,201 INFO [45.7] Epoch 274: loss = 0.0017
2020-03-28 19:48:43,002 INFO [44.8] Epoch 275: loss = 0.0017
2020-03-28 19:49:29,891 INFO [46.9] Epoch 276: loss = 0.0017
2020-03-28 19:50:17,662 INFO [47.8] Epoch 277: loss = 0.0017
2020-03-28 19:51:02,569 INFO [44.9] Epoch 278: loss = 0.0017
2020-03-28 19:51:48,048 INFO [45.5] Epoch 279: loss = 0.0017
2020-03-28 19:51:48,049 INFO Start Evaling...
2020-03-28 19:52:22,478 INFO Head: mr:350.1 mrr:21.63 hits:36.83
2020-03-28 19:52:22,480 INFO Tail: mr:233.0 mrr:41.51 hits:58.77
2020-03-28 19:52:22,482 INFO All: mr:291.5 mrr:31.57 hits:47.80
2020-03-28 19:52:22,501 INFO Improved and model saved
2020-03-28 19:53:06,774 INFO [44.3] Epoch 280: loss = 0.0017
2020-03-28 19:53:52,028 INFO [45.3] Epoch 281: loss = 0.0017
2020-03-28 19:54:36,267 INFO [44.2] Epoch 282: loss = 0.0017
2020-03-28 19:55:22,250 INFO [46.0] Epoch 283: loss = 0.0017
2020-03-28 19:56:07,531 INFO [45.3] Epoch 284: loss = 0.0017
2020-03-28 19:56:52,013 INFO [44.5] Epoch 285: loss = 0.0017
2020-03-28 19:57:36,092 INFO [44.1] Epoch 286: loss = 0.0017
2020-03-28 19:58:18,505 INFO [42.4] Epoch 287: loss = 0.0017
2020-03-28 19:59:01,779 INFO [43.3] Epoch 288: loss = 0.0017
2020-03-28 19:59:46,703 INFO [44.9] Epoch 289: loss = 0.0017
2020-03-28 19:59:46,703 INFO Start Evaling...
2020-03-28 20:00:20,284 INFO Head: mr:347.5 mrr:21.57 hits:36.90
2020-03-28 20:00:20,286 INFO Tail: mr:232.8 mrr:41.65 hits:58.83
2020-03-28 20:00:20,288 INFO All: mr:290.1 mrr:31.61 hits:47.87
2020-03-28 20:00:20,307 INFO Improved and model saved
2020-03-28 20:01:06,048 INFO [45.7] Epoch 290: loss = 0.0017
2020-03-28 20:01:51,459 INFO [45.4] Epoch 291: loss = 0.0017
2020-03-28 20:02:41,202 INFO [49.7] Epoch 292: loss = 0.0017
2020-03-28 20:03:27,959 INFO [46.8] Epoch 293: loss = 0.0017
2020-03-28 20:04:16,106 INFO [48.1] Epoch 294: loss = 0.0017
2020-03-28 20:05:03,491 INFO [47.4] Epoch 295: loss = 0.0017
2020-03-28 20:05:50,354 INFO [46.9] Epoch 296: loss = 0.0017
2020-03-28 20:06:37,622 INFO [47.3] Epoch 297: loss = 0.0017
2020-03-28 20:07:24,865 INFO [47.2] Epoch 298: loss = 0.0017
2020-03-28 20:08:12,650 INFO [47.8] Epoch 299: loss = 0.0017
2020-03-28 20:08:12,650 INFO Start Evaling...
2020-03-28 20:08:48,189 INFO Head: mr:347.4 mrr:21.50 hits:36.83
2020-03-28 20:08:48,189 INFO Tail: mr:232.8 mrr:41.56 hits:58.80
2020-03-28 20:08:48,189 INFO All: mr:290.1 mrr:31.53 hits:47.81
2020-03-28 20:08:48,220 INFO Declined in recent 1 epochs
2020-03-28 20:09:36,103 INFO [47.9] Epoch 300: loss = 0.0017
2020-03-28 20:10:24,410 INFO [48.3] Epoch 301: loss = 0.0017
2020-03-28 20:11:12,136 INFO [47.7] Epoch 302: loss = 0.0017
2020-03-28 20:11:59,440 INFO [47.3] Epoch 303: loss = 0.0017
2020-03-28 20:12:47,281 INFO [47.8] Epoch 304: loss = 0.0017
2020-03-28 20:13:34,686 INFO [47.4] Epoch 305: loss = 0.0017
2020-03-28 20:14:20,940 INFO [46.3] Epoch 306: loss = 0.0017
2020-03-28 20:15:06,766 INFO [45.8] Epoch 307: loss = 0.0017
2020-03-28 20:15:53,477 INFO [46.7] Epoch 308: loss = 0.0017
2020-03-28 20:16:37,466 INFO [44.0] Epoch 309: loss = 0.0017
2020-03-28 20:16:37,467 INFO Start Evaling...
2020-03-28 20:17:13,119 INFO Head: mr:346.2 mrr:21.63 hits:36.81
2020-03-28 20:17:13,119 INFO Tail: mr:232.9 mrr:41.61 hits:58.91
2020-03-28 20:17:13,119 INFO All: mr:289.5 mrr:31.62 hits:47.86
2020-03-28 20:17:13,134 INFO Declined in recent 2 epochs
2020-03-28 20:18:01,508 INFO [48.4] Epoch 310: loss = 0.0017
2020-03-28 20:18:48,263 INFO [46.8] Epoch 311: loss = 0.0017
2020-03-28 20:19:36,436 INFO [48.2] Epoch 312: loss = 0.0017
2020-03-28 20:20:22,147 INFO [45.7] Epoch 313: loss = 0.0017
2020-03-28 20:21:08,583 INFO [46.4] Epoch 314: loss = 0.0017
2020-03-28 20:21:54,972 INFO [46.4] Epoch 315: loss = 0.0017
2020-03-28 20:22:41,777 INFO [46.8] Epoch 316: loss = 0.0017
2020-03-28 20:23:28,988 INFO [47.2] Epoch 317: loss = 0.0017
2020-03-28 20:24:15,225 INFO [46.2] Epoch 318: loss = 0.0017
2020-03-28 20:25:03,539 INFO [48.3] Epoch 319: loss = 0.0017
2020-03-28 20:25:03,539 INFO Start Evaling...
2020-03-28 20:25:39,450 INFO Head: mr:345.1 mrr:21.54 hits:36.65
2020-03-28 20:25:39,451 INFO Tail: mr:231.1 mrr:41.71 hits:58.77
2020-03-28 20:25:39,451 INFO All: mr:288.1 mrr:31.62 hits:47.71
2020-03-28 20:25:39,468 INFO Declined in recent 3 epochs
2020-03-28 20:26:27,320 INFO [47.9] Epoch 320: loss = 0.0017
2020-03-28 20:27:13,455 INFO [46.1] Epoch 321: loss = 0.0017
2020-03-28 20:28:00,501 INFO [47.0] Epoch 322: loss = 0.0017
2020-03-28 20:28:48,129 INFO [47.6] Epoch 323: loss = 0.0017
2020-03-28 20:29:34,509 INFO [46.4] Epoch 324: loss = 0.0017
2020-03-28 20:30:21,075 INFO [46.6] Epoch 325: loss = 0.0017
2020-03-28 20:31:08,365 INFO [47.3] Epoch 326: loss = 0.0017
2020-03-28 20:31:56,489 INFO [48.1] Epoch 327: loss = 0.0017
2020-03-28 20:32:43,328 INFO [46.8] Epoch 328: loss = 0.0017
2020-03-28 20:33:29,935 INFO [46.6] Epoch 329: loss = 0.0017
2020-03-28 20:33:29,935 INFO Start Evaling...
2020-03-28 20:34:05,736 INFO Head: mr:345.0 mrr:21.69 hits:37.09
2020-03-28 20:34:05,736 INFO Tail: mr:231.3 mrr:41.65 hits:58.75
2020-03-28 20:34:05,736 INFO All: mr:288.1 mrr:31.67 hits:47.92
2020-03-28 20:34:05,752 INFO Improved and model saved
2020-03-28 20:34:54,351 INFO [48.6] Epoch 330: loss = 0.0017
2020-03-28 20:35:41,657 INFO [47.3] Epoch 331: loss = 0.0017
2020-03-28 20:36:28,003 INFO [46.3] Epoch 332: loss = 0.0017
2020-03-28 20:37:14,774 INFO [46.8] Epoch 333: loss = 0.0017
2020-03-28 20:38:01,539 INFO [46.8] Epoch 334: loss = 0.0017
2020-03-28 20:38:47,598 INFO [46.1] Epoch 335: loss = 0.0017
2020-03-28 20:39:34,355 INFO [46.8] Epoch 336: loss = 0.0017
2020-03-28 20:40:20,401 INFO [46.0] Epoch 337: loss = 0.0017
2020-03-28 20:41:07,638 INFO [47.2] Epoch 338: loss = 0.0017
2020-03-28 20:41:54,829 INFO [47.2] Epoch 339: loss = 0.0017
2020-03-28 20:41:54,829 INFO Start Evaling...
2020-03-28 20:42:30,898 INFO Head: mr:345.5 mrr:21.75 hits:36.93
2020-03-28 20:42:30,900 INFO Tail: mr:231.2 mrr:41.83 hits:59.10
2020-03-28 20:42:30,902 INFO All: mr:288.3 mrr:31.79 hits:48.02
2020-03-28 20:42:30,923 INFO Improved and model saved
2020-03-28 20:43:18,386 INFO [47.5] Epoch 340: loss = 0.0017
2020-03-28 20:44:05,822 INFO [47.4] Epoch 341: loss = 0.0017
2020-03-28 20:44:52,035 INFO [46.2] Epoch 342: loss = 0.0017
2020-03-28 20:45:39,147 INFO [47.1] Epoch 343: loss = 0.0017
2020-03-28 20:46:25,622 INFO [46.5] Epoch 344: loss = 0.0017
2020-03-28 20:47:13,465 INFO [47.8] Epoch 345: loss = 0.0017
2020-03-28 20:48:00,727 INFO [47.3] Epoch 346: loss = 0.0017
2020-03-28 20:48:47,821 INFO [47.1] Epoch 347: loss = 0.0017
2020-03-28 20:49:33,583 INFO [45.8] Epoch 348: loss = 0.0017
2020-03-28 20:50:21,067 INFO [47.5] Epoch 349: loss = 0.0017
2020-03-28 20:50:21,068 INFO Start Evaling...
2020-03-28 20:50:56,660 INFO Head: mr:339.9 mrr:21.76 hits:37.40
2020-03-28 20:50:56,664 INFO Tail: mr:230.0 mrr:41.43 hits:58.88
2020-03-28 20:50:56,664 INFO All: mr:285.0 mrr:31.59 hits:48.14
2020-03-28 20:50:56,687 INFO Improved and model saved
2020-03-28 20:51:44,542 INFO [47.8] Epoch 350: loss = 0.0017
2020-03-28 20:52:30,723 INFO [46.2] Epoch 351: loss = 0.0017
2020-03-28 20:53:18,241 INFO [47.5] Epoch 352: loss = 0.0017
2020-03-28 20:54:07,013 INFO [48.8] Epoch 353: loss = 0.0017
2020-03-28 20:54:54,017 INFO [47.0] Epoch 354: loss = 0.0017
2020-03-28 20:55:39,636 INFO [45.6] Epoch 355: loss = 0.0017
2020-03-28 20:56:25,658 INFO [46.0] Epoch 356: loss = 0.0017
2020-03-28 20:57:12,405 INFO [46.7] Epoch 357: loss = 0.0017
2020-03-28 20:57:58,849 INFO [46.4] Epoch 358: loss = 0.0017
2020-03-28 20:58:45,966 INFO [47.1] Epoch 359: loss = 0.0017
2020-03-28 20:58:45,966 INFO Start Evaling...
2020-03-28 20:59:21,604 INFO Head: mr:340.3 mrr:21.95 hits:37.46
2020-03-28 20:59:21,607 INFO Tail: mr:228.2 mrr:41.65 hits:58.95
2020-03-28 20:59:21,609 INFO All: mr:284.2 mrr:31.80 hits:48.20
2020-03-28 20:59:21,628 INFO Improved and model saved
2020-03-28 21:00:07,487 INFO [45.8] Epoch 360: loss = 0.0017
2020-03-28 21:00:54,465 INFO [47.0] Epoch 361: loss = 0.0017
2020-03-28 21:01:40,880 INFO [46.4] Epoch 362: loss = 0.0017
2020-03-28 21:02:28,903 INFO [48.0] Epoch 363: loss = 0.0017
2020-03-28 21:03:15,910 INFO [47.0] Epoch 364: loss = 0.0017
2020-03-28 21:04:02,988 INFO [47.1] Epoch 365: loss = 0.0017
2020-03-28 21:04:48,831 INFO [45.8] Epoch 366: loss = 0.0017
2020-03-28 21:05:36,628 INFO [47.8] Epoch 367: loss = 0.0017
2020-03-28 21:06:25,635 INFO [49.0] Epoch 368: loss = 0.0017
2020-03-28 21:07:11,996 INFO [46.4] Epoch 369: loss = 0.0017
2020-03-28 21:07:11,996 INFO Start Evaling...
2020-03-28 21:07:48,248 INFO Head: mr:338.8 mrr:21.87 hits:37.29
2020-03-28 21:07:48,251 INFO Tail: mr:228.1 mrr:41.59 hits:58.97
2020-03-28 21:07:48,253 INFO All: mr:283.4 mrr:31.73 hits:48.13
2020-03-28 21:07:48,270 INFO Declined in recent 1 epochs
2020-03-28 21:08:37,260 INFO [49.0] Epoch 370: loss = 0.0017
2020-03-28 21:09:24,138 INFO [46.9] Epoch 371: loss = 0.0017
2020-03-28 21:10:10,368 INFO [46.2] Epoch 372: loss = 0.0017
2020-03-28 21:10:58,157 INFO [47.8] Epoch 373: loss = 0.0017
2020-03-28 21:11:45,699 INFO [47.5] Epoch 374: loss = 0.0017
2020-03-28 21:12:31,034 INFO [45.3] Epoch 375: loss = 0.0017
2020-03-28 21:13:17,848 INFO [46.8] Epoch 376: loss = 0.0017
2020-03-28 21:14:04,007 INFO [46.2] Epoch 377: loss = 0.0017
2020-03-28 21:14:52,086 INFO [48.1] Epoch 378: loss = 0.0017
2020-03-28 21:15:39,339 INFO [47.3] Epoch 379: loss = 0.0017
2020-03-28 21:15:39,339 INFO Start Evaling...
2020-03-28 21:16:15,864 INFO Head: mr:342.9 mrr:21.91 hits:37.64
2020-03-28 21:16:15,866 INFO Tail: mr:228.3 mrr:41.48 hits:58.93
2020-03-28 21:16:15,868 INFO All: mr:285.6 mrr:31.70 hits:48.29
2020-03-28 21:16:15,898 INFO Improved and model saved
2020-03-28 21:17:02,661 INFO [46.8] Epoch 380: loss = 0.0017
2020-03-28 21:17:50,166 INFO [47.5] Epoch 381: loss = 0.0017
2020-03-28 21:18:37,202 INFO [47.0] Epoch 382: loss = 0.0017
2020-03-28 21:19:25,113 INFO [47.9] Epoch 383: loss = 0.0017
2020-03-28 21:20:13,344 INFO [48.2] Epoch 384: loss = 0.0017
2020-03-28 21:20:59,426 INFO [46.1] Epoch 385: loss = 0.0017
2020-03-28 21:21:46,557 INFO [47.1] Epoch 386: loss = 0.0017
2020-03-28 21:22:32,926 INFO [46.4] Epoch 387: loss = 0.0017
2020-03-28 21:23:19,472 INFO [46.5] Epoch 388: loss = 0.0017
2020-03-28 21:24:07,216 INFO [47.7] Epoch 389: loss = 0.0017
2020-03-28 21:24:07,216 INFO Start Evaling...
2020-03-28 21:24:45,751 INFO Head: mr:338.6 mrr:21.99 hits:37.72
2020-03-28 21:24:45,751 INFO Tail: mr:229.3 mrr:41.53 hits:58.88
2020-03-28 21:24:45,751 INFO All: mr:283.9 mrr:31.76 hits:48.30
2020-03-28 21:24:45,769 INFO Improved and model saved
2020-03-28 21:25:32,821 INFO [47.0] Epoch 390: loss = 0.0017
2020-03-28 21:26:20,710 INFO [47.9] Epoch 391: loss = 0.0017
2020-03-28 21:27:06,655 INFO [45.9] Epoch 392: loss = 0.0017
2020-03-28 21:27:54,827 INFO [48.2] Epoch 393: loss = 0.0017
2020-03-28 21:28:41,052 INFO [46.2] Epoch 394: loss = 0.0017
2020-03-28 21:29:28,780 INFO [47.7] Epoch 395: loss = 0.0017
2020-03-28 21:30:15,175 INFO [46.4] Epoch 396: loss = 0.0017
2020-03-28 21:31:02,309 INFO [47.1] Epoch 397: loss = 0.0017
2020-03-28 21:31:48,273 INFO [46.0] Epoch 398: loss = 0.0017
2020-03-28 21:32:35,378 INFO [47.1] Epoch 399: loss = 0.0017
2020-03-28 21:32:35,379 INFO Start Evaling...
2020-03-28 21:33:11,074 INFO Head: mr:337.6 mrr:21.65 hits:37.56
2020-03-28 21:33:11,076 INFO Tail: mr:227.4 mrr:41.55 hits:58.93
2020-03-28 21:33:11,078 INFO All: mr:282.5 mrr:31.60 hits:48.25
2020-03-28 21:33:11,098 INFO Declined in recent 1 epochs
2020-03-28 21:33:56,158 INFO [45.1] Epoch 400: loss = 0.0017
2020-03-28 21:34:41,737 INFO [45.6] Epoch 401: loss = 0.0017
2020-03-28 21:35:28,463 INFO [46.7] Epoch 402: loss = 0.0017
2020-03-28 21:36:14,881 INFO [46.4] Epoch 403: loss = 0.0017
2020-03-28 21:37:01,280 INFO [46.4] Epoch 404: loss = 0.0017
2020-03-28 21:37:49,120 INFO [47.8] Epoch 405: loss = 0.0017
2020-03-28 21:38:36,971 INFO [47.9] Epoch 406: loss = 0.0017
2020-03-28 21:39:23,977 INFO [47.0] Epoch 407: loss = 0.0017
2020-03-28 21:40:10,549 INFO [46.6] Epoch 408: loss = 0.0017
2020-03-28 21:40:58,001 INFO [47.5] Epoch 409: loss = 0.0017
2020-03-28 21:40:58,001 INFO Start Evaling...
2020-03-28 21:41:34,329 INFO Head: mr:337.6 mrr:21.69 hits:37.18
2020-03-28 21:41:34,329 INFO Tail: mr:226.8 mrr:41.64 hits:59.11
2020-03-28 21:41:34,329 INFO All: mr:282.2 mrr:31.66 hits:48.14
2020-03-28 21:41:34,348 INFO Declined in recent 2 epochs
2020-03-28 21:42:21,631 INFO [47.3] Epoch 410: loss = 0.0017
2020-03-28 21:43:10,844 INFO [49.2] Epoch 411: loss = 0.0017
2020-03-28 21:43:57,495 INFO [46.7] Epoch 412: loss = 0.0017
2020-03-28 21:44:44,449 INFO [47.0] Epoch 413: loss = 0.0017
2020-03-28 21:45:31,827 INFO [47.4] Epoch 414: loss = 0.0017
2020-03-28 21:46:18,520 INFO [46.7] Epoch 415: loss = 0.0017
2020-03-28 21:47:04,140 INFO [45.6] Epoch 416: loss = 0.0017
2020-03-28 21:47:49,982 INFO [45.8] Epoch 417: loss = 0.0017
2020-03-28 21:48:37,596 INFO [47.6] Epoch 418: loss = 0.0017
2020-03-28 21:49:24,158 INFO [46.6] Epoch 419: loss = 0.0017
2020-03-28 21:49:24,159 INFO Start Evaling...
2020-03-28 21:49:59,665 INFO Head: mr:337.9 mrr:21.86 hits:37.37
2020-03-28 21:49:59,665 INFO Tail: mr:225.2 mrr:41.80 hits:58.93
2020-03-28 21:49:59,665 INFO All: mr:281.6 mrr:31.83 hits:48.15
2020-03-28 21:49:59,687 INFO Declined in recent 3 epochs
2020-03-28 21:50:46,942 INFO [47.3] Epoch 420: loss = 0.0017
2020-03-28 21:51:33,020 INFO [46.1] Epoch 421: loss = 0.0017
2020-03-28 21:52:19,793 INFO [46.8] Epoch 422: loss = 0.0017
2020-03-28 21:53:07,771 INFO [48.0] Epoch 423: loss = 0.0017
2020-03-28 21:53:55,134 INFO [47.4] Epoch 424: loss = 0.0017
2020-03-28 21:54:42,192 INFO [47.1] Epoch 425: loss = 0.0017
2020-03-28 21:55:29,917 INFO [47.7] Epoch 426: loss = 0.0017
2020-03-28 21:56:16,319 INFO [46.4] Epoch 427: loss = 0.0017
2020-03-28 21:57:03,415 INFO [47.1] Epoch 428: loss = 0.0017
2020-03-28 21:57:50,092 INFO [46.7] Epoch 429: loss = 0.0017
2020-03-28 21:57:50,092 INFO Start Evaling...
2020-03-28 21:58:26,797 INFO Head: mr:338.7 mrr:21.74 hits:37.48
2020-03-28 21:58:26,799 INFO Tail: mr:226.2 mrr:41.71 hits:58.96
2020-03-28 21:58:26,801 INFO All: mr:282.5 mrr:31.72 hits:48.22
2020-03-28 21:58:26,818 INFO Declined in recent 4 epochs
2020-03-28 21:59:13,967 INFO [47.1] Epoch 430: loss = 0.0017
2020-03-28 22:00:00,336 INFO [46.4] Epoch 431: loss = 0.0017
2020-03-28 22:00:48,310 INFO [48.0] Epoch 432: loss = 0.0017
2020-03-28 22:01:35,990 INFO [47.7] Epoch 433: loss = 0.0017
2020-03-28 22:02:23,381 INFO [47.4] Epoch 434: loss = 0.0017
2020-03-28 22:03:10,164 INFO [46.8] Epoch 435: loss = 0.0017
2020-03-28 22:03:57,130 INFO [47.0] Epoch 436: loss = 0.0017
2020-03-28 22:04:44,617 INFO [47.5] Epoch 437: loss = 0.0017
2020-03-28 22:05:31,550 INFO [46.9] Epoch 438: loss = 0.0017
2020-03-28 22:06:18,147 INFO [46.6] Epoch 439: loss = 0.0017
2020-03-28 22:06:18,147 INFO Start Evaling...
2020-03-28 22:06:53,145 INFO Head: mr:337.0 mrr:21.72 hits:37.48
2020-03-28 22:06:53,147 INFO Tail: mr:222.5 mrr:41.67 hits:58.87
2020-03-28 22:06:53,149 INFO All: mr:279.8 mrr:31.69 hits:48.17
2020-03-28 22:06:53,170 INFO Declined in recent 5 epochs
2020-03-28 22:06:53,170 INFO Early stopping
2020-03-28 22:06:53,170 INFO Train done
2020-03-28 22:06:53,174 INFO Start Evaling...
2020-03-28 22:07:34,173 INFO Head: mr:356.4 mrr:21.72 hits:37.07
2020-03-28 22:07:34,176 INFO Tail: mr:249.8 mrr:40.64 hits:58.51
2020-03-28 22:07:34,178 INFO All: mr:303.1 mrr:31.18 hits:47.79
