2020-03-31 15:15:46,657 INFO EPOCH: 1000
2020-03-31 15:15:46,657 INFO EVERY: 10
2020-03-31 15:15:46,657 INFO LR: 0.001
2020-03-31 15:15:46,657 INFO DIM: 100
2020-03-31 15:15:46,657 INFO BATCH_SIZE: 256
2020-03-31 15:15:46,657 INFO BATCH_SIZE2: 256
2020-03-31 15:15:46,657 INFO P: 1
2020-03-31 15:15:46,657 INFO CLIPPING_MAX_VALUE: 4.0
2020-03-31 15:15:46,657 INFO OPTIM: Adam
2020-03-31 15:15:46,657 INFO N_SAMPLE: 12
2020-03-31 15:15:46,657 INFO MODE: cach
2020-03-31 15:15:46,657 INFO GAMMA: 12.0
2020-03-31 15:15:46,657 INFO BERN: True
2020-03-31 15:15:46,657 INFO MARGIN: 4.0
2020-03-31 15:15:46,657 INFO REG: 1.0
2020-03-31 15:15:46,657 INFO LABEL_SMOOTH_EPS: 0.1
2020-03-31 15:15:46,657 INFO INPUT_DROP: 0.2
2020-03-31 15:15:46,658 INFO FEAT_DROP: 0.2
2020-03-31 15:15:46,658 INFO HIDD_DROP: 0.3
2020-03-31 15:15:46,658 INFO CHANNELS: 50
2020-03-31 15:15:46,658 INFO KERNEL_SIZE: 3
2020-03-31 15:15:46,658 INFO N_POOL: 100
2020-03-31 15:15:46,658 INFO MODEL_D: TransH
2020-03-31 15:15:46,658 INFO MODEL_G: DistMult
2020-03-31 15:15:46,658 INFO D_FILE: None
2020-03-31 15:15:46,658 INFO G_FILE: None
2020-03-31 15:15:46,658 INFO PATH: data
2020-03-31 15:15:46,658 INFO DATA: FB15K237
2020-03-31 15:15:46,658 INFO EXP_PATH: experiment/FB15K237
2020-03-31 15:15:46,658 INFO MODEL: DistMult
2020-03-31 15:15:46,658 INFO V: 0
2020-03-31 15:15:46,658 INFO F: False
2020-03-31 15:15:46,658 INFO EVAL: False
2020-03-31 15:15:46,658 INFO TRAINED: False
2020-03-31 15:15:46,658 INFO PRETRAINED_NAME: None
2020-03-31 15:15:46,658 INFO EXP_NAME: DistMult-FB15K237-cach-0
2020-03-31 15:15:46,658 INFO --------------------------------------
2020-03-31 15:15:53,415 INFO Dataload done
2020-03-31 15:15:53,415 INFO --------------------------------------
2020-03-31 15:15:53,415 INFO N_ENTITY: 14541
2020-03-31 15:15:53,416 INFO N_RELATION: 237
2020-03-31 15:15:53,416 INFO --------------------------------------
2020-03-31 15:15:56,153 INFO Start Evaling...
2020-03-31 15:16:30,507 INFO Head: mr:7105.9 mrr:0.07 hits:0.05
2020-03-31 15:16:30,507 INFO Tail: mr:7311.7 mrr:0.07 hits:0.04
2020-03-31 15:16:30,507 INFO All: mr:7208.8 mrr:0.07 hits:0.05
2020-03-31 15:16:30,529 INFO Start Training...
2020-03-31 15:17:00,685 INFO [30.2] Epoch 0: loss = 337.2287
2020-03-31 15:17:31,231 INFO [30.5] Epoch 1: loss = 240.4260
2020-03-31 15:18:01,460 INFO [30.2] Epoch 2: loss = 203.6127
2020-03-31 15:18:31,741 INFO [30.3] Epoch 3: loss = 163.5417
2020-03-31 15:18:58,955 INFO [27.2] Epoch 4: loss = 148.6742
2020-03-31 15:19:27,014 INFO [28.1] Epoch 5: loss = 136.8006
2020-03-31 15:19:56,284 INFO [29.3] Epoch 6: loss = 128.7748
2020-03-31 15:20:27,509 INFO [31.2] Epoch 7: loss = 122.1319
2020-03-31 15:20:58,807 INFO [31.3] Epoch 8: loss = 117.0978
2020-03-31 15:21:26,283 INFO [27.5] Epoch 9: loss = 112.9272
2020-03-31 15:21:26,283 INFO Start Evaling...
2020-03-31 15:21:57,461 INFO Head: mr:523.3 mrr:12.41 hits:24.37
2020-03-31 15:21:57,462 INFO Tail: mr:233.2 mrr:36.58 hits:54.37
2020-03-31 15:21:57,463 INFO All: mr:378.3 mrr:24.50 hits:39.37
2020-03-31 15:21:57,490 INFO Improved and model saved
2020-03-31 15:22:28,012 INFO [30.5] Epoch 10: loss = 108.5796
2020-03-31 15:22:58,561 INFO [30.5] Epoch 11: loss = 105.9132
2020-03-31 15:23:27,817 INFO [29.3] Epoch 12: loss = 102.7140
2020-03-31 15:23:56,278 INFO [28.5] Epoch 13: loss = 100.1747
2020-03-31 15:24:24,689 INFO [28.4] Epoch 14: loss = 97.5368
2020-03-31 15:24:54,410 INFO [29.7] Epoch 15: loss = 95.3709
2020-03-31 15:25:23,584 INFO [29.2] Epoch 16: loss = 94.0484
2020-03-31 15:25:54,434 INFO [30.8] Epoch 17: loss = 92.4618
2020-03-31 15:26:21,584 INFO [27.1] Epoch 18: loss = 90.8125
2020-03-31 15:26:51,177 INFO [29.6] Epoch 19: loss = 89.4709
2020-03-31 15:26:51,178 INFO Start Evaling...
2020-03-31 15:27:22,756 INFO Head: mr:529.6 mrr:13.25 hits:26.20
2020-03-31 15:27:22,756 INFO Tail: mr:220.2 mrr:37.82 hits:56.18
2020-03-31 15:27:22,756 INFO All: mr:374.9 mrr:25.54 hits:41.19
2020-03-31 15:27:22,782 INFO Improved and model saved
2020-03-31 15:27:51,240 INFO [28.4] Epoch 20: loss = 87.7579
2020-03-31 15:28:19,790 INFO [28.5] Epoch 21: loss = 86.9947
2020-03-31 15:28:51,409 INFO [31.6] Epoch 22: loss = 85.8509
2020-03-31 15:29:22,133 INFO [30.7] Epoch 23: loss = 85.3473
2020-03-31 15:29:53,597 INFO [31.5] Epoch 24: loss = 83.7847
2020-03-31 15:30:24,702 INFO [31.1] Epoch 25: loss = 83.4901
2020-03-31 15:30:55,538 INFO [30.8] Epoch 26: loss = 82.6094
2020-03-31 15:31:24,949 INFO [29.4] Epoch 27: loss = 81.8058
2020-03-31 15:31:55,386 INFO [30.4] Epoch 28: loss = 81.4303
2020-03-31 15:32:24,325 INFO [28.9] Epoch 29: loss = 80.5550
2020-03-31 15:32:24,326 INFO Start Evaling...
2020-03-31 15:32:57,420 INFO Head: mr:544.1 mrr:13.73 hits:26.92
2020-03-31 15:32:57,421 INFO Tail: mr:219.3 mrr:38.25 hits:57.25
2020-03-31 15:32:57,421 INFO All: mr:381.7 mrr:25.99 hits:42.08
2020-03-31 15:32:57,475 INFO Improved and model saved
2020-03-31 15:33:25,109 INFO [27.6] Epoch 30: loss = 80.2298
2020-03-31 15:33:51,008 INFO [25.9] Epoch 31: loss = 79.6766
2020-03-31 15:34:18,373 INFO [27.4] Epoch 32: loss = 79.1392
2020-03-31 15:34:48,762 INFO [30.4] Epoch 33: loss = 78.4055
2020-03-31 15:35:18,305 INFO [29.5] Epoch 34: loss = 78.0643
2020-03-31 15:35:47,985 INFO [29.7] Epoch 35: loss = 77.4495
2020-03-31 15:36:18,203 INFO [30.2] Epoch 36: loss = 77.4050
2020-03-31 15:36:48,741 INFO [30.5] Epoch 37: loss = 76.6331
2020-03-31 15:37:18,026 INFO [29.3] Epoch 38: loss = 76.1423
2020-03-31 15:37:45,267 INFO [27.2] Epoch 39: loss = 75.7808
2020-03-31 15:37:45,268 INFO Start Evaling...
2020-03-31 15:38:17,705 INFO Head: mr:557.7 mrr:14.19 hits:27.75
2020-03-31 15:38:17,705 INFO Tail: mr:211.8 mrr:38.55 hits:57.53
2020-03-31 15:38:17,705 INFO All: mr:384.8 mrr:26.37 hits:42.64
2020-03-31 15:38:17,726 INFO Improved and model saved
2020-03-31 15:38:46,883 INFO [29.1] Epoch 40: loss = 75.6712
2020-03-31 15:39:14,215 INFO [27.3] Epoch 41: loss = 75.4085
2020-03-31 15:39:44,066 INFO [29.9] Epoch 42: loss = 75.0510
2020-03-31 15:40:14,898 INFO [30.8] Epoch 43: loss = 74.9562
2020-03-31 15:40:46,671 INFO [31.8] Epoch 44: loss = 74.3414
2020-03-31 15:41:19,451 INFO [32.8] Epoch 45: loss = 74.0635
2020-03-31 15:41:49,304 INFO [29.9] Epoch 46: loss = 73.7599
2020-03-31 15:42:18,360 INFO [29.1] Epoch 47: loss = 73.8723
2020-03-31 15:42:46,189 INFO [27.8] Epoch 48: loss = 73.1145
2020-03-31 15:43:13,827 INFO [27.6] Epoch 49: loss = 73.3648
2020-03-31 15:43:13,827 INFO Start Evaling...
2020-03-31 15:43:46,120 INFO Head: mr:537.5 mrr:14.64 hits:28.47
2020-03-31 15:43:46,120 INFO Tail: mr:204.6 mrr:39.18 hits:58.26
2020-03-31 15:43:46,121 INFO All: mr:371.1 mrr:26.91 hits:43.36
2020-03-31 15:43:46,159 INFO Improved and model saved
2020-03-31 15:44:14,416 INFO [28.2] Epoch 50: loss = 72.6189
2020-03-31 15:44:44,342 INFO [29.9] Epoch 51: loss = 72.6025
2020-03-31 15:45:11,680 INFO [27.3] Epoch 52: loss = 72.1920
2020-03-31 15:45:41,177 INFO [29.5] Epoch 53: loss = 72.1483
2020-03-31 15:46:10,019 INFO [28.8] Epoch 54: loss = 71.7938
2020-03-31 15:46:40,570 INFO [30.6] Epoch 55: loss = 71.5102
2020-03-31 15:47:12,164 INFO [31.6] Epoch 56: loss = 71.6616
2020-03-31 15:47:43,361 INFO [31.2] Epoch 57: loss = 71.1836
2020-03-31 15:48:13,490 INFO [30.1] Epoch 58: loss = 71.0507
2020-03-31 15:48:45,281 INFO [31.8] Epoch 59: loss = 71.0402
2020-03-31 15:48:45,282 INFO Start Evaling...
2020-03-31 15:49:17,437 INFO Head: mr:560.2 mrr:14.50 hits:28.39
2020-03-31 15:49:17,438 INFO Tail: mr:201.4 mrr:39.10 hits:58.36
2020-03-31 15:49:17,438 INFO All: mr:380.8 mrr:26.80 hits:43.38
2020-03-31 15:49:17,459 INFO Improved and model saved
2020-03-31 15:49:45,634 INFO [28.2] Epoch 60: loss = 70.2760
2020-03-31 15:50:15,374 INFO [29.7] Epoch 61: loss = 69.9179
2020-03-31 15:50:43,863 INFO [28.5] Epoch 62: loss = 70.5166
2020-03-31 15:51:16,067 INFO [32.2] Epoch 63: loss = 70.2164
2020-03-31 15:51:48,263 INFO [32.2] Epoch 64: loss = 70.0382
2020-03-31 15:52:18,251 INFO [30.0] Epoch 65: loss = 69.7018
2020-03-31 15:52:47,859 INFO [29.6] Epoch 66: loss = 69.1798
2020-03-31 15:53:20,372 INFO [32.5] Epoch 67: loss = 69.7138
2020-03-31 15:53:50,126 INFO [29.8] Epoch 68: loss = 69.3737
2020-03-31 15:54:20,836 INFO [30.7] Epoch 69: loss = 68.8511
2020-03-31 15:54:20,837 INFO Start Evaling...
2020-03-31 15:54:53,671 INFO Head: mr:564.2 mrr:14.72 hits:28.97
2020-03-31 15:54:53,671 INFO Tail: mr:197.1 mrr:39.16 hits:58.46
2020-03-31 15:54:53,671 INFO All: mr:380.7 mrr:26.94 hits:43.72
2020-03-31 15:54:53,691 INFO Improved and model saved
2020-03-31 15:55:21,245 INFO [27.5] Epoch 70: loss = 69.2996
2020-03-31 15:55:51,636 INFO [30.4] Epoch 71: loss = 69.0825
2020-03-31 15:56:18,507 INFO [26.9] Epoch 72: loss = 68.6877
2020-03-31 15:56:48,872 INFO [30.4] Epoch 73: loss = 68.9179
2020-03-31 15:57:19,697 INFO [30.8] Epoch 74: loss = 68.1064
2020-03-31 15:57:49,914 INFO [30.2] Epoch 75: loss = 68.2298
2020-03-31 15:58:18,145 INFO [28.2] Epoch 76: loss = 68.2132
2020-03-31 15:58:47,675 INFO [29.5] Epoch 77: loss = 68.0838
2020-03-31 15:59:18,629 INFO [31.0] Epoch 78: loss = 68.3858
2020-03-31 15:59:51,005 INFO [32.4] Epoch 79: loss = 67.6289
2020-03-31 15:59:51,005 INFO Start Evaling...
2020-03-31 16:00:26,021 INFO Head: mr:542.6 mrr:14.96 hits:29.29
2020-03-31 16:00:26,021 INFO Tail: mr:194.6 mrr:39.38 hits:58.61
2020-03-31 16:00:26,021 INFO All: mr:368.6 mrr:27.17 hits:43.95
2020-03-31 16:00:26,046 INFO Improved and model saved
2020-03-31 16:00:54,648 INFO [28.6] Epoch 80: loss = 67.7531
2020-03-31 16:01:22,732 INFO [28.1] Epoch 81: loss = 67.3704
2020-03-31 16:01:53,543 INFO [30.8] Epoch 82: loss = 67.4406
2020-03-31 16:02:23,227 INFO [29.7] Epoch 83: loss = 67.6609
2020-03-31 16:02:52,636 INFO [29.4] Epoch 84: loss = 67.5063
2020-03-31 16:03:22,540 INFO [29.9] Epoch 85: loss = 67.3332
2020-03-31 16:03:51,612 INFO [29.1] Epoch 86: loss = 66.9856
2020-03-31 16:04:20,791 INFO [29.2] Epoch 87: loss = 67.5608
2020-03-31 16:04:50,611 INFO [29.8] Epoch 88: loss = 66.9138
2020-03-31 16:05:18,699 INFO [28.1] Epoch 89: loss = 67.0420
2020-03-31 16:05:18,699 INFO Start Evaling...
2020-03-31 16:05:52,989 INFO Head: mr:553.1 mrr:15.00 hits:29.86
2020-03-31 16:05:52,990 INFO Tail: mr:192.1 mrr:39.69 hits:58.80
2020-03-31 16:05:52,990 INFO All: mr:372.6 mrr:27.34 hits:44.33
2020-03-31 16:05:53,005 INFO Improved and model saved
2020-03-31 16:06:21,427 INFO [28.4] Epoch 90: loss = 66.5001
2020-03-31 16:06:51,639 INFO [30.2] Epoch 91: loss = 66.7676
2020-03-31 16:07:22,710 INFO [31.1] Epoch 92: loss = 66.7882
2020-03-31 16:07:52,709 INFO [30.0] Epoch 93: loss = 66.6056
2020-03-31 16:08:21,308 INFO [28.6] Epoch 94: loss = 66.2399
2020-03-31 16:08:50,832 INFO [29.5] Epoch 95: loss = 66.4433
2020-03-31 16:09:21,340 INFO [30.5] Epoch 96: loss = 66.3473
2020-03-31 16:09:51,606 INFO [30.3] Epoch 97: loss = 65.9205
2020-03-31 16:10:22,922 INFO [31.3] Epoch 98: loss = 65.9719
2020-03-31 16:10:54,347 INFO [31.4] Epoch 99: loss = 66.0008
2020-03-31 16:10:54,348 INFO Start Evaling...
2020-03-31 16:11:29,248 INFO Head: mr:554.6 mrr:15.01 hits:29.83
2020-03-31 16:11:29,250 INFO Tail: mr:188.2 mrr:39.49 hits:58.59
2020-03-31 16:11:29,251 INFO All: mr:371.4 mrr:27.25 hits:44.21
2020-03-31 16:11:29,287 INFO Declined in recent 1 epochs
2020-03-31 16:11:57,917 INFO [28.6] Epoch 100: loss = 66.2065
2020-03-31 16:12:26,192 INFO [28.3] Epoch 101: loss = 66.0426
2020-03-31 16:12:55,053 INFO [28.9] Epoch 102: loss = 66.0892
2020-03-31 16:13:24,639 INFO [29.6] Epoch 103: loss = 65.4892
2020-03-31 16:13:55,101 INFO [30.5] Epoch 104: loss = 65.3691
2020-03-31 16:14:26,710 INFO [31.6] Epoch 105: loss = 65.4498
2020-03-31 16:14:56,581 INFO [29.9] Epoch 106: loss = 65.6459
2020-03-31 16:15:25,856 INFO [29.3] Epoch 107: loss = 65.7527
2020-03-31 16:15:55,688 INFO [29.8] Epoch 108: loss = 66.1749
2020-03-31 16:16:24,104 INFO [28.4] Epoch 109: loss = 65.0662
2020-03-31 16:16:24,104 INFO Start Evaling...
2020-03-31 16:16:58,560 INFO Head: mr:544.0 mrr:15.33 hits:29.84
2020-03-31 16:16:58,560 INFO Tail: mr:186.0 mrr:39.96 hits:59.18
2020-03-31 16:16:58,560 INFO All: mr:365.0 mrr:27.64 hits:44.51
2020-03-31 16:16:58,584 INFO Improved and model saved
2020-03-31 16:17:28,394 INFO [29.8] Epoch 110: loss = 65.6311
2020-03-31 16:17:56,523 INFO [28.1] Epoch 111: loss = 65.1365
2020-03-31 16:18:26,981 INFO [30.5] Epoch 112: loss = 65.3309
2020-03-31 16:18:57,351 INFO [30.4] Epoch 113: loss = 65.1995
2020-03-31 16:19:27,952 INFO [30.6] Epoch 114: loss = 65.1851
2020-03-31 16:19:59,979 INFO [32.0] Epoch 115: loss = 65.1304
2020-03-31 16:20:31,323 INFO [31.3] Epoch 116: loss = 64.9261
2020-03-31 16:21:04,965 INFO [33.6] Epoch 117: loss = 64.7233
2020-03-31 16:21:33,802 INFO [28.8] Epoch 118: loss = 64.5418
2020-03-31 16:22:01,095 INFO [27.3] Epoch 119: loss = 65.1701
2020-03-31 16:22:01,096 INFO Start Evaling...
2020-03-31 16:22:34,682 INFO Head: mr:549.6 mrr:15.16 hits:30.02
2020-03-31 16:22:34,683 INFO Tail: mr:187.1 mrr:39.67 hits:58.97
2020-03-31 16:22:34,683 INFO All: mr:368.4 mrr:27.41 hits:44.50
2020-03-31 16:22:34,699 INFO Declined in recent 1 epochs
2020-03-31 16:23:03,126 INFO [28.4] Epoch 120: loss = 64.9479
2020-03-31 16:23:35,214 INFO [32.1] Epoch 121: loss = 64.5174
2020-03-31 16:24:05,093 INFO [29.9] Epoch 122: loss = 64.9061
2020-03-31 16:24:35,288 INFO [30.2] Epoch 123: loss = 64.4417
2020-03-31 16:25:07,643 INFO [32.4] Epoch 124: loss = 64.2998
2020-03-31 16:25:39,846 INFO [32.2] Epoch 125: loss = 64.0441
2020-03-31 16:26:12,252 INFO [32.4] Epoch 126: loss = 64.1457
2020-03-31 16:26:42,700 INFO [30.4] Epoch 127: loss = 64.1515
2020-03-31 16:27:09,873 INFO [27.2] Epoch 128: loss = 64.5754
2020-03-31 16:27:42,518 INFO [32.6] Epoch 129: loss = 64.2516
2020-03-31 16:27:42,519 INFO Start Evaling...
2020-03-31 16:28:15,055 INFO Head: mr:563.1 mrr:15.46 hits:30.06
2020-03-31 16:28:15,056 INFO Tail: mr:183.2 mrr:39.83 hits:59.24
2020-03-31 16:28:15,056 INFO All: mr:373.2 mrr:27.64 hits:44.65
2020-03-31 16:28:15,091 INFO Improved and model saved
2020-03-31 16:28:44,522 INFO [29.4] Epoch 130: loss = 64.0442
2020-03-31 16:29:14,074 INFO [29.6] Epoch 131: loss = 63.9461
2020-03-31 16:29:42,995 INFO [28.9] Epoch 132: loss = 64.0464
2020-03-31 16:30:13,983 INFO [31.0] Epoch 133: loss = 63.7376
2020-03-31 16:30:46,319 INFO [32.3] Epoch 134: loss = 63.9370
2020-03-31 16:31:17,437 INFO [31.1] Epoch 135: loss = 63.4431
2020-03-31 16:31:47,462 INFO [30.0] Epoch 136: loss = 63.9483
2020-03-31 16:32:18,540 INFO [31.1] Epoch 137: loss = 63.8530
2020-03-31 16:32:50,443 INFO [31.9] Epoch 138: loss = 63.6513
2020-03-31 16:33:20,510 INFO [30.1] Epoch 139: loss = 63.6614
2020-03-31 16:33:20,510 INFO Start Evaling...
2020-03-31 16:33:51,821 INFO Head: mr:539.1 mrr:15.57 hits:30.33
2020-03-31 16:33:51,821 INFO Tail: mr:184.1 mrr:39.97 hits:59.51
2020-03-31 16:33:51,822 INFO All: mr:361.6 mrr:27.77 hits:44.92
2020-03-31 16:33:51,845 INFO Improved and model saved
2020-03-31 16:34:18,486 INFO [26.6] Epoch 140: loss = 63.9997
2020-03-31 16:34:45,411 INFO [26.9] Epoch 141: loss = 63.6718
2020-03-31 16:35:14,877 INFO [29.5] Epoch 142: loss = 64.1673
2020-03-31 16:35:42,207 INFO [27.3] Epoch 143: loss = 63.4003
2020-03-31 16:36:13,653 INFO [31.4] Epoch 144: loss = 63.7437
2020-03-31 16:36:43,957 INFO [30.3] Epoch 145: loss = 63.8225
2020-03-31 16:37:15,311 INFO [31.4] Epoch 146: loss = 63.7839
2020-03-31 16:37:46,142 INFO [30.8] Epoch 147: loss = 63.7119
2020-03-31 16:38:16,101 INFO [30.0] Epoch 148: loss = 63.3487
2020-03-31 16:38:46,455 INFO [30.4] Epoch 149: loss = 62.7654
2020-03-31 16:38:46,456 INFO Start Evaling...
2020-03-31 16:39:18,564 INFO Head: mr:547.3 mrr:15.24 hits:30.57
2020-03-31 16:39:18,564 INFO Tail: mr:181.3 mrr:40.07 hits:59.67
2020-03-31 16:39:18,564 INFO All: mr:364.3 mrr:27.65 hits:45.12
2020-03-31 16:39:18,595 INFO Improved and model saved
2020-03-31 16:39:47,702 INFO [29.1] Epoch 150: loss = 63.1819
2020-03-31 16:40:17,525 INFO [29.8] Epoch 151: loss = 63.5205
2020-03-31 16:40:46,220 INFO [28.7] Epoch 152: loss = 63.1291
2020-03-31 16:41:14,430 INFO [28.2] Epoch 153: loss = 63.3387
2020-03-31 16:41:41,555 INFO [27.1] Epoch 154: loss = 63.0003
2020-03-31 16:42:11,169 INFO [29.6] Epoch 155: loss = 62.9484
2020-03-31 16:42:40,752 INFO [29.6] Epoch 156: loss = 62.8237
2020-03-31 16:43:11,697 INFO [30.9] Epoch 157: loss = 62.8134
2020-03-31 16:43:40,139 INFO [28.4] Epoch 158: loss = 62.8553
2020-03-31 16:44:10,401 INFO [30.3] Epoch 159: loss = 63.6414
2020-03-31 16:44:10,402 INFO Start Evaling...
2020-03-31 16:44:44,280 INFO Head: mr:536.9 mrr:15.54 hits:30.56
2020-03-31 16:44:44,280 INFO Tail: mr:182.7 mrr:39.94 hits:59.46
2020-03-31 16:44:44,280 INFO All: mr:359.8 mrr:27.74 hits:45.01
2020-03-31 16:44:44,304 INFO Declined in recent 1 epochs
2020-03-31 16:45:14,847 INFO [30.5] Epoch 160: loss = 63.0915
2020-03-31 16:45:44,901 INFO [30.1] Epoch 161: loss = 62.4629
2020-03-31 16:46:11,880 INFO [27.0] Epoch 162: loss = 62.5573
2020-03-31 16:46:42,674 INFO [30.8] Epoch 163: loss = 63.0083
2020-03-31 16:47:12,854 INFO [30.2] Epoch 164: loss = 62.8534
2020-03-31 16:47:41,081 INFO [28.2] Epoch 165: loss = 63.0083
2020-03-31 16:48:11,748 INFO [30.7] Epoch 166: loss = 62.6164
2020-03-31 16:48:40,215 INFO [28.5] Epoch 167: loss = 62.9419
2020-03-31 16:49:10,287 INFO [30.1] Epoch 168: loss = 62.9490
2020-03-31 16:49:41,640 INFO [31.4] Epoch 169: loss = 62.5180
2020-03-31 16:49:41,640 INFO Start Evaling...
2020-03-31 16:50:13,422 INFO Head: mr:542.2 mrr:15.76 hits:30.57
2020-03-31 16:50:13,424 INFO Tail: mr:180.1 mrr:40.05 hits:59.70
2020-03-31 16:50:13,424 INFO All: mr:361.1 mrr:27.91 hits:45.13
2020-03-31 16:50:13,462 INFO Improved and model saved
2020-03-31 16:50:42,313 INFO [28.8] Epoch 170: loss = 62.3593
2020-03-31 16:51:12,546 INFO [30.2] Epoch 171: loss = 62.8451
2020-03-31 16:51:40,550 INFO [28.0] Epoch 172: loss = 62.6590
2020-03-31 16:52:10,734 INFO [30.2] Epoch 173: loss = 62.4449
2020-03-31 16:52:40,087 INFO [29.4] Epoch 174: loss = 62.5484
2020-03-31 16:53:09,976 INFO [29.9] Epoch 175: loss = 62.1474
2020-03-31 16:53:39,343 INFO [29.4] Epoch 176: loss = 62.8483
2020-03-31 16:54:08,760 INFO [29.4] Epoch 177: loss = 62.3211
2020-03-31 16:54:37,648 INFO [28.9] Epoch 178: loss = 62.5687
2020-03-31 16:55:05,992 INFO [28.3] Epoch 179: loss = 62.5638
2020-03-31 16:55:05,993 INFO Start Evaling...
2020-03-31 16:55:40,263 INFO Head: mr:557.9 mrr:15.60 hits:30.57
2020-03-31 16:55:40,264 INFO Tail: mr:181.4 mrr:39.97 hits:59.56
2020-03-31 16:55:40,264 INFO All: mr:369.6 mrr:27.79 hits:45.06
2020-03-31 16:55:40,285 INFO Declined in recent 1 epochs
2020-03-31 16:56:09,884 INFO [29.6] Epoch 180: loss = 62.3497
2020-03-31 16:56:39,462 INFO [29.6] Epoch 181: loss = 62.3819
2020-03-31 16:57:09,822 INFO [30.4] Epoch 182: loss = 62.1560
2020-03-31 16:57:43,836 INFO [34.0] Epoch 183: loss = 62.1694
2020-03-31 16:58:14,317 INFO [30.5] Epoch 184: loss = 61.8949
2020-03-31 16:58:44,589 INFO [30.3] Epoch 185: loss = 62.0692
2020-03-31 16:59:16,425 INFO [31.8] Epoch 186: loss = 61.6226
2020-03-31 16:59:46,659 INFO [30.2] Epoch 187: loss = 62.0900
2020-03-31 17:00:13,941 INFO [27.3] Epoch 188: loss = 62.2037
2020-03-31 17:00:45,723 INFO [31.8] Epoch 189: loss = 61.8163
2020-03-31 17:00:45,724 INFO Start Evaling...
2020-03-31 17:01:17,962 INFO Head: mr:537.1 mrr:15.53 hits:31.00
2020-03-31 17:01:17,962 INFO Tail: mr:179.7 mrr:40.20 hits:59.54
2020-03-31 17:01:17,962 INFO All: mr:358.4 mrr:27.86 hits:45.27
2020-03-31 17:01:17,988 INFO Improved and model saved
2020-03-31 17:01:49,589 INFO [31.6] Epoch 190: loss = 62.1706
2020-03-31 17:02:18,304 INFO [28.7] Epoch 191: loss = 61.9825
2020-03-31 17:02:47,942 INFO [29.6] Epoch 192: loss = 62.0853
2020-03-31 17:03:18,087 INFO [30.1] Epoch 193: loss = 61.7628
2020-03-31 17:03:48,419 INFO [30.3] Epoch 194: loss = 62.0517
2020-03-31 17:04:21,627 INFO [33.2] Epoch 195: loss = 61.6638
2020-03-31 17:04:51,916 INFO [30.3] Epoch 196: loss = 61.4400
2020-03-31 17:05:23,965 INFO [32.0] Epoch 197: loss = 61.8786
2020-03-31 17:05:54,125 INFO [30.2] Epoch 198: loss = 61.6709
2020-03-31 17:06:22,124 INFO [28.0] Epoch 199: loss = 61.5978
2020-03-31 17:06:22,124 INFO Start Evaling...
2020-03-31 17:06:54,765 INFO Head: mr:539.9 mrr:15.57 hits:30.69
2020-03-31 17:06:54,765 INFO Tail: mr:180.2 mrr:40.15 hits:59.83
2020-03-31 17:06:54,765 INFO All: mr:360.0 mrr:27.86 hits:45.26
2020-03-31 17:06:54,795 INFO Declined in recent 1 epochs
2020-03-31 17:07:25,503 INFO [30.7] Epoch 200: loss = 61.8366
2020-03-31 17:07:56,472 INFO [31.0] Epoch 201: loss = 61.8413
2020-03-31 17:08:25,549 INFO [29.1] Epoch 202: loss = 61.9502
2020-03-31 17:08:55,801 INFO [30.3] Epoch 203: loss = 61.9715
2020-03-31 17:09:23,891 INFO [28.1] Epoch 204: loss = 61.5958
2020-03-31 17:09:53,759 INFO [29.9] Epoch 205: loss = 61.6203
2020-03-31 17:10:25,395 INFO [31.6] Epoch 206: loss = 62.0948
2020-03-31 17:10:57,955 INFO [32.6] Epoch 207: loss = 61.5532
2020-03-31 17:11:26,547 INFO [28.6] Epoch 208: loss = 61.8207
2020-03-31 17:11:54,275 INFO [27.7] Epoch 209: loss = 61.7487
2020-03-31 17:11:54,275 INFO Start Evaling...
2020-03-31 17:12:26,942 INFO Head: mr:561.8 mrr:15.96 hits:30.94
2020-03-31 17:12:26,942 INFO Tail: mr:178.2 mrr:40.28 hits:59.68
2020-03-31 17:12:26,942 INFO All: mr:370.0 mrr:28.12 hits:45.31
2020-03-31 17:12:26,968 INFO Improved and model saved
2020-03-31 17:12:56,006 INFO [29.0] Epoch 210: loss = 61.5521
2020-03-31 17:13:26,410 INFO [30.4] Epoch 211: loss = 62.0930
2020-03-31 17:13:57,421 INFO [31.0] Epoch 212: loss = 61.5417
2020-03-31 17:14:29,257 INFO [31.8] Epoch 213: loss = 61.4378
2020-03-31 17:14:58,871 INFO [29.6] Epoch 214: loss = 61.1751
2020-03-31 17:15:30,867 INFO [32.0] Epoch 215: loss = 61.5899
2020-03-31 17:16:00,222 INFO [29.4] Epoch 216: loss = 61.1336
2020-03-31 17:16:30,325 INFO [30.1] Epoch 217: loss = 61.6594
2020-03-31 17:17:01,145 INFO [30.8] Epoch 218: loss = 61.3564
2020-03-31 17:17:30,493 INFO [29.3] Epoch 219: loss = 61.5999
2020-03-31 17:17:30,493 INFO Start Evaling...
2020-03-31 17:18:02,723 INFO Head: mr:540.9 mrr:15.62 hits:30.50
2020-03-31 17:18:02,723 INFO Tail: mr:180.5 mrr:40.22 hits:59.65
2020-03-31 17:18:02,723 INFO All: mr:360.7 mrr:27.92 hits:45.08
2020-03-31 17:18:02,747 INFO Declined in recent 1 epochs
2020-03-31 17:18:30,489 INFO [27.7] Epoch 220: loss = 61.5210
2020-03-31 17:18:58,596 INFO [28.1] Epoch 221: loss = 61.3503
2020-03-31 17:19:26,379 INFO [27.8] Epoch 222: loss = 61.1992
2020-03-31 17:19:55,479 INFO [29.1] Epoch 223: loss = 61.3064
2020-03-31 17:20:26,694 INFO [31.2] Epoch 224: loss = 61.6605
2020-03-31 17:20:57,961 INFO [31.3] Epoch 225: loss = 61.1878
2020-03-31 17:21:29,728 INFO [31.8] Epoch 226: loss = 61.0926
2020-03-31 17:21:56,943 INFO [27.2] Epoch 227: loss = 61.3593
2020-03-31 17:22:28,205 INFO [31.3] Epoch 228: loss = 61.3098
2020-03-31 17:22:56,222 INFO [28.0] Epoch 229: loss = 60.7758
2020-03-31 17:22:56,222 INFO Start Evaling...
2020-03-31 17:23:28,653 INFO Head: mr:517.3 mrr:15.95 hits:30.80
2020-03-31 17:23:28,653 INFO Tail: mr:179.4 mrr:40.33 hits:59.60
2020-03-31 17:23:28,655 INFO All: mr:348.4 mrr:28.14 hits:45.20
2020-03-31 17:23:28,679 INFO Declined in recent 2 epochs
2020-03-31 17:23:55,795 INFO [27.1] Epoch 230: loss = 60.8150
2020-03-31 17:24:23,690 INFO [27.9] Epoch 231: loss = 60.6324
2020-03-31 17:24:52,981 INFO [29.3] Epoch 232: loss = 61.1747
2020-03-31 17:25:21,296 INFO [28.3] Epoch 233: loss = 61.1134
2020-03-31 17:25:49,911 INFO [28.6] Epoch 234: loss = 61.2133
2020-03-31 17:26:17,280 INFO [27.4] Epoch 235: loss = 61.0875
2020-03-31 17:26:47,178 INFO [29.9] Epoch 236: loss = 61.4571
2020-03-31 17:27:14,233 INFO [27.1] Epoch 237: loss = 61.2723
2020-03-31 17:27:44,068 INFO [29.8] Epoch 238: loss = 61.1043
2020-03-31 17:28:13,159 INFO [29.1] Epoch 239: loss = 61.0508
2020-03-31 17:28:13,160 INFO Start Evaling...
2020-03-31 17:28:44,650 INFO Head: mr:526.4 mrr:15.68 hits:30.92
2020-03-31 17:28:44,650 INFO Tail: mr:178.4 mrr:40.15 hits:59.86
2020-03-31 17:28:44,650 INFO All: mr:352.4 mrr:27.91 hits:45.39
2020-03-31 17:28:44,668 INFO Improved and model saved
2020-03-31 17:29:12,931 INFO [28.3] Epoch 240: loss = 60.8388
2020-03-31 17:29:42,136 INFO [29.2] Epoch 241: loss = 60.6019
2020-03-31 17:30:08,946 INFO [26.8] Epoch 242: loss = 61.2628
2020-03-31 17:30:36,446 INFO [27.5] Epoch 243: loss = 61.2039
2020-03-31 17:31:02,881 INFO [26.4] Epoch 244: loss = 60.8793
2020-03-31 17:31:32,763 INFO [29.9] Epoch 245: loss = 60.7039
2020-03-31 17:32:01,055 INFO [28.3] Epoch 246: loss = 61.2227
2020-03-31 17:32:31,231 INFO [30.2] Epoch 247: loss = 60.9571
2020-03-31 17:33:01,745 INFO [30.5] Epoch 248: loss = 61.0251
2020-03-31 17:33:31,509 INFO [29.8] Epoch 249: loss = 60.7381
2020-03-31 17:33:31,510 INFO Start Evaling...
2020-03-31 17:34:03,889 INFO Head: mr:511.0 mrr:15.91 hits:31.10
2020-03-31 17:34:03,890 INFO Tail: mr:179.6 mrr:40.25 hits:59.61
2020-03-31 17:34:03,890 INFO All: mr:345.3 mrr:28.08 hits:45.35
2020-03-31 17:34:03,918 INFO Declined in recent 1 epochs
2020-03-31 17:34:31,803 INFO [27.9] Epoch 250: loss = 60.9779
2020-03-31 17:35:02,276 INFO [30.5] Epoch 251: loss = 60.5844
2020-03-31 17:35:30,129 INFO [27.9] Epoch 252: loss = 60.7939
2020-03-31 17:35:59,769 INFO [29.6] Epoch 253: loss = 61.1249
2020-03-31 17:36:28,763 INFO [29.0] Epoch 254: loss = 60.4674
2020-03-31 17:36:57,093 INFO [28.3] Epoch 255: loss = 60.6069
2020-03-31 17:37:26,433 INFO [29.3] Epoch 256: loss = 60.8430
2020-03-31 17:37:54,372 INFO [27.9] Epoch 257: loss = 60.6747
2020-03-31 17:38:24,183 INFO [29.8] Epoch 258: loss = 61.0171
2020-03-31 17:38:55,623 INFO [31.4] Epoch 259: loss = 60.9420
2020-03-31 17:38:55,623 INFO Start Evaling...
2020-03-31 17:39:28,062 INFO Head: mr:492.8 mrr:15.57 hits:30.99
2020-03-31 17:39:28,062 INFO Tail: mr:177.3 mrr:40.36 hits:59.86
2020-03-31 17:39:28,064 INFO All: mr:335.1 mrr:27.96 hits:45.43
2020-03-31 17:39:28,098 INFO Improved and model saved
2020-03-31 17:39:57,845 INFO [29.7] Epoch 260: loss = 60.6175
2020-03-31 17:40:26,170 INFO [28.3] Epoch 261: loss = 60.2126
2020-03-31 17:40:55,179 INFO [29.0] Epoch 262: loss = 60.6160
2020-03-31 17:41:24,164 INFO [29.0] Epoch 263: loss = 60.6207
2020-03-31 17:41:53,331 INFO [29.2] Epoch 264: loss = 60.7820
2020-03-31 17:42:19,308 INFO [26.0] Epoch 265: loss = 60.6127
2020-03-31 17:42:47,429 INFO [28.1] Epoch 266: loss = 60.6333
2020-03-31 17:43:14,812 INFO [27.4] Epoch 267: loss = 60.9123
2020-03-31 17:43:43,280 INFO [28.5] Epoch 268: loss = 60.9621
2020-03-31 17:44:11,951 INFO [28.7] Epoch 269: loss = 60.3965
2020-03-31 17:44:11,952 INFO Start Evaling...
2020-03-31 17:44:45,128 INFO Head: mr:503.7 mrr:15.70 hits:31.23
2020-03-31 17:44:45,128 INFO Tail: mr:178.6 mrr:40.36 hits:59.71
2020-03-31 17:44:45,128 INFO All: mr:341.2 mrr:28.03 hits:45.47
2020-03-31 17:44:45,152 INFO Improved and model saved
2020-03-31 17:45:14,763 INFO [29.6] Epoch 270: loss = 60.4904
2020-03-31 17:45:42,398 INFO [27.6] Epoch 271: loss = 60.1762
2020-03-31 17:46:11,745 INFO [29.3] Epoch 272: loss = 60.9491
2020-03-31 17:46:40,151 INFO [28.4] Epoch 273: loss = 60.2875
2020-03-31 17:47:07,163 INFO [27.0] Epoch 274: loss = 60.6002
2020-03-31 17:47:36,426 INFO [29.3] Epoch 275: loss = 60.1345
2020-03-31 17:48:04,676 INFO [28.2] Epoch 276: loss = 60.6251
2020-03-31 17:48:32,469 INFO [27.8] Epoch 277: loss = 60.0592
2020-03-31 17:49:04,557 INFO [32.1] Epoch 278: loss = 60.4107
2020-03-31 17:49:33,174 INFO [28.6] Epoch 279: loss = 60.8605
2020-03-31 17:49:33,174 INFO Start Evaling...
2020-03-31 17:50:05,290 INFO Head: mr:493.0 mrr:15.76 hits:31.21
2020-03-31 17:50:05,291 INFO Tail: mr:177.7 mrr:40.40 hits:59.91
2020-03-31 17:50:05,291 INFO All: mr:335.3 mrr:28.08 hits:45.56
2020-03-31 17:50:05,323 INFO Improved and model saved
2020-03-31 17:50:34,469 INFO [29.1] Epoch 280: loss = 60.5588
2020-03-31 17:51:03,836 INFO [29.4] Epoch 281: loss = 60.7155
2020-03-31 17:51:32,451 INFO [28.6] Epoch 282: loss = 60.5613
2020-03-31 17:52:00,025 INFO [27.6] Epoch 283: loss = 60.1709
2020-03-31 17:52:29,620 INFO [29.6] Epoch 284: loss = 60.5753
2020-03-31 17:52:57,892 INFO [28.3] Epoch 285: loss = 60.4033
2020-03-31 17:53:26,552 INFO [28.7] Epoch 286: loss = 60.2123
2020-03-31 17:53:54,994 INFO [28.4] Epoch 287: loss = 60.2357
2020-03-31 17:54:24,357 INFO [29.4] Epoch 288: loss = 60.3538
2020-03-31 17:54:54,097 INFO [29.7] Epoch 289: loss = 60.1313
2020-03-31 17:54:54,098 INFO Start Evaling...
2020-03-31 17:55:25,810 INFO Head: mr:490.2 mrr:15.78 hits:31.13
2020-03-31 17:55:25,810 INFO Tail: mr:176.1 mrr:40.41 hits:59.91
2020-03-31 17:55:25,810 INFO All: mr:333.1 mrr:28.09 hits:45.52
2020-03-31 17:55:25,842 INFO Declined in recent 1 epochs
2020-03-31 17:55:52,947 INFO [27.1] Epoch 290: loss = 60.0505
2020-03-31 17:56:22,514 INFO [29.6] Epoch 291: loss = 60.3915
2020-03-31 17:56:55,384 INFO [32.9] Epoch 292: loss = 60.5941
2020-03-31 17:57:24,312 INFO [28.9] Epoch 293: loss = 60.5009
2020-03-31 17:57:52,205 INFO [27.9] Epoch 294: loss = 60.3553
2020-03-31 17:58:20,450 INFO [28.2] Epoch 295: loss = 60.1626
2020-03-31 17:58:48,318 INFO [27.9] Epoch 296: loss = 59.9837
2020-03-31 17:59:17,118 INFO [28.8] Epoch 297: loss = 60.2010
2020-03-31 17:59:46,885 INFO [29.8] Epoch 298: loss = 60.5969
2020-03-31 18:00:15,708 INFO [28.8] Epoch 299: loss = 60.2814
2020-03-31 18:00:15,708 INFO Start Evaling...
2020-03-31 18:00:47,251 INFO Head: mr:488.0 mrr:15.82 hits:31.22
2020-03-31 18:00:47,254 INFO Tail: mr:177.2 mrr:40.33 hits:59.69
2020-03-31 18:00:47,255 INFO All: mr:332.6 mrr:28.07 hits:45.45
2020-03-31 18:00:47,284 INFO Declined in recent 2 epochs
2020-03-31 18:01:16,405 INFO [29.1] Epoch 300: loss = 60.2142
2020-03-31 18:01:45,033 INFO [28.6] Epoch 301: loss = 60.4466
2020-03-31 18:02:12,205 INFO [27.2] Epoch 302: loss = 59.6776
2020-03-31 18:02:41,844 INFO [29.6] Epoch 303: loss = 60.1219
2020-03-31 18:03:12,630 INFO [30.8] Epoch 304: loss = 60.2613
2020-03-31 18:03:42,308 INFO [29.7] Epoch 305: loss = 59.9931
2020-03-31 18:04:09,413 INFO [27.1] Epoch 306: loss = 60.2341
2020-03-31 18:04:41,107 INFO [31.7] Epoch 307: loss = 59.9278
2020-03-31 18:05:12,437 INFO [31.3] Epoch 308: loss = 60.5353
2020-03-31 18:05:42,448 INFO [30.0] Epoch 309: loss = 60.0559
2020-03-31 18:05:42,449 INFO Start Evaling...
2020-03-31 18:06:14,985 INFO Head: mr:498.8 mrr:15.85 hits:31.00
2020-03-31 18:06:14,985 INFO Tail: mr:177.1 mrr:40.49 hits:59.92
2020-03-31 18:06:14,985 INFO All: mr:338.0 mrr:28.17 hits:45.46
2020-03-31 18:06:15,015 INFO Declined in recent 3 epochs
2020-03-31 18:06:43,217 INFO [28.2] Epoch 310: loss = 59.9196
2020-03-31 18:07:09,931 INFO [26.7] Epoch 311: loss = 59.9742
2020-03-31 18:07:37,626 INFO [27.7] Epoch 312: loss = 60.1710
2020-03-31 18:08:05,429 INFO [27.8] Epoch 313: loss = 59.8918
2020-03-31 18:08:35,491 INFO [30.1] Epoch 314: loss = 59.8150
2020-03-31 18:09:04,594 INFO [29.1] Epoch 315: loss = 60.5376
2020-03-31 18:09:35,592 INFO [31.0] Epoch 316: loss = 60.4884
2020-03-31 18:10:06,442 INFO [30.8] Epoch 317: loss = 59.8444
2020-03-31 18:10:34,124 INFO [27.7] Epoch 318: loss = 59.9390
2020-03-31 18:11:00,045 INFO [25.9] Epoch 319: loss = 60.2190
2020-03-31 18:11:00,045 INFO Start Evaling...
2020-03-31 18:11:32,071 INFO Head: mr:473.0 mrr:16.02 hits:31.15
2020-03-31 18:11:32,074 INFO Tail: mr:174.2 mrr:40.34 hits:60.01
2020-03-31 18:11:32,074 INFO All: mr:323.6 mrr:28.18 hits:45.58
2020-03-31 18:11:32,100 INFO Improved and model saved
2020-03-31 18:11:58,906 INFO [26.8] Epoch 320: loss = 60.1240
2020-03-31 18:12:24,842 INFO [25.9] Epoch 321: loss = 60.3538
2020-03-31 18:12:52,583 INFO [27.7] Epoch 322: loss = 60.0896
2020-03-31 18:13:22,415 INFO [29.8] Epoch 323: loss = 60.0192
2020-03-31 18:13:51,773 INFO [29.4] Epoch 324: loss = 60.0226
2020-03-31 18:14:20,570 INFO [28.8] Epoch 325: loss = 60.3749
2020-03-31 18:14:49,182 INFO [28.6] Epoch 326: loss = 59.7147
2020-03-31 18:15:19,518 INFO [30.3] Epoch 327: loss = 60.0777
2020-03-31 18:15:50,187 INFO [30.7] Epoch 328: loss = 60.1569
2020-03-31 18:16:17,589 INFO [27.4] Epoch 329: loss = 60.1724
2020-03-31 18:16:17,590 INFO Start Evaling...
2020-03-31 18:16:49,963 INFO Head: mr:478.7 mrr:15.80 hits:31.11
2020-03-31 18:16:49,966 INFO Tail: mr:175.5 mrr:40.52 hits:59.88
2020-03-31 18:16:49,966 INFO All: mr:327.1 mrr:28.16 hits:45.49
2020-03-31 18:16:49,994 INFO Declined in recent 1 epochs
2020-03-31 18:17:17,488 INFO [27.5] Epoch 330: loss = 59.7847
2020-03-31 18:17:45,462 INFO [28.0] Epoch 331: loss = 60.5013
2020-03-31 18:18:11,967 INFO [26.5] Epoch 332: loss = 60.0732
2020-03-31 18:18:38,974 INFO [27.0] Epoch 333: loss = 60.2527
2020-03-31 18:19:06,295 INFO [27.3] Epoch 334: loss = 60.0226
2020-03-31 18:19:34,733 INFO [28.4] Epoch 335: loss = 60.1280
2020-03-31 18:20:02,169 INFO [27.4] Epoch 336: loss = 59.8065
2020-03-31 18:20:29,761 INFO [27.6] Epoch 337: loss = 60.2850
2020-03-31 18:20:57,519 INFO [27.8] Epoch 338: loss = 59.4410
2020-03-31 18:21:26,115 INFO [28.6] Epoch 339: loss = 59.9912
2020-03-31 18:21:26,116 INFO Start Evaling...
2020-03-31 18:21:57,009 INFO Head: mr:478.5 mrr:16.16 hits:31.50
2020-03-31 18:21:57,009 INFO Tail: mr:177.5 mrr:40.38 hits:60.10
2020-03-31 18:21:57,009 INFO All: mr:328.0 mrr:28.27 hits:45.80
2020-03-31 18:21:57,041 INFO Improved and model saved
2020-03-31 18:22:23,997 INFO [26.9] Epoch 340: loss = 59.7866
2020-03-31 18:22:51,417 INFO [27.4] Epoch 341: loss = 60.2198
2020-03-31 18:23:20,417 INFO [29.0] Epoch 342: loss = 59.9429
2020-03-31 18:23:47,913 INFO [27.5] Epoch 343: loss = 59.6793
2020-03-31 18:24:14,471 INFO [26.6] Epoch 344: loss = 59.7856
2020-03-31 18:24:41,209 INFO [26.7] Epoch 345: loss = 60.0158
2020-03-31 18:25:08,909 INFO [27.7] Epoch 346: loss = 59.7609
2020-03-31 18:25:36,379 INFO [27.5] Epoch 347: loss = 60.1622
2020-03-31 18:26:03,931 INFO [27.6] Epoch 348: loss = 59.7872
2020-03-31 18:26:30,811 INFO [26.9] Epoch 349: loss = 59.8252
2020-03-31 18:26:30,812 INFO Start Evaling...
2020-03-31 18:27:02,660 INFO Head: mr:476.0 mrr:15.85 hits:31.18
2020-03-31 18:27:02,661 INFO Tail: mr:173.2 mrr:40.71 hits:59.95
2020-03-31 18:27:02,661 INFO All: mr:324.6 mrr:28.28 hits:45.57
2020-03-31 18:27:02,687 INFO Declined in recent 1 epochs
2020-03-31 18:27:29,448 INFO [26.8] Epoch 350: loss = 59.9914
2020-03-31 18:27:53,993 INFO [24.5] Epoch 351: loss = 59.5812
2020-03-31 18:28:22,789 INFO [28.8] Epoch 352: loss = 59.5343
2020-03-31 18:28:50,189 INFO [27.4] Epoch 353: loss = 59.6655
2020-03-31 18:29:17,205 INFO [27.0] Epoch 354: loss = 59.9408
2020-03-31 18:29:45,618 INFO [28.4] Epoch 355: loss = 59.5130
2020-03-31 18:30:12,352 INFO [26.7] Epoch 356: loss = 59.7028
2020-03-31 18:30:39,842 INFO [27.5] Epoch 357: loss = 59.5524
2020-03-31 18:31:07,285 INFO [27.4] Epoch 358: loss = 60.1572
2020-03-31 18:31:35,685 INFO [28.4] Epoch 359: loss = 59.8655
2020-03-31 18:31:35,685 INFO Start Evaling...
2020-03-31 18:32:07,041 INFO Head: mr:473.1 mrr:16.10 hits:31.55
2020-03-31 18:32:07,041 INFO Tail: mr:174.7 mrr:40.59 hits:59.98
2020-03-31 18:32:07,041 INFO All: mr:323.9 mrr:28.35 hits:45.77
2020-03-31 18:32:07,082 INFO Declined in recent 2 epochs
2020-03-31 18:32:31,253 INFO [24.2] Epoch 360: loss = 59.8131
2020-03-31 18:32:58,511 INFO [27.3] Epoch 361: loss = 59.5908
2020-03-31 18:33:28,070 INFO [29.6] Epoch 362: loss = 59.6050
2020-03-31 18:33:54,807 INFO [26.7] Epoch 363: loss = 59.9207
2020-03-31 18:34:21,760 INFO [27.0] Epoch 364: loss = 59.7206
2020-03-31 18:34:49,193 INFO [27.4] Epoch 365: loss = 59.6561
2020-03-31 18:35:18,880 INFO [29.7] Epoch 366: loss = 60.0747
2020-03-31 18:35:46,146 INFO [27.3] Epoch 367: loss = 59.8802
2020-03-31 18:36:13,328 INFO [27.2] Epoch 368: loss = 59.3638
2020-03-31 18:36:41,103 INFO [27.8] Epoch 369: loss = 59.7217
2020-03-31 18:36:41,104 INFO Start Evaling...
2020-03-31 18:37:12,806 INFO Head: mr:488.8 mrr:16.15 hits:31.33
2020-03-31 18:37:12,809 INFO Tail: mr:174.0 mrr:40.43 hits:60.03
2020-03-31 18:37:12,809 INFO All: mr:331.4 mrr:28.29 hits:45.68
2020-03-31 18:37:12,832 INFO Declined in recent 3 epochs
2020-03-31 18:37:40,346 INFO [27.5] Epoch 370: loss = 59.6499
2020-03-31 18:38:07,284 INFO [26.9] Epoch 371: loss = 59.3975
2020-03-31 18:38:33,752 INFO [26.5] Epoch 372: loss = 59.2530
2020-03-31 18:38:59,330 INFO [25.6] Epoch 373: loss = 59.7663
2020-03-31 18:39:27,516 INFO [28.2] Epoch 374: loss = 59.7474
2020-03-31 18:39:55,294 INFO [27.8] Epoch 375: loss = 59.8301
2020-03-31 18:40:22,190 INFO [26.9] Epoch 376: loss = 59.7551
2020-03-31 18:40:49,393 INFO [27.2] Epoch 377: loss = 59.8203
2020-03-31 18:41:16,846 INFO [27.5] Epoch 378: loss = 59.3202
2020-03-31 18:41:42,720 INFO [25.9] Epoch 379: loss = 59.4062
2020-03-31 18:41:42,720 INFO Start Evaling...
2020-03-31 18:42:15,106 INFO Head: mr:461.3 mrr:15.99 hits:31.20
2020-03-31 18:42:15,106 INFO Tail: mr:175.1 mrr:40.39 hits:59.97
2020-03-31 18:42:15,106 INFO All: mr:318.2 mrr:28.19 hits:45.59
2020-03-31 18:42:15,143 INFO Declined in recent 4 epochs
2020-03-31 18:42:40,935 INFO [25.8] Epoch 380: loss = 59.4778
2020-03-31 18:43:08,478 INFO [27.5] Epoch 381: loss = 59.7910
2020-03-31 18:43:36,079 INFO [27.6] Epoch 382: loss = 59.6850
2020-03-31 18:44:02,854 INFO [26.8] Epoch 383: loss = 59.6923
2020-03-31 18:44:31,310 INFO [28.5] Epoch 384: loss = 59.6531
2020-03-31 18:44:59,968 INFO [28.7] Epoch 385: loss = 59.5264
2020-03-31 18:45:26,905 INFO [26.9] Epoch 386: loss = 59.5177
2020-03-31 18:45:54,246 INFO [27.3] Epoch 387: loss = 59.7938
2020-03-31 18:46:21,945 INFO [27.7] Epoch 388: loss = 59.5223
2020-03-31 18:46:48,113 INFO [26.2] Epoch 389: loss = 59.7088
2020-03-31 18:46:48,114 INFO Start Evaling...
2020-03-31 18:47:20,799 INFO Head: mr:466.5 mrr:16.05 hits:31.37
2020-03-31 18:47:20,799 INFO Tail: mr:174.6 mrr:40.42 hits:60.04
2020-03-31 18:47:20,799 INFO All: mr:320.6 mrr:28.24 hits:45.70
2020-03-31 18:47:20,824 INFO Declined in recent 5 epochs
2020-03-31 18:47:20,824 INFO Early stopping
2020-03-31 18:47:20,824 INFO Train done
2020-03-31 18:47:20,829 INFO Start Evaling...
2020-03-31 18:47:56,455 INFO Head: mr:489.4 mrr:15.95 hits:31.01
2020-03-31 18:47:56,456 INFO Tail: mr:186.0 mrr:39.78 hits:59.50
2020-03-31 18:47:56,456 INFO All: mr:337.7 mrr:27.86 hits:45.26
