2020-03-31 13:24:49,067 INFO EPOCH: 1000
2020-03-31 13:24:49,067 INFO EVERY: 10
2020-03-31 13:24:49,067 INFO LR: 0.001
2020-03-31 13:24:49,068 INFO DIM: 100
2020-03-31 13:24:49,068 INFO BATCH_SIZE: 256
2020-03-31 13:24:49,068 INFO BATCH_SIZE2: 256
2020-03-31 13:24:49,068 INFO P: 1
2020-03-31 13:24:49,068 INFO CLIPPING_MAX_VALUE: 4.0
2020-03-31 13:24:49,068 INFO OPTIM: Adam
2020-03-31 13:24:49,068 INFO N_SAMPLE: 12
2020-03-31 13:24:49,068 INFO MODE: rand
2020-03-31 13:24:49,068 INFO GAMMA: 12.0
2020-03-31 13:24:49,068 INFO BERN: False
2020-03-31 13:24:49,068 INFO MARGIN: 4.0
2020-03-31 13:24:49,068 INFO REG: 1.0
2020-03-31 13:24:49,068 INFO LABEL_SMOOTH_EPS: 0.1
2020-03-31 13:24:49,068 INFO INPUT_DROP: 0.2
2020-03-31 13:24:49,068 INFO FEAT_DROP: 0.2
2020-03-31 13:24:49,068 INFO HIDD_DROP: 0.3
2020-03-31 13:24:49,068 INFO CHANNELS: 50
2020-03-31 13:24:49,068 INFO KERNEL_SIZE: 3
2020-03-31 13:24:49,068 INFO N_POOL: 100
2020-03-31 13:24:49,068 INFO MODEL_D: TransH
2020-03-31 13:24:49,068 INFO MODEL_G: DistMult
2020-03-31 13:24:49,068 INFO D_FILE: None
2020-03-31 13:24:49,068 INFO G_FILE: None
2020-03-31 13:24:49,068 INFO PATH: data
2020-03-31 13:24:49,068 INFO DATA: FB15K237
2020-03-31 13:24:49,068 INFO EXP_PATH: experiment/FB15K237
2020-03-31 13:24:49,068 INFO MODEL: Kbgan
2020-03-31 13:24:49,068 INFO V: 0
2020-03-31 13:24:49,069 INFO F: False
2020-03-31 13:24:49,069 INFO EVAL: False
2020-03-31 13:24:49,069 INFO TRAINED: False
2020-03-31 13:24:49,069 INFO PRETRAINED_NAME: None
2020-03-31 13:24:49,069 INFO EXP_NAME: Kbgan-FB15K237-rand-0
2020-03-31 13:24:49,069 INFO --------------------------------------
2020-03-31 13:24:54,337 INFO Dataload done
2020-03-31 13:24:54,338 INFO --------------------------------------
2020-03-31 13:24:54,338 INFO N_ENTITY: 14541
2020-03-31 13:24:54,338 INFO N_RELATION: 237
2020-03-31 13:24:54,338 INFO --------------------------------------
2020-03-31 13:24:57,046 INFO Start Training...
2020-03-31 13:25:12,154 INFO [15.1] Epoch 0: loss = 276.5777
2020-03-31 13:25:26,780 INFO [14.6] Epoch 1: loss = 113.1464
2020-03-31 13:25:41,588 INFO [14.8] Epoch 2: loss = 76.7098
2020-03-31 13:25:56,990 INFO [15.4] Epoch 3: loss = 62.6249
2020-03-31 13:26:11,359 INFO [14.4] Epoch 4: loss = 54.4192
2020-03-31 13:26:26,845 INFO [15.5] Epoch 5: loss = 49.3972
2020-03-31 13:26:43,019 INFO [16.2] Epoch 6: loss = 45.9463
2020-03-31 13:26:57,230 INFO [14.2] Epoch 7: loss = 43.4794
2020-03-31 13:27:10,679 INFO [13.4] Epoch 8: loss = 41.7184
2020-03-31 13:27:24,862 INFO [14.2] Epoch 9: loss = 40.5216
2020-03-31 13:27:24,863 INFO Start Evaling...
2020-03-31 13:27:57,636 INFO Head: mr:268.2 mrr:16.19 hits:30.93
2020-03-31 13:27:57,638 INFO Tail: mr:136.3 mrr:32.91 hits:52.87
2020-03-31 13:27:57,638 INFO All: mr:202.2 mrr:24.55 hits:41.90
2020-03-31 13:27:57,657 INFO Improved and model saved
2020-03-31 13:28:10,662 INFO [13.0] Epoch 10: loss = 39.6223
2020-03-31 13:28:25,988 INFO [15.3] Epoch 11: loss = 38.5948
2020-03-31 13:28:41,701 INFO [15.7] Epoch 12: loss = 38.1602
2020-03-31 13:28:57,025 INFO [15.3] Epoch 13: loss = 37.5928
2020-03-31 13:29:13,594 INFO [16.6] Epoch 14: loss = 37.1932
2020-03-31 13:29:28,719 INFO [15.1] Epoch 15: loss = 36.7807
2020-03-31 13:29:43,321 INFO [14.6] Epoch 16: loss = 36.3770
2020-03-31 13:29:59,340 INFO [16.0] Epoch 17: loss = 36.1204
2020-03-31 13:30:14,477 INFO [15.1] Epoch 18: loss = 35.8244
2020-03-31 13:30:28,453 INFO [14.0] Epoch 19: loss = 35.6154
2020-03-31 13:30:28,453 INFO Start Evaling...
2020-03-31 13:31:02,351 INFO Head: mr:248.4 mrr:17.52 hits:33.42
2020-03-31 13:31:02,354 INFO Tail: mr:121.0 mrr:34.67 hits:55.31
2020-03-31 13:31:02,356 INFO All: mr:184.7 mrr:26.09 hits:44.37
2020-03-31 13:31:02,379 INFO Improved and model saved
2020-03-31 13:31:18,388 INFO [16.0] Epoch 20: loss = 35.4349
2020-03-31 13:31:33,844 INFO [15.5] Epoch 21: loss = 35.2752
2020-03-31 13:31:48,337 INFO [14.5] Epoch 22: loss = 35.0976
2020-03-31 13:32:01,966 INFO [13.6] Epoch 23: loss = 34.8217
2020-03-31 13:32:16,386 INFO [14.4] Epoch 24: loss = 34.7352
2020-03-31 13:32:32,368 INFO [16.0] Epoch 25: loss = 34.5788
2020-03-31 13:32:48,463 INFO [16.1] Epoch 26: loss = 34.4880
2020-03-31 13:33:02,412 INFO [13.9] Epoch 27: loss = 34.4141
2020-03-31 13:33:17,339 INFO [14.9] Epoch 28: loss = 34.3365
2020-03-31 13:33:32,389 INFO [15.0] Epoch 29: loss = 34.2989
2020-03-31 13:33:32,390 INFO Start Evaling...
2020-03-31 13:34:06,691 INFO Head: mr:238.9 mrr:18.12 hits:34.30
2020-03-31 13:34:06,693 INFO Tail: mr:114.4 mrr:35.40 hits:56.55
2020-03-31 13:34:06,693 INFO All: mr:176.7 mrr:26.76 hits:45.42
2020-03-31 13:34:06,712 INFO Improved and model saved
2020-03-31 13:34:22,145 INFO [15.4] Epoch 30: loss = 34.0309
2020-03-31 13:34:38,161 INFO [16.0] Epoch 31: loss = 34.2121
2020-03-31 13:34:53,618 INFO [15.5] Epoch 32: loss = 34.0060
2020-03-31 13:35:08,567 INFO [14.9] Epoch 33: loss = 33.9481
2020-03-31 13:35:22,768 INFO [14.2] Epoch 34: loss = 33.8411
2020-03-31 13:35:38,494 INFO [15.7] Epoch 35: loss = 33.8014
2020-03-31 13:35:54,423 INFO [15.9] Epoch 36: loss = 33.7772
2020-03-31 13:36:09,174 INFO [14.8] Epoch 37: loss = 33.9322
2020-03-31 13:36:23,448 INFO [14.3] Epoch 38: loss = 33.6557
2020-03-31 13:36:37,890 INFO [14.4] Epoch 39: loss = 33.5329
2020-03-31 13:36:37,890 INFO Start Evaling...
2020-03-31 13:37:10,768 INFO Head: mr:239.8 mrr:18.14 hits:34.57
2020-03-31 13:37:10,768 INFO Tail: mr:112.9 mrr:35.20 hits:56.48
2020-03-31 13:37:10,768 INFO All: mr:176.3 mrr:26.67 hits:45.52
2020-03-31 13:37:10,785 INFO Improved and model saved
2020-03-31 13:37:25,191 INFO [14.4] Epoch 40: loss = 33.4992
2020-03-31 13:37:40,867 INFO [15.7] Epoch 41: loss = 33.5437
2020-03-31 13:37:56,036 INFO [15.2] Epoch 42: loss = 33.3918
2020-03-31 13:38:10,786 INFO [14.7] Epoch 43: loss = 33.2532
2020-03-31 13:38:26,032 INFO [15.2] Epoch 44: loss = 33.3983
2020-03-31 13:38:42,694 INFO [16.7] Epoch 45: loss = 33.3497
2020-03-31 13:38:58,031 INFO [15.3] Epoch 46: loss = 33.3384
2020-03-31 13:39:12,108 INFO [14.1] Epoch 47: loss = 33.0879
2020-03-31 13:39:26,265 INFO [14.2] Epoch 48: loss = 33.1736
2020-03-31 13:39:40,742 INFO [14.5] Epoch 49: loss = 33.1847
2020-03-31 13:39:40,742 INFO Start Evaling...
2020-03-31 13:40:14,450 INFO Head: mr:235.8 mrr:18.53 hits:34.95
2020-03-31 13:40:14,450 INFO Tail: mr:111.8 mrr:35.57 hits:56.81
2020-03-31 13:40:14,450 INFO All: mr:173.8 mrr:27.05 hits:45.88
2020-03-31 13:40:14,460 INFO Improved and model saved
2020-03-31 13:40:28,290 INFO [13.8] Epoch 50: loss = 33.1362
2020-03-31 13:40:42,519 INFO [14.2] Epoch 51: loss = 33.0390
2020-03-31 13:40:56,003 INFO [13.5] Epoch 52: loss = 32.9162
2020-03-31 13:41:10,406 INFO [14.4] Epoch 53: loss = 32.9632
2020-03-31 13:41:25,806 INFO [15.4] Epoch 54: loss = 32.9162
2020-03-31 13:41:41,314 INFO [15.5] Epoch 55: loss = 32.8536
2020-03-31 13:41:56,481 INFO [15.2] Epoch 56: loss = 32.8622
2020-03-31 13:42:11,892 INFO [15.4] Epoch 57: loss = 32.8560
2020-03-31 13:42:26,848 INFO [15.0] Epoch 58: loss = 32.7228
2020-03-31 13:42:40,659 INFO [13.8] Epoch 59: loss = 32.8078
2020-03-31 13:42:40,659 INFO Start Evaling...
2020-03-31 13:43:14,418 INFO Head: mr:235.1 mrr:18.43 hits:35.30
2020-03-31 13:43:14,419 INFO Tail: mr:111.0 mrr:35.78 hits:57.11
2020-03-31 13:43:14,419 INFO All: mr:173.1 mrr:27.11 hits:46.20
2020-03-31 13:43:14,436 INFO Improved and model saved
2020-03-31 13:43:31,540 INFO [17.1] Epoch 60: loss = 32.8966
2020-03-31 13:43:49,410 INFO [17.9] Epoch 61: loss = 32.6946
2020-03-31 13:44:07,898 INFO [18.5] Epoch 62: loss = 32.7913
2020-03-31 13:44:23,330 INFO [15.4] Epoch 63: loss = 32.6199
2020-03-31 13:44:39,295 INFO [16.0] Epoch 64: loss = 32.7527
2020-03-31 13:44:54,176 INFO [14.9] Epoch 65: loss = 32.6495
2020-03-31 13:45:08,646 INFO [14.5] Epoch 66: loss = 32.6434
2020-03-31 13:45:22,727 INFO [14.1] Epoch 67: loss = 32.4654
2020-03-31 13:45:36,079 INFO [13.4] Epoch 68: loss = 32.6457
2020-03-31 13:45:50,965 INFO [14.9] Epoch 69: loss = 32.5800
2020-03-31 13:45:50,965 INFO Start Evaling...
2020-03-31 13:46:25,011 INFO Head: mr:233.3 mrr:18.77 hits:35.37
2020-03-31 13:46:25,011 INFO Tail: mr:111.3 mrr:35.65 hits:56.62
2020-03-31 13:46:25,011 INFO All: mr:172.3 mrr:27.21 hits:46.00
2020-03-31 13:46:25,026 INFO Declined in recent 1 epochs
2020-03-31 13:46:40,970 INFO [15.9] Epoch 70: loss = 32.6292
2020-03-31 13:46:57,955 INFO [17.0] Epoch 71: loss = 32.5104
2020-03-31 13:47:14,442 INFO [16.5] Epoch 72: loss = 32.4792
2020-03-31 13:47:28,752 INFO [14.3] Epoch 73: loss = 32.5661
2020-03-31 13:47:46,354 INFO [17.6] Epoch 74: loss = 32.4918
2020-03-31 13:48:06,081 INFO [19.7] Epoch 75: loss = 32.6060
2020-03-31 13:48:21,825 INFO [15.7] Epoch 76: loss = 32.4947
2020-03-31 13:48:34,206 INFO [12.4] Epoch 77: loss = 32.5154
2020-03-31 13:48:48,843 INFO [14.6] Epoch 78: loss = 32.4905
2020-03-31 13:49:05,187 INFO [16.3] Epoch 79: loss = 32.4163
2020-03-31 13:49:05,187 INFO Start Evaling...
2020-03-31 13:49:38,756 INFO Head: mr:233.1 mrr:18.39 hits:35.18
2020-03-31 13:49:38,757 INFO Tail: mr:111.8 mrr:35.53 hits:57.07
2020-03-31 13:49:38,757 INFO All: mr:172.4 mrr:26.96 hits:46.12
2020-03-31 13:49:38,776 INFO Declined in recent 2 epochs
2020-03-31 13:49:57,191 INFO [18.4] Epoch 80: loss = 32.4231
2020-03-31 13:50:13,234 INFO [16.0] Epoch 81: loss = 32.3234
2020-03-31 13:50:30,122 INFO [16.9] Epoch 82: loss = 32.4601
2020-03-31 13:50:45,681 INFO [15.6] Epoch 83: loss = 32.4678
2020-03-31 13:51:02,129 INFO [16.4] Epoch 84: loss = 32.1993
2020-03-31 13:51:19,037 INFO [16.9] Epoch 85: loss = 32.3203
2020-03-31 13:51:34,284 INFO [15.2] Epoch 86: loss = 32.3353
2020-03-31 13:51:49,560 INFO [15.3] Epoch 87: loss = 32.3283
2020-03-31 13:52:05,254 INFO [15.7] Epoch 88: loss = 32.3953
2020-03-31 13:52:22,507 INFO [17.3] Epoch 89: loss = 32.3427
2020-03-31 13:52:22,508 INFO Start Evaling...
2020-03-31 13:52:54,988 INFO Head: mr:235.2 mrr:18.58 hits:35.49
2020-03-31 13:52:54,989 INFO Tail: mr:110.8 mrr:35.65 hits:56.78
2020-03-31 13:52:54,989 INFO All: mr:173.0 mrr:27.11 hits:46.14
2020-03-31 13:52:55,010 INFO Declined in recent 3 epochs
2020-03-31 13:53:10,196 INFO [15.2] Epoch 90: loss = 32.3718
2020-03-31 13:53:24,484 INFO [14.3] Epoch 91: loss = 32.3110
2020-03-31 13:53:38,591 INFO [14.1] Epoch 92: loss = 32.2004
2020-03-31 13:53:53,392 INFO [14.8] Epoch 93: loss = 32.2422
2020-03-31 13:54:07,611 INFO [14.2] Epoch 94: loss = 32.2324
2020-03-31 13:54:22,686 INFO [15.1] Epoch 95: loss = 32.2022
2020-03-31 13:54:40,339 INFO [17.7] Epoch 96: loss = 32.1490
2020-03-31 13:54:55,477 INFO [15.1] Epoch 97: loss = 32.2373
2020-03-31 13:55:12,330 INFO [16.9] Epoch 98: loss = 32.2306
2020-03-31 13:55:27,721 INFO [15.4] Epoch 99: loss = 32.2963
2020-03-31 13:55:27,722 INFO Start Evaling...
2020-03-31 13:56:00,920 INFO Head: mr:236.0 mrr:18.57 hits:35.59
2020-03-31 13:56:00,920 INFO Tail: mr:111.6 mrr:35.69 hits:56.87
2020-03-31 13:56:00,920 INFO All: mr:173.8 mrr:27.13 hits:46.23
2020-03-31 13:56:00,941 INFO Improved and model saved
2020-03-31 13:56:16,153 INFO [15.2] Epoch 100: loss = 32.0945
2020-03-31 13:56:32,477 INFO [16.3] Epoch 101: loss = 32.1446
2020-03-31 13:56:47,065 INFO [14.6] Epoch 102: loss = 32.0755
2020-03-31 13:57:02,917 INFO [15.9] Epoch 103: loss = 32.2572
2020-03-31 13:57:18,952 INFO [16.0] Epoch 104: loss = 32.1017
2020-03-31 13:57:34,192 INFO [15.2] Epoch 105: loss = 32.0146
2020-03-31 13:57:49,731 INFO [15.5] Epoch 106: loss = 31.9673
2020-03-31 13:58:06,034 INFO [16.3] Epoch 107: loss = 31.9092
2020-03-31 13:58:22,606 INFO [16.6] Epoch 108: loss = 32.0087
2020-03-31 13:58:38,914 INFO [16.3] Epoch 109: loss = 31.9953
2020-03-31 13:58:38,915 INFO Start Evaling...
2020-03-31 13:59:14,376 INFO Head: mr:229.4 mrr:18.51 hits:35.30
2020-03-31 13:59:14,377 INFO Tail: mr:112.5 mrr:35.48 hits:56.54
2020-03-31 13:59:14,377 INFO All: mr:171.0 mrr:26.99 hits:45.92
2020-03-31 13:59:14,400 INFO Declined in recent 1 epochs
2020-03-31 13:59:30,304 INFO [15.9] Epoch 110: loss = 32.1121
2020-03-31 13:59:43,746 INFO [13.4] Epoch 111: loss = 31.9215
2020-03-31 14:00:00,369 INFO [16.6] Epoch 112: loss = 31.9328
2020-03-31 14:00:16,175 INFO [15.8] Epoch 113: loss = 32.0562
2020-03-31 14:00:33,069 INFO [16.9] Epoch 114: loss = 31.9869
2020-03-31 14:00:48,128 INFO [15.1] Epoch 115: loss = 31.9591
2020-03-31 14:01:04,547 INFO [16.4] Epoch 116: loss = 31.9141
2020-03-31 14:01:21,358 INFO [16.8] Epoch 117: loss = 31.8877
2020-03-31 14:01:36,828 INFO [15.5] Epoch 118: loss = 31.9768
2020-03-31 14:01:54,347 INFO [17.5] Epoch 119: loss = 31.7215
2020-03-31 14:01:54,347 INFO Start Evaling...
2020-03-31 14:02:26,394 INFO Head: mr:234.0 mrr:18.52 hits:35.53
2020-03-31 14:02:26,394 INFO Tail: mr:113.3 mrr:35.57 hits:56.56
2020-03-31 14:02:26,394 INFO All: mr:173.6 mrr:27.04 hits:46.05
2020-03-31 14:02:26,414 INFO Declined in recent 2 epochs
2020-03-31 14:02:41,589 INFO [15.2] Epoch 120: loss = 31.6737
2020-03-31 14:02:56,271 INFO [14.7] Epoch 121: loss = 31.8179
2020-03-31 14:03:10,112 INFO [13.8] Epoch 122: loss = 31.8230
2020-03-31 14:03:24,241 INFO [14.1] Epoch 123: loss = 31.9222
2020-03-31 14:03:38,921 INFO [14.7] Epoch 124: loss = 31.9268
2020-03-31 14:03:53,591 INFO [14.7] Epoch 125: loss = 31.9868
2020-03-31 14:04:09,774 INFO [16.2] Epoch 126: loss = 31.8729
2020-03-31 14:04:23,697 INFO [13.9] Epoch 127: loss = 31.9498
2020-03-31 14:04:38,986 INFO [15.3] Epoch 128: loss = 31.9535
2020-03-31 14:04:54,299 INFO [15.3] Epoch 129: loss = 31.7300
2020-03-31 14:04:54,299 INFO Start Evaling...
2020-03-31 14:05:27,623 INFO Head: mr:235.4 mrr:18.70 hits:35.28
2020-03-31 14:05:27,623 INFO Tail: mr:111.6 mrr:35.53 hits:56.70
2020-03-31 14:05:27,624 INFO All: mr:173.5 mrr:27.12 hits:45.99
2020-03-31 14:05:27,640 INFO Declined in recent 3 epochs
2020-03-31 14:05:43,305 INFO [15.7] Epoch 130: loss = 31.8716
2020-03-31 14:05:59,352 INFO [16.0] Epoch 131: loss = 31.6759
2020-03-31 14:06:16,741 INFO [17.4] Epoch 132: loss = 31.8516
2020-03-31 14:06:33,328 INFO [16.6] Epoch 133: loss = 31.7207
2020-03-31 14:06:48,989 INFO [15.7] Epoch 134: loss = 31.8020
2020-03-31 14:07:05,599 INFO [16.6] Epoch 135: loss = 31.6909
2020-03-31 14:07:20,565 INFO [15.0] Epoch 136: loss = 31.7608
2020-03-31 14:07:35,749 INFO [15.2] Epoch 137: loss = 31.8523
2020-03-31 14:07:51,278 INFO [15.5] Epoch 138: loss = 31.8027
2020-03-31 14:08:07,484 INFO [16.2] Epoch 139: loss = 31.7583
2020-03-31 14:08:07,485 INFO Start Evaling...
2020-03-31 14:08:43,103 INFO Head: mr:233.7 mrr:18.27 hits:35.32
2020-03-31 14:08:43,103 INFO Tail: mr:112.8 mrr:35.57 hits:56.70
2020-03-31 14:08:43,104 INFO All: mr:173.3 mrr:26.92 hits:46.01
2020-03-31 14:08:43,117 INFO Declined in recent 4 epochs
2020-03-31 14:08:57,658 INFO [14.5] Epoch 140: loss = 31.7747
2020-03-31 14:09:14,015 INFO [16.4] Epoch 141: loss = 31.6257
2020-03-31 14:09:29,479 INFO [15.5] Epoch 142: loss = 31.7372
2020-03-31 14:09:45,662 INFO [16.2] Epoch 143: loss = 31.6634
2020-03-31 14:10:02,203 INFO [16.5] Epoch 144: loss = 31.8668
2020-03-31 14:10:18,775 INFO [16.6] Epoch 145: loss = 31.8329
2020-03-31 14:10:33,277 INFO [14.5] Epoch 146: loss = 31.6085
2020-03-31 14:10:51,336 INFO [18.1] Epoch 147: loss = 31.6823
2020-03-31 14:11:07,936 INFO [16.6] Epoch 148: loss = 31.7459
2020-03-31 14:11:23,538 INFO [15.6] Epoch 149: loss = 31.7866
2020-03-31 14:11:23,539 INFO Start Evaling...
2020-03-31 14:11:56,081 INFO Head: mr:233.4 mrr:18.55 hits:35.18
2020-03-31 14:11:56,081 INFO Tail: mr:113.4 mrr:35.65 hits:57.27
2020-03-31 14:11:56,081 INFO All: mr:173.4 mrr:27.10 hits:46.23
2020-03-31 14:11:56,095 INFO Declined in recent 5 epochs
2020-03-31 14:11:56,095 INFO Early stopping
2020-03-31 14:11:56,095 INFO Train done
2020-03-31 14:11:56,102 INFO Start Evaling...
2020-03-31 14:12:35,026 INFO Head: mr:251.7 mrr:18.20 hits:35.07
2020-03-31 14:12:35,026 INFO Tail: mr:122.7 mrr:35.28 hits:56.19
2020-03-31 14:12:35,026 INFO All: mr:187.2 mrr:26.74 hits:45.63
