2020-05-15 09:05:45,991 INFO EPOCH: 1000
2020-05-15 09:05:45,991 INFO EVERY: 10
2020-05-15 09:05:45,991 INFO LR: 0.001
2020-05-15 09:05:45,991 INFO DIM: 100
2020-05-15 09:05:45,992 INFO BATCH_SIZE: 256
2020-05-15 09:05:45,992 INFO BATCH_SIZE2: 256
2020-05-15 09:05:45,992 INFO P: 1
2020-05-15 09:05:45,992 INFO CLIPPING_MAX_VALUE: 4.0
2020-05-15 09:05:45,992 INFO OPTIM: Adam
2020-05-15 09:05:45,992 INFO N_SAMPLE: 100
2020-05-15 09:05:45,992 INFO MODE: rand
2020-05-15 09:05:45,992 INFO RATE: 0.1
2020-05-15 09:05:45,992 INFO GAMMA: 12.0
2020-05-15 09:05:45,992 INFO BERN: True
2020-05-15 09:05:45,992 INFO MARGIN: 4.0
2020-05-15 09:05:45,992 INFO REG: 1.0
2020-05-15 09:05:45,993 INFO LABEL_SMOOTH_EPS: 0.1
2020-05-15 09:05:45,993 INFO INPUT_DROP: 0.2
2020-05-15 09:05:45,993 INFO FEAT_DROP: 0.2
2020-05-15 09:05:45,993 INFO HIDD_DROP: 0.3
2020-05-15 09:05:45,993 INFO CHANNELS: 50
2020-05-15 09:05:45,993 INFO KERNEL_SIZE: 3
2020-05-15 09:05:45,993 INFO N_POOL: 100
2020-05-15 09:05:45,993 INFO MODEL_D: TransH
2020-05-15 09:05:45,993 INFO MODEL_G: DistMult
2020-05-15 09:05:45,993 INFO SCRATCH: False
2020-05-15 09:05:45,993 INFO D_FILE: None
2020-05-15 09:05:45,994 INFO G_FILE: None
2020-05-15 09:05:45,994 INFO PATH: data
2020-05-15 09:05:45,994 INFO DATA: FB15K237
2020-05-15 09:05:45,994 INFO EXP_PATH: experiment/FB15K237
2020-05-15 09:05:45,994 INFO MODEL: TransH
2020-05-15 09:05:45,994 INFO V: 100
2020-05-15 09:05:45,994 INFO F: True
2020-05-15 09:05:45,994 INFO EVAL: False
2020-05-15 09:05:45,994 INFO TRAINED: False
2020-05-15 09:05:45,994 INFO PRETRAINED_NAME: None
2020-05-15 09:05:45,994 INFO EXP_NAME: TransH-FB15K237-rand-100
2020-05-15 09:05:45,994 INFO --------------------------------------
2020-05-15 09:05:53,401 INFO Dataload done
2020-05-15 09:05:53,401 INFO --------------------------------------
2020-05-15 09:05:53,401 INFO N_ENTITY: 14541
2020-05-15 09:05:53,401 INFO N_RELATION: 237
2020-05-15 09:05:53,401 INFO --------------------------------------
2020-05-15 09:05:56,895 INFO Start Training...
2020-05-15 09:07:45,839 INFO [108.9] Epoch 0: loss = 202.7153
2020-05-15 09:09:35,663 INFO [109.8] Epoch 1: loss = 68.6096
2020-05-15 09:11:26,832 INFO [111.2] Epoch 2: loss = 42.4998
2020-05-15 09:13:17,775 INFO [110.9] Epoch 3: loss = 32.3878
2020-05-15 09:15:07,478 INFO [109.7] Epoch 4: loss = 27.1338
2020-05-15 09:16:57,456 INFO [110.0] Epoch 5: loss = 24.1174
2020-05-15 09:18:48,068 INFO [110.6] Epoch 6: loss = 22.1754
2020-05-15 09:20:39,528 INFO [111.5] Epoch 7: loss = 20.9314
2020-05-15 09:22:29,578 INFO [110.1] Epoch 8: loss = 19.9877
2020-05-15 09:24:19,319 INFO [109.7] Epoch 9: loss = 19.3133
2020-05-15 09:24:19,319 INFO Start Evaling...
2020-05-15 09:26:52,384 INFO Head: mr:304.3 mrr:17.06 hits:32.03
2020-05-15 09:26:52,384 INFO Tail: mr:134.6 mrr:35.45 hits:56.66
2020-05-15 09:26:52,384 INFO All: mr:219.5 mrr:26.26 hits:44.34
2020-05-15 09:26:52,396 INFO Start Evaling...
2020-05-15 09:29:47,810 INFO Head: mr:319.5 mrr:16.92 hits:31.93
2020-05-15 09:29:47,810 INFO Tail: mr:144.4 mrr:34.60 hits:55.42
2020-05-15 09:29:47,810 INFO All: mr:232.0 mrr:25.76 hits:43.67
2020-05-15 09:29:47,823 INFO Improved and model saved
2020-05-15 09:31:37,425 INFO [109.6] Epoch 10: loss = 18.7596
2020-05-15 09:33:28,526 INFO [111.1] Epoch 11: loss = 18.3306
2020-05-15 09:35:18,882 INFO [110.4] Epoch 12: loss = 18.0001
2020-05-15 09:37:09,030 INFO [110.1] Epoch 13: loss = 17.6713
2020-05-15 09:38:59,184 INFO [110.2] Epoch 14: loss = 17.4308
2020-05-15 09:40:49,492 INFO [110.3] Epoch 15: loss = 17.2148
2020-05-15 09:42:40,281 INFO [110.8] Epoch 16: loss = 17.0191
2020-05-15 09:44:30,695 INFO [110.4] Epoch 17: loss = 16.8940
2020-05-15 09:46:20,720 INFO [110.0] Epoch 18: loss = 16.7175
2020-05-15 09:48:10,960 INFO [110.2] Epoch 19: loss = 16.5873
2020-05-15 09:48:10,960 INFO Start Evaling...
2020-05-15 09:50:43,164 INFO Head: mr:283.2 mrr:17.85 hits:34.14
2020-05-15 09:50:43,164 INFO Tail: mr:121.9 mrr:36.62 hits:57.74
2020-05-15 09:50:43,164 INFO All: mr:202.6 mrr:27.23 hits:45.94
2020-05-15 09:50:43,175 INFO Start Evaling...
2020-05-15 09:53:37,727 INFO Head: mr:294.9 mrr:17.81 hits:33.96
2020-05-15 09:53:37,727 INFO Tail: mr:130.2 mrr:36.13 hits:57.26
2020-05-15 09:53:37,727 INFO All: mr:212.5 mrr:26.97 hits:45.61
2020-05-15 09:53:37,740 INFO Improved and model saved
2020-05-15 09:55:28,850 INFO [111.1] Epoch 20: loss = 16.4981
2020-05-15 09:57:20,275 INFO [111.4] Epoch 21: loss = 16.3938
2020-05-15 09:59:10,374 INFO [110.1] Epoch 22: loss = 16.2914
2020-05-15 10:01:00,685 INFO [110.3] Epoch 23: loss = 16.2101
2020-05-15 10:02:51,192 INFO [110.5] Epoch 24: loss = 16.1061
2020-05-15 10:04:42,809 INFO [111.6] Epoch 25: loss = 16.0344
2020-05-15 10:06:32,898 INFO [110.1] Epoch 26: loss = 15.9642
2020-05-15 10:08:22,935 INFO [110.0] Epoch 27: loss = 15.9141
2020-05-15 10:10:13,319 INFO [110.4] Epoch 28: loss = 15.8505
2020-05-15 10:12:03,525 INFO [110.2] Epoch 29: loss = 15.7711
2020-05-15 10:12:03,525 INFO Start Evaling...
2020-05-15 10:14:36,622 INFO Head: mr:278.9 mrr:18.16 hits:34.24
2020-05-15 10:14:36,623 INFO Tail: mr:119.4 mrr:37.10 hits:58.56
2020-05-15 10:14:36,623 INFO All: mr:199.1 mrr:27.63 hits:46.40
2020-05-15 10:14:36,635 INFO Start Evaling...
2020-05-15 10:17:30,417 INFO Head: mr:290.9 mrr:18.07 hits:33.97
2020-05-15 10:17:30,417 INFO Tail: mr:126.7 mrr:36.56 hits:57.80
2020-05-15 10:17:30,418 INFO All: mr:208.8 mrr:27.32 hits:45.89
2020-05-15 10:17:30,431 INFO Improved and model saved
2020-05-15 10:19:20,936 INFO [110.5] Epoch 30: loss = 15.7531
2020-05-15 10:21:11,575 INFO [110.6] Epoch 31: loss = 15.6778
2020-05-15 10:23:01,473 INFO [109.9] Epoch 32: loss = 15.6420
2020-05-15 10:24:51,511 INFO [110.0] Epoch 33: loss = 15.5743
2020-05-15 10:26:42,506 INFO [111.0] Epoch 34: loss = 15.5622
2020-05-15 10:28:33,102 INFO [110.6] Epoch 35: loss = 15.4771
2020-05-15 10:30:22,543 INFO [109.4] Epoch 36: loss = 15.4779
2020-05-15 10:32:13,076 INFO [110.5] Epoch 37: loss = 15.4340
2020-05-15 10:34:03,125 INFO [110.0] Epoch 38: loss = 15.3986
2020-05-15 10:35:53,578 INFO [110.5] Epoch 39: loss = 15.3633
2020-05-15 10:35:53,578 INFO Start Evaling...
2020-05-15 10:38:26,821 INFO Head: mr:277.0 mrr:18.35 hits:34.22
2020-05-15 10:38:26,821 INFO Tail: mr:117.5 mrr:37.35 hits:58.79
2020-05-15 10:38:26,821 INFO All: mr:197.3 mrr:27.85 hits:46.50
2020-05-15 10:38:26,833 INFO Start Evaling...
2020-05-15 10:41:22,712 INFO Head: mr:288.0 mrr:18.12 hits:34.16
2020-05-15 10:41:22,712 INFO Tail: mr:126.0 mrr:36.76 hits:58.11
2020-05-15 10:41:22,712 INFO All: mr:207.0 mrr:27.44 hits:46.14
2020-05-15 10:41:22,726 INFO Improved and model saved
2020-05-15 10:43:13,041 INFO [110.3] Epoch 40: loss = 15.3133
2020-05-15 10:45:03,663 INFO [110.6] Epoch 41: loss = 15.3217
2020-05-15 10:46:53,799 INFO [110.1] Epoch 42: loss = 15.2786
2020-05-15 10:48:43,598 INFO [109.8] Epoch 43: loss = 15.2328
2020-05-15 10:50:33,594 INFO [110.0] Epoch 44: loss = 15.2142
2020-05-15 10:52:24,421 INFO [110.8] Epoch 45: loss = 15.1581
2020-05-15 10:54:13,951 INFO [109.5] Epoch 46: loss = 15.1920
2020-05-15 10:56:03,446 INFO [109.5] Epoch 47: loss = 15.1360
2020-05-15 10:57:52,795 INFO [109.3] Epoch 48: loss = 15.1140
2020-05-15 10:59:42,484 INFO [109.7] Epoch 49: loss = 15.0990
2020-05-15 10:59:42,484 INFO Start Evaling...
2020-05-15 11:02:13,817 INFO Head: mr:274.0 mrr:18.55 hits:34.52
2020-05-15 11:02:13,817 INFO Tail: mr:118.4 mrr:37.45 hits:59.06
2020-05-15 11:02:13,817 INFO All: mr:196.2 mrr:28.00 hits:46.79
2020-05-15 11:02:13,829 INFO Start Evaling...
2020-05-15 11:05:07,623 INFO Head: mr:284.5 mrr:18.46 hits:34.67
2020-05-15 11:05:07,623 INFO Tail: mr:126.0 mrr:36.88 hits:58.64
2020-05-15 11:05:07,624 INFO All: mr:205.2 mrr:27.67 hits:46.66
2020-05-15 11:05:07,636 INFO Improved and model saved
2020-05-15 11:06:58,496 INFO [110.9] Epoch 50: loss = 15.0715
2020-05-15 11:08:49,086 INFO [110.6] Epoch 51: loss = 15.0223
2020-05-15 11:10:39,016 INFO [109.9] Epoch 52: loss = 15.0161
2020-05-15 11:12:28,441 INFO [109.4] Epoch 53: loss = 14.9979
2020-05-15 11:14:19,786 INFO [111.3] Epoch 54: loss = 14.9845
2020-05-15 11:16:10,378 INFO [110.6] Epoch 55: loss = 14.9575
2020-05-15 11:18:00,220 INFO [109.8] Epoch 56: loss = 14.9238
2020-05-15 11:19:49,675 INFO [109.5] Epoch 57: loss = 14.9443
2020-05-15 11:21:40,275 INFO [110.6] Epoch 58: loss = 14.8985
2020-05-15 11:23:30,980 INFO [110.7] Epoch 59: loss = 14.8794
2020-05-15 11:23:30,980 INFO Start Evaling...
2020-05-15 11:26:04,056 INFO Head: mr:272.6 mrr:18.52 hits:34.67
2020-05-15 11:26:04,056 INFO Tail: mr:117.5 mrr:37.38 hits:59.36
2020-05-15 11:26:04,056 INFO All: mr:195.0 mrr:27.95 hits:47.01
2020-05-15 11:26:04,068 INFO Start Evaling...
2020-05-15 11:28:59,771 INFO Head: mr:284.4 mrr:18.57 hits:34.83
2020-05-15 11:28:59,771 INFO Tail: mr:126.7 mrr:36.86 hits:58.71
2020-05-15 11:28:59,771 INFO All: mr:205.6 mrr:27.71 hits:46.77
2020-05-15 11:28:59,784 INFO Declined in recent 1 epochs
2020-05-15 11:30:50,437 INFO [110.7] Epoch 60: loss = 14.8732
2020-05-15 11:32:40,990 INFO [110.6] Epoch 61: loss = 14.8286
2020-05-15 11:34:30,933 INFO [109.9] Epoch 62: loss = 14.8508
2020-05-15 11:36:21,434 INFO [110.5] Epoch 63: loss = 14.8176
2020-05-15 11:38:12,193 INFO [110.8] Epoch 64: loss = 14.8024
2020-05-15 11:40:01,887 INFO [109.7] Epoch 65: loss = 14.7827
2020-05-15 11:41:51,247 INFO [109.4] Epoch 66: loss = 14.7511
2020-05-15 11:43:42,351 INFO [111.1] Epoch 67: loss = 14.7525
2020-05-15 11:45:32,686 INFO [110.3] Epoch 68: loss = 14.7180
2020-05-15 11:47:22,791 INFO [110.1] Epoch 69: loss = 14.7085
2020-05-15 11:47:22,791 INFO Start Evaling...
2020-05-15 11:49:55,791 INFO Head: mr:273.8 mrr:18.69 hits:34.70
2020-05-15 11:49:55,791 INFO Tail: mr:117.3 mrr:37.67 hits:59.21
2020-05-15 11:49:55,791 INFO All: mr:195.5 mrr:28.18 hits:46.95
2020-05-15 11:49:55,804 INFO Start Evaling...
2020-05-15 11:52:51,730 INFO Head: mr:286.9 mrr:18.61 hits:34.76
2020-05-15 11:52:51,730 INFO Tail: mr:127.4 mrr:37.00 hits:58.67
2020-05-15 11:52:51,730 INFO All: mr:207.1 mrr:27.80 hits:46.72
2020-05-15 11:52:51,744 INFO Improved and model saved
2020-05-15 11:54:41,384 INFO [109.6] Epoch 70: loss = 14.6978
2020-05-15 11:56:31,217 INFO [109.8] Epoch 71: loss = 14.6983
2020-05-15 11:58:22,091 INFO [110.9] Epoch 72: loss = 14.7063
2020-05-15 12:00:12,776 INFO [110.7] Epoch 73: loss = 14.6844
2020-05-15 12:02:02,624 INFO [109.8] Epoch 74: loss = 14.6701
2020-05-15 12:03:52,399 INFO [109.8] Epoch 75: loss = 14.6611
2020-05-15 12:05:43,405 INFO [111.0] Epoch 76: loss = 14.6315
2020-05-15 12:07:33,979 INFO [110.6] Epoch 77: loss = 14.6477
2020-05-15 12:09:23,838 INFO [109.9] Epoch 78: loss = 14.6208
2020-05-15 12:11:13,650 INFO [109.8] Epoch 79: loss = 14.6090
2020-05-15 12:11:13,651 INFO Start Evaling...
2020-05-15 12:13:46,096 INFO Head: mr:273.7 mrr:18.69 hits:34.98
2020-05-15 12:13:46,096 INFO Tail: mr:118.4 mrr:37.77 hits:59.37
2020-05-15 12:13:46,096 INFO All: mr:196.0 mrr:28.23 hits:47.17
2020-05-15 12:13:46,109 INFO Start Evaling...
2020-05-15 12:16:40,527 INFO Head: mr:283.9 mrr:18.71 hits:35.04
2020-05-15 12:16:40,527 INFO Tail: mr:127.5 mrr:37.27 hits:58.76
2020-05-15 12:16:40,527 INFO All: mr:205.7 mrr:27.99 hits:46.90
2020-05-15 12:16:40,541 INFO Improved and model saved
2020-05-15 12:18:31,166 INFO [110.6] Epoch 80: loss = 14.5785
2020-05-15 12:20:21,744 INFO [110.6] Epoch 81: loss = 14.5999
2020-05-15 12:22:13,279 INFO [111.5] Epoch 82: loss = 14.5760
2020-05-15 12:24:04,202 INFO [110.9] Epoch 83: loss = 14.5682
2020-05-15 12:25:54,779 INFO [110.6] Epoch 84: loss = 14.5409
2020-05-15 12:27:45,115 INFO [110.3] Epoch 85: loss = 14.5346
2020-05-15 12:29:36,146 INFO [111.0] Epoch 86: loss = 14.5413
2020-05-15 12:31:26,645 INFO [110.5] Epoch 87: loss = 14.5279
2020-05-15 12:33:17,385 INFO [110.7] Epoch 88: loss = 14.4913
2020-05-15 12:35:08,705 INFO [111.3] Epoch 89: loss = 14.4811
2020-05-15 12:35:08,705 INFO Start Evaling...
2020-05-15 12:37:40,626 INFO Head: mr:272.3 mrr:18.62 hits:34.88
2020-05-15 12:37:40,626 INFO Tail: mr:117.7 mrr:37.71 hits:59.62
2020-05-15 12:37:40,626 INFO All: mr:195.0 mrr:28.16 hits:47.25
2020-05-15 12:37:40,640 INFO Start Evaling...
2020-05-15 12:40:34,872 INFO Head: mr:285.2 mrr:18.44 hits:35.01
2020-05-15 12:40:34,872 INFO Tail: mr:128.0 mrr:37.07 hits:58.71
2020-05-15 12:40:34,872 INFO All: mr:206.6 mrr:27.76 hits:46.86
2020-05-15 12:40:34,887 INFO Declined in recent 1 epochs
2020-05-15 12:42:25,916 INFO [111.0] Epoch 90: loss = 14.4919
2020-05-15 12:44:17,625 INFO [111.7] Epoch 91: loss = 14.4583
2020-05-15 12:46:08,180 INFO [110.6] Epoch 92: loss = 14.4874
2020-05-15 12:47:59,273 INFO [111.1] Epoch 93: loss = 14.4520
2020-05-15 12:49:50,686 INFO [111.4] Epoch 94: loss = 14.4484
2020-05-15 12:51:42,001 INFO [111.3] Epoch 95: loss = 14.4308
2020-05-15 12:53:32,991 INFO [111.0] Epoch 96: loss = 14.4332
2020-05-15 12:55:23,421 INFO [110.4] Epoch 97: loss = 14.4390
2020-05-15 12:57:14,763 INFO [111.3] Epoch 98: loss = 14.4219
2020-05-15 12:59:06,452 INFO [111.7] Epoch 99: loss = 14.4149
2020-05-15 12:59:06,452 INFO Start Evaling...
2020-05-15 13:01:40,086 INFO Head: mr:275.4 mrr:18.57 hits:34.90
2020-05-15 13:01:40,087 INFO Tail: mr:118.5 mrr:37.67 hits:59.73
2020-05-15 13:01:40,087 INFO All: mr:196.9 mrr:28.12 hits:47.31
2020-05-15 13:01:40,100 INFO Start Evaling...
2020-05-15 13:04:36,040 INFO Head: mr:285.9 mrr:18.35 hits:35.09
2020-05-15 13:04:36,041 INFO Tail: mr:129.7 mrr:36.87 hits:58.52
2020-05-15 13:04:36,041 INFO All: mr:207.8 mrr:27.61 hits:46.80
2020-05-15 13:04:36,056 INFO Declined in recent 2 epochs
2020-05-15 13:06:28,001 INFO [111.9] Epoch 100: loss = 14.3967
2020-05-15 13:08:19,542 INFO [111.5] Epoch 101: loss = 14.3880
2020-05-15 13:10:09,697 INFO [110.2] Epoch 102: loss = 14.3924
2020-05-15 13:11:59,993 INFO [110.3] Epoch 103: loss = 14.4114
2020-05-15 13:13:51,721 INFO [111.7] Epoch 104: loss = 14.3935
2020-05-15 13:15:43,281 INFO [111.6] Epoch 105: loss = 14.3308
2020-05-15 13:17:33,437 INFO [110.2] Epoch 106: loss = 14.3498
2020-05-15 13:19:23,725 INFO [110.3] Epoch 107: loss = 14.3399
2020-05-15 13:21:14,394 INFO [110.7] Epoch 108: loss = 14.3474
2020-05-15 13:23:05,435 INFO [111.0] Epoch 109: loss = 14.3468
2020-05-15 13:23:05,435 INFO Start Evaling...
2020-05-15 13:25:38,608 INFO Head: mr:277.5 mrr:18.61 hits:34.48
2020-05-15 13:25:38,609 INFO Tail: mr:118.0 mrr:37.92 hits:59.56
2020-05-15 13:25:38,609 INFO All: mr:197.7 mrr:28.27 hits:47.02
2020-05-15 13:25:38,622 INFO Start Evaling...
2020-05-15 13:28:34,651 INFO Head: mr:287.9 mrr:18.49 hits:34.97
2020-05-15 13:28:34,651 INFO Tail: mr:128.4 mrr:37.17 hits:58.92
2020-05-15 13:28:34,651 INFO All: mr:208.1 mrr:27.83 hits:46.94
2020-05-15 13:28:34,666 INFO Improved and model saved
2020-05-15 13:30:26,019 INFO [111.3] Epoch 110: loss = 14.3277
2020-05-15 13:32:17,643 INFO [111.6] Epoch 111: loss = 14.3134
2020-05-15 13:34:08,252 INFO [110.6] Epoch 112: loss = 14.3220
2020-05-15 13:35:58,734 INFO [110.5] Epoch 113: loss = 14.3283
2020-05-15 13:37:49,591 INFO [110.9] Epoch 114: loss = 14.3019
2020-05-15 13:39:40,962 INFO [111.4] Epoch 115: loss = 14.3034
2020-05-15 13:41:31,107 INFO [110.1] Epoch 116: loss = 14.2883
2020-05-15 13:43:21,724 INFO [110.6] Epoch 117: loss = 14.3102
2020-05-15 13:45:11,870 INFO [110.1] Epoch 118: loss = 14.2809
2020-05-15 13:47:03,097 INFO [111.2] Epoch 119: loss = 14.2600
2020-05-15 13:47:03,097 INFO Start Evaling...
2020-05-15 13:49:36,370 INFO Head: mr:274.4 mrr:18.80 hits:34.86
2020-05-15 13:49:36,370 INFO Tail: mr:117.7 mrr:37.98 hits:59.70
2020-05-15 13:49:36,370 INFO All: mr:196.0 mrr:28.39 hits:47.28
2020-05-15 13:49:36,382 INFO Start Evaling...
2020-05-15 13:52:32,611 INFO Head: mr:285.2 mrr:18.51 hits:34.95
2020-05-15 13:52:32,611 INFO Tail: mr:130.0 mrr:37.32 hits:58.87
2020-05-15 13:52:32,611 INFO All: mr:207.6 mrr:27.92 hits:46.91
2020-05-15 13:52:32,624 INFO Improved and model saved
2020-05-15 13:54:22,386 INFO [109.8] Epoch 120: loss = 14.2515
2020-05-15 13:56:13,067 INFO [110.7] Epoch 121: loss = 14.2218
2020-05-15 13:58:03,256 INFO [110.2] Epoch 122: loss = 14.2706
2020-05-15 13:59:53,755 INFO [110.5] Epoch 123: loss = 14.2509
2020-05-15 14:01:44,401 INFO [110.6] Epoch 124: loss = 14.2294
2020-05-15 14:03:34,687 INFO [110.3] Epoch 125: loss = 14.2348
2020-05-15 14:05:25,261 INFO [110.6] Epoch 126: loss = 14.2134
2020-05-15 14:07:14,958 INFO [109.7] Epoch 127: loss = 14.2348
2020-05-15 14:09:05,616 INFO [110.7] Epoch 128: loss = 14.2328
2020-05-15 14:10:56,025 INFO [110.4] Epoch 129: loss = 14.1894
2020-05-15 14:10:56,026 INFO Start Evaling...
2020-05-15 14:13:27,449 INFO Head: mr:276.0 mrr:18.87 hits:35.34
2020-05-15 14:13:27,449 INFO Tail: mr:118.2 mrr:38.03 hits:59.56
2020-05-15 14:13:27,449 INFO All: mr:197.1 mrr:28.45 hits:47.45
2020-05-15 14:13:27,461 INFO Start Evaling...
2020-05-15 14:16:21,139 INFO Head: mr:287.6 mrr:18.48 hits:34.91
2020-05-15 14:16:21,139 INFO Tail: mr:130.2 mrr:37.17 hits:58.92
2020-05-15 14:16:21,139 INFO All: mr:208.9 mrr:27.82 hits:46.91
2020-05-15 14:16:21,153 INFO Improved and model saved
2020-05-15 14:18:11,531 INFO [110.4] Epoch 130: loss = 14.1912
2020-05-15 14:20:02,244 INFO [110.7] Epoch 131: loss = 14.1826
2020-05-15 14:21:53,935 INFO [111.7] Epoch 132: loss = 14.2044
2020-05-15 14:23:44,719 INFO [110.8] Epoch 133: loss = 14.2094
2020-05-15 14:25:35,265 INFO [110.5] Epoch 134: loss = 14.2074
2020-05-15 14:27:25,927 INFO [110.7] Epoch 135: loss = 14.1687
2020-05-15 14:29:16,553 INFO [110.6] Epoch 136: loss = 14.1605
2020-05-15 14:31:07,185 INFO [110.6] Epoch 137: loss = 14.1773
2020-05-15 14:32:57,486 INFO [110.3] Epoch 138: loss = 14.1472
2020-05-15 14:34:48,373 INFO [110.9] Epoch 139: loss = 14.1522
2020-05-15 14:34:48,373 INFO Start Evaling...
2020-05-15 14:37:20,457 INFO Head: mr:276.0 mrr:18.65 hits:35.04
2020-05-15 14:37:20,458 INFO Tail: mr:117.6 mrr:38.04 hits:59.41
2020-05-15 14:37:20,458 INFO All: mr:196.8 mrr:28.35 hits:47.23
2020-05-15 14:37:20,471 INFO Start Evaling...
2020-05-15 14:40:15,112 INFO Head: mr:288.8 mrr:18.57 hits:34.91
2020-05-15 14:40:15,112 INFO Tail: mr:129.9 mrr:37.16 hits:58.86
2020-05-15 14:40:15,113 INFO All: mr:209.3 mrr:27.86 hits:46.89
2020-05-15 14:40:15,127 INFO Declined in recent 1 epochs
2020-05-15 14:42:06,138 INFO [111.0] Epoch 140: loss = 14.1207
2020-05-15 14:43:56,582 INFO [110.4] Epoch 141: loss = 14.1182
2020-05-15 14:45:45,932 INFO [109.3] Epoch 142: loss = 14.1360
2020-05-15 14:47:35,212 INFO [109.3] Epoch 143: loss = 14.1438
2020-05-15 14:49:26,764 INFO [111.6] Epoch 144: loss = 14.1217
2020-05-15 14:51:17,355 INFO [110.6] Epoch 145: loss = 14.1392
2020-05-15 14:53:06,843 INFO [109.5] Epoch 146: loss = 14.1122
2020-05-15 14:54:56,228 INFO [109.4] Epoch 147: loss = 14.1271
2020-05-15 14:56:46,496 INFO [110.3] Epoch 148: loss = 14.0943
2020-05-15 14:58:37,112 INFO [110.6] Epoch 149: loss = 14.0983
2020-05-15 14:58:37,113 INFO Start Evaling...
2020-05-15 15:01:10,300 INFO Head: mr:276.6 mrr:18.73 hits:35.04
2020-05-15 15:01:10,300 INFO Tail: mr:119.0 mrr:37.89 hits:59.65
2020-05-15 15:01:10,300 INFO All: mr:197.8 mrr:28.31 hits:47.35
2020-05-15 15:01:10,313 INFO Start Evaling...
2020-05-15 15:04:06,531 INFO Head: mr:287.5 mrr:18.47 hits:34.64
2020-05-15 15:04:06,531 INFO Tail: mr:129.1 mrr:37.10 hits:58.68
2020-05-15 15:04:06,531 INFO All: mr:208.3 mrr:27.79 hits:46.66
2020-05-15 15:04:06,545 INFO Declined in recent 2 epochs
2020-05-15 15:05:58,061 INFO [111.5] Epoch 150: loss = 14.0980
2020-05-15 15:07:48,316 INFO [110.3] Epoch 151: loss = 14.0802
2020-05-15 15:09:38,063 INFO [109.7] Epoch 152: loss = 14.0856
2020-05-15 15:11:28,392 INFO [110.3] Epoch 153: loss = 14.0705
2020-05-15 15:13:19,483 INFO [111.1] Epoch 154: loss = 14.0567
2020-05-15 15:15:09,665 INFO [110.2] Epoch 155: loss = 14.0890
2020-05-15 15:16:59,305 INFO [109.6] Epoch 156: loss = 14.0593
2020-05-15 15:18:50,066 INFO [110.8] Epoch 157: loss = 14.0775
2020-05-15 15:20:40,490 INFO [110.4] Epoch 158: loss = 14.0343
2020-05-15 15:22:30,713 INFO [110.2] Epoch 159: loss = 14.0506
2020-05-15 15:22:30,713 INFO Start Evaling...
2020-05-15 15:25:02,290 INFO Head: mr:278.3 mrr:18.64 hits:35.23
2020-05-15 15:25:02,291 INFO Tail: mr:118.9 mrr:38.13 hits:59.62
2020-05-15 15:25:02,291 INFO All: mr:198.6 mrr:28.38 hits:47.43
2020-05-15 15:25:02,304 INFO Start Evaling...
2020-05-15 15:27:56,466 INFO Head: mr:287.4 mrr:18.63 hits:34.80
2020-05-15 15:27:56,466 INFO Tail: mr:128.8 mrr:37.31 hits:58.94
2020-05-15 15:27:56,466 INFO All: mr:208.1 mrr:27.97 hits:46.87
2020-05-15 15:27:56,481 INFO Declined in recent 3 epochs
2020-05-15 15:29:45,874 INFO [109.4] Epoch 160: loss = 14.0481
2020-05-15 15:31:36,643 INFO [110.8] Epoch 161: loss = 14.0565
2020-05-15 15:33:27,654 INFO [111.0] Epoch 162: loss = 14.0455
2020-05-15 15:35:19,407 INFO [111.8] Epoch 163: loss = 14.0280
2020-05-15 15:37:10,006 INFO [110.6] Epoch 164: loss = 14.0332
2020-05-15 15:39:00,833 INFO [110.8] Epoch 165: loss = 14.0109
2020-05-15 15:40:51,868 INFO [111.0] Epoch 166: loss = 14.0309
2020-05-15 15:42:42,752 INFO [110.9] Epoch 167: loss = 14.0252
2020-05-15 15:44:33,427 INFO [110.7] Epoch 168: loss = 14.0060
2020-05-15 15:46:24,397 INFO [111.0] Epoch 169: loss = 14.0166
2020-05-15 15:46:24,398 INFO Start Evaling...
2020-05-15 15:48:57,037 INFO Head: mr:276.6 mrr:18.80 hits:35.30
2020-05-15 15:48:57,037 INFO Tail: mr:119.0 mrr:38.35 hits:59.81
2020-05-15 15:48:57,037 INFO All: mr:197.8 mrr:28.57 hits:47.55
2020-05-15 15:48:57,050 INFO Start Evaling...
2020-05-15 15:51:51,418 INFO Head: mr:286.9 mrr:18.64 hits:34.88
2020-05-15 15:51:51,419 INFO Tail: mr:129.3 mrr:37.46 hits:59.06
2020-05-15 15:51:51,419 INFO All: mr:208.1 mrr:28.05 hits:46.97
2020-05-15 15:51:51,433 INFO Improved and model saved
2020-05-15 15:53:41,760 INFO [110.3] Epoch 170: loss = 13.9847
2020-05-15 15:55:32,696 INFO [110.9] Epoch 171: loss = 13.9968
2020-05-15 15:57:24,674 INFO [112.0] Epoch 172: loss = 13.9707
2020-05-15 15:59:15,655 INFO [111.0] Epoch 173: loss = 13.9881
2020-05-15 16:01:06,325 INFO [110.7] Epoch 174: loss = 13.9989
2020-05-15 16:02:57,527 INFO [111.2] Epoch 175: loss = 13.9798
2020-05-15 16:04:48,385 INFO [110.9] Epoch 176: loss = 13.9813
2020-05-15 16:06:39,188 INFO [110.8] Epoch 177: loss = 13.9720
2020-05-15 16:08:30,075 INFO [110.9] Epoch 178: loss = 13.9760
2020-05-15 16:10:20,640 INFO [110.6] Epoch 179: loss = 13.9464
2020-05-15 16:10:20,640 INFO Start Evaling...
2020-05-15 16:12:53,786 INFO Head: mr:278.5 mrr:18.68 hits:35.00
2020-05-15 16:12:53,787 INFO Tail: mr:118.0 mrr:38.16 hits:59.60
2020-05-15 16:12:53,787 INFO All: mr:198.3 mrr:28.42 hits:47.30
2020-05-15 16:12:53,800 INFO Start Evaling...
2020-05-15 16:15:50,290 INFO Head: mr:289.1 mrr:18.51 hits:34.72
2020-05-15 16:15:50,290 INFO Tail: mr:129.6 mrr:37.39 hits:59.06
2020-05-15 16:15:50,290 INFO All: mr:209.3 mrr:27.95 hits:46.89
2020-05-15 16:15:50,305 INFO Declined in recent 1 epochs
2020-05-15 16:17:40,769 INFO [110.5] Epoch 180: loss = 13.9688
2020-05-15 16:19:31,604 INFO [110.8] Epoch 181: loss = 13.9802
2020-05-15 16:21:22,573 INFO [111.0] Epoch 182: loss = 13.9534
2020-05-15 16:23:13,167 INFO [110.6] Epoch 183: loss = 13.9479
2020-05-15 16:25:03,508 INFO [110.3] Epoch 184: loss = 13.9436
2020-05-15 16:26:54,470 INFO [111.0] Epoch 185: loss = 13.9444
2020-05-15 16:28:45,184 INFO [110.7] Epoch 186: loss = 13.9282
2020-05-15 16:30:35,525 INFO [110.3] Epoch 187: loss = 13.9406
2020-05-15 16:32:25,073 INFO [109.5] Epoch 188: loss = 13.9148
2020-05-15 16:34:15,494 INFO [110.4] Epoch 189: loss = 13.9313
2020-05-15 16:34:15,494 INFO Start Evaling...
2020-05-15 16:36:47,597 INFO Head: mr:275.6 mrr:18.91 hits:35.43
2020-05-15 16:36:47,597 INFO Tail: mr:119.9 mrr:38.31 hits:59.61
2020-05-15 16:36:47,597 INFO All: mr:197.8 mrr:28.61 hits:47.52
2020-05-15 16:36:47,611 INFO Start Evaling...
2020-05-15 16:39:42,025 INFO Head: mr:286.8 mrr:18.58 hits:34.93
2020-05-15 16:39:42,025 INFO Tail: mr:129.8 mrr:37.12 hits:58.70
2020-05-15 16:39:42,025 INFO All: mr:208.3 mrr:27.85 hits:46.81
2020-05-15 16:39:42,040 INFO Improved and model saved
2020-05-15 16:41:32,215 INFO [110.2] Epoch 190: loss = 13.9292
2020-05-15 16:43:21,728 INFO [109.5] Epoch 191: loss = 13.9161
2020-05-15 16:45:11,154 INFO [109.4] Epoch 192: loss = 13.9064
2020-05-15 16:47:00,597 INFO [109.4] Epoch 193: loss = 13.9171
2020-05-15 16:48:49,910 INFO [109.3] Epoch 194: loss = 13.9181
2020-05-15 16:50:39,713 INFO [109.8] Epoch 195: loss = 13.9023
2020-05-15 16:52:29,295 INFO [109.6] Epoch 196: loss = 13.8891
2020-05-15 16:54:19,735 INFO [110.4] Epoch 197: loss = 13.8882
2020-05-15 16:56:10,150 INFO [110.4] Epoch 198: loss = 13.8623
2020-05-15 16:57:59,633 INFO [109.5] Epoch 199: loss = 13.9028
2020-05-15 16:57:59,634 INFO Start Evaling...
2020-05-15 17:00:32,734 INFO Head: mr:278.2 mrr:18.84 hits:35.08
2020-05-15 17:00:32,735 INFO Tail: mr:117.9 mrr:38.19 hits:59.75
2020-05-15 17:00:32,735 INFO All: mr:198.0 mrr:28.51 hits:47.42
2020-05-15 17:00:32,747 INFO Start Evaling...
2020-05-15 17:03:28,931 INFO Head: mr:289.1 mrr:18.67 hits:34.87
2020-05-15 17:03:28,931 INFO Tail: mr:128.1 mrr:37.60 hits:58.96
2020-05-15 17:03:28,931 INFO All: mr:208.6 mrr:28.13 hits:46.91
2020-05-15 17:03:28,944 INFO Declined in recent 1 epochs
2020-05-15 17:05:19,188 INFO [110.2] Epoch 200: loss = 13.8966
2020-05-15 17:07:10,111 INFO [110.9] Epoch 201: loss = 13.8778
2020-05-15 17:09:00,609 INFO [110.5] Epoch 202: loss = 13.8795
2020-05-15 17:10:50,332 INFO [109.7] Epoch 203: loss = 13.8741
2020-05-15 17:12:40,519 INFO [110.2] Epoch 204: loss = 13.8534
2020-05-15 17:14:30,452 INFO [109.9] Epoch 205: loss = 13.8473
2020-05-15 17:16:21,012 INFO [110.6] Epoch 206: loss = 13.8657
2020-05-15 17:18:10,612 INFO [109.6] Epoch 207: loss = 13.8535
2020-05-15 17:20:00,780 INFO [110.2] Epoch 208: loss = 13.8522
2020-05-15 17:21:51,260 INFO [110.5] Epoch 209: loss = 13.8459
2020-05-15 17:21:51,261 INFO Start Evaling...
2020-05-15 17:24:22,620 INFO Head: mr:276.8 mrr:18.84 hits:35.44
2020-05-15 17:24:22,620 INFO Tail: mr:117.5 mrr:38.12 hits:59.97
2020-05-15 17:24:22,620 INFO All: mr:197.1 mrr:28.48 hits:47.70
2020-05-15 17:24:22,632 INFO Start Evaling...
2020-05-15 17:27:16,292 INFO Head: mr:289.2 mrr:18.64 hits:34.87
2020-05-15 17:27:16,292 INFO Tail: mr:129.0 mrr:37.31 hits:59.10
2020-05-15 17:27:16,292 INFO All: mr:209.1 mrr:27.97 hits:46.98
2020-05-15 17:27:16,305 INFO Declined in recent 2 epochs
2020-05-15 17:29:06,256 INFO [110.0] Epoch 210: loss = 13.8529
2020-05-15 17:30:56,514 INFO [110.3] Epoch 211: loss = 13.8522
2020-05-15 17:32:46,280 INFO [109.8] Epoch 212: loss = 13.8508
2020-05-15 17:34:36,555 INFO [110.3] Epoch 213: loss = 13.8628
2020-05-15 17:36:25,734 INFO [109.2] Epoch 214: loss = 13.8293
2020-05-15 17:38:16,356 INFO [110.6] Epoch 215: loss = 13.8317
2020-05-15 17:40:06,695 INFO [110.3] Epoch 216: loss = 13.8262
2020-05-15 17:41:56,938 INFO [110.2] Epoch 217: loss = 13.8166
2020-05-15 17:43:46,337 INFO [109.4] Epoch 218: loss = 13.8080
2020-05-15 17:45:36,070 INFO [109.7] Epoch 219: loss = 13.8227
2020-05-15 17:45:36,071 INFO Start Evaling...
2020-05-15 17:48:09,076 INFO Head: mr:281.0 mrr:18.87 hits:34.99
2020-05-15 17:48:09,076 INFO Tail: mr:118.3 mrr:38.18 hits:59.60
2020-05-15 17:48:09,076 INFO All: mr:199.7 mrr:28.53 hits:47.30
2020-05-15 17:48:09,088 INFO Start Evaling...
2020-05-15 17:51:05,025 INFO Head: mr:288.6 mrr:18.60 hits:34.71
2020-05-15 17:51:05,025 INFO Tail: mr:129.8 mrr:37.33 hits:58.87
2020-05-15 17:51:05,025 INFO All: mr:209.2 mrr:27.96 hits:46.79
2020-05-15 17:51:05,038 INFO Declined in recent 3 epochs
2020-05-15 17:52:55,518 INFO [110.5] Epoch 220: loss = 13.8155
2020-05-15 17:54:45,032 INFO [109.5] Epoch 221: loss = 13.8154
2020-05-15 17:56:34,431 INFO [109.4] Epoch 222: loss = 13.8150
2020-05-15 17:58:23,826 INFO [109.4] Epoch 223: loss = 13.7992
2020-05-15 18:00:13,420 INFO [109.6] Epoch 224: loss = 13.7786
2020-05-15 18:02:04,489 INFO [111.1] Epoch 225: loss = 13.8054
2020-05-15 18:03:54,677 INFO [110.2] Epoch 226: loss = 13.8000
2020-05-15 18:05:44,267 INFO [109.6] Epoch 227: loss = 13.7845
2020-05-15 18:07:33,642 INFO [109.4] Epoch 228: loss = 13.7868
2020-05-15 18:09:23,292 INFO [109.6] Epoch 229: loss = 13.8104
2020-05-15 18:09:23,292 INFO Start Evaling...
2020-05-15 18:11:54,868 INFO Head: mr:278.4 mrr:19.00 hits:35.34
2020-05-15 18:11:54,868 INFO Tail: mr:119.3 mrr:38.20 hits:59.37
2020-05-15 18:11:54,868 INFO All: mr:198.9 mrr:28.60 hits:47.35
2020-05-15 18:11:54,880 INFO Start Evaling...
2020-05-15 18:14:48,954 INFO Head: mr:290.6 mrr:18.67 hits:34.89
2020-05-15 18:14:48,954 INFO Tail: mr:129.2 mrr:37.13 hits:58.93
2020-05-15 18:14:48,954 INFO All: mr:209.9 mrr:27.90 hits:46.91
2020-05-15 18:14:48,967 INFO Declined in recent 4 epochs
2020-05-15 18:16:39,684 INFO [110.7] Epoch 230: loss = 13.7710
2020-05-15 18:18:29,330 INFO [109.6] Epoch 231: loss = 13.7841
2020-05-15 18:20:18,489 INFO [109.2] Epoch 232: loss = 13.7743
2020-05-15 18:22:08,832 INFO [110.3] Epoch 233: loss = 13.7443
2020-05-15 18:24:00,173 INFO [111.3] Epoch 234: loss = 13.7656
2020-05-15 18:25:49,858 INFO [109.7] Epoch 235: loss = 13.7666
2020-05-15 18:27:39,625 INFO [109.8] Epoch 236: loss = 13.7641
2020-05-15 18:29:29,965 INFO [110.3] Epoch 237: loss = 13.7896
2020-05-15 18:31:20,307 INFO [110.3] Epoch 238: loss = 13.7892
2020-05-15 18:33:10,699 INFO [110.4] Epoch 239: loss = 13.7513
2020-05-15 18:33:10,700 INFO Start Evaling...
2020-05-15 18:35:44,812 INFO Head: mr:280.5 mrr:18.79 hits:35.13
2020-05-15 18:35:44,812 INFO Tail: mr:119.8 mrr:37.96 hits:59.74
2020-05-15 18:35:44,813 INFO All: mr:200.1 mrr:28.37 hits:47.44
2020-05-15 18:35:44,825 INFO Start Evaling...
2020-05-15 18:38:40,638 INFO Head: mr:290.9 mrr:18.68 hits:34.77
2020-05-15 18:38:40,638 INFO Tail: mr:130.9 mrr:37.16 hits:58.81
2020-05-15 18:38:40,638 INFO All: mr:210.9 mrr:27.92 hits:46.79
2020-05-15 18:38:40,651 INFO Declined in recent 5 epochs
2020-05-15 18:38:40,652 INFO Early stopping
2020-05-15 18:38:40,652 INFO Train done
2020-05-15 18:38:40,657 INFO Start Evaling...
2020-05-15 18:41:36,836 INFO Head: mr:286.8 mrr:18.58 hits:34.93
2020-05-15 18:41:36,836 INFO Tail: mr:129.8 mrr:37.12 hits:58.70
2020-05-15 18:41:36,837 INFO All: mr:208.3 mrr:27.85 hits:46.81
