2020-04-22 17:11:56,945 INFO EPOCH: 1000
2020-04-22 17:11:56,945 INFO EVERY: 10
2020-04-22 17:11:56,946 INFO LR: 0.001
2020-04-22 17:11:56,946 INFO DIM: 100
2020-04-22 17:11:56,946 INFO BATCH_SIZE: 256
2020-04-22 17:11:56,946 INFO BATCH_SIZE2: 256
2020-04-22 17:11:56,946 INFO P: 1
2020-04-22 17:11:56,946 INFO CLIPPING_MAX_VALUE: 4.0
2020-04-22 17:11:56,946 INFO OPTIM: Adam
2020-04-22 17:11:56,946 INFO N_SAMPLE: 100
2020-04-22 17:11:56,946 INFO MODE: grap
2020-04-22 17:11:56,946 INFO RATE: 0.1
2020-04-22 17:11:56,946 INFO GAMMA: 12.0
2020-04-22 17:11:56,946 INFO BERN: True
2020-04-22 17:11:56,946 INFO MARGIN: 4.0
2020-04-22 17:11:56,946 INFO REG: 1.0
2020-04-22 17:11:56,946 INFO LABEL_SMOOTH_EPS: 0.1
2020-04-22 17:11:56,946 INFO INPUT_DROP: 0.2
2020-04-22 17:11:56,946 INFO FEAT_DROP: 0.2
2020-04-22 17:11:56,947 INFO HIDD_DROP: 0.3
2020-04-22 17:11:56,947 INFO CHANNELS: 50
2020-04-22 17:11:56,947 INFO KERNEL_SIZE: 3
2020-04-22 17:11:56,947 INFO N_POOL: 100
2020-04-22 17:11:56,947 INFO MODEL_D: TransH
2020-04-22 17:11:56,947 INFO MODEL_G: DistMult
2020-04-22 17:11:56,947 INFO SCRATCH: False
2020-04-22 17:11:56,947 INFO D_FILE: None
2020-04-22 17:11:56,947 INFO G_FILE: None
2020-04-22 17:11:56,947 INFO PATH: data
2020-04-22 17:11:56,947 INFO DATA: FB15K237
2020-04-22 17:11:56,947 INFO EXP_PATH: experiment/FB15K237
2020-04-22 17:11:56,947 INFO MODEL: TransH
2020-04-22 17:11:56,947 INFO V: 3
2020-04-22 17:11:56,947 INFO F: True
2020-04-22 17:11:56,947 INFO EVAL: False
2020-04-22 17:11:56,947 INFO TRAINED: False
2020-04-22 17:11:56,948 INFO PRETRAINED_NAME: None
2020-04-22 17:11:56,948 INFO EXP_NAME: TransH-FB15K237-grap-3
2020-04-22 17:11:56,948 INFO --------------------------------------
2020-04-22 17:12:13,444 INFO Dataload done
2020-04-22 17:12:13,444 INFO --------------------------------------
2020-04-22 17:12:13,444 INFO N_ENTITY: 14541
2020-04-22 17:12:13,444 INFO N_RELATION: 237
2020-04-22 17:12:13,444 INFO --------------------------------------
2020-04-22 17:12:20,050 INFO Start Training...
2020-04-22 17:13:05,302 INFO [45.3] Epoch 0: loss = 202.2874
2020-04-22 17:13:57,808 INFO [52.5] Epoch 1: loss = 70.7229
2020-04-22 17:14:46,594 INFO [48.8] Epoch 2: loss = 46.5136
2020-04-22 17:15:36,670 INFO [50.1] Epoch 3: loss = 36.8936
2020-04-22 17:16:28,636 INFO [52.0] Epoch 4: loss = 31.9519
2020-04-22 17:17:21,492 INFO [52.9] Epoch 5: loss = 28.9592
2020-04-22 17:18:11,697 INFO [50.2] Epoch 6: loss = 27.1969
2020-04-22 17:19:05,745 INFO [54.0] Epoch 7: loss = 26.0012
2020-04-22 17:20:02,275 INFO [56.5] Epoch 8: loss = 25.0814
2020-04-22 17:20:59,629 INFO [57.4] Epoch 9: loss = 24.4088
2020-04-22 17:20:59,630 INFO Start Evaling...
2020-04-22 17:22:01,224 INFO Head: mr:320.0 mrr:16.70 hits:31.59
2020-04-22 17:22:01,225 INFO Tail: mr:140.7 mrr:34.79 hits:55.67
2020-04-22 17:22:01,225 INFO All: mr:230.4 mrr:25.75 hits:43.63
2020-04-22 17:22:01,233 INFO Start Evaling...
2020-04-22 17:23:07,885 INFO Head: mr:334.5 mrr:16.55 hits:31.05
2020-04-22 17:23:07,885 INFO Tail: mr:154.0 mrr:34.45 hits:55.00
2020-04-22 17:23:07,886 INFO All: mr:244.2 mrr:25.50 hits:43.02
2020-04-22 17:23:07,910 INFO Improved and model saved
2020-04-22 17:24:05,729 INFO [57.8] Epoch 10: loss = 23.9016
2020-04-22 17:25:00,568 INFO [54.8] Epoch 11: loss = 23.4666
2020-04-22 17:25:49,558 INFO [49.0] Epoch 12: loss = 23.1065
2020-04-22 17:26:39,250 INFO [49.7] Epoch 13: loss = 22.7312
2020-04-22 17:27:26,271 INFO [47.0] Epoch 14: loss = 22.4929
2020-04-22 17:28:14,343 INFO [48.1] Epoch 15: loss = 22.2326
2020-04-22 17:29:05,948 INFO [51.6] Epoch 16: loss = 22.0474
2020-04-22 17:29:54,310 INFO [48.4] Epoch 17: loss = 21.8905
2020-04-22 17:30:44,475 INFO [50.2] Epoch 18: loss = 21.7230
2020-04-22 17:31:35,706 INFO [51.2] Epoch 19: loss = 21.5636
2020-04-22 17:31:35,707 INFO Start Evaling...
2020-04-22 17:32:31,679 INFO Head: mr:299.6 mrr:17.68 hits:33.16
2020-04-22 17:32:31,679 INFO Tail: mr:126.2 mrr:35.78 hits:57.28
2020-04-22 17:32:31,679 INFO All: mr:212.9 mrr:26.73 hits:45.22
2020-04-22 17:32:31,688 INFO Start Evaling...
2020-04-22 17:33:37,337 INFO Head: mr:315.0 mrr:17.59 hits:32.89
2020-04-22 17:33:37,337 INFO Tail: mr:137.1 mrr:35.60 hits:56.60
2020-04-22 17:33:37,337 INFO All: mr:226.1 mrr:26.60 hits:44.75
2020-04-22 17:33:37,348 INFO Improved and model saved
2020-04-22 17:34:29,675 INFO [52.3] Epoch 20: loss = 21.4801
2020-04-22 17:35:22,198 INFO [52.5] Epoch 21: loss = 21.3558
2020-04-22 17:36:11,398 INFO [49.2] Epoch 22: loss = 21.2275
2020-04-22 17:37:03,743 INFO [52.3] Epoch 23: loss = 21.1437
2020-04-22 17:37:53,422 INFO [49.7] Epoch 24: loss = 21.0696
2020-04-22 17:38:41,551 INFO [48.1] Epoch 25: loss = 21.0057
2020-04-22 17:39:31,714 INFO [50.2] Epoch 26: loss = 20.9104
2020-04-22 17:40:20,389 INFO [48.7] Epoch 27: loss = 20.8312
2020-04-22 17:41:11,414 INFO [51.0] Epoch 28: loss = 20.7358
2020-04-22 17:42:04,378 INFO [53.0] Epoch 29: loss = 20.6719
2020-04-22 17:42:04,379 INFO Start Evaling...
2020-04-22 17:43:00,828 INFO Head: mr:291.1 mrr:18.06 hits:33.25
2020-04-22 17:43:00,829 INFO Tail: mr:122.5 mrr:36.36 hits:58.05
2020-04-22 17:43:00,829 INFO All: mr:206.8 mrr:27.21 hits:45.65
2020-04-22 17:43:00,844 INFO Start Evaling...
2020-04-22 17:44:07,704 INFO Head: mr:307.2 mrr:17.87 hits:33.61
2020-04-22 17:44:07,705 INFO Tail: mr:133.6 mrr:36.10 hits:57.43
2020-04-22 17:44:07,705 INFO All: mr:220.4 mrr:26.98 hits:45.52
2020-04-22 17:44:07,716 INFO Improved and model saved
2020-04-22 17:44:57,710 INFO [50.0] Epoch 30: loss = 20.6176
2020-04-22 17:45:51,152 INFO [53.4] Epoch 31: loss = 20.5300
2020-04-22 17:46:44,279 INFO [53.1] Epoch 32: loss = 20.5113
2020-04-22 17:47:40,615 INFO [56.3] Epoch 33: loss = 20.4843
2020-04-22 17:48:31,346 INFO [50.7] Epoch 34: loss = 20.4129
2020-04-22 17:49:23,958 INFO [52.6] Epoch 35: loss = 20.3807
2020-04-22 17:50:17,237 INFO [53.3] Epoch 36: loss = 20.2763
2020-04-22 17:51:05,995 INFO [48.8] Epoch 37: loss = 20.2690
2020-04-22 17:51:58,308 INFO [52.3] Epoch 38: loss = 20.2188
2020-04-22 17:52:49,051 INFO [50.7] Epoch 39: loss = 20.2091
2020-04-22 17:52:49,052 INFO Start Evaling...
2020-04-22 17:53:49,227 INFO Head: mr:289.5 mrr:18.41 hits:33.81
2020-04-22 17:53:49,228 INFO Tail: mr:122.1 mrr:36.82 hits:58.39
2020-04-22 17:53:49,228 INFO All: mr:205.8 mrr:27.62 hits:46.10
2020-04-22 17:53:49,237 INFO Start Evaling...
2020-04-22 17:54:55,693 INFO Head: mr:301.8 mrr:18.16 hits:33.80
2020-04-22 17:54:55,693 INFO Tail: mr:133.8 mrr:36.58 hits:57.82
2020-04-22 17:54:55,693 INFO All: mr:217.8 mrr:27.37 hits:45.81
2020-04-22 17:54:55,712 INFO Improved and model saved
2020-04-22 17:55:48,342 INFO [52.6] Epoch 40: loss = 20.1707
2020-04-22 17:56:40,801 INFO [52.5] Epoch 41: loss = 20.1390
2020-04-22 17:57:31,474 INFO [50.7] Epoch 42: loss = 20.1291
2020-04-22 17:58:27,076 INFO [55.6] Epoch 43: loss = 20.1271
2020-04-22 17:59:18,329 INFO [51.3] Epoch 44: loss = 20.0414
2020-04-22 18:00:06,357 INFO [48.0] Epoch 45: loss = 20.0646
2020-04-22 18:00:55,389 INFO [49.0] Epoch 46: loss = 19.9905
2020-04-22 18:01:43,342 INFO [48.0] Epoch 47: loss = 19.9334
2020-04-22 18:02:35,000 INFO [51.7] Epoch 48: loss = 19.9868
2020-04-22 18:03:26,769 INFO [51.8] Epoch 49: loss = 19.9002
2020-04-22 18:03:26,769 INFO Start Evaling...
2020-04-22 18:04:22,913 INFO Head: mr:285.2 mrr:18.56 hits:34.13
2020-04-22 18:04:22,914 INFO Tail: mr:122.2 mrr:37.08 hits:58.32
2020-04-22 18:04:22,914 INFO All: mr:203.7 mrr:27.82 hits:46.22
2020-04-22 18:04:22,933 INFO Start Evaling...
2020-04-22 18:05:30,608 INFO Head: mr:300.9 mrr:18.68 hits:34.02
2020-04-22 18:05:30,608 INFO Tail: mr:131.6 mrr:36.61 hits:57.96
2020-04-22 18:05:30,608 INFO All: mr:216.2 mrr:27.64 hits:45.99
2020-04-22 18:05:30,619 INFO Improved and model saved
2020-04-22 18:06:16,162 INFO [45.5] Epoch 50: loss = 19.8526
2020-04-22 18:07:06,885 INFO [50.7] Epoch 51: loss = 19.8706
2020-04-22 18:07:58,832 INFO [51.9] Epoch 52: loss = 19.8390
2020-04-22 18:08:49,678 INFO [50.8] Epoch 53: loss = 19.8151
