2020-04-22 17:13:33,794 INFO EPOCH: 1000
2020-04-22 17:13:33,794 INFO EVERY: 10
2020-04-22 17:13:33,794 INFO LR: 0.001
2020-04-22 17:13:33,794 INFO DIM: 100
2020-04-22 17:13:33,795 INFO BATCH_SIZE: 256
2020-04-22 17:13:33,795 INFO BATCH_SIZE2: 256
2020-04-22 17:13:33,795 INFO P: 1
2020-04-22 17:13:33,795 INFO CLIPPING_MAX_VALUE: 4.0
2020-04-22 17:13:33,795 INFO OPTIM: Adam
2020-04-22 17:13:33,795 INFO N_SAMPLE: 100
2020-04-22 17:13:33,795 INFO MODE: grap
2020-04-22 17:13:33,795 INFO RATE: 0.2
2020-04-22 17:13:33,795 INFO GAMMA: 12.0
2020-04-22 17:13:33,795 INFO BERN: True
2020-04-22 17:13:33,795 INFO MARGIN: 4.0
2020-04-22 17:13:33,795 INFO REG: 1.0
2020-04-22 17:13:33,795 INFO LABEL_SMOOTH_EPS: 0.1
2020-04-22 17:13:33,795 INFO INPUT_DROP: 0.2
2020-04-22 17:13:33,795 INFO FEAT_DROP: 0.2
2020-04-22 17:13:33,795 INFO HIDD_DROP: 0.3
2020-04-22 17:13:33,795 INFO CHANNELS: 50
2020-04-22 17:13:33,795 INFO KERNEL_SIZE: 3
2020-04-22 17:13:33,795 INFO N_POOL: 100
2020-04-22 17:13:33,796 INFO MODEL_D: TransH
2020-04-22 17:13:33,796 INFO MODEL_G: DistMult
2020-04-22 17:13:33,796 INFO SCRATCH: False
2020-04-22 17:13:33,796 INFO D_FILE: None
2020-04-22 17:13:33,796 INFO G_FILE: None
2020-04-22 17:13:33,796 INFO PATH: data
2020-04-22 17:13:33,796 INFO DATA: FB15K237
2020-04-22 17:13:33,796 INFO EXP_PATH: experiment/FB15K237
2020-04-22 17:13:33,796 INFO MODEL: TransH
2020-04-22 17:13:33,796 INFO V: 4
2020-04-22 17:13:33,796 INFO F: True
2020-04-22 17:13:33,796 INFO EVAL: False
2020-04-22 17:13:33,796 INFO TRAINED: False
2020-04-22 17:13:33,796 INFO PRETRAINED_NAME: None
2020-04-22 17:13:33,796 INFO EXP_NAME: TransH-FB15K237-grap-4
2020-04-22 17:13:33,796 INFO --------------------------------------
2020-04-22 17:13:53,935 INFO Dataload done
2020-04-22 17:13:53,935 INFO --------------------------------------
2020-04-22 17:13:53,935 INFO N_ENTITY: 14541
2020-04-22 17:13:53,935 INFO N_RELATION: 237
2020-04-22 17:13:53,935 INFO --------------------------------------
2020-04-22 17:14:00,421 INFO Start Training...
2020-04-22 17:14:50,523 INFO [50.1] Epoch 0: loss = 201.0109
2020-04-22 17:15:45,014 INFO [54.5] Epoch 1: loss = 72.5663
2020-04-22 17:16:35,782 INFO [50.8] Epoch 2: loss = 49.1506
2020-04-22 17:17:26,706 INFO [50.9] Epoch 3: loss = 39.9461
2020-04-22 17:18:21,169 INFO [54.5] Epoch 4: loss = 35.1485
2020-04-22 17:19:17,280 INFO [56.1] Epoch 5: loss = 32.1571
2020-04-22 17:20:11,509 INFO [54.2] Epoch 6: loss = 30.4506
2020-04-22 17:21:07,599 INFO [56.1] Epoch 7: loss = 29.1503
2020-04-22 17:21:58,617 INFO [51.0] Epoch 8: loss = 28.2559
2020-04-22 17:22:53,393 INFO [54.8] Epoch 9: loss = 27.5330
2020-04-22 17:22:53,393 INFO Start Evaling...
2020-04-22 17:23:51,977 INFO Head: mr:338.0 mrr:16.09 hits:30.46
2020-04-22 17:23:51,978 INFO Tail: mr:152.4 mrr:34.42 hits:54.50
2020-04-22 17:23:51,978 INFO All: mr:245.2 mrr:25.25 hits:42.48
2020-04-22 17:23:51,987 INFO Start Evaling...
2020-04-22 17:25:02,658 INFO Head: mr:349.2 mrr:16.02 hits:30.20
2020-04-22 17:25:02,658 INFO Tail: mr:164.7 mrr:33.88 hits:54.14
2020-04-22 17:25:02,659 INFO All: mr:256.9 mrr:24.95 hits:42.17
2020-04-22 17:25:02,671 INFO Improved and model saved
2020-04-22 17:25:53,067 INFO [50.4] Epoch 10: loss = 26.9571
