2020-05-20 00:21:31,588 INFO EPOCH: 1000
2020-05-20 00:21:31,589 INFO EVERY: 10
2020-05-20 00:21:31,589 INFO LR: 0.001
2020-05-20 00:21:31,589 INFO DIM: 100
2020-05-20 00:21:31,589 INFO BATCH_SIZE: 256
2020-05-20 00:21:31,589 INFO BATCH_SIZE2: 256
2020-05-20 00:21:31,589 INFO P: 1
2020-05-20 00:21:31,589 INFO CLIPPING_MAX_VALUE: 4.0
2020-05-20 00:21:31,589 INFO OPTIM: Adam
2020-05-20 00:21:31,589 INFO N_SAMPLE: 100
2020-05-20 00:21:31,589 INFO MODE: grap
2020-05-20 00:21:31,590 INFO RATE: 0.01
2020-05-20 00:21:31,590 INFO GAMMA: 12.0
2020-05-20 00:21:31,590 INFO BERN: True
2020-05-20 00:21:31,590 INFO MARGIN: 4.0
2020-05-20 00:21:31,590 INFO REG: 1.0
2020-05-20 00:21:31,590 INFO LABEL_SMOOTH_EPS: 0.1
2020-05-20 00:21:31,590 INFO INPUT_DROP: 0.2
2020-05-20 00:21:31,590 INFO FEAT_DROP: 0.2
2020-05-20 00:21:31,590 INFO HIDD_DROP: 0.3
2020-05-20 00:21:31,590 INFO CHANNELS: 50
2020-05-20 00:21:31,590 INFO KERNEL_SIZE: 3
2020-05-20 00:21:31,590 INFO N_POOL: 100
2020-05-20 00:21:31,591 INFO MODEL_D: TransH
2020-05-20 00:21:31,591 INFO MODEL_G: DistMult
2020-05-20 00:21:31,591 INFO SCRATCH: False
2020-05-20 00:21:31,591 INFO D_FILE: None
2020-05-20 00:21:31,591 INFO G_FILE: None
2020-05-20 00:21:31,591 INFO PATH: data
2020-05-20 00:21:31,591 INFO DATA: FB15K237
2020-05-20 00:21:31,591 INFO EXP_PATH: experiment/FB15K237
2020-05-20 00:21:31,591 INFO MODEL: TransH
2020-05-20 00:21:31,591 INFO V: 100.01
2020-05-20 00:21:31,591 INFO F: True
2020-05-20 00:21:31,592 INFO EVAL: False
2020-05-20 00:21:31,592 INFO TRAINED: False
2020-05-20 00:21:31,592 INFO PRETRAINED_NAME: None
2020-05-20 00:21:31,592 INFO EXP_NAME: TransH-FB15K237-grap-100.01
2020-05-20 00:21:31,592 INFO --------------------------------------
2020-05-20 00:21:56,593 INFO Dataload done
2020-05-20 00:21:56,593 INFO --------------------------------------
2020-05-20 00:21:56,593 INFO N_ENTITY: 14541
2020-05-20 00:21:56,593 INFO N_RELATION: 237
2020-05-20 00:21:56,593 INFO --------------------------------------
2020-05-20 00:22:00,023 INFO Start Training...
2020-05-20 00:24:47,931 INFO [167.9] Epoch 0: loss = 277.1622
2020-05-20 00:27:36,473 INFO [168.5] Epoch 1: loss = 188.2277
2020-05-20 00:30:25,104 INFO [168.6] Epoch 2: loss = 167.6456
2020-05-20 00:33:13,369 INFO [168.3] Epoch 3: loss = 155.3105
2020-05-20 00:36:01,543 INFO [168.2] Epoch 4: loss = 146.9106
2020-05-20 00:38:50,642 INFO [169.1] Epoch 5: loss = 140.9408
2020-05-20 00:41:37,671 INFO [167.0] Epoch 6: loss = 136.8987
2020-05-20 00:44:26,860 INFO [169.2] Epoch 7: loss = 134.0869
2020-05-20 00:47:15,725 INFO [168.9] Epoch 8: loss = 132.0134
2020-05-20 00:50:02,295 INFO [166.6] Epoch 9: loss = 130.5212
2020-05-20 00:50:02,295 INFO Start Evaling...
2020-05-20 00:52:41,255 INFO Head: mr:369.3 mrr:16.33 hits:30.99
2020-05-20 00:52:41,255 INFO Tail: mr:191.2 mrr:33.18 hits:53.89
2020-05-20 00:52:41,255 INFO All: mr:280.2 mrr:24.76 hits:42.44
2020-05-20 00:52:41,267 INFO Start Evaling...
2020-05-20 00:55:43,647 INFO Head: mr:372.8 mrr:16.15 hits:30.92
2020-05-20 00:55:43,648 INFO Tail: mr:197.4 mrr:32.14 hits:53.23
2020-05-20 00:55:43,648 INFO All: mr:285.1 mrr:24.15 hits:42.08
2020-05-20 00:55:43,660 INFO Improved and model saved
2020-05-20 00:58:32,600 INFO [168.9] Epoch 10: loss = 129.1252
