2020-03-31 10:02:07,339 INFO EPOCH: 1000
2020-03-31 10:02:07,339 INFO EVERY: 10
2020-03-31 10:02:07,339 INFO LR: 0.001
2020-03-31 10:02:07,339 INFO DIM: 100
2020-03-31 10:02:07,339 INFO BATCH_SIZE: 256
2020-03-31 10:02:07,339 INFO BATCH_SIZE2: 256
2020-03-31 10:02:07,339 INFO P: 1
2020-03-31 10:02:07,339 INFO CLIPPING_MAX_VALUE: 4.0
2020-03-31 10:02:07,339 INFO OPTIM: Adam
2020-03-31 10:02:07,339 INFO N_SAMPLE: 12
2020-03-31 10:02:07,339 INFO MODE: cach
2020-03-31 10:02:07,339 INFO GAMMA: 12.0
2020-03-31 10:02:07,339 INFO BERN: True
2020-03-31 10:02:07,340 INFO MARGIN: 4.0
2020-03-31 10:02:07,340 INFO REG: 1.0
2020-03-31 10:02:07,340 INFO LABEL_SMOOTH_EPS: 0.1
2020-03-31 10:02:07,340 INFO INPUT_DROP: 0.2
2020-03-31 10:02:07,340 INFO FEAT_DROP: 0.2
2020-03-31 10:02:07,340 INFO HIDD_DROP: 0.3
2020-03-31 10:02:07,340 INFO CHANNELS: 50
2020-03-31 10:02:07,340 INFO KERNEL_SIZE: 3
2020-03-31 10:02:07,340 INFO N_POOL: 100
2020-03-31 10:02:07,340 INFO MODEL_D: TransH
2020-03-31 10:02:07,340 INFO MODEL_G: DistMult
2020-03-31 10:02:07,340 INFO D_FILE: None
2020-03-31 10:02:07,340 INFO G_FILE: None
2020-03-31 10:02:07,340 INFO PATH: data
2020-03-31 10:02:07,340 INFO DATA: FB15K237
2020-03-31 10:02:07,340 INFO EXP_PATH: experiment/FB15K237
2020-03-31 10:02:07,340 INFO MODEL: TransH
2020-03-31 10:02:07,340 INFO V: 0
2020-03-31 10:02:07,340 INFO F: True
2020-03-31 10:02:07,341 INFO EVAL: False
2020-03-31 10:02:07,341 INFO TRAINED: False
2020-03-31 10:02:07,341 INFO PRETRAINED_NAME: None
2020-03-31 10:02:07,341 INFO EXP_NAME: TransH-FB15K237-cach-0
2020-03-31 10:02:07,341 INFO --------------------------------------
2020-03-31 10:02:12,714 INFO Dataload done
2020-03-31 10:02:12,714 INFO --------------------------------------
2020-03-31 10:02:12,714 INFO N_ENTITY: 14541
2020-03-31 10:02:12,714 INFO N_RELATION: 237
2020-03-31 10:02:12,714 INFO --------------------------------------
2020-03-31 10:02:15,264 INFO Start Training...
2020-03-31 10:03:05,898 INFO [50.6] Epoch 0: loss = 208.9941
2020-03-31 10:04:00,669 INFO [54.8] Epoch 1: loss = 147.9524
2020-03-31 10:04:50,525 INFO [49.9] Epoch 2: loss = 124.7682
2020-03-31 10:05:40,008 INFO [49.5] Epoch 3: loss = 109.8613
2020-03-31 10:06:37,261 INFO [57.3] Epoch 4: loss = 98.1545
2020-03-31 10:07:28,223 INFO [51.0] Epoch 5: loss = 89.9251
2020-03-31 10:08:23,581 INFO [55.4] Epoch 6: loss = 83.6511
2020-03-31 10:09:19,279 INFO [55.7] Epoch 7: loss = 78.8808
2020-03-31 10:10:05,127 INFO [45.8] Epoch 8: loss = 75.6601
2020-03-31 10:10:59,147 INFO [54.0] Epoch 9: loss = 73.1616
2020-03-31 10:10:59,148 INFO Start Evaling...
2020-03-31 10:11:32,585 INFO Head: mr:375.9 mrr:14.97 hits:28.95
2020-03-31 10:11:32,586 INFO Tail: mr:167.9 mrr:37.30 hits:56.77
2020-03-31 10:11:32,586 INFO All: mr:271.9 mrr:26.14 hits:42.86
2020-03-31 10:11:32,608 INFO Improved and model saved
2020-03-31 10:12:15,696 INFO [43.1] Epoch 10: loss = 71.3304
2020-03-31 10:13:04,069 INFO [48.4] Epoch 11: loss = 69.6728
2020-03-31 10:13:57,841 INFO [53.8] Epoch 12: loss = 68.2082
2020-03-31 10:14:53,000 INFO [55.2] Epoch 13: loss = 67.6774
2020-03-31 10:15:44,619 INFO [51.6] Epoch 14: loss = 66.7099
2020-03-31 10:16:29,569 INFO [44.9] Epoch 15: loss = 65.7051
2020-03-31 10:17:18,876 INFO [49.3] Epoch 16: loss = 65.0754
2020-03-31 10:18:06,394 INFO [47.5] Epoch 17: loss = 65.0514
2020-03-31 10:18:54,782 INFO [48.4] Epoch 18: loss = 64.0720
2020-03-31 10:19:50,278 INFO [55.5] Epoch 19: loss = 63.5930
2020-03-31 10:19:50,279 INFO Start Evaling...
2020-03-31 10:20:22,369 INFO Head: mr:336.6 mrr:16.29 hits:31.15
2020-03-31 10:20:22,370 INFO Tail: mr:143.8 mrr:39.21 hits:58.83
2020-03-31 10:20:22,370 INFO All: mr:240.2 mrr:27.75 hits:44.99
2020-03-31 10:20:22,400 INFO Improved and model saved
2020-03-31 10:21:04,547 INFO [42.1] Epoch 20: loss = 63.1910
2020-03-31 10:21:49,578 INFO [45.0] Epoch 21: loss = 62.9922
2020-03-31 10:22:40,094 INFO [50.5] Epoch 22: loss = 62.5607
2020-03-31 10:23:23,686 INFO [43.6] Epoch 23: loss = 62.0091
2020-03-31 10:24:13,472 INFO [49.8] Epoch 24: loss = 61.8465
2020-03-31 10:25:05,516 INFO [52.0] Epoch 25: loss = 61.6895
2020-03-31 10:26:03,244 INFO [57.7] Epoch 26: loss = 61.4447
2020-03-31 10:26:49,229 INFO [46.0] Epoch 27: loss = 61.4914
2020-03-31 10:27:49,172 INFO [59.9] Epoch 28: loss = 61.4173
2020-03-31 10:28:53,649 INFO [64.5] Epoch 29: loss = 60.8694
2020-03-31 10:28:53,650 INFO Start Evaling...
2020-03-31 10:29:25,693 INFO Head: mr:330.2 mrr:16.65 hits:31.95
2020-03-31 10:29:25,693 INFO Tail: mr:136.1 mrr:39.49 hits:59.28
2020-03-31 10:29:25,694 INFO All: mr:233.2 mrr:28.07 hits:45.62
2020-03-31 10:29:25,725 INFO Improved and model saved
2020-03-31 10:30:29,797 INFO [64.1] Epoch 30: loss = 61.0098
2020-03-31 10:31:21,946 INFO [52.1] Epoch 31: loss = 60.9100
2020-03-31 10:32:28,749 INFO [66.8] Epoch 32: loss = 60.3164
2020-03-31 10:33:23,617 INFO [54.9] Epoch 33: loss = 60.3177
2020-03-31 10:34:04,473 INFO [40.9] Epoch 34: loss = 60.3807
2020-03-31 10:35:06,598 INFO [62.1] Epoch 35: loss = 60.0981
2020-03-31 10:36:10,310 INFO [63.7] Epoch 36: loss = 59.8049
2020-03-31 10:37:18,251 INFO [67.9] Epoch 37: loss = 59.8498
2020-03-31 10:38:11,340 INFO [53.1] Epoch 38: loss = 59.6583
2020-03-31 10:39:20,838 INFO [69.5] Epoch 39: loss = 59.5015
2020-03-31 10:39:20,839 INFO Start Evaling...
2020-03-31 10:39:53,655 INFO Head: mr:324.7 mrr:16.61 hits:32.08
2020-03-31 10:39:53,656 INFO Tail: mr:135.4 mrr:39.99 hits:59.78
2020-03-31 10:39:53,656 INFO All: mr:230.0 mrr:28.30 hits:45.93
2020-03-31 10:39:53,686 INFO Improved and model saved
2020-03-31 10:40:51,278 INFO [57.6] Epoch 40: loss = 59.3039
2020-03-31 10:41:48,748 INFO [57.5] Epoch 41: loss = 59.2712
2020-03-31 10:42:51,928 INFO [63.2] Epoch 42: loss = 59.3148
2020-03-31 10:43:59,599 INFO [67.7] Epoch 43: loss = 59.3495
2020-03-31 10:45:05,351 INFO [65.8] Epoch 44: loss = 59.2159
2020-03-31 10:45:50,728 INFO [45.4] Epoch 45: loss = 59.2142
2020-03-31 10:46:57,682 INFO [67.0] Epoch 46: loss = 59.1185
2020-03-31 10:47:42,272 INFO [44.6] Epoch 47: loss = 58.7474
2020-03-31 10:48:34,233 INFO [52.0] Epoch 48: loss = 58.8503
2020-03-31 10:49:41,224 INFO [67.0] Epoch 49: loss = 59.0407
2020-03-31 10:49:41,224 INFO Start Evaling...
2020-03-31 10:50:13,884 INFO Head: mr:323.4 mrr:16.76 hits:31.71
2020-03-31 10:50:13,884 INFO Tail: mr:134.8 mrr:39.71 hits:59.55
2020-03-31 10:50:13,885 INFO All: mr:229.1 mrr:28.23 hits:45.63
2020-03-31 10:50:13,932 INFO Declined in recent 1 epochs
2020-03-31 10:51:22,597 INFO [68.7] Epoch 50: loss = 58.8310
2020-03-31 10:52:10,084 INFO [47.5] Epoch 51: loss = 58.6016
2020-03-31 10:53:13,764 INFO [63.7] Epoch 52: loss = 58.7186
2020-03-31 10:54:14,753 INFO [61.0] Epoch 53: loss = 58.3548
2020-03-31 10:55:06,377 INFO [51.6] Epoch 54: loss = 58.6158
2020-03-31 10:55:49,697 INFO [43.3] Epoch 55: loss = 58.4691
2020-03-31 10:56:32,843 INFO [43.1] Epoch 56: loss = 58.2549
2020-03-31 10:57:17,347 INFO [44.5] Epoch 57: loss = 58.3450
2020-03-31 10:58:12,821 INFO [55.5] Epoch 58: loss = 58.3459
2020-03-31 10:59:19,398 INFO [66.6] Epoch 59: loss = 58.3432
2020-03-31 10:59:19,399 INFO Start Evaling...
2020-03-31 10:59:57,312 INFO Head: mr:318.7 mrr:16.66 hits:32.07
2020-03-31 10:59:57,313 INFO Tail: mr:133.8 mrr:39.91 hits:60.11
2020-03-31 10:59:57,313 INFO All: mr:226.2 mrr:28.29 hits:46.09
2020-03-31 10:59:57,335 INFO Improved and model saved
2020-03-31 11:01:02,445 INFO [65.1] Epoch 60: loss = 58.2903
2020-03-31 11:02:02,682 INFO [60.2] Epoch 61: loss = 58.2149
2020-03-31 11:02:54,218 INFO [51.5] Epoch 62: loss = 58.0769
2020-03-31 11:03:53,234 INFO [59.0] Epoch 63: loss = 58.2225
2020-03-31 11:04:47,596 INFO [54.4] Epoch 64: loss = 57.8257
2020-03-31 11:05:44,128 INFO [56.5] Epoch 65: loss = 58.0540
2020-03-31 11:06:50,866 INFO [66.7] Epoch 66: loss = 57.7379
2020-03-31 11:07:52,653 INFO [61.8] Epoch 67: loss = 57.9603
2020-03-31 11:08:45,755 INFO [53.1] Epoch 68: loss = 57.9768
2020-03-31 11:09:36,571 INFO [50.8] Epoch 69: loss = 57.9013
2020-03-31 11:09:36,571 INFO Start Evaling...
2020-03-31 11:10:09,401 INFO Head: mr:323.6 mrr:16.53 hits:32.10
2020-03-31 11:10:09,402 INFO Tail: mr:131.8 mrr:40.29 hits:60.10
2020-03-31 11:10:09,402 INFO All: mr:227.7 mrr:28.41 hits:46.10
2020-03-31 11:10:09,434 INFO Improved and model saved
2020-03-31 11:10:49,644 INFO [40.2] Epoch 70: loss = 57.7485
2020-03-31 11:11:53,793 INFO [64.1] Epoch 71: loss = 57.6542
2020-03-31 11:12:52,926 INFO [59.1] Epoch 72: loss = 57.6392
2020-03-31 11:13:54,240 INFO [61.3] Epoch 73: loss = 57.3886
2020-03-31 11:14:56,306 INFO [62.1] Epoch 74: loss = 57.4657
2020-03-31 11:15:52,851 INFO [56.5] Epoch 75: loss = 57.5951
2020-03-31 11:16:55,262 INFO [62.4] Epoch 76: loss = 57.7459
2020-03-31 11:17:55,840 INFO [60.6] Epoch 77: loss = 57.5195
2020-03-31 11:18:49,538 INFO [53.7] Epoch 78: loss = 57.4167
2020-03-31 11:19:57,300 INFO [67.8] Epoch 79: loss = 57.4826
2020-03-31 11:19:57,301 INFO Start Evaling...
2020-03-31 11:20:30,261 INFO Head: mr:317.7 mrr:16.90 hits:32.43
2020-03-31 11:20:30,261 INFO Tail: mr:133.8 mrr:40.39 hits:60.18
2020-03-31 11:20:30,261 INFO All: mr:225.7 mrr:28.65 hits:46.30
2020-03-31 11:20:30,278 INFO Improved and model saved
2020-03-31 11:21:27,667 INFO [57.4] Epoch 80: loss = 57.5202
2020-03-31 11:22:26,788 INFO [59.1] Epoch 81: loss = 57.2799
2020-03-31 11:23:30,853 INFO [64.1] Epoch 82: loss = 57.2713
2020-03-31 11:24:13,974 INFO [43.1] Epoch 83: loss = 57.1388
2020-03-31 11:25:20,992 INFO [67.0] Epoch 84: loss = 57.2976
2020-03-31 11:26:17,116 INFO [56.1] Epoch 85: loss = 57.0561
2020-03-31 11:27:13,566 INFO [56.4] Epoch 86: loss = 57.5770
2020-03-31 11:28:16,178 INFO [62.6] Epoch 87: loss = 57.1554
2020-03-31 11:29:13,634 INFO [57.5] Epoch 88: loss = 57.0036
2020-03-31 11:30:06,652 INFO [53.0] Epoch 89: loss = 57.2750
2020-03-31 11:30:06,653 INFO Start Evaling...
2020-03-31 11:30:39,262 INFO Head: mr:318.9 mrr:16.88 hits:32.43
2020-03-31 11:30:39,265 INFO Tail: mr:132.2 mrr:40.44 hits:60.54
2020-03-31 11:30:39,267 INFO All: mr:225.5 mrr:28.66 hits:46.49
2020-03-31 11:30:39,286 INFO Improved and model saved
2020-03-31 11:31:24,672 INFO [45.4] Epoch 90: loss = 57.2765
2020-03-31 11:32:21,953 INFO [57.3] Epoch 91: loss = 57.4705
2020-03-31 11:33:20,439 INFO [58.5] Epoch 92: loss = 57.0741
2020-03-31 11:34:22,785 INFO [62.3] Epoch 93: loss = 56.8695
2020-03-31 11:35:29,124 INFO [66.3] Epoch 94: loss = 57.0576
2020-03-31 11:36:28,054 INFO [58.9] Epoch 95: loss = 57.3366
2020-03-31 11:37:26,629 INFO [58.6] Epoch 96: loss = 57.0236
2020-03-31 11:38:15,987 INFO [49.4] Epoch 97: loss = 56.8669
2020-03-31 11:39:21,142 INFO [65.2] Epoch 98: loss = 57.2353
2020-03-31 11:40:16,475 INFO [55.3] Epoch 99: loss = 56.8178
2020-03-31 11:40:16,476 INFO Start Evaling...
2020-03-31 11:40:48,027 INFO Head: mr:321.5 mrr:16.60 hits:31.86
2020-03-31 11:40:48,028 INFO Tail: mr:133.2 mrr:40.08 hits:60.22
2020-03-31 11:40:48,028 INFO All: mr:227.4 mrr:28.34 hits:46.04
2020-03-31 11:40:48,049 INFO Declined in recent 1 epochs
2020-03-31 11:41:51,981 INFO [63.9] Epoch 100: loss = 56.6858
2020-03-31 11:42:36,431 INFO [44.5] Epoch 101: loss = 56.5337
2020-03-31 11:43:26,629 INFO [50.2] Epoch 102: loss = 56.8148
2020-03-31 11:44:19,413 INFO [52.8] Epoch 103: loss = 56.7597
2020-03-31 11:45:25,585 INFO [66.2] Epoch 104: loss = 57.0359
2020-03-31 11:46:29,347 INFO [63.8] Epoch 105: loss = 56.5687
2020-03-31 11:47:22,423 INFO [53.1] Epoch 106: loss = 56.6413
2020-03-31 11:48:21,042 INFO [58.6] Epoch 107: loss = 56.7062
2020-03-31 11:49:21,778 INFO [60.7] Epoch 108: loss = 56.4980
2020-03-31 11:50:17,484 INFO [55.7] Epoch 109: loss = 56.6083
2020-03-31 11:50:17,485 INFO Start Evaling...
2020-03-31 11:50:50,189 INFO Head: mr:321.0 mrr:16.89 hits:32.56
2020-03-31 11:50:50,192 INFO Tail: mr:132.1 mrr:40.24 hits:60.42
2020-03-31 11:50:50,192 INFO All: mr:226.6 mrr:28.57 hits:46.49
2020-03-31 11:50:50,222 INFO Improved and model saved
2020-03-31 11:51:51,685 INFO [61.5] Epoch 110: loss = 56.9014
2020-03-31 11:52:36,823 INFO [45.1] Epoch 111: loss = 56.8924
2020-03-31 11:53:20,288 INFO [43.5] Epoch 112: loss = 56.9550
2020-03-31 11:54:15,975 INFO [55.7] Epoch 113: loss = 56.5528
2020-03-31 11:55:21,312 INFO [65.3] Epoch 114: loss = 56.5567
2020-03-31 11:56:26,431 INFO [65.1] Epoch 115: loss = 56.6482
2020-03-31 11:57:22,980 INFO [56.5] Epoch 116: loss = 56.5555
2020-03-31 11:58:28,399 INFO [65.4] Epoch 117: loss = 56.7532
2020-03-31 11:59:28,889 INFO [60.5] Epoch 118: loss = 56.7928
2020-03-31 12:00:30,295 INFO [61.4] Epoch 119: loss = 56.8891
2020-03-31 12:00:30,295 INFO Start Evaling...
2020-03-31 12:01:02,317 INFO Head: mr:319.5 mrr:16.91 hits:32.44
2020-03-31 12:01:02,317 INFO Tail: mr:132.9 mrr:40.22 hits:60.11
2020-03-31 12:01:02,318 INFO All: mr:226.2 mrr:28.57 hits:46.27
2020-03-31 12:01:02,357 INFO Declined in recent 1 epochs
2020-03-31 12:01:54,873 INFO [52.5] Epoch 120: loss = 56.6814
2020-03-31 12:02:39,036 INFO [44.2] Epoch 121: loss = 56.5137
2020-03-31 12:03:22,761 INFO [43.7] Epoch 122: loss = 56.3225
2020-03-31 12:04:12,030 INFO [49.3] Epoch 123: loss = 56.4451
2020-03-31 12:05:21,831 INFO [69.8] Epoch 124: loss = 56.6929
2020-03-31 12:06:33,882 INFO [72.0] Epoch 125: loss = 56.5190
2020-03-31 12:07:42,153 INFO [68.3] Epoch 126: loss = 56.4373
2020-03-31 12:08:34,260 INFO [52.1] Epoch 127: loss = 56.3940
2020-03-31 12:09:38,968 INFO [64.7] Epoch 128: loss = 56.3779
2020-03-31 12:10:39,750 INFO [60.8] Epoch 129: loss = 56.4578
2020-03-31 12:10:39,751 INFO Start Evaling...
2020-03-31 12:11:12,975 INFO Head: mr:321.5 mrr:16.63 hits:32.59
2020-03-31 12:11:12,976 INFO Tail: mr:133.8 mrr:40.40 hits:60.51
2020-03-31 12:11:12,978 INFO All: mr:227.6 mrr:28.51 hits:46.55
2020-03-31 12:11:13,005 INFO Improved and model saved
2020-03-31 12:11:56,861 INFO [43.8] Epoch 130: loss = 56.4590
2020-03-31 12:12:55,573 INFO [58.7] Epoch 131: loss = 56.4522
2020-03-31 12:14:04,942 INFO [69.4] Epoch 132: loss = 56.2664
2020-03-31 12:14:53,889 INFO [48.9] Epoch 133: loss = 56.5558
2020-03-31 12:15:42,595 INFO [48.7] Epoch 134: loss = 56.4019
2020-03-31 12:16:35,938 INFO [53.3] Epoch 135: loss = 56.4058
2020-03-31 12:17:27,263 INFO [51.3] Epoch 136: loss = 56.3247
2020-03-31 12:18:18,279 INFO [51.0] Epoch 137: loss = 56.1663
2020-03-31 12:19:27,657 INFO [69.4] Epoch 138: loss = 56.2473
2020-03-31 12:20:24,289 INFO [56.6] Epoch 139: loss = 56.2379
2020-03-31 12:20:24,289 INFO Start Evaling...
2020-03-31 12:20:55,948 INFO Head: mr:320.4 mrr:16.63 hits:31.95
2020-03-31 12:20:55,948 INFO Tail: mr:132.0 mrr:40.43 hits:60.83
2020-03-31 12:20:55,948 INFO All: mr:226.2 mrr:28.53 hits:46.39
2020-03-31 12:20:55,973 INFO Declined in recent 1 epochs
2020-03-31 12:21:52,372 INFO [56.4] Epoch 140: loss = 56.4915
2020-03-31 12:22:43,617 INFO [51.2] Epoch 141: loss = 56.2743
2020-03-31 12:23:49,744 INFO [66.1] Epoch 142: loss = 56.1051
2020-03-31 12:24:54,537 INFO [64.8] Epoch 143: loss = 56.2830
2020-03-31 12:25:58,289 INFO [63.8] Epoch 144: loss = 56.2335
2020-03-31 12:27:06,142 INFO [67.9] Epoch 145: loss = 56.2422
2020-03-31 12:27:52,409 INFO [46.3] Epoch 146: loss = 56.3500
2020-03-31 12:28:53,357 INFO [60.9] Epoch 147: loss = 55.8819
2020-03-31 12:30:03,442 INFO [70.1] Epoch 148: loss = 56.0571
2020-03-31 12:31:02,110 INFO [58.7] Epoch 149: loss = 56.2017
2020-03-31 12:31:02,110 INFO Start Evaling...
2020-03-31 12:31:35,963 INFO Head: mr:315.5 mrr:16.99 hits:32.50
2020-03-31 12:31:35,963 INFO Tail: mr:131.0 mrr:40.30 hits:60.75
2020-03-31 12:31:35,963 INFO All: mr:223.3 mrr:28.65 hits:46.62
2020-03-31 12:31:35,999 INFO Improved and model saved
2020-03-31 12:32:29,314 INFO [53.3] Epoch 150: loss = 56.0918
2020-03-31 12:33:37,444 INFO [68.1] Epoch 151: loss = 55.9937
2020-03-31 12:34:40,766 INFO [63.3] Epoch 152: loss = 56.2993
2020-03-31 12:35:30,159 INFO [49.4] Epoch 153: loss = 56.3116
2020-03-31 12:36:29,566 INFO [59.4] Epoch 154: loss = 56.1135
2020-03-31 12:37:38,794 INFO [69.2] Epoch 155: loss = 56.2349
2020-03-31 12:38:38,573 INFO [59.8] Epoch 156: loss = 56.3260
2020-03-31 12:39:24,344 INFO [45.8] Epoch 157: loss = 55.9472
2020-03-31 12:40:14,850 INFO [50.5] Epoch 158: loss = 56.0212
2020-03-31 12:41:25,149 INFO [70.3] Epoch 159: loss = 56.2680
2020-03-31 12:41:25,149 INFO Start Evaling...
2020-03-31 12:41:57,307 INFO Head: mr:317.3 mrr:17.01 hits:32.43
2020-03-31 12:41:57,307 INFO Tail: mr:135.7 mrr:40.16 hits:60.28
2020-03-31 12:41:57,308 INFO All: mr:226.5 mrr:28.58 hits:46.35
2020-03-31 12:41:57,340 INFO Declined in recent 1 epochs
2020-03-31 12:42:52,799 INFO [55.5] Epoch 160: loss = 56.3030
2020-03-31 12:43:55,164 INFO [62.4] Epoch 161: loss = 56.3576
2020-03-31 12:44:52,890 INFO [57.7] Epoch 162: loss = 56.3531
2020-03-31 12:45:41,730 INFO [48.8] Epoch 163: loss = 55.9082
2020-03-31 12:46:41,523 INFO [59.8] Epoch 164: loss = 56.0076
2020-03-31 12:47:40,916 INFO [59.4] Epoch 165: loss = 55.9500
2020-03-31 12:48:37,959 INFO [57.0] Epoch 166: loss = 55.7815
2020-03-31 12:49:31,354 INFO [53.4] Epoch 167: loss = 56.1179
2020-03-31 12:50:17,717 INFO [46.4] Epoch 168: loss = 55.9845
2020-03-31 12:51:07,689 INFO [50.0] Epoch 169: loss = 56.1487
2020-03-31 12:51:07,690 INFO Start Evaling...
2020-03-31 12:51:39,727 INFO Head: mr:317.7 mrr:16.97 hits:32.74
2020-03-31 12:51:39,727 INFO Tail: mr:133.1 mrr:40.36 hits:60.70
2020-03-31 12:51:39,727 INFO All: mr:225.4 mrr:28.67 hits:46.72
2020-03-31 12:51:39,756 INFO Improved and model saved
2020-03-31 12:52:47,419 INFO [67.7] Epoch 170: loss = 56.0774
2020-03-31 12:53:57,133 INFO [69.7] Epoch 171: loss = 55.8899
2020-03-31 12:54:52,771 INFO [55.6] Epoch 172: loss = 56.0501
2020-03-31 12:55:47,216 INFO [54.4] Epoch 173: loss = 55.9610
2020-03-31 12:56:41,665 INFO [54.4] Epoch 174: loss = 55.9025
2020-03-31 12:57:43,795 INFO [62.1] Epoch 175: loss = 55.9751
2020-03-31 12:58:48,927 INFO [65.1] Epoch 176: loss = 56.0727
2020-03-31 12:59:55,730 INFO [66.8] Epoch 177: loss = 56.0081
2020-03-31 13:00:45,101 INFO [49.4] Epoch 178: loss = 55.9414
2020-03-31 13:01:28,719 INFO [43.6] Epoch 179: loss = 55.9114
2020-03-31 13:01:28,720 INFO Start Evaling...
2020-03-31 13:02:00,969 INFO Head: mr:316.3 mrr:16.96 hits:32.70
2020-03-31 13:02:00,969 INFO Tail: mr:132.6 mrr:40.57 hits:60.70
2020-03-31 13:02:00,969 INFO All: mr:224.4 mrr:28.77 hits:46.70
2020-03-31 13:02:00,993 INFO Declined in recent 1 epochs
2020-03-31 13:03:07,477 INFO [66.5] Epoch 180: loss = 55.8706
2020-03-31 13:04:07,952 INFO [60.5] Epoch 181: loss = 56.1844
2020-03-31 13:05:16,182 INFO [68.2] Epoch 182: loss = 56.0208
2020-03-31 13:06:19,360 INFO [63.2] Epoch 183: loss = 55.8709
2020-03-31 13:07:26,989 INFO [67.6] Epoch 184: loss = 55.8525
2020-03-31 13:08:31,752 INFO [64.8] Epoch 185: loss = 56.1288
2020-03-31 13:09:23,229 INFO [51.5] Epoch 186: loss = 55.8580
2020-03-31 13:10:17,215 INFO [54.0] Epoch 187: loss = 55.7677
2020-03-31 13:11:09,766 INFO [52.6] Epoch 188: loss = 55.8680
2020-03-31 13:12:01,996 INFO [52.2] Epoch 189: loss = 55.9989
2020-03-31 13:12:01,997 INFO Start Evaling...
2020-03-31 13:12:35,056 INFO Head: mr:317.3 mrr:16.84 hits:32.46
2020-03-31 13:12:35,056 INFO Tail: mr:132.3 mrr:40.37 hits:60.64
2020-03-31 13:12:35,056 INFO All: mr:224.8 mrr:28.60 hits:46.55
2020-03-31 13:12:35,081 INFO Declined in recent 2 epochs
2020-03-31 13:13:25,904 INFO [50.8] Epoch 190: loss = 55.8609
2020-03-31 13:14:18,534 INFO [52.6] Epoch 191: loss = 55.6803
2020-03-31 13:15:15,519 INFO [57.0] Epoch 192: loss = 55.8966
2020-03-31 13:16:12,071 INFO [56.6] Epoch 193: loss = 55.8893
2020-03-31 13:17:02,166 INFO [50.1] Epoch 194: loss = 55.8292
2020-03-31 13:17:49,655 INFO [47.5] Epoch 195: loss = 55.8239
2020-03-31 13:18:40,891 INFO [51.2] Epoch 196: loss = 56.1784
2020-03-31 13:19:35,136 INFO [54.2] Epoch 197: loss = 55.7598
2020-03-31 13:20:30,717 INFO [55.6] Epoch 198: loss = 55.7501
2020-03-31 13:21:26,035 INFO [55.3] Epoch 199: loss = 55.6043
2020-03-31 13:21:26,036 INFO Start Evaling...
2020-03-31 13:21:58,467 INFO Head: mr:319.4 mrr:17.12 hits:32.49
2020-03-31 13:21:58,467 INFO Tail: mr:133.8 mrr:40.50 hits:60.51
2020-03-31 13:21:58,467 INFO All: mr:226.6 mrr:28.81 hits:46.50
2020-03-31 13:21:58,500 INFO Declined in recent 3 epochs
2020-03-31 13:22:43,465 INFO [45.0] Epoch 200: loss = 55.5478
2020-03-31 13:23:33,227 INFO [49.8] Epoch 201: loss = 55.5616
2020-03-31 13:24:22,090 INFO [48.9] Epoch 202: loss = 56.1369
2020-03-31 13:25:15,999 INFO [53.9] Epoch 203: loss = 55.7364
2020-03-31 13:26:07,935 INFO [51.9] Epoch 204: loss = 55.8579
2020-03-31 13:27:03,400 INFO [55.5] Epoch 205: loss = 55.8114
2020-03-31 13:27:55,077 INFO [51.7] Epoch 206: loss = 55.5714
2020-03-31 13:28:48,980 INFO [53.9] Epoch 207: loss = 55.8054
2020-03-31 13:29:42,610 INFO [53.6] Epoch 208: loss = 55.5730
2020-03-31 13:30:31,985 INFO [49.4] Epoch 209: loss = 55.8503
2020-03-31 13:30:31,986 INFO Start Evaling...
2020-03-31 13:31:07,525 INFO Head: mr:321.9 mrr:16.86 hits:32.19
2020-03-31 13:31:07,525 INFO Tail: mr:133.7 mrr:40.28 hits:60.59
2020-03-31 13:31:07,525 INFO All: mr:227.8 mrr:28.57 hits:46.39
2020-03-31 13:31:07,555 INFO Declined in recent 4 epochs
2020-03-31 13:31:57,773 INFO [50.2] Epoch 210: loss = 55.6589
2020-03-31 13:32:51,635 INFO [53.9] Epoch 211: loss = 55.8393
2020-03-31 13:33:44,156 INFO [52.5] Epoch 212: loss = 55.6842
2020-03-31 13:34:38,013 INFO [53.9] Epoch 213: loss = 55.4031
2020-03-31 13:35:30,629 INFO [52.6] Epoch 214: loss = 55.9983
2020-03-31 13:36:23,663 INFO [53.0] Epoch 215: loss = 55.6317
2020-03-31 13:37:13,322 INFO [49.7] Epoch 216: loss = 55.7174
2020-03-31 13:38:07,049 INFO [53.7] Epoch 217: loss = 55.7390
2020-03-31 13:38:56,717 INFO [49.7] Epoch 218: loss = 55.7089
2020-03-31 13:39:49,469 INFO [52.8] Epoch 219: loss = 55.6760
2020-03-31 13:39:49,470 INFO Start Evaling...
2020-03-31 13:40:24,414 INFO Head: mr:316.2 mrr:16.91 hits:32.19
2020-03-31 13:40:24,416 INFO Tail: mr:132.5 mrr:40.23 hits:60.65
2020-03-31 13:40:24,417 INFO All: mr:224.3 mrr:28.57 hits:46.42
2020-03-31 13:40:24,444 INFO Declined in recent 5 epochs
2020-03-31 13:40:24,445 INFO Early stopping
2020-03-31 13:40:24,445 INFO Train done
2020-03-31 13:40:24,451 INFO Start Evaling...
2020-03-31 13:41:02,193 INFO Head: mr:329.4 mrr:16.94 hits:32.63
2020-03-31 13:41:02,193 INFO Tail: mr:145.6 mrr:39.80 hits:59.82
2020-03-31 13:41:02,193 INFO All: mr:237.5 mrr:28.37 hits:46.22
