2020-05-19 02:13:27,427 INFO EPOCH: 1000
2020-05-19 02:13:27,427 INFO EVERY: 10
2020-05-19 02:13:27,427 INFO LR: 0.001
2020-05-19 02:13:27,427 INFO DIM: 100
2020-05-19 02:13:27,427 INFO BATCH_SIZE: 256
2020-05-19 02:13:27,427 INFO BATCH_SIZE2: 256
2020-05-19 02:13:27,427 INFO P: 1
2020-05-19 02:13:27,427 INFO CLIPPING_MAX_VALUE: 4.0
2020-05-19 02:13:27,427 INFO OPTIM: Adam
2020-05-19 02:13:27,428 INFO N_SAMPLE: 12
2020-05-19 02:13:27,428 INFO MODE: grap
2020-05-19 02:13:27,428 INFO RATE: 0.01
2020-05-19 02:13:27,428 INFO GAMMA: 12.0
2020-05-19 02:13:27,428 INFO BERN: True
2020-05-19 02:13:27,428 INFO MARGIN: 4.0
2020-05-19 02:13:27,428 INFO REG: 1.0
2020-05-19 02:13:27,428 INFO LABEL_SMOOTH_EPS: 0.1
2020-05-19 02:13:27,428 INFO INPUT_DROP: 0.2
2020-05-19 02:13:27,428 INFO FEAT_DROP: 0.2
2020-05-19 02:13:27,428 INFO HIDD_DROP: 0.3
2020-05-19 02:13:27,428 INFO CHANNELS: 50
2020-05-19 02:13:27,429 INFO KERNEL_SIZE: 3
2020-05-19 02:13:27,429 INFO N_POOL: 100
2020-05-19 02:13:27,429 INFO MODEL_D: TransH
2020-05-19 02:13:27,429 INFO MODEL_G: DistMult
2020-05-19 02:13:27,429 INFO SCRATCH: False
2020-05-19 02:13:27,429 INFO D_FILE: None
2020-05-19 02:13:27,429 INFO G_FILE: None
2020-05-19 02:13:27,429 INFO PATH: data
2020-05-19 02:13:27,429 INFO DATA: FB15K237
2020-05-19 02:13:27,429 INFO EXP_PATH: experiment/FB15K237
2020-05-19 02:13:27,429 INFO MODEL: TransH
2020-05-19 02:13:27,429 INFO V: 12.01
2020-05-19 02:13:27,430 INFO F: True
2020-05-19 02:13:27,430 INFO EVAL: False
2020-05-19 02:13:27,430 INFO TRAINED: False
2020-05-19 02:13:27,430 INFO PRETRAINED_NAME: None
2020-05-19 02:13:27,430 INFO EXP_NAME: TransH-FB15K237-grap-12.01
2020-05-19 02:13:27,430 INFO --------------------------------------
2020-05-19 02:14:23,493 INFO Dataload done
2020-05-19 02:14:23,493 INFO --------------------------------------
2020-05-19 02:14:23,493 INFO N_ENTITY: 14541
2020-05-19 02:14:23,494 INFO N_RELATION: 237
2020-05-19 02:14:23,494 INFO --------------------------------------
2020-05-19 02:14:26,965 INFO Start Training...
2020-05-19 02:17:55,009 INFO [208.0] Epoch 0: loss = 209.4411
2020-05-19 02:21:32,890 INFO [217.9] Epoch 1: loss = 75.6703
2020-05-19 02:25:01,418 INFO [208.5] Epoch 2: loss = 47.3606
2020-05-19 02:28:33,653 INFO [212.2] Epoch 3: loss = 36.3402
2020-05-19 02:32:02,049 INFO [208.4] Epoch 4: loss = 30.5392
2020-05-19 02:35:34,538 INFO [212.5] Epoch 5: loss = 27.0170
2020-05-19 02:39:03,062 INFO [208.5] Epoch 6: loss = 24.6799
2020-05-19 02:42:36,769 INFO [213.7] Epoch 7: loss = 23.1703
2020-05-19 02:46:05,580 INFO [208.8] Epoch 8: loss = 22.0439
2020-05-19 02:49:37,912 INFO [212.3] Epoch 9: loss = 21.3171
2020-05-19 02:49:37,913 INFO Start Evaling...
2020-05-19 02:52:15,505 INFO Head: mr:329.2 mrr:15.50 hits:29.86
2020-05-19 02:52:15,505 INFO Tail: mr:147.9 mrr:34.01 hits:54.76
2020-05-19 02:52:15,506 INFO All: mr:238.5 mrr:24.76 hits:42.31
2020-05-19 02:52:15,517 INFO Start Evaling...
2020-05-19 02:55:16,381 INFO Head: mr:342.4 mrr:15.37 hits:29.56
2020-05-19 02:55:16,381 INFO Tail: mr:155.6 mrr:33.15 hits:53.78
2020-05-19 02:55:16,381 INFO All: mr:249.0 mrr:24.26 hits:41.67
2020-05-19 02:55:16,394 INFO Improved and model saved
2020-05-19 02:58:44,909 INFO [208.5] Epoch 10: loss = 20.6379
2020-05-19 03:02:18,301 INFO [213.4] Epoch 11: loss = 20.0915
2020-05-19 03:05:46,448 INFO [208.1] Epoch 12: loss = 19.6374
2020-05-19 03:09:14,937 INFO [208.5] Epoch 13: loss = 19.2891
2020-05-19 03:12:47,085 INFO [212.1] Epoch 14: loss = 18.9146
2020-05-19 03:16:20,486 INFO [213.4] Epoch 15: loss = 18.7500
2020-05-19 03:19:53,048 INFO [212.6] Epoch 16: loss = 18.5468
2020-05-19 03:23:21,379 INFO [208.3] Epoch 17: loss = 18.3168
2020-05-19 03:26:49,640 INFO [208.3] Epoch 18: loss = 18.1262
2020-05-19 03:30:21,863 INFO [212.2] Epoch 19: loss = 17.9313
2020-05-19 03:30:21,864 INFO Start Evaling...
2020-05-19 03:33:00,781 INFO Head: mr:299.7 mrr:17.07 hits:32.69
2020-05-19 03:33:00,781 INFO Tail: mr:125.5 mrr:35.42 hits:56.93
2020-05-19 03:33:00,781 INFO All: mr:212.6 mrr:26.24 hits:44.81
2020-05-19 03:33:00,794 INFO Start Evaling...
2020-05-19 03:36:03,363 INFO Head: mr:317.4 mrr:17.08 hits:32.30
2020-05-19 03:36:03,364 INFO Tail: mr:138.4 mrr:35.02 hits:56.07
2020-05-19 03:36:03,364 INFO All: mr:227.9 mrr:26.05 hits:44.19
2020-05-19 03:36:03,377 INFO Improved and model saved
