2020-05-21 20:06:10,100 INFO EPOCH: 1000
2020-05-21 20:06:10,100 INFO EVERY: 10
2020-05-21 20:06:10,101 INFO LR: 0.001
2020-05-21 20:06:10,101 INFO DIM: 100
2020-05-21 20:06:10,101 INFO BATCH_SIZE: 256
2020-05-21 20:06:10,101 INFO BATCH_SIZE2: 256
2020-05-21 20:06:10,101 INFO P: 1
2020-05-21 20:06:10,101 INFO CLIPPING_MAX_VALUE: 4.0
2020-05-21 20:06:10,101 INFO OPTIM: Adam
2020-05-21 20:06:10,101 INFO N_SAMPLE: 12
2020-05-21 20:06:10,101 INFO MODE: cach
2020-05-21 20:06:10,101 INFO RATE: 0.1
2020-05-21 20:06:10,101 INFO GAMMA: 12.0
2020-05-21 20:06:10,101 INFO BERN: True
2020-05-21 20:06:10,102 INFO MARGIN: 4.0
2020-05-21 20:06:10,102 INFO REG: 1.0
2020-05-21 20:06:10,102 INFO LABEL_SMOOTH_EPS: 0.1
2020-05-21 20:06:10,102 INFO INPUT_DROP: 0.2
2020-05-21 20:06:10,102 INFO FEAT_DROP: 0.2
2020-05-21 20:06:10,102 INFO HIDD_DROP: 0.3
2020-05-21 20:06:10,102 INFO CHANNELS: 50
2020-05-21 20:06:10,102 INFO KERNEL_SIZE: 3
2020-05-21 20:06:10,102 INFO N_POOL: 100
2020-05-21 20:06:10,102 INFO MODEL_D: TransH
2020-05-21 20:06:10,102 INFO MODEL_G: DistMult
2020-05-21 20:06:10,102 INFO SCRATCH: False
2020-05-21 20:06:10,103 INFO D_FILE: None
2020-05-21 20:06:10,103 INFO G_FILE: None
2020-05-21 20:06:10,103 INFO PATH: data
2020-05-21 20:06:10,103 INFO DATA: FB15K237
2020-05-21 20:06:10,103 INFO EXP_PATH: experiment/FB15K237
2020-05-21 20:06:10,103 INFO MODEL: TransH
2020-05-21 20:06:10,103 INFO V: 522.0
2020-05-21 20:06:10,103 INFO F: True
2020-05-21 20:06:10,103 INFO ADV: True
2020-05-21 20:06:10,103 INFO EVAL: False
2020-05-21 20:06:10,103 INFO TRAINED: False
2020-05-21 20:06:10,104 INFO PRETRAINED_NAME: None
2020-05-21 20:06:10,104 INFO EXP_NAME: TransH-FB15K237-cach-522.0
2020-05-21 20:06:10,104 INFO --------------------------------------
2020-05-21 20:06:18,184 INFO Dataload done
2020-05-21 20:06:18,184 INFO --------------------------------------
2020-05-21 20:06:18,184 INFO N_ENTITY: 14541
2020-05-21 20:06:18,184 INFO N_RELATION: 237
2020-05-21 20:06:18,184 INFO --------------------------------------
2020-05-21 20:06:21,615 INFO Start Training...
2020-05-21 20:06:56,226 INFO [34.6] Epoch 0: loss = 269.0244
2020-05-21 20:07:31,249 INFO [35.0] Epoch 1: loss = 211.3073
2020-05-21 20:08:06,110 INFO [34.9] Epoch 2: loss = 186.7524
2020-05-21 20:08:41,059 INFO [34.9] Epoch 3: loss = 173.5908
2020-05-21 20:09:15,353 INFO [34.3] Epoch 4: loss = 160.6913
2020-05-21 20:09:50,371 INFO [35.0] Epoch 5: loss = 151.8628
2020-05-21 20:10:25,336 INFO [35.0] Epoch 6: loss = 143.3199
2020-05-21 20:11:00,324 INFO [35.0] Epoch 7: loss = 137.1862
2020-05-21 20:11:35,315 INFO [35.0] Epoch 8: loss = 132.3383
2020-05-21 20:12:09,761 INFO [34.4] Epoch 9: loss = 128.2299
2020-05-21 20:12:09,762 INFO Start Evaling...
2020-05-21 20:14:50,010 INFO Head: mr:421.0 mrr:13.75 hits10:26.71 hits3:14.46 hits1:7.28
2020-05-21 20:14:50,010 INFO Tail: mr:198.4 mrr:36.39 hits10:56.28 hits3:40.23 hits1:26.66
2020-05-21 20:14:50,010 INFO All: mr:309.7 mrr:25.07 hits10:41.49 hits3:27.35 hits1:16.97
2020-05-21 20:14:50,022 INFO Start Evaling...
2020-05-21 20:17:54,193 INFO Head: mr:426.1 mrr:13.65 hits10:26.65 hits3:14.47 hits1:7.07
2020-05-21 20:17:54,193 INFO Tail: mr:203.4 mrr:35.98 hits10:55.88 hits3:40.29 hits1:26.09
2020-05-21 20:17:54,193 INFO All: mr:314.7 mrr:24.81 hits10:41.27 hits3:27.38 hits1:16.58
2020-05-21 20:17:54,207 INFO Improved and model saved
2020-05-21 20:18:29,347 INFO [35.1] Epoch 10: loss = 124.9176
2020-05-21 20:19:04,422 INFO [35.1] Epoch 11: loss = 122.8426
2020-05-21 20:19:39,683 INFO [35.3] Epoch 12: loss = 120.5301
2020-05-21 20:20:14,908 INFO [35.2] Epoch 13: loss = 119.1353
2020-05-21 20:20:49,433 INFO [34.5] Epoch 14: loss = 117.2305
2020-05-21 20:21:24,671 INFO [35.2] Epoch 15: loss = 115.6865
2020-05-21 20:21:59,947 INFO [35.3] Epoch 16: loss = 114.2497
2020-05-21 20:22:35,253 INFO [35.3] Epoch 17: loss = 113.1378
2020-05-21 20:23:09,884 INFO [34.6] Epoch 18: loss = 112.8778
2020-05-21 20:23:45,065 INFO [35.2] Epoch 19: loss = 111.9665
2020-05-21 20:23:45,066 INFO Start Evaling...
2020-05-21 20:26:25,111 INFO Head: mr:361.0 mrr:14.94 hits10:29.09 hits3:16.12 hits1:8.01
2020-05-21 20:26:25,112 INFO Tail: mr:158.2 mrr:38.22 hits10:58.36 hits3:42.49 hits1:28.26
2020-05-21 20:26:25,112 INFO All: mr:259.6 mrr:26.58 hits10:43.73 hits3:29.30 hits1:18.14
2020-05-21 20:26:25,125 INFO Start Evaling...
2020-05-21 20:29:29,074 INFO Head: mr:367.5 mrr:14.79 hits10:28.84 hits3:15.89 hits1:7.83
2020-05-21 20:29:29,074 INFO Tail: mr:168.2 mrr:37.80 hits10:58.14 hits3:41.95 hits1:27.82
2020-05-21 20:29:29,074 INFO All: mr:267.8 mrr:26.29 hits10:43.49 hits3:28.92 hits1:17.82
2020-05-21 20:29:29,088 INFO Improved and model saved
2020-05-21 20:30:04,271 INFO [35.2] Epoch 20: loss = 110.9996
2020-05-21 20:30:39,506 INFO [35.2] Epoch 21: loss = 110.7431
2020-05-21 20:31:14,799 INFO [35.3] Epoch 22: loss = 109.5095
2020-05-21 20:31:49,403 INFO [34.6] Epoch 23: loss = 109.2465
2020-05-21 20:32:24,606 INFO [35.2] Epoch 24: loss = 109.2958
2020-05-21 20:32:59,882 INFO [35.3] Epoch 25: loss = 108.8257
2020-05-21 20:33:35,238 INFO [35.4] Epoch 26: loss = 108.3890
2020-05-21 20:34:09,869 INFO [34.6] Epoch 27: loss = 107.5349
2020-05-21 20:34:45,159 INFO [35.3] Epoch 28: loss = 107.4313
2020-05-21 20:35:20,460 INFO [35.3] Epoch 29: loss = 107.0557
2020-05-21 20:35:20,460 INFO Start Evaling...
2020-05-21 20:38:01,012 INFO Head: mr:349.6 mrr:15.04 hits10:29.67 hits3:16.13 hits1:7.88
2020-05-21 20:38:01,012 INFO Tail: mr:146.5 mrr:38.70 hits10:59.09 hits3:42.87 hits1:28.60
2020-05-21 20:38:01,012 INFO All: mr:248.1 mrr:26.87 hits10:44.38 hits3:29.50 hits1:18.24
2020-05-21 20:38:01,027 INFO Start Evaling...
2020-05-21 20:41:05,463 INFO Head: mr:351.5 mrr:14.60 hits10:29.09 hits3:15.58 hits1:7.64
2020-05-21 20:41:05,463 INFO Tail: mr:159.2 mrr:38.15 hits10:58.62 hits3:42.70 hits1:27.91
2020-05-21 20:41:05,463 INFO All: mr:255.3 mrr:26.38 hits10:43.86 hits3:29.14 hits1:17.78
2020-05-21 20:41:05,479 INFO Improved and model saved
2020-05-21 20:41:40,852 INFO [35.4] Epoch 30: loss = 106.2407
2020-05-21 20:42:15,489 INFO [34.6] Epoch 31: loss = 106.2916
2020-05-21 20:42:50,815 INFO [35.3] Epoch 32: loss = 105.9175
2020-05-21 20:43:26,072 INFO [35.3] Epoch 33: loss = 106.0361
2020-05-21 20:44:01,430 INFO [35.4] Epoch 34: loss = 105.4303
2020-05-21 20:44:36,801 INFO [35.4] Epoch 35: loss = 105.6156
2020-05-21 20:45:11,527 INFO [34.7] Epoch 36: loss = 104.8035
2020-05-21 20:45:46,875 INFO [35.3] Epoch 37: loss = 104.9526
2020-05-21 20:46:22,190 INFO [35.3] Epoch 38: loss = 104.8581
2020-05-21 20:46:57,557 INFO [35.4] Epoch 39: loss = 104.3166
2020-05-21 20:46:57,557 INFO Start Evaling...
2020-05-21 20:49:37,214 INFO Head: mr:347.1 mrr:15.27 hits10:29.99 hits3:16.20 hits1:8.13
2020-05-21 20:49:37,214 INFO Tail: mr:141.2 mrr:39.18 hits10:59.51 hits3:43.48 hits1:29.10
2020-05-21 20:49:37,214 INFO All: mr:244.1 mrr:27.22 hits10:44.75 hits3:29.84 hits1:18.61
2020-05-21 20:49:37,229 INFO Start Evaling...
2020-05-21 20:52:39,842 INFO Head: mr:352.2 mrr:15.05 hits10:29.64 hits3:15.88 hits1:8.04
2020-05-21 20:52:39,842 INFO Tail: mr:152.9 mrr:38.61 hits10:59.12 hits3:43.04 hits1:28.38
2020-05-21 20:52:39,842 INFO All: mr:252.6 mrr:26.83 hits10:44.38 hits3:29.46 hits1:18.21
2020-05-21 20:52:39,858 INFO Improved and model saved
2020-05-21 20:53:14,340 INFO [34.5] Epoch 40: loss = 104.6057
2020-05-21 20:53:49,472 INFO [35.1] Epoch 41: loss = 103.8594
2020-05-21 20:54:24,667 INFO [35.2] Epoch 42: loss = 104.1210
2020-05-21 20:54:59,848 INFO [35.2] Epoch 43: loss = 103.9248
2020-05-21 20:55:35,161 INFO [35.3] Epoch 44: loss = 104.0863
2020-05-21 20:56:09,745 INFO [34.6] Epoch 45: loss = 103.4697
2020-05-21 20:56:44,929 INFO [35.2] Epoch 46: loss = 103.6670
2020-05-21 20:57:20,143 INFO [35.2] Epoch 47: loss = 103.7579
2020-05-21 20:57:55,359 INFO [35.2] Epoch 48: loss = 103.3163
2020-05-21 20:58:29,869 INFO [34.5] Epoch 49: loss = 103.2483
2020-05-21 20:58:29,869 INFO Start Evaling...
2020-05-21 21:01:10,323 INFO Head: mr:343.7 mrr:15.30 hits10:30.44 hits3:16.33 hits1:8.02
2020-05-21 21:01:10,323 INFO Tail: mr:137.2 mrr:39.32 hits10:59.60 hits3:43.78 hits1:29.20
2020-05-21 21:01:10,323 INFO All: mr:240.4 mrr:27.31 hits10:45.02 hits3:30.06 hits1:18.61
2020-05-21 21:01:10,336 INFO Start Evaling...
2020-05-21 21:04:12,807 INFO Head: mr:350.0 mrr:15.08 hits10:29.95 hits3:16.20 hits1:7.94
2020-05-21 21:04:12,807 INFO Tail: mr:149.1 mrr:38.81 hits10:59.20 hits3:43.14 hits1:28.71
2020-05-21 21:04:12,807 INFO All: mr:249.6 mrr:26.94 hits10:44.57 hits3:29.67 hits1:18.32
2020-05-21 21:04:12,821 INFO Improved and model saved
2020-05-21 21:04:47,999 INFO [35.2] Epoch 50: loss = 103.3397
2020-05-21 21:05:23,240 INFO [35.2] Epoch 51: loss = 102.6767
2020-05-21 21:05:58,500 INFO [35.3] Epoch 52: loss = 102.8037
2020-05-21 21:06:33,824 INFO [35.3] Epoch 53: loss = 102.9197
2020-05-21 21:07:08,442 INFO [34.6] Epoch 54: loss = 102.9933
2020-05-21 21:07:43,755 INFO [35.3] Epoch 55: loss = 102.3374
2020-05-21 21:08:19,031 INFO [35.3] Epoch 56: loss = 102.6254
2020-05-21 21:08:54,351 INFO [35.3] Epoch 57: loss = 102.1978
2020-05-21 21:09:28,972 INFO [34.6] Epoch 58: loss = 102.1155
2020-05-21 21:10:04,260 INFO [35.3] Epoch 59: loss = 102.3832
2020-05-21 21:10:04,260 INFO Start Evaling...
2020-05-21 21:12:43,413 INFO Head: mr:338.5 mrr:15.17 hits10:30.04 hits3:16.32 hits1:7.93
2020-05-21 21:12:43,413 INFO Tail: mr:139.4 mrr:39.89 hits10:59.88 hits3:44.55 hits1:29.85
2020-05-21 21:12:43,413 INFO All: mr:238.9 mrr:27.53 hits10:44.96 hits3:30.43 hits1:18.89
2020-05-21 21:12:43,427 INFO Start Evaling...
2020-05-21 21:15:45,897 INFO Head: mr:346.6 mrr:15.12 hits10:29.77 hits3:16.36 hits1:7.93
2020-05-21 21:15:45,897 INFO Tail: mr:146.8 mrr:38.82 hits10:59.31 hits3:43.25 hits1:28.60
2020-05-21 21:15:45,897 INFO All: mr:246.7 mrr:26.97 hits10:44.54 hits3:29.81 hits1:18.26
2020-05-21 21:15:45,911 INFO Improved and model saved
2020-05-21 21:16:21,210 INFO [35.3] Epoch 60: loss = 101.9897
2020-05-21 21:16:56,501 INFO [35.3] Epoch 61: loss = 102.3889
2020-05-21 21:17:32,705 INFO [36.2] Epoch 62: loss = 102.0406
2020-05-21 21:18:08,054 INFO [35.3] Epoch 63: loss = 102.0352
2020-05-21 21:18:43,413 INFO [35.4] Epoch 64: loss = 102.2055
2020-05-21 21:19:18,786 INFO [35.4] Epoch 65: loss = 101.4593
2020-05-21 21:19:54,182 INFO [35.4] Epoch 66: loss = 101.3841
2020-05-21 21:20:29,739 INFO [35.6] Epoch 67: loss = 101.7161
2020-05-21 21:21:04,415 INFO [34.7] Epoch 68: loss = 101.3849
2020-05-21 21:21:39,796 INFO [35.4] Epoch 69: loss = 101.3148
2020-05-21 21:21:39,796 INFO Start Evaling...
2020-05-21 21:24:20,740 INFO Head: mr:336.1 mrr:15.40 hits10:30.31 hits3:16.63 hits1:8.17
2020-05-21 21:24:20,741 INFO Tail: mr:137.7 mrr:39.74 hits10:59.86 hits3:44.08 hits1:29.67
2020-05-21 21:24:20,741 INFO All: mr:236.9 mrr:27.57 hits10:45.08 hits3:30.35 hits1:18.92
2020-05-21 21:24:20,755 INFO Start Evaling...
2020-05-21 21:27:25,867 INFO Head: mr:344.1 mrr:15.11 hits10:30.02 hits3:16.16 hits1:7.98
2020-05-21 21:27:25,867 INFO Tail: mr:145.7 mrr:39.02 hits10:59.47 hits3:43.43 hits1:28.81
2020-05-21 21:27:25,867 INFO All: mr:244.9 mrr:27.06 hits10:44.74 hits3:29.80 hits1:18.40
2020-05-21 21:27:25,882 INFO Improved and model saved
2020-05-21 21:28:01,224 INFO [35.3] Epoch 70: loss = 101.7958
2020-05-21 21:28:36,601 INFO [35.4] Epoch 71: loss = 101.3098
2020-05-21 21:29:12,091 INFO [35.5] Epoch 72: loss = 101.7643
2020-05-21 21:29:46,772 INFO [34.7] Epoch 73: loss = 101.4048
2020-05-21 21:30:22,077 INFO [35.3] Epoch 74: loss = 101.1715
2020-05-21 21:30:57,397 INFO [35.3] Epoch 75: loss = 101.4502
2020-05-21 21:31:32,861 INFO [35.5] Epoch 76: loss = 101.4776
2020-05-21 21:32:07,494 INFO [34.6] Epoch 77: loss = 101.3352
2020-05-21 21:32:42,951 INFO [35.5] Epoch 78: loss = 101.2042
2020-05-21 21:33:18,302 INFO [35.4] Epoch 79: loss = 100.4678
2020-05-21 21:33:18,303 INFO Start Evaling...
2020-05-21 21:35:57,734 INFO Head: mr:337.6 mrr:15.15 hits10:30.11 hits3:16.54 hits1:7.74
2020-05-21 21:35:57,734 INFO Tail: mr:138.6 mrr:39.95 hits10:60.07 hits3:44.64 hits1:29.73
2020-05-21 21:35:57,734 INFO All: mr:238.1 mrr:27.55 hits10:45.09 hits3:30.59 hits1:18.74
2020-05-21 21:35:57,748 INFO Start Evaling...
2020-05-21 21:39:01,101 INFO Head: mr:345.9 mrr:14.94 hits10:30.09 hits3:16.33 hits1:7.55
2020-05-21 21:39:01,101 INFO Tail: mr:146.3 mrr:39.32 hits10:59.56 hits3:43.60 hits1:29.24
2020-05-21 21:39:01,101 INFO All: mr:246.1 mrr:27.13 hits10:44.83 hits3:29.97 hits1:18.40
2020-05-21 21:39:01,116 INFO Declined in recent 1 epochs
2020-05-21 21:39:36,406 INFO [35.3] Epoch 80: loss = 100.6560
2020-05-21 21:40:11,055 INFO [34.6] Epoch 81: loss = 100.9948
2020-05-21 21:40:46,424 INFO [35.4] Epoch 82: loss = 100.9586
2020-05-21 21:41:21,756 INFO [35.3] Epoch 83: loss = 100.9412
2020-05-21 21:41:57,216 INFO [35.5] Epoch 84: loss = 100.5206
2020-05-21 21:42:32,838 INFO [35.6] Epoch 85: loss = 100.6866
2020-05-21 21:43:07,611 INFO [34.8] Epoch 86: loss = 100.6308
2020-05-21 21:43:43,148 INFO [35.5] Epoch 87: loss = 100.6321
2020-05-21 21:44:18,520 INFO [35.4] Epoch 88: loss = 100.6450
2020-05-21 21:44:54,166 INFO [35.6] Epoch 89: loss = 100.5291
2020-05-21 21:44:54,167 INFO Start Evaling...
2020-05-21 21:47:35,019 INFO Head: mr:338.1 mrr:15.17 hits10:30.44 hits3:16.38 hits1:7.81
2020-05-21 21:47:35,019 INFO Tail: mr:137.4 mrr:39.68 hits10:60.23 hits3:44.57 hits1:29.36
2020-05-21 21:47:35,020 INFO All: mr:237.7 mrr:27.43 hits10:45.33 hits3:30.48 hits1:18.59
2020-05-21 21:47:35,034 INFO Start Evaling...
2020-05-21 21:50:39,863 INFO Head: mr:345.5 mrr:15.08 hits10:30.11 hits3:16.52 hits1:7.72
2020-05-21 21:50:39,863 INFO Tail: mr:144.6 mrr:39.18 hits10:59.29 hits3:43.97 hits1:28.97
2020-05-21 21:50:39,864 INFO All: mr:245.0 mrr:27.13 hits10:44.70 hits3:30.24 hits1:18.34
2020-05-21 21:50:39,879 INFO Declined in recent 2 epochs
2020-05-21 21:51:14,590 INFO [34.7] Epoch 90: loss = 100.5367
2020-05-21 21:51:49,987 INFO [35.4] Epoch 91: loss = 100.7085
2020-05-21 21:52:25,366 INFO [35.4] Epoch 92: loss = 100.6081
2020-05-21 21:53:00,826 INFO [35.5] Epoch 93: loss = 100.4545
2020-05-21 21:53:36,346 INFO [35.5] Epoch 94: loss = 100.3514
2020-05-21 21:54:11,059 INFO [34.7] Epoch 95: loss = 100.7384
2020-05-21 21:54:46,419 INFO [35.4] Epoch 96: loss = 99.8580
2020-05-21 21:55:21,877 INFO [35.5] Epoch 97: loss = 100.0784
2020-05-21 21:55:57,246 INFO [35.4] Epoch 98: loss = 99.8242
2020-05-21 21:56:32,028 INFO [34.8] Epoch 99: loss = 99.7719
2020-05-21 21:56:32,028 INFO Start Evaling...
2020-05-21 21:59:12,586 INFO Head: mr:330.4 mrr:15.30 hits10:30.14 hits3:16.38 hits1:8.13
2020-05-21 21:59:12,586 INFO Tail: mr:134.9 mrr:39.98 hits10:60.25 hits3:44.43 hits1:29.84
2020-05-21 21:59:12,587 INFO All: mr:232.6 mrr:27.64 hits10:45.19 hits3:30.40 hits1:18.98
2020-05-21 21:59:12,601 INFO Start Evaling...
2020-05-21 22:02:15,382 INFO Head: mr:342.6 mrr:15.05 hits10:29.86 hits3:16.17 hits1:7.82
2020-05-21 22:02:15,383 INFO Tail: mr:143.2 mrr:39.17 hits10:59.54 hits3:43.83 hits1:28.85
2020-05-21 22:02:15,383 INFO All: mr:242.9 mrr:27.11 hits10:44.70 hits3:30.00 hits1:18.34
2020-05-21 22:02:15,398 INFO Improved and model saved
2020-05-21 22:02:50,625 INFO [35.2] Epoch 100: loss = 100.0867
2020-05-21 22:03:26,010 INFO [35.4] Epoch 101: loss = 99.8947
2020-05-21 22:04:01,371 INFO [35.4] Epoch 102: loss = 100.1526
2020-05-21 22:04:36,753 INFO [35.4] Epoch 103: loss = 100.3076
2020-05-21 22:05:11,386 INFO [34.6] Epoch 104: loss = 99.8515
2020-05-21 22:05:46,723 INFO [35.3] Epoch 105: loss = 99.9528
2020-05-21 22:06:21,987 INFO [35.3] Epoch 106: loss = 99.8375
2020-05-21 22:06:57,369 INFO [35.4] Epoch 107: loss = 99.8128
2020-05-21 22:07:32,061 INFO [34.7] Epoch 108: loss = 99.6846
2020-05-21 22:08:07,432 INFO [35.4] Epoch 109: loss = 99.8290
2020-05-21 22:08:07,433 INFO Start Evaling...
2020-05-21 22:10:47,937 INFO Head: mr:333.3 mrr:15.38 hits10:30.02 hits3:16.59 hits1:8.12
2020-05-21 22:10:47,937 INFO Tail: mr:136.6 mrr:39.53 hits10:60.10 hits3:43.99 hits1:29.31
2020-05-21 22:10:47,937 INFO All: mr:234.9 mrr:27.45 hits10:45.06 hits3:30.29 hits1:18.71
2020-05-21 22:10:47,950 INFO Start Evaling...
2020-05-21 22:13:52,422 INFO Head: mr:336.0 mrr:14.69 hits10:29.40 hits3:15.66 hits1:7.56
2020-05-21 22:13:52,422 INFO Tail: mr:143.2 mrr:38.97 hits10:59.53 hits3:43.52 hits1:28.76
2020-05-21 22:13:52,422 INFO All: mr:239.6 mrr:26.83 hits10:44.47 hits3:29.59 hits1:18.16
2020-05-21 22:13:52,436 INFO Declined in recent 1 epochs
2020-05-21 22:14:27,771 INFO [35.3] Epoch 110: loss = 99.9943
2020-05-21 22:15:03,110 INFO [35.3] Epoch 111: loss = 99.6465
2020-05-21 22:15:40,007 INFO [36.9] Epoch 112: loss = 99.9652
2020-05-21 22:16:15,214 INFO [35.2] Epoch 113: loss = 99.8651
2020-05-21 22:16:50,541 INFO [35.3] Epoch 114: loss = 99.8151
2020-05-21 22:17:25,889 INFO [35.3] Epoch 115: loss = 99.3177
2020-05-21 22:18:01,301 INFO [35.4] Epoch 116: loss = 99.2848
2020-05-21 22:18:36,605 INFO [35.3] Epoch 117: loss = 99.3522
2020-05-21 22:19:11,182 INFO [34.6] Epoch 118: loss = 99.6490
2020-05-21 22:19:46,545 INFO [35.4] Epoch 119: loss = 99.1450
2020-05-21 22:19:46,546 INFO Start Evaling...
2020-05-21 22:22:26,782 INFO Head: mr:334.2 mrr:15.50 hits10:30.52 hits3:16.47 hits1:8.28
2020-05-21 22:22:26,783 INFO Tail: mr:135.0 mrr:40.11 hits10:60.30 hits3:44.57 hits1:30.01
2020-05-21 22:22:26,783 INFO All: mr:234.6 mrr:27.80 hits10:45.41 hits3:30.52 hits1:19.15
2020-05-21 22:22:26,796 INFO Start Evaling...
2020-05-21 22:25:29,422 INFO Head: mr:338.9 mrr:14.92 hits10:29.75 hits3:15.94 hits1:7.70
2020-05-21 22:25:29,422 INFO Tail: mr:143.0 mrr:39.40 hits10:59.51 hits3:43.98 hits1:29.20
2020-05-21 22:25:29,422 INFO All: mr:240.9 mrr:27.16 hits10:44.63 hits3:29.96 hits1:18.45
2020-05-21 22:25:29,436 INFO Improved and model saved
2020-05-21 22:26:04,721 INFO [35.3] Epoch 120: loss = 99.8816
2020-05-21 22:26:40,092 INFO [35.4] Epoch 121: loss = 99.5226
2020-05-21 22:27:15,476 INFO [35.4] Epoch 122: loss = 99.4302
2020-05-21 22:27:50,202 INFO [34.7] Epoch 123: loss = 99.6802
2020-05-21 22:28:25,557 INFO [35.4] Epoch 124: loss = 99.9666
2020-05-21 22:29:00,959 INFO [35.4] Epoch 125: loss = 99.2606
2020-05-21 22:29:36,306 INFO [35.3] Epoch 126: loss = 99.7914
2020-05-21 22:30:11,006 INFO [34.7] Epoch 127: loss = 99.3876
2020-05-21 22:30:46,428 INFO [35.4] Epoch 128: loss = 99.2059
2020-05-21 22:31:21,849 INFO [35.4] Epoch 129: loss = 99.4724
2020-05-21 22:31:21,849 INFO Start Evaling...
2020-05-21 22:34:01,229 INFO Head: mr:331.1 mrr:15.30 hits10:30.27 hits3:16.46 hits1:8.02
2020-05-21 22:34:01,229 INFO Tail: mr:133.4 mrr:39.72 hits10:60.11 hits3:44.37 hits1:29.46
2020-05-21 22:34:01,229 INFO All: mr:232.3 mrr:27.51 hits10:45.19 hits3:30.42 hits1:18.74
2020-05-21 22:34:01,243 INFO Start Evaling...
2020-05-21 22:37:04,360 INFO Head: mr:335.5 mrr:14.96 hits10:29.85 hits3:16.13 hits1:7.67
2020-05-21 22:37:04,360 INFO Tail: mr:141.6 mrr:39.23 hits10:59.30 hits3:43.79 hits1:29.08
2020-05-21 22:37:04,361 INFO All: mr:238.6 mrr:27.10 hits10:44.57 hits3:29.96 hits1:18.37
2020-05-21 22:37:04,375 INFO Declined in recent 1 epochs
2020-05-21 22:37:39,649 INFO [35.3] Epoch 130: loss = 99.4536
2020-05-21 22:38:14,368 INFO [34.7] Epoch 131: loss = 99.2198
2020-05-21 22:38:49,763 INFO [35.4] Epoch 132: loss = 99.3273
2020-05-21 22:39:25,186 INFO [35.4] Epoch 133: loss = 99.2493
2020-05-21 22:40:00,514 INFO [35.3] Epoch 134: loss = 99.4925
2020-05-21 22:40:36,145 INFO [35.6] Epoch 135: loss = 99.3809
2020-05-21 22:41:11,504 INFO [35.4] Epoch 136: loss = 99.6097
2020-05-21 22:41:46,925 INFO [35.4] Epoch 137: loss = 99.3031
2020-05-21 22:42:22,360 INFO [35.4] Epoch 138: loss = 99.3049
2020-05-21 22:42:57,802 INFO [35.4] Epoch 139: loss = 99.1953
2020-05-21 22:42:57,802 INFO Start Evaling...
2020-05-21 22:45:36,965 INFO Head: mr:330.9 mrr:15.15 hits10:30.28 hits3:16.18 hits1:7.89
2020-05-21 22:45:36,965 INFO Tail: mr:135.2 mrr:39.81 hits10:60.07 hits3:44.45 hits1:29.59
2020-05-21 22:45:36,965 INFO All: mr:233.1 mrr:27.48 hits10:45.18 hits3:30.31 hits1:18.74
2020-05-21 22:45:36,979 INFO Start Evaling...
2020-05-21 22:48:39,853 INFO Head: mr:335.4 mrr:14.99 hits10:29.77 hits3:16.07 hits1:7.73
2020-05-21 22:48:39,853 INFO Tail: mr:139.0 mrr:39.13 hits10:59.48 hits3:43.65 hits1:28.86
2020-05-21 22:48:39,853 INFO All: mr:237.2 mrr:27.06 hits10:44.63 hits3:29.86 hits1:18.29
2020-05-21 22:48:39,868 INFO Declined in recent 2 epochs
2020-05-21 22:49:15,292 INFO [35.4] Epoch 140: loss = 98.9967
2020-05-21 22:49:49,965 INFO [34.7] Epoch 141: loss = 99.3853
2020-05-21 22:50:25,346 INFO [35.4] Epoch 142: loss = 99.3849
2020-05-21 22:51:00,841 INFO [35.5] Epoch 143: loss = 99.0658
2020-05-21 22:51:36,233 INFO [35.4] Epoch 144: loss = 99.1007
2020-05-21 22:52:11,725 INFO [35.5] Epoch 145: loss = 99.1178
2020-05-21 22:52:46,486 INFO [34.8] Epoch 146: loss = 99.3755
2020-05-21 22:53:21,937 INFO [35.5] Epoch 147: loss = 99.1854
2020-05-21 22:53:57,352 INFO [35.4] Epoch 148: loss = 99.2619
2020-05-21 22:54:32,879 INFO [35.5] Epoch 149: loss = 98.7287
2020-05-21 22:54:32,879 INFO Start Evaling...
2020-05-21 22:57:13,582 INFO Head: mr:326.8 mrr:15.29 hits10:29.93 hits3:16.36 hits1:8.10
2020-05-21 22:57:13,582 INFO Tail: mr:135.1 mrr:39.98 hits10:60.30 hits3:44.64 hits1:29.74
2020-05-21 22:57:13,582 INFO All: mr:231.0 mrr:27.63 hits10:45.12 hits3:30.50 hits1:18.92
2020-05-21 22:57:13,596 INFO Start Evaling...
2020-05-21 23:00:18,209 INFO Head: mr:332.0 mrr:14.91 hits10:29.83 hits3:15.86 hits1:7.69
2020-05-21 23:00:18,210 INFO Tail: mr:139.5 mrr:39.22 hits10:59.69 hits3:43.88 hits1:28.80
2020-05-21 23:00:18,210 INFO All: mr:235.7 mrr:27.06 hits10:44.76 hits3:29.87 hits1:18.24
2020-05-21 23:00:18,225 INFO Declined in recent 3 epochs
2020-05-21 23:00:53,830 INFO [35.6] Epoch 150: loss = 99.1043
2020-05-21 23:01:29,247 INFO [35.4] Epoch 151: loss = 98.7583
2020-05-21 23:02:04,688 INFO [35.4] Epoch 152: loss = 98.7464
2020-05-21 23:02:40,146 INFO [35.5] Epoch 153: loss = 99.2301
2020-05-21 23:03:15,501 INFO [35.4] Epoch 154: loss = 98.8245
2020-05-21 23:03:51,030 INFO [35.5] Epoch 155: loss = 98.7477
2020-05-21 23:04:26,451 INFO [35.4] Epoch 156: loss = 99.2693
2020-05-21 23:05:01,886 INFO [35.4] Epoch 157: loss = 98.7543
2020-05-21 23:05:37,309 INFO [35.4] Epoch 158: loss = 98.4072
2020-05-21 23:06:12,644 INFO [35.3] Epoch 159: loss = 98.9445
2020-05-21 23:06:12,644 INFO Start Evaling...
2020-05-21 23:08:53,975 INFO Head: mr:332.4 mrr:15.32 hits10:30.06 hits3:16.12 hits1:8.25
2020-05-21 23:08:53,975 INFO Tail: mr:135.3 mrr:40.29 hits10:60.31 hits3:44.98 hits1:30.16
2020-05-21 23:08:53,975 INFO All: mr:233.9 mrr:27.80 hits10:45.18 hits3:30.55 hits1:19.21
2020-05-21 23:08:53,990 INFO Start Evaling...
2020-05-21 23:11:59,181 INFO Head: mr:330.5 mrr:15.13 hits10:30.32 hits3:16.17 hits1:7.76
2020-05-21 23:11:59,181 INFO Tail: mr:138.8 mrr:39.69 hits10:59.74 hits3:44.37 hits1:29.41
2020-05-21 23:11:59,181 INFO All: mr:234.7 mrr:27.41 hits10:45.03 hits3:30.27 hits1:18.59
2020-05-21 23:11:59,196 INFO Improved and model saved
2020-05-21 23:12:34,659 INFO [35.5] Epoch 160: loss = 98.7106
2020-05-21 23:13:09,368 INFO [34.7] Epoch 161: loss = 98.7436
2020-05-21 23:13:44,736 INFO [35.4] Epoch 162: loss = 98.7422
2020-05-21 23:14:20,082 INFO [35.3] Epoch 163: loss = 99.1514
2020-05-21 23:14:55,575 INFO [35.5] Epoch 164: loss = 98.8352
2020-05-21 23:15:31,072 INFO [35.5] Epoch 165: loss = 98.5417
2020-05-21 23:16:05,783 INFO [34.7] Epoch 166: loss = 98.1620
2020-05-21 23:16:41,186 INFO [35.4] Epoch 167: loss = 98.9595
2020-05-21 23:17:16,686 INFO [35.5] Epoch 168: loss = 98.6161
2020-05-21 23:17:52,085 INFO [35.4] Epoch 169: loss = 98.3478
2020-05-21 23:17:52,086 INFO Start Evaling...
2020-05-21 23:20:31,682 INFO Head: mr:331.0 mrr:15.56 hits10:30.27 hits3:16.59 hits1:8.34
2020-05-21 23:20:31,682 INFO Tail: mr:134.7 mrr:40.18 hits10:60.49 hits3:44.91 hits1:29.96
2020-05-21 23:20:31,682 INFO All: mr:232.8 mrr:27.87 hits10:45.38 hits3:30.75 hits1:19.15
2020-05-21 23:20:31,697 INFO Start Evaling...
2020-05-21 23:23:34,939 INFO Head: mr:332.6 mrr:15.08 hits10:29.95 hits3:16.22 hits1:7.88
2020-05-21 23:23:34,939 INFO Tail: mr:137.8 mrr:39.47 hits10:59.94 hits3:43.94 hits1:29.23
2020-05-21 23:23:34,939 INFO All: mr:235.2 mrr:27.28 hits10:44.95 hits3:30.08 hits1:18.56
2020-05-21 23:23:34,954 INFO Improved and model saved
2020-05-21 23:24:10,617 INFO [35.7] Epoch 170: loss = 98.7854
2020-05-21 23:24:46,080 INFO [35.5] Epoch 171: loss = 98.8099
2020-05-21 23:25:21,496 INFO [35.4] Epoch 172: loss = 98.9465
2020-05-21 23:25:56,965 INFO [35.5] Epoch 173: loss = 98.5255
2020-05-21 23:26:32,527 INFO [35.6] Epoch 174: loss = 98.2575
2020-05-21 23:27:08,179 INFO [35.7] Epoch 175: loss = 98.6873
2020-05-21 23:27:43,625 INFO [35.4] Epoch 176: loss = 99.2738
2020-05-21 23:28:19,074 INFO [35.4] Epoch 177: loss = 98.4301
2020-05-21 23:28:54,476 INFO [35.4] Epoch 178: loss = 98.4229
2020-05-21 23:29:30,009 INFO [35.5] Epoch 179: loss = 98.8302
2020-05-21 23:29:30,009 INFO Start Evaling...
2020-05-21 23:32:11,570 INFO Head: mr:330.5 mrr:15.33 hits10:30.45 hits3:16.57 hits1:8.01
2020-05-21 23:32:11,570 INFO Tail: mr:132.6 mrr:40.15 hits10:60.43 hits3:44.78 hits1:29.93
2020-05-21 23:32:11,570 INFO All: mr:231.6 mrr:27.74 hits10:45.44 hits3:30.67 hits1:18.97
2020-05-21 23:32:11,585 INFO Start Evaling...
2020-05-21 23:35:17,210 INFO Head: mr:332.8 mrr:15.05 hits10:30.36 hits3:16.21 hits1:7.74
2020-05-21 23:35:17,210 INFO Tail: mr:137.9 mrr:39.37 hits10:59.96 hits3:44.01 hits1:29.01
2020-05-21 23:35:17,210 INFO All: mr:235.3 mrr:27.21 hits10:45.16 hits3:30.11 hits1:18.38
2020-05-21 23:35:17,226 INFO Declined in recent 1 epochs
2020-05-21 23:35:52,753 INFO [35.5] Epoch 180: loss = 98.6744
2020-05-21 23:36:27,524 INFO [34.8] Epoch 181: loss = 98.5459
2020-05-21 23:37:02,933 INFO [35.4] Epoch 182: loss = 98.7968
2020-05-21 23:37:38,409 INFO [35.5] Epoch 183: loss = 98.5932
2020-05-21 23:38:13,855 INFO [35.4] Epoch 184: loss = 98.3109
2020-05-21 23:38:49,491 INFO [35.6] Epoch 185: loss = 98.6293
2020-05-21 23:39:24,262 INFO [34.8] Epoch 186: loss = 98.4490
