2020-05-08 02:17:47,323 INFO EPOCH: 1000
2020-05-08 02:17:47,323 INFO EVERY: 10
2020-05-08 02:17:47,323 INFO LR: 0.001
2020-05-08 02:17:47,323 INFO DIM: 100
2020-05-08 02:17:47,324 INFO BATCH_SIZE: 256
2020-05-08 02:17:47,324 INFO BATCH_SIZE2: 256
2020-05-08 02:17:47,324 INFO P: 1
2020-05-08 02:17:47,324 INFO CLIPPING_MAX_VALUE: 4.0
2020-05-08 02:17:47,324 INFO OPTIM: Adam
2020-05-08 02:17:47,324 INFO N_SAMPLE: 1000
2020-05-08 02:17:47,324 INFO MODE: 1vsN
2020-05-08 02:17:47,324 INFO RATE: 0.05
2020-05-08 02:17:47,324 INFO GAMMA: 12.0
2020-05-08 02:17:47,324 INFO BERN: True
2020-05-08 02:17:47,324 INFO MARGIN: 4.0
2020-05-08 02:17:47,324 INFO REG: 1.0
2020-05-08 02:17:47,324 INFO LABEL_SMOOTH_EPS: 0.1
2020-05-08 02:17:47,324 INFO INPUT_DROP: 0.2
2020-05-08 02:17:47,324 INFO FEAT_DROP: 0.2
2020-05-08 02:17:47,324 INFO HIDD_DROP: 0.3
2020-05-08 02:17:47,325 INFO CHANNELS: 50
2020-05-08 02:17:47,325 INFO KERNEL_SIZE: 3
2020-05-08 02:17:47,325 INFO N_POOL: 100
2020-05-08 02:17:47,325 INFO MODEL_D: TransH
2020-05-08 02:17:47,325 INFO MODEL_G: DistMult
2020-05-08 02:17:47,325 INFO SCRATCH: False
2020-05-08 02:17:47,325 INFO D_FILE: None
2020-05-08 02:17:47,325 INFO G_FILE: None
2020-05-08 02:17:47,325 INFO PATH: data
2020-05-08 02:17:47,325 INFO DATA: FB15K237
2020-05-08 02:17:47,325 INFO EXP_PATH: experiment/FB15K237
2020-05-08 02:17:47,325 INFO MODEL: TransH
2020-05-08 02:17:47,325 INFO V: 5
2020-05-08 02:17:47,325 INFO F: True
2020-05-08 02:17:47,325 INFO EVAL: False
2020-05-08 02:17:47,325 INFO TRAINED: False
2020-05-08 02:17:47,325 INFO PRETRAINED_NAME: None
2020-05-08 02:17:47,325 INFO EXP_NAME: TransH-FB15K237-1vsN-5
2020-05-08 02:17:47,325 INFO --------------------------------------
2020-05-08 02:18:36,585 INFO Dataload done
2020-05-08 02:18:36,585 INFO --------------------------------------
2020-05-08 02:18:36,585 INFO N_ENTITY: 14541
2020-05-08 02:18:36,585 INFO N_RELATION: 237
2020-05-08 02:18:36,585 INFO --------------------------------------
2020-05-08 02:18:45,224 INFO Start Training...
2020-05-08 02:19:00,808 INFO [15.6] Epoch 0: loss = 0.2244
2020-05-08 02:19:17,007 INFO [16.2] Epoch 1: loss = 0.0148
2020-05-08 02:19:33,734 INFO [16.7] Epoch 2: loss = 0.0141
2020-05-08 02:19:49,415 INFO [15.7] Epoch 3: loss = 0.0139
2020-05-08 02:20:06,694 INFO [17.3] Epoch 4: loss = 0.0138
2020-05-08 02:20:23,006 INFO [16.3] Epoch 5: loss = 0.0137
2020-05-08 02:20:39,556 INFO [16.5] Epoch 6: loss = 0.0136
2020-05-08 02:20:55,223 INFO [15.7] Epoch 7: loss = 0.0134
2020-05-08 02:21:11,276 INFO [16.1] Epoch 8: loss = 0.0131
2020-05-08 02:21:28,546 INFO [17.3] Epoch 9: loss = 0.0128
2020-05-08 02:21:28,547 INFO Start Evaling...
2020-05-08 02:22:23,366 INFO Head: mr:825.7 mrr:8.33 hits:16.29
2020-05-08 02:22:23,366 INFO Tail: mr:493.4 mrr:19.51 hits:36.73
2020-05-08 02:22:23,366 INFO All: mr:659.6 mrr:13.92 hits:26.51
2020-05-08 02:22:23,382 INFO Start Evaling...
2020-05-08 02:23:24,343 INFO Head: mr:834.4 mrr:7.95 hits:16.14
2020-05-08 02:23:24,344 INFO Tail: mr:518.3 mrr:18.99 hits:35.70
2020-05-08 02:23:24,344 INFO All: mr:676.3 mrr:13.47 hits:25.92
2020-05-08 02:23:24,354 INFO Improved and model saved
2020-05-08 02:23:40,400 INFO [16.0] Epoch 10: loss = 0.0125
2020-05-08 02:23:57,156 INFO [16.8] Epoch 11: loss = 0.0122
2020-05-08 02:24:11,676 INFO [14.5] Epoch 12: loss = 0.0120
2020-05-08 02:24:28,479 INFO [16.8] Epoch 13: loss = 0.0117
2020-05-08 02:24:45,882 INFO [17.4] Epoch 14: loss = 0.0115
2020-05-08 02:25:02,524 INFO [16.6] Epoch 15: loss = 0.0113
2020-05-08 02:25:18,829 INFO [16.3] Epoch 16: loss = 0.0112
2020-05-08 02:25:35,848 INFO [17.0] Epoch 17: loss = 0.0111
2020-05-08 02:25:51,879 INFO [16.0] Epoch 18: loss = 0.0110
2020-05-08 02:26:08,823 INFO [16.9] Epoch 19: loss = 0.0110
2020-05-08 02:26:08,823 INFO Start Evaling...
2020-05-08 02:27:05,544 INFO Head: mr:734.2 mrr:13.13 hits:25.41
2020-05-08 02:27:05,545 INFO Tail: mr:417.1 mrr:18.11 hits:34.63
2020-05-08 02:27:05,545 INFO All: mr:575.7 mrr:15.62 hits:30.02
2020-05-08 02:27:05,557 INFO Start Evaling...
2020-05-08 02:28:11,056 INFO Head: mr:745.3 mrr:12.89 hits:25.08
2020-05-08 02:28:11,057 INFO Tail: mr:427.4 mrr:17.64 hits:34.14
2020-05-08 02:28:11,057 INFO All: mr:586.3 mrr:15.27 hits:29.61
2020-05-08 02:28:11,068 INFO Improved and model saved
2020-05-08 02:28:26,441 INFO [15.4] Epoch 20: loss = 0.0109
2020-05-08 02:28:44,236 INFO [17.8] Epoch 21: loss = 0.0109
2020-05-08 02:29:00,709 INFO [16.5] Epoch 22: loss = 0.0109
2020-05-08 02:29:17,798 INFO [17.1] Epoch 23: loss = 0.0108
2020-05-08 02:29:35,033 INFO [17.2] Epoch 24: loss = 0.0108
2020-05-08 02:29:49,878 INFO [14.8] Epoch 25: loss = 0.0108
2020-05-08 02:30:04,053 INFO [14.2] Epoch 26: loss = 0.0108
2020-05-08 02:30:20,256 INFO [16.2] Epoch 27: loss = 0.0108
2020-05-08 02:30:36,186 INFO [15.9] Epoch 28: loss = 0.0108
2020-05-08 02:30:51,145 INFO [15.0] Epoch 29: loss = 0.0108
2020-05-08 02:30:51,146 INFO Start Evaling...
2020-05-08 02:31:50,398 INFO Head: mr:752.7 mrr:12.16 hits:24.18
2020-05-08 02:31:50,399 INFO Tail: mr:445.5 mrr:15.61 hits:31.42
2020-05-08 02:31:50,399 INFO All: mr:599.1 mrr:13.89 hits:27.80
2020-05-08 02:31:50,410 INFO Start Evaling...
2020-05-08 02:32:52,768 INFO Head: mr:753.3 mrr:11.93 hits:24.08
2020-05-08 02:32:52,769 INFO Tail: mr:453.8 mrr:15.16 hits:31.44
2020-05-08 02:32:52,769 INFO All: mr:603.6 mrr:13.54 hits:27.76
2020-05-08 02:32:52,780 INFO Declined in recent 1 epochs
2020-05-08 02:33:11,480 INFO [18.7] Epoch 30: loss = 0.0108
2020-05-08 02:33:31,419 INFO [19.9] Epoch 31: loss = 0.0108
2020-05-08 02:33:53,608 INFO [22.2] Epoch 32: loss = 0.0108
2020-05-08 02:34:13,415 INFO [19.8] Epoch 33: loss = 0.0107
2020-05-08 02:34:33,858 INFO [20.4] Epoch 34: loss = 0.0107
2020-05-08 02:34:53,268 INFO [19.4] Epoch 35: loss = 0.0107
2020-05-08 02:35:13,822 INFO [20.6] Epoch 36: loss = 0.0107
2020-05-08 02:35:34,340 INFO [20.5] Epoch 37: loss = 0.0107
2020-05-08 02:35:55,232 INFO [20.9] Epoch 38: loss = 0.0107
2020-05-08 02:36:14,109 INFO [18.9] Epoch 39: loss = 0.0107
2020-05-08 02:36:14,110 INFO Start Evaling...
2020-05-08 02:37:10,260 INFO Head: mr:744.7 mrr:11.86 hits:23.99
2020-05-08 02:37:10,260 INFO Tail: mr:446.8 mrr:15.22 hits:31.50
2020-05-08 02:37:10,260 INFO All: mr:595.7 mrr:13.54 hits:27.74
2020-05-08 02:37:10,272 INFO Start Evaling...
2020-05-08 02:38:16,719 INFO Head: mr:744.8 mrr:11.74 hits:24.13
2020-05-08 02:38:16,719 INFO Tail: mr:450.5 mrr:14.73 hits:30.99
2020-05-08 02:38:16,719 INFO All: mr:597.6 mrr:13.23 hits:27.56
2020-05-08 02:38:16,731 INFO Declined in recent 2 epochs
2020-05-08 02:38:33,274 INFO [16.5] Epoch 40: loss = 0.0107
2020-05-08 02:38:48,604 INFO [15.3] Epoch 41: loss = 0.0107
2020-05-08 02:39:03,413 INFO [14.8] Epoch 42: loss = 0.0107
2020-05-08 02:39:19,993 INFO [16.6] Epoch 43: loss = 0.0107
2020-05-08 02:39:37,598 INFO [17.6] Epoch 44: loss = 0.0107
2020-05-08 02:39:54,009 INFO [16.4] Epoch 45: loss = 0.0107
2020-05-08 02:40:11,027 INFO [17.0] Epoch 46: loss = 0.0107
2020-05-08 02:40:25,697 INFO [14.7] Epoch 47: loss = 0.0107
2020-05-08 02:40:39,961 INFO [14.3] Epoch 48: loss = 0.0107
2020-05-08 02:40:56,813 INFO [16.9] Epoch 49: loss = 0.0107
2020-05-08 02:40:56,814 INFO Start Evaling...
2020-05-08 02:41:54,362 INFO Head: mr:735.8 mrr:11.57 hits:23.74
2020-05-08 02:41:54,363 INFO Tail: mr:447.1 mrr:14.69 hits:30.94
2020-05-08 02:41:54,363 INFO All: mr:591.5 mrr:13.13 hits:27.34
2020-05-08 02:41:54,374 INFO Start Evaling...
2020-05-08 02:43:00,075 INFO Head: mr:736.8 mrr:11.39 hits:23.47
2020-05-08 02:43:00,075 INFO Tail: mr:451.8 mrr:14.02 hits:30.32
2020-05-08 02:43:00,075 INFO All: mr:594.3 mrr:12.70 hits:26.90
2020-05-08 02:43:00,088 INFO Declined in recent 3 epochs
2020-05-08 02:43:17,578 INFO [17.5] Epoch 50: loss = 0.0107
2020-05-08 02:43:33,823 INFO [16.2] Epoch 51: loss = 0.0107
2020-05-08 02:43:49,773 INFO [15.9] Epoch 52: loss = 0.0107
2020-05-08 02:44:04,124 INFO [14.4] Epoch 53: loss = 0.0107
2020-05-08 02:44:20,821 INFO [16.7] Epoch 54: loss = 0.0107
2020-05-08 02:44:37,690 INFO [16.9] Epoch 55: loss = 0.0107
2020-05-08 02:44:53,809 INFO [16.1] Epoch 56: loss = 0.0107
2020-05-08 02:45:10,889 INFO [17.1] Epoch 57: loss = 0.0107
2020-05-08 02:45:27,331 INFO [16.4] Epoch 58: loss = 0.0107
2020-05-08 02:45:44,178 INFO [16.8] Epoch 59: loss = 0.0107
2020-05-08 02:45:44,179 INFO Start Evaling...
2020-05-08 02:46:40,899 INFO Head: mr:731.2 mrr:11.35 hits:23.57
2020-05-08 02:46:40,899 INFO Tail: mr:444.3 mrr:14.31 hits:30.54
2020-05-08 02:46:40,899 INFO All: mr:587.7 mrr:12.83 hits:27.05
2020-05-08 02:46:40,908 INFO Start Evaling...
2020-05-08 02:47:43,991 INFO Head: mr:740.5 mrr:11.15 hits:23.32
2020-05-08 02:47:43,991 INFO Tail: mr:454.3 mrr:14.03 hits:30.05
2020-05-08 02:47:43,991 INFO All: mr:597.4 mrr:12.59 hits:26.69
2020-05-08 02:47:44,003 INFO Declined in recent 4 epochs
2020-05-08 02:48:01,203 INFO [17.2] Epoch 60: loss = 0.0107
2020-05-08 02:48:16,259 INFO [15.1] Epoch 61: loss = 0.0107
2020-05-08 02:48:33,461 INFO [17.2] Epoch 62: loss = 0.0107
2020-05-08 02:48:50,016 INFO [16.6] Epoch 63: loss = 0.0107
2020-05-08 02:49:06,601 INFO [16.6] Epoch 64: loss = 0.0107
2020-05-08 02:49:23,793 INFO [17.2] Epoch 65: loss = 0.0107
2020-05-08 02:49:40,907 INFO [17.1] Epoch 66: loss = 0.0107
2020-05-08 02:49:57,319 INFO [16.4] Epoch 67: loss = 0.0107
2020-05-08 02:50:11,749 INFO [14.4] Epoch 68: loss = 0.0107
2020-05-08 02:50:26,449 INFO [14.7] Epoch 69: loss = 0.0107
2020-05-08 02:50:26,450 INFO Start Evaling...
2020-05-08 02:51:23,716 INFO Head: mr:738.8 mrr:11.28 hits:23.51
2020-05-08 02:51:23,717 INFO Tail: mr:437.1 mrr:14.09 hits:30.60
2020-05-08 02:51:23,717 INFO All: mr:587.9 mrr:12.68 hits:27.06
2020-05-08 02:51:23,736 INFO Start Evaling...
2020-05-08 02:52:28,087 INFO Head: mr:741.2 mrr:11.04 hits:23.15
2020-05-08 02:52:28,087 INFO Tail: mr:448.0 mrr:13.74 hits:29.94
2020-05-08 02:52:28,087 INFO All: mr:594.6 mrr:12.39 hits:26.54
2020-05-08 02:52:28,106 INFO Declined in recent 5 epochs
2020-05-08 02:52:28,106 INFO Early stopping
2020-05-08 02:52:28,106 INFO Train done
2020-05-08 02:52:28,112 INFO Start Evaling...
2020-05-08 02:53:33,187 INFO Head: mr:745.3 mrr:12.89 hits:25.08
2020-05-08 02:53:33,188 INFO Tail: mr:427.4 mrr:17.64 hits:34.14
2020-05-08 02:53:33,188 INFO All: mr:586.3 mrr:15.27 hits:29.61
