2020-05-23 10:28:24,193 INFO EPOCH: 1000
2020-05-23 10:28:24,194 INFO EVERY: 10
2020-05-23 10:28:24,194 INFO LR: 0.001
2020-05-23 10:28:24,194 INFO DIM: 100
2020-05-23 10:28:24,194 INFO BATCH_SIZE: 256
2020-05-23 10:28:24,194 INFO BATCH_SIZE2: 256
2020-05-23 10:28:24,194 INFO P: 1
2020-05-23 10:28:24,194 INFO CLIPPING_MAX_VALUE: 4.0
2020-05-23 10:28:24,194 INFO OPTIM: Adam
2020-05-23 10:28:24,194 INFO N_SAMPLE: 12
2020-05-23 10:28:24,194 INFO MODE: grap
2020-05-23 10:28:24,195 INFO RATE: 0.01
2020-05-23 10:28:24,195 INFO GAMMA: 12.0
2020-05-23 10:28:24,195 INFO BERN: True
2020-05-23 10:28:24,195 INFO MARGIN: 4.0
2020-05-23 10:28:24,195 INFO REG: 1.0
2020-05-23 10:28:24,195 INFO LABEL_SMOOTH_EPS: 0.1
2020-05-23 10:28:24,195 INFO INPUT_DROP: 0.2
2020-05-23 10:28:24,195 INFO FEAT_DROP: 0.2
2020-05-23 10:28:24,195 INFO HIDD_DROP: 0.3
2020-05-23 10:28:24,195 INFO CHANNELS: 50
2020-05-23 10:28:24,195 INFO KERNEL_SIZE: 3
2020-05-23 10:28:24,196 INFO N_POOL: 100
2020-05-23 10:28:24,196 INFO MODEL_D: TransH
2020-05-23 10:28:24,196 INFO MODEL_G: DistMult
2020-05-23 10:28:24,196 INFO SCRATCH: False
2020-05-23 10:28:24,196 INFO D_FILE: None
2020-05-23 10:28:24,196 INFO G_FILE: None
2020-05-23 10:28:24,196 INFO PATH: data
2020-05-23 10:28:24,196 INFO DATA: FB15K237
2020-05-23 10:28:24,196 INFO EXP_PATH: experiment/FB15K237
2020-05-23 10:28:24,196 INFO MODEL: TransH
2020-05-23 10:28:24,196 INFO V: 12.001
2020-05-23 10:28:24,197 INFO F: True
2020-05-23 10:28:24,197 INFO ADV: True
2020-05-23 10:28:24,197 INFO EVAL: False
2020-05-23 10:28:24,197 INFO TRAINED: False
2020-05-23 10:28:24,197 INFO PRETRAINED_NAME: None
2020-05-23 10:28:24,197 INFO EXP_NAME: TransH-FB15K237-grap-12.001
2020-05-23 10:28:24,197 INFO --------------------------------------
2020-05-23 10:29:18,417 INFO Dataload done
2020-05-23 10:29:18,417 INFO --------------------------------------
2020-05-23 10:29:18,417 INFO N_ENTITY: 14541
2020-05-23 10:29:18,417 INFO N_RELATION: 237
2020-05-23 10:29:18,417 INFO --------------------------------------
2020-05-23 10:29:21,888 INFO Start Training...
