2020-05-22 18:04:46,440 INFO EPOCH: 1000
2020-05-22 18:04:46,440 INFO EVERY: 10
2020-05-22 18:04:46,440 INFO LR: 0.001
2020-05-22 18:04:46,440 INFO DIM: 100
2020-05-22 18:04:46,440 INFO BATCH_SIZE: 256
2020-05-22 18:04:46,440 INFO BATCH_SIZE2: 256
2020-05-22 18:04:46,440 INFO P: 1
2020-05-22 18:04:46,440 INFO CLIPPING_MAX_VALUE: 4.0
2020-05-22 18:04:46,440 INFO OPTIM: Adam
2020-05-22 18:04:46,440 INFO N_SAMPLE: 200
2020-05-22 18:04:46,441 INFO MODE: rand
2020-05-22 18:04:46,441 INFO RATE: 0.1
2020-05-22 18:04:46,441 INFO GAMMA: 12.0
2020-05-22 18:04:46,441 INFO BERN: True
2020-05-22 18:04:46,441 INFO MARGIN: 4.0
2020-05-22 18:04:46,441 INFO REG: 1.0
2020-05-22 18:04:46,441 INFO LABEL_SMOOTH_EPS: 0.1
2020-05-22 18:04:46,441 INFO INPUT_DROP: 0.2
2020-05-22 18:04:46,441 INFO FEAT_DROP: 0.2
2020-05-22 18:04:46,441 INFO HIDD_DROP: 0.3
2020-05-22 18:04:46,441 INFO CHANNELS: 50
2020-05-22 18:04:46,441 INFO KERNEL_SIZE: 3
2020-05-22 18:04:46,442 INFO N_POOL: 100
2020-05-22 18:04:46,442 INFO MODEL_D: TransH
2020-05-22 18:04:46,442 INFO MODEL_G: DistMult
2020-05-22 18:04:46,442 INFO SCRATCH: False
2020-05-22 18:04:46,442 INFO D_FILE: None
2020-05-22 18:04:46,442 INFO G_FILE: None
2020-05-22 18:04:46,442 INFO PATH: data
2020-05-22 18:04:46,442 INFO DATA: FB15K237
2020-05-22 18:04:46,442 INFO EXP_PATH: experiment/FB15K237
2020-05-22 18:04:46,442 INFO MODEL: TransH
2020-05-22 18:04:46,442 INFO V: 200.0
2020-05-22 18:04:46,442 INFO F: True
2020-05-22 18:04:46,443 INFO ADV: False
2020-05-22 18:04:46,443 INFO EVAL: False
2020-05-22 18:04:46,443 INFO TRAINED: False
2020-05-22 18:04:46,443 INFO PRETRAINED_NAME: None
2020-05-22 18:04:46,443 INFO EXP_NAME: TransH-FB15K237-rand-200.0
2020-05-22 18:04:46,443 INFO --------------------------------------
2020-05-22 18:04:53,791 INFO Dataload done
2020-05-22 18:04:53,791 INFO --------------------------------------
2020-05-22 18:04:53,791 INFO N_ENTITY: 14541
2020-05-22 18:04:53,791 INFO N_RELATION: 237
2020-05-22 18:04:53,792 INFO --------------------------------------
2020-05-22 18:04:57,253 INFO Start Training...
2020-05-22 18:08:13,935 INFO [196.7] Epoch 0: loss = 201.6853
2020-05-22 18:11:31,129 INFO [197.2] Epoch 1: loss = 67.8507
2020-05-22 18:14:51,342 INFO [200.2] Epoch 2: loss = 41.8524
2020-05-22 18:18:10,850 INFO [199.5] Epoch 3: loss = 31.6791
2020-05-22 18:21:28,316 INFO [197.5] Epoch 4: loss = 26.5445
2020-05-22 18:24:45,622 INFO [197.3] Epoch 5: loss = 23.6140
2020-05-22 18:28:04,475 INFO [198.9] Epoch 6: loss = 21.7523
2020-05-22 18:31:24,510 INFO [200.0] Epoch 7: loss = 20.5180
2020-05-22 18:34:41,777 INFO [197.3] Epoch 8: loss = 19.6530
2020-05-22 18:37:59,107 INFO [197.3] Epoch 9: loss = 19.0182
2020-05-22 18:37:59,107 INFO Start Evaling...
2020-05-22 18:40:37,547 INFO Head: mr:299.1 mrr:17.33 hits10:32.36 hits3:18.88 hits1:9.94
2020-05-22 18:40:37,547 INFO Tail: mr:134.3 mrr:35.13 hits10:56.59 hits3:40.04 hits1:24.34
2020-05-22 18:40:37,547 INFO All: mr:216.7 mrr:26.23 hits10:44.47 hits3:29.46 hits1:17.14
2020-05-22 18:40:37,559 INFO Start Evaling...
2020-05-22 18:43:39,131 INFO Head: mr:312.4 mrr:17.02 hits10:32.57 hits3:18.35 hits1:9.56
2020-05-22 18:43:39,131 INFO Tail: mr:142.4 mrr:34.72 hits10:55.85 hits3:39.47 hits1:23.98
2020-05-22 18:43:39,132 INFO All: mr:227.4 mrr:25.87 hits10:44.21 hits3:28.91 hits1:16.77
2020-05-22 18:43:39,144 INFO Improved and model saved
2020-05-22 18:46:57,474 INFO [198.3] Epoch 10: loss = 18.4905
2020-05-22 18:50:16,636 INFO [199.2] Epoch 11: loss = 18.0684
2020-05-22 18:53:35,012 INFO [198.4] Epoch 12: loss = 17.7560
2020-05-22 18:56:52,615 INFO [197.6] Epoch 13: loss = 17.4740
2020-05-22 19:00:11,345 INFO [198.7] Epoch 14: loss = 17.2340
2020-05-22 19:03:29,285 INFO [197.9] Epoch 15: loss = 17.0206
2020-05-22 19:06:47,696 INFO [198.4] Epoch 16: loss = 16.8615
2020-05-22 19:10:05,512 INFO [197.8] Epoch 17: loss = 16.6988
2020-05-22 19:13:24,098 INFO [198.6] Epoch 18: loss = 16.5614
2020-05-22 19:16:42,731 INFO [198.6] Epoch 19: loss = 16.4150
2020-05-22 19:16:42,731 INFO Start Evaling...
2020-05-22 19:19:21,027 INFO Head: mr:278.0 mrr:17.80 hits10:33.61 hits3:19.42 hits1:10.00
2020-05-22 19:19:21,027 INFO Tail: mr:120.0 mrr:36.44 hits10:58.16 hits3:41.24 hits1:25.51
2020-05-22 19:19:21,027 INFO All: mr:199.0 mrr:27.12 hits10:45.88 hits3:30.33 hits1:17.76
2020-05-22 19:19:21,039 INFO Start Evaling...
2020-05-22 19:22:21,883 INFO Head: mr:290.7 mrr:17.56 hits10:33.63 hits3:19.44 hits1:9.61
2020-05-22 19:22:21,884 INFO Tail: mr:130.1 mrr:36.21 hits10:57.53 hits3:40.85 hits1:25.44
2020-05-22 19:22:21,884 INFO All: mr:210.4 mrr:26.89 hits10:45.58 hits3:30.15 hits1:17.52
2020-05-22 19:22:21,897 INFO Improved and model saved
2020-05-22 19:25:41,328 INFO [199.4] Epoch 20: loss = 16.3184
2020-05-22 19:29:01,250 INFO [199.9] Epoch 21: loss = 16.2334
2020-05-22 19:32:18,718 INFO [197.5] Epoch 22: loss = 16.1328
2020-05-22 19:35:36,601 INFO [197.9] Epoch 23: loss = 16.0468
2020-05-22 19:38:55,042 INFO [198.4] Epoch 24: loss = 15.9727
2020-05-22 19:42:15,080 INFO [200.0] Epoch 25: loss = 15.9020
2020-05-22 19:45:33,205 INFO [198.1] Epoch 26: loss = 15.8335
2020-05-22 19:48:51,169 INFO [198.0] Epoch 27: loss = 15.7756
2020-05-22 19:52:09,718 INFO [198.5] Epoch 28: loss = 15.6960
2020-05-22 19:55:28,459 INFO [198.7] Epoch 29: loss = 15.6487
2020-05-22 19:55:28,460 INFO Start Evaling...
2020-05-22 19:58:05,928 INFO Head: mr:276.9 mrr:18.17 hits10:34.04 hits3:19.79 hits1:10.32
2020-05-22 19:58:05,928 INFO Tail: mr:117.5 mrr:37.32 hits10:58.68 hits3:42.14 hits1:26.54
2020-05-22 19:58:05,928 INFO All: mr:197.2 mrr:27.75 hits10:46.36 hits3:30.96 hits1:18.43
2020-05-22 19:58:05,941 INFO Start Evaling...
2020-05-22 20:01:06,414 INFO Head: mr:288.0 mrr:18.15 hits10:33.97 hits3:20.12 hits1:10.28
2020-05-22 20:01:06,415 INFO Tail: mr:127.9 mrr:36.84 hits10:58.31 hits3:41.70 hits1:26.02
2020-05-22 20:01:06,415 INFO All: mr:208.0 mrr:27.50 hits10:46.14 hits3:30.91 hits1:18.15
2020-05-22 20:01:06,429 INFO Improved and model saved
2020-05-22 20:04:25,840 INFO [199.4] Epoch 30: loss = 15.5963
2020-05-22 20:07:45,636 INFO [199.8] Epoch 31: loss = 15.5535
2020-05-22 20:11:04,557 INFO [198.9] Epoch 32: loss = 15.5076
2020-05-22 20:14:23,756 INFO [199.2] Epoch 33: loss = 15.4544
2020-05-22 20:17:43,157 INFO [199.4] Epoch 34: loss = 15.4312
2020-05-22 20:21:03,166 INFO [200.0] Epoch 35: loss = 15.3947
2020-05-22 20:24:22,401 INFO [199.2] Epoch 36: loss = 15.3638
2020-05-22 20:27:41,844 INFO [199.4] Epoch 37: loss = 15.2878
2020-05-22 20:30:59,938 INFO [198.1] Epoch 38: loss = 15.2762
2020-05-22 20:34:19,207 INFO [199.3] Epoch 39: loss = 15.2322
2020-05-22 20:34:19,208 INFO Start Evaling...
2020-05-22 20:36:58,421 INFO Head: mr:271.7 mrr:18.48 hits10:34.35 hits3:20.11 hits1:10.63
2020-05-22 20:36:58,421 INFO Tail: mr:118.1 mrr:37.33 hits10:58.86 hits3:42.35 hits1:26.45
2020-05-22 20:36:58,421 INFO All: mr:194.9 mrr:27.91 hits10:46.60 hits3:31.23 hits1:18.54
2020-05-22 20:36:58,435 INFO Start Evaling...
2020-05-22 20:40:01,339 INFO Head: mr:282.3 mrr:18.20 hits10:34.33 hits3:20.12 hits1:10.22
2020-05-22 20:40:01,339 INFO Tail: mr:128.2 mrr:36.95 hits10:58.30 hits3:41.67 hits1:26.19
2020-05-22 20:40:01,339 INFO All: mr:205.2 mrr:27.58 hits10:46.31 hits3:30.90 hits1:18.21
2020-05-22 20:40:01,354 INFO Improved and model saved
2020-05-22 20:43:19,697 INFO [198.3] Epoch 40: loss = 15.2112
2020-05-22 20:46:37,777 INFO [198.1] Epoch 41: loss = 15.1854
2020-05-22 20:49:54,880 INFO [197.1] Epoch 42: loss = 15.1753
2020-05-22 20:53:11,642 INFO [196.8] Epoch 43: loss = 15.1003
2020-05-22 20:56:28,393 INFO [196.8] Epoch 44: loss = 15.1025
2020-05-22 20:59:46,257 INFO [197.9] Epoch 45: loss = 15.0655
2020-05-22 21:03:03,456 INFO [197.2] Epoch 46: loss = 15.0437
2020-05-22 21:06:20,056 INFO [196.6] Epoch 47: loss = 15.0162
2020-05-22 21:09:36,816 INFO [196.8] Epoch 48: loss = 14.9837
2020-05-22 21:47:44,492 INFO [2287.7] Epoch 49: loss = 14.9819
2020-05-22 21:47:44,493 INFO Start Evaling...
2020-05-22 21:50:22,376 INFO Head: mr:272.8 mrr:18.32 hits10:34.66 hits3:20.27 hits1:10.27
2020-05-22 21:50:22,376 INFO Tail: mr:117.1 mrr:37.59 hits10:59.20 hits3:42.54 hits1:26.67
2020-05-22 21:50:22,376 INFO All: mr:194.9 mrr:27.95 hits10:46.93 hits3:31.41 hits1:18.47
2020-05-22 21:50:22,388 INFO Start Evaling...
2020-05-22 21:53:23,252 INFO Head: mr:283.7 mrr:18.22 hits10:34.48 hits3:20.09 hits1:10.20
2020-05-22 21:53:23,253 INFO Tail: mr:127.8 mrr:37.06 hits10:58.56 hits3:42.11 hits1:26.12
2020-05-22 21:53:23,253 INFO All: mr:205.7 mrr:27.64 hits10:46.52 hits3:31.10 hits1:18.16
2020-05-22 21:53:23,265 INFO Improved and model saved
2020-05-22 21:56:41,047 INFO [197.8] Epoch 50: loss = 14.9471
2020-05-22 21:59:57,870 INFO [196.8] Epoch 51: loss = 14.9130
2020-05-22 22:03:14,597 INFO [196.7] Epoch 52: loss = 14.9295
2020-05-22 22:06:31,069 INFO [196.5] Epoch 53: loss = 14.9021
2020-05-22 22:09:48,967 INFO [197.9] Epoch 54: loss = 14.8906
2020-05-22 22:13:05,907 INFO [196.9] Epoch 55: loss = 14.8738
2020-05-22 22:16:22,978 INFO [197.1] Epoch 56: loss = 14.8356
2020-05-22 22:19:40,015 INFO [197.0] Epoch 57: loss = 14.8492
2020-05-22 22:22:56,878 INFO [196.9] Epoch 58: loss = 14.8070
2020-05-22 22:26:13,926 INFO [197.0] Epoch 59: loss = 14.7933
2020-05-22 22:26:13,926 INFO Start Evaling...
2020-05-22 22:28:52,990 INFO Head: mr:273.2 mrr:18.43 hits10:34.33 hits3:20.30 hits1:10.45
2020-05-22 22:28:52,990 INFO Tail: mr:116.6 mrr:37.65 hits10:59.09 hits3:42.69 hits1:26.75
2020-05-22 22:28:52,991 INFO All: mr:194.9 mrr:28.04 hits10:46.71 hits3:31.50 hits1:18.60
2020-05-22 22:28:53,003 INFO Start Evaling...
2020-05-22 22:31:55,735 INFO Head: mr:283.7 mrr:18.26 hits10:34.67 hits3:20.31 hits1:10.08
2020-05-22 22:31:55,735 INFO Tail: mr:130.2 mrr:37.15 hits10:58.58 hits3:41.95 hits1:26.28
2020-05-22 22:31:55,735 INFO All: mr:207.0 mrr:27.70 hits10:46.63 hits3:31.13 hits1:18.18
2020-05-22 22:31:55,749 INFO Improved and model saved
2020-05-22 22:35:16,525 INFO [200.8] Epoch 60: loss = 14.7925
2020-05-22 22:38:35,708 INFO [199.2] Epoch 61: loss = 14.7813
2020-05-22 22:41:55,367 INFO [199.7] Epoch 62: loss = 14.7647
2020-05-22 22:45:14,020 INFO [198.7] Epoch 63: loss = 14.7307
2020-05-22 22:48:32,403 INFO [198.4] Epoch 64: loss = 14.7441
2020-05-22 22:51:50,982 INFO [198.6] Epoch 65: loss = 14.7213
2020-05-22 22:55:10,322 INFO [199.3] Epoch 66: loss = 14.6985
2020-05-22 22:58:29,455 INFO [199.1] Epoch 67: loss = 14.6746
2020-05-22 23:01:49,183 INFO [199.7] Epoch 68: loss = 14.6747
2020-05-22 23:05:07,837 INFO [198.7] Epoch 69: loss = 14.6623
2020-05-22 23:05:07,837 INFO Start Evaling...
2020-05-22 23:07:46,998 INFO Head: mr:272.6 mrr:18.65 hits10:34.80 hits3:20.59 hits1:10.58
2020-05-22 23:07:46,998 INFO Tail: mr:117.8 mrr:37.66 hits10:59.35 hits3:42.64 hits1:26.69
2020-05-22 23:07:46,998 INFO All: mr:195.2 mrr:28.16 hits10:47.08 hits3:31.62 hits1:18.63
2020-05-22 23:07:47,011 INFO Start Evaling...
2020-05-22 23:10:49,746 INFO Head: mr:284.8 mrr:18.31 hits10:34.46 hits3:20.37 hits1:10.23
2020-05-22 23:10:49,746 INFO Tail: mr:130.0 mrr:37.08 hits10:58.61 hits3:42.19 hits1:26.06
2020-05-22 23:10:49,746 INFO All: mr:207.4 mrr:27.70 hits10:46.54 hits3:31.28 hits1:18.14
2020-05-22 23:10:49,761 INFO Improved and model saved
2020-05-22 23:14:08,445 INFO [198.7] Epoch 70: loss = 14.6547
2020-05-22 23:17:27,027 INFO [198.6] Epoch 71: loss = 14.6283
2020-05-22 23:20:46,314 INFO [199.3] Epoch 72: loss = 14.6321
2020-05-22 23:24:04,008 INFO [197.7] Epoch 73: loss = 14.6079
2020-05-22 23:27:22,038 INFO [198.0] Epoch 74: loss = 14.5775
2020-05-22 23:30:41,350 INFO [199.3] Epoch 75: loss = 14.5872
2020-05-22 23:34:00,531 INFO [199.2] Epoch 76: loss = 14.5886
2020-05-22 23:37:18,861 INFO [198.3] Epoch 77: loss = 14.5481
2020-05-22 23:40:37,194 INFO [198.3] Epoch 78: loss = 14.5669
2020-05-22 23:43:55,190 INFO [198.0] Epoch 79: loss = 14.5379
2020-05-22 23:43:55,190 INFO Start Evaling...
2020-05-22 23:46:34,526 INFO Head: mr:271.9 mrr:18.57 hits10:34.68 hits3:20.30 hits1:10.56
2020-05-22 23:46:34,527 INFO Tail: mr:119.5 mrr:37.73 hits10:59.35 hits3:42.53 hits1:26.90
2020-05-22 23:46:34,527 INFO All: mr:195.7 mrr:28.15 hits10:47.02 hits3:31.41 hits1:18.73
2020-05-22 23:46:34,540 INFO Start Evaling...
2020-05-22 23:49:37,434 INFO Head: mr:285.0 mrr:18.31 hits10:34.48 hits3:20.31 hits1:10.25
2020-05-22 23:49:37,434 INFO Tail: mr:129.6 mrr:37.12 hits10:58.75 hits3:42.07 hits1:26.15
2020-05-22 23:49:37,434 INFO All: mr:207.3 mrr:27.71 hits10:46.61 hits3:31.19 hits1:18.20
2020-05-22 23:49:37,449 INFO Declined in recent 1 epochs
2020-05-22 23:52:55,583 INFO [198.1] Epoch 80: loss = 14.5535
2020-05-22 23:56:13,590 INFO [198.0] Epoch 81: loss = 14.5291
2020-05-22 23:59:32,084 INFO [198.5] Epoch 82: loss = 14.5237
2020-05-23 00:02:51,287 INFO [199.2] Epoch 83: loss = 14.4820
2020-05-23 00:06:11,891 INFO [200.6] Epoch 84: loss = 14.4838
2020-05-23 00:09:30,962 INFO [199.1] Epoch 85: loss = 14.4775
2020-05-23 00:12:49,906 INFO [198.9] Epoch 86: loss = 14.4813
2020-05-23 00:16:09,526 INFO [199.6] Epoch 87: loss = 14.4797
2020-05-23 00:19:28,900 INFO [199.4] Epoch 88: loss = 14.4522
2020-05-23 00:22:48,238 INFO [199.3] Epoch 89: loss = 14.4493
2020-05-23 00:22:48,238 INFO Start Evaling...
2020-05-23 00:25:25,478 INFO Head: mr:272.4 mrr:18.53 hits10:34.47 hits3:20.68 hits1:10.49
2020-05-23 00:25:25,478 INFO Tail: mr:118.8 mrr:37.92 hits10:59.18 hits3:42.70 hits1:27.12
2020-05-23 00:25:25,479 INFO All: mr:195.6 mrr:28.23 hits10:46.83 hits3:31.69 hits1:18.81
2020-05-23 00:25:25,492 INFO Start Evaling...
2020-05-23 00:28:26,405 INFO Head: mr:285.8 mrr:18.32 hits10:34.55 hits3:20.54 hits1:10.18
2020-05-23 00:28:26,405 INFO Tail: mr:130.4 mrr:37.31 hits10:58.56 hits3:42.26 hits1:26.44
2020-05-23 00:28:26,405 INFO All: mr:208.1 mrr:27.81 hits10:46.56 hits3:31.40 hits1:18.31
2020-05-23 00:28:26,419 INFO Improved and model saved
2020-05-23 00:31:45,332 INFO [198.9] Epoch 90: loss = 14.4540
2020-05-23 00:35:05,286 INFO [200.0] Epoch 91: loss = 14.4172
2020-05-23 00:38:21,664 INFO [196.4] Epoch 92: loss = 14.4344
2020-05-23 00:41:38,308 INFO [196.6] Epoch 93: loss = 14.4352
2020-05-23 00:44:56,502 INFO [198.2] Epoch 94: loss = 14.4356
2020-05-23 00:48:16,116 INFO [199.6] Epoch 95: loss = 14.3737
2020-05-23 00:51:32,522 INFO [196.4] Epoch 96: loss = 14.4092
2020-05-23 00:54:49,173 INFO [196.7] Epoch 97: loss = 14.3911
2020-05-23 00:58:07,641 INFO [198.5] Epoch 98: loss = 14.3749
2020-05-23 01:01:26,203 INFO [198.6] Epoch 99: loss = 14.3775
2020-05-23 01:01:26,204 INFO Start Evaling...
2020-05-23 01:04:05,290 INFO Head: mr:272.7 mrr:18.66 hits10:34.59 hits3:20.53 hits1:10.67
2020-05-23 01:04:05,290 INFO Tail: mr:118.2 mrr:37.71 hits10:59.25 hits3:42.71 hits1:26.79
2020-05-23 01:04:05,291 INFO All: mr:195.4 mrr:28.19 hits10:46.92 hits3:31.62 hits1:18.73
2020-05-23 01:04:05,303 INFO Start Evaling...
2020-05-23 01:07:07,955 INFO Head: mr:286.2 mrr:18.58 hits10:34.61 hits3:20.74 hits1:10.40
2020-05-23 01:07:07,955 INFO Tail: mr:130.2 mrr:37.04 hits10:58.82 hits3:41.88 hits1:26.06
2020-05-23 01:07:07,955 INFO All: mr:208.2 mrr:27.81 hits10:46.72 hits3:31.31 hits1:18.23
2020-05-23 01:07:07,968 INFO Declined in recent 1 epochs
2020-05-23 01:10:28,064 INFO [200.1] Epoch 100: loss = 14.3447
2020-05-23 01:13:44,432 INFO [196.4] Epoch 101: loss = 14.3682
2020-05-23 01:17:03,038 INFO [198.6] Epoch 102: loss = 14.3391
2020-05-23 01:20:20,782 INFO [197.7] Epoch 103: loss = 14.3404
2020-05-23 01:23:40,405 INFO [199.6] Epoch 104: loss = 14.3283
2020-05-23 01:26:57,430 INFO [197.0] Epoch 105: loss = 14.3225
2020-05-23 01:30:15,675 INFO [198.2] Epoch 106: loss = 14.3237
2020-05-23 01:33:33,561 INFO [197.9] Epoch 107: loss = 14.3094
2020-05-23 01:36:51,855 INFO [198.3] Epoch 108: loss = 14.3300
2020-05-23 01:40:08,452 INFO [196.6] Epoch 109: loss = 14.2927
2020-05-23 01:40:08,453 INFO Start Evaling...
2020-05-23 01:42:47,619 INFO Head: mr:274.0 mrr:18.73 hits10:34.59 hits3:20.83 hits1:10.66
2020-05-23 01:42:47,619 INFO Tail: mr:118.7 mrr:38.01 hits10:59.36 hits3:42.80 hits1:27.31
2020-05-23 01:42:47,619 INFO All: mr:196.4 mrr:28.37 hits10:46.97 hits3:31.82 hits1:18.98
2020-05-23 01:42:47,631 INFO Start Evaling...
2020-05-23 01:45:50,415 INFO Head: mr:285.4 mrr:18.54 hits10:34.79 hits3:20.63 hits1:10.44
2020-05-23 01:45:50,415 INFO Tail: mr:132.2 mrr:37.31 hits10:58.62 hits3:42.25 hits1:26.51
2020-05-23 01:45:50,415 INFO All: mr:208.8 mrr:27.93 hits10:46.71 hits3:31.44 hits1:18.47
2020-05-23 01:45:50,428 INFO Improved and model saved
2020-05-23 01:49:10,546 INFO [200.1] Epoch 110: loss = 14.3005
2020-05-23 01:52:30,470 INFO [199.9] Epoch 111: loss = 14.2939
2020-05-23 01:55:48,223 INFO [197.8] Epoch 112: loss = 14.2774
2020-05-23 01:59:06,871 INFO [198.6] Epoch 113: loss = 14.2709
2020-05-23 02:02:26,910 INFO [200.0] Epoch 114: loss = 14.2556
2020-05-23 02:05:46,506 INFO [199.6] Epoch 115: loss = 14.2613
2020-05-23 02:09:04,816 INFO [198.3] Epoch 116: loss = 14.2492
2020-05-23 02:12:23,504 INFO [198.7] Epoch 117: loss = 14.2498
2020-05-23 02:15:43,127 INFO [199.6] Epoch 118: loss = 14.2403
2020-05-23 02:19:03,280 INFO [200.2] Epoch 119: loss = 14.2258
2020-05-23 02:19:03,280 INFO Start Evaling...
2020-05-23 02:21:42,473 INFO Head: mr:275.6 mrr:18.83 hits10:34.82 hits3:20.94 hits1:10.86
2020-05-23 02:21:42,473 INFO Tail: mr:119.0 mrr:37.81 hits10:59.37 hits3:42.71 hits1:26.92
2020-05-23 02:21:42,473 INFO All: mr:197.3 mrr:28.32 hits10:47.09 hits3:31.83 hits1:18.89
2020-05-23 02:21:42,486 INFO Start Evaling...
2020-05-23 02:24:45,055 INFO Head: mr:287.8 mrr:18.69 hits10:35.12 hits3:20.98 hits1:10.50
2020-05-23 02:24:45,055 INFO Tail: mr:130.3 mrr:37.17 hits10:58.79 hits3:42.02 hits1:26.24
2020-05-23 02:24:45,055 INFO All: mr:209.1 mrr:27.93 hits10:46.95 hits3:31.50 hits1:18.37
2020-05-23 02:24:45,069 INFO Declined in recent 1 epochs
2020-05-23 02:28:02,231 INFO [197.2] Epoch 120: loss = 14.2239
2020-05-23 02:31:18,831 INFO [196.6] Epoch 121: loss = 14.2177
2020-05-23 02:34:36,943 INFO [198.1] Epoch 122: loss = 14.2160
2020-05-23 02:37:54,979 INFO [198.0] Epoch 123: loss = 14.2135
2020-05-23 02:41:11,621 INFO [196.6] Epoch 124: loss = 14.2192
2020-05-23 02:44:29,141 INFO [197.5] Epoch 125: loss = 14.2072
2020-05-23 02:47:47,365 INFO [198.2] Epoch 126: loss = 14.1968
2020-05-23 02:51:05,522 INFO [198.2] Epoch 127: loss = 14.1897
2020-05-23 02:54:22,250 INFO [196.7] Epoch 128: loss = 14.1984
2020-05-23 02:57:38,621 INFO [196.4] Epoch 129: loss = 14.1759
2020-05-23 02:57:38,621 INFO Start Evaling...
2020-05-23 03:00:17,844 INFO Head: mr:278.3 mrr:18.70 hits10:35.03 hits3:20.84 hits1:10.62
2020-05-23 03:00:17,845 INFO Tail: mr:119.0 mrr:37.84 hits10:59.39 hits3:42.86 hits1:26.91
2020-05-23 03:00:17,845 INFO All: mr:198.6 mrr:28.27 hits10:47.21 hits3:31.85 hits1:18.77
2020-05-23 03:00:17,857 INFO Start Evaling...
2020-05-23 03:03:20,677 INFO Head: mr:288.7 mrr:18.55 hits10:34.79 hits3:20.78 hits1:10.43
2020-05-23 03:03:20,677 INFO Tail: mr:130.8 mrr:37.13 hits10:58.89 hits3:42.07 hits1:26.14
2020-05-23 03:03:20,677 INFO All: mr:209.7 mrr:27.84 hits10:46.84 hits3:31.43 hits1:18.28
2020-05-23 03:03:20,691 INFO Declined in recent 2 epochs
2020-05-23 03:06:40,146 INFO [199.5] Epoch 130: loss = 14.1806
2020-05-23 03:09:56,870 INFO [196.7] Epoch 131: loss = 14.1633
2020-05-23 03:13:14,561 INFO [197.7] Epoch 132: loss = 14.1750
2020-05-23 03:16:31,782 INFO [197.2] Epoch 133: loss = 14.1589
2020-05-23 03:19:49,547 INFO [197.8] Epoch 134: loss = 14.1460
2020-05-23 03:23:06,935 INFO [197.4] Epoch 135: loss = 14.1444
2020-05-23 03:26:26,097 INFO [199.2] Epoch 136: loss = 14.1425
2020-05-23 03:29:42,894 INFO [196.8] Epoch 137: loss = 14.1265
2020-05-23 03:33:00,869 INFO [198.0] Epoch 138: loss = 14.1385
2020-05-23 03:36:17,346 INFO [196.5] Epoch 139: loss = 14.1302
2020-05-23 03:36:17,346 INFO Start Evaling...
2020-05-23 03:38:56,393 INFO Head: mr:276.2 mrr:18.75 hits10:34.59 hits3:20.58 hits1:10.81
2020-05-23 03:38:56,393 INFO Tail: mr:120.1 mrr:37.73 hits10:59.44 hits3:42.70 hits1:26.82
2020-05-23 03:38:56,394 INFO All: mr:198.1 mrr:28.24 hits10:47.01 hits3:31.64 hits1:18.81
2020-05-23 03:38:56,406 INFO Start Evaling...
2020-05-23 03:41:59,334 INFO Head: mr:289.3 mrr:18.63 hits10:34.85 hits3:20.88 hits1:10.52
2020-05-23 03:41:59,334 INFO Tail: mr:130.8 mrr:37.19 hits10:58.87 hits3:42.05 hits1:26.23
2020-05-23 03:41:59,335 INFO All: mr:210.0 mrr:27.91 hits10:46.86 hits3:31.46 hits1:18.38
2020-05-23 03:41:59,348 INFO Declined in recent 3 epochs
2020-05-23 03:45:19,746 INFO [200.4] Epoch 140: loss = 14.1352
2020-05-23 03:48:38,517 INFO [198.8] Epoch 141: loss = 14.1011
2020-05-23 03:51:54,992 INFO [196.5] Epoch 142: loss = 14.1345
2020-05-23 03:55:12,880 INFO [197.9] Epoch 143: loss = 14.0941
2020-05-23 03:58:33,071 INFO [200.2] Epoch 144: loss = 14.1128
2020-05-23 04:01:52,275 INFO [199.2] Epoch 145: loss = 14.0967
2020-05-23 04:05:09,176 INFO [196.9] Epoch 146: loss = 14.1088
2020-05-23 04:08:27,424 INFO [198.2] Epoch 147: loss = 14.0823
2020-05-23 04:11:46,196 INFO [198.8] Epoch 148: loss = 14.0850
2020-05-23 04:15:04,896 INFO [198.7] Epoch 149: loss = 14.0698
2020-05-23 04:15:04,897 INFO Start Evaling...
2020-05-23 04:17:43,896 INFO Head: mr:278.3 mrr:18.75 hits10:34.84 hits3:20.84 hits1:10.60
2020-05-23 04:17:43,896 INFO Tail: mr:119.9 mrr:38.05 hits10:59.32 hits3:42.94 hits1:27.23
2020-05-23 04:17:43,896 INFO All: mr:199.1 mrr:28.40 hits10:47.08 hits3:31.89 hits1:18.92
2020-05-23 04:17:43,909 INFO Start Evaling...
2020-05-23 04:20:46,609 INFO Head: mr:291.0 mrr:18.56 hits10:34.71 hits3:20.85 hits1:10.36
2020-05-23 04:20:46,610 INFO Tail: mr:132.3 mrr:37.27 hits10:58.47 hits3:42.22 hits1:26.35
2020-05-23 04:20:46,610 INFO All: mr:211.7 mrr:27.91 hits10:46.59 hits3:31.53 hits1:18.35
2020-05-23 04:20:46,623 INFO Improved and model saved
2020-05-23 04:24:04,243 INFO [197.6] Epoch 150: loss = 14.0824
2020-05-23 04:27:22,058 INFO [197.8] Epoch 151: loss = 14.0553
2020-05-23 04:30:40,497 INFO [198.4] Epoch 152: loss = 14.0744
2020-05-23 04:33:58,857 INFO [198.4] Epoch 153: loss = 14.0590
2020-05-23 04:37:16,093 INFO [197.2] Epoch 154: loss = 14.0606
2020-05-23 04:40:33,823 INFO [197.7] Epoch 155: loss = 14.0560
2020-05-23 04:43:52,119 INFO [198.3] Epoch 156: loss = 14.0365
2020-05-23 04:47:10,325 INFO [198.2] Epoch 157: loss = 14.0444
2020-05-23 04:50:26,836 INFO [196.5] Epoch 158: loss = 14.0362
2020-05-23 04:53:44,581 INFO [197.7] Epoch 159: loss = 14.0445
2020-05-23 04:53:44,581 INFO Start Evaling...
2020-05-23 04:56:22,034 INFO Head: mr:278.5 mrr:18.72 hits10:34.87 hits3:20.78 hits1:10.62
2020-05-23 04:56:22,034 INFO Tail: mr:119.0 mrr:37.94 hits10:59.53 hits3:43.10 hits1:27.01
2020-05-23 04:56:22,034 INFO All: mr:198.7 mrr:28.33 hits10:47.20 hits3:31.94 hits1:18.82
2020-05-23 04:56:22,047 INFO Start Evaling...
2020-05-23 04:59:22,843 INFO Head: mr:289.0 mrr:18.41 hits10:34.81 hits3:20.66 hits1:10.21
2020-05-23 04:59:22,844 INFO Tail: mr:131.9 mrr:37.38 hits10:58.73 hits3:42.22 hits1:26.42
2020-05-23 04:59:22,844 INFO All: mr:210.5 mrr:27.90 hits10:46.77 hits3:31.44 hits1:18.32
2020-05-23 04:59:22,857 INFO Declined in recent 1 epochs
2020-05-23 05:02:40,784 INFO [197.9] Epoch 160: loss = 14.0310
2020-05-23 05:05:57,458 INFO [196.7] Epoch 161: loss = 14.0444
2020-05-23 05:09:13,960 INFO [196.5] Epoch 162: loss = 14.0003
