2020-03-31 08:50:53,036 INFO EPOCH: 1000
2020-03-31 08:50:53,036 INFO EVERY: 10
2020-03-31 08:50:53,036 INFO LR: 0.001
2020-03-31 08:50:53,036 INFO DIM: 100
2020-03-31 08:50:53,036 INFO BATCH_SIZE: 256
2020-03-31 08:50:53,036 INFO BATCH_SIZE2: 256
2020-03-31 08:50:53,036 INFO P: 1
2020-03-31 08:50:53,036 INFO CLIPPING_MAX_VALUE: 4.0
2020-03-31 08:50:53,036 INFO OPTIM: Adam
2020-03-31 08:50:53,036 INFO N_SAMPLE: 12
2020-03-31 08:50:53,036 INFO MODE: adve
2020-03-31 08:50:53,036 INFO GAMMA: 12.0
2020-03-31 08:50:53,036 INFO BERN: True
2020-03-31 08:50:53,036 INFO MARGIN: 4.0
2020-03-31 08:50:53,036 INFO REG: 1.0
2020-03-31 08:50:53,036 INFO LABEL_SMOOTH_EPS: 0.1
2020-03-31 08:50:53,036 INFO INPUT_DROP: 0.2
2020-03-31 08:50:53,036 INFO FEAT_DROP: 0.2
2020-03-31 08:50:53,037 INFO HIDD_DROP: 0.3
2020-03-31 08:50:53,037 INFO CHANNELS: 50
2020-03-31 08:50:53,037 INFO KERNEL_SIZE: 3
2020-03-31 08:50:53,037 INFO N_POOL: 100
2020-03-31 08:50:53,037 INFO MODEL_D: TransH
2020-03-31 08:50:53,037 INFO MODEL_G: DistMult
2020-03-31 08:50:53,037 INFO D_FILE: None
2020-03-31 08:50:53,037 INFO G_FILE: None
2020-03-31 08:50:53,037 INFO PATH: data
2020-03-31 08:50:53,037 INFO DATA: FB15K237
2020-03-31 08:50:53,037 INFO EXP_PATH: experiment/FB15K237
2020-03-31 08:50:53,037 INFO MODEL: TransH
2020-03-31 08:50:53,037 INFO V: 0
2020-03-31 08:50:53,037 INFO F: False
2020-03-31 08:50:53,037 INFO EVAL: False
2020-03-31 08:50:53,037 INFO TRAINED: False
2020-03-31 08:50:53,037 INFO PRETRAINED_NAME: None
2020-03-31 08:50:53,037 INFO EXP_NAME: TransH-FB15K237-adve-0
2020-03-31 08:50:53,037 INFO --------------------------------------
2020-03-31 08:50:57,808 INFO Dataload done
2020-03-31 08:50:57,809 INFO --------------------------------------
2020-03-31 08:50:57,809 INFO N_ENTITY: 14541
2020-03-31 08:50:57,809 INFO N_RELATION: 237
2020-03-31 08:50:57,809 INFO --------------------------------------
2020-03-31 08:51:00,440 INFO Start Training...
2020-03-31 08:51:44,505 INFO [44.1] Epoch 0: loss = 271.7246
2020-03-31 08:52:30,510 INFO [46.0] Epoch 1: loss = 169.5394
2020-03-31 08:53:18,815 INFO [48.3] Epoch 2: loss = 142.0128
2020-03-31 08:54:01,793 INFO [43.0] Epoch 3: loss = 125.6798
2020-03-31 08:54:49,908 INFO [48.1] Epoch 4: loss = 113.5926
2020-03-31 08:55:39,057 INFO [49.1] Epoch 5: loss = 104.2687
2020-03-31 08:56:45,147 INFO [66.1] Epoch 6: loss = 96.6081
2020-03-31 08:57:47,141 INFO [62.0] Epoch 7: loss = 90.5229
2020-03-31 08:58:50,978 INFO [63.8] Epoch 8: loss = 86.5286
2020-03-31 08:59:58,041 INFO [67.1] Epoch 9: loss = 82.9756
2020-03-31 08:59:58,041 INFO Start Evaling...
2020-03-31 09:00:32,119 INFO Head: mr:358.6 mrr:15.55 hits:30.00
2020-03-31 09:00:32,119 INFO Tail: mr:171.3 mrr:34.43 hits:54.37
2020-03-31 09:00:32,119 INFO All: mr:265.0 mrr:24.99 hits:42.18
2020-03-31 09:00:32,130 INFO Improved and model saved
2020-03-31 09:01:40,248 INFO [68.1] Epoch 10: loss = 80.5464
2020-03-31 09:02:50,903 INFO [70.7] Epoch 11: loss = 78.2505
2020-03-31 09:04:04,270 INFO [73.4] Epoch 12: loss = 76.3289
2020-03-31 09:05:13,076 INFO [68.8] Epoch 13: loss = 74.9171
2020-03-31 09:06:22,176 INFO [69.1] Epoch 14: loss = 73.3302
2020-03-31 09:07:24,703 INFO [62.5] Epoch 15: loss = 72.1344
2020-03-31 09:08:33,339 INFO [68.6] Epoch 16: loss = 71.1634
2020-03-31 09:09:42,935 INFO [69.6] Epoch 17: loss = 70.3529
2020-03-31 09:10:49,804 INFO [66.9] Epoch 18: loss = 70.1174
2020-03-31 09:12:00,498 INFO [70.7] Epoch 19: loss = 69.7120
2020-03-31 09:12:00,499 INFO Start Evaling...
2020-03-31 09:12:36,773 INFO Head: mr:310.4 mrr:17.22 hits:32.95
2020-03-31 09:12:36,774 INFO Tail: mr:142.5 mrr:36.69 hits:57.21
2020-03-31 09:12:36,774 INFO All: mr:226.5 mrr:26.95 hits:45.08
2020-03-31 09:12:36,788 INFO Improved and model saved
2020-03-31 09:13:28,197 INFO [51.4] Epoch 20: loss = 68.8338
2020-03-31 09:14:31,872 INFO [63.7] Epoch 21: loss = 68.2114
2020-03-31 09:15:29,127 INFO [57.3] Epoch 22: loss = 68.2125
2020-03-31 09:16:18,842 INFO [49.7] Epoch 23: loss = 67.1639
2020-03-31 09:17:21,471 INFO [62.6] Epoch 24: loss = 67.0008
2020-03-31 09:18:22,299 INFO [60.8] Epoch 25: loss = 66.9549
2020-03-31 09:19:19,591 INFO [57.3] Epoch 26: loss = 66.6474
2020-03-31 09:20:14,920 INFO [55.3] Epoch 27: loss = 66.3940
2020-03-31 09:21:11,797 INFO [56.9] Epoch 28: loss = 65.5706
2020-03-31 09:22:03,974 INFO [52.2] Epoch 29: loss = 65.9573
2020-03-31 09:22:03,974 INFO Start Evaling...
2020-03-31 09:22:38,247 INFO Head: mr:301.6 mrr:18.04 hits:34.13
2020-03-31 09:22:38,247 INFO Tail: mr:134.6 mrr:37.25 hits:57.92
2020-03-31 09:22:38,247 INFO All: mr:218.1 mrr:27.64 hits:46.03
2020-03-31 09:22:38,260 INFO Improved and model saved
2020-03-31 09:23:34,972 INFO [56.7] Epoch 30: loss = 65.7669
2020-03-31 09:24:25,711 INFO [50.7] Epoch 31: loss = 65.2011
2020-03-31 09:25:25,542 INFO [59.8] Epoch 32: loss = 65.3302
2020-03-31 09:26:32,356 INFO [66.8] Epoch 33: loss = 64.4267
2020-03-31 09:27:23,680 INFO [51.3] Epoch 34: loss = 64.7518
2020-03-31 09:28:18,500 INFO [54.8] Epoch 35: loss = 64.4167
2020-03-31 09:29:15,325 INFO [56.8] Epoch 36: loss = 64.2230
2020-03-31 09:30:07,885 INFO [52.6] Epoch 37: loss = 64.5409
2020-03-31 09:31:00,286 INFO [52.4] Epoch 38: loss = 64.0990
2020-03-31 09:32:05,620 INFO [65.3] Epoch 39: loss = 64.0704
2020-03-31 09:32:05,620 INFO Start Evaling...
2020-03-31 09:32:39,599 INFO Head: mr:292.0 mrr:18.36 hits:34.39
2020-03-31 09:32:39,599 INFO Tail: mr:130.9 mrr:37.29 hits:58.16
2020-03-31 09:32:39,600 INFO All: mr:211.5 mrr:27.82 hits:46.27
2020-03-31 09:32:39,613 INFO Improved and model saved
2020-03-31 09:33:36,224 INFO [56.6] Epoch 40: loss = 63.5581
2020-03-31 09:34:31,427 INFO [55.2] Epoch 41: loss = 64.1351
2020-03-31 09:35:24,491 INFO [53.1] Epoch 42: loss = 63.7215
2020-03-31 09:36:26,632 INFO [62.1] Epoch 43: loss = 63.4887
2020-03-31 09:37:23,216 INFO [56.6] Epoch 44: loss = 63.4163
2020-03-31 09:38:19,021 INFO [55.8] Epoch 45: loss = 62.6576
2020-03-31 09:39:11,052 INFO [52.0] Epoch 46: loss = 63.3008
2020-03-31 09:40:08,201 INFO [57.1] Epoch 47: loss = 63.0166
2020-03-31 09:41:04,885 INFO [56.7] Epoch 48: loss = 63.0480
2020-03-31 09:42:07,785 INFO [62.9] Epoch 49: loss = 63.2884
2020-03-31 09:42:07,786 INFO Start Evaling...
2020-03-31 09:42:41,985 INFO Head: mr:289.3 mrr:18.12 hits:34.55
2020-03-31 09:42:41,985 INFO Tail: mr:127.9 mrr:37.67 hits:58.76
2020-03-31 09:42:41,985 INFO All: mr:208.6 mrr:27.90 hits:46.66
2020-03-31 09:42:41,999 INFO Improved and model saved
2020-03-31 09:43:46,402 INFO [64.4] Epoch 50: loss = 62.6750
2020-03-31 09:44:42,854 INFO [56.5] Epoch 51: loss = 62.7693
2020-03-31 09:45:47,949 INFO [65.1] Epoch 52: loss = 62.7085
2020-03-31 09:46:38,009 INFO [50.1] Epoch 53: loss = 62.1401
2020-03-31 09:47:38,491 INFO [60.5] Epoch 54: loss = 62.5840
2020-03-31 09:48:27,552 INFO [49.1] Epoch 55: loss = 62.3148
2020-03-31 09:49:20,546 INFO [53.0] Epoch 56: loss = 62.6449
2020-03-31 09:50:18,352 INFO [57.8] Epoch 57: loss = 62.3566
2020-03-31 09:51:14,126 INFO [55.8] Epoch 58: loss = 62.0993
2020-03-31 09:52:14,736 INFO [60.6] Epoch 59: loss = 61.7450
2020-03-31 09:52:14,737 INFO Start Evaling...
2020-03-31 09:52:48,964 INFO Head: mr:284.6 mrr:18.80 hits:34.99
2020-03-31 09:52:48,964 INFO Tail: mr:126.9 mrr:38.00 hits:58.70
2020-03-31 09:52:48,964 INFO All: mr:205.7 mrr:28.40 hits:46.84
2020-03-31 09:52:48,978 INFO Improved and model saved
2020-03-31 09:53:48,632 INFO [59.6] Epoch 60: loss = 62.3712
2020-03-31 09:54:46,791 INFO [58.2] Epoch 61: loss = 62.0841
2020-03-31 09:55:35,033 INFO [48.2] Epoch 62: loss = 61.8625
2020-03-31 09:56:33,893 INFO [58.9] Epoch 63: loss = 62.1998
2020-03-31 09:57:39,295 INFO [65.4] Epoch 64: loss = 61.9553
2020-03-31 09:58:41,806 INFO [62.5] Epoch 65: loss = 61.7015
2020-03-31 09:59:38,482 INFO [56.7] Epoch 66: loss = 61.6606
2020-03-31 10:00:37,992 INFO [59.5] Epoch 67: loss = 61.4151
2020-03-31 10:01:35,136 INFO [57.1] Epoch 68: loss = 61.6340
2020-03-31 10:02:40,461 INFO [65.3] Epoch 69: loss = 61.2078
2020-03-31 10:02:40,461 INFO Start Evaling...
2020-03-31 10:03:10,727 INFO Head: mr:281.1 mrr:18.69 hits:34.83
2020-03-31 10:03:10,728 INFO Tail: mr:127.3 mrr:38.10 hits:58.98
2020-03-31 10:03:10,728 INFO All: mr:204.2 mrr:28.40 hits:46.91
2020-03-31 10:03:10,739 INFO Improved and model saved
2020-03-31 10:04:13,486 INFO [62.7] Epoch 70: loss = 61.1213
2020-03-31 10:05:10,988 INFO [57.5] Epoch 71: loss = 61.4550
2020-03-31 10:06:05,142 INFO [54.2] Epoch 72: loss = 61.4502
2020-03-31 10:07:09,173 INFO [64.0] Epoch 73: loss = 61.7836
2020-03-31 10:08:03,468 INFO [54.3] Epoch 74: loss = 61.1909
2020-03-31 10:08:54,001 INFO [50.5] Epoch 75: loss = 61.3668
2020-03-31 10:09:45,967 INFO [52.0] Epoch 76: loss = 61.2321
2020-03-31 10:10:35,640 INFO [49.7] Epoch 77: loss = 60.7921
2020-03-31 10:11:28,364 INFO [52.7] Epoch 78: loss = 61.1969
2020-03-31 10:12:28,347 INFO [60.0] Epoch 79: loss = 60.9218
2020-03-31 10:12:28,348 INFO Start Evaling...
2020-03-31 10:13:01,593 INFO Head: mr:280.2 mrr:18.82 hits:34.69
2020-03-31 10:13:01,593 INFO Tail: mr:123.4 mrr:38.43 hits:59.28
2020-03-31 10:13:01,593 INFO All: mr:201.8 mrr:28.62 hits:46.99
2020-03-31 10:13:01,606 INFO Improved and model saved
2020-03-31 10:14:06,333 INFO [64.7] Epoch 80: loss = 61.1243
2020-03-31 10:15:05,210 INFO [58.9] Epoch 81: loss = 60.9263
2020-03-31 10:16:02,986 INFO [57.8] Epoch 82: loss = 61.2242
2020-03-31 10:17:05,135 INFO [62.1] Epoch 83: loss = 61.2468
2020-03-31 10:18:03,626 INFO [58.5] Epoch 84: loss = 60.8584
2020-03-31 10:18:58,193 INFO [54.6] Epoch 85: loss = 61.1212
2020-03-31 10:19:54,973 INFO [56.8] Epoch 86: loss = 61.2192
2020-03-31 10:20:43,166 INFO [48.2] Epoch 87: loss = 60.7261
2020-03-31 10:21:37,565 INFO [54.4] Epoch 88: loss = 60.9466
2020-03-31 10:22:34,560 INFO [57.0] Epoch 89: loss = 60.7070
2020-03-31 10:22:34,561 INFO Start Evaling...
2020-03-31 10:23:08,254 INFO Head: mr:280.5 mrr:18.74 hits:34.76
2020-03-31 10:23:08,254 INFO Tail: mr:121.2 mrr:38.03 hits:58.99
2020-03-31 10:23:08,254 INFO All: mr:200.8 mrr:28.38 hits:46.87
2020-03-31 10:23:08,265 INFO Declined in recent 1 epochs
2020-03-31 10:24:08,800 INFO [60.5] Epoch 90: loss = 60.6596
2020-03-31 10:25:00,321 INFO [51.5] Epoch 91: loss = 60.5999
2020-03-31 10:25:58,921 INFO [58.6] Epoch 92: loss = 60.9370
2020-03-31 10:26:54,348 INFO [55.4] Epoch 93: loss = 60.5595
2020-03-31 10:27:58,462 INFO [64.1] Epoch 94: loss = 61.0431
2020-03-31 10:29:03,821 INFO [65.4] Epoch 95: loss = 60.6640
2020-03-31 10:29:59,592 INFO [55.8] Epoch 96: loss = 60.5933
2020-03-31 10:31:07,492 INFO [67.9] Epoch 97: loss = 60.1784
2020-03-31 10:32:03,665 INFO [56.2] Epoch 98: loss = 60.6139
2020-03-31 10:33:17,269 INFO [73.6] Epoch 99: loss = 60.8292
2020-03-31 10:33:17,270 INFO Start Evaling...
2020-03-31 10:33:51,622 INFO Head: mr:282.8 mrr:18.83 hits:35.23
2020-03-31 10:33:51,623 INFO Tail: mr:122.3 mrr:37.85 hits:58.71
2020-03-31 10:33:51,623 INFO All: mr:202.5 mrr:28.34 hits:46.97
2020-03-31 10:33:51,646 INFO Declined in recent 2 epochs
2020-03-31 10:35:03,416 INFO [71.8] Epoch 100: loss = 60.1841
2020-03-31 10:35:58,178 INFO [54.8] Epoch 101: loss = 60.3241
2020-03-31 10:37:13,463 INFO [75.3] Epoch 102: loss = 60.4116
2020-03-31 10:38:14,709 INFO [61.2] Epoch 103: loss = 60.4704
2020-03-31 10:39:28,187 INFO [73.5] Epoch 104: loss = 60.1296
2020-03-31 10:40:33,663 INFO [65.5] Epoch 105: loss = 60.2816
2020-03-31 10:41:43,866 INFO [70.2] Epoch 106: loss = 59.8826
2020-03-31 10:42:50,057 INFO [66.2] Epoch 107: loss = 60.3978
2020-03-31 10:44:04,169 INFO [74.1] Epoch 108: loss = 60.5253
2020-03-31 10:45:15,659 INFO [71.5] Epoch 109: loss = 60.4036
2020-03-31 10:45:15,659 INFO Start Evaling...
2020-03-31 10:45:49,828 INFO Head: mr:278.2 mrr:18.93 hits:35.34
2020-03-31 10:45:49,828 INFO Tail: mr:121.8 mrr:37.94 hits:59.07
2020-03-31 10:45:49,828 INFO All: mr:200.0 mrr:28.43 hits:47.21
2020-03-31 10:45:49,845 INFO Improved and model saved
2020-03-31 10:46:52,113 INFO [62.3] Epoch 110: loss = 60.3178
2020-03-31 10:47:56,283 INFO [64.2] Epoch 111: loss = 60.3110
2020-03-31 10:48:52,259 INFO [56.0] Epoch 112: loss = 59.9698
2020-03-31 10:49:59,024 INFO [66.8] Epoch 113: loss = 60.5885
2020-03-31 10:51:08,869 INFO [69.8] Epoch 114: loss = 60.1579
2020-03-31 10:51:59,737 INFO [50.9] Epoch 115: loss = 60.6748
2020-03-31 10:53:01,798 INFO [62.1] Epoch 116: loss = 60.4635
2020-03-31 10:54:03,262 INFO [61.5] Epoch 117: loss = 59.9472
2020-03-31 10:55:07,393 INFO [64.1] Epoch 118: loss = 60.0930
2020-03-31 10:56:13,927 INFO [66.5] Epoch 119: loss = 60.3494
2020-03-31 10:56:13,927 INFO Start Evaling...
2020-03-31 10:56:48,539 INFO Head: mr:280.3 mrr:18.93 hits:35.32
2020-03-31 10:56:48,540 INFO Tail: mr:122.1 mrr:38.04 hits:59.00
2020-03-31 10:56:48,540 INFO All: mr:201.2 mrr:28.48 hits:47.16
2020-03-31 10:56:48,549 INFO Declined in recent 1 epochs
2020-03-31 10:57:51,705 INFO [63.2] Epoch 120: loss = 60.3240
2020-03-31 10:58:57,805 INFO [66.1] Epoch 121: loss = 59.8016
2020-03-31 10:59:50,576 INFO [52.8] Epoch 122: loss = 59.8698
2020-03-31 11:00:59,400 INFO [68.8] Epoch 123: loss = 60.2780
2020-03-31 11:02:06,924 INFO [67.5] Epoch 124: loss = 60.1628
2020-03-31 11:03:08,818 INFO [61.9] Epoch 125: loss = 60.2760
2020-03-31 11:04:10,126 INFO [61.3] Epoch 126: loss = 59.8749
2020-03-31 11:05:22,946 INFO [72.8] Epoch 127: loss = 59.9065
2020-03-31 11:06:29,668 INFO [66.7] Epoch 128: loss = 60.0815
2020-03-31 11:07:37,408 INFO [67.7] Epoch 129: loss = 59.7868
2020-03-31 11:07:37,409 INFO Start Evaling...
2020-03-31 11:08:11,695 INFO Head: mr:275.6 mrr:18.90 hits:35.39
2020-03-31 11:08:11,695 INFO Tail: mr:121.2 mrr:38.25 hits:59.07
2020-03-31 11:08:11,695 INFO All: mr:198.4 mrr:28.57 hits:47.23
2020-03-31 11:08:11,704 INFO Improved and model saved
2020-03-31 11:09:15,148 INFO [63.4] Epoch 130: loss = 59.5952
2020-03-31 11:10:06,756 INFO [51.6] Epoch 131: loss = 59.4602
2020-03-31 11:11:05,485 INFO [58.7] Epoch 132: loss = 59.4280
2020-03-31 11:12:11,575 INFO [66.1] Epoch 133: loss = 59.8162
2020-03-31 11:13:11,915 INFO [60.3] Epoch 134: loss = 60.1634
2020-03-31 11:14:12,013 INFO [60.1] Epoch 135: loss = 59.5427
2020-03-31 11:15:10,943 INFO [58.9] Epoch 136: loss = 59.4275
2020-03-31 11:16:10,672 INFO [59.7] Epoch 137: loss = 59.8292
2020-03-31 11:17:11,804 INFO [61.1] Epoch 138: loss = 59.9372
2020-03-31 11:18:23,561 INFO [71.8] Epoch 139: loss = 59.6791
2020-03-31 11:18:23,562 INFO Start Evaling...
2020-03-31 11:18:56,571 INFO Head: mr:279.9 mrr:18.66 hits:34.82
2020-03-31 11:18:56,572 INFO Tail: mr:123.9 mrr:38.38 hits:58.98
2020-03-31 11:18:56,572 INFO All: mr:201.9 mrr:28.52 hits:46.90
2020-03-31 11:18:56,598 INFO Declined in recent 1 epochs
2020-03-31 11:20:06,370 INFO [69.8] Epoch 140: loss = 59.8563
2020-03-31 11:20:59,988 INFO [53.6] Epoch 141: loss = 60.1006
2020-03-31 11:21:56,510 INFO [56.5] Epoch 142: loss = 59.8554
2020-03-31 11:23:12,108 INFO [75.6] Epoch 143: loss = 59.7119
2020-03-31 11:24:17,424 INFO [65.3] Epoch 144: loss = 59.6667
2020-03-31 11:25:31,432 INFO [74.0] Epoch 145: loss = 59.8518
2020-03-31 11:26:43,706 INFO [72.3] Epoch 146: loss = 59.6992
2020-03-31 11:28:01,557 INFO [77.9] Epoch 147: loss = 59.5935
2020-03-31 11:29:15,829 INFO [74.3] Epoch 148: loss = 59.2026
2020-03-31 11:30:22,687 INFO [66.9] Epoch 149: loss = 59.9779
2020-03-31 11:30:22,688 INFO Start Evaling...
2020-03-31 11:30:55,930 INFO Head: mr:279.5 mrr:18.91 hits:34.98
2020-03-31 11:30:55,931 INFO Tail: mr:120.9 mrr:37.98 hits:59.02
2020-03-31 11:30:55,931 INFO All: mr:200.2 mrr:28.45 hits:47.00
2020-03-31 11:30:55,960 INFO Declined in recent 2 epochs
2020-03-31 11:32:02,806 INFO [66.8] Epoch 150: loss = 59.4490
2020-03-31 11:33:05,741 INFO [62.9] Epoch 151: loss = 59.5335
2020-03-31 11:34:18,450 INFO [72.7] Epoch 152: loss = 59.5174
2020-03-31 11:35:33,989 INFO [75.5] Epoch 153: loss = 59.5181
2020-03-31 11:36:44,982 INFO [71.0] Epoch 154: loss = 59.7516
2020-03-31 11:37:50,918 INFO [65.9] Epoch 155: loss = 59.0813
2020-03-31 11:38:47,550 INFO [56.6] Epoch 156: loss = 59.8231
2020-03-31 11:39:45,364 INFO [57.8] Epoch 157: loss = 59.4660
2020-03-31 11:40:48,988 INFO [63.6] Epoch 158: loss = 59.4665
2020-03-31 11:42:03,396 INFO [74.4] Epoch 159: loss = 60.0023
2020-03-31 11:42:03,396 INFO Start Evaling...
2020-03-31 11:42:36,976 INFO Head: mr:269.6 mrr:18.69 hits:35.39
2020-03-31 11:42:36,976 INFO Tail: mr:121.6 mrr:38.55 hits:59.38
2020-03-31 11:42:36,976 INFO All: mr:195.6 mrr:28.62 hits:47.39
2020-03-31 11:42:36,990 INFO Improved and model saved
2020-03-31 11:43:46,605 INFO [69.6] Epoch 160: loss = 59.5367
2020-03-31 11:44:47,601 INFO [61.0] Epoch 161: loss = 59.3317
2020-03-31 11:45:50,294 INFO [62.7] Epoch 162: loss = 59.7106
2020-03-31 11:47:00,273 INFO [70.0] Epoch 163: loss = 59.4626
2020-03-31 11:48:03,416 INFO [63.1] Epoch 164: loss = 59.9791
2020-03-31 11:48:54,336 INFO [50.9] Epoch 165: loss = 59.4222
2020-03-31 11:49:52,457 INFO [58.1] Epoch 166: loss = 59.1880
2020-03-31 11:50:41,721 INFO [49.3] Epoch 167: loss = 59.3907
2020-03-31 11:51:26,477 INFO [44.8] Epoch 168: loss = 59.2973
2020-03-31 11:52:21,904 INFO [55.4] Epoch 169: loss = 59.2296
2020-03-31 11:52:21,904 INFO Start Evaling...
2020-03-31 11:52:52,622 INFO Head: mr:277.2 mrr:18.69 hits:35.66
2020-03-31 11:52:52,622 INFO Tail: mr:122.9 mrr:38.33 hits:59.35
2020-03-31 11:52:52,622 INFO All: mr:200.0 mrr:28.51 hits:47.50
2020-03-31 11:52:52,633 INFO Improved and model saved
2020-03-31 11:53:58,529 INFO [65.9] Epoch 170: loss = 59.6183
2020-03-31 11:55:14,666 INFO [76.1] Epoch 171: loss = 59.4746
2020-03-31 11:56:21,384 INFO [66.7] Epoch 172: loss = 59.4631
2020-03-31 11:57:09,216 INFO [47.8] Epoch 173: loss = 59.3311
2020-03-31 11:58:24,527 INFO [75.3] Epoch 174: loss = 59.2056
2020-03-31 11:59:32,226 INFO [67.7] Epoch 175: loss = 59.3169
2020-03-31 12:00:35,588 INFO [63.4] Epoch 176: loss = 59.4758
2020-03-31 12:01:33,510 INFO [57.9] Epoch 177: loss = 59.2431
2020-03-31 12:02:27,076 INFO [53.6] Epoch 178: loss = 58.8327
2020-03-31 12:03:22,507 INFO [55.4] Epoch 179: loss = 59.3100
2020-03-31 12:03:22,507 INFO Start Evaling...
2020-03-31 12:03:56,280 INFO Head: mr:278.4 mrr:18.59 hits:35.16
2020-03-31 12:03:56,281 INFO Tail: mr:124.4 mrr:38.20 hits:59.21
2020-03-31 12:03:56,281 INFO All: mr:201.4 mrr:28.39 hits:47.19
2020-03-31 12:03:56,293 INFO Declined in recent 1 epochs
2020-03-31 12:05:12,755 INFO [76.5] Epoch 180: loss = 59.2672
2020-03-31 12:06:29,991 INFO [77.2] Epoch 181: loss = 59.3155
2020-03-31 12:07:41,230 INFO [71.2] Epoch 182: loss = 59.2894
2020-03-31 12:08:49,015 INFO [67.8] Epoch 183: loss = 59.2056
2020-03-31 12:09:53,881 INFO [64.9] Epoch 184: loss = 59.2355
2020-03-31 12:10:55,770 INFO [61.9] Epoch 185: loss = 59.5908
2020-03-31 12:11:44,577 INFO [48.8] Epoch 186: loss = 59.2700
2020-03-31 12:12:47,543 INFO [63.0] Epoch 187: loss = 59.4325
2020-03-31 12:14:01,054 INFO [73.5] Epoch 188: loss = 59.4060
2020-03-31 12:15:09,456 INFO [68.4] Epoch 189: loss = 59.2729
2020-03-31 12:15:09,457 INFO Start Evaling...
2020-03-31 12:15:44,291 INFO Head: mr:275.9 mrr:18.91 hits:35.19
2020-03-31 12:15:44,292 INFO Tail: mr:122.6 mrr:38.16 hits:59.53
2020-03-31 12:15:44,292 INFO All: mr:199.2 mrr:28.53 hits:47.36
2020-03-31 12:15:44,303 INFO Declined in recent 2 epochs
2020-03-31 12:16:49,949 INFO [65.6] Epoch 190: loss = 59.2522
2020-03-31 12:17:57,618 INFO [67.7] Epoch 191: loss = 59.2364
2020-03-31 12:18:54,259 INFO [56.6] Epoch 192: loss = 59.2674
2020-03-31 12:20:01,773 INFO [67.5] Epoch 193: loss = 58.7207
2020-03-31 12:21:00,343 INFO [58.6] Epoch 194: loss = 59.2725
2020-03-31 12:22:12,658 INFO [72.3] Epoch 195: loss = 59.1544
2020-03-31 12:23:29,925 INFO [77.3] Epoch 196: loss = 59.0458
2020-03-31 12:24:34,176 INFO [64.3] Epoch 197: loss = 59.7445
2020-03-31 12:25:47,720 INFO [73.5] Epoch 198: loss = 59.3103
2020-03-31 12:26:58,404 INFO [70.7] Epoch 199: loss = 59.3111
2020-03-31 12:26:58,405 INFO Start Evaling...
2020-03-31 12:27:33,726 INFO Head: mr:272.5 mrr:18.75 hits:34.95
2020-03-31 12:27:33,727 INFO Tail: mr:121.3 mrr:38.06 hits:59.34
2020-03-31 12:27:33,727 INFO All: mr:196.9 mrr:28.41 hits:47.15
2020-03-31 12:27:33,737 INFO Declined in recent 3 epochs
2020-03-31 12:28:49,136 INFO [75.4] Epoch 200: loss = 59.5961
2020-03-31 12:29:48,668 INFO [59.5] Epoch 201: loss = 59.4000
2020-03-31 12:30:59,363 INFO [70.7] Epoch 202: loss = 59.1862
2020-03-31 12:31:46,240 INFO [46.9] Epoch 203: loss = 59.0877
2020-03-31 12:32:55,864 INFO [69.6] Epoch 204: loss = 59.0562
2020-03-31 12:34:08,408 INFO [72.5] Epoch 205: loss = 59.1716
2020-03-31 12:35:16,949 INFO [68.5] Epoch 206: loss = 59.0014
2020-03-31 12:36:23,209 INFO [66.3] Epoch 207: loss = 59.2095
2020-03-31 12:37:26,096 INFO [62.9] Epoch 208: loss = 58.9989
2020-03-31 12:38:27,886 INFO [61.8] Epoch 209: loss = 59.3665
2020-03-31 12:38:27,887 INFO Start Evaling...
2020-03-31 12:39:02,503 INFO Head: mr:273.1 mrr:18.47 hits:35.15
2020-03-31 12:39:02,503 INFO Tail: mr:121.8 mrr:38.49 hits:59.53
2020-03-31 12:39:02,503 INFO All: mr:197.4 mrr:28.48 hits:47.34
2020-03-31 12:39:02,513 INFO Declined in recent 4 epochs
2020-03-31 12:40:01,109 INFO [58.6] Epoch 210: loss = 59.6274
2020-03-31 12:41:10,545 INFO [69.4] Epoch 211: loss = 59.2488
2020-03-31 12:41:59,151 INFO [48.6] Epoch 212: loss = 59.4827
2020-03-31 12:43:03,992 INFO [64.8] Epoch 213: loss = 58.9093
2020-03-31 12:44:13,004 INFO [69.0] Epoch 214: loss = 58.9138
2020-03-31 12:45:19,775 INFO [66.8] Epoch 215: loss = 58.9853
2020-03-31 12:46:22,612 INFO [62.8] Epoch 216: loss = 59.1232
2020-03-31 12:47:24,672 INFO [62.1] Epoch 217: loss = 58.7543
2020-03-31 12:48:10,517 INFO [45.8] Epoch 218: loss = 58.6909
2020-03-31 12:49:07,970 INFO [57.5] Epoch 219: loss = 59.0679
2020-03-31 12:49:07,971 INFO Start Evaling...
2020-03-31 12:49:40,555 INFO Head: mr:266.1 mrr:18.84 hits:35.59
2020-03-31 12:49:40,556 INFO Tail: mr:121.4 mrr:38.43 hits:59.61
2020-03-31 12:49:40,556 INFO All: mr:193.8 mrr:28.63 hits:47.60
2020-03-31 12:49:40,570 INFO Improved and model saved
2020-03-31 12:50:46,950 INFO [66.4] Epoch 220: loss = 59.2191
2020-03-31 12:51:35,485 INFO [48.5] Epoch 221: loss = 58.9226
2020-03-31 12:52:44,976 INFO [69.5] Epoch 222: loss = 58.9631
2020-03-31 12:54:00,553 INFO [75.6] Epoch 223: loss = 59.2512
2020-03-31 12:55:05,833 INFO [65.3] Epoch 224: loss = 59.1188
2020-03-31 12:56:07,977 INFO [62.1] Epoch 225: loss = 59.2366
2020-03-31 12:57:18,499 INFO [70.5] Epoch 226: loss = 59.4037
2020-03-31 12:58:35,595 INFO [77.1] Epoch 227: loss = 59.1492
2020-03-31 12:59:49,556 INFO [74.0] Epoch 228: loss = 58.9177
2020-03-31 13:00:35,666 INFO [46.1] Epoch 229: loss = 58.9976
2020-03-31 13:00:35,666 INFO Start Evaling...
2020-03-31 13:01:10,760 INFO Head: mr:275.6 mrr:18.76 hits:35.48
2020-03-31 13:01:10,760 INFO Tail: mr:123.1 mrr:38.14 hits:59.68
2020-03-31 13:01:10,760 INFO All: mr:199.3 mrr:28.45 hits:47.58
2020-03-31 13:01:10,774 INFO Declined in recent 1 epochs
2020-03-31 13:02:05,651 INFO [54.9] Epoch 230: loss = 58.8542
2020-03-31 13:03:13,734 INFO [68.1] Epoch 231: loss = 59.1338
2020-03-31 13:04:09,622 INFO [55.9] Epoch 232: loss = 59.2348
2020-03-31 13:05:16,510 INFO [66.9] Epoch 233: loss = 58.8989
2020-03-31 13:06:26,299 INFO [69.8] Epoch 234: loss = 59.1323
2020-03-31 13:07:39,799 INFO [73.5] Epoch 235: loss = 58.9647
2020-03-31 13:08:51,908 INFO [72.1] Epoch 236: loss = 58.8563
2020-03-31 13:09:45,627 INFO [53.7] Epoch 237: loss = 58.9792
2020-03-31 13:10:43,490 INFO [57.9] Epoch 238: loss = 58.9845
2020-03-31 13:11:37,613 INFO [54.1] Epoch 239: loss = 59.1430
2020-03-31 13:11:37,613 INFO Start Evaling...
2020-03-31 13:12:12,941 INFO Head: mr:272.5 mrr:18.84 hits:35.09
2020-03-31 13:12:12,941 INFO Tail: mr:123.0 mrr:38.46 hits:59.56
2020-03-31 13:12:12,942 INFO All: mr:197.7 mrr:28.65 hits:47.33
2020-03-31 13:12:12,954 INFO Declined in recent 2 epochs
2020-03-31 13:13:01,778 INFO [48.8] Epoch 240: loss = 58.7044
2020-03-31 13:14:02,038 INFO [60.3] Epoch 241: loss = 58.8758
2020-03-31 13:14:57,938 INFO [55.9] Epoch 242: loss = 58.5713
2020-03-31 13:15:58,003 INFO [60.1] Epoch 243: loss = 59.0181
2020-03-31 13:16:58,490 INFO [60.5] Epoch 244: loss = 58.6582
2020-03-31 13:17:57,302 INFO [58.8] Epoch 245: loss = 59.2054
2020-03-31 13:19:00,415 INFO [63.1] Epoch 246: loss = 59.0705
2020-03-31 13:19:59,141 INFO [58.7] Epoch 247: loss = 58.7991
2020-03-31 13:20:54,753 INFO [55.6] Epoch 248: loss = 59.1574
2020-03-31 13:21:44,900 INFO [50.1] Epoch 249: loss = 59.1703
2020-03-31 13:21:44,901 INFO Start Evaling...
2020-03-31 13:22:17,390 INFO Head: mr:273.9 mrr:18.91 hits:35.52
2020-03-31 13:22:17,390 INFO Tail: mr:119.4 mrr:38.49 hits:59.98
2020-03-31 13:22:17,390 INFO All: mr:196.7 mrr:28.70 hits:47.75
2020-03-31 13:22:17,404 INFO Improved and model saved
2020-03-31 13:23:09,481 INFO [52.1] Epoch 250: loss = 59.0078
2020-03-31 13:24:02,098 INFO [52.6] Epoch 251: loss = 58.3341
2020-03-31 13:25:02,902 INFO [60.8] Epoch 252: loss = 59.0519
2020-03-31 13:25:58,206 INFO [55.3] Epoch 253: loss = 59.0238
2020-03-31 13:26:54,194 INFO [56.0] Epoch 254: loss = 58.6261
2020-03-31 13:27:49,432 INFO [55.2] Epoch 255: loss = 58.9488
2020-03-31 13:28:48,984 INFO [59.6] Epoch 256: loss = 58.9309
2020-03-31 13:29:47,120 INFO [58.1] Epoch 257: loss = 59.0352
2020-03-31 13:30:42,689 INFO [55.6] Epoch 258: loss = 59.2027
2020-03-31 13:31:38,955 INFO [56.3] Epoch 259: loss = 58.7012
2020-03-31 13:31:38,955 INFO Start Evaling...
2020-03-31 13:32:14,362 INFO Head: mr:273.6 mrr:18.90 hits:34.87
2020-03-31 13:32:14,362 INFO Tail: mr:120.8 mrr:38.32 hits:59.41
2020-03-31 13:32:14,362 INFO All: mr:197.2 mrr:28.61 hits:47.14
2020-03-31 13:32:14,373 INFO Declined in recent 1 epochs
2020-03-31 13:33:10,941 INFO [56.6] Epoch 260: loss = 58.3667
2020-03-31 13:34:07,924 INFO [57.0] Epoch 261: loss = 58.5459
2020-03-31 13:35:06,293 INFO [58.4] Epoch 262: loss = 59.3121
2020-03-31 13:36:03,753 INFO [57.5] Epoch 263: loss = 58.6953
2020-03-31 13:36:58,238 INFO [54.5] Epoch 264: loss = 58.9554
2020-03-31 13:37:59,004 INFO [60.8] Epoch 265: loss = 58.8049
2020-03-31 13:38:55,653 INFO [56.6] Epoch 266: loss = 58.6757
2020-03-31 13:39:49,938 INFO [54.3] Epoch 267: loss = 58.7372
2020-03-31 13:40:48,894 INFO [59.0] Epoch 268: loss = 58.8415
2020-03-31 13:41:51,835 INFO [62.9] Epoch 269: loss = 58.8770
2020-03-31 13:41:51,836 INFO Start Evaling...
2020-03-31 13:42:25,227 INFO Head: mr:269.0 mrr:18.85 hits:35.35
2020-03-31 13:42:25,228 INFO Tail: mr:124.0 mrr:38.51 hits:59.65
2020-03-31 13:42:25,228 INFO All: mr:196.5 mrr:28.68 hits:47.50
2020-03-31 13:42:25,240 INFO Declined in recent 2 epochs
2020-03-31 13:43:23,730 INFO [58.5] Epoch 270: loss = 58.3364
2020-03-31 13:44:26,534 INFO [62.8] Epoch 271: loss = 58.9748
2020-03-31 13:45:15,857 INFO [49.3] Epoch 272: loss = 58.4859
2020-03-31 13:46:13,274 INFO [57.4] Epoch 273: loss = 58.5442
2020-03-31 13:47:20,281 INFO [67.0] Epoch 274: loss = 58.8039
2020-03-31 13:48:22,892 INFO [62.6] Epoch 275: loss = 58.4509
2020-03-31 13:49:27,124 INFO [64.2] Epoch 276: loss = 58.2016
2020-03-31 13:50:34,668 INFO [67.5] Epoch 277: loss = 58.6463
2020-03-31 13:51:37,177 INFO [62.5] Epoch 278: loss = 58.6683
2020-03-31 13:52:42,120 INFO [64.9] Epoch 279: loss = 58.9036
2020-03-31 13:52:42,124 INFO Start Evaling...
2020-03-31 13:53:16,311 INFO Head: mr:270.8 mrr:18.68 hits:35.31
2020-03-31 13:53:16,311 INFO Tail: mr:120.8 mrr:38.49 hits:59.44
2020-03-31 13:53:16,311 INFO All: mr:195.8 mrr:28.58 hits:47.38
2020-03-31 13:53:16,328 INFO Declined in recent 3 epochs
2020-03-31 13:54:11,324 INFO [55.0] Epoch 280: loss = 58.7716
2020-03-31 13:55:13,810 INFO [62.5] Epoch 281: loss = 58.9177
2020-03-31 13:56:06,821 INFO [53.0] Epoch 282: loss = 59.1985
2020-03-31 13:57:05,866 INFO [59.0] Epoch 283: loss = 58.6185
2020-03-31 13:58:07,067 INFO [61.2] Epoch 284: loss = 59.0902
2020-03-31 13:59:03,497 INFO [56.4] Epoch 285: loss = 58.6394
2020-03-31 14:00:04,460 INFO [61.0] Epoch 286: loss = 58.6619
2020-03-31 14:01:03,212 INFO [58.8] Epoch 287: loss = 58.8517
2020-03-31 14:02:07,071 INFO [63.9] Epoch 288: loss = 58.6709
2020-03-31 14:02:59,984 INFO [52.9] Epoch 289: loss = 58.7649
2020-03-31 14:02:59,984 INFO Start Evaling...
2020-03-31 14:03:34,695 INFO Head: mr:272.9 mrr:18.84 hits:35.45
2020-03-31 14:03:34,695 INFO Tail: mr:118.4 mrr:38.72 hits:59.69
2020-03-31 14:03:34,695 INFO All: mr:195.6 mrr:28.78 hits:47.57
2020-03-31 14:03:34,707 INFO Declined in recent 4 epochs
2020-03-31 14:04:27,320 INFO [52.6] Epoch 290: loss = 58.6287
2020-03-31 14:05:24,116 INFO [56.8] Epoch 291: loss = 58.6063
2020-03-31 14:06:27,923 INFO [63.8] Epoch 292: loss = 58.3047
2020-03-31 14:07:26,559 INFO [58.6] Epoch 293: loss = 58.4805
2020-03-31 14:08:25,999 INFO [59.4] Epoch 294: loss = 58.8996
2020-03-31 14:09:23,740 INFO [57.7] Epoch 295: loss = 58.6871
2020-03-31 14:10:22,549 INFO [58.8] Epoch 296: loss = 58.8400
2020-03-31 14:11:21,849 INFO [59.3] Epoch 297: loss = 58.4791
2020-03-31 14:12:18,867 INFO [57.0] Epoch 298: loss = 58.9750
2020-03-31 14:13:26,625 INFO [67.8] Epoch 299: loss = 58.3844
2020-03-31 14:13:26,626 INFO Start Evaling...
2020-03-31 14:14:00,710 INFO Head: mr:270.7 mrr:18.91 hits:35.43
2020-03-31 14:14:00,710 INFO Tail: mr:120.1 mrr:38.47 hits:59.32
2020-03-31 14:14:00,710 INFO All: mr:195.4 mrr:28.69 hits:47.37
2020-03-31 14:14:00,725 INFO Declined in recent 5 epochs
2020-03-31 14:14:00,726 INFO Early stopping
2020-03-31 14:14:00,726 INFO Train done
2020-03-31 14:14:00,730 INFO Start Evaling...
2020-03-31 14:14:40,274 INFO Head: mr:279.7 mrr:18.72 hits:35.56
2020-03-31 14:14:40,275 INFO Tail: mr:126.3 mrr:37.79 hits:58.79
2020-03-31 14:14:40,275 INFO All: mr:203.0 mrr:28.25 hits:47.17
