2020-05-12 17:51:34,371 INFO EPOCH: 1000
2020-05-12 17:51:34,371 INFO EVERY: 10
2020-05-12 17:51:34,371 INFO LR: 0.001
2020-05-12 17:51:34,371 INFO DIM: 100
2020-05-12 17:51:34,372 INFO BATCH_SIZE: 256
2020-05-12 17:51:34,372 INFO BATCH_SIZE2: 256
2020-05-12 17:51:34,372 INFO P: 1
2020-05-12 17:51:34,372 INFO CLIPPING_MAX_VALUE: 4.0
2020-05-12 17:51:34,372 INFO OPTIM: Adam
2020-05-12 17:51:34,372 INFO N_SAMPLE: 100
2020-05-12 17:51:34,372 INFO MODE: 1vsN
2020-05-12 17:51:34,372 INFO RATE: 0.0
2020-05-12 17:51:34,372 INFO GAMMA: 12.0
2020-05-12 17:51:34,372 INFO BERN: True
2020-05-12 17:51:34,372 INFO MARGIN: 4.0
2020-05-12 17:51:34,372 INFO REG: 1.0
2020-05-12 17:51:34,373 INFO LABEL_SMOOTH_EPS: 0.1
2020-05-12 17:51:34,373 INFO INPUT_DROP: 0.2
2020-05-12 17:51:34,373 INFO FEAT_DROP: 0.2
2020-05-12 17:51:34,373 INFO HIDD_DROP: 0.3
2020-05-12 17:51:34,373 INFO CHANNELS: 50
2020-05-12 17:51:34,373 INFO KERNEL_SIZE: 3
2020-05-12 17:51:34,373 INFO N_POOL: 100
2020-05-12 17:51:34,373 INFO MODEL_D: TransH
2020-05-12 17:51:34,373 INFO MODEL_G: DistMult
2020-05-12 17:51:34,373 INFO SCRATCH: False
2020-05-12 17:51:34,373 INFO D_FILE: None
2020-05-12 17:51:34,373 INFO G_FILE: None
2020-05-12 17:51:34,374 INFO PATH: data
2020-05-12 17:51:34,374 INFO DATA: FB15K237
2020-05-12 17:51:34,374 INFO EXP_PATH: experiment/FB15K237
2020-05-12 17:51:34,374 INFO MODEL: TransH
2020-05-12 17:51:34,374 INFO V: 1
2020-05-12 17:51:34,374 INFO F: True
2020-05-12 17:51:34,374 INFO EVAL: False
2020-05-12 17:51:34,374 INFO TRAINED: False
2020-05-12 17:51:34,374 INFO PRETRAINED_NAME: None
2020-05-12 17:51:34,374 INFO EXP_NAME: TransH-FB15K237-1vsN-1
2020-05-12 17:51:34,374 INFO --------------------------------------
2020-05-12 17:51:58,959 INFO Dataload done
2020-05-12 17:51:58,959 INFO --------------------------------------
2020-05-12 17:51:58,959 INFO N_ENTITY: 14541
2020-05-12 17:51:58,959 INFO N_RELATION: 237
2020-05-12 17:51:58,959 INFO --------------------------------------
2020-05-12 17:52:02,463 INFO Start Training...
2020-05-12 17:53:33,636 INFO [91.2] Epoch 0: loss = 0.1584
2020-05-12 17:55:07,436 INFO [93.8] Epoch 1: loss = 0.0522
2020-05-12 17:56:39,094 INFO [91.7] Epoch 2: loss = 0.0445
2020-05-12 17:58:10,548 INFO [91.5] Epoch 3: loss = 0.0347
2020-05-12 17:59:42,910 INFO [92.4] Epoch 4: loss = 0.0291
2020-05-12 18:01:14,860 INFO [91.9] Epoch 5: loss = 0.0263
2020-05-12 18:02:46,258 INFO [91.4] Epoch 6: loss = 0.0247
2020-05-12 18:04:18,674 INFO [92.4] Epoch 7: loss = 0.0238
2020-05-12 18:05:51,299 INFO [92.6] Epoch 8: loss = 0.0233
2020-05-12 18:07:23,393 INFO [92.1] Epoch 9: loss = 0.0229
2020-05-12 18:07:23,393 INFO Start Evaling...
2020-05-12 18:09:57,461 INFO Head: mr:296.7 mrr:16.51 hits:32.62
2020-05-12 18:09:57,461 INFO Tail: mr:148.8 mrr:25.77 hits:49.79
2020-05-12 18:09:57,461 INFO All: mr:222.7 mrr:21.14 hits:41.21
2020-05-12 18:09:57,473 INFO Start Evaling...
2020-05-12 18:12:54,340 INFO Head: mr:310.3 mrr:16.25 hits:32.14
2020-05-12 18:12:54,341 INFO Tail: mr:153.9 mrr:25.17 hits:49.13
2020-05-12 18:12:54,341 INFO All: mr:232.1 mrr:20.71 hits:40.64
2020-05-12 18:12:54,354 INFO Improved and model saved
2020-05-12 18:14:26,827 INFO [92.5] Epoch 10: loss = 0.0227
2020-05-12 18:15:59,863 INFO [93.0] Epoch 11: loss = 0.0225
2020-05-12 18:17:32,182 INFO [92.3] Epoch 12: loss = 0.0223
2020-05-12 18:19:05,298 INFO [93.1] Epoch 13: loss = 0.0222
2020-05-12 18:20:38,146 INFO [92.8] Epoch 14: loss = 0.0221
2020-05-12 18:22:09,724 INFO [91.6] Epoch 15: loss = 0.0221
2020-05-12 18:23:41,562 INFO [91.8] Epoch 16: loss = 0.0220
2020-05-12 18:25:14,630 INFO [93.1] Epoch 17: loss = 0.0219
2020-05-12 18:26:47,069 INFO [92.4] Epoch 18: loss = 0.0219
2020-05-12 18:28:18,669 INFO [91.6] Epoch 19: loss = 0.0218
2020-05-12 18:28:18,670 INFO Start Evaling...
2020-05-12 18:30:51,228 INFO Head: mr:285.9 mrr:16.42 hits:33.03
2020-05-12 18:30:51,228 INFO Tail: mr:144.9 mrr:22.52 hits:48.26
2020-05-12 18:30:51,228 INFO All: mr:215.4 mrr:19.47 hits:40.64
2020-05-12 18:30:51,240 INFO Start Evaling...
