2020-03-28 08:48:20,417 INFO EPOCH: 1000
2020-03-28 08:48:20,418 INFO EVAL_EVERY: 10
2020-03-28 08:48:20,418 INFO LR: 0.001
2020-03-28 08:48:20,418 INFO DIM: 100
2020-03-28 08:48:20,418 INFO BATCH_SIZE: 256
2020-03-28 08:48:20,418 INFO BATCH_SIZE2: 128
2020-03-28 08:48:20,418 INFO P: 1
2020-03-28 08:48:20,418 INFO CLIPPING_MAX_VALUE: 4.0
2020-03-28 08:48:20,418 INFO OPTIM: Adam
2020-03-28 08:48:20,418 INFO N_SAMPLE: 10
2020-03-28 08:48:20,418 INFO MODE: kall
2020-03-28 08:48:20,418 INFO GAMMA: 12.0
2020-03-28 08:48:20,418 INFO BERN: True
2020-03-28 08:48:20,418 INFO MARGIN: 4.0
2020-03-28 08:48:20,418 INFO REG: 1.0
2020-03-28 08:48:20,418 INFO LABEL_SMOOTH_EPS: 0.1
2020-03-28 08:48:20,418 INFO INPUT_DROP: 0.2
2020-03-28 08:48:20,418 INFO FEAT_DROP: 0.2
2020-03-28 08:48:20,418 INFO HIDD_DROP: 0.2
2020-03-28 08:48:20,418 INFO CHANNELS: 200
2020-03-28 08:48:20,418 INFO KERNEL_SIZE: 5
2020-03-28 08:48:20,418 INFO N_POOL: 100
2020-03-28 08:48:20,418 INFO D_FILE: TransE-FB15K237-rand-0
2020-03-28 08:48:20,418 INFO G_FILE: DistMult-FB15K237-rand-0
2020-03-28 08:48:20,418 INFO PATH: data
2020-03-28 08:48:20,419 INFO DATA: FB15K237
2020-03-28 08:48:20,419 INFO EXP_PATH: experiment
2020-03-28 08:48:20,419 INFO MODEL: TransH
2020-03-28 08:48:20,419 INFO V: 0
2020-03-28 08:48:20,419 INFO F: False
2020-03-28 08:48:20,419 INFO EVAL: False
2020-03-28 08:48:20,419 INFO PRETRAINED_NAME: None
2020-03-28 08:48:20,419 INFO EXP_NAME: TransH-FB15K237-kall-0
2020-03-28 08:48:20,419 INFO --------------------------------------
2020-03-28 08:48:27,828 INFO Dataload done
2020-03-28 08:48:27,828 INFO --------------------------------------
2020-03-28 08:48:27,831 INFO N_ENTITY: 14541
2020-03-28 08:48:27,831 INFO N_RELATION: 237
2020-03-28 08:48:27,831 INFO --------------------------------------
2020-03-28 08:48:30,543 INFO Start Training...
2020-03-28 08:49:49,713 INFO [79.2] Epoch 0: loss = 0.4015
2020-03-28 08:51:08,761 INFO [79.0] Epoch 1: loss = 0.0073
2020-03-28 08:52:28,304 INFO [79.5] Epoch 2: loss = 0.0042
2020-03-28 08:53:46,883 INFO [78.6] Epoch 3: loss = 0.0032
2020-03-28 08:55:05,209 INFO [78.3] Epoch 4: loss = 0.0029
2020-03-28 08:56:24,297 INFO [79.1] Epoch 5: loss = 0.0026
2020-03-28 08:57:42,598 INFO [78.3] Epoch 6: loss = 0.0025
2020-03-28 08:59:02,186 INFO [79.6] Epoch 7: loss = 0.0024
2020-03-28 09:00:23,052 INFO [80.9] Epoch 8: loss = 0.0024
2020-03-28 09:01:42,008 INFO [79.0] Epoch 9: loss = 0.0023
2020-03-28 09:01:42,008 INFO Start Evaling...
2020-03-28 09:02:15,384 INFO Head: mr:4777.5 mrr:5.17 hits:9.02
2020-03-28 09:02:15,385 INFO Tail: mr:3208.8 mrr:24.64 hits:35.23
2020-03-28 09:02:15,385 INFO All: mr:3993.1 mrr:14.90 hits:22.12
2020-03-28 09:02:15,397 INFO Improved and model saved
2020-03-28 09:03:35,148 INFO [79.7] Epoch 10: loss = 0.0023
2020-03-28 09:04:54,113 INFO [79.0] Epoch 11: loss = 0.0023
2020-03-28 09:06:14,086 INFO [80.0] Epoch 12: loss = 0.0022
2020-03-28 09:07:32,759 INFO [78.7] Epoch 13: loss = 0.0022
2020-03-28 09:08:51,740 INFO [79.0] Epoch 14: loss = 0.0022
2020-03-28 09:10:11,529 INFO [79.8] Epoch 15: loss = 0.0021
2020-03-28 09:11:33,808 INFO [82.3] Epoch 16: loss = 0.0021
2020-03-28 09:12:52,971 INFO [79.2] Epoch 17: loss = 0.0021
2020-03-28 09:14:12,421 INFO [79.4] Epoch 18: loss = 0.0020
2020-03-28 09:15:31,275 INFO [78.9] Epoch 19: loss = 0.0020
2020-03-28 09:15:31,275 INFO Start Evaling...
2020-03-28 09:16:03,010 INFO Head: mr:1351.3 mrr:12.07 hits:21.72
2020-03-28 09:16:03,011 INFO Tail: mr:799.0 mrr:31.24 hits:46.98
2020-03-28 09:16:03,011 INFO All: mr:1075.1 mrr:21.65 hits:34.35
2020-03-28 09:16:03,033 INFO Improved and model saved
2020-03-28 09:17:23,190 INFO [80.1] Epoch 20: loss = 0.0019
2020-03-28 09:18:41,985 INFO [78.8] Epoch 21: loss = 0.0019
2020-03-28 09:20:01,899 INFO [79.9] Epoch 22: loss = 0.0018
2020-03-28 09:21:20,845 INFO [78.9] Epoch 23: loss = 0.0017
2020-03-28 09:22:42,756 INFO [81.9] Epoch 24: loss = 0.0017
2020-03-28 09:24:02,631 INFO [79.9] Epoch 25: loss = 0.0016
2020-03-28 09:25:21,863 INFO [79.2] Epoch 26: loss = 0.0016
2020-03-28 09:26:40,962 INFO [79.1] Epoch 27: loss = 0.0015
2020-03-28 09:28:01,231 INFO [80.3] Epoch 28: loss = 0.0015
2020-03-28 09:29:20,248 INFO [79.0] Epoch 29: loss = 0.0014
2020-03-28 09:29:20,249 INFO Start Evaling...
2020-03-28 09:29:52,088 INFO Head: mr:377.5 mrr:19.99 hits:34.25
2020-03-28 09:29:52,088 INFO Tail: mr:206.6 mrr:39.83 hits:57.70
2020-03-28 09:29:52,088 INFO All: mr:292.1 mrr:29.91 hits:45.98
2020-03-28 09:29:52,102 INFO Improved and model saved
2020-03-28 09:31:11,591 INFO [79.5] Epoch 30: loss = 0.0014
2020-03-28 09:32:30,726 INFO [79.1] Epoch 31: loss = 0.0013
2020-03-28 09:33:52,395 INFO [81.7] Epoch 32: loss = 0.0013
2020-03-28 09:35:12,239 INFO [79.8] Epoch 33: loss = 0.0013
2020-03-28 09:36:31,496 INFO [79.3] Epoch 34: loss = 0.0013
2020-03-28 09:37:50,925 INFO [79.4] Epoch 35: loss = 0.0013
2020-03-28 09:39:09,267 INFO [78.3] Epoch 36: loss = 0.0013
2020-03-28 09:40:27,370 INFO [78.1] Epoch 37: loss = 0.0013
2020-03-28 09:41:46,885 INFO [79.5] Epoch 38: loss = 0.0012
2020-03-28 09:43:05,323 INFO [78.4] Epoch 39: loss = 0.0012
2020-03-28 09:43:05,323 INFO Start Evaling...
2020-03-28 09:43:37,168 INFO Head: mr:301.8 mrr:22.04 hits:38.52
2020-03-28 09:43:37,168 INFO Tail: mr:155.0 mrr:42.03 hits:60.78
2020-03-28 09:43:37,168 INFO All: mr:228.4 mrr:32.04 hits:49.65
2020-03-28 09:43:37,186 INFO Improved and model saved
2020-03-28 09:44:58,700 INFO [81.5] Epoch 40: loss = 0.0012
2020-03-28 09:46:17,067 INFO [78.4] Epoch 41: loss = 0.0012
2020-03-28 09:47:35,324 INFO [78.3] Epoch 42: loss = 0.0012
2020-03-28 09:48:56,424 INFO [81.1] Epoch 43: loss = 0.0012
2020-03-28 09:50:15,055 INFO [78.6] Epoch 44: loss = 0.0012
2020-03-28 09:51:33,476 INFO [78.4] Epoch 45: loss = 0.0012
2020-03-28 09:52:52,093 INFO [78.6] Epoch 46: loss = 0.0012
2020-03-28 09:54:10,880 INFO [78.8] Epoch 47: loss = 0.0012
2020-03-28 09:55:31,628 INFO [80.7] Epoch 48: loss = 0.0012
2020-03-28 09:56:50,216 INFO [78.6] Epoch 49: loss = 0.0012
2020-03-28 09:56:50,217 INFO Start Evaling...
2020-03-28 09:57:21,476 INFO Head: mr:284.9 mrr:22.50 hits:39.02
2020-03-28 09:57:21,477 INFO Tail: mr:143.6 mrr:42.33 hits:61.32
2020-03-28 09:57:21,477 INFO All: mr:214.2 mrr:32.42 hits:50.17
2020-03-28 09:57:21,507 INFO Improved and model saved
2020-03-28 09:58:40,573 INFO [79.1] Epoch 50: loss = 0.0012
2020-03-28 09:59:59,103 INFO [78.5] Epoch 51: loss = 0.0012
2020-03-28 10:01:17,666 INFO [78.6] Epoch 52: loss = 0.0012
2020-03-28 10:02:36,368 INFO [78.7] Epoch 53: loss = 0.0012
2020-03-28 10:03:55,078 INFO [78.7] Epoch 54: loss = 0.0012
2020-03-28 10:05:13,705 INFO [78.6] Epoch 55: loss = 0.0012
2020-03-28 10:06:34,934 INFO [81.2] Epoch 56: loss = 0.0012
2020-03-28 10:07:53,205 INFO [78.3] Epoch 57: loss = 0.0012
2020-03-28 10:09:12,176 INFO [79.0] Epoch 58: loss = 0.0012
2020-03-28 10:10:31,072 INFO [78.9] Epoch 59: loss = 0.0012
2020-03-28 10:10:31,073 INFO Start Evaling...
2020-03-28 10:11:03,551 INFO Head: mr:273.2 mrr:22.49 hits:39.62
2020-03-28 10:11:03,552 INFO Tail: mr:140.9 mrr:42.26 hits:61.61
2020-03-28 10:11:03,552 INFO All: mr:207.1 mrr:32.37 hits:50.62
2020-03-28 10:11:03,575 INFO Improved and model saved
2020-03-28 10:12:22,227 INFO [78.6] Epoch 60: loss = 0.0012
2020-03-28 10:13:40,850 INFO [78.6] Epoch 61: loss = 0.0012
2020-03-28 10:14:59,171 INFO [78.3] Epoch 62: loss = 0.0012
2020-03-28 10:16:18,309 INFO [79.1] Epoch 63: loss = 0.0012
2020-03-28 10:17:38,307 INFO [80.0] Epoch 64: loss = 0.0012
2020-03-28 10:18:56,811 INFO [78.5] Epoch 65: loss = 0.0012
2020-03-28 10:20:15,114 INFO [78.3] Epoch 66: loss = 0.0012
2020-03-28 10:21:38,642 INFO [83.5] Epoch 67: loss = 0.0012
2020-03-28 10:23:05,619 INFO [87.0] Epoch 68: loss = 0.0012
2020-03-28 10:24:32,013 INFO [86.4] Epoch 69: loss = 0.0012
2020-03-28 10:24:32,013 INFO Start Evaling...
2020-03-28 10:25:08,158 INFO Head: mr:264.5 mrr:22.77 hits:39.60
2020-03-28 10:25:08,158 INFO Tail: mr:138.4 mrr:42.49 hits:61.76
2020-03-28 10:25:08,158 INFO All: mr:201.4 mrr:32.63 hits:50.68
2020-03-28 10:25:08,173 INFO Improved and model saved
2020-03-28 10:26:32,367 INFO [84.2] Epoch 70: loss = 0.0012
2020-03-28 10:27:58,169 INFO [85.8] Epoch 71: loss = 0.0012
2020-03-28 10:29:24,225 INFO [86.1] Epoch 72: loss = 0.0012
2020-03-28 10:30:49,840 INFO [85.6] Epoch 73: loss = 0.0012
2020-03-28 10:32:14,116 INFO [84.3] Epoch 74: loss = 0.0012
2020-03-28 10:33:41,742 INFO [87.6] Epoch 75: loss = 0.0012
2020-03-28 10:35:09,769 INFO [88.0] Epoch 76: loss = 0.0012
2020-03-28 10:36:35,895 INFO [86.1] Epoch 77: loss = 0.0012
2020-03-28 10:38:02,002 INFO [86.1] Epoch 78: loss = 0.0012
2020-03-28 10:39:30,916 INFO [88.9] Epoch 79: loss = 0.0012
2020-03-28 10:39:30,916 INFO Start Evaling...
2020-03-28 10:40:07,434 INFO Head: mr:271.8 mrr:22.57 hits:39.66
2020-03-28 10:40:07,435 INFO Tail: mr:137.1 mrr:42.44 hits:61.75
2020-03-28 10:40:07,435 INFO All: mr:204.5 mrr:32.51 hits:50.71
2020-03-28 10:40:07,451 INFO Improved and model saved
2020-03-28 10:41:36,260 INFO [88.8] Epoch 80: loss = 0.0012
2020-03-28 10:43:01,301 INFO [85.0] Epoch 81: loss = 0.0012
2020-03-28 10:44:30,272 INFO [89.0] Epoch 82: loss = 0.0012
2020-03-28 10:45:57,571 INFO [87.3] Epoch 83: loss = 0.0012
2020-03-28 10:47:26,749 INFO [89.2] Epoch 84: loss = 0.0012
2020-03-28 10:48:58,131 INFO [91.4] Epoch 85: loss = 0.0012
2020-03-28 10:50:27,980 INFO [89.8] Epoch 86: loss = 0.0012
2020-03-28 10:51:58,289 INFO [90.3] Epoch 87: loss = 0.0012
2020-03-28 10:53:27,044 INFO [88.8] Epoch 88: loss = 0.0012
2020-03-28 10:54:56,186 INFO [89.1] Epoch 89: loss = 0.0012
2020-03-28 10:54:56,186 INFO Start Evaling...
2020-03-28 10:55:32,976 INFO Head: mr:269.5 mrr:22.60 hits:39.73
2020-03-28 10:55:32,976 INFO Tail: mr:135.2 mrr:42.37 hits:61.84
2020-03-28 10:55:32,976 INFO All: mr:202.4 mrr:32.48 hits:50.79
2020-03-28 10:55:32,992 INFO Improved and model saved
2020-03-28 10:57:04,221 INFO [91.2] Epoch 90: loss = 0.0012
2020-03-28 10:58:27,668 INFO [83.4] Epoch 91: loss = 0.0012
2020-03-28 10:59:51,227 INFO [83.6] Epoch 92: loss = 0.0012
2020-03-28 11:01:12,953 INFO [81.7] Epoch 93: loss = 0.0012
2020-03-28 11:02:36,554 INFO [83.6] Epoch 94: loss = 0.0012
2020-03-28 11:04:00,432 INFO [83.9] Epoch 95: loss = 0.0012
2020-03-28 11:05:21,557 INFO [81.1] Epoch 96: loss = 0.0012
2020-03-28 11:06:45,112 INFO [83.6] Epoch 97: loss = 0.0012
2020-03-28 11:08:07,541 INFO [82.4] Epoch 98: loss = 0.0012
2020-03-28 11:09:29,922 INFO [82.4] Epoch 99: loss = 0.0012
2020-03-28 11:09:29,922 INFO Start Evaling...
2020-03-28 11:10:06,262 INFO Head: mr:260.1 mrr:22.51 hits:39.94
2020-03-28 11:10:06,262 INFO Tail: mr:135.5 mrr:42.54 hits:61.94
2020-03-28 11:10:06,262 INFO All: mr:197.8 mrr:32.52 hits:50.94
2020-03-28 11:10:06,285 INFO Improved and model saved
2020-03-28 11:11:29,307 INFO [83.0] Epoch 100: loss = 0.0012
2020-03-28 11:12:52,306 INFO [83.0] Epoch 101: loss = 0.0012
2020-03-28 11:14:16,104 INFO [83.8] Epoch 102: loss = 0.0012
2020-03-28 11:15:39,839 INFO [83.7] Epoch 103: loss = 0.0012
2020-03-28 11:17:00,817 INFO [81.0] Epoch 104: loss = 0.0012
2020-03-28 11:18:24,068 INFO [83.3] Epoch 105: loss = 0.0012
2020-03-28 11:19:48,578 INFO [84.5] Epoch 106: loss = 0.0012
2020-03-28 11:21:10,961 INFO [82.4] Epoch 107: loss = 0.0012
2020-03-28 11:22:35,283 INFO [84.3] Epoch 108: loss = 0.0012
2020-03-28 11:23:59,782 INFO [84.5] Epoch 109: loss = 0.0012
2020-03-28 11:23:59,783 INFO Start Evaling...
2020-03-28 11:24:33,910 INFO Head: mr:260.6 mrr:22.65 hits:39.68
2020-03-28 11:24:33,912 INFO Tail: mr:136.0 mrr:42.54 hits:62.01
2020-03-28 11:24:33,913 INFO All: mr:198.3 mrr:32.60 hits:50.85
2020-03-28 11:24:33,926 INFO Declined in recent 1 epochs
2020-03-28 11:25:59,623 INFO [85.7] Epoch 110: loss = 0.0012
2020-03-28 11:27:23,936 INFO [84.3] Epoch 111: loss = 0.0012
2020-03-28 11:28:47,893 INFO [84.0] Epoch 112: loss = 0.0012
2020-03-28 11:30:12,963 INFO [85.1] Epoch 113: loss = 0.0012
2020-03-28 11:31:33,583 INFO [80.6] Epoch 114: loss = 0.0012
2020-03-28 11:32:55,840 INFO [82.3] Epoch 115: loss = 0.0012
2020-03-28 11:34:21,753 INFO [85.9] Epoch 116: loss = 0.0012
2020-03-28 11:35:46,517 INFO [84.8] Epoch 117: loss = 0.0012
2020-03-28 11:37:10,688 INFO [84.2] Epoch 118: loss = 0.0012
2020-03-28 11:38:33,711 INFO [83.0] Epoch 119: loss = 0.0012
2020-03-28 11:38:33,711 INFO Start Evaling...
2020-03-28 11:39:08,407 INFO Head: mr:268.4 mrr:22.68 hits:39.99
2020-03-28 11:39:08,407 INFO Tail: mr:136.6 mrr:42.43 hits:61.87
2020-03-28 11:39:08,407 INFO All: mr:202.5 mrr:32.55 hits:50.93
2020-03-28 11:39:08,421 INFO Declined in recent 2 epochs
2020-03-28 11:40:32,873 INFO [84.5] Epoch 120: loss = 0.0012
2020-03-28 11:41:58,578 INFO [85.7] Epoch 121: loss = 0.0012
2020-03-28 11:43:23,374 INFO [84.8] Epoch 122: loss = 0.0012
2020-03-28 11:44:45,819 INFO [82.4] Epoch 123: loss = 0.0012
2020-03-28 11:46:10,785 INFO [85.0] Epoch 124: loss = 0.0012
2020-03-28 11:47:38,159 INFO [87.4] Epoch 125: loss = 0.0012
2020-03-28 11:49:04,884 INFO [86.7] Epoch 126: loss = 0.0012
2020-03-28 11:50:32,878 INFO [88.0] Epoch 127: loss = 0.0012
2020-03-28 11:51:57,064 INFO [84.2] Epoch 128: loss = 0.0012
2020-03-28 11:53:22,561 INFO [85.5] Epoch 129: loss = 0.0012
2020-03-28 11:53:22,562 INFO Start Evaling...
2020-03-28 11:53:56,138 INFO Head: mr:270.8 mrr:22.78 hits:39.86
2020-03-28 11:53:56,140 INFO Tail: mr:136.2 mrr:42.50 hits:61.90
2020-03-28 11:53:56,141 INFO All: mr:203.5 mrr:32.64 hits:50.88
2020-03-28 11:53:56,154 INFO Declined in recent 3 epochs
2020-03-28 11:55:20,917 INFO [84.8] Epoch 130: loss = 0.0012
2020-03-28 11:56:45,309 INFO [84.4] Epoch 131: loss = 0.0012
2020-03-28 11:58:06,648 INFO [81.3] Epoch 132: loss = 0.0012
2020-03-28 11:59:31,367 INFO [84.7] Epoch 133: loss = 0.0012
2020-03-28 12:00:54,632 INFO [83.3] Epoch 134: loss = 0.0012
2020-03-28 12:02:19,110 INFO [84.5] Epoch 135: loss = 0.0012
2020-03-28 12:03:44,091 INFO [85.0] Epoch 136: loss = 0.0012
2020-03-28 12:05:11,723 INFO [87.6] Epoch 137: loss = 0.0012
2020-03-28 12:06:41,688 INFO [90.0] Epoch 138: loss = 0.0012
2020-03-28 12:08:10,748 INFO [89.1] Epoch 139: loss = 0.0012
2020-03-28 12:08:10,748 INFO Start Evaling...
2020-03-28 12:08:54,692 INFO Head: mr:267.8 mrr:22.80 hits:39.93
2020-03-28 12:08:54,692 INFO Tail: mr:135.5 mrr:42.63 hits:61.96
2020-03-28 12:08:54,692 INFO All: mr:201.7 mrr:32.72 hits:50.94
2020-03-28 12:08:54,706 INFO Declined in recent 4 epochs
2020-03-28 12:10:18,201 INFO [83.5] Epoch 140: loss = 0.0012
2020-03-28 12:11:41,979 INFO [83.8] Epoch 141: loss = 0.0012
2020-03-28 12:13:06,929 INFO [84.9] Epoch 142: loss = 0.0012
2020-03-28 12:14:30,858 INFO [83.9] Epoch 143: loss = 0.0012
2020-03-28 12:15:55,849 INFO [85.0] Epoch 144: loss = 0.0012
2020-03-28 12:17:19,277 INFO [83.4] Epoch 145: loss = 0.0012
2020-03-28 12:18:48,597 INFO [89.3] Epoch 146: loss = 0.0012
2020-03-28 12:20:19,543 INFO [90.9] Epoch 147: loss = 0.0012
2020-03-28 12:21:48,439 INFO [88.9] Epoch 148: loss = 0.0012
2020-03-28 12:23:18,290 INFO [89.9] Epoch 149: loss = 0.0012
2020-03-28 12:23:18,290 INFO Start Evaling...
2020-03-28 12:24:03,444 INFO Head: mr:260.4 mrr:22.55 hits:39.67
2020-03-28 12:24:03,447 INFO Tail: mr:136.2 mrr:42.58 hits:61.77
2020-03-28 12:24:03,448 INFO All: mr:198.3 mrr:32.57 hits:50.72
2020-03-28 12:24:03,472 INFO Declined in recent 5 epochs
2020-03-28 12:24:03,473 INFO Early stopping
2020-03-28 12:24:03,474 INFO Train done
2020-03-28 12:24:03,480 INFO Start Evaling...
2020-03-28 12:24:52,952 INFO Head: mr:268.7 mrr:22.29 hits:39.60
2020-03-28 12:24:52,954 INFO Tail: mr:149.8 mrr:41.79 hits:61.26
2020-03-28 12:24:52,954 INFO All: mr:209.3 mrr:32.04 hits:50.43
