2020-04-22 13:53:09,516 INFO EPOCH: 1000
2020-04-22 13:53:09,516 INFO EVERY: 10
2020-04-22 13:53:09,516 INFO LR: 0.001
2020-04-22 13:53:09,516 INFO DIM: 100
2020-04-22 13:53:09,516 INFO BATCH_SIZE: 256
2020-04-22 13:53:09,516 INFO BATCH_SIZE2: 256
2020-04-22 13:53:09,516 INFO P: 1
2020-04-22 13:53:09,516 INFO CLIPPING_MAX_VALUE: 4.0
2020-04-22 13:53:09,516 INFO OPTIM: Adam
2020-04-22 13:53:09,516 INFO N_SAMPLE: 100
2020-04-22 13:53:09,516 INFO MODE: grap
2020-04-22 13:53:09,517 INFO RATE: 0.1
2020-04-22 13:53:09,517 INFO GAMMA: 12.0
2020-04-22 13:53:09,517 INFO BERN: True
2020-04-22 13:53:09,517 INFO MARGIN: 4.0
2020-04-22 13:53:09,517 INFO REG: 1.0
2020-04-22 13:53:09,517 INFO LABEL_SMOOTH_EPS: 0.1
2020-04-22 13:53:09,517 INFO INPUT_DROP: 0.2
2020-04-22 13:53:09,517 INFO FEAT_DROP: 0.2
2020-04-22 13:53:09,517 INFO HIDD_DROP: 0.3
2020-04-22 13:53:09,517 INFO CHANNELS: 50
2020-04-22 13:53:09,517 INFO KERNEL_SIZE: 3
2020-04-22 13:53:09,517 INFO N_POOL: 100
2020-04-22 13:53:09,517 INFO MODEL_D: TransH
2020-04-22 13:53:09,517 INFO MODEL_G: DistMult
2020-04-22 13:53:09,517 INFO SCRATCH: False
2020-04-22 13:53:09,517 INFO D_FILE: None
2020-04-22 13:53:09,517 INFO G_FILE: None
2020-04-22 13:53:09,517 INFO PATH: data
2020-04-22 13:53:09,517 INFO DATA: FB15K237
2020-04-22 13:53:09,517 INFO EXP_PATH: experiment/FB15K237
2020-04-22 13:53:09,518 INFO MODEL: TransH
2020-04-22 13:53:09,518 INFO V: 0
2020-04-22 13:53:09,518 INFO F: True
2020-04-22 13:53:09,518 INFO EVAL: False
2020-04-22 13:53:09,518 INFO TRAINED: False
2020-04-22 13:53:09,518 INFO PRETRAINED_NAME: None
2020-04-22 13:53:09,518 INFO EXP_NAME: TransH-FB15K237-grap-0
2020-04-22 13:53:09,518 INFO --------------------------------------
2020-04-22 13:53:40,044 INFO Dataload done
2020-04-22 13:53:40,044 INFO --------------------------------------
2020-04-22 13:53:40,044 INFO N_ENTITY: 14541
2020-04-22 13:53:40,044 INFO N_RELATION: 237
2020-04-22 13:53:40,044 INFO --------------------------------------
2020-04-22 13:53:48,503 INFO Start Training...
2020-04-22 13:54:50,106 INFO [61.6] Epoch 0: loss = 203.7312
2020-04-22 13:56:00,488 INFO [70.4] Epoch 1: loss = 71.9496
2020-04-22 13:57:06,523 INFO [66.0] Epoch 2: loss = 46.8672
2020-04-22 13:58:16,146 INFO [69.6] Epoch 3: loss = 36.6929
2020-04-22 13:59:19,622 INFO [63.5] Epoch 4: loss = 31.2820
2020-04-22 14:00:27,390 INFO [67.8] Epoch 5: loss = 28.1044
2020-04-22 14:01:32,065 INFO [64.7] Epoch 6: loss = 26.1143
2020-04-22 14:02:39,471 INFO [67.4] Epoch 7: loss = 24.8105
2020-04-22 14:03:47,154 INFO [67.7] Epoch 8: loss = 23.8421
2020-04-22 14:04:56,475 INFO [69.3] Epoch 9: loss = 23.1041
2020-04-22 14:04:56,475 INFO Start Evaling...
2020-04-22 14:05:52,415 INFO Head: mr:325.6 mrr:16.92 hits:31.70
2020-04-22 14:05:52,415 INFO Tail: mr:139.0 mrr:35.03 hits:56.33
2020-04-22 14:05:52,415 INFO All: mr:232.3 mrr:25.97 hits:44.01
2020-04-22 14:05:52,425 INFO Start Evaling...
2020-04-22 14:06:54,617 INFO Head: mr:336.2 mrr:17.14 hits:31.23
2020-04-22 14:06:54,618 INFO Tail: mr:147.4 mrr:34.23 hits:55.61
2020-04-22 14:06:54,620 INFO All: mr:241.8 mrr:25.69 hits:43.42
2020-04-22 14:06:54,631 INFO Improved and model saved
2020-04-22 14:08:00,301 INFO [65.7] Epoch 10: loss = 22.5592
2020-04-22 14:09:08,312 INFO [68.0] Epoch 11: loss = 22.0959
2020-04-22 14:10:15,482 INFO [67.2] Epoch 12: loss = 21.6865
2020-04-22 14:11:18,550 INFO [63.1] Epoch 13: loss = 21.4275
2020-04-22 14:12:22,475 INFO [63.9] Epoch 14: loss = 21.1637
2020-04-22 14:13:38,094 INFO [75.6] Epoch 15: loss = 20.9629
2020-04-22 14:14:46,991 INFO [68.9] Epoch 16: loss = 20.7443
2020-04-22 14:15:52,576 INFO [65.6] Epoch 17: loss = 20.5428
2020-04-22 14:16:57,119 INFO [64.5] Epoch 18: loss = 20.3732
2020-04-22 14:18:01,709 INFO [64.6] Epoch 19: loss = 20.2539
2020-04-22 14:18:01,710 INFO Start Evaling...
2020-04-22 14:18:56,312 INFO Head: mr:298.3 mrr:18.15 hits:33.77
2020-04-22 14:18:56,312 INFO Tail: mr:121.7 mrr:36.56 hits:58.08
2020-04-22 14:18:56,312 INFO All: mr:210.0 mrr:27.36 hits:45.93
2020-04-22 14:18:56,322 INFO Start Evaling...
2020-04-22 14:19:57,658 INFO Head: mr:307.7 mrr:17.96 hits:33.62
2020-04-22 14:19:57,659 INFO Tail: mr:133.9 mrr:36.15 hits:57.28
2020-04-22 14:19:57,659 INFO All: mr:220.8 mrr:27.06 hits:45.45
2020-04-22 14:19:57,679 INFO Improved and model saved
2020-04-22 14:21:07,077 INFO [69.4] Epoch 20: loss = 20.0926
2020-04-22 14:22:23,031 INFO [76.0] Epoch 21: loss = 19.9962
2020-04-22 14:23:30,725 INFO [67.7] Epoch 22: loss = 19.9230
2020-04-22 14:24:40,818 INFO [70.1] Epoch 23: loss = 19.7837
2020-04-22 14:25:55,742 INFO [74.9] Epoch 24: loss = 19.7040
2020-04-22 14:27:06,382 INFO [70.6] Epoch 25: loss = 19.6479
2020-04-22 14:28:21,548 INFO [75.2] Epoch 26: loss = 19.5850
2020-04-22 14:29:26,453 INFO [64.9] Epoch 27: loss = 19.5185
2020-04-22 14:30:44,528 INFO [78.1] Epoch 28: loss = 19.4542
2020-04-22 14:31:55,965 INFO [71.4] Epoch 29: loss = 19.3469
2020-04-22 14:31:55,965 INFO Start Evaling...
2020-04-22 14:32:48,264 INFO Head: mr:293.3 mrr:18.24 hits:33.86
2020-04-22 14:32:48,265 INFO Tail: mr:119.4 mrr:37.23 hits:58.76
2020-04-22 14:32:48,265 INFO All: mr:206.3 mrr:27.73 hits:46.31
2020-04-22 14:32:48,281 INFO Start Evaling...
2020-04-22 14:33:48,128 INFO Head: mr:303.5 mrr:18.18 hits:33.76
2020-04-22 14:33:48,129 INFO Tail: mr:130.6 mrr:36.44 hits:57.96
2020-04-22 14:33:48,131 INFO All: mr:217.1 mrr:27.31 hits:45.86
2020-04-22 14:33:48,157 INFO Improved and model saved
2020-04-22 14:34:51,773 INFO [63.6] Epoch 30: loss = 19.3319
2020-04-22 14:35:55,830 INFO [64.1] Epoch 31: loss = 19.2390
2020-04-22 14:37:04,182 INFO [68.4] Epoch 32: loss = 19.2316
2020-04-22 14:38:08,500 INFO [64.3] Epoch 33: loss = 19.1600
2020-04-22 14:39:16,384 INFO [67.9] Epoch 34: loss = 19.0706
2020-04-22 14:40:33,868 INFO [77.5] Epoch 35: loss = 19.0615
2020-04-22 14:41:46,161 INFO [72.3] Epoch 36: loss = 19.0137
2020-04-22 14:42:56,836 INFO [70.7] Epoch 37: loss = 18.9366
2020-04-22 14:44:06,065 INFO [69.2] Epoch 38: loss = 18.9355
2020-04-22 14:45:24,404 INFO [78.3] Epoch 39: loss = 18.8431
2020-04-22 14:45:24,405 INFO Start Evaling...
2020-04-22 14:46:15,113 INFO Head: mr:286.4 mrr:18.60 hits:34.03
2020-04-22 14:46:15,113 INFO Tail: mr:118.4 mrr:37.40 hits:58.93
2020-04-22 14:46:15,113 INFO All: mr:202.4 mrr:28.00 hits:46.48
2020-04-22 14:46:15,124 INFO Start Evaling...
2020-04-22 14:47:16,844 INFO Head: mr:296.4 mrr:18.38 hits:34.05
2020-04-22 14:47:16,846 INFO Tail: mr:128.7 mrr:36.80 hits:58.56
2020-04-22 14:47:16,848 INFO All: mr:212.6 mrr:27.59 hits:46.31
2020-04-22 14:47:16,868 INFO Improved and model saved
2020-04-22 14:48:25,760 INFO [68.9] Epoch 40: loss = 18.8338
2020-04-22 14:49:34,439 INFO [68.7] Epoch 41: loss = 18.7746
2020-04-22 14:50:43,561 INFO [69.1] Epoch 42: loss = 18.7970
2020-04-22 14:51:52,145 INFO [68.6] Epoch 43: loss = 18.6902
2020-04-22 14:52:58,656 INFO [66.5] Epoch 44: loss = 18.7019
2020-04-22 14:54:12,432 INFO [73.8] Epoch 45: loss = 18.6285
2020-04-22 14:55:29,693 INFO [77.3] Epoch 46: loss = 18.6338
2020-04-22 14:56:50,031 INFO [80.3] Epoch 47: loss = 18.5514
2020-04-22 14:58:05,944 INFO [75.9] Epoch 48: loss = 18.5611
2020-04-22 14:59:16,386 INFO [70.4] Epoch 49: loss = 18.5503
2020-04-22 14:59:16,387 INFO Start Evaling...
2020-04-22 15:00:09,232 INFO Head: mr:286.9 mrr:18.31 hits:34.07
2020-04-22 15:00:09,232 INFO Tail: mr:120.3 mrr:37.34 hits:58.89
2020-04-22 15:00:09,233 INFO All: mr:203.6 mrr:27.83 hits:46.48
2020-04-22 15:00:09,245 INFO Start Evaling...
2020-04-22 15:01:12,192 INFO Head: mr:299.5 mrr:18.35 hits:34.38
2020-04-22 15:01:12,192 INFO Tail: mr:129.4 mrr:36.95 hits:58.37
2020-04-22 15:01:12,192 INFO All: mr:214.5 mrr:27.65 hits:46.38
2020-04-22 15:01:12,204 INFO Declined in recent 1 epochs
2020-04-22 15:02:16,815 INFO [64.6] Epoch 50: loss = 18.5270
2020-04-22 15:03:25,038 INFO [68.2] Epoch 51: loss = 18.4863
2020-04-22 15:04:37,509 INFO [72.5] Epoch 52: loss = 18.4746
2020-04-22 15:05:46,486 INFO [69.0] Epoch 53: loss = 18.4432
2020-04-22 15:06:54,316 INFO [67.8] Epoch 54: loss = 18.4248
2020-04-22 15:08:10,248 INFO [75.9] Epoch 55: loss = 18.5161
2020-04-22 15:09:17,316 INFO [67.1] Epoch 56: loss = 18.3670
2020-04-22 15:10:25,257 INFO [67.9] Epoch 57: loss = 18.3720
2020-04-22 15:11:33,343 INFO [68.1] Epoch 58: loss = 18.3622
2020-04-22 15:12:45,961 INFO [72.6] Epoch 59: loss = 18.3040
2020-04-22 15:12:45,961 INFO Start Evaling...
2020-04-22 15:13:39,088 INFO Head: mr:284.5 mrr:18.62 hits:34.03
2020-04-22 15:13:39,088 INFO Tail: mr:120.0 mrr:37.41 hits:59.04
2020-04-22 15:13:39,088 INFO All: mr:202.2 mrr:28.01 hits:46.53
2020-04-22 15:13:39,101 INFO Start Evaling...
2020-04-22 15:14:43,201 INFO Head: mr:297.9 mrr:18.44 hits:33.81
2020-04-22 15:14:43,202 INFO Tail: mr:128.7 mrr:37.00 hits:58.70
2020-04-22 15:14:43,202 INFO All: mr:213.3 mrr:27.72 hits:46.26
2020-04-22 15:14:43,212 INFO Improved and model saved
2020-04-22 15:15:49,340 INFO [66.1] Epoch 60: loss = 18.2663
2020-04-22 15:16:55,120 INFO [65.8] Epoch 61: loss = 18.2692
2020-04-22 15:17:57,860 INFO [62.7] Epoch 62: loss = 18.2706
2020-04-22 15:19:08,624 INFO [70.8] Epoch 63: loss = 18.2287
2020-04-22 15:20:13,554 INFO [64.9] Epoch 64: loss = 18.2776
2020-04-22 15:21:37,661 INFO [84.1] Epoch 65: loss = 18.2437
2020-04-22 15:22:49,476 INFO [71.8] Epoch 66: loss = 18.1811
2020-04-22 15:23:59,981 INFO [70.5] Epoch 67: loss = 18.1696
2020-04-22 15:25:03,231 INFO [63.2] Epoch 68: loss = 18.2273
2020-04-22 15:26:12,575 INFO [69.3] Epoch 69: loss = 18.1381
2020-04-22 15:26:12,576 INFO Start Evaling...
2020-04-22 15:27:13,434 INFO Head: mr:280.1 mrr:18.61 hits:34.37
2020-04-22 15:27:13,434 INFO Tail: mr:118.6 mrr:37.83 hits:59.44
2020-04-22 15:27:13,434 INFO All: mr:199.4 mrr:28.22 hits:46.90
2020-04-22 15:27:13,445 INFO Start Evaling...
2020-04-22 15:28:22,546 INFO Head: mr:295.0 mrr:18.70 hits:34.35
2020-04-22 15:28:22,546 INFO Tail: mr:129.4 mrr:37.47 hits:59.00
2020-04-22 15:28:22,547 INFO All: mr:212.2 mrr:28.08 hits:46.67
2020-04-22 15:28:22,559 INFO Improved and model saved
2020-04-22 15:29:27,816 INFO [65.2] Epoch 70: loss = 18.1760
2020-04-22 15:30:36,001 INFO [68.2] Epoch 71: loss = 18.1606
2020-04-22 15:31:52,672 INFO [76.7] Epoch 72: loss = 18.1297
2020-04-22 15:32:58,913 INFO [66.2] Epoch 73: loss = 18.1090
2020-04-22 15:34:05,884 INFO [67.0] Epoch 74: loss = 18.0760
2020-04-22 15:35:19,324 INFO [73.4] Epoch 75: loss = 18.0198
2020-04-22 15:36:24,370 INFO [65.0] Epoch 76: loss = 18.0159
2020-04-22 15:37:39,706 INFO [75.3] Epoch 77: loss = 18.0092
2020-04-22 15:38:56,448 INFO [76.7] Epoch 78: loss = 18.0239
2020-04-22 15:40:09,082 INFO [72.6] Epoch 79: loss = 17.9864
2020-04-22 15:40:09,084 INFO Start Evaling...
2020-04-22 15:41:01,750 INFO Head: mr:278.1 mrr:18.66 hits:34.29
2020-04-22 15:41:01,751 INFO Tail: mr:118.7 mrr:37.34 hits:59.07
2020-04-22 15:41:01,751 INFO All: mr:198.4 mrr:28.00 hits:46.68
2020-04-22 15:41:01,769 INFO Start Evaling...
2020-04-22 15:42:01,866 INFO Head: mr:291.5 mrr:18.53 hits:34.52
2020-04-22 15:42:01,866 INFO Tail: mr:130.1 mrr:37.26 hits:58.64
2020-04-22 15:42:01,866 INFO All: mr:210.8 mrr:27.90 hits:46.58
2020-04-22 15:42:01,877 INFO Declined in recent 1 epochs
2020-04-22 15:43:05,357 INFO [63.5] Epoch 80: loss = 18.0138
2020-04-22 15:44:07,572 INFO [62.2] Epoch 81: loss = 17.9685
2020-04-22 15:45:12,868 INFO [65.3] Epoch 82: loss = 17.9883
2020-04-22 15:46:17,304 INFO [64.4] Epoch 83: loss = 17.9342
2020-04-22 15:47:33,268 INFO [76.0] Epoch 84: loss = 17.9138
2020-04-22 15:48:51,160 INFO [77.9] Epoch 85: loss = 17.9224
2020-04-22 15:50:02,005 INFO [70.8] Epoch 86: loss = 17.9679
2020-04-22 15:51:08,105 INFO [66.1] Epoch 87: loss = 17.9271
2020-04-22 15:52:17,579 INFO [69.5] Epoch 88: loss = 17.8670
2020-04-22 15:53:26,651 INFO [69.1] Epoch 89: loss = 17.8711
2020-04-22 15:53:26,652 INFO Start Evaling...
2020-04-22 15:54:20,538 INFO Head: mr:281.0 mrr:18.70 hits:34.23
2020-04-22 15:54:20,538 INFO Tail: mr:120.1 mrr:37.69 hits:59.09
2020-04-22 15:54:20,538 INFO All: mr:200.6 mrr:28.19 hits:46.66
2020-04-22 15:54:20,548 INFO Start Evaling...
2020-04-22 15:55:20,088 INFO Head: mr:291.4 mrr:18.48 hits:33.88
2020-04-22 15:55:20,089 INFO Tail: mr:129.7 mrr:37.22 hits:58.66
2020-04-22 15:55:20,089 INFO All: mr:210.6 mrr:27.85 hits:46.27
2020-04-22 15:55:20,105 INFO Declined in recent 2 epochs
2020-04-22 15:56:28,663 INFO [68.6] Epoch 90: loss = 17.9170
2020-04-22 15:57:35,073 INFO [66.4] Epoch 91: loss = 17.8680
2020-04-22 15:58:41,425 INFO [66.4] Epoch 92: loss = 17.8139
2020-04-22 15:59:49,538 INFO [68.1] Epoch 93: loss = 17.8314
2020-04-22 16:00:57,652 INFO [68.1] Epoch 94: loss = 17.8499
2020-04-22 16:02:14,428 INFO [76.8] Epoch 95: loss = 17.8263
2020-04-22 16:03:24,417 INFO [70.0] Epoch 96: loss = 17.7909
2020-04-22 16:04:31,348 INFO [66.9] Epoch 97: loss = 17.8128
2020-04-22 16:05:43,953 INFO [72.6] Epoch 98: loss = 17.6996
2020-04-22 16:06:49,149 INFO [65.2] Epoch 99: loss = 17.7599
2020-04-22 16:06:49,150 INFO Start Evaling...
2020-04-22 16:07:40,794 INFO Head: mr:280.7 mrr:18.73 hits:34.10
2020-04-22 16:07:40,794 INFO Tail: mr:120.3 mrr:37.80 hits:59.08
2020-04-22 16:07:40,794 INFO All: mr:200.5 mrr:28.26 hits:46.59
2020-04-22 16:07:40,815 INFO Start Evaling...
2020-04-22 16:08:40,650 INFO Head: mr:293.4 mrr:18.66 hits:34.21
2020-04-22 16:08:40,651 INFO Tail: mr:129.7 mrr:37.42 hits:58.86
2020-04-22 16:08:40,651 INFO All: mr:211.5 mrr:28.04 hits:46.54
2020-04-22 16:08:40,663 INFO Declined in recent 3 epochs
2020-04-22 16:09:46,809 INFO [66.1] Epoch 100: loss = 17.7812
2020-04-22 16:10:54,090 INFO [67.3] Epoch 101: loss = 17.7709
2020-04-22 16:11:57,784 INFO [63.7] Epoch 102: loss = 17.7554
2020-04-22 16:13:08,173 INFO [70.4] Epoch 103: loss = 17.7630
2020-04-22 16:14:21,477 INFO [73.3] Epoch 104: loss = 17.7358
2020-04-22 16:15:36,882 INFO [75.4] Epoch 105: loss = 17.7215
2020-04-22 16:16:48,966 INFO [72.1] Epoch 106: loss = 17.7461
2020-04-22 16:17:55,350 INFO [66.4] Epoch 107: loss = 17.6846
2020-04-22 16:19:03,524 INFO [68.2] Epoch 108: loss = 17.6539
2020-04-22 16:20:12,404 INFO [68.9] Epoch 109: loss = 17.6845
2020-04-22 16:20:12,405 INFO Start Evaling...
2020-04-22 16:21:04,092 INFO Head: mr:280.4 mrr:18.71 hits:34.39
2020-04-22 16:21:04,092 INFO Tail: mr:120.4 mrr:37.73 hits:59.26
2020-04-22 16:21:04,092 INFO All: mr:200.4 mrr:28.22 hits:46.83
2020-04-22 16:21:04,102 INFO Start Evaling...
2020-04-22 16:22:12,370 INFO Head: mr:292.6 mrr:18.47 hits:34.46
2020-04-22 16:22:12,372 INFO Tail: mr:129.7 mrr:37.24 hits:58.85
2020-04-22 16:22:12,374 INFO All: mr:211.1 mrr:27.85 hits:46.65
2020-04-22 16:22:12,395 INFO Declined in recent 4 epochs
2020-04-22 16:23:21,124 INFO [68.7] Epoch 110: loss = 17.6672
2020-04-22 16:24:28,549 INFO [67.4] Epoch 111: loss = 17.6656
2020-04-22 16:25:36,513 INFO [68.0] Epoch 112: loss = 17.6883
2020-04-22 16:26:47,615 INFO [71.1] Epoch 113: loss = 17.6772
2020-04-22 16:28:01,060 INFO [73.4] Epoch 114: loss = 17.6664
2020-04-22 16:29:23,814 INFO [82.8] Epoch 115: loss = 17.6240
2020-04-22 16:30:37,157 INFO [73.3] Epoch 116: loss = 17.5668
2020-04-22 16:31:46,056 INFO [68.9] Epoch 117: loss = 17.6257
2020-04-22 16:32:51,839 INFO [65.8] Epoch 118: loss = 17.6519
2020-04-22 16:33:58,682 INFO [66.8] Epoch 119: loss = 17.5933
2020-04-22 16:33:58,683 INFO Start Evaling...
2020-04-22 16:34:51,904 INFO Head: mr:279.3 mrr:18.49 hits:34.33
2020-04-22 16:34:51,904 INFO Tail: mr:119.9 mrr:37.85 hits:59.06
2020-04-22 16:34:51,904 INFO All: mr:199.6 mrr:28.17 hits:46.70
2020-04-22 16:34:51,914 INFO Start Evaling...
2020-04-22 16:35:51,446 INFO Head: mr:292.1 mrr:18.40 hits:34.33
2020-04-22 16:35:51,446 INFO Tail: mr:129.4 mrr:37.38 hits:58.77
2020-04-22 16:35:51,446 INFO All: mr:210.8 mrr:27.89 hits:46.55
2020-04-22 16:35:51,458 INFO Declined in recent 5 epochs
2020-04-22 16:35:51,459 INFO Early stopping
2020-04-22 16:35:51,459 INFO Train done
2020-04-22 16:35:51,464 INFO Start Evaling...
2020-04-22 16:36:51,498 INFO Head: mr:295.0 mrr:18.70 hits:34.35
2020-04-22 16:36:51,499 INFO Tail: mr:129.4 mrr:37.47 hits:59.00
2020-04-22 16:36:51,499 INFO All: mr:212.2 mrr:28.08 hits:46.67
