2020-04-21 16:13:51,025 INFO EPOCH: 1000
2020-04-21 16:13:51,025 INFO EVERY: 10
2020-04-21 16:13:51,025 INFO LR: 0.001
2020-04-21 16:13:51,025 INFO DIM: 100
2020-04-21 16:13:51,025 INFO BATCH_SIZE: 256
2020-04-21 16:13:51,025 INFO BATCH_SIZE2: 256
2020-04-21 16:13:51,025 INFO P: 1
2020-04-21 16:13:51,026 INFO CLIPPING_MAX_VALUE: 4.0
2020-04-21 16:13:51,026 INFO OPTIM: Adam
2020-04-21 16:13:51,026 INFO N_SAMPLE: 12
2020-04-21 16:13:51,026 INFO MODE: rand
2020-04-21 16:13:51,026 INFO GAMMA: 12.0
2020-04-21 16:13:51,026 INFO BERN: True
2020-04-21 16:13:51,026 INFO MARGIN: 4.0
2020-04-21 16:13:51,026 INFO REG: 1.0
2020-04-21 16:13:51,026 INFO LABEL_SMOOTH_EPS: 0.1
2020-04-21 16:13:51,026 INFO INPUT_DROP: 0.2
2020-04-21 16:13:51,026 INFO FEAT_DROP: 0.2
2020-04-21 16:13:51,026 INFO HIDD_DROP: 0.3
2020-04-21 16:13:51,026 INFO CHANNELS: 50
2020-04-21 16:13:51,027 INFO KERNEL_SIZE: 3
2020-04-21 16:13:51,027 INFO N_POOL: 100
2020-04-21 16:13:51,027 INFO MODEL_D: TransH
2020-04-21 16:13:51,027 INFO MODEL_G: DistMult
2020-04-21 16:13:51,027 INFO SCRATCH: False
2020-04-21 16:13:51,027 INFO D_FILE: None
2020-04-21 16:13:51,027 INFO G_FILE: None
2020-04-21 16:13:51,027 INFO PATH: data
2020-04-21 16:13:51,027 INFO DATA: FB15K237
2020-04-21 16:13:51,027 INFO EXP_PATH: experiment/FB15K237
2020-04-21 16:13:51,027 INFO MODEL: TransH
2020-04-21 16:13:51,027 INFO V: 0
2020-04-21 16:13:51,027 INFO F: True
2020-04-21 16:13:51,028 INFO EVAL: False
2020-04-21 16:13:51,028 INFO TRAINED: False
2020-04-21 16:13:51,028 INFO PRETRAINED_NAME: None
2020-04-21 16:13:51,028 INFO EXP_NAME: TransH-FB15K237-rand-0
2020-04-21 16:13:51,028 INFO --------------------------------------
2020-04-21 16:13:56,236 INFO Dataload done
2020-04-21 16:13:56,236 INFO --------------------------------------
2020-04-21 16:13:56,236 INFO N_ENTITY: 14541
2020-04-21 16:13:56,236 INFO N_RELATION: 237
2020-04-21 16:13:56,236 INFO --------------------------------------
2020-04-21 16:14:03,418 INFO Start Evaling...
2020-04-21 16:14:52,581 INFO Head: mr:7149.9 mrr:0.07 hits:0.10
2020-04-21 16:14:52,581 INFO Tail: mr:7570.8 mrr:0.06 hits:0.06
2020-04-21 16:14:52,581 INFO All: mr:7360.3 mrr:0.07 hits:0.08
2020-04-21 16:14:52,598 INFO Start Training...
2020-04-21 16:15:54,146 INFO [61.5] Epoch 0: loss = 207.4577
2020-04-21 16:16:45,138 INFO [51.0] Epoch 1: loss = 74.9036
2020-04-21 16:17:50,223 INFO [65.1] Epoch 2: loss = 46.7317
2020-04-21 16:18:49,203 INFO [59.0] Epoch 3: loss = 35.6970
2020-04-21 16:19:57,543 INFO [68.3] Epoch 4: loss = 29.8379
2020-04-21 16:21:01,646 INFO [64.1] Epoch 5: loss = 26.3992
2020-04-21 16:22:03,727 INFO [62.1] Epoch 6: loss = 24.1703
2020-04-21 16:23:02,403 INFO [58.7] Epoch 7: loss = 22.6077
2020-04-21 16:23:57,720 INFO [55.3] Epoch 8: loss = 21.5916
2020-04-21 16:25:04,036 INFO [66.3] Epoch 9: loss = 20.6887
2020-04-21 16:25:04,036 INFO Start Evaling...
2020-04-21 16:25:57,350 INFO Head: mr:328.3 mrr:15.86 hits:30.13
2020-04-21 16:25:57,351 INFO Tail: mr:148.3 mrr:33.32 hits:54.30
2020-04-21 16:25:57,351 INFO All: mr:238.3 mrr:24.59 hits:42.22
2020-04-21 16:25:57,363 INFO Improved and model saved
2020-04-21 16:26:59,501 INFO [62.1] Epoch 10: loss = 20.1345
2020-04-21 16:27:57,561 INFO [58.1] Epoch 11: loss = 19.5377
2020-04-21 16:28:49,328 INFO [51.8] Epoch 12: loss = 19.2450
2020-04-21 16:29:50,400 INFO [61.1] Epoch 13: loss = 18.8460
2020-04-21 16:30:37,421 INFO [47.0] Epoch 14: loss = 18.5480
2020-04-21 16:31:35,883 INFO [58.5] Epoch 15: loss = 18.2646
2020-04-21 16:32:30,424 INFO [54.5] Epoch 16: loss = 18.1121
2020-04-21 16:33:34,016 INFO [63.6] Epoch 17: loss = 17.9229
2020-04-21 16:34:33,152 INFO [59.1] Epoch 18: loss = 17.6733
2020-04-21 16:35:32,545 INFO [59.4] Epoch 19: loss = 17.5625
2020-04-21 16:35:32,546 INFO Start Evaling...
2020-04-21 16:36:25,633 INFO Head: mr:288.5 mrr:17.13 hits:32.38
2020-04-21 16:36:25,634 INFO Tail: mr:127.4 mrr:35.19 hits:56.45
2020-04-21 16:36:25,634 INFO All: mr:208.0 mrr:26.16 hits:44.41
2020-04-21 16:36:25,643 INFO Improved and model saved
2020-04-21 16:37:24,378 INFO [58.7] Epoch 20: loss = 17.4212
2020-04-21 16:38:09,818 INFO [45.4] Epoch 21: loss = 17.2970
2020-04-21 16:39:11,747 INFO [61.9] Epoch 22: loss = 17.1723
2020-04-21 16:40:10,531 INFO [58.8] Epoch 23: loss = 17.1265
2020-04-21 16:41:12,321 INFO [61.8] Epoch 24: loss = 16.9598
2020-04-21 16:42:01,610 INFO [49.3] Epoch 25: loss = 16.9024
2020-04-21 16:42:50,163 INFO [48.6] Epoch 26: loss = 16.8200
2020-04-21 16:43:50,445 INFO [60.3] Epoch 27: loss = 16.6893
2020-04-21 16:44:54,879 INFO [64.4] Epoch 28: loss = 16.6817
2020-04-21 16:45:46,671 INFO [51.8] Epoch 29: loss = 16.5928
2020-04-21 16:45:46,672 INFO Start Evaling...
2020-04-21 16:46:38,045 INFO Head: mr:282.4 mrr:17.32 hits:32.63
2020-04-21 16:46:38,045 INFO Tail: mr:123.3 mrr:35.90 hits:57.19
2020-04-21 16:46:38,046 INFO All: mr:202.9 mrr:26.61 hits:44.91
2020-04-21 16:46:38,062 INFO Improved and model saved
2020-04-21 16:47:39,605 INFO [61.5] Epoch 30: loss = 16.5678
2020-04-21 16:48:37,796 INFO [58.2] Epoch 31: loss = 16.4957
2020-04-21 16:49:24,218 INFO [46.4] Epoch 32: loss = 16.4343
2020-04-21 16:50:08,376 INFO [44.2] Epoch 33: loss = 16.3342
2020-04-21 16:50:56,417 INFO [48.0] Epoch 34: loss = 16.3539
2020-04-21 16:51:48,545 INFO [52.1] Epoch 35: loss = 16.2648
2020-04-21 16:52:44,225 INFO [55.7] Epoch 36: loss = 16.3018
2020-04-21 16:53:41,358 INFO [57.1] Epoch 37: loss = 16.1576
2020-04-21 16:54:33,343 INFO [52.0] Epoch 38: loss = 16.0972
2020-04-21 16:55:27,985 INFO [54.6] Epoch 39: loss = 16.1400
2020-04-21 16:55:27,986 INFO Start Evaling...
2020-04-21 16:56:21,672 INFO Head: mr:279.0 mrr:17.36 hits:33.45
2020-04-21 16:56:21,672 INFO Tail: mr:121.3 mrr:36.04 hits:57.68
2020-04-21 16:56:21,672 INFO All: mr:200.1 mrr:26.70 hits:45.57
2020-04-21 16:56:21,685 INFO Improved and model saved
2020-04-21 16:57:17,173 INFO [55.5] Epoch 40: loss = 16.0611
2020-04-21 16:58:19,109 INFO [61.9] Epoch 41: loss = 16.0684
2020-04-21 16:59:09,829 INFO [50.7] Epoch 42: loss = 16.0526
2020-04-21 17:00:04,147 INFO [54.3] Epoch 43: loss = 15.9540
2020-04-21 17:00:54,748 INFO [50.6] Epoch 44: loss = 16.0001
2020-04-21 17:01:42,350 INFO [47.6] Epoch 45: loss = 15.9210
2020-04-21 17:02:43,985 INFO [61.6] Epoch 46: loss = 15.8645
2020-04-21 17:03:41,644 INFO [57.7] Epoch 47: loss = 15.9100
2020-04-21 17:04:30,348 INFO [48.7] Epoch 48: loss = 15.8144
2020-04-21 17:05:24,411 INFO [54.1] Epoch 49: loss = 15.8199
2020-04-21 17:05:24,412 INFO Start Evaling...
2020-04-21 17:06:15,797 INFO Head: mr:279.4 mrr:17.30 hits:32.90
2020-04-21 17:06:15,797 INFO Tail: mr:118.6 mrr:36.35 hits:58.03
2020-04-21 17:06:15,797 INFO All: mr:199.0 mrr:26.83 hits:45.46
2020-04-21 17:06:15,807 INFO Declined in recent 1 epochs
2020-04-21 17:07:07,061 INFO [51.3] Epoch 50: loss = 15.7791
2020-04-21 17:08:04,840 INFO [57.8] Epoch 51: loss = 15.7736
2020-04-21 17:08:54,476 INFO [49.6] Epoch 52: loss = 15.7145
2020-04-21 17:09:46,745 INFO [52.3] Epoch 53: loss = 15.7289
2020-04-21 17:10:45,154 INFO [58.4] Epoch 54: loss = 15.6692
2020-04-21 17:11:42,013 INFO [56.9] Epoch 55: loss = 15.7065
2020-04-21 17:12:36,234 INFO [54.2] Epoch 56: loss = 15.6642
2020-04-21 17:13:25,241 INFO [49.0] Epoch 57: loss = 15.6320
2020-04-21 17:14:08,174 INFO [42.9] Epoch 58: loss = 15.5972
2020-04-21 17:15:12,524 INFO [64.3] Epoch 59: loss = 15.6187
2020-04-21 17:15:12,525 INFO Start Evaling...
2020-04-21 17:16:00,625 INFO Head: mr:275.7 mrr:17.54 hits:33.10
2020-04-21 17:16:00,625 INFO Tail: mr:118.0 mrr:36.37 hits:58.03
2020-04-21 17:16:00,625 INFO All: mr:196.8 mrr:26.96 hits:45.56
2020-04-21 17:16:00,635 INFO Declined in recent 2 epochs
2020-04-21 17:17:01,074 INFO [60.4] Epoch 60: loss = 15.5608
2020-04-21 17:18:02,599 INFO [61.5] Epoch 61: loss = 15.5746
2020-04-21 17:18:54,221 INFO [51.6] Epoch 62: loss = 15.4857
2020-04-21 17:19:50,281 INFO [56.1] Epoch 63: loss = 15.6043
2020-04-21 17:20:49,599 INFO [59.3] Epoch 64: loss = 15.4959
2020-04-21 17:21:46,814 INFO [57.2] Epoch 65: loss = 15.5074
2020-04-21 17:22:39,043 INFO [52.2] Epoch 66: loss = 15.5262
2020-04-21 17:23:37,121 INFO [58.1] Epoch 67: loss = 15.4559
2020-04-21 17:24:29,319 INFO [52.2] Epoch 68: loss = 15.4647
2020-04-21 17:25:26,900 INFO [57.6] Epoch 69: loss = 15.4624
2020-04-21 17:25:26,901 INFO Start Evaling...
2020-04-21 17:26:15,258 INFO Head: mr:277.1 mrr:17.78 hits:33.53
2020-04-21 17:26:15,261 INFO Tail: mr:118.5 mrr:36.43 hits:57.94
2020-04-21 17:26:15,261 INFO All: mr:197.8 mrr:27.11 hits:45.74
2020-04-21 17:26:15,276 INFO Improved and model saved
2020-04-21 17:27:11,740 INFO [56.5] Epoch 70: loss = 15.3953
2020-04-21 17:28:08,193 INFO [56.5] Epoch 71: loss = 15.3929
2020-04-21 17:29:00,002 INFO [51.8] Epoch 72: loss = 15.3798
2020-04-21 17:29:59,451 INFO [59.4] Epoch 73: loss = 15.4186
2020-04-21 17:30:53,668 INFO [54.2] Epoch 74: loss = 15.3435
2020-04-21 17:31:50,699 INFO [57.0] Epoch 75: loss = 15.3714
2020-04-21 17:32:32,133 INFO [41.4] Epoch 76: loss = 15.3220
2020-04-21 17:33:33,386 INFO [61.3] Epoch 77: loss = 15.3833
2020-04-21 17:34:29,956 INFO [56.6] Epoch 78: loss = 15.3442
2020-04-21 17:35:25,879 INFO [55.9] Epoch 79: loss = 15.3197
2020-04-21 17:35:25,880 INFO Start Evaling...
2020-04-21 17:36:14,981 INFO Head: mr:279.9 mrr:17.51 hits:33.30
2020-04-21 17:36:14,982 INFO Tail: mr:119.8 mrr:36.05 hits:58.21
2020-04-21 17:36:14,982 INFO All: mr:199.8 mrr:26.78 hits:45.76
2020-04-21 17:36:15,002 INFO Improved and model saved
2020-04-21 17:37:03,597 INFO [48.6] Epoch 80: loss = 15.4105
2020-04-21 17:37:49,450 INFO [45.9] Epoch 81: loss = 15.2412
2020-04-21 17:38:38,393 INFO [48.9] Epoch 82: loss = 15.2462
2020-04-21 17:39:28,157 INFO [49.8] Epoch 83: loss = 15.3121
2020-04-21 17:40:14,385 INFO [46.2] Epoch 84: loss = 15.3278
2020-04-21 17:41:05,239 INFO [50.9] Epoch 85: loss = 15.2181
2020-04-21 17:41:51,160 INFO [45.9] Epoch 86: loss = 15.3197
2020-04-21 17:42:38,252 INFO [47.1] Epoch 87: loss = 15.2477
2020-04-21 17:43:27,618 INFO [49.4] Epoch 88: loss = 15.2241
2020-04-21 17:44:16,105 INFO [48.5] Epoch 89: loss = 15.1772
2020-04-21 17:44:16,106 INFO Start Evaling...
2020-04-21 17:45:04,467 INFO Head: mr:277.0 mrr:17.72 hits:33.60
2020-04-21 17:45:04,467 INFO Tail: mr:119.0 mrr:36.47 hits:58.01
2020-04-21 17:45:04,468 INFO All: mr:198.0 mrr:27.10 hits:45.80
2020-04-21 17:45:04,480 INFO Improved and model saved
2020-04-21 17:45:47,838 INFO [43.3] Epoch 90: loss = 15.1542
2020-04-21 17:46:35,993 INFO [48.2] Epoch 91: loss = 15.1942
2020-04-21 17:47:30,327 INFO [54.3] Epoch 92: loss = 15.1899
2020-04-21 17:48:16,113 INFO [45.8] Epoch 93: loss = 15.2111
2020-04-21 17:49:03,876 INFO [47.8] Epoch 94: loss = 15.1640
2020-04-21 17:49:55,085 INFO [51.2] Epoch 95: loss = 15.2036
2020-04-21 17:50:42,892 INFO [47.8] Epoch 96: loss = 15.1349
2020-04-21 17:51:31,733 INFO [48.8] Epoch 97: loss = 15.1519
2020-04-21 17:52:15,590 INFO [43.9] Epoch 98: loss = 15.1100
2020-04-21 17:53:04,316 INFO [48.7] Epoch 99: loss = 15.1961
2020-04-21 17:53:04,317 INFO Start Evaling...
2020-04-21 17:53:56,394 INFO Head: mr:276.0 mrr:17.57 hits:33.07
2020-04-21 17:53:56,394 INFO Tail: mr:117.9 mrr:36.51 hits:58.40
2020-04-21 17:53:56,394 INFO All: mr:197.0 mrr:27.04 hits:45.73
2020-04-21 17:53:56,405 INFO Declined in recent 1 epochs
2020-04-21 17:54:40,811 INFO [44.4] Epoch 100: loss = 15.1200
2020-04-21 17:55:27,834 INFO [47.0] Epoch 101: loss = 15.0815
2020-04-21 17:56:15,895 INFO [48.1] Epoch 102: loss = 15.1458
2020-04-21 17:57:05,066 INFO [49.2] Epoch 103: loss = 15.1215
2020-04-21 17:57:52,612 INFO [47.5] Epoch 104: loss = 15.1172
2020-04-21 17:58:46,146 INFO [53.5] Epoch 105: loss = 15.1395
2020-04-21 17:59:34,446 INFO [48.3] Epoch 106: loss = 15.1071
2020-04-21 18:00:23,344 INFO [48.9] Epoch 107: loss = 15.0841
2020-04-21 18:01:14,066 INFO [50.7] Epoch 108: loss = 15.1370
2020-04-21 18:02:01,790 INFO [47.7] Epoch 109: loss = 14.9881
2020-04-21 18:02:01,790 INFO Start Evaling...
2020-04-21 18:03:03,685 INFO Head: mr:277.0 mrr:17.84 hits:33.52
2020-04-21 18:03:03,685 INFO Tail: mr:120.3 mrr:36.55 hits:58.08
2020-04-21 18:03:03,685 INFO All: mr:198.6 mrr:27.19 hits:45.80
2020-04-21 18:03:03,696 INFO Declined in recent 2 epochs
2020-04-21 18:03:55,840 INFO [52.1] Epoch 110: loss = 15.0411
2020-04-21 18:04:45,987 INFO [50.1] Epoch 111: loss = 15.0386
2020-04-21 18:05:34,049 INFO [48.1] Epoch 112: loss = 15.0792
2020-04-21 18:06:21,014 INFO [47.0] Epoch 113: loss = 15.0384
2020-04-21 18:07:10,143 INFO [49.1] Epoch 114: loss = 15.1273
2020-04-21 18:08:00,091 INFO [49.9] Epoch 115: loss = 15.0319
2020-04-21 18:08:49,675 INFO [49.6] Epoch 116: loss = 15.0223
2020-04-21 18:09:38,530 INFO [48.9] Epoch 117: loss = 15.0488
2020-04-21 18:10:28,128 INFO [49.6] Epoch 118: loss = 15.0140
2020-04-21 18:11:17,780 INFO [49.7] Epoch 119: loss = 15.0255
2020-04-21 18:11:17,781 INFO Start Evaling...
2020-04-21 18:12:23,958 INFO Head: mr:279.9 mrr:17.71 hits:33.48
2020-04-21 18:12:23,959 INFO Tail: mr:119.6 mrr:36.60 hits:58.12
2020-04-21 18:12:23,959 INFO All: mr:199.8 mrr:27.15 hits:45.80
2020-04-21 18:12:23,969 INFO Declined in recent 3 epochs
2020-04-21 18:13:12,908 INFO [48.9] Epoch 120: loss = 14.9415
2020-04-21 18:14:03,242 INFO [50.3] Epoch 121: loss = 15.0123
2020-04-21 18:14:54,121 INFO [50.9] Epoch 122: loss = 15.0092
2020-04-21 18:15:43,991 INFO [49.9] Epoch 123: loss = 15.0603
2020-04-21 18:16:36,978 INFO [53.0] Epoch 124: loss = 14.9959
2020-04-21 18:17:31,755 INFO [54.8] Epoch 125: loss = 14.9520
2020-04-21 18:18:23,334 INFO [51.6] Epoch 126: loss = 14.9690
2020-04-21 18:19:14,482 INFO [51.1] Epoch 127: loss = 14.9397
2020-04-21 18:20:05,707 INFO [51.2] Epoch 128: loss = 15.0031
2020-04-21 18:20:57,574 INFO [51.9] Epoch 129: loss = 14.9327
2020-04-21 18:20:57,575 INFO Start Evaling...
2020-04-21 18:22:09,309 INFO Head: mr:279.2 mrr:17.64 hits:33.22
2020-04-21 18:22:09,309 INFO Tail: mr:120.4 mrr:36.33 hits:58.09
2020-04-21 18:22:09,310 INFO All: mr:199.8 mrr:26.98 hits:45.66
2020-04-21 18:22:09,325 INFO Declined in recent 4 epochs
2020-04-21 18:22:58,581 INFO [49.3] Epoch 130: loss = 14.9357
2020-04-21 18:23:49,677 INFO [51.1] Epoch 131: loss = 14.8885
2020-04-21 18:24:40,931 INFO [51.3] Epoch 132: loss = 14.8948
2020-04-21 18:25:31,946 INFO [51.0] Epoch 133: loss = 14.9620
2020-04-21 18:26:25,578 INFO [53.6] Epoch 134: loss = 15.0062
2020-04-21 18:27:14,615 INFO [49.0] Epoch 135: loss = 14.9300
2020-04-21 18:28:02,977 INFO [48.4] Epoch 136: loss = 14.9837
2020-04-21 18:28:52,623 INFO [49.6] Epoch 137: loss = 14.9185
2020-04-21 18:29:40,568 INFO [47.9] Epoch 138: loss = 14.9324
2020-04-21 18:30:28,977 INFO [48.4] Epoch 139: loss = 14.9618
2020-04-21 18:30:28,978 INFO Start Evaling...
2020-04-21 18:31:32,299 INFO Head: mr:278.2 mrr:17.75 hits:33.57
2020-04-21 18:31:32,300 INFO Tail: mr:118.4 mrr:36.32 hits:57.75
2020-04-21 18:31:32,300 INFO All: mr:198.3 mrr:27.04 hits:45.66
2020-04-21 18:31:32,310 INFO Declined in recent 5 epochs
2020-04-21 18:31:32,310 INFO Early stopping
2020-04-21 18:31:32,310 INFO Train done
2020-04-21 18:31:32,314 INFO Start Evaling...
2020-04-21 18:32:43,080 INFO Head: mr:294.2 mrr:17.52 hits:33.30
2020-04-21 18:32:43,081 INFO Tail: mr:130.5 mrr:35.82 hits:57.23
2020-04-21 18:32:43,081 INFO All: mr:212.4 mrr:26.67 hits:45.27
