2020-04-22 18:52:38,142 INFO EPOCH: 1000
2020-04-22 18:52:38,142 INFO EVERY: 10
2020-04-22 18:52:38,142 INFO LR: 0.001
2020-04-22 18:52:38,142 INFO DIM: 100
2020-04-22 18:52:38,142 INFO BATCH_SIZE: 256
2020-04-22 18:52:38,142 INFO BATCH_SIZE2: 256
2020-04-22 18:52:38,142 INFO P: 1
2020-04-22 18:52:38,143 INFO CLIPPING_MAX_VALUE: 4.0
2020-04-22 18:52:38,143 INFO OPTIM: Adam
2020-04-22 18:52:38,143 INFO N_SAMPLE: 100
2020-04-22 18:52:38,143 INFO MODE: grap
2020-04-22 18:52:38,143 INFO RATE: 0.05
2020-04-22 18:52:38,143 INFO GAMMA: 12.0
2020-04-22 18:52:38,143 INFO BERN: True
2020-04-22 18:52:38,143 INFO MARGIN: 4.0
2020-04-22 18:52:38,143 INFO REG: 1.0
2020-04-22 18:52:38,143 INFO LABEL_SMOOTH_EPS: 0.1
2020-04-22 18:52:38,143 INFO INPUT_DROP: 0.2
2020-04-22 18:52:38,143 INFO FEAT_DROP: 0.2
2020-04-22 18:52:38,143 INFO HIDD_DROP: 0.3
2020-04-22 18:52:38,143 INFO CHANNELS: 50
2020-04-22 18:52:38,143 INFO KERNEL_SIZE: 3
2020-04-22 18:52:38,143 INFO N_POOL: 100
2020-04-22 18:52:38,143 INFO MODEL_D: TransH
2020-04-22 18:52:38,143 INFO MODEL_G: DistMult
2020-04-22 18:52:38,143 INFO SCRATCH: False
2020-04-22 18:52:38,144 INFO D_FILE: None
2020-04-22 18:52:38,144 INFO G_FILE: None
2020-04-22 18:52:38,144 INFO PATH: data
2020-04-22 18:52:38,144 INFO DATA: FB15K237
2020-04-22 18:52:38,144 INFO EXP_PATH: experiment/FB15K237
2020-04-22 18:52:38,144 INFO MODEL: TransH
2020-04-22 18:52:38,144 INFO V: 6
2020-04-22 18:52:38,144 INFO F: True
2020-04-22 18:52:38,144 INFO EVAL: False
2020-04-22 18:52:38,144 INFO TRAINED: False
2020-04-22 18:52:38,144 INFO PRETRAINED_NAME: None
2020-04-22 18:52:38,144 INFO EXP_NAME: TransH-FB15K237-grap-6
2020-04-22 18:52:38,144 INFO --------------------------------------
2020-04-22 18:53:00,793 INFO Dataload done
2020-04-22 18:53:00,793 INFO --------------------------------------
2020-04-22 18:53:00,793 INFO N_ENTITY: 14541
2020-04-22 18:53:00,793 INFO N_RELATION: 237
2020-04-22 18:53:00,794 INFO --------------------------------------
2020-04-22 18:53:03,288 INFO Start Training...
2020-04-22 18:54:16,085 INFO [72.8] Epoch 0: loss = 203.2024
2020-04-22 18:55:24,733 INFO [68.6] Epoch 1: loss = 70.1292
2020-04-22 18:56:31,955 INFO [67.2] Epoch 2: loss = 44.7887
2020-04-22 18:57:40,357 INFO [68.4] Epoch 3: loss = 34.8718
2020-04-22 18:58:50,303 INFO [69.9] Epoch 4: loss = 29.7943
2020-04-22 19:00:04,061 INFO [73.8] Epoch 5: loss = 26.8487
2020-04-22 19:01:18,409 INFO [74.3] Epoch 6: loss = 25.0478
2020-04-22 19:02:26,398 INFO [68.0] Epoch 7: loss = 23.8332
2020-04-22 19:03:35,230 INFO [68.8] Epoch 8: loss = 22.9851
2020-04-22 19:04:42,456 INFO [67.2] Epoch 9: loss = 22.3027
2020-04-22 19:04:42,456 INFO Start Evaling...
2020-04-22 19:05:39,702 INFO Head: mr:308.4 mrr:17.27 hits:32.28
2020-04-22 19:05:39,702 INFO Tail: mr:138.2 mrr:35.25 hits:56.04
2020-04-22 19:05:39,702 INFO All: mr:223.3 mrr:26.26 hits:44.16
2020-04-22 19:05:39,711 INFO Start Evaling...
2020-04-22 19:06:44,930 INFO Head: mr:315.3 mrr:16.97 hits:32.31
2020-04-22 19:06:44,930 INFO Tail: mr:145.6 mrr:34.91 hits:55.93
2020-04-22 19:06:44,930 INFO All: mr:230.4 mrr:25.94 hits:44.12
2020-04-22 19:06:44,940 INFO Improved and model saved
2020-04-22 19:07:59,429 INFO [74.5] Epoch 10: loss = 21.7701
2020-04-22 19:09:13,874 INFO [74.4] Epoch 11: loss = 21.3589
2020-04-22 19:10:28,533 INFO [74.7] Epoch 12: loss = 20.9943
2020-04-22 19:11:38,426 INFO [69.9] Epoch 13: loss = 20.6934
2020-04-22 19:12:47,285 INFO [68.9] Epoch 14: loss = 20.4684
2020-04-22 19:13:54,594 INFO [67.3] Epoch 15: loss = 20.2435
2020-04-22 19:15:03,467 INFO [68.9] Epoch 16: loss = 20.0950
2020-04-22 19:16:12,022 INFO [68.6] Epoch 17: loss = 19.8904
2020-04-22 19:17:19,963 INFO [67.9] Epoch 18: loss = 19.7622
2020-04-22 19:18:27,717 INFO [67.8] Epoch 19: loss = 19.6015
2020-04-22 19:18:27,717 INFO Start Evaling...
2020-04-22 19:19:24,539 INFO Head: mr:287.1 mrr:18.29 hits:34.08
2020-04-22 19:19:24,539 INFO Tail: mr:124.1 mrr:36.38 hits:57.63
2020-04-22 19:19:24,542 INFO All: mr:205.6 mrr:27.33 hits:45.85
2020-04-22 19:19:24,555 INFO Start Evaling...
2020-04-22 19:20:29,400 INFO Head: mr:297.7 mrr:18.18 hits:33.60
2020-04-22 19:20:29,400 INFO Tail: mr:132.1 mrr:35.72 hits:57.21
2020-04-22 19:20:29,401 INFO All: mr:214.9 mrr:26.95 hits:45.41
2020-04-22 19:20:29,419 INFO Improved and model saved
2020-04-22 19:21:40,799 INFO [71.4] Epoch 20: loss = 19.4689
2020-04-22 19:22:46,649 INFO [65.8] Epoch 21: loss = 19.3631
2020-04-22 19:23:54,952 INFO [68.3] Epoch 22: loss = 19.2586
2020-04-22 19:25:04,050 INFO [69.1] Epoch 23: loss = 19.1843
2020-04-22 19:26:12,126 INFO [68.1] Epoch 24: loss = 19.0921
2020-04-22 19:27:24,535 INFO [72.4] Epoch 25: loss = 19.0034
2020-04-22 19:28:33,043 INFO [68.5] Epoch 26: loss = 18.9683
2020-04-22 19:29:45,379 INFO [72.3] Epoch 27: loss = 18.8875
2020-04-22 19:30:59,332 INFO [74.0] Epoch 28: loss = 18.8474
2020-04-22 19:32:07,158 INFO [67.8] Epoch 29: loss = 18.7881
2020-04-22 19:32:07,160 INFO Start Evaling...
2020-04-22 19:33:03,228 INFO Head: mr:282.7 mrr:18.63 hits:34.31
2020-04-22 19:33:03,228 INFO Tail: mr:122.7 mrr:37.01 hits:58.55
2020-04-22 19:33:03,229 INFO All: mr:202.7 mrr:27.82 hits:46.43
2020-04-22 19:33:03,245 INFO Start Evaling...
2020-04-22 19:34:07,866 INFO Head: mr:293.8 mrr:18.39 hits:34.23
2020-04-22 19:34:07,867 INFO Tail: mr:129.9 mrr:36.64 hits:57.96
2020-04-22 19:34:07,867 INFO All: mr:211.9 mrr:27.52 hits:46.10
2020-04-22 19:34:07,877 INFO Improved and model saved
2020-04-22 19:35:22,477 INFO [74.6] Epoch 30: loss = 18.6836
2020-04-22 19:36:29,724 INFO [67.2] Epoch 31: loss = 18.6777
2020-04-22 19:37:33,997 INFO [64.3] Epoch 32: loss = 18.5956
2020-04-22 19:38:43,801 INFO [69.8] Epoch 33: loss = 18.5328
2020-04-22 19:39:54,020 INFO [70.2] Epoch 34: loss = 18.5083
2020-04-22 19:41:07,001 INFO [73.0] Epoch 35: loss = 18.4397
2020-04-22 19:42:16,342 INFO [69.3] Epoch 36: loss = 18.4230
2020-04-22 19:43:24,393 INFO [68.1] Epoch 37: loss = 18.4035
2020-04-22 19:44:37,824 INFO [73.4] Epoch 38: loss = 18.3146
2020-04-22 19:45:43,849 INFO [66.0] Epoch 39: loss = 18.3175
2020-04-22 19:45:43,850 INFO Start Evaling...
2020-04-22 19:46:40,552 INFO Head: mr:279.7 mrr:18.65 hits:34.16
2020-04-22 19:46:40,553 INFO Tail: mr:120.8 mrr:37.47 hits:58.82
2020-04-22 19:46:40,553 INFO All: mr:200.2 mrr:28.06 hits:46.49
2020-04-22 19:46:40,576 INFO Start Evaling...
2020-04-22 19:47:46,157 INFO Head: mr:292.1 mrr:18.46 hits:34.24
2020-04-22 19:47:46,158 INFO Tail: mr:128.6 mrr:37.08 hits:58.22
2020-04-22 19:47:46,158 INFO All: mr:210.3 mrr:27.77 hits:46.23
2020-04-22 19:47:46,169 INFO Improved and model saved
2020-04-22 19:48:54,369 INFO [68.2] Epoch 40: loss = 18.2695
2020-04-22 19:50:01,710 INFO [67.3] Epoch 41: loss = 18.2586
2020-04-22 19:51:14,682 INFO [73.0] Epoch 42: loss = 18.2425
2020-04-22 19:52:24,746 INFO [70.1] Epoch 43: loss = 18.1651
2020-04-22 19:53:34,260 INFO [69.5] Epoch 44: loss = 18.1479
2020-04-22 19:54:47,832 INFO [73.6] Epoch 45: loss = 18.1262
2020-04-22 19:55:56,433 INFO [68.6] Epoch 46: loss = 18.1120
2020-04-22 19:57:04,745 INFO [68.3] Epoch 47: loss = 18.1127
2020-04-22 19:58:12,984 INFO [68.2] Epoch 48: loss = 18.0573
2020-04-22 19:59:26,579 INFO [73.6] Epoch 49: loss = 18.0005
2020-04-22 19:59:26,580 INFO Start Evaling...
2020-04-22 20:00:22,829 INFO Head: mr:277.8 mrr:18.66 hits:33.90
2020-04-22 20:00:22,829 INFO Tail: mr:119.3 mrr:37.70 hits:58.94
2020-04-22 20:00:22,829 INFO All: mr:198.6 mrr:28.18 hits:46.42
2020-04-22 20:00:22,839 INFO Start Evaling...
2020-04-22 20:01:27,336 INFO Head: mr:291.0 mrr:18.60 hits:34.10
2020-04-22 20:01:27,336 INFO Tail: mr:127.9 mrr:37.13 hits:58.60
2020-04-22 20:01:27,336 INFO All: mr:209.5 mrr:27.86 hits:46.35
2020-04-22 20:01:27,347 INFO Declined in recent 1 epochs
2020-04-22 20:02:35,435 INFO [68.1] Epoch 50: loss = 17.9978
2020-04-22 20:03:41,885 INFO [66.4] Epoch 51: loss = 17.9601
2020-04-22 20:04:55,156 INFO [73.3] Epoch 52: loss = 17.9500
2020-04-22 20:06:10,043 INFO [74.9] Epoch 53: loss = 17.9424
2020-04-22 20:07:19,386 INFO [69.3] Epoch 54: loss = 17.9514
2020-04-22 20:08:32,967 INFO [73.6] Epoch 55: loss = 17.9115
2020-04-22 20:09:45,957 INFO [73.0] Epoch 56: loss = 17.8667
2020-04-22 20:10:56,280 INFO [70.3] Epoch 57: loss = 17.8664
2020-04-22 20:12:00,978 INFO [64.7] Epoch 58: loss = 17.8724
2020-04-22 20:13:08,887 INFO [67.9] Epoch 59: loss = 17.8385
2020-04-22 20:13:08,888 INFO Start Evaling...
2020-04-22 20:14:05,188 INFO Head: mr:275.6 mrr:18.98 hits:34.69
2020-04-22 20:14:05,188 INFO Tail: mr:119.6 mrr:37.59 hits:59.16
2020-04-22 20:14:05,188 INFO All: mr:197.6 mrr:28.29 hits:46.92
2020-04-22 20:14:05,199 INFO Start Evaling...
2020-04-22 20:15:10,257 INFO Head: mr:290.8 mrr:18.77 hits:34.55
2020-04-22 20:15:10,257 INFO Tail: mr:129.0 mrr:37.09 hits:58.43
2020-04-22 20:15:10,257 INFO All: mr:209.9 mrr:27.93 hits:46.49
2020-04-22 20:15:10,268 INFO Improved and model saved
2020-04-22 20:16:22,936 INFO [72.7] Epoch 60: loss = 17.8223
2020-04-22 20:17:36,768 INFO [73.8] Epoch 61: loss = 17.8061
2020-04-22 20:18:48,127 INFO [71.4] Epoch 62: loss = 17.7793
2020-04-22 20:20:02,269 INFO [74.1] Epoch 63: loss = 17.7600
2020-04-22 20:21:12,758 INFO [70.5] Epoch 64: loss = 17.7468
2020-04-22 20:22:26,475 INFO [73.7] Epoch 65: loss = 17.7342
2020-04-22 20:23:38,084 INFO [71.6] Epoch 66: loss = 17.6828
2020-04-22 20:24:47,668 INFO [69.6] Epoch 67: loss = 17.6905
2020-04-22 20:25:54,754 INFO [67.1] Epoch 68: loss = 17.6767
2020-04-22 20:27:04,376 INFO [69.6] Epoch 69: loss = 17.6536
2020-04-22 20:27:04,376 INFO Start Evaling...
2020-04-22 20:28:00,137 INFO Head: mr:275.2 mrr:18.90 hits:34.98
2020-04-22 20:28:00,137 INFO Tail: mr:120.1 mrr:37.92 hits:59.22
2020-04-22 20:28:00,138 INFO All: mr:197.6 mrr:28.41 hits:47.10
2020-04-22 20:28:00,152 INFO Start Evaling...
2020-04-22 20:29:05,073 INFO Head: mr:291.2 mrr:18.79 hits:34.72
2020-04-22 20:29:05,074 INFO Tail: mr:128.1 mrr:37.55 hits:58.54
2020-04-22 20:29:05,074 INFO All: mr:209.6 mrr:28.17 hits:46.63
2020-04-22 20:29:05,084 INFO Improved and model saved
2020-04-22 20:30:19,122 INFO [74.0] Epoch 70: loss = 17.6493
2020-04-22 20:31:28,130 INFO [69.0] Epoch 71: loss = 17.6742
2020-04-22 20:32:36,847 INFO [68.7] Epoch 72: loss = 17.6349
2020-04-22 20:33:46,341 INFO [69.5] Epoch 73: loss = 17.5971
2020-04-22 20:34:55,635 INFO [69.3] Epoch 74: loss = 17.6286
2020-04-22 20:36:07,396 INFO [71.8] Epoch 75: loss = 17.5975
2020-04-22 20:37:14,076 INFO [66.7] Epoch 76: loss = 17.6040
2020-04-22 20:38:26,913 INFO [72.8] Epoch 77: loss = 17.5566
2020-04-22 20:39:32,939 INFO [66.0] Epoch 78: loss = 17.6173
2020-04-22 20:40:40,702 INFO [67.8] Epoch 79: loss = 17.5444
2020-04-22 20:40:40,703 INFO Start Evaling...
2020-04-22 20:41:35,648 INFO Head: mr:275.9 mrr:19.03 hits:34.72
2020-04-22 20:41:35,648 INFO Tail: mr:120.4 mrr:37.95 hits:59.21
2020-04-22 20:41:35,648 INFO All: mr:198.2 mrr:28.49 hits:46.97
2020-04-22 20:41:35,660 INFO Start Evaling...
2020-04-22 20:42:39,841 INFO Head: mr:290.9 mrr:18.82 hits:34.51
2020-04-22 20:42:39,842 INFO Tail: mr:127.6 mrr:37.58 hits:58.67
2020-04-22 20:42:39,842 INFO All: mr:209.2 mrr:28.20 hits:46.59
2020-04-22 20:42:39,853 INFO Declined in recent 1 epochs
2020-04-22 20:43:52,258 INFO [72.4] Epoch 80: loss = 17.5633
2020-04-22 20:44:58,922 INFO [66.7] Epoch 81: loss = 17.5082
2020-04-22 20:46:06,152 INFO [67.2] Epoch 82: loss = 17.5352
2020-04-22 20:47:21,019 INFO [74.9] Epoch 83: loss = 17.5272
2020-04-22 20:48:32,223 INFO [71.2] Epoch 84: loss = 17.5139
2020-04-22 20:49:40,297 INFO [68.1] Epoch 85: loss = 17.5067
2020-04-22 20:50:48,341 INFO [68.0] Epoch 86: loss = 17.4684
2020-04-22 20:52:01,269 INFO [72.9] Epoch 87: loss = 17.4849
2020-04-22 20:53:11,419 INFO [70.1] Epoch 88: loss = 17.4623
2020-04-22 20:54:17,962 INFO [66.5] Epoch 89: loss = 17.4810
2020-04-22 20:54:17,963 INFO Start Evaling...
2020-04-22 20:55:13,508 INFO Head: mr:274.0 mrr:18.99 hits:34.98
2020-04-22 20:55:13,509 INFO Tail: mr:119.7 mrr:38.07 hits:59.36
2020-04-22 20:55:13,509 INFO All: mr:196.9 mrr:28.53 hits:47.17
2020-04-22 20:55:13,518 INFO Start Evaling...
2020-04-22 20:56:17,668 INFO Head: mr:289.7 mrr:18.91 hits:34.54
2020-04-22 20:56:17,669 INFO Tail: mr:127.7 mrr:37.43 hits:58.63
2020-04-22 20:56:17,669 INFO All: mr:208.7 mrr:28.17 hits:46.58
2020-04-22 20:56:17,680 INFO Improved and model saved
2020-04-22 20:57:30,364 INFO [72.7] Epoch 90: loss = 17.4566
2020-04-22 20:58:38,683 INFO [68.3] Epoch 91: loss = 17.4496
2020-04-22 20:59:44,840 INFO [66.2] Epoch 92: loss = 17.4290
2020-04-22 21:00:54,198 INFO [69.4] Epoch 93: loss = 17.4458
2020-04-22 21:02:03,981 INFO [69.8] Epoch 94: loss = 17.4123
2020-04-22 21:03:21,143 INFO [77.2] Epoch 95: loss = 17.4309
2020-04-22 21:04:31,279 INFO [70.1] Epoch 96: loss = 17.4425
2020-04-22 21:05:47,840 INFO [76.6] Epoch 97: loss = 17.3900
2020-04-22 21:07:05,178 INFO [77.3] Epoch 98: loss = 17.3989
2020-04-22 21:08:22,007 INFO [76.8] Epoch 99: loss = 17.3919
2020-04-22 21:08:22,008 INFO Start Evaling...
2020-04-22 21:09:20,690 INFO Head: mr:272.9 mrr:19.23 hits:34.95
2020-04-22 21:09:20,690 INFO Tail: mr:119.7 mrr:38.02 hits:59.50
2020-04-22 21:09:20,690 INFO All: mr:196.3 mrr:28.63 hits:47.23
2020-04-22 21:09:20,700 INFO Start Evaling...
2020-04-22 21:10:33,309 INFO Head: mr:290.7 mrr:19.02 hits:34.94
2020-04-22 21:10:33,310 INFO Tail: mr:128.4 mrr:37.46 hits:58.85
2020-04-22 21:10:33,310 INFO All: mr:209.6 mrr:28.24 hits:46.89
2020-04-22 21:10:33,330 INFO Improved and model saved
2020-04-22 21:11:49,195 INFO [75.8] Epoch 100: loss = 17.3877
2020-04-22 21:13:06,195 INFO [77.0] Epoch 101: loss = 17.3881
2020-04-22 21:14:23,627 INFO [77.4] Epoch 102: loss = 17.3626
2020-04-22 21:15:55,562 INFO [91.9] Epoch 103: loss = 17.3490
2020-04-22 21:17:32,435 INFO [96.9] Epoch 104: loss = 17.3679
2020-04-22 21:19:05,395 INFO [93.0] Epoch 105: loss = 17.3490
2020-04-22 21:20:37,399 INFO [92.0] Epoch 106: loss = 17.3795
2020-04-22 21:22:10,791 INFO [93.4] Epoch 107: loss = 17.3021
2020-04-22 21:23:41,648 INFO [90.9] Epoch 108: loss = 17.3250
2020-04-22 21:25:09,472 INFO [87.8] Epoch 109: loss = 17.3171
2020-04-22 21:25:09,472 INFO Start Evaling...
2020-04-22 21:26:16,409 INFO Head: mr:277.5 mrr:19.10 hits:34.51
2020-04-22 21:26:16,412 INFO Tail: mr:120.6 mrr:38.12 hits:59.58
2020-04-22 21:26:16,413 INFO All: mr:199.0 mrr:28.61 hits:47.05
2020-04-22 21:26:16,433 INFO Start Evaling...
2020-04-22 21:27:34,474 INFO Head: mr:292.8 mrr:18.94 hits:34.59
2020-04-22 21:27:34,475 INFO Tail: mr:127.6 mrr:37.48 hits:58.74
2020-04-22 21:27:34,475 INFO All: mr:210.2 mrr:28.21 hits:46.66
2020-04-22 21:27:34,488 INFO Declined in recent 1 epochs
2020-04-22 21:29:05,018 INFO [90.5] Epoch 110: loss = 17.3090
2020-04-22 21:30:46,809 INFO [101.8] Epoch 111: loss = 17.2904
2020-04-22 21:32:32,922 INFO [106.1] Epoch 112: loss = 17.3223
2020-04-22 21:34:05,938 INFO [93.0] Epoch 113: loss = 17.2950
2020-04-22 21:35:40,040 INFO [94.1] Epoch 114: loss = 17.2922
2020-04-22 21:37:04,977 INFO [84.9] Epoch 115: loss = 17.3034
2020-04-22 21:38:38,682 INFO [93.7] Epoch 116: loss = 17.2983
2020-04-22 21:40:08,765 INFO [90.1] Epoch 117: loss = 17.2618
2020-04-22 21:41:40,944 INFO [92.2] Epoch 118: loss = 17.2682
2020-04-22 21:43:12,852 INFO [91.9] Epoch 119: loss = 17.2810
2020-04-22 21:43:12,852 INFO Start Evaling...
2020-04-22 21:44:18,694 INFO Head: mr:272.8 mrr:19.04 hits:34.49
2020-04-22 21:44:18,694 INFO Tail: mr:120.0 mrr:38.21 hits:59.71
2020-04-22 21:44:18,694 INFO All: mr:196.4 mrr:28.62 hits:47.10
2020-04-22 21:44:18,705 INFO Start Evaling...
2020-04-22 21:45:33,988 INFO Head: mr:290.5 mrr:18.88 hits:34.67
2020-04-22 21:45:33,992 INFO Tail: mr:127.8 mrr:37.50 hits:58.66
2020-04-22 21:45:33,993 INFO All: mr:209.2 mrr:28.19 hits:46.67
2020-04-22 21:45:34,013 INFO Declined in recent 2 epochs
2020-04-22 21:47:03,313 INFO [89.3] Epoch 120: loss = 17.2778
2020-04-22 21:48:34,493 INFO [91.2] Epoch 121: loss = 17.2576
2020-04-22 21:50:08,335 INFO [93.8] Epoch 122: loss = 17.2541
2020-04-22 21:51:44,035 INFO [95.7] Epoch 123: loss = 17.2475
2020-04-22 21:53:20,521 INFO [96.5] Epoch 124: loss = 17.2353
2020-04-22 21:54:57,668 INFO [97.1] Epoch 125: loss = 17.2491
2020-04-22 21:56:31,916 INFO [94.2] Epoch 126: loss = 17.2062
2020-04-22 21:58:09,437 INFO [97.5] Epoch 127: loss = 17.2205
2020-04-22 21:59:45,657 INFO [96.2] Epoch 128: loss = 17.2226
2020-04-22 22:01:26,789 INFO [101.1] Epoch 129: loss = 17.2352
2020-04-22 22:01:26,790 INFO Start Evaling...
2020-04-22 22:02:37,567 INFO Head: mr:276.4 mrr:19.20 hits:34.54
2020-04-22 22:02:37,567 INFO Tail: mr:120.4 mrr:38.21 hits:59.03
2020-04-22 22:02:37,567 INFO All: mr:198.4 mrr:28.71 hits:46.78
2020-04-22 22:02:37,581 INFO Start Evaling...
2020-04-22 22:03:57,469 INFO Head: mr:290.4 mrr:18.98 hits:34.58
2020-04-22 22:03:57,471 INFO Tail: mr:127.3 mrr:37.31 hits:58.75
2020-04-22 22:03:57,473 INFO All: mr:208.9 mrr:28.14 hits:46.66
2020-04-22 22:03:57,493 INFO Declined in recent 3 epochs
2020-04-22 22:05:29,713 INFO [92.2] Epoch 130: loss = 17.1785
2020-04-22 22:07:03,072 INFO [93.4] Epoch 131: loss = 17.1988
2020-04-22 22:08:39,111 INFO [96.0] Epoch 132: loss = 17.1839
2020-04-22 22:10:15,480 INFO [96.4] Epoch 133: loss = 17.2091
2020-04-22 22:11:39,036 INFO [83.6] Epoch 134: loss = 17.1797
2020-04-22 22:12:57,186 INFO [78.2] Epoch 135: loss = 17.1348
2020-04-22 22:14:16,000 INFO [78.8] Epoch 136: loss = 17.1695
2020-04-22 22:15:33,669 INFO [77.7] Epoch 137: loss = 17.1852
2020-04-22 22:16:53,832 INFO [80.2] Epoch 138: loss = 17.1625
2020-04-22 22:18:18,492 INFO [84.7] Epoch 139: loss = 17.1697
2020-04-22 22:18:18,493 INFO Start Evaling...
2020-04-22 22:19:24,740 INFO Head: mr:276.1 mrr:19.43 hits:34.95
2020-04-22 22:19:24,740 INFO Tail: mr:120.8 mrr:38.22 hits:59.50
2020-04-22 22:19:24,740 INFO All: mr:198.4 mrr:28.82 hits:47.23
2020-04-22 22:19:24,751 INFO Start Evaling...
2020-04-22 22:20:40,006 INFO Head: mr:289.1 mrr:19.04 hits:35.01
2020-04-22 22:20:40,008 INFO Tail: mr:128.0 mrr:37.38 hits:58.67
2020-04-22 22:20:40,010 INFO All: mr:208.6 mrr:28.21 hits:46.84
2020-04-22 22:20:40,031 INFO Improved and model saved
2020-04-22 22:21:59,697 INFO [79.6] Epoch 140: loss = 17.1557
2020-04-22 22:23:18,675 INFO [79.0] Epoch 141: loss = 17.1326
2020-04-22 22:24:38,259 INFO [79.6] Epoch 142: loss = 17.1365
2020-04-22 22:25:54,348 INFO [76.1] Epoch 143: loss = 17.1525
2020-04-22 22:27:14,444 INFO [80.1] Epoch 144: loss = 17.1499
2020-04-22 22:28:28,980 INFO [74.5] Epoch 145: loss = 17.1420
2020-04-22 22:29:42,849 INFO [73.9] Epoch 146: loss = 17.1408
2020-04-22 22:30:53,443 INFO [70.6] Epoch 147: loss = 17.1208
2020-04-22 22:32:04,692 INFO [71.2] Epoch 148: loss = 17.1201
2020-04-22 22:33:13,759 INFO [69.1] Epoch 149: loss = 17.1045
2020-04-22 22:33:13,760 INFO Start Evaling...
2020-04-22 22:34:10,453 INFO Head: mr:275.1 mrr:19.42 hits:35.24
2020-04-22 22:34:10,454 INFO Tail: mr:118.5 mrr:38.42 hits:59.56
2020-04-22 22:34:10,455 INFO All: mr:196.8 mrr:28.92 hits:47.40
2020-04-22 22:34:10,465 INFO Start Evaling...
2020-04-22 22:35:16,474 INFO Head: mr:293.0 mrr:18.93 hits:35.04
2020-04-22 22:35:16,475 INFO Tail: mr:127.7 mrr:37.95 hits:59.18
2020-04-22 22:35:16,475 INFO All: mr:210.4 mrr:28.44 hits:47.11
2020-04-22 22:35:16,515 INFO Improved and model saved
2020-04-22 22:36:32,685 INFO [76.2] Epoch 150: loss = 17.1044
2020-04-22 22:37:45,210 INFO [72.5] Epoch 151: loss = 17.1123
2020-04-22 22:38:59,409 INFO [74.2] Epoch 152: loss = 17.1046
2020-04-22 22:40:12,573 INFO [73.2] Epoch 153: loss = 17.1081
2020-04-22 22:41:27,766 INFO [75.2] Epoch 154: loss = 17.1083
2020-04-22 22:42:39,381 INFO [71.6] Epoch 155: loss = 17.1035
2020-04-22 22:43:49,737 INFO [70.4] Epoch 156: loss = 17.1013
2020-04-22 22:45:00,253 INFO [70.5] Epoch 157: loss = 17.0679
2020-04-22 22:46:13,916 INFO [73.7] Epoch 158: loss = 17.0635
2020-04-22 22:47:27,254 INFO [73.3] Epoch 159: loss = 17.0767
2020-04-22 22:47:27,256 INFO Start Evaling...
2020-04-22 22:48:22,856 INFO Head: mr:276.1 mrr:19.12 hits:34.70
2020-04-22 22:48:22,857 INFO Tail: mr:120.7 mrr:37.99 hits:59.43
2020-04-22 22:48:22,857 INFO All: mr:198.4 mrr:28.55 hits:47.07
2020-04-22 22:48:22,867 INFO Start Evaling...
2020-04-22 22:49:27,490 INFO Head: mr:293.1 mrr:19.07 hits:34.67
2020-04-22 22:49:27,490 INFO Tail: mr:128.3 mrr:37.42 hits:58.96
2020-04-22 22:49:27,490 INFO All: mr:210.7 mrr:28.24 hits:46.81
2020-04-22 22:49:27,502 INFO Declined in recent 1 epochs
2020-04-22 22:50:37,612 INFO [70.1] Epoch 160: loss = 17.0625
2020-04-22 22:51:48,279 INFO [70.7] Epoch 161: loss = 17.0930
2020-04-22 22:53:01,066 INFO [72.8] Epoch 162: loss = 17.0798
2020-04-22 22:54:10,875 INFO [69.8] Epoch 163: loss = 17.0797
2020-04-22 22:55:21,411 INFO [70.5] Epoch 164: loss = 17.0915
2020-04-22 22:56:33,901 INFO [72.5] Epoch 165: loss = 17.0537
2020-04-22 22:57:46,437 INFO [72.5] Epoch 166: loss = 17.0356
2020-04-22 22:59:01,806 INFO [75.4] Epoch 167: loss = 17.0480
2020-04-22 23:00:16,970 INFO [75.2] Epoch 168: loss = 17.0574
2020-04-22 23:01:30,234 INFO [73.3] Epoch 169: loss = 17.0613
2020-04-22 23:01:30,235 INFO Start Evaling...
2020-04-22 23:02:27,444 INFO Head: mr:274.7 mrr:19.30 hits:35.09
2020-04-22 23:02:27,444 INFO Tail: mr:120.0 mrr:38.28 hits:59.63
2020-04-22 23:02:27,446 INFO All: mr:197.4 mrr:28.79 hits:47.36
2020-04-22 23:02:27,464 INFO Start Evaling...
2020-04-22 23:03:34,429 INFO Head: mr:290.7 mrr:19.20 hits:35.03
2020-04-22 23:03:34,430 INFO Tail: mr:128.4 mrr:37.62 hits:58.91
2020-04-22 23:03:34,430 INFO All: mr:209.6 mrr:28.41 hits:46.97
2020-04-22 23:03:34,442 INFO Declined in recent 2 epochs
2020-04-22 23:04:43,610 INFO [69.2] Epoch 170: loss = 17.0290
2020-04-22 23:05:53,852 INFO [70.2] Epoch 171: loss = 17.0249
2020-04-22 23:07:02,168 INFO [68.3] Epoch 172: loss = 17.0236
2020-04-22 23:08:12,817 INFO [70.6] Epoch 173: loss = 17.0222
2020-04-22 23:09:22,194 INFO [69.4] Epoch 174: loss = 17.0338
2020-04-22 23:10:32,214 INFO [70.0] Epoch 175: loss = 17.0025
2020-04-22 23:11:46,273 INFO [74.1] Epoch 176: loss = 17.0236
2020-04-22 23:13:03,660 INFO [77.4] Epoch 177: loss = 17.0329
2020-04-22 23:14:20,587 INFO [76.9] Epoch 178: loss = 17.0187
2020-04-22 23:15:31,640 INFO [71.1] Epoch 179: loss = 17.0343
2020-04-22 23:15:31,641 INFO Start Evaling...
2020-04-22 23:16:27,489 INFO Head: mr:274.7 mrr:19.26 hits:34.92
2020-04-22 23:16:27,490 INFO Tail: mr:120.5 mrr:38.47 hits:59.33
2020-04-22 23:16:27,490 INFO All: mr:197.6 mrr:28.86 hits:47.13
2020-04-22 23:16:27,502 INFO Start Evaling...
2020-04-22 23:17:30,450 INFO Head: mr:293.2 mrr:19.08 hits:34.77
2020-04-22 23:17:30,451 INFO Tail: mr:129.6 mrr:37.87 hits:59.01
2020-04-22 23:17:30,451 INFO All: mr:211.4 mrr:28.48 hits:46.89
2020-04-22 23:17:30,475 INFO Declined in recent 3 epochs
2020-04-22 23:18:41,291 INFO [70.8] Epoch 180: loss = 17.0109
2020-04-22 23:19:54,095 INFO [72.8] Epoch 181: loss = 17.0125
2020-04-22 23:21:05,741 INFO [71.6] Epoch 182: loss = 17.0056
2020-04-22 23:22:20,844 INFO [75.1] Epoch 183: loss = 17.0292
2020-04-22 23:23:34,434 INFO [73.6] Epoch 184: loss = 17.0154
2020-04-22 23:24:52,001 INFO [77.6] Epoch 185: loss = 17.0006
2020-04-22 23:26:10,320 INFO [78.3] Epoch 186: loss = 16.9800
2020-04-22 23:27:23,151 INFO [72.8] Epoch 187: loss = 17.0078
2020-04-22 23:28:34,632 INFO [71.5] Epoch 188: loss = 16.9976
2020-04-22 23:29:48,423 INFO [73.8] Epoch 189: loss = 16.9472
2020-04-22 23:29:48,424 INFO Start Evaling...
2020-04-22 23:30:43,138 INFO Head: mr:276.9 mrr:19.38 hits:35.06
2020-04-22 23:30:43,138 INFO Tail: mr:120.8 mrr:38.31 hits:59.67
2020-04-22 23:30:43,138 INFO All: mr:198.8 mrr:28.85 hits:47.37
2020-04-22 23:30:43,149 INFO Start Evaling...
2020-04-22 23:31:48,950 INFO Head: mr:292.2 mrr:19.28 hits:35.11
2020-04-22 23:31:48,950 INFO Tail: mr:129.1 mrr:37.93 hits:58.99
2020-04-22 23:31:48,951 INFO All: mr:210.7 mrr:28.60 hits:47.05
2020-04-22 23:31:48,966 INFO Declined in recent 4 epochs
2020-04-22 23:32:59,875 INFO [70.9] Epoch 190: loss = 16.9829
2020-04-22 23:34:14,109 INFO [74.2] Epoch 191: loss = 16.9930
2020-04-22 23:35:24,768 INFO [70.7] Epoch 192: loss = 16.9881
2020-04-22 23:36:37,728 INFO [73.0] Epoch 193: loss = 16.9719
2020-04-22 23:37:50,550 INFO [72.8] Epoch 194: loss = 16.9587
2020-04-22 23:39:05,121 INFO [74.6] Epoch 195: loss = 16.9568
2020-04-22 23:40:18,477 INFO [73.4] Epoch 196: loss = 16.9859
2020-04-22 23:41:36,249 INFO [77.8] Epoch 197: loss = 16.9332
2020-04-22 23:42:47,684 INFO [71.4] Epoch 198: loss = 16.9601
2020-04-22 23:44:01,460 INFO [73.8] Epoch 199: loss = 16.9696
2020-04-22 23:44:01,461 INFO Start Evaling...
2020-04-22 23:44:56,672 INFO Head: mr:275.1 mrr:19.24 hits:35.23
2020-04-22 23:44:56,673 INFO Tail: mr:121.4 mrr:38.17 hits:59.74
2020-04-22 23:44:56,673 INFO All: mr:198.3 mrr:28.71 hits:47.49
2020-04-22 23:44:56,683 INFO Start Evaling...
2020-04-22 23:46:03,730 INFO Head: mr:291.3 mrr:19.27 hits:35.05
2020-04-22 23:46:03,731 INFO Tail: mr:128.7 mrr:37.58 hits:59.09
2020-04-22 23:46:03,731 INFO All: mr:210.0 mrr:28.43 hits:47.07
2020-04-22 23:46:03,750 INFO Improved and model saved
2020-04-22 23:47:12,633 INFO [68.9] Epoch 200: loss = 16.9638
2020-04-22 23:48:23,448 INFO [70.8] Epoch 201: loss = 16.9782
2020-04-22 23:49:33,864 INFO [70.4] Epoch 202: loss = 16.9557
2020-04-22 23:50:47,743 INFO [73.9] Epoch 203: loss = 16.9725
2020-04-22 23:52:02,473 INFO [74.7] Epoch 204: loss = 16.9408
2020-04-22 23:53:17,851 INFO [75.4] Epoch 205: loss = 16.9487
2020-04-22 23:54:29,846 INFO [72.0] Epoch 206: loss = 16.9654
2020-04-22 23:55:43,436 INFO [73.6] Epoch 207: loss = 16.9430
2020-04-22 23:56:56,698 INFO [73.3] Epoch 208: loss = 16.9399
2020-04-22 23:58:10,181 INFO [73.5] Epoch 209: loss = 16.9084
2020-04-22 23:58:10,182 INFO Start Evaling...
2020-04-22 23:59:07,367 INFO Head: mr:277.1 mrr:19.36 hits:34.88
2020-04-22 23:59:07,367 INFO Tail: mr:121.8 mrr:38.34 hits:59.60
2020-04-22 23:59:07,367 INFO All: mr:199.5 mrr:28.85 hits:47.24
2020-04-22 23:59:07,385 INFO Start Evaling...
2020-04-23 00:00:14,762 INFO Head: mr:292.2 mrr:19.29 hits:34.89
2020-04-23 00:00:14,762 INFO Tail: mr:130.3 mrr:37.69 hits:58.99
2020-04-23 00:00:14,762 INFO All: mr:211.3 mrr:28.49 hits:46.94
2020-04-23 00:00:14,775 INFO Declined in recent 1 epochs
2020-04-23 00:01:26,005 INFO [71.2] Epoch 210: loss = 16.9430
2020-04-23 00:02:39,920 INFO [73.9] Epoch 211: loss = 16.8849
2020-04-23 00:03:53,026 INFO [73.1] Epoch 212: loss = 16.9183
2020-04-23 00:05:05,964 INFO [72.9] Epoch 213: loss = 16.9165
2020-04-23 00:06:17,878 INFO [71.9] Epoch 214: loss = 16.9278
2020-04-23 00:07:33,322 INFO [75.4] Epoch 215: loss = 16.9281
2020-04-23 00:08:47,063 INFO [73.7] Epoch 216: loss = 16.9304
2020-04-23 00:10:01,425 INFO [74.4] Epoch 217: loss = 16.8980
2020-04-23 00:11:14,564 INFO [73.1] Epoch 218: loss = 16.9177
2020-04-23 00:12:23,404 INFO [68.8] Epoch 219: loss = 16.9141
2020-04-23 00:12:23,405 INFO Start Evaling...
2020-04-23 00:13:21,723 INFO Head: mr:275.4 mrr:19.37 hits:35.47
2020-04-23 00:13:21,723 INFO Tail: mr:121.6 mrr:38.23 hits:59.72
2020-04-23 00:13:21,723 INFO All: mr:198.5 mrr:28.80 hits:47.60
2020-04-23 00:13:21,733 INFO Start Evaling...
2020-04-23 00:14:25,001 INFO Head: mr:291.8 mrr:19.38 hits:35.40
2020-04-23 00:14:25,002 INFO Tail: mr:129.5 mrr:37.59 hits:59.07
2020-04-23 00:14:25,002 INFO All: mr:210.6 mrr:28.48 hits:47.24
2020-04-23 00:14:25,023 INFO Improved and model saved
2020-04-23 00:15:33,763 INFO [68.7] Epoch 220: loss = 16.9354
2020-04-23 00:16:41,496 INFO [67.7] Epoch 221: loss = 16.8997
2020-04-23 00:17:51,668 INFO [70.2] Epoch 222: loss = 16.9040
2020-04-23 00:18:59,807 INFO [68.1] Epoch 223: loss = 16.9008
2020-04-23 00:20:08,514 INFO [68.7] Epoch 224: loss = 16.8771
2020-04-23 00:21:21,706 INFO [73.2] Epoch 225: loss = 16.9002
2020-04-23 00:22:31,121 INFO [69.4] Epoch 226: loss = 16.8826
2020-04-23 00:23:43,765 INFO [72.6] Epoch 227: loss = 16.8872
2020-04-23 00:24:56,289 INFO [72.5] Epoch 228: loss = 16.9057
2020-04-23 00:26:13,229 INFO [76.9] Epoch 229: loss = 16.8650
2020-04-23 00:26:13,230 INFO Start Evaling...
2020-04-23 00:27:10,614 INFO Head: mr:274.5 mrr:19.21 hits:35.06
2020-04-23 00:27:10,614 INFO Tail: mr:121.8 mrr:38.28 hits:59.62
2020-04-23 00:27:10,614 INFO All: mr:198.2 mrr:28.75 hits:47.34
2020-04-23 00:27:10,629 INFO Start Evaling...
2020-04-23 00:28:15,451 INFO Head: mr:291.8 mrr:19.21 hits:35.22
2020-04-23 00:28:15,451 INFO Tail: mr:129.4 mrr:37.66 hits:59.01
2020-04-23 00:28:15,451 INFO All: mr:210.6 mrr:28.43 hits:47.11
2020-04-23 00:28:15,462 INFO Declined in recent 1 epochs
2020-04-23 00:29:26,373 INFO [70.9] Epoch 230: loss = 16.8935
2020-04-23 00:30:36,929 INFO [70.6] Epoch 231: loss = 16.8892
2020-04-23 00:31:50,297 INFO [73.4] Epoch 232: loss = 16.8981
2020-04-23 00:33:00,132 INFO [69.8] Epoch 233: loss = 16.8951
2020-04-23 00:34:15,405 INFO [75.3] Epoch 234: loss = 16.9099
2020-04-23 00:35:32,842 INFO [77.4] Epoch 235: loss = 16.8823
2020-04-23 00:36:43,744 INFO [70.9] Epoch 236: loss = 16.8746
2020-04-23 00:37:52,246 INFO [68.5] Epoch 237: loss = 16.8407
2020-04-23 00:39:03,911 INFO [71.7] Epoch 238: loss = 16.8562
2020-04-23 00:40:14,543 INFO [70.6] Epoch 239: loss = 16.8615
2020-04-23 00:40:14,544 INFO Start Evaling...
2020-04-23 00:41:10,427 INFO Head: mr:278.0 mrr:19.36 hits:35.32
2020-04-23 00:41:10,427 INFO Tail: mr:121.2 mrr:38.16 hits:59.94
2020-04-23 00:41:10,428 INFO All: mr:199.6 mrr:28.76 hits:47.63
2020-04-23 00:41:10,437 INFO Start Evaling...
2020-04-23 00:42:13,572 INFO Head: mr:292.6 mrr:19.15 hits:35.14
2020-04-23 00:42:13,572 INFO Tail: mr:130.8 mrr:37.65 hits:58.88
2020-04-23 00:42:13,572 INFO All: mr:211.7 mrr:28.40 hits:47.01
2020-04-23 00:42:13,583 INFO Improved and model saved
2020-04-23 00:43:24,169 INFO [70.6] Epoch 240: loss = 16.8538
2020-04-23 00:44:38,516 INFO [74.3] Epoch 241: loss = 16.8368
2020-04-23 00:45:50,405 INFO [71.9] Epoch 242: loss = 16.8499
2020-04-23 00:47:01,742 INFO [71.3] Epoch 243: loss = 16.8623
2020-04-23 00:48:12,895 INFO [71.2] Epoch 244: loss = 16.8451
2020-04-23 00:49:26,505 INFO [73.6] Epoch 245: loss = 16.8526
2020-04-23 00:50:36,973 INFO [70.5] Epoch 246: loss = 16.8321
2020-04-23 00:51:49,723 INFO [72.7] Epoch 247: loss = 16.8515
2020-04-23 00:53:06,968 INFO [77.2] Epoch 248: loss = 16.8278
2020-04-23 00:54:17,827 INFO [70.9] Epoch 249: loss = 16.8559
2020-04-23 00:54:17,828 INFO Start Evaling...
2020-04-23 00:55:15,964 INFO Head: mr:275.7 mrr:19.44 hits:35.22
2020-04-23 00:55:15,964 INFO Tail: mr:121.8 mrr:38.19 hits:59.60
2020-04-23 00:55:15,964 INFO All: mr:198.7 mrr:28.82 hits:47.41
2020-04-23 00:55:15,977 INFO Start Evaling...
2020-04-23 00:56:21,639 INFO Head: mr:292.4 mrr:19.24 hits:35.08
2020-04-23 00:56:21,640 INFO Tail: mr:130.3 mrr:37.89 hits:59.31
2020-04-23 00:56:21,640 INFO All: mr:211.3 mrr:28.56 hits:47.20
2020-04-23 00:56:21,660 INFO Declined in recent 1 epochs
2020-04-23 00:57:31,696 INFO [70.0] Epoch 250: loss = 16.8570
2020-04-23 00:58:44,882 INFO [73.2] Epoch 251: loss = 16.8291
2020-04-23 00:59:56,615 INFO [71.7] Epoch 252: loss = 16.8047
2020-04-23 01:01:11,015 INFO [74.4] Epoch 253: loss = 16.8506
2020-04-23 01:02:22,517 INFO [71.5] Epoch 254: loss = 16.8232
2020-04-23 01:03:37,514 INFO [75.0] Epoch 255: loss = 16.8102
2020-04-23 01:04:51,016 INFO [73.5] Epoch 256: loss = 16.8245
2020-04-23 01:06:03,099 INFO [72.1] Epoch 257: loss = 16.8108
2020-04-23 01:07:16,944 INFO [73.8] Epoch 258: loss = 16.8474
2020-04-23 01:08:28,953 INFO [72.0] Epoch 259: loss = 16.8351
2020-04-23 01:08:28,953 INFO Start Evaling...
2020-04-23 01:09:26,395 INFO Head: mr:274.4 mrr:19.48 hits:35.19
2020-04-23 01:09:26,396 INFO Tail: mr:122.7 mrr:38.30 hits:59.73
2020-04-23 01:09:26,396 INFO All: mr:198.5 mrr:28.89 hits:47.46
2020-04-23 01:09:26,408 INFO Start Evaling...
2020-04-23 01:10:30,458 INFO Head: mr:291.8 mrr:19.25 hits:35.30
2020-04-23 01:10:30,458 INFO Tail: mr:129.6 mrr:37.77 hits:58.89
2020-04-23 01:10:30,458 INFO All: mr:210.7 mrr:28.51 hits:47.10
2020-04-23 01:10:30,481 INFO Declined in recent 2 epochs
2020-04-23 01:11:40,242 INFO [69.8] Epoch 260: loss = 16.8179
2020-04-23 01:12:51,214 INFO [71.0] Epoch 261: loss = 16.8363
2020-04-23 01:14:01,157 INFO [69.9] Epoch 262: loss = 16.8084
2020-04-23 01:15:11,688 INFO [70.5] Epoch 263: loss = 16.8453
2020-04-23 01:16:22,550 INFO [70.9] Epoch 264: loss = 16.7912
2020-04-23 01:17:35,017 INFO [72.5] Epoch 265: loss = 16.8141
2020-04-23 01:18:45,884 INFO [70.9] Epoch 266: loss = 16.8209
2020-04-23 01:19:58,721 INFO [72.8] Epoch 267: loss = 16.8113
2020-04-23 01:21:08,136 INFO [69.4] Epoch 268: loss = 16.7912
2020-04-23 01:22:16,137 INFO [68.0] Epoch 269: loss = 16.7998
2020-04-23 01:22:16,138 INFO Start Evaling...
2020-04-23 01:23:12,340 INFO Head: mr:276.9 mrr:19.49 hits:35.45
2020-04-23 01:23:12,341 INFO Tail: mr:122.0 mrr:38.07 hits:59.60
2020-04-23 01:23:12,341 INFO All: mr:199.4 mrr:28.78 hits:47.53
2020-04-23 01:23:12,350 INFO Start Evaling...
2020-04-23 01:24:21,140 INFO Head: mr:292.7 mrr:19.62 hits:35.14
2020-04-23 01:24:21,141 INFO Tail: mr:130.4 mrr:37.71 hits:59.44
2020-04-23 01:24:21,141 INFO All: mr:211.6 mrr:28.67 hits:47.29
2020-04-23 01:24:21,166 INFO Declined in recent 3 epochs
2020-04-23 01:25:28,877 INFO [67.7] Epoch 270: loss = 16.8054
2020-04-23 01:26:37,392 INFO [68.5] Epoch 271: loss = 16.7897
2020-04-23 01:27:48,211 INFO [70.8] Epoch 272: loss = 16.7908
2020-04-23 01:28:58,753 INFO [70.5] Epoch 273: loss = 16.8071
2020-04-23 01:30:06,226 INFO [67.5] Epoch 274: loss = 16.8122
2020-04-23 01:31:16,247 INFO [70.0] Epoch 275: loss = 16.7971
2020-04-23 01:32:24,959 INFO [68.7] Epoch 276: loss = 16.8051
2020-04-23 01:33:33,703 INFO [68.7] Epoch 277: loss = 16.7983
2020-04-23 01:34:42,763 INFO [69.1] Epoch 278: loss = 16.7843
2020-04-23 01:35:49,120 INFO [66.4] Epoch 279: loss = 16.7908
2020-04-23 01:35:49,121 INFO Start Evaling...
2020-04-23 01:36:42,623 INFO Head: mr:276.8 mrr:19.18 hits:34.99
2020-04-23 01:36:42,623 INFO Tail: mr:123.1 mrr:37.95 hits:59.60
2020-04-23 01:36:42,624 INFO All: mr:199.9 mrr:28.56 hits:47.29
2020-04-23 01:36:42,632 INFO Start Evaling...
2020-04-23 01:37:42,998 INFO Head: mr:293.8 mrr:19.20 hits:35.10
2020-04-23 01:37:42,999 INFO Tail: mr:131.0 mrr:37.62 hits:59.01
2020-04-23 01:37:42,999 INFO All: mr:212.4 mrr:28.41 hits:47.05
2020-04-23 01:37:43,017 INFO Declined in recent 4 epochs
2020-04-23 01:38:51,234 INFO [68.2] Epoch 280: loss = 16.7639
2020-04-23 01:39:59,675 INFO [68.4] Epoch 281: loss = 16.7535
2020-04-23 01:41:07,091 INFO [67.4] Epoch 282: loss = 16.7693
2020-04-23 01:42:16,765 INFO [69.7] Epoch 283: loss = 16.7774
2020-04-23 01:43:25,213 INFO [68.4] Epoch 284: loss = 16.7894
2020-04-23 01:44:33,764 INFO [68.5] Epoch 285: loss = 16.7848
2020-04-23 01:45:42,724 INFO [69.0] Epoch 286: loss = 16.7701
2020-04-23 01:46:52,696 INFO [70.0] Epoch 287: loss = 16.7933
2020-04-23 01:48:01,272 INFO [68.6] Epoch 288: loss = 16.7402
2020-04-23 01:49:11,605 INFO [70.3] Epoch 289: loss = 16.7876
2020-04-23 01:49:11,607 INFO Start Evaling...
2020-04-23 01:50:04,175 INFO Head: mr:275.6 mrr:19.51 hits:35.09
2020-04-23 01:50:04,175 INFO Tail: mr:122.7 mrr:38.22 hits:59.58
2020-04-23 01:50:04,175 INFO All: mr:199.2 mrr:28.87 hits:47.34
2020-04-23 01:50:04,192 INFO Start Evaling...
2020-04-23 01:51:04,539 INFO Head: mr:293.2 mrr:19.36 hits:35.26
2020-04-23 01:51:04,539 INFO Tail: mr:131.3 mrr:37.90 hits:59.14
2020-04-23 01:51:04,539 INFO All: mr:212.2 mrr:28.63 hits:47.20
2020-04-23 01:51:04,561 INFO Declined in recent 5 epochs
2020-04-23 01:51:04,561 INFO Early stopping
2020-04-23 01:51:04,562 INFO Train done
2020-04-23 01:51:04,569 INFO Start Evaling...
2020-04-23 01:52:07,497 INFO Head: mr:292.6 mrr:19.15 hits:35.14
2020-04-23 01:52:07,497 INFO Tail: mr:130.8 mrr:37.65 hits:58.88
2020-04-23 01:52:07,498 INFO All: mr:211.7 mrr:28.40 hits:47.01
