2020-04-02 22:57:49,957 INFO EPOCH: 1000
2020-04-02 22:57:49,957 INFO EVERY: 10
2020-04-02 22:57:49,957 INFO LR: 0.001
2020-04-02 22:57:49,957 INFO DIM: 100
2020-04-02 22:57:49,957 INFO BATCH_SIZE: 256
2020-04-02 22:57:49,957 INFO BATCH_SIZE2: 256
2020-04-02 22:57:49,957 INFO P: 1
2020-04-02 22:57:49,957 INFO CLIPPING_MAX_VALUE: 4.0
2020-04-02 22:57:49,957 INFO OPTIM: Adam
2020-04-02 22:57:49,957 INFO N_SAMPLE: 12
2020-04-02 22:57:49,957 INFO MODE: 1all
2020-04-02 22:57:49,957 INFO GAMMA: 12.0
2020-04-02 22:57:49,958 INFO BERN: True
2020-04-02 22:57:49,958 INFO MARGIN: 4.0
2020-04-02 22:57:49,958 INFO REG: 1.0
2020-04-02 22:57:49,958 INFO LABEL_SMOOTH_EPS: 0.1
2020-04-02 22:57:49,958 INFO INPUT_DROP: 0.2
2020-04-02 22:57:49,958 INFO FEAT_DROP: 0.2
2020-04-02 22:57:49,958 INFO HIDD_DROP: 0.3
2020-04-02 22:57:49,958 INFO CHANNELS: 50
2020-04-02 22:57:49,958 INFO KERNEL_SIZE: 3
2020-04-02 22:57:49,958 INFO N_POOL: 100
2020-04-02 22:57:49,958 INFO MODEL_D: TransH
2020-04-02 22:57:49,958 INFO MODEL_G: DistMult
2020-04-02 22:57:49,958 INFO SCRATCH: False
2020-04-02 22:57:49,958 INFO D_FILE: None
2020-04-02 22:57:49,958 INFO G_FILE: None
2020-04-02 22:57:49,958 INFO PATH: data
2020-04-02 22:57:49,958 INFO DATA: FB15K237
2020-04-02 22:57:49,958 INFO EXP_PATH: experiment/FB15K237
2020-04-02 22:57:49,959 INFO MODEL: TransH
2020-04-02 22:57:49,959 INFO V: 0
2020-04-02 22:57:49,959 INFO F: True
2020-04-02 22:57:49,959 INFO EVAL: False
2020-04-02 22:57:49,959 INFO TRAINED: False
2020-04-02 22:57:49,959 INFO PRETRAINED_NAME: None
2020-04-02 22:57:49,959 INFO EXP_NAME: TransH-FB15K237-1all-0
2020-04-02 22:57:49,959 INFO --------------------------------------
2020-04-02 22:57:55,821 INFO Dataload done
2020-04-02 22:57:55,821 INFO --------------------------------------
2020-04-02 22:57:55,822 INFO N_ENTITY: 14541
2020-04-02 22:57:55,822 INFO N_RELATION: 237
2020-04-02 22:57:55,822 INFO --------------------------------------
2020-04-02 22:57:58,248 INFO Start Evaling...
2020-04-02 22:58:31,092 INFO Head: mr:6999.7 mrr:0.07 hits:0.09
2020-04-02 22:58:31,092 INFO Tail: mr:7201.1 mrr:0.07 hits:0.05
2020-04-02 22:58:31,093 INFO All: mr:7100.4 mrr:0.07 hits:0.07
2020-04-02 22:58:31,121 INFO Start Training...
2020-04-02 23:03:09,660 INFO [278.5] Epoch 0: loss = 0.1043
2020-04-02 23:07:47,815 INFO [278.2] Epoch 1: loss = 0.0017
2020-04-02 23:12:26,938 INFO [279.1] Epoch 2: loss = 0.0014
2020-04-02 23:17:05,916 INFO [279.0] Epoch 3: loss = 0.0013
2020-04-02 23:21:45,281 INFO [279.4] Epoch 4: loss = 0.0013
2020-04-02 23:26:24,437 INFO [279.2] Epoch 5: loss = 0.0013
2020-04-02 23:31:03,872 INFO [279.4] Epoch 6: loss = 0.0013
2020-04-02 23:35:43,425 INFO [279.6] Epoch 7: loss = 0.0012
2020-04-02 23:40:23,118 INFO [279.7] Epoch 8: loss = 0.0012
2020-04-02 23:45:02,367 INFO [279.2] Epoch 9: loss = 0.0012
2020-04-02 23:45:02,367 INFO Start Evaling...
2020-04-02 23:45:33,928 INFO Head: mr:428.3 mrr:14.83 hits:27.92
2020-04-02 23:45:33,928 INFO Tail: mr:258.2 mrr:22.95 hits:42.51
2020-04-02 23:45:33,930 INFO All: mr:343.2 mrr:18.89 hits:35.21
2020-04-02 23:45:33,960 INFO Improved and model saved
2020-04-02 23:50:13,488 INFO [279.5] Epoch 10: loss = 0.0011
2020-04-02 23:54:53,171 INFO [279.7] Epoch 11: loss = 0.0011
2020-04-02 23:59:32,666 INFO [279.5] Epoch 12: loss = 0.0011
2020-04-03 00:04:12,487 INFO [279.8] Epoch 13: loss = 0.0011
2020-04-03 00:08:52,150 INFO [279.7] Epoch 14: loss = 0.0011
2020-04-03 00:13:31,794 INFO [279.6] Epoch 15: loss = 0.0011
2020-04-03 00:18:11,377 INFO [279.6] Epoch 16: loss = 0.0011
2020-04-03 00:22:51,024 INFO [279.6] Epoch 17: loss = 0.0011
2020-04-03 00:27:30,883 INFO [279.9] Epoch 18: loss = 0.0011
2020-04-03 00:32:10,875 INFO [280.0] Epoch 19: loss = 0.0011
2020-04-03 00:32:10,877 INFO Start Evaling...
2020-04-03 00:32:40,985 INFO Head: mr:415.9 mrr:15.09 hits:30.38
2020-04-03 00:32:40,986 INFO Tail: mr:292.6 mrr:17.66 hits:36.31
2020-04-03 00:32:40,988 INFO All: mr:354.2 mrr:16.38 hits:33.35
2020-04-03 00:32:41,018 INFO Declined in recent 1 epochs
2020-04-03 00:37:20,898 INFO [279.9] Epoch 20: loss = 0.0011
2020-04-03 00:42:00,787 INFO [279.9] Epoch 21: loss = 0.0011
2020-04-03 00:46:40,661 INFO [279.9] Epoch 22: loss = 0.0011
2020-04-03 00:51:20,193 INFO [279.5] Epoch 23: loss = 0.0011
2020-04-03 00:55:59,864 INFO [279.7] Epoch 24: loss = 0.0011
2020-04-03 01:00:39,309 INFO [279.4] Epoch 25: loss = 0.0011
2020-04-03 01:05:19,089 INFO [279.8] Epoch 26: loss = 0.0011
2020-04-03 01:09:58,998 INFO [279.9] Epoch 27: loss = 0.0011
2020-04-03 01:14:38,892 INFO [279.9] Epoch 28: loss = 0.0011
2020-04-03 01:19:18,701 INFO [279.8] Epoch 29: loss = 0.0011
2020-04-03 01:19:18,702 INFO Start Evaling...
2020-04-03 01:19:49,742 INFO Head: mr:418.7 mrr:14.63 hits:30.13
2020-04-03 01:19:49,743 INFO Tail: mr:293.0 mrr:16.24 hits:34.46
2020-04-03 01:19:49,743 INFO All: mr:355.8 mrr:15.43 hits:32.30
2020-04-03 01:19:49,781 INFO Declined in recent 2 epochs
2020-04-03 01:24:29,639 INFO [279.9] Epoch 30: loss = 0.0011
2020-04-03 01:29:09,546 INFO [279.9] Epoch 31: loss = 0.0011
2020-04-03 01:33:49,267 INFO [279.7] Epoch 32: loss = 0.0011
2020-04-03 01:38:29,172 INFO [279.9] Epoch 33: loss = 0.0011
2020-04-03 01:43:08,931 INFO [279.8] Epoch 34: loss = 0.0011
2020-04-03 01:47:48,816 INFO [279.9] Epoch 35: loss = 0.0011
2020-04-03 01:52:28,574 INFO [279.8] Epoch 36: loss = 0.0011
2020-04-03 01:57:08,440 INFO [279.9] Epoch 37: loss = 0.0011
2020-04-03 02:01:48,281 INFO [279.8] Epoch 38: loss = 0.0011
2020-04-03 02:06:28,364 INFO [280.1] Epoch 39: loss = 0.0011
2020-04-03 02:06:28,364 INFO Start Evaling...
2020-04-03 02:06:59,583 INFO Head: mr:411.7 mrr:14.36 hits:29.87
2020-04-03 02:06:59,583 INFO Tail: mr:281.6 mrr:15.84 hits:34.10
2020-04-03 02:06:59,583 INFO All: mr:346.6 mrr:15.10 hits:31.98
2020-04-03 02:06:59,614 INFO Declined in recent 3 epochs
2020-04-03 02:11:39,526 INFO [279.9] Epoch 40: loss = 0.0011
2020-04-03 02:16:19,279 INFO [279.8] Epoch 41: loss = 0.0011
2020-04-03 02:20:59,208 INFO [279.9] Epoch 42: loss = 0.0011
2020-04-03 02:25:38,952 INFO [279.7] Epoch 43: loss = 0.0011
2020-04-03 02:30:18,547 INFO [279.6] Epoch 44: loss = 0.0011
2020-04-03 02:34:58,257 INFO [279.7] Epoch 45: loss = 0.0011
2020-04-03 02:39:37,996 INFO [279.7] Epoch 46: loss = 0.0011
2020-04-03 02:44:17,679 INFO [279.7] Epoch 47: loss = 0.0011
2020-04-03 02:48:57,281 INFO [279.6] Epoch 48: loss = 0.0011
2020-04-03 02:53:37,141 INFO [279.9] Epoch 49: loss = 0.0011
2020-04-03 02:53:37,142 INFO Start Evaling...
2020-04-03 02:54:08,389 INFO Head: mr:407.9 mrr:14.48 hits:30.43
2020-04-03 02:54:08,390 INFO Tail: mr:288.1 mrr:15.72 hits:34.30
2020-04-03 02:54:08,390 INFO All: mr:348.0 mrr:15.10 hits:32.36
2020-04-03 02:54:08,416 INFO Declined in recent 4 epochs
2020-04-03 02:58:48,452 INFO [280.0] Epoch 50: loss = 0.0011
2020-04-03 03:03:28,672 INFO [280.2] Epoch 51: loss = 0.0011
2020-04-03 03:08:08,600 INFO [279.9] Epoch 52: loss = 0.0011
2020-04-03 03:12:48,761 INFO [280.2] Epoch 53: loss = 0.0011
2020-04-03 03:17:28,777 INFO [280.0] Epoch 54: loss = 0.0011
2020-04-03 03:22:08,756 INFO [280.0] Epoch 55: loss = 0.0011
2020-04-03 03:26:48,506 INFO [279.7] Epoch 56: loss = 0.0011
2020-04-03 03:31:28,300 INFO [279.8] Epoch 57: loss = 0.0011
2020-04-03 03:36:08,186 INFO [279.9] Epoch 58: loss = 0.0011
2020-04-03 03:40:47,920 INFO [279.7] Epoch 59: loss = 0.0011
2020-04-03 03:40:47,920 INFO Start Evaling...
2020-04-03 03:41:19,086 INFO Head: mr:414.2 mrr:14.22 hits:30.29
2020-04-03 03:41:19,087 INFO Tail: mr:291.4 mrr:15.55 hits:34.04
2020-04-03 03:41:19,087 INFO All: mr:352.8 mrr:14.88 hits:32.16
2020-04-03 03:41:19,117 INFO Declined in recent 5 epochs
2020-04-03 03:41:19,117 INFO Early stopping
2020-04-03 03:41:19,117 INFO Train done
2020-04-03 03:41:19,124 INFO Start Evaling...
2020-04-03 03:41:54,888 INFO Head: mr:441.0 mrr:14.63 hits:27.80
2020-04-03 03:41:54,888 INFO Tail: mr:274.0 mrr:22.26 hits:42.33
2020-04-03 03:41:54,888 INFO All: mr:357.5 mrr:18.45 hits:35.07
