2020-05-19 08:36:01,632 INFO EPOCH: 1000
2020-05-19 08:36:01,632 INFO EVERY: 10
2020-05-19 08:36:01,632 INFO LR: 0.001
2020-05-19 08:36:01,632 INFO DIM: 100
2020-05-19 08:36:01,632 INFO BATCH_SIZE: 256
2020-05-19 08:36:01,632 INFO BATCH_SIZE2: 256
2020-05-19 08:36:01,632 INFO P: 1
2020-05-19 08:36:01,632 INFO CLIPPING_MAX_VALUE: 4.0
2020-05-19 08:36:01,632 INFO OPTIM: Adam
2020-05-19 08:36:01,633 INFO N_SAMPLE: 100
2020-05-19 08:36:01,633 INFO MODE: grap
2020-05-19 08:36:01,633 INFO RATE: 0.05
2020-05-19 08:36:01,633 INFO GAMMA: 12.0
2020-05-19 08:36:01,633 INFO BERN: True
2020-05-19 08:36:01,633 INFO MARGIN: 4.0
2020-05-19 08:36:01,633 INFO REG: 1.0
2020-05-19 08:36:01,633 INFO LABEL_SMOOTH_EPS: 0.1
2020-05-19 08:36:01,633 INFO INPUT_DROP: 0.2
2020-05-19 08:36:01,633 INFO FEAT_DROP: 0.2
2020-05-19 08:36:01,633 INFO HIDD_DROP: 0.3
2020-05-19 08:36:01,633 INFO CHANNELS: 50
2020-05-19 08:36:01,633 INFO KERNEL_SIZE: 3
2020-05-19 08:36:01,634 INFO N_POOL: 100
2020-05-19 08:36:01,634 INFO MODEL_D: TransH
2020-05-19 08:36:01,634 INFO MODEL_G: DistMult
2020-05-19 08:36:01,634 INFO SCRATCH: False
2020-05-19 08:36:01,634 INFO D_FILE: None
2020-05-19 08:36:01,634 INFO G_FILE: None
2020-05-19 08:36:01,634 INFO PATH: data
2020-05-19 08:36:01,634 INFO DATA: FB15K237
2020-05-19 08:36:01,634 INFO EXP_PATH: experiment/FB15K237
2020-05-19 08:36:01,634 INFO MODEL: TransH
2020-05-19 08:36:01,634 INFO V: 100.05
2020-05-19 08:36:01,634 INFO F: True
2020-05-19 08:36:01,634 INFO EVAL: False
2020-05-19 08:36:01,635 INFO TRAINED: False
2020-05-19 08:36:01,635 INFO PRETRAINED_NAME: None
2020-05-19 08:36:01,635 INFO EXP_NAME: TransH-FB15K237-grap-100.05
2020-05-19 08:36:01,635 INFO --------------------------------------
2020-05-19 08:36:26,782 INFO Dataload done
2020-05-19 08:36:26,783 INFO --------------------------------------
2020-05-19 08:36:26,783 INFO N_ENTITY: 14541
2020-05-19 08:36:26,783 INFO N_RELATION: 237
2020-05-19 08:36:26,783 INFO --------------------------------------
2020-05-19 08:36:30,213 INFO Start Training...
2020-05-19 08:39:11,903 INFO [161.7] Epoch 0: loss = 278.0814
2020-05-19 08:41:55,476 INFO [163.6] Epoch 1: loss = 192.1160
2020-05-19 08:44:39,954 INFO [164.5] Epoch 2: loss = 172.9232
2020-05-19 08:47:23,219 INFO [163.3] Epoch 3: loss = 161.0385
2020-05-19 08:50:07,818 INFO [164.6] Epoch 4: loss = 152.7690
2020-05-19 08:52:52,801 INFO [165.0] Epoch 5: loss = 147.0568
2020-05-19 08:55:37,562 INFO [164.8] Epoch 6: loss = 142.8559
2020-05-19 08:58:21,774 INFO [164.2] Epoch 7: loss = 139.8569
2020-05-19 09:01:04,898 INFO [163.1] Epoch 8: loss = 137.4792
2020-05-19 09:03:48,741 INFO [163.8] Epoch 9: loss = 135.7816
2020-05-19 09:03:48,742 INFO Start Evaling...
2020-05-19 09:06:28,322 INFO Head: mr:364.2 mrr:17.06 hits:31.58
2020-05-19 09:06:28,322 INFO Tail: mr:187.4 mrr:34.36 hits:54.67
2020-05-19 09:06:28,322 INFO All: mr:275.8 mrr:25.71 hits:43.13
2020-05-19 09:06:28,334 INFO Start Evaling...
2020-05-19 09:09:29,620 INFO Head: mr:364.2 mrr:16.51 hits:31.27
2020-05-19 09:09:29,620 INFO Tail: mr:199.0 mrr:33.73 hits:53.79
2020-05-19 09:09:29,620 INFO All: mr:281.6 mrr:25.12 hits:42.53
2020-05-19 09:09:29,633 INFO Improved and model saved
2020-05-19 09:12:13,296 INFO [163.7] Epoch 10: loss = 134.2523
2020-05-19 09:14:57,065 INFO [163.8] Epoch 11: loss = 133.4193
2020-05-19 09:17:41,928 INFO [164.9] Epoch 12: loss = 132.5151
2020-05-19 09:20:25,402 INFO [163.5] Epoch 13: loss = 131.7753
2020-05-19 09:23:10,843 INFO [165.4] Epoch 14: loss = 130.9614
2020-05-19 09:25:56,610 INFO [165.8] Epoch 15: loss = 130.5301
2020-05-19 09:28:41,448 INFO [164.8] Epoch 16: loss = 129.9783
2020-05-19 09:31:26,553 INFO [165.1] Epoch 17: loss = 129.4601
2020-05-19 09:34:09,997 INFO [163.4] Epoch 18: loss = 129.2406
2020-05-19 09:36:55,410 INFO [165.4] Epoch 19: loss = 128.5654
2020-05-19 09:36:55,410 INFO Start Evaling...
2020-05-19 09:39:34,702 INFO Head: mr:363.4 mrr:17.70 hits:32.08
2020-05-19 09:39:34,702 INFO Tail: mr:190.1 mrr:34.32 hits:55.02
2020-05-19 09:39:34,702 INFO All: mr:276.7 mrr:26.01 hits:43.55
2020-05-19 09:39:34,714 INFO Start Evaling...
2020-05-19 09:42:37,760 INFO Head: mr:371.7 mrr:17.18 hits:31.94
2020-05-19 09:42:37,760 INFO Tail: mr:202.5 mrr:33.62 hits:54.31
2020-05-19 09:42:37,760 INFO All: mr:287.1 mrr:25.40 hits:43.13
2020-05-19 09:42:37,773 INFO Improved and model saved
2020-05-19 09:45:22,446 INFO [164.7] Epoch 20: loss = 128.0507
2020-05-19 09:48:05,499 INFO [163.1] Epoch 21: loss = 128.1258
2020-05-19 09:50:49,967 INFO [164.5] Epoch 22: loss = 127.4770
2020-05-19 09:53:35,959 INFO [166.0] Epoch 23: loss = 127.4095
2020-05-19 09:56:20,841 INFO [164.9] Epoch 24: loss = 127.2434
2020-05-19 09:59:06,403 INFO [165.6] Epoch 25: loss = 127.3497
2020-05-19 10:01:51,815 INFO [165.4] Epoch 26: loss = 126.9383
2020-05-19 10:04:35,533 INFO [163.7] Epoch 27: loss = 126.2780
2020-05-19 10:07:18,523 INFO [163.0] Epoch 28: loss = 126.4005
2020-05-19 10:10:01,750 INFO [163.2] Epoch 29: loss = 126.2444
2020-05-19 10:10:01,750 INFO Start Evaling...
2020-05-19 10:12:39,611 INFO Head: mr:360.6 mrr:17.62 hits:32.23
2020-05-19 10:12:39,611 INFO Tail: mr:184.0 mrr:33.75 hits:54.51
2020-05-19 10:12:39,611 INFO All: mr:272.3 mrr:25.69 hits:43.37
2020-05-19 10:12:39,623 INFO Start Evaling...
2020-05-19 10:15:41,030 INFO Head: mr:370.3 mrr:17.15 hits:32.15
2020-05-19 10:15:41,030 INFO Tail: mr:203.8 mrr:32.99 hits:54.00
2020-05-19 10:15:41,030 INFO All: mr:287.0 mrr:25.07 hits:43.07
2020-05-19 10:15:41,044 INFO Declined in recent 1 epochs
2020-05-19 10:18:24,701 INFO [163.7] Epoch 30: loss = 125.8007
2020-05-19 10:21:09,513 INFO [164.8] Epoch 31: loss = 125.9622
2020-05-19 10:23:54,228 INFO [164.7] Epoch 32: loss = 125.7310
2020-05-19 10:26:38,937 INFO [164.7] Epoch 33: loss = 125.6033
2020-05-19 10:29:25,566 INFO [166.6] Epoch 34: loss = 125.3756
2020-05-19 10:32:11,126 INFO [165.6] Epoch 35: loss = 125.5000
2020-05-19 10:34:56,091 INFO [165.0] Epoch 36: loss = 125.2195
2020-05-19 10:37:39,881 INFO [163.8] Epoch 37: loss = 124.9081
2020-05-19 10:40:24,828 INFO [164.9] Epoch 38: loss = 124.7873
2020-05-19 10:43:09,789 INFO [165.0] Epoch 39: loss = 124.9924
2020-05-19 10:43:09,789 INFO Start Evaling...
2020-05-19 10:45:49,335 INFO Head: mr:358.7 mrr:17.59 hits:32.65
2020-05-19 10:45:49,335 INFO Tail: mr:186.5 mrr:34.06 hits:55.06
2020-05-19 10:45:49,336 INFO All: mr:272.6 mrr:25.82 hits:43.86
2020-05-19 10:45:49,348 INFO Start Evaling...
2020-05-19 10:48:50,706 INFO Head: mr:374.7 mrr:17.34 hits:32.18
2020-05-19 10:48:50,706 INFO Tail: mr:197.5 mrr:33.38 hits:54.22
2020-05-19 10:48:50,706 INFO All: mr:286.1 mrr:25.36 hits:43.20
2020-05-19 10:48:50,720 INFO Declined in recent 2 epochs
2020-05-19 10:51:34,045 INFO [163.3] Epoch 40: loss = 125.1455
2020-05-19 10:54:18,674 INFO [164.6] Epoch 41: loss = 124.6598
2020-05-19 10:57:03,785 INFO [165.1] Epoch 42: loss = 124.4300
2020-05-19 10:59:47,037 INFO [163.3] Epoch 43: loss = 124.4364
2020-05-19 11:02:31,311 INFO [164.3] Epoch 44: loss = 124.3985
2020-05-19 11:05:16,174 INFO [164.9] Epoch 45: loss = 124.3605
2020-05-19 11:08:02,050 INFO [165.9] Epoch 46: loss = 124.2235
2020-05-19 11:10:47,281 INFO [165.2] Epoch 47: loss = 124.1736
2020-05-19 11:13:31,329 INFO [164.0] Epoch 48: loss = 124.1623
2020-05-19 11:16:16,696 INFO [165.4] Epoch 49: loss = 124.1193
2020-05-19 11:16:16,696 INFO Start Evaling...
2020-05-19 11:18:54,418 INFO Head: mr:358.0 mrr:17.43 hits:31.96
2020-05-19 11:18:54,419 INFO Tail: mr:186.8 mrr:33.51 hits:54.76
2020-05-19 11:18:54,419 INFO All: mr:272.4 mrr:25.47 hits:43.36
2020-05-19 11:18:54,431 INFO Start Evaling...
2020-05-19 11:21:55,667 INFO Head: mr:373.5 mrr:17.35 hits:32.34
2020-05-19 11:21:55,667 INFO Tail: mr:203.4 mrr:32.81 hits:53.90
2020-05-19 11:21:55,667 INFO All: mr:288.4 mrr:25.08 hits:43.12
2020-05-19 11:21:55,681 INFO Declined in recent 3 epochs
2020-05-19 11:24:38,797 INFO [163.1] Epoch 50: loss = 123.9218
2020-05-19 11:27:23,513 INFO [164.7] Epoch 51: loss = 124.1864
2020-05-19 11:30:06,423 INFO [162.9] Epoch 52: loss = 124.0390
2020-05-19 11:32:49,174 INFO [162.8] Epoch 53: loss = 123.9297
2020-05-19 11:35:33,578 INFO [164.4] Epoch 54: loss = 123.5898
2020-05-19 11:38:18,538 INFO [165.0] Epoch 55: loss = 123.5425
2020-05-19 11:41:03,387 INFO [164.8] Epoch 56: loss = 123.3810
2020-05-19 11:43:48,243 INFO [164.9] Epoch 57: loss = 123.5146
2020-05-19 11:46:32,846 INFO [164.6] Epoch 58: loss = 123.4880
2020-05-19 11:49:16,270 INFO [163.4] Epoch 59: loss = 123.5602
2020-05-19 11:49:16,271 INFO Start Evaling...
2020-05-19 11:51:55,695 INFO Head: mr:361.6 mrr:17.50 hits:32.46
2020-05-19 11:51:55,696 INFO Tail: mr:189.1 mrr:33.85 hits:54.94
2020-05-19 11:51:55,696 INFO All: mr:275.3 mrr:25.68 hits:43.70
2020-05-19 11:51:55,708 INFO Start Evaling...
2020-05-19 11:54:58,878 INFO Head: mr:366.7 mrr:17.25 hits:31.98
2020-05-19 11:54:58,879 INFO Tail: mr:200.5 mrr:33.31 hits:53.87
2020-05-19 11:54:58,879 INFO All: mr:283.6 mrr:25.28 hits:42.93
2020-05-19 11:54:58,892 INFO Declined in recent 4 epochs
2020-05-19 11:57:43,884 INFO [165.0] Epoch 60: loss = 123.4865
2020-05-19 12:00:28,886 INFO [165.0] Epoch 61: loss = 123.3260
2020-05-19 12:03:14,320 INFO [165.4] Epoch 62: loss = 123.3817
2020-05-19 12:05:58,870 INFO [164.5] Epoch 63: loss = 123.2220
2020-05-19 12:08:41,997 INFO [163.1] Epoch 64: loss = 123.1697
2020-05-19 12:11:26,588 INFO [164.6] Epoch 65: loss = 122.9872
2020-05-19 12:14:12,380 INFO [165.8] Epoch 66: loss = 123.1787
2020-05-19 12:16:57,466 INFO [165.1] Epoch 67: loss = 123.3392
2020-05-19 12:19:42,368 INFO [164.9] Epoch 68: loss = 123.0966
2020-05-19 12:22:28,945 INFO [166.6] Epoch 69: loss = 123.1409
2020-05-19 12:22:28,945 INFO Start Evaling...
2020-05-19 12:25:06,643 INFO Head: mr:356.5 mrr:17.60 hits:32.44
2020-05-19 12:25:06,644 INFO Tail: mr:186.0 mrr:33.40 hits:54.77
2020-05-19 12:25:06,644 INFO All: mr:271.2 mrr:25.50 hits:43.60
2020-05-19 12:25:06,656 INFO Start Evaling...
2020-05-19 12:28:07,883 INFO Head: mr:367.5 mrr:17.30 hits:32.12
2020-05-19 12:28:07,883 INFO Tail: mr:197.7 mrr:33.00 hits:54.13
2020-05-19 12:28:07,883 INFO All: mr:282.6 mrr:25.15 hits:43.12
2020-05-19 12:28:07,899 INFO Declined in recent 5 epochs
2020-05-19 12:28:07,900 INFO Early stopping
2020-05-19 12:28:07,900 INFO Train done
2020-05-19 12:28:07,907 INFO Start Evaling...
2020-05-19 12:31:09,036 INFO Head: mr:371.7 mrr:17.18 hits:31.94
2020-05-19 12:31:09,036 INFO Tail: mr:202.5 mrr:33.62 hits:54.31
2020-05-19 12:31:09,037 INFO All: mr:287.1 mrr:25.40 hits:43.13
