2020-04-22 18:08:10,453 INFO EPOCH: 1000
2020-04-22 18:08:10,454 INFO EVERY: 10
2020-04-22 18:08:10,454 INFO LR: 0.001
2020-04-22 18:08:10,454 INFO DIM: 100
2020-04-22 18:08:10,454 INFO BATCH_SIZE: 256
2020-04-22 18:08:10,454 INFO BATCH_SIZE2: 256
2020-04-22 18:08:10,454 INFO P: 1
2020-04-22 18:08:10,454 INFO CLIPPING_MAX_VALUE: 4.0
2020-04-22 18:08:10,454 INFO OPTIM: Adam
2020-04-22 18:08:10,455 INFO N_SAMPLE: 100
2020-04-22 18:08:10,455 INFO MODE: grap
2020-04-22 18:08:10,455 INFO RATE: 0.05
2020-04-22 18:08:10,455 INFO GAMMA: 12.0
2020-04-22 18:08:10,455 INFO BERN: True
2020-04-22 18:08:10,455 INFO MARGIN: 4.0
2020-04-22 18:08:10,455 INFO REG: 1.0
2020-04-22 18:08:10,455 INFO LABEL_SMOOTH_EPS: 0.1
2020-04-22 18:08:10,455 INFO INPUT_DROP: 0.2
2020-04-22 18:08:10,455 INFO FEAT_DROP: 0.2
2020-04-22 18:08:10,456 INFO HIDD_DROP: 0.3
2020-04-22 18:08:10,456 INFO CHANNELS: 50
2020-04-22 18:08:10,456 INFO KERNEL_SIZE: 3
2020-04-22 18:08:10,456 INFO N_POOL: 100
2020-04-22 18:08:10,456 INFO MODEL_D: TransH
2020-04-22 18:08:10,456 INFO MODEL_G: DistMult
2020-04-22 18:08:10,456 INFO SCRATCH: False
2020-04-22 18:08:10,456 INFO D_FILE: None
2020-04-22 18:08:10,456 INFO G_FILE: None
2020-04-22 18:08:10,456 INFO PATH: data
2020-04-22 18:08:10,456 INFO DATA: FB15K237
2020-04-22 18:08:10,456 INFO EXP_PATH: experiment/FB15K237
2020-04-22 18:08:10,457 INFO MODEL: TransH
2020-04-22 18:08:10,457 INFO V: 5
2020-04-22 18:08:10,457 INFO F: True
2020-04-22 18:08:10,457 INFO EVAL: False
2020-04-22 18:08:10,457 INFO TRAINED: False
2020-04-22 18:08:10,457 INFO PRETRAINED_NAME: None
2020-04-22 18:08:10,457 INFO EXP_NAME: TransH-FB15K237-grap-5
2020-04-22 18:08:10,457 INFO --------------------------------------
2020-04-22 18:08:41,307 INFO Dataload done
2020-04-22 18:08:41,307 INFO --------------------------------------
2020-04-22 18:08:41,307 INFO N_ENTITY: 14541
2020-04-22 18:08:41,308 INFO N_RELATION: 237
2020-04-22 18:08:41,308 INFO --------------------------------------
2020-04-22 18:08:43,254 INFO Start Training...
2020-04-22 18:10:54,877 INFO [131.6] Epoch 0: loss = 202.3893
2020-04-22 18:13:23,553 INFO [148.7] Epoch 1: loss = 70.1790
2020-04-22 18:15:44,202 INFO [140.6] Epoch 2: loss = 44.8133
2020-04-22 18:18:00,641 INFO [136.4] Epoch 3: loss = 34.5938
2020-04-22 18:20:18,380 INFO [137.7] Epoch 4: loss = 29.2778
2020-04-22 18:22:36,041 INFO [137.7] Epoch 5: loss = 26.1557
2020-04-22 18:24:54,353 INFO [138.3] Epoch 6: loss = 24.2832
2020-04-22 18:27:09,882 INFO [135.5] Epoch 7: loss = 22.9943
2020-04-22 18:29:23,097 INFO [133.2] Epoch 8: loss = 22.0768
2020-04-22 18:31:35,419 INFO [132.3] Epoch 9: loss = 21.3718
2020-04-22 18:31:35,420 INFO Start Evaling...
2020-04-22 18:32:26,775 INFO Head: mr:309.3 mrr:17.15 hits:31.90
2020-04-22 18:32:26,775 INFO Tail: mr:135.8 mrr:35.71 hits:56.63
2020-04-22 18:32:26,776 INFO All: mr:222.6 mrr:26.43 hits:44.27
2020-04-22 18:32:26,790 INFO Start Evaling...
2020-04-22 18:33:28,087 INFO Head: mr:321.5 mrr:17.16 hits:31.91
2020-04-22 18:33:28,088 INFO Tail: mr:144.5 mrr:34.90 hits:55.99
2020-04-22 18:33:28,088 INFO All: mr:233.0 mrr:26.03 hits:43.95
2020-04-22 18:33:28,108 INFO Improved and model saved
2020-04-22 18:35:43,835 INFO [135.7] Epoch 10: loss = 20.8125
2020-04-22 18:38:00,999 INFO [137.2] Epoch 11: loss = 20.3888
2020-04-22 18:40:17,153 INFO [136.2] Epoch 12: loss = 20.0503
2020-04-22 18:42:34,905 INFO [137.8] Epoch 13: loss = 19.7364
2020-04-22 18:44:51,004 INFO [136.1] Epoch 14: loss = 19.5143
2020-04-22 18:47:03,814 INFO [132.8] Epoch 15: loss = 19.2685
2020-04-22 18:49:21,229 INFO [137.4] Epoch 16: loss = 19.1123
2020-04-22 18:51:37,619 INFO [136.4] Epoch 17: loss = 18.9197
2020-04-22 18:53:54,599 INFO [137.0] Epoch 18: loss = 18.7645
2020-04-22 18:56:11,275 INFO [136.7] Epoch 19: loss = 18.6014
2020-04-22 18:56:11,275 INFO Start Evaling...
2020-04-22 18:57:03,409 INFO Head: mr:294.4 mrr:18.24 hits:33.60
2020-04-22 18:57:03,409 INFO Tail: mr:122.7 mrr:36.71 hits:58.07
2020-04-22 18:57:03,409 INFO All: mr:208.5 mrr:27.48 hits:45.83
2020-04-22 18:57:03,418 INFO Start Evaling...
2020-04-22 18:58:04,015 INFO Head: mr:306.1 mrr:18.14 hits:33.54
2020-04-22 18:58:04,016 INFO Tail: mr:130.3 mrr:35.99 hits:57.63
2020-04-22 18:58:04,016 INFO All: mr:218.2 mrr:27.07 hits:45.59
2020-04-22 18:58:04,027 INFO Improved and model saved
2020-04-22 19:00:20,246 INFO [136.2] Epoch 20: loss = 18.5057
2020-04-22 19:02:36,196 INFO [135.9] Epoch 21: loss = 18.3804
2020-04-22 19:04:50,901 INFO [134.7] Epoch 22: loss = 18.3000
2020-04-22 19:07:13,561 INFO [142.7] Epoch 23: loss = 18.1783
2020-04-22 19:09:28,858 INFO [135.3] Epoch 24: loss = 18.0710
2020-04-22 19:11:47,983 INFO [139.1] Epoch 25: loss = 18.0258
2020-04-22 19:14:10,512 INFO [142.5] Epoch 26: loss = 17.9535
2020-04-22 19:16:27,787 INFO [137.3] Epoch 27: loss = 17.8841
2020-04-22 19:18:44,248 INFO [136.5] Epoch 28: loss = 17.8158
2020-04-22 19:21:01,548 INFO [137.3] Epoch 29: loss = 17.7421
2020-04-22 19:21:01,548 INFO Start Evaling...
2020-04-22 19:21:54,633 INFO Head: mr:289.6 mrr:18.61 hits:34.09
2020-04-22 19:21:54,633 INFO Tail: mr:120.0 mrr:37.45 hits:58.84
2020-04-22 19:21:54,634 INFO All: mr:204.8 mrr:28.03 hits:46.46
2020-04-22 19:21:54,654 INFO Start Evaling...
2020-04-22 19:22:55,608 INFO Head: mr:299.0 mrr:18.27 hits:33.93
2020-04-22 19:22:55,610 INFO Tail: mr:127.7 mrr:36.83 hits:58.26
2020-04-22 19:22:55,610 INFO All: mr:213.3 mrr:27.55 hits:46.10
2020-04-22 19:22:55,634 INFO Improved and model saved
2020-04-22 19:25:11,790 INFO [136.1] Epoch 30: loss = 17.6880
2020-04-22 19:27:26,521 INFO [134.7] Epoch 31: loss = 17.6047
2020-04-22 19:29:42,175 INFO [135.7] Epoch 32: loss = 17.5934
2020-04-22 19:32:04,205 INFO [142.0] Epoch 33: loss = 17.5485
2020-04-22 19:34:26,572 INFO [142.4] Epoch 34: loss = 17.4740
2020-04-22 19:36:40,624 INFO [134.1] Epoch 35: loss = 17.4534
2020-04-22 19:38:56,890 INFO [136.3] Epoch 36: loss = 17.4094
2020-04-22 19:41:12,877 INFO [136.0] Epoch 37: loss = 17.3782
2020-04-22 19:43:28,036 INFO [135.2] Epoch 38: loss = 17.3257
2020-04-22 19:45:42,636 INFO [134.6] Epoch 39: loss = 17.2907
2020-04-22 19:45:42,637 INFO Start Evaling...
2020-04-22 19:46:36,024 INFO Head: mr:284.5 mrr:18.57 hits:34.33
2020-04-22 19:46:36,025 INFO Tail: mr:120.7 mrr:37.85 hits:59.17
2020-04-22 19:46:36,025 INFO All: mr:202.6 mrr:28.21 hits:46.75
2020-04-22 19:46:36,034 INFO Start Evaling...
2020-04-22 19:47:36,766 INFO Head: mr:295.9 mrr:18.46 hits:34.22
2020-04-22 19:47:36,766 INFO Tail: mr:127.2 mrr:37.12 hits:58.69
2020-04-22 19:47:36,766 INFO All: mr:211.5 mrr:27.79 hits:46.46
2020-04-22 19:47:36,785 INFO Improved and model saved
2020-04-22 19:49:52,687 INFO [135.9] Epoch 40: loss = 17.2565
2020-04-22 19:52:09,113 INFO [136.4] Epoch 41: loss = 17.2184
2020-04-22 19:54:26,076 INFO [137.0] Epoch 42: loss = 17.1979
2020-04-22 19:56:51,718 INFO [145.6] Epoch 43: loss = 17.1585
2020-04-22 19:59:10,833 INFO [139.1] Epoch 44: loss = 17.1458
2020-04-22 20:01:27,528 INFO [136.7] Epoch 45: loss = 17.0848
2020-04-22 20:03:42,265 INFO [134.7] Epoch 46: loss = 17.0665
2020-04-22 20:05:58,019 INFO [135.8] Epoch 47: loss = 17.0306
2020-04-22 20:08:14,438 INFO [136.4] Epoch 48: loss = 17.0163
2020-04-22 20:10:31,502 INFO [137.1] Epoch 49: loss = 16.9996
2020-04-22 20:10:31,503 INFO Start Evaling...
2020-04-22 20:11:24,634 INFO Head: mr:281.1 mrr:18.94 hits:34.58
2020-04-22 20:11:24,634 INFO Tail: mr:119.7 mrr:37.68 hits:59.33
2020-04-22 20:11:24,634 INFO All: mr:200.4 mrr:28.31 hits:46.95
2020-04-22 20:11:24,650 INFO Start Evaling...
2020-04-22 20:12:25,817 INFO Head: mr:292.6 mrr:18.84 hits:34.87
2020-04-22 20:12:25,817 INFO Tail: mr:126.2 mrr:37.23 hits:58.82
2020-04-22 20:12:25,817 INFO All: mr:209.4 mrr:28.04 hits:46.84
2020-04-22 20:12:25,844 INFO Improved and model saved
2020-04-22 20:14:41,033 INFO [135.2] Epoch 50: loss = 16.9861
2020-04-22 20:16:58,344 INFO [137.3] Epoch 51: loss = 16.9522
2020-04-22 20:19:14,930 INFO [136.6] Epoch 52: loss = 16.9035
2020-04-22 20:21:32,284 INFO [137.4] Epoch 53: loss = 16.9225
2020-04-22 20:23:50,755 INFO [138.5] Epoch 54: loss = 16.8623
2020-04-22 20:26:05,965 INFO [135.2] Epoch 55: loss = 16.8752
2020-04-22 20:28:21,528 INFO [135.6] Epoch 56: loss = 16.8329
2020-04-22 20:30:40,722 INFO [139.2] Epoch 57: loss = 16.8087
2020-04-22 20:32:58,298 INFO [137.6] Epoch 58: loss = 16.8111
2020-04-22 20:35:16,237 INFO [137.9] Epoch 59: loss = 16.7782
2020-04-22 20:35:16,238 INFO Start Evaling...
2020-04-22 20:36:09,000 INFO Head: mr:277.6 mrr:18.87 hits:34.71
2020-04-22 20:36:09,000 INFO Tail: mr:121.0 mrr:37.61 hits:59.46
2020-04-22 20:36:09,001 INFO All: mr:199.3 mrr:28.24 hits:47.09
2020-04-22 20:36:09,009 INFO Start Evaling...
2020-04-22 20:37:09,463 INFO Head: mr:289.8 mrr:18.70 hits:34.76
2020-04-22 20:37:09,464 INFO Tail: mr:128.0 mrr:37.07 hits:58.81
2020-04-22 20:37:09,464 INFO All: mr:208.9 mrr:27.89 hits:46.79
2020-04-22 20:37:09,482 INFO Improved and model saved
2020-04-22 20:39:25,637 INFO [136.1] Epoch 60: loss = 16.7637
2020-04-22 20:41:39,595 INFO [134.0] Epoch 61: loss = 16.7373
2020-04-22 20:43:54,784 INFO [135.2] Epoch 62: loss = 16.7339
2020-04-22 20:46:09,350 INFO [134.6] Epoch 63: loss = 16.7024
2020-04-22 20:48:25,563 INFO [136.2] Epoch 64: loss = 16.7124
2020-04-22 20:50:40,957 INFO [135.4] Epoch 65: loss = 16.6981
2020-04-22 20:52:55,791 INFO [134.8] Epoch 66: loss = 16.6366
2020-04-22 20:55:10,862 INFO [135.1] Epoch 67: loss = 16.6485
2020-04-22 20:57:26,975 INFO [136.1] Epoch 68: loss = 16.6728
2020-04-22 20:59:43,354 INFO [136.4] Epoch 69: loss = 16.6257
2020-04-22 20:59:43,354 INFO Start Evaling...
2020-04-22 21:00:36,694 INFO Head: mr:276.9 mrr:19.10 hits:34.93
2020-04-22 21:00:36,695 INFO Tail: mr:119.6 mrr:38.13 hits:59.87
2020-04-22 21:00:36,695 INFO All: mr:198.3 mrr:28.61 hits:47.40
2020-04-22 21:00:36,706 INFO Start Evaling...
2020-04-22 21:01:38,613 INFO Head: mr:288.4 mrr:18.72 hits:34.81
2020-04-22 21:01:38,613 INFO Tail: mr:128.5 mrr:37.59 hits:58.86
2020-04-22 21:01:38,613 INFO All: mr:208.4 mrr:28.16 hits:46.83
2020-04-22 21:01:38,624 INFO Improved and model saved
2020-04-22 21:04:09,904 INFO [151.3] Epoch 70: loss = 16.6218
2020-04-22 21:06:57,363 INFO [167.5] Epoch 71: loss = 16.5859
2020-04-22 21:10:15,410 INFO [198.0] Epoch 72: loss = 16.5842
2020-04-22 21:13:27,071 INFO [191.7] Epoch 73: loss = 16.5658
2020-04-22 21:16:08,679 INFO [161.6] Epoch 74: loss = 16.5577
2020-04-22 21:18:47,503 INFO [158.8] Epoch 75: loss = 16.5385
2020-04-22 21:21:26,461 INFO [159.0] Epoch 76: loss = 16.5329
2020-04-22 21:24:03,934 INFO [157.5] Epoch 77: loss = 16.5158
2020-04-22 21:26:46,784 INFO [162.8] Epoch 78: loss = 16.5177
2020-04-22 21:29:29,117 INFO [162.3] Epoch 79: loss = 16.4942
2020-04-22 21:29:29,117 INFO Start Evaling...
2020-04-22 21:30:26,645 INFO Head: mr:279.2 mrr:19.01 hits:35.09
2020-04-22 21:30:26,646 INFO Tail: mr:119.0 mrr:38.30 hits:59.61
2020-04-22 21:30:26,646 INFO All: mr:199.1 mrr:28.65 hits:47.35
2020-04-22 21:30:26,656 INFO Start Evaling...
2020-04-22 21:31:36,557 INFO Head: mr:290.9 mrr:18.90 hits:34.98
2020-04-22 21:31:36,559 INFO Tail: mr:127.5 mrr:37.70 hits:58.83
2020-04-22 21:31:36,559 INFO All: mr:209.2 mrr:28.30 hits:46.90
2020-04-22 21:31:36,578 INFO Declined in recent 1 epochs
2020-04-22 21:34:22,243 INFO [165.7] Epoch 80: loss = 16.4733
2020-04-22 21:36:59,491 INFO [157.2] Epoch 81: loss = 16.4831
2020-04-22 21:39:37,172 INFO [157.7] Epoch 82: loss = 16.4644
2020-04-22 21:42:20,271 INFO [163.1] Epoch 83: loss = 16.4545
2020-04-22 21:45:06,612 INFO [166.3] Epoch 84: loss = 16.4405
2020-04-22 21:47:47,701 INFO [161.1] Epoch 85: loss = 16.4465
2020-04-22 21:50:32,801 INFO [165.1] Epoch 86: loss = 16.4347
2020-04-22 21:53:19,133 INFO [166.3] Epoch 87: loss = 16.3952
2020-04-22 21:56:11,368 INFO [172.2] Epoch 88: loss = 16.4081
2020-04-22 21:58:56,110 INFO [164.7] Epoch 89: loss = 16.3746
2020-04-22 21:58:56,110 INFO Start Evaling...
2020-04-22 21:59:58,576 INFO Head: mr:276.3 mrr:18.88 hits:35.13
2020-04-22 21:59:58,576 INFO Tail: mr:119.4 mrr:38.09 hits:59.82
2020-04-22 21:59:58,577 INFO All: mr:197.8 mrr:28.49 hits:47.48
2020-04-22 21:59:58,587 INFO Start Evaling...
2020-04-22 22:01:09,897 INFO Head: mr:291.6 mrr:18.77 hits:35.17
2020-04-22 22:01:09,897 INFO Tail: mr:128.5 mrr:37.44 hits:59.10
2020-04-22 22:01:09,897 INFO All: mr:210.1 mrr:28.10 hits:47.13
2020-04-22 22:01:09,917 INFO Improved and model saved
2020-04-22 22:04:01,593 INFO [171.7] Epoch 90: loss = 16.3716
2020-04-22 22:06:44,638 INFO [163.0] Epoch 91: loss = 16.3875
2020-04-22 22:09:28,696 INFO [164.1] Epoch 92: loss = 16.3767
2020-04-22 22:12:13,701 INFO [165.0] Epoch 93: loss = 16.3398
2020-04-22 22:15:03,272 INFO [169.6] Epoch 94: loss = 16.3492
2020-04-22 22:17:54,281 INFO [171.0] Epoch 95: loss = 16.3466
2020-04-22 22:20:57,070 INFO [182.8] Epoch 96: loss = 16.3334
2020-04-22 22:23:46,256 INFO [169.2] Epoch 97: loss = 16.3224
2020-04-22 22:26:26,602 INFO [160.3] Epoch 98: loss = 16.3249
2020-04-22 22:28:51,048 INFO [144.4] Epoch 99: loss = 16.3412
2020-04-22 22:28:51,049 INFO Start Evaling...
2020-04-22 22:29:47,856 INFO Head: mr:279.0 mrr:19.10 hits:35.11
2020-04-22 22:29:47,857 INFO Tail: mr:120.6 mrr:38.37 hits:59.84
2020-04-22 22:29:47,857 INFO All: mr:199.8 mrr:28.73 hits:47.48
2020-04-22 22:29:47,866 INFO Start Evaling...
2020-04-22 22:30:53,375 INFO Head: mr:290.7 mrr:18.78 hits:34.79
2020-04-22 22:30:53,375 INFO Tail: mr:129.1 mrr:37.65 hits:59.13
2020-04-22 22:30:53,375 INFO All: mr:209.9 mrr:28.21 hits:46.96
2020-04-22 22:30:53,387 INFO Declined in recent 1 epochs
2020-04-22 22:33:15,084 INFO [141.7] Epoch 100: loss = 16.3205
2020-04-22 22:35:41,416 INFO [146.3] Epoch 101: loss = 16.2940
2020-04-22 22:38:02,397 INFO [141.0] Epoch 102: loss = 16.2737
2020-04-22 22:40:22,579 INFO [140.2] Epoch 103: loss = 16.2924
2020-04-22 22:42:39,564 INFO [137.0] Epoch 104: loss = 16.2728
2020-04-22 22:44:57,145 INFO [137.6] Epoch 105: loss = 16.2793
2020-04-22 22:47:18,315 INFO [141.2] Epoch 106: loss = 16.2661
2020-04-22 22:49:37,800 INFO [139.5] Epoch 107: loss = 16.2344
2020-04-22 22:51:53,863 INFO [136.1] Epoch 108: loss = 16.2504
2020-04-22 22:54:09,994 INFO [136.1] Epoch 109: loss = 16.2428
2020-04-22 22:54:09,995 INFO Start Evaling...
2020-04-22 22:55:07,110 INFO Head: mr:278.6 mrr:19.05 hits:35.03
2020-04-22 22:55:07,110 INFO Tail: mr:119.7 mrr:38.28 hits:59.88
2020-04-22 22:55:07,110 INFO All: mr:199.2 mrr:28.66 hits:47.45
2020-04-22 22:55:07,121 INFO Start Evaling...
2020-04-22 22:56:13,533 INFO Head: mr:289.9 mrr:18.72 hits:35.21
2020-04-22 22:56:13,533 INFO Tail: mr:128.0 mrr:37.53 hits:59.18
2020-04-22 22:56:13,533 INFO All: mr:208.9 mrr:28.12 hits:47.20
2020-04-22 22:56:13,544 INFO Declined in recent 2 epochs
2020-04-22 22:58:41,419 INFO [147.9] Epoch 110: loss = 16.2483
2020-04-22 23:01:02,983 INFO [141.6] Epoch 111: loss = 16.2397
2020-04-22 23:03:26,331 INFO [143.3] Epoch 112: loss = 16.2416
2020-04-22 23:05:52,670 INFO [146.3] Epoch 113: loss = 16.2109
2020-04-22 23:08:11,807 INFO [139.1] Epoch 114: loss = 16.2375
2020-04-22 23:10:29,357 INFO [137.5] Epoch 115: loss = 16.2256
2020-04-22 23:12:46,461 INFO [137.1] Epoch 116: loss = 16.1839
2020-04-22 23:15:07,988 INFO [141.5] Epoch 117: loss = 16.2146
2020-04-22 23:17:27,936 INFO [139.9] Epoch 118: loss = 16.1691
2020-04-22 23:19:46,550 INFO [138.6] Epoch 119: loss = 16.1755
2020-04-22 23:19:46,551 INFO Start Evaling...
2020-04-22 23:20:43,339 INFO Head: mr:278.8 mrr:19.32 hits:35.22
2020-04-22 23:20:43,339 INFO Tail: mr:119.6 mrr:38.16 hits:60.02
2020-04-22 23:20:43,339 INFO All: mr:199.2 mrr:28.74 hits:47.62
2020-04-22 23:20:43,351 INFO Start Evaling...
2020-04-22 23:21:52,198 INFO Head: mr:291.8 mrr:18.92 hits:34.95
2020-04-22 23:21:52,198 INFO Tail: mr:128.6 mrr:37.58 hits:58.99
2020-04-22 23:21:52,199 INFO All: mr:210.2 mrr:28.25 hits:46.97
2020-04-22 23:21:52,210 INFO Improved and model saved
2020-04-22 23:24:17,955 INFO [145.7] Epoch 120: loss = 16.1615
2020-04-22 23:26:38,376 INFO [140.4] Epoch 121: loss = 16.1797
2020-04-22 23:29:06,498 INFO [148.1] Epoch 122: loss = 16.1586
2020-04-22 23:31:28,500 INFO [142.0] Epoch 123: loss = 16.1891
2020-04-22 23:33:46,758 INFO [138.3] Epoch 124: loss = 16.1461
2020-04-22 23:36:05,657 INFO [138.9] Epoch 125: loss = 16.1300
2020-04-22 23:38:26,149 INFO [140.5] Epoch 126: loss = 16.1361
2020-04-22 23:40:46,613 INFO [140.5] Epoch 127: loss = 16.1183
2020-04-22 23:43:06,994 INFO [140.4] Epoch 128: loss = 16.1270
2020-04-22 23:45:26,240 INFO [139.2] Epoch 129: loss = 16.1341
2020-04-22 23:45:26,240 INFO Start Evaling...
2020-04-22 23:46:23,208 INFO Head: mr:280.3 mrr:19.10 hits:35.18
2020-04-22 23:46:23,208 INFO Tail: mr:119.5 mrr:38.26 hits:59.74
2020-04-22 23:46:23,208 INFO All: mr:199.9 mrr:28.68 hits:47.46
2020-04-22 23:46:23,218 INFO Start Evaling...
2020-04-22 23:47:28,129 INFO Head: mr:292.1 mrr:18.69 hits:35.17
2020-04-22 23:47:28,129 INFO Tail: mr:129.4 mrr:37.68 hits:59.24
2020-04-22 23:47:28,129 INFO All: mr:210.8 mrr:28.19 hits:47.20
2020-04-22 23:47:28,140 INFO Declined in recent 1 epochs
2020-04-22 23:49:52,318 INFO [144.2] Epoch 130: loss = 16.1229
2020-04-22 23:52:18,186 INFO [145.9] Epoch 131: loss = 16.1240
2020-04-22 23:54:44,331 INFO [146.1] Epoch 132: loss = 16.1282
2020-04-22 23:57:10,511 INFO [146.2] Epoch 133: loss = 16.0641
2020-04-22 23:59:32,781 INFO [142.3] Epoch 134: loss = 16.1028
2020-04-23 00:01:54,481 INFO [141.7] Epoch 135: loss = 16.1065
2020-04-23 00:04:16,750 INFO [142.3] Epoch 136: loss = 16.0682
2020-04-23 00:06:36,036 INFO [139.3] Epoch 137: loss = 16.0794
2020-04-23 00:08:58,295 INFO [142.3] Epoch 138: loss = 16.1039
2020-04-23 00:11:16,731 INFO [138.4] Epoch 139: loss = 16.0532
2020-04-23 00:11:16,731 INFO Start Evaling...
2020-04-23 00:12:13,699 INFO Head: mr:280.2 mrr:19.20 hits:35.49
2020-04-23 00:12:13,699 INFO Tail: mr:119.7 mrr:38.54 hits:59.98
2020-04-23 00:12:13,699 INFO All: mr:199.9 mrr:28.87 hits:47.74
2020-04-23 00:12:13,710 INFO Start Evaling...
2020-04-23 00:13:18,839 INFO Head: mr:291.2 mrr:18.84 hits:35.19
2020-04-23 00:13:18,840 INFO Tail: mr:129.3 mrr:38.05 hits:59.25
2020-04-23 00:13:18,840 INFO All: mr:210.2 mrr:28.44 hits:47.22
2020-04-23 00:13:18,859 INFO Improved and model saved
2020-04-23 00:15:37,336 INFO [138.5] Epoch 140: loss = 16.0747
2020-04-23 00:17:53,254 INFO [135.9] Epoch 141: loss = 16.0633
2020-04-23 00:20:09,172 INFO [135.9] Epoch 142: loss = 16.0609
2020-04-23 00:22:26,950 INFO [137.8] Epoch 143: loss = 16.0689
2020-04-23 00:24:46,387 INFO [139.4] Epoch 144: loss = 16.0619
2020-04-23 00:27:10,933 INFO [144.5] Epoch 145: loss = 16.0398
2020-04-23 00:29:30,874 INFO [139.9] Epoch 146: loss = 16.0574
2020-04-23 00:31:52,821 INFO [141.9] Epoch 147: loss = 16.0442
2020-04-23 00:34:22,622 INFO [149.8] Epoch 148: loss = 16.0361
2020-04-23 00:36:45,824 INFO [143.2] Epoch 149: loss = 16.0322
2020-04-23 00:36:45,824 INFO Start Evaling...
2020-04-23 00:37:44,778 INFO Head: mr:279.5 mrr:19.31 hits:35.45
2020-04-23 00:37:44,778 INFO Tail: mr:120.2 mrr:38.46 hits:60.18
2020-04-23 00:37:44,778 INFO All: mr:199.9 mrr:28.89 hits:47.82
2020-04-23 00:37:44,790 INFO Start Evaling...
2020-04-23 00:38:50,458 INFO Head: mr:292.4 mrr:19.05 hits:35.15
2020-04-23 00:38:50,459 INFO Tail: mr:130.5 mrr:37.57 hits:59.28
2020-04-23 00:38:50,459 INFO All: mr:211.5 mrr:28.31 hits:47.21
2020-04-23 00:38:50,480 INFO Improved and model saved
2020-04-23 00:41:18,615 INFO [148.1] Epoch 150: loss = 16.0305
2020-04-23 00:43:40,583 INFO [142.0] Epoch 151: loss = 16.0097
2020-04-23 00:46:00,906 INFO [140.3] Epoch 152: loss = 16.0407
2020-04-23 00:48:21,132 INFO [140.2] Epoch 153: loss = 15.9945
2020-04-23 00:50:39,946 INFO [138.8] Epoch 154: loss = 15.9987
2020-04-23 00:52:58,818 INFO [138.9] Epoch 155: loss = 16.0205
2020-04-23 00:55:20,586 INFO [141.8] Epoch 156: loss = 15.9966
2020-04-23 00:57:41,365 INFO [140.8] Epoch 157: loss = 16.0100
2020-04-23 01:00:07,321 INFO [146.0] Epoch 158: loss = 15.9983
2020-04-23 01:02:32,937 INFO [145.6] Epoch 159: loss = 15.9971
2020-04-23 01:02:32,937 INFO Start Evaling...
2020-04-23 01:03:29,325 INFO Head: mr:279.6 mrr:19.24 hits:35.69
2020-04-23 01:03:29,326 INFO Tail: mr:120.6 mrr:38.27 hits:60.00
2020-04-23 01:03:29,326 INFO All: mr:200.1 mrr:28.75 hits:47.85
2020-04-23 01:03:29,335 INFO Start Evaling...
2020-04-23 01:04:35,168 INFO Head: mr:293.0 mrr:18.67 hits:34.87
2020-04-23 01:04:35,169 INFO Tail: mr:129.2 mrr:37.70 hits:58.93
2020-04-23 01:04:35,169 INFO All: mr:211.1 mrr:28.18 hits:46.90
2020-04-23 01:04:35,182 INFO Improved and model saved
2020-04-23 01:07:01,297 INFO [146.1] Epoch 160: loss = 16.0051
2020-04-23 01:09:25,969 INFO [144.7] Epoch 161: loss = 15.9847
2020-04-23 01:11:46,693 INFO [140.7] Epoch 162: loss = 15.9624
2020-04-23 01:14:06,292 INFO [139.6] Epoch 163: loss = 15.9749
2020-04-23 01:16:26,974 INFO [140.7] Epoch 164: loss = 15.9831
2020-04-23 01:18:48,952 INFO [142.0] Epoch 165: loss = 15.9660
2020-04-23 01:21:08,840 INFO [139.9] Epoch 166: loss = 15.9754
2020-04-23 01:23:27,257 INFO [138.4] Epoch 167: loss = 15.9609
2020-04-23 01:25:58,270 INFO [151.0] Epoch 168: loss = 15.9610
2020-04-23 01:28:34,641 INFO [156.4] Epoch 169: loss = 15.9640
2020-04-23 01:28:34,641 INFO Start Evaling...
2020-04-23 01:29:36,594 INFO Head: mr:280.9 mrr:19.40 hits:35.62
2020-04-23 01:29:36,594 INFO Tail: mr:120.7 mrr:38.35 hits:59.90
2020-04-23 01:29:36,594 INFO All: mr:200.8 mrr:28.87 hits:47.76
2020-04-23 01:29:36,614 INFO Start Evaling...
2020-04-23 01:30:42,822 INFO Head: mr:291.0 mrr:18.99 hits:34.97
2020-04-23 01:30:42,823 INFO Tail: mr:129.7 mrr:37.68 hits:59.10
2020-04-23 01:30:42,823 INFO All: mr:210.3 mrr:28.33 hits:47.03
2020-04-23 01:30:42,844 INFO Declined in recent 1 epochs
2020-04-23 01:33:17,517 INFO [154.7] Epoch 170: loss = 15.9610
2020-04-23 01:35:49,271 INFO [151.8] Epoch 171: loss = 15.9475
2020-04-23 01:38:23,966 INFO [154.7] Epoch 172: loss = 15.9537
2020-04-23 01:40:59,267 INFO [155.3] Epoch 173: loss = 15.9571
2020-04-23 01:43:34,503 INFO [155.2] Epoch 174: loss = 15.9469
2020-04-23 01:46:18,601 INFO [164.1] Epoch 175: loss = 15.9340
2020-04-23 01:48:55,157 INFO [156.6] Epoch 176: loss = 15.9121
2020-04-23 01:51:29,952 INFO [154.8] Epoch 177: loss = 15.9282
2020-04-23 01:54:11,590 INFO [161.6] Epoch 178: loss = 15.9397
2020-04-23 01:56:40,859 INFO [149.3] Epoch 179: loss = 15.9335
2020-04-23 01:56:40,860 INFO Start Evaling...
2020-04-23 01:57:34,435 INFO Head: mr:278.2 mrr:19.40 hits:35.57
2020-04-23 01:57:34,436 INFO Tail: mr:120.9 mrr:38.26 hits:59.89
2020-04-23 01:57:34,436 INFO All: mr:199.5 mrr:28.83 hits:47.73
2020-04-23 01:57:34,452 INFO Start Evaling...
2020-04-23 01:58:35,892 INFO Head: mr:293.9 mrr:18.93 hits:34.98
2020-04-23 01:58:35,892 INFO Tail: mr:130.2 mrr:37.49 hits:59.01
2020-04-23 01:58:35,892 INFO All: mr:212.1 mrr:28.21 hits:47.00
2020-04-23 01:58:35,903 INFO Declined in recent 2 epochs
2020-04-23 02:00:51,783 INFO [135.9] Epoch 180: loss = 15.9301
2020-04-23 02:03:08,845 INFO [137.1] Epoch 181: loss = 15.9426
2020-04-23 02:05:26,024 INFO [137.2] Epoch 182: loss = 15.9014
2020-04-23 02:07:40,306 INFO [134.3] Epoch 183: loss = 15.8900
2020-04-23 02:09:54,215 INFO [133.9] Epoch 184: loss = 15.8938
2020-04-23 02:12:11,773 INFO [137.6] Epoch 185: loss = 15.9053
2020-04-23 02:14:30,450 INFO [138.7] Epoch 186: loss = 15.9458
2020-04-23 02:16:44,784 INFO [134.3] Epoch 187: loss = 15.8892
2020-04-23 02:19:02,177 INFO [137.4] Epoch 188: loss = 15.8764
2020-04-23 02:21:25,021 INFO [142.8] Epoch 189: loss = 15.9109
2020-04-23 02:21:25,022 INFO Start Evaling...
2020-04-23 02:22:17,552 INFO Head: mr:279.0 mrr:19.13 hits:35.39
2020-04-23 02:22:17,553 INFO Tail: mr:120.9 mrr:38.76 hits:60.02
2020-04-23 02:22:17,553 INFO All: mr:199.9 mrr:28.95 hits:47.70
2020-04-23 02:22:17,563 INFO Start Evaling...
2020-04-23 02:23:19,259 INFO Head: mr:292.5 mrr:18.78 hits:34.97
2020-04-23 02:23:19,259 INFO Tail: mr:130.8 mrr:37.98 hits:59.21
2020-04-23 02:23:19,259 INFO All: mr:211.6 mrr:28.38 hits:47.09
2020-04-23 02:23:19,270 INFO Declined in recent 3 epochs
2020-04-23 02:25:34,382 INFO [135.1] Epoch 190: loss = 15.8780
2020-04-23 02:27:50,583 INFO [136.2] Epoch 191: loss = 15.8792
2020-04-23 02:30:06,320 INFO [135.7] Epoch 192: loss = 15.8984
2020-04-23 02:32:23,216 INFO [136.9] Epoch 193: loss = 15.8599
2020-04-23 02:34:41,460 INFO [138.2] Epoch 194: loss = 15.8593
2020-04-23 02:37:04,277 INFO [142.8] Epoch 195: loss = 15.8701
2020-04-23 02:39:23,477 INFO [139.2] Epoch 196: loss = 15.8575
2020-04-23 02:41:40,956 INFO [137.5] Epoch 197: loss = 15.8663
2020-04-23 02:43:57,751 INFO [136.8] Epoch 198: loss = 15.8670
2020-04-23 02:46:13,637 INFO [135.9] Epoch 199: loss = 15.8670
2020-04-23 02:46:13,638 INFO Start Evaling...
2020-04-23 02:47:06,815 INFO Head: mr:281.3 mrr:19.09 hits:35.32
2020-04-23 02:47:06,815 INFO Tail: mr:120.8 mrr:38.44 hits:60.10
2020-04-23 02:47:06,815 INFO All: mr:201.1 mrr:28.76 hits:47.71
2020-04-23 02:47:06,832 INFO Start Evaling...
2020-04-23 02:48:07,238 INFO Head: mr:293.9 mrr:18.76 hits:34.73
2020-04-23 02:48:07,238 INFO Tail: mr:131.5 mrr:37.86 hits:58.80
2020-04-23 02:48:07,238 INFO All: mr:212.7 mrr:28.31 hits:46.76
2020-04-23 02:48:07,249 INFO Declined in recent 4 epochs
2020-04-23 02:50:23,545 INFO [136.3] Epoch 200: loss = 15.8656
2020-04-23 02:52:39,765 INFO [136.2] Epoch 201: loss = 15.8357
2020-04-23 02:54:56,363 INFO [136.6] Epoch 202: loss = 15.8506
2020-04-23 02:57:12,287 INFO [135.9] Epoch 203: loss = 15.8596
2020-04-23 02:59:28,986 INFO [136.7] Epoch 204: loss = 15.8323
2020-04-23 03:01:48,808 INFO [139.8] Epoch 205: loss = 15.8400
2020-04-23 03:04:05,218 INFO [136.4] Epoch 206: loss = 15.8496
2020-04-23 03:06:24,422 INFO [139.2] Epoch 207: loss = 15.8339
2020-04-23 03:08:44,557 INFO [140.1] Epoch 208: loss = 15.8386
2020-04-23 03:10:59,268 INFO [134.7] Epoch 209: loss = 15.8100
2020-04-23 03:10:59,269 INFO Start Evaling...
2020-04-23 03:11:52,317 INFO Head: mr:280.2 mrr:19.19 hits:35.42
2020-04-23 03:11:52,318 INFO Tail: mr:121.6 mrr:38.33 hits:60.01
2020-04-23 03:11:52,318 INFO All: mr:200.9 mrr:28.76 hits:47.72
2020-04-23 03:11:52,342 INFO Start Evaling...
2020-04-23 03:12:53,762 INFO Head: mr:292.4 mrr:18.78 hits:35.12
2020-04-23 03:12:53,762 INFO Tail: mr:130.4 mrr:37.75 hits:59.10
2020-04-23 03:12:53,762 INFO All: mr:211.4 mrr:28.27 hits:47.11
2020-04-23 03:12:53,772 INFO Declined in recent 5 epochs
2020-04-23 03:12:53,772 INFO Early stopping
2020-04-23 03:12:53,772 INFO Train done
2020-04-23 03:12:53,779 INFO Start Evaling...
2020-04-23 03:13:54,862 INFO Head: mr:293.0 mrr:18.67 hits:34.87
2020-04-23 03:13:54,862 INFO Tail: mr:129.2 mrr:37.70 hits:58.93
2020-04-23 03:13:54,863 INFO All: mr:211.1 mrr:28.18 hits:46.90
