2020-05-19 05:04:33,695 INFO EPOCH: 1000
2020-05-19 05:04:33,695 INFO EVERY: 10
2020-05-19 05:04:33,695 INFO LR: 0.001
2020-05-19 05:04:33,695 INFO DIM: 100
2020-05-19 05:04:33,695 INFO BATCH_SIZE: 256
2020-05-19 05:04:33,695 INFO BATCH_SIZE2: 256
2020-05-19 05:04:33,695 INFO P: 1
2020-05-19 05:04:33,695 INFO CLIPPING_MAX_VALUE: 4.0
2020-05-19 05:04:33,695 INFO OPTIM: Adam
2020-05-19 05:04:33,696 INFO N_SAMPLE: 12
2020-05-19 05:04:33,696 INFO MODE: grap
2020-05-19 05:04:33,696 INFO RATE: 0.05
2020-05-19 05:04:33,696 INFO GAMMA: 12.0
2020-05-19 05:04:33,696 INFO BERN: True
2020-05-19 05:04:33,696 INFO MARGIN: 4.0
2020-05-19 05:04:33,696 INFO REG: 1.0
2020-05-19 05:04:33,696 INFO LABEL_SMOOTH_EPS: 0.1
2020-05-19 05:04:33,696 INFO INPUT_DROP: 0.2
2020-05-19 05:04:33,696 INFO FEAT_DROP: 0.2
2020-05-19 05:04:33,696 INFO HIDD_DROP: 0.3
2020-05-19 05:04:33,696 INFO CHANNELS: 50
2020-05-19 05:04:33,697 INFO KERNEL_SIZE: 3
2020-05-19 05:04:33,697 INFO N_POOL: 100
2020-05-19 05:04:33,697 INFO MODEL_D: TransH
2020-05-19 05:04:33,697 INFO MODEL_G: DistMult
2020-05-19 05:04:33,697 INFO SCRATCH: False
2020-05-19 05:04:33,697 INFO D_FILE: None
2020-05-19 05:04:33,697 INFO G_FILE: None
2020-05-19 05:04:33,697 INFO PATH: data
2020-05-19 05:04:33,697 INFO DATA: FB15K237
2020-05-19 05:04:33,697 INFO EXP_PATH: experiment/FB15K237
2020-05-19 05:04:33,697 INFO MODEL: TransH
2020-05-19 05:04:33,697 INFO V: 12.05
2020-05-19 05:04:33,698 INFO F: True
2020-05-19 05:04:33,698 INFO EVAL: False
2020-05-19 05:04:33,698 INFO TRAINED: False
2020-05-19 05:04:33,698 INFO PRETRAINED_NAME: None
2020-05-19 05:04:33,698 INFO EXP_NAME: TransH-FB15K237-grap-12.05
2020-05-19 05:04:33,698 INFO --------------------------------------
2020-05-19 05:04:58,477 INFO Dataload done
2020-05-19 05:04:58,478 INFO --------------------------------------
2020-05-19 05:04:58,478 INFO N_ENTITY: 14541
2020-05-19 05:04:58,478 INFO N_RELATION: 237
2020-05-19 05:04:58,478 INFO --------------------------------------
2020-05-19 05:05:01,911 INFO Start Training...
2020-05-19 05:06:27,972 INFO [86.1] Epoch 0: loss = 272.3448
2020-05-19 05:07:54,339 INFO [86.4] Epoch 1: loss = 175.7168
2020-05-19 05:09:20,642 INFO [86.3] Epoch 2: loss = 152.0002
2020-05-19 05:10:46,685 INFO [86.0] Epoch 3: loss = 137.1403
2020-05-19 05:12:13,180 INFO [86.5] Epoch 4: loss = 126.3049
2020-05-19 05:13:41,120 INFO [87.9] Epoch 5: loss = 117.9456
2020-05-19 05:15:07,392 INFO [86.3] Epoch 6: loss = 111.1934
2020-05-19 05:16:34,873 INFO [87.5] Epoch 7: loss = 105.5124
2020-05-19 05:18:02,383 INFO [87.5] Epoch 8: loss = 101.6713
2020-05-19 05:19:28,212 INFO [85.8] Epoch 9: loss = 98.6081
2020-05-19 05:19:28,212 INFO Start Evaling...
2020-05-19 05:22:07,333 INFO Head: mr:359.9 mrr:15.92 hits:29.14
2020-05-19 05:22:07,333 INFO Tail: mr:173.4 mrr:33.48 hits:53.27
2020-05-19 05:22:07,333 INFO All: mr:266.7 mrr:24.70 hits:41.20
2020-05-19 05:22:07,345 INFO Start Evaling...
2020-05-19 05:25:09,929 INFO Head: mr:370.6 mrr:15.80 hits:29.38
2020-05-19 05:25:09,929 INFO Tail: mr:183.1 mrr:32.96 hits:52.65
2020-05-19 05:25:09,929 INFO All: mr:276.8 mrr:24.38 hits:41.01
2020-05-19 05:25:09,942 INFO Improved and model saved
2020-05-19 05:26:37,948 INFO [88.0] Epoch 10: loss = 95.8872
2020-05-19 05:28:06,352 INFO [88.4] Epoch 11: loss = 93.8768
2020-05-19 05:29:32,590 INFO [86.2] Epoch 12: loss = 91.7874
2020-05-19 05:30:59,775 INFO [87.2] Epoch 13: loss = 90.3418
2020-05-19 05:32:26,642 INFO [86.9] Epoch 14: loss = 88.7402
2020-05-19 05:33:54,319 INFO [87.7] Epoch 15: loss = 87.8819
2020-05-19 05:35:21,801 INFO [87.5] Epoch 16: loss = 86.9178
2020-05-19 05:36:49,520 INFO [87.7] Epoch 17: loss = 85.7861
2020-05-19 05:38:16,533 INFO [87.0] Epoch 18: loss = 85.0426
2020-05-19 05:39:44,260 INFO [87.7] Epoch 19: loss = 84.4732
2020-05-19 05:39:44,261 INFO Start Evaling...
2020-05-19 05:42:23,113 INFO Head: mr:317.6 mrr:17.64 hits:32.50
2020-05-19 05:42:23,113 INFO Tail: mr:143.1 mrr:36.59 hits:56.49
2020-05-19 05:42:23,113 INFO All: mr:230.3 mrr:27.11 hits:44.49
2020-05-19 05:42:23,125 INFO Start Evaling...
2020-05-19 05:45:25,628 INFO Head: mr:323.0 mrr:17.65 hits:32.31
2020-05-19 05:45:25,628 INFO Tail: mr:154.0 mrr:35.93 hits:56.01
2020-05-19 05:45:25,628 INFO All: mr:238.5 mrr:26.79 hits:44.16
2020-05-19 05:45:25,641 INFO Improved and model saved
2020-05-19 05:46:53,725 INFO [88.0] Epoch 20: loss = 84.1544
2020-05-19 05:48:20,655 INFO [86.9] Epoch 21: loss = 83.5965
2020-05-19 05:49:48,673 INFO [88.0] Epoch 22: loss = 83.0862
2020-05-19 05:51:17,520 INFO [88.8] Epoch 23: loss = 82.7635
2020-05-19 05:52:45,042 INFO [87.5] Epoch 24: loss = 82.3790
2020-05-19 05:54:13,694 INFO [88.7] Epoch 25: loss = 81.7750
2020-05-19 05:55:40,487 INFO [86.8] Epoch 26: loss = 81.4147
2020-05-19 05:57:09,273 INFO [88.8] Epoch 27: loss = 81.1579
2020-05-19 05:58:37,202 INFO [87.9] Epoch 28: loss = 81.0399
2020-05-19 06:00:04,322 INFO [87.1] Epoch 29: loss = 80.6734
2020-05-19 06:00:04,322 INFO Start Evaling...
2020-05-19 06:02:43,258 INFO Head: mr:297.3 mrr:18.05 hits:33.11
2020-05-19 06:02:43,258 INFO Tail: mr:133.2 mrr:36.95 hits:57.24
2020-05-19 06:02:43,258 INFO All: mr:215.2 mrr:27.50 hits:45.18
2020-05-19 06:02:43,270 INFO Start Evaling...
2020-05-19 06:05:45,945 INFO Head: mr:308.2 mrr:17.85 hits:33.43
2020-05-19 06:05:45,945 INFO Tail: mr:142.9 mrr:36.33 hits:57.05
2020-05-19 06:05:45,946 INFO All: mr:225.5 mrr:27.09 hits:45.24
2020-05-19 06:05:45,959 INFO Improved and model saved
2020-05-19 06:07:13,531 INFO [87.5] Epoch 30: loss = 81.0099
2020-05-19 06:08:41,004 INFO [87.5] Epoch 31: loss = 80.3207
2020-05-19 06:10:07,285 INFO [86.3] Epoch 32: loss = 79.6495
2020-05-19 06:11:33,841 INFO [86.6] Epoch 33: loss = 80.0760
2020-05-19 06:13:01,547 INFO [87.7] Epoch 34: loss = 79.1270
2020-05-19 06:14:28,356 INFO [86.8] Epoch 35: loss = 79.4911
2020-05-19 06:15:55,259 INFO [86.9] Epoch 36: loss = 79.5722
2020-05-19 06:17:21,522 INFO [86.3] Epoch 37: loss = 78.9598
2020-05-19 06:18:49,358 INFO [87.8] Epoch 38: loss = 78.5631
2020-05-19 06:20:16,302 INFO [86.9] Epoch 39: loss = 78.7218
2020-05-19 06:20:16,303 INFO Start Evaling...
2020-05-19 06:22:53,708 INFO Head: mr:294.1 mrr:18.33 hits:33.86
2020-05-19 06:22:53,708 INFO Tail: mr:129.1 mrr:37.53 hits:58.26
2020-05-19 06:22:53,709 INFO All: mr:211.6 mrr:27.93 hits:46.06
2020-05-19 06:22:53,721 INFO Start Evaling...
2020-05-19 06:25:54,423 INFO Head: mr:306.6 mrr:18.56 hits:34.17
2020-05-19 06:25:54,424 INFO Tail: mr:140.9 mrr:36.95 hits:57.46
2020-05-19 06:25:54,424 INFO All: mr:223.8 mrr:27.75 hits:45.82
2020-05-19 06:25:54,437 INFO Improved and model saved
2020-05-19 06:27:20,862 INFO [86.4] Epoch 40: loss = 79.0908
2020-05-19 06:28:47,156 INFO [86.3] Epoch 41: loss = 78.0790
2020-05-19 06:30:14,505 INFO [87.3] Epoch 42: loss = 78.1265
2020-05-19 06:31:42,449 INFO [87.9] Epoch 43: loss = 78.2335
2020-05-19 06:33:08,880 INFO [86.4] Epoch 44: loss = 78.4054
2020-05-19 06:34:36,989 INFO [88.1] Epoch 45: loss = 77.6004
2020-05-19 06:36:05,382 INFO [88.4] Epoch 46: loss = 77.9107
2020-05-19 06:37:31,594 INFO [86.2] Epoch 47: loss = 77.5683
2020-05-19 06:38:58,224 INFO [86.6] Epoch 48: loss = 77.6495
2020-05-19 06:40:25,047 INFO [86.8] Epoch 49: loss = 77.5103
2020-05-19 06:40:25,048 INFO Start Evaling...
2020-05-19 06:43:05,267 INFO Head: mr:291.2 mrr:18.69 hits:34.19
2020-05-19 06:43:05,267 INFO Tail: mr:128.5 mrr:37.91 hits:58.51
2020-05-19 06:43:05,267 INFO All: mr:209.9 mrr:28.30 hits:46.35
2020-05-19 06:43:05,279 INFO Start Evaling...
2020-05-19 06:46:08,226 INFO Head: mr:303.1 mrr:18.39 hits:34.11
2020-05-19 06:46:08,226 INFO Tail: mr:137.6 mrr:37.34 hits:57.60
2020-05-19 06:46:08,226 INFO All: mr:220.4 mrr:27.87 hits:45.86
2020-05-19 06:46:08,239 INFO Improved and model saved
2020-05-19 06:47:36,031 INFO [87.8] Epoch 50: loss = 77.3696
2020-05-19 06:49:02,809 INFO [86.8] Epoch 51: loss = 77.3531
2020-05-19 06:50:29,623 INFO [86.8] Epoch 52: loss = 77.1666
2020-05-19 06:51:57,107 INFO [87.5] Epoch 53: loss = 76.7702
2020-05-19 06:53:25,226 INFO [88.1] Epoch 54: loss = 76.9984
2020-05-19 06:54:51,299 INFO [86.1] Epoch 55: loss = 76.6516
2020-05-19 06:56:20,131 INFO [88.8] Epoch 56: loss = 76.5759
2020-05-19 06:57:47,643 INFO [87.5] Epoch 57: loss = 76.5001
2020-05-19 06:59:14,609 INFO [87.0] Epoch 58: loss = 76.1673
2020-05-19 07:00:40,833 INFO [86.2] Epoch 59: loss = 76.3753
2020-05-19 07:00:40,833 INFO Start Evaling...
2020-05-19 07:03:19,923 INFO Head: mr:292.4 mrr:18.82 hits:34.98
2020-05-19 07:03:19,923 INFO Tail: mr:125.0 mrr:38.09 hits:59.13
2020-05-19 07:03:19,924 INFO All: mr:208.7 mrr:28.45 hits:47.05
2020-05-19 07:03:19,936 INFO Start Evaling...
2020-05-19 07:06:22,881 INFO Head: mr:294.9 mrr:18.97 hits:34.45
2020-05-19 07:06:22,882 INFO Tail: mr:135.8 mrr:37.80 hits:58.46
2020-05-19 07:06:22,882 INFO All: mr:215.3 mrr:28.39 hits:46.46
2020-05-19 07:06:22,895 INFO Improved and model saved
2020-05-19 07:07:51,211 INFO [88.3] Epoch 60: loss = 76.0333
2020-05-19 07:09:19,062 INFO [87.9] Epoch 61: loss = 76.5955
2020-05-19 07:10:45,954 INFO [86.9] Epoch 62: loss = 76.5052
2020-05-19 07:12:13,447 INFO [87.5] Epoch 63: loss = 76.4861
2020-05-19 07:13:41,006 INFO [87.6] Epoch 64: loss = 76.3469
2020-05-19 07:15:08,936 INFO [87.9] Epoch 65: loss = 76.0680
2020-05-19 07:16:36,027 INFO [87.1] Epoch 66: loss = 75.7904
2020-05-19 07:18:02,939 INFO [86.9] Epoch 67: loss = 75.6724
2020-05-19 07:19:31,955 INFO [89.0] Epoch 68: loss = 75.9382
2020-05-19 07:20:59,262 INFO [87.3] Epoch 69: loss = 76.0776
2020-05-19 07:20:59,263 INFO Start Evaling...
2020-05-19 07:23:38,253 INFO Head: mr:292.7 mrr:18.87 hits:34.49
2020-05-19 07:23:38,253 INFO Tail: mr:127.2 mrr:38.04 hits:58.43
2020-05-19 07:23:38,253 INFO All: mr:209.9 mrr:28.46 hits:46.46
2020-05-19 07:23:38,266 INFO Start Evaling...
2020-05-19 07:26:40,928 INFO Head: mr:293.9 mrr:18.76 hits:34.71
2020-05-19 07:26:40,928 INFO Tail: mr:132.7 mrr:37.70 hits:58.21
2020-05-19 07:26:40,928 INFO All: mr:213.3 mrr:28.23 hits:46.46
2020-05-19 07:26:40,942 INFO Improved and model saved
2020-05-19 07:28:09,006 INFO [88.0] Epoch 70: loss = 75.8279
2020-05-19 07:29:35,887 INFO [86.9] Epoch 71: loss = 75.6534
2020-05-19 07:31:03,581 INFO [87.7] Epoch 72: loss = 75.4449
2020-05-19 07:32:29,970 INFO [86.4] Epoch 73: loss = 75.5074
2020-05-19 07:33:56,310 INFO [86.3] Epoch 74: loss = 75.5756
2020-05-19 07:35:25,410 INFO [89.1] Epoch 75: loss = 75.7966
2020-05-19 07:36:54,075 INFO [88.7] Epoch 76: loss = 75.2734
2020-05-19 07:38:20,694 INFO [86.6] Epoch 77: loss = 75.7132
2020-05-19 07:39:48,538 INFO [87.8] Epoch 78: loss = 75.4517
2020-05-19 07:41:16,905 INFO [88.4] Epoch 79: loss = 75.1262
2020-05-19 07:41:16,905 INFO Start Evaling...
2020-05-19 07:43:56,280 INFO Head: mr:288.3 mrr:19.31 hits:35.26
2020-05-19 07:43:56,280 INFO Tail: mr:127.9 mrr:38.19 hits:58.89
2020-05-19 07:43:56,280 INFO All: mr:208.1 mrr:28.75 hits:47.07
2020-05-19 07:43:56,294 INFO Start Evaling...
2020-05-19 07:46:59,628 INFO Head: mr:295.4 mrr:19.06 hits:35.21
2020-05-19 07:46:59,628 INFO Tail: mr:131.2 mrr:37.75 hits:58.11
2020-05-19 07:46:59,628 INFO All: mr:213.3 mrr:28.41 hits:46.66
2020-05-19 07:46:59,643 INFO Improved and model saved
2020-05-19 07:48:27,634 INFO [88.0] Epoch 80: loss = 75.5030
2020-05-19 07:49:55,763 INFO [88.1] Epoch 81: loss = 74.8336
2020-05-19 07:51:23,543 INFO [87.8] Epoch 82: loss = 75.0973
2020-05-19 07:52:49,936 INFO [86.4] Epoch 83: loss = 75.1255
2020-05-19 07:54:17,506 INFO [87.6] Epoch 84: loss = 74.9407
2020-05-19 07:55:46,333 INFO [88.8] Epoch 85: loss = 75.2256
2020-05-19 07:57:12,731 INFO [86.4] Epoch 86: loss = 75.0826
2020-05-19 07:58:38,795 INFO [86.1] Epoch 87: loss = 74.7068
2020-05-19 08:00:05,255 INFO [86.5] Epoch 88: loss = 74.9424
2020-05-19 08:01:33,756 INFO [88.5] Epoch 89: loss = 74.7999
2020-05-19 08:01:33,756 INFO Start Evaling...
2020-05-19 08:04:12,720 INFO Head: mr:286.8 mrr:19.38 hits:34.98
2020-05-19 08:04:12,720 INFO Tail: mr:124.8 mrr:38.26 hits:58.78
2020-05-19 08:04:12,720 INFO All: mr:205.8 mrr:28.82 hits:46.88
2020-05-19 08:04:12,732 INFO Start Evaling...
2020-05-19 08:07:15,467 INFO Head: mr:299.5 mrr:19.22 hits:35.03
2020-05-19 08:07:15,467 INFO Tail: mr:132.6 mrr:37.82 hits:58.31
2020-05-19 08:07:15,467 INFO All: mr:216.1 mrr:28.52 hits:46.67
2020-05-19 08:07:15,480 INFO Improved and model saved
2020-05-19 08:08:43,150 INFO [87.7] Epoch 90: loss = 74.9793
2020-05-19 08:10:10,952 INFO [87.8] Epoch 91: loss = 75.0853
2020-05-19 08:11:38,486 INFO [87.5] Epoch 92: loss = 74.4261
2020-05-19 08:13:04,837 INFO [86.4] Epoch 93: loss = 74.9036
2020-05-19 08:14:32,791 INFO [88.0] Epoch 94: loss = 74.8704
2020-05-19 08:15:58,736 INFO [85.9] Epoch 95: loss = 74.7609
2020-05-19 08:17:27,303 INFO [88.6] Epoch 96: loss = 73.9784
2020-05-19 08:18:55,039 INFO [87.7] Epoch 97: loss = 74.6100
2020-05-19 08:20:21,061 INFO [86.0] Epoch 98: loss = 74.6159
2020-05-19 08:21:49,721 INFO [88.7] Epoch 99: loss = 74.2690
2020-05-19 08:21:49,721 INFO Start Evaling...
2020-05-19 08:24:28,019 INFO Head: mr:281.6 mrr:19.07 hits:34.74
2020-05-19 08:24:28,020 INFO Tail: mr:124.8 mrr:37.98 hits:58.79
2020-05-19 08:24:28,020 INFO All: mr:203.2 mrr:28.52 hits:46.76
2020-05-19 08:24:28,032 INFO Start Evaling...
2020-05-19 08:27:28,774 INFO Head: mr:291.8 mrr:18.89 hits:34.52
2020-05-19 08:27:28,774 INFO Tail: mr:132.4 mrr:37.53 hits:58.19
2020-05-19 08:27:28,774 INFO All: mr:212.1 mrr:28.21 hits:46.35
2020-05-19 08:27:28,788 INFO Declined in recent 1 epochs
