2020-04-24 11:05:59,794 INFO EPOCH: 1000
2020-04-24 11:05:59,794 INFO EVERY: 10
2020-04-24 11:05:59,794 INFO LR: 0.001
2020-04-24 11:05:59,795 INFO DIM: 100
2020-04-24 11:05:59,795 INFO BATCH_SIZE: 256
2020-04-24 11:05:59,795 INFO BATCH_SIZE2: 256
2020-04-24 11:05:59,795 INFO P: 1
2020-04-24 11:05:59,795 INFO CLIPPING_MAX_VALUE: 4.0
2020-04-24 11:05:59,795 INFO OPTIM: Adam
2020-04-24 11:05:59,795 INFO N_SAMPLE: 100
2020-04-24 11:05:59,795 INFO MODE: grap
2020-04-24 11:05:59,795 INFO RATE: 0.15
2020-04-24 11:05:59,795 INFO GAMMA: 12.0
2020-04-24 11:05:59,795 INFO BERN: True
2020-04-24 11:05:59,795 INFO MARGIN: 4.0
2020-04-24 11:05:59,795 INFO REG: 1.0
2020-04-24 11:05:59,795 INFO LABEL_SMOOTH_EPS: 0.1
2020-04-24 11:05:59,795 INFO INPUT_DROP: 0.2
2020-04-24 11:05:59,795 INFO FEAT_DROP: 0.2
2020-04-24 11:05:59,795 INFO HIDD_DROP: 0.3
2020-04-24 11:05:59,796 INFO CHANNELS: 50
2020-04-24 11:05:59,796 INFO KERNEL_SIZE: 3
2020-04-24 11:05:59,796 INFO N_POOL: 100
2020-04-24 11:05:59,796 INFO MODEL_D: TransH
2020-04-24 11:05:59,796 INFO MODEL_G: DistMult
2020-04-24 11:05:59,796 INFO SCRATCH: False
2020-04-24 11:05:59,796 INFO D_FILE: None
2020-04-24 11:05:59,796 INFO G_FILE: None
2020-04-24 11:05:59,796 INFO PATH: data
2020-04-24 11:05:59,796 INFO DATA: FB15K237
2020-04-24 11:05:59,796 INFO EXP_PATH: experiment/FB15K237
2020-04-24 11:05:59,796 INFO MODEL: TransH
2020-04-24 11:05:59,796 INFO V: 8
2020-04-24 11:05:59,796 INFO F: True
2020-04-24 11:05:59,796 INFO EVAL: False
2020-04-24 11:05:59,796 INFO TRAINED: False
2020-04-24 11:05:59,796 INFO PRETRAINED_NAME: None
2020-04-24 11:05:59,797 INFO EXP_NAME: TransH-FB15K237-grap-8
2020-04-24 11:05:59,797 INFO --------------------------------------
2020-04-24 11:06:14,420 INFO Dataload done
2020-04-24 11:06:14,420 INFO --------------------------------------
2020-04-24 11:06:14,420 INFO N_ENTITY: 14541
2020-04-24 11:06:14,420 INFO N_RELATION: 237
2020-04-24 11:06:14,420 INFO --------------------------------------
2020-04-24 11:06:16,757 INFO Start Training...
2020-04-24 11:07:30,984 INFO [74.2] Epoch 0: loss = 202.9449
2020-04-24 11:08:48,907 INFO [77.9] Epoch 1: loss = 72.3817
2020-04-24 11:10:06,305 INFO [77.4] Epoch 2: loss = 48.4124
2020-04-24 11:11:18,810 INFO [72.5] Epoch 3: loss = 38.8599
2020-04-24 11:12:36,821 INFO [78.0] Epoch 4: loss = 33.9211
2020-04-24 11:13:53,850 INFO [77.0] Epoch 5: loss = 30.9251
2020-04-24 11:15:10,816 INFO [77.0] Epoch 6: loss = 29.1279
2020-04-24 11:16:18,337 INFO [67.5] Epoch 7: loss = 27.8405
2020-04-24 11:17:30,162 INFO [71.8] Epoch 8: loss = 26.8706
2020-04-24 11:18:38,766 INFO [68.6] Epoch 9: loss = 26.2546
2020-04-24 11:18:38,767 INFO Start Evaling...
2020-04-24 11:19:34,854 INFO Head: mr:329.4 mrr:16.22 hits:30.67
2020-04-24 11:19:34,854 INFO Tail: mr:145.0 mrr:34.65 hits:55.43
2020-04-24 11:19:34,854 INFO All: mr:237.2 mrr:25.44 hits:43.05
2020-04-24 11:19:34,864 INFO Start Evaling...
2020-04-24 11:20:36,938 INFO Head: mr:342.2 mrr:16.09 hits:30.33
2020-04-24 11:20:36,938 INFO Tail: mr:154.9 mrr:34.09 hits:54.49
2020-04-24 11:20:36,938 INFO All: mr:248.5 mrr:25.09 hits:42.41
2020-04-24 11:20:36,949 INFO Improved and model saved
2020-04-24 11:21:45,417 INFO [68.5] Epoch 10: loss = 25.6837
2020-04-24 11:22:53,410 INFO [68.0] Epoch 11: loss = 25.2181
2020-04-24 11:24:01,425 INFO [68.0] Epoch 12: loss = 24.8607
2020-04-24 11:25:13,026 INFO [71.6] Epoch 13: loss = 24.5435
2020-04-24 11:26:29,492 INFO [76.5] Epoch 14: loss = 24.2501
2020-04-24 11:27:46,965 INFO [77.5] Epoch 15: loss = 24.0151
2020-04-24 11:28:59,185 INFO [72.2] Epoch 16: loss = 23.8224
2020-04-24 11:30:08,506 INFO [69.3] Epoch 17: loss = 23.6818
2020-04-24 11:31:24,818 INFO [76.3] Epoch 18: loss = 23.5006
2020-04-24 11:32:37,905 INFO [73.1] Epoch 19: loss = 23.3265
2020-04-24 11:32:37,905 INFO Start Evaling...
2020-04-24 11:33:33,272 INFO Head: mr:305.4 mrr:17.33 hits:32.81
2020-04-24 11:33:33,273 INFO Tail: mr:129.5 mrr:35.71 hits:56.46
2020-04-24 11:33:33,273 INFO All: mr:217.4 mrr:26.52 hits:44.64
2020-04-24 11:33:33,284 INFO Start Evaling...
2020-04-24 11:34:38,324 INFO Head: mr:318.4 mrr:17.37 hits:32.33
2020-04-24 11:34:38,324 INFO Tail: mr:140.4 mrr:35.33 hits:56.41
2020-04-24 11:34:38,325 INFO All: mr:229.4 mrr:26.35 hits:44.37
2020-04-24 11:34:38,337 INFO Improved and model saved
2020-04-24 11:35:54,573 INFO [76.2] Epoch 20: loss = 23.2079
2020-04-24 11:37:06,236 INFO [71.7] Epoch 21: loss = 23.0691
2020-04-24 11:38:22,449 INFO [76.2] Epoch 22: loss = 22.9754
2020-04-24 11:39:35,117 INFO [72.7] Epoch 23: loss = 22.8714
2020-04-24 11:40:51,675 INFO [76.6] Epoch 24: loss = 22.7956
2020-04-24 11:42:08,770 INFO [77.1] Epoch 25: loss = 22.6903
2020-04-24 11:43:26,841 INFO [78.1] Epoch 26: loss = 22.6285
2020-04-24 11:44:43,130 INFO [76.3] Epoch 27: loss = 22.5124
2020-04-24 11:46:00,700 INFO [77.6] Epoch 28: loss = 22.4475
2020-04-24 11:47:16,141 INFO [75.4] Epoch 29: loss = 22.3901
2020-04-24 11:47:16,142 INFO Start Evaling...
2020-04-24 11:48:09,225 INFO Head: mr:294.0 mrr:18.02 hits:33.65
2020-04-24 11:48:09,225 INFO Tail: mr:123.9 mrr:36.44 hits:57.29
2020-04-24 11:48:09,226 INFO All: mr:208.9 mrr:27.23 hits:45.47
2020-04-24 11:48:09,235 INFO Start Evaling...
2020-04-24 11:49:14,916 INFO Head: mr:311.7 mrr:17.76 hits:32.75
2020-04-24 11:49:14,917 INFO Tail: mr:136.4 mrr:35.89 hits:56.96
2020-04-24 11:49:14,917 INFO All: mr:224.1 mrr:26.82 hits:44.85
2020-04-24 11:49:14,936 INFO Improved and model saved
2020-04-24 11:50:31,536 INFO [76.6] Epoch 30: loss = 22.3526
2020-04-24 11:51:44,201 INFO [72.7] Epoch 31: loss = 22.3042
2020-04-24 11:52:57,068 INFO [72.9] Epoch 32: loss = 22.2404
2020-04-24 11:54:11,058 INFO [74.0] Epoch 33: loss = 22.1782
2020-04-24 11:55:20,417 INFO [69.4] Epoch 34: loss = 22.1214
2020-04-24 11:56:27,599 INFO [67.2] Epoch 35: loss = 22.0885
2020-04-24 11:57:38,096 INFO [70.5] Epoch 36: loss = 22.0285
2020-04-24 11:58:50,328 INFO [72.2] Epoch 37: loss = 22.0015
2020-04-24 12:00:03,316 INFO [73.0] Epoch 38: loss = 21.9881
2020-04-24 12:01:14,696 INFO [71.4] Epoch 39: loss = 21.9373
2020-04-24 12:01:14,697 INFO Start Evaling...
2020-04-24 12:02:07,733 INFO Head: mr:294.5 mrr:17.98 hits:33.43
2020-04-24 12:02:07,733 INFO Tail: mr:124.4 mrr:36.60 hits:57.46
2020-04-24 12:02:07,733 INFO All: mr:209.4 mrr:27.29 hits:45.44
2020-04-24 12:02:07,744 INFO Start Evaling...
2020-04-24 12:03:13,486 INFO Head: mr:312.4 mrr:18.05 hits:33.30
2020-04-24 12:03:13,487 INFO Tail: mr:136.5 mrr:35.96 hits:57.01
2020-04-24 12:03:13,487 INFO All: mr:224.4 mrr:27.00 hits:45.15
2020-04-24 12:03:13,509 INFO Improved and model saved
2020-04-24 12:04:29,238 INFO [75.7] Epoch 40: loss = 21.9204
2020-04-24 12:05:41,226 INFO [72.0] Epoch 41: loss = 21.8880
2020-04-24 12:06:47,565 INFO [66.3] Epoch 42: loss = 21.8368
2020-04-24 12:07:57,716 INFO [70.2] Epoch 43: loss = 21.7655
2020-04-24 12:09:15,170 INFO [77.5] Epoch 44: loss = 21.7622
2020-04-24 12:10:27,507 INFO [72.3] Epoch 45: loss = 21.7553
2020-04-24 12:11:43,918 INFO [76.4] Epoch 46: loss = 21.6891
2020-04-24 12:12:58,666 INFO [74.7] Epoch 47: loss = 21.6781
2020-04-24 12:14:09,645 INFO [71.0] Epoch 48: loss = 21.6355
2020-04-24 12:15:26,124 INFO [76.5] Epoch 49: loss = 21.6423
2020-04-24 12:15:26,124 INFO Start Evaling...
2020-04-24 12:16:23,319 INFO Head: mr:290.3 mrr:18.02 hits:33.74
2020-04-24 12:16:23,319 INFO Tail: mr:124.2 mrr:36.94 hits:58.01
2020-04-24 12:16:23,319 INFO All: mr:207.3 mrr:27.48 hits:45.87
2020-04-24 12:16:23,330 INFO Start Evaling...
2020-04-24 12:17:25,063 INFO Head: mr:306.5 mrr:18.35 hits:33.72
2020-04-24 12:17:25,063 INFO Tail: mr:136.2 mrr:36.34 hits:57.38
2020-04-24 12:17:25,063 INFO All: mr:221.4 mrr:27.34 hits:45.55
2020-04-24 12:17:25,076 INFO Improved and model saved
2020-04-24 12:18:40,096 INFO [75.0] Epoch 50: loss = 21.6275
2020-04-24 12:19:55,591 INFO [75.5] Epoch 51: loss = 21.5751
2020-04-24 12:21:09,668 INFO [74.1] Epoch 52: loss = 21.5381
2020-04-24 12:22:17,780 INFO [68.1] Epoch 53: loss = 21.5627
2020-04-24 12:23:25,764 INFO [68.0] Epoch 54: loss = 21.5065
2020-04-24 12:24:32,429 INFO [66.7] Epoch 55: loss = 21.4893
2020-04-24 12:25:41,537 INFO [69.1] Epoch 56: loss = 21.4753
2020-04-24 12:26:58,598 INFO [77.1] Epoch 57: loss = 21.4857
2020-04-24 12:28:15,113 INFO [76.5] Epoch 58: loss = 21.4385
2020-04-24 12:29:23,143 INFO [68.0] Epoch 59: loss = 21.4191
2020-04-24 12:29:23,144 INFO Start Evaling...
2020-04-24 12:30:16,390 INFO Head: mr:290.3 mrr:18.29 hits:33.53
2020-04-24 12:30:16,391 INFO Tail: mr:124.0 mrr:36.93 hits:58.45
2020-04-24 12:30:16,391 INFO All: mr:207.2 mrr:27.61 hits:45.99
2020-04-24 12:30:16,403 INFO Start Evaling...
2020-04-24 12:31:20,556 INFO Head: mr:304.1 mrr:18.31 hits:33.37
2020-04-24 12:31:20,557 INFO Tail: mr:136.6 mrr:36.38 hits:57.59
2020-04-24 12:31:20,557 INFO All: mr:220.4 mrr:27.35 hits:45.48
2020-04-24 12:31:20,567 INFO Improved and model saved
2020-04-24 12:32:32,477 INFO [71.9] Epoch 60: loss = 21.4059
2020-04-24 12:33:41,589 INFO [69.1] Epoch 61: loss = 21.3810
2020-04-24 12:34:56,798 INFO [75.2] Epoch 62: loss = 21.3514
2020-04-24 12:36:08,390 INFO [71.6] Epoch 63: loss = 21.3423
2020-04-24 12:37:24,095 INFO [75.7] Epoch 64: loss = 21.3148
2020-04-24 12:38:41,317 INFO [77.2] Epoch 65: loss = 21.2983
2020-04-24 12:39:58,451 INFO [77.1] Epoch 66: loss = 21.2872
2020-04-24 12:41:10,517 INFO [72.1] Epoch 67: loss = 21.2656
2020-04-24 12:42:25,048 INFO [74.5] Epoch 68: loss = 21.3007
2020-04-24 12:43:36,260 INFO [71.2] Epoch 69: loss = 21.2495
2020-04-24 12:43:36,261 INFO Start Evaling...
2020-04-24 12:44:31,757 INFO Head: mr:290.2 mrr:18.38 hits:33.91
2020-04-24 12:44:31,758 INFO Tail: mr:125.1 mrr:37.24 hits:58.11
2020-04-24 12:44:31,758 INFO All: mr:207.7 mrr:27.81 hits:46.01
2020-04-24 12:44:31,767 INFO Start Evaling...
2020-04-24 12:45:36,590 INFO Head: mr:303.6 mrr:18.53 hits:34.05
2020-04-24 12:45:36,590 INFO Tail: mr:136.5 mrr:36.39 hits:57.43
2020-04-24 12:45:36,590 INFO All: mr:220.0 mrr:27.46 hits:45.74
2020-04-24 12:45:36,614 INFO Improved and model saved
2020-04-24 12:46:52,963 INFO [76.3] Epoch 70: loss = 21.2359
2020-04-24 12:48:09,842 INFO [76.9] Epoch 71: loss = 21.2135
2020-04-24 12:49:26,365 INFO [76.5] Epoch 72: loss = 21.2030
2020-04-24 12:50:45,785 INFO [79.4] Epoch 73: loss = 21.1852
2020-04-24 12:52:04,645 INFO [78.9] Epoch 74: loss = 21.1951
2020-04-24 12:53:18,439 INFO [73.8] Epoch 75: loss = 21.1865
2020-04-24 12:54:29,575 INFO [71.1] Epoch 76: loss = 21.1699
2020-04-24 12:55:40,972 INFO [71.4] Epoch 77: loss = 21.1457
2020-04-24 12:56:56,156 INFO [75.2] Epoch 78: loss = 21.1525
2020-04-24 12:58:10,332 INFO [74.2] Epoch 79: loss = 21.1146
2020-04-24 12:58:10,332 INFO Start Evaling...
2020-04-24 12:59:06,487 INFO Head: mr:290.9 mrr:18.35 hits:33.91
2020-04-24 12:59:06,488 INFO Tail: mr:125.9 mrr:37.04 hits:57.84
2020-04-24 12:59:06,488 INFO All: mr:208.4 mrr:27.70 hits:45.88
2020-04-24 12:59:06,508 INFO Start Evaling...
2020-04-24 13:00:12,063 INFO Head: mr:303.1 mrr:18.45 hits:33.66
2020-04-24 13:00:12,063 INFO Tail: mr:137.4 mrr:36.61 hits:57.54
2020-04-24 13:00:12,064 INFO All: mr:220.2 mrr:27.53 hits:45.60
2020-04-24 13:00:12,089 INFO Declined in recent 1 epochs
2020-04-24 13:01:28,566 INFO [76.5] Epoch 80: loss = 21.1418
2020-04-24 13:02:40,535 INFO [72.0] Epoch 81: loss = 21.0918
2020-04-24 13:03:57,890 INFO [77.4] Epoch 82: loss = 21.0933
2020-04-24 13:05:19,247 INFO [81.4] Epoch 83: loss = 21.0680
2020-04-24 13:06:37,666 INFO [78.4] Epoch 84: loss = 21.0987
2020-04-24 13:07:51,964 INFO [74.3] Epoch 85: loss = 21.0600
2020-04-24 13:09:08,618 INFO [76.7] Epoch 86: loss = 21.0495
2020-04-24 13:10:23,977 INFO [75.4] Epoch 87: loss = 21.0332
2020-04-24 13:11:35,105 INFO [71.1] Epoch 88: loss = 21.0607
2020-04-24 13:12:52,118 INFO [77.0] Epoch 89: loss = 21.0410
2020-04-24 13:12:52,119 INFO Start Evaling...
2020-04-24 13:13:47,356 INFO Head: mr:288.6 mrr:18.73 hits:34.11
2020-04-24 13:13:47,356 INFO Tail: mr:126.1 mrr:36.98 hits:58.40
2020-04-24 13:13:47,356 INFO All: mr:207.3 mrr:27.85 hits:46.25
2020-04-24 13:13:47,366 INFO Start Evaling...
2020-04-24 13:14:47,821 INFO Head: mr:300.4 mrr:18.76 hits:34.19
2020-04-24 13:14:47,821 INFO Tail: mr:136.5 mrr:36.56 hits:57.53
2020-04-24 13:14:47,821 INFO All: mr:218.4 mrr:27.66 hits:45.86
2020-04-24 13:14:47,834 INFO Improved and model saved
2020-04-24 13:15:57,691 INFO [69.8] Epoch 90: loss = 20.9993
2020-04-24 13:17:08,299 INFO [70.6] Epoch 91: loss = 20.9930
2020-04-24 13:18:14,903 INFO [66.6] Epoch 92: loss = 21.0100
2020-04-24 13:19:21,752 INFO [66.8] Epoch 93: loss = 20.9858
2020-04-24 13:20:35,666 INFO [73.9] Epoch 94: loss = 20.9956
2020-04-24 13:21:42,320 INFO [66.7] Epoch 95: loss = 21.0058
2020-04-24 13:22:53,708 INFO [71.4] Epoch 96: loss = 20.9767
2020-04-24 13:24:06,205 INFO [72.5] Epoch 97: loss = 20.9495
2020-04-24 13:25:16,525 INFO [70.3] Epoch 98: loss = 20.9332
2020-04-24 13:26:28,599 INFO [72.1] Epoch 99: loss = 20.9365
2020-04-24 13:26:28,600 INFO Start Evaling...
2020-04-24 13:27:25,251 INFO Head: mr:287.2 mrr:18.68 hits:34.23
2020-04-24 13:27:25,252 INFO Tail: mr:127.2 mrr:37.39 hits:58.31
2020-04-24 13:27:25,252 INFO All: mr:207.2 mrr:28.04 hits:46.27
2020-04-24 13:27:25,262 INFO Start Evaling...
2020-04-24 13:28:30,106 INFO Head: mr:304.3 mrr:18.55 hits:34.16
2020-04-24 13:28:30,106 INFO Tail: mr:138.3 mrr:36.67 hits:57.68
2020-04-24 13:28:30,106 INFO All: mr:221.3 mrr:27.61 hits:45.92
2020-04-24 13:28:30,117 INFO Improved and model saved
2020-04-24 13:29:45,156 INFO [75.0] Epoch 100: loss = 20.9249
2020-04-24 13:30:56,946 INFO [71.8] Epoch 101: loss = 20.9201
2020-04-24 13:32:13,805 INFO [76.9] Epoch 102: loss = 20.9456
2020-04-24 13:33:27,873 INFO [74.1] Epoch 103: loss = 20.9192
2020-04-24 13:34:38,002 INFO [70.1] Epoch 104: loss = 20.9063
2020-04-24 13:35:53,974 INFO [76.0] Epoch 105: loss = 20.9195
2020-04-24 13:37:10,285 INFO [76.3] Epoch 106: loss = 20.8612
2020-04-24 13:38:25,052 INFO [74.8] Epoch 107: loss = 20.8760
2020-04-24 13:39:38,887 INFO [73.8] Epoch 108: loss = 20.8649
2020-04-24 13:40:49,607 INFO [70.7] Epoch 109: loss = 20.8714
2020-04-24 13:40:49,609 INFO Start Evaling...
2020-04-24 13:41:44,143 INFO Head: mr:287.5 mrr:18.70 hits:33.88
2020-04-24 13:41:44,143 INFO Tail: mr:127.8 mrr:37.04 hits:58.39
2020-04-24 13:41:44,143 INFO All: mr:207.7 mrr:27.87 hits:46.13
2020-04-24 13:41:44,153 INFO Start Evaling...
2020-04-24 13:42:47,090 INFO Head: mr:303.7 mrr:18.74 hits:34.28
2020-04-24 13:42:47,090 INFO Tail: mr:136.8 mrr:36.42 hits:57.56
2020-04-24 13:42:47,090 INFO All: mr:220.2 mrr:27.58 hits:45.92
2020-04-24 13:42:47,101 INFO Declined in recent 1 epochs
2020-04-24 13:44:00,192 INFO [73.1] Epoch 110: loss = 20.8785
2020-04-24 13:45:09,562 INFO [69.4] Epoch 111: loss = 20.8559
2020-04-24 13:46:20,286 INFO [70.7] Epoch 112: loss = 20.8532
2020-04-24 13:47:36,575 INFO [76.3] Epoch 113: loss = 20.8261
2020-04-24 13:48:48,444 INFO [71.9] Epoch 114: loss = 20.8278
2020-04-24 13:49:56,297 INFO [67.9] Epoch 115: loss = 20.8287
2020-04-24 13:51:04,999 INFO [68.7] Epoch 116: loss = 20.8271
2020-04-24 13:52:16,091 INFO [71.1] Epoch 117: loss = 20.8097
2020-04-24 13:53:27,645 INFO [71.6] Epoch 118: loss = 20.8429
2020-04-24 13:54:39,849 INFO [72.2] Epoch 119: loss = 20.8135
2020-04-24 13:54:39,849 INFO Start Evaling...
2020-04-24 13:55:35,397 INFO Head: mr:286.7 mrr:18.97 hits:34.26
2020-04-24 13:55:35,397 INFO Tail: mr:126.6 mrr:37.13 hits:58.41
2020-04-24 13:55:35,397 INFO All: mr:206.6 mrr:28.05 hits:46.34
2020-04-24 13:55:35,407 INFO Start Evaling...
2020-04-24 13:56:36,446 INFO Head: mr:300.6 mrr:18.79 hits:34.12
2020-04-24 13:56:36,447 INFO Tail: mr:137.8 mrr:36.80 hits:57.80
2020-04-24 13:56:36,447 INFO All: mr:219.2 mrr:27.80 hits:45.96
2020-04-24 13:56:36,465 INFO Improved and model saved
2020-04-24 13:57:53,027 INFO [76.6] Epoch 120: loss = 20.8003
2020-04-24 13:59:07,795 INFO [74.8] Epoch 121: loss = 20.8171
2020-04-24 14:00:23,132 INFO [75.3] Epoch 122: loss = 20.7551
2020-04-24 14:01:33,111 INFO [70.0] Epoch 123: loss = 20.8270
2020-04-24 14:02:50,703 INFO [77.6] Epoch 124: loss = 20.7587
2020-04-24 14:04:07,341 INFO [76.6] Epoch 125: loss = 20.7840
2020-04-24 14:05:19,542 INFO [72.2] Epoch 126: loss = 20.7588
2020-04-24 14:06:29,582 INFO [70.0] Epoch 127: loss = 20.7519
2020-04-24 14:07:46,502 INFO [76.9] Epoch 128: loss = 20.7798
2020-04-24 14:08:58,646 INFO [72.1] Epoch 129: loss = 20.7472
2020-04-24 14:08:58,647 INFO Start Evaling...
2020-04-24 14:09:55,373 INFO Head: mr:288.6 mrr:18.77 hits:34.33
2020-04-24 14:09:55,373 INFO Tail: mr:127.8 mrr:37.14 hits:57.89
2020-04-24 14:09:55,373 INFO All: mr:208.2 mrr:27.96 hits:46.11
2020-04-24 14:09:55,383 INFO Start Evaling...
2020-04-24 14:10:58,134 INFO Head: mr:303.1 mrr:18.78 hits:34.06
2020-04-24 14:10:58,135 INFO Tail: mr:137.8 mrr:36.74 hits:57.80
2020-04-24 14:10:58,135 INFO All: mr:220.4 mrr:27.76 hits:45.93
2020-04-24 14:10:58,151 INFO Declined in recent 1 epochs
2020-04-24 14:12:13,477 INFO [75.3] Epoch 130: loss = 20.7494
2020-04-24 14:13:29,884 INFO [76.4] Epoch 131: loss = 20.7204
2020-04-24 14:14:45,891 INFO [76.0] Epoch 132: loss = 20.6966
2020-04-24 14:15:59,261 INFO [73.4] Epoch 133: loss = 20.7183
2020-04-24 14:17:06,470 INFO [67.2] Epoch 134: loss = 20.7199
2020-04-24 14:18:14,359 INFO [67.9] Epoch 135: loss = 20.7185
2020-04-24 14:19:24,302 INFO [69.9] Epoch 136: loss = 20.7298
2020-04-24 14:20:39,981 INFO [75.7] Epoch 137: loss = 20.6946
2020-04-24 14:21:57,061 INFO [77.1] Epoch 138: loss = 20.6978
2020-04-24 14:23:08,694 INFO [71.6] Epoch 139: loss = 20.7032
2020-04-24 14:23:08,695 INFO Start Evaling...
2020-04-24 14:24:03,904 INFO Head: mr:288.2 mrr:18.76 hits:34.46
2020-04-24 14:24:03,904 INFO Tail: mr:127.6 mrr:37.49 hits:58.41
2020-04-24 14:24:03,904 INFO All: mr:207.9 mrr:28.13 hits:46.44
2020-04-24 14:24:03,916 INFO Start Evaling...
2020-04-24 14:25:05,912 INFO Head: mr:304.2 mrr:18.61 hits:34.24
2020-04-24 14:25:05,913 INFO Tail: mr:138.2 mrr:36.68 hits:57.96
2020-04-24 14:25:05,913 INFO All: mr:221.2 mrr:27.65 hits:46.10
2020-04-24 14:25:05,924 INFO Improved and model saved
2020-04-24 14:26:22,503 INFO [76.6] Epoch 140: loss = 20.6877
2020-04-24 14:27:34,548 INFO [72.0] Epoch 141: loss = 20.6606
2020-04-24 14:28:45,551 INFO [71.0] Epoch 142: loss = 20.6873
2020-04-24 14:29:58,341 INFO [72.8] Epoch 143: loss = 20.6866
2020-04-24 14:31:05,528 INFO [67.2] Epoch 144: loss = 20.6349
2020-04-24 14:32:19,441 INFO [73.9] Epoch 145: loss = 20.6741
2020-04-24 14:33:32,331 INFO [72.9] Epoch 146: loss = 20.6801
2020-04-24 14:34:42,007 INFO [69.7] Epoch 147: loss = 20.6663
2020-04-24 14:35:54,118 INFO [72.1] Epoch 148: loss = 20.6607
2020-04-24 14:37:09,521 INFO [75.4] Epoch 149: loss = 20.6277
2020-04-24 14:37:09,522 INFO Start Evaling...
2020-04-24 14:38:06,541 INFO Head: mr:285.8 mrr:18.77 hits:34.31
2020-04-24 14:38:06,541 INFO Tail: mr:128.3 mrr:37.49 hits:58.25
2020-04-24 14:38:06,541 INFO All: mr:207.1 mrr:28.13 hits:46.28
2020-04-24 14:38:06,555 INFO Start Evaling...
2020-04-24 14:39:12,264 INFO Head: mr:302.7 mrr:18.75 hits:34.04
2020-04-24 14:39:12,265 INFO Tail: mr:138.6 mrr:36.69 hits:57.87
2020-04-24 14:39:12,265 INFO All: mr:220.7 mrr:27.72 hits:45.95
2020-04-24 14:39:12,280 INFO Improved and model saved
2020-04-24 14:40:27,824 INFO [75.5] Epoch 150: loss = 20.6407
2020-04-24 14:41:41,101 INFO [73.3] Epoch 151: loss = 20.6353
2020-04-24 14:42:58,090 INFO [77.0] Epoch 152: loss = 20.6309
2020-04-24 14:44:14,962 INFO [76.9] Epoch 153: loss = 20.6061
2020-04-24 14:45:31,438 INFO [76.5] Epoch 154: loss = 20.6477
2020-04-24 14:46:46,627 INFO [75.2] Epoch 155: loss = 20.6130
2020-04-24 14:48:04,943 INFO [78.3] Epoch 156: loss = 20.6273
2020-04-24 14:49:20,940 INFO [76.0] Epoch 157: loss = 20.5943
2020-04-24 14:50:37,730 INFO [76.8] Epoch 158: loss = 20.6172
2020-04-24 14:51:51,546 INFO [73.8] Epoch 159: loss = 20.6146
2020-04-24 14:51:51,546 INFO Start Evaling...
2020-04-24 14:52:47,687 INFO Head: mr:285.8 mrr:18.61 hits:34.01
2020-04-24 14:52:47,688 INFO Tail: mr:128.8 mrr:37.60 hits:58.45
2020-04-24 14:52:47,688 INFO All: mr:207.3 mrr:28.11 hits:46.23
2020-04-24 14:52:47,711 INFO Start Evaling...
2020-04-24 14:53:48,859 INFO Head: mr:301.4 mrr:18.58 hits:33.93
2020-04-24 14:53:48,860 INFO Tail: mr:140.0 mrr:36.99 hits:57.94
2020-04-24 14:53:48,860 INFO All: mr:220.7 mrr:27.79 hits:45.93
2020-04-24 14:53:48,874 INFO Declined in recent 1 epochs
2020-04-24 14:55:03,080 INFO [74.2] Epoch 160: loss = 20.6214
2020-04-24 14:56:12,817 INFO [69.7] Epoch 161: loss = 20.6251
2020-04-24 14:57:29,373 INFO [76.6] Epoch 162: loss = 20.5997
2020-04-24 14:58:40,947 INFO [71.6] Epoch 163: loss = 20.5874
2020-04-24 14:59:47,767 INFO [66.8] Epoch 164: loss = 20.5744
2020-04-24 15:00:57,601 INFO [69.8] Epoch 165: loss = 20.6000
2020-04-24 15:02:05,672 INFO [68.1] Epoch 166: loss = 20.5777
2020-04-24 15:03:13,420 INFO [67.7] Epoch 167: loss = 20.5828
2020-04-24 15:04:20,563 INFO [67.1] Epoch 168: loss = 20.5686
2020-04-24 15:05:28,116 INFO [67.6] Epoch 169: loss = 20.5396
2020-04-24 15:05:28,116 INFO Start Evaling...
2020-04-24 15:06:21,979 INFO Head: mr:284.7 mrr:19.00 hits:34.46
2020-04-24 15:06:21,980 INFO Tail: mr:128.2 mrr:37.49 hits:58.31
2020-04-24 15:06:21,980 INFO All: mr:206.5 mrr:28.24 hits:46.38
2020-04-24 15:06:21,997 INFO Start Evaling...
2020-04-24 15:07:19,229 INFO Head: mr:305.5 mrr:18.73 hits:34.41
2020-04-24 15:07:19,230 INFO Tail: mr:139.1 mrr:36.56 hits:57.84
2020-04-24 15:07:19,230 INFO All: mr:222.3 mrr:27.65 hits:46.13
2020-04-24 15:07:19,240 INFO Improved and model saved
2020-04-24 15:08:29,797 INFO [70.5] Epoch 170: loss = 20.5507
2020-04-24 15:09:44,910 INFO [75.1] Epoch 171: loss = 20.5394
2020-04-24 15:11:01,578 INFO [76.7] Epoch 172: loss = 20.5728
2020-04-24 15:12:19,046 INFO [77.5] Epoch 173: loss = 20.5556
2020-04-24 15:13:30,756 INFO [71.7] Epoch 174: loss = 20.5688
2020-04-24 15:14:44,081 INFO [73.3] Epoch 175: loss = 20.5663
2020-04-24 15:15:56,876 INFO [72.8] Epoch 176: loss = 20.5448
2020-04-24 15:17:06,525 INFO [69.6] Epoch 177: loss = 20.5457
2020-04-24 15:18:15,536 INFO [69.0] Epoch 178: loss = 20.5427
2020-04-24 15:19:22,157 INFO [66.6] Epoch 179: loss = 20.5522
2020-04-24 15:19:22,158 INFO Start Evaling...
2020-04-24 15:20:16,656 INFO Head: mr:286.9 mrr:18.70 hits:33.98
2020-04-24 15:20:16,656 INFO Tail: mr:129.4 mrr:37.55 hits:58.37
2020-04-24 15:20:16,656 INFO All: mr:208.1 mrr:28.12 hits:46.18
2020-04-24 15:20:16,668 INFO Start Evaling...
2020-04-24 15:21:17,298 INFO Head: mr:305.2 mrr:18.63 hits:34.31
2020-04-24 15:21:17,298 INFO Tail: mr:139.4 mrr:36.79 hits:57.84
2020-04-24 15:21:17,298 INFO All: mr:222.3 mrr:27.71 hits:46.07
2020-04-24 15:21:17,311 INFO Declined in recent 1 epochs
2020-04-24 15:22:33,130 INFO [75.8] Epoch 180: loss = 20.5267
2020-04-24 15:23:40,535 INFO [67.4] Epoch 181: loss = 20.5072
2020-04-24 15:24:50,076 INFO [69.5] Epoch 182: loss = 20.5307
2020-04-24 15:26:06,886 INFO [76.8] Epoch 183: loss = 20.5176
2020-04-24 15:27:24,155 INFO [77.3] Epoch 184: loss = 20.5085
2020-04-24 15:28:36,540 INFO [72.4] Epoch 185: loss = 20.5333
2020-04-24 15:29:51,135 INFO [74.6] Epoch 186: loss = 20.5205
2020-04-24 15:30:59,224 INFO [68.1] Epoch 187: loss = 20.5082
2020-04-24 15:32:15,860 INFO [76.6] Epoch 188: loss = 20.4935
2020-04-24 15:33:27,132 INFO [71.3] Epoch 189: loss = 20.5151
2020-04-24 15:33:27,133 INFO Start Evaling...
2020-04-24 15:34:24,073 INFO Head: mr:285.5 mrr:18.62 hits:34.01
2020-04-24 15:34:24,074 INFO Tail: mr:130.1 mrr:37.44 hits:58.14
2020-04-24 15:34:24,074 INFO All: mr:207.8 mrr:28.03 hits:46.07
2020-04-24 15:34:24,090 INFO Start Evaling...
2020-04-24 15:35:24,967 INFO Head: mr:305.0 mrr:18.64 hits:34.08
2020-04-24 15:35:24,967 INFO Tail: mr:139.3 mrr:36.81 hits:57.80
2020-04-24 15:35:24,967 INFO All: mr:222.2 mrr:27.72 hits:45.94
2020-04-24 15:35:24,977 INFO Declined in recent 2 epochs
2020-04-24 15:36:36,358 INFO [71.4] Epoch 190: loss = 20.5167
2020-04-24 15:37:48,398 INFO [72.0] Epoch 191: loss = 20.4789
2020-04-24 15:38:58,206 INFO [69.8] Epoch 192: loss = 20.4867
2020-04-24 15:40:04,948 INFO [66.7] Epoch 193: loss = 20.4902
2020-04-24 15:41:13,096 INFO [68.1] Epoch 194: loss = 20.4757
2020-04-24 15:42:24,475 INFO [71.4] Epoch 195: loss = 20.5035
2020-04-24 15:43:39,232 INFO [74.8] Epoch 196: loss = 20.4910
2020-04-24 15:44:54,767 INFO [75.5] Epoch 197: loss = 20.4977
2020-04-24 15:46:10,167 INFO [75.4] Epoch 198: loss = 20.4851
2020-04-24 15:47:23,534 INFO [73.4] Epoch 199: loss = 20.4850
2020-04-24 15:47:23,534 INFO Start Evaling...
2020-04-24 15:48:16,819 INFO Head: mr:286.7 mrr:18.77 hits:34.41
2020-04-24 15:48:16,819 INFO Tail: mr:129.4 mrr:37.21 hits:58.22
2020-04-24 15:48:16,819 INFO All: mr:208.1 mrr:27.99 hits:46.31
2020-04-24 15:48:16,834 INFO Start Evaling...
2020-04-24 15:49:20,378 INFO Head: mr:304.4 mrr:18.88 hits:34.24
2020-04-24 15:49:20,379 INFO Tail: mr:139.2 mrr:36.63 hits:57.99
2020-04-24 15:49:20,379 INFO All: mr:221.8 mrr:27.76 hits:46.12
2020-04-24 15:49:20,389 INFO Declined in recent 3 epochs
2020-04-24 15:50:37,137 INFO [76.7] Epoch 200: loss = 20.4753
2020-04-24 15:51:53,370 INFO [76.2] Epoch 201: loss = 20.4701
2020-04-24 15:53:09,242 INFO [75.9] Epoch 202: loss = 20.4370
2020-04-24 15:54:25,638 INFO [76.4] Epoch 203: loss = 20.4695
2020-04-24 15:55:40,989 INFO [75.4] Epoch 204: loss = 20.4538
2020-04-24 15:56:58,098 INFO [77.1] Epoch 205: loss = 20.4516
2020-04-24 15:58:15,748 INFO [77.6] Epoch 206: loss = 20.4581
2020-04-24 15:59:32,540 INFO [76.8] Epoch 207: loss = 20.4301
2020-04-24 16:00:47,659 INFO [75.1] Epoch 208: loss = 20.4453
2020-04-24 16:02:04,369 INFO [76.7] Epoch 209: loss = 20.4338
2020-04-24 16:02:04,370 INFO Start Evaling...
2020-04-24 16:02:58,347 INFO Head: mr:288.1 mrr:18.99 hits:34.22
2020-04-24 16:02:58,347 INFO Tail: mr:130.9 mrr:37.37 hits:58.37
2020-04-24 16:02:58,348 INFO All: mr:209.5 mrr:28.18 hits:46.30
2020-04-24 16:02:58,357 INFO Start Evaling...
2020-04-24 16:04:01,321 INFO Head: mr:305.4 mrr:18.98 hits:34.30
2020-04-24 16:04:01,322 INFO Tail: mr:139.8 mrr:36.85 hits:57.79
2020-04-24 16:04:01,322 INFO All: mr:222.6 mrr:27.91 hits:46.04
2020-04-24 16:04:01,343 INFO Declined in recent 4 epochs
2020-04-24 16:05:17,532 INFO [76.2] Epoch 210: loss = 20.4413
2020-04-24 16:06:31,641 INFO [74.1] Epoch 211: loss = 20.4254
2020-04-24 16:07:48,135 INFO [76.5] Epoch 212: loss = 20.4414
2020-04-24 16:09:01,818 INFO [73.7] Epoch 213: loss = 20.4266
2020-04-24 16:10:19,760 INFO [77.9] Epoch 214: loss = 20.4251
2020-04-24 16:11:31,982 INFO [72.2] Epoch 215: loss = 20.4469
2020-04-24 16:12:42,771 INFO [70.8] Epoch 216: loss = 20.4366
2020-04-24 16:13:57,950 INFO [75.2] Epoch 217: loss = 20.4468
2020-04-24 16:15:13,094 INFO [75.1] Epoch 218: loss = 20.4204
2020-04-24 16:16:25,245 INFO [72.1] Epoch 219: loss = 20.4157
2020-04-24 16:16:25,246 INFO Start Evaling...
2020-04-24 16:17:20,284 INFO Head: mr:286.2 mrr:18.65 hits:34.09
2020-04-24 16:17:20,284 INFO Tail: mr:129.2 mrr:37.56 hits:58.56
2020-04-24 16:17:20,284 INFO All: mr:207.7 mrr:28.10 hits:46.32
2020-04-24 16:17:20,295 INFO Start Evaling...
2020-04-24 16:18:21,445 INFO Head: mr:302.4 mrr:18.45 hits:33.69
2020-04-24 16:18:21,446 INFO Tail: mr:139.1 mrr:36.88 hits:57.86
2020-04-24 16:18:21,446 INFO All: mr:220.8 mrr:27.67 hits:45.78
2020-04-24 16:18:21,462 INFO Declined in recent 5 epochs
2020-04-24 16:18:21,463 INFO Early stopping
2020-04-24 16:18:21,463 INFO Train done
2020-04-24 16:18:21,470 INFO Start Evaling...
2020-04-24 16:19:24,896 INFO Head: mr:305.5 mrr:18.73 hits:34.41
2020-04-24 16:19:24,897 INFO Tail: mr:139.1 mrr:36.56 hits:57.84
2020-04-24 16:19:24,897 INFO All: mr:222.3 mrr:27.65 hits:46.13
