2020-05-19 03:37:20,672 INFO EPOCH: 1000
2020-05-19 03:37:20,672 INFO EVERY: 10
2020-05-19 03:37:20,672 INFO LR: 0.001
2020-05-19 03:37:20,672 INFO DIM: 100
2020-05-19 03:37:20,672 INFO BATCH_SIZE: 256
2020-05-19 03:37:20,672 INFO BATCH_SIZE2: 256
2020-05-19 03:37:20,672 INFO P: 1
2020-05-19 03:37:20,673 INFO CLIPPING_MAX_VALUE: 4.0
2020-05-19 03:37:20,673 INFO OPTIM: Adam
2020-05-19 03:37:20,673 INFO N_SAMPLE: 12
2020-05-19 03:37:20,673 INFO MODE: grap
2020-05-19 03:37:20,673 INFO RATE: 0.1
2020-05-19 03:37:20,673 INFO GAMMA: 12.0
2020-05-19 03:37:20,673 INFO BERN: True
2020-05-19 03:37:20,673 INFO MARGIN: 4.0
2020-05-19 03:37:20,673 INFO REG: 1.0
2020-05-19 03:37:20,673 INFO LABEL_SMOOTH_EPS: 0.1
2020-05-19 03:37:20,673 INFO INPUT_DROP: 0.2
2020-05-19 03:37:20,674 INFO FEAT_DROP: 0.2
2020-05-19 03:37:20,674 INFO HIDD_DROP: 0.3
2020-05-19 03:37:20,674 INFO CHANNELS: 50
2020-05-19 03:37:20,674 INFO KERNEL_SIZE: 3
2020-05-19 03:37:20,674 INFO N_POOL: 100
2020-05-19 03:37:20,674 INFO MODEL_D: TransH
2020-05-19 03:37:20,674 INFO MODEL_G: DistMult
2020-05-19 03:37:20,674 INFO SCRATCH: False
2020-05-19 03:37:20,674 INFO D_FILE: None
2020-05-19 03:37:20,674 INFO G_FILE: None
2020-05-19 03:37:20,674 INFO PATH: data
2020-05-19 03:37:20,674 INFO DATA: FB15K237
2020-05-19 03:37:20,675 INFO EXP_PATH: experiment/FB15K237
2020-05-19 03:37:20,675 INFO MODEL: TransH
2020-05-19 03:37:20,675 INFO V: 12.1
2020-05-19 03:37:20,675 INFO F: True
2020-05-19 03:37:20,675 INFO EVAL: False
2020-05-19 03:37:20,675 INFO TRAINED: False
2020-05-19 03:37:20,675 INFO PRETRAINED_NAME: None
2020-05-19 03:37:20,675 INFO EXP_NAME: TransH-FB15K237-grap-12.1
2020-05-19 03:37:20,675 INFO --------------------------------------
2020-05-19 03:38:16,996 INFO Dataload done
2020-05-19 03:38:16,997 INFO --------------------------------------
2020-05-19 03:38:16,997 INFO N_ENTITY: 14541
2020-05-19 03:38:16,997 INFO N_RELATION: 237
2020-05-19 03:38:16,997 INFO --------------------------------------
2020-05-19 03:38:20,472 INFO Start Training...
2020-05-19 03:41:51,694 INFO [211.2] Epoch 0: loss = 207.3862
2020-05-19 03:45:31,260 INFO [219.6] Epoch 1: loss = 77.3110
2020-05-19 03:49:03,146 INFO [211.9] Epoch 2: loss = 50.6550
2020-05-19 03:52:34,540 INFO [211.4] Epoch 3: loss = 40.0254
2020-05-19 03:56:09,341 INFO [214.8] Epoch 4: loss = 34.2400
2020-05-19 03:59:44,227 INFO [214.9] Epoch 5: loss = 30.6984
2020-05-19 04:03:15,430 INFO [211.2] Epoch 6: loss = 28.4652
2020-05-19 04:06:50,674 INFO [215.2] Epoch 7: loss = 26.8096
2020-05-19 04:10:26,719 INFO [216.0] Epoch 8: loss = 25.7863
2020-05-19 04:14:01,747 INFO [215.0] Epoch 9: loss = 24.9402
2020-05-19 04:14:01,747 INFO Start Evaling...
2020-05-19 04:16:40,327 INFO Head: mr:339.2 mrr:15.95 hits:30.11
2020-05-19 04:16:40,327 INFO Tail: mr:148.8 mrr:33.93 hits:54.88
2020-05-19 04:16:40,327 INFO All: mr:244.0 mrr:24.94 hits:42.49
2020-05-19 04:16:40,339 INFO Start Evaling...
2020-05-19 04:19:42,206 INFO Head: mr:352.6 mrr:15.77 hits:29.67
2020-05-19 04:19:42,207 INFO Tail: mr:160.9 mrr:33.17 hits:54.07
2020-05-19 04:19:42,207 INFO All: mr:256.7 mrr:24.47 hits:41.87
2020-05-19 04:19:42,220 INFO Improved and model saved
2020-05-19 04:23:14,486 INFO [212.3] Epoch 10: loss = 24.0866
2020-05-19 04:26:50,879 INFO [216.4] Epoch 11: loss = 23.7287
2020-05-19 04:30:22,870 INFO [212.0] Epoch 12: loss = 23.1496
2020-05-19 04:33:54,627 INFO [211.8] Epoch 13: loss = 22.8554
2020-05-19 04:37:30,099 INFO [215.5] Epoch 14: loss = 22.5473
2020-05-19 04:41:05,389 INFO [215.3] Epoch 15: loss = 22.2096
2020-05-19 04:44:36,969 INFO [211.6] Epoch 16: loss = 21.9622
2020-05-19 04:48:08,590 INFO [211.6] Epoch 17: loss = 21.8679
2020-05-19 04:51:40,819 INFO [212.2] Epoch 18: loss = 21.6814
2020-05-19 04:55:16,132 INFO [215.3] Epoch 19: loss = 21.4533
2020-05-19 04:55:16,132 INFO Start Evaling...
2020-05-19 04:57:56,493 INFO Head: mr:308.3 mrr:17.10 hits:32.50
2020-05-19 04:57:56,494 INFO Tail: mr:128.7 mrr:34.99 hits:56.99
2020-05-19 04:57:56,494 INFO All: mr:218.5 mrr:26.04 hits:44.74
2020-05-19 04:57:56,506 INFO Start Evaling...
2020-05-19 05:01:00,368 INFO Head: mr:322.4 mrr:17.07 hits:32.36
2020-05-19 05:01:00,368 INFO Tail: mr:142.3 mrr:34.55 hits:56.23
2020-05-19 05:01:00,368 INFO All: mr:232.3 mrr:25.81 hits:44.30
2020-05-19 05:01:00,382 INFO Improved and model saved
