2020-05-22 11:18:38,717 INFO EPOCH: 1000
2020-05-22 11:18:38,718 INFO EVERY: 10
2020-05-22 11:18:38,718 INFO LR: 0.001
2020-05-22 11:18:38,718 INFO DIM: 100
2020-05-22 11:18:38,718 INFO BATCH_SIZE: 256
2020-05-22 11:18:38,718 INFO BATCH_SIZE2: 256
2020-05-22 11:18:38,718 INFO P: 1
2020-05-22 11:18:38,718 INFO CLIPPING_MAX_VALUE: 4.0
2020-05-22 11:18:38,718 INFO OPTIM: Adam
2020-05-22 11:18:38,718 INFO N_SAMPLE: 50
2020-05-22 11:18:38,718 INFO MODE: rand
2020-05-22 11:18:38,719 INFO RATE: 0.1
2020-05-22 11:18:38,719 INFO GAMMA: 12.0
2020-05-22 11:18:38,719 INFO BERN: True
2020-05-22 11:18:38,719 INFO MARGIN: 4.0
2020-05-22 11:18:38,719 INFO REG: 1.0
2020-05-22 11:18:38,719 INFO LABEL_SMOOTH_EPS: 0.1
2020-05-22 11:18:38,719 INFO INPUT_DROP: 0.2
2020-05-22 11:18:38,719 INFO FEAT_DROP: 0.2
2020-05-22 11:18:38,719 INFO HIDD_DROP: 0.3
2020-05-22 11:18:38,719 INFO CHANNELS: 50
2020-05-22 11:18:38,719 INFO KERNEL_SIZE: 3
2020-05-22 11:18:38,720 INFO N_POOL: 100
2020-05-22 11:18:38,720 INFO MODEL_D: TransH
2020-05-22 11:18:38,720 INFO MODEL_G: DistMult
2020-05-22 11:18:38,720 INFO SCRATCH: False
2020-05-22 11:18:38,720 INFO D_FILE: None
2020-05-22 11:18:38,720 INFO G_FILE: None
2020-05-22 11:18:38,720 INFO PATH: data
2020-05-22 11:18:38,720 INFO DATA: FB15K237
2020-05-22 11:18:38,720 INFO EXP_PATH: experiment/FB15K237
2020-05-22 11:18:38,720 INFO MODEL: TransH
2020-05-22 11:18:38,720 INFO V: 50.0
2020-05-22 11:18:38,721 INFO F: True
2020-05-22 11:18:38,721 INFO ADV: False
2020-05-22 11:18:38,721 INFO EVAL: False
2020-05-22 11:18:38,721 INFO TRAINED: False
2020-05-22 11:18:38,721 INFO PRETRAINED_NAME: None
2020-05-22 11:18:38,721 INFO EXP_NAME: TransH-FB15K237-rand-50.0
2020-05-22 11:18:38,721 INFO --------------------------------------
2020-05-22 11:18:46,099 INFO Dataload done
2020-05-22 11:18:46,100 INFO --------------------------------------
2020-05-22 11:18:46,100 INFO N_ENTITY: 14541
2020-05-22 11:18:46,100 INFO N_RELATION: 237
2020-05-22 11:18:46,100 INFO --------------------------------------
2020-05-22 11:18:49,564 INFO Start Training...
2020-05-22 11:19:56,470 INFO [66.9] Epoch 0: loss = 205.1413
2020-05-22 11:21:03,625 INFO [67.2] Epoch 1: loss = 70.1842
2020-05-22 11:22:12,045 INFO [68.4] Epoch 2: loss = 43.4411
2020-05-22 11:23:19,638 INFO [67.6] Epoch 3: loss = 32.9862
2020-05-22 11:24:26,928 INFO [67.3] Epoch 4: loss = 27.5034
2020-05-22 11:25:34,125 INFO [67.2] Epoch 5: loss = 24.3420
2020-05-22 11:26:41,808 INFO [67.7] Epoch 6: loss = 22.3920
2020-05-22 11:27:50,305 INFO [68.5] Epoch 7: loss = 21.0917
2020-05-22 11:28:57,385 INFO [67.1] Epoch 8: loss = 20.1231
2020-05-22 11:30:04,596 INFO [67.2] Epoch 9: loss = 19.4244
2020-05-22 11:30:04,596 INFO Start Evaling...
2020-05-22 11:32:42,027 INFO Head: mr:304.1 mrr:16.58 hits10:31.46 hits3:17.77 hits1:9.22
2020-05-22 11:32:42,027 INFO Tail: mr:132.9 mrr:34.74 hits10:56.21 hits3:39.70 hits1:23.80
2020-05-22 11:32:42,027 INFO All: mr:218.5 mrr:25.66 hits10:43.83 hits3:28.74 hits1:16.51
2020-05-22 11:32:42,039 INFO Start Evaling...
2020-05-22 11:35:42,713 INFO Head: mr:317.8 mrr:16.36 hits10:31.49 hits3:17.59 hits1:8.97
2020-05-22 11:35:42,713 INFO Tail: mr:145.8 mrr:34.16 hits10:55.42 hits3:39.18 hits1:23.16
2020-05-22 11:35:42,714 INFO All: mr:231.8 mrr:25.26 hits10:43.45 hits3:28.38 hits1:16.06
2020-05-22 11:35:42,726 INFO Improved and model saved
2020-05-22 11:36:50,048 INFO [67.3] Epoch 10: loss = 18.8711
2020-05-22 11:37:58,142 INFO [68.1] Epoch 11: loss = 18.4845
2020-05-22 11:39:05,947 INFO [67.8] Epoch 12: loss = 18.1407
2020-05-22 11:40:13,600 INFO [67.7] Epoch 13: loss = 17.8305
2020-05-22 11:41:20,809 INFO [67.2] Epoch 14: loss = 17.5590
2020-05-22 11:42:28,441 INFO [67.6] Epoch 15: loss = 17.3365
2020-05-22 11:43:36,328 INFO [67.9] Epoch 16: loss = 17.1423
2020-05-22 11:44:43,862 INFO [67.5] Epoch 17: loss = 17.0317
2020-05-22 11:45:51,297 INFO [67.4] Epoch 18: loss = 16.8217
2020-05-22 11:46:58,958 INFO [67.7] Epoch 19: loss = 16.7385
2020-05-22 11:46:58,959 INFO Start Evaling...
2020-05-22 11:49:36,494 INFO Head: mr:277.1 mrr:17.60 hits10:33.10 hits3:19.30 hits1:9.85
2020-05-22 11:49:36,494 INFO Tail: mr:121.0 mrr:36.21 hits10:57.93 hits3:40.96 hits1:25.42
2020-05-22 11:49:36,494 INFO All: mr:199.1 mrr:26.90 hits10:45.51 hits3:30.13 hits1:17.64
2020-05-22 11:49:36,506 INFO Start Evaling...
2020-05-22 11:52:37,162 INFO Head: mr:292.3 mrr:17.57 hits10:33.21 hits3:19.53 hits1:9.76
2020-05-22 11:52:37,162 INFO Tail: mr:133.4 mrr:35.64 hits10:56.98 hits3:40.37 hits1:24.82
2020-05-22 11:52:37,162 INFO All: mr:212.9 mrr:26.60 hits10:45.10 hits3:29.95 hits1:17.29
2020-05-22 11:52:37,176 INFO Improved and model saved
2020-05-22 11:53:45,952 INFO [68.8] Epoch 20: loss = 16.5661
2020-05-22 11:54:54,210 INFO [68.3] Epoch 21: loss = 16.4986
2020-05-22 11:56:01,689 INFO [67.5] Epoch 22: loss = 16.3782
2020-05-22 11:57:08,824 INFO [67.1] Epoch 23: loss = 16.3381
2020-05-22 11:58:16,340 INFO [67.5] Epoch 24: loss = 16.2478
2020-05-22 11:59:24,398 INFO [68.1] Epoch 25: loss = 16.1714
2020-05-22 12:00:31,628 INFO [67.2] Epoch 26: loss = 16.1014
2020-05-22 12:01:38,739 INFO [67.1] Epoch 27: loss = 16.0269
2020-05-22 12:02:46,332 INFO [67.6] Epoch 28: loss = 15.9588
2020-05-22 12:03:53,462 INFO [67.1] Epoch 29: loss = 15.8862
2020-05-22 12:03:53,462 INFO Start Evaling...
2020-05-22 12:06:32,449 INFO Head: mr:273.3 mrr:17.93 hits10:33.33 hits3:19.73 hits1:10.12
2020-05-22 12:06:32,450 INFO Tail: mr:119.8 mrr:36.67 hits10:58.27 hits3:41.31 hits1:25.83
2020-05-22 12:06:32,450 INFO All: mr:196.6 mrr:27.30 hits10:45.80 hits3:30.52 hits1:17.97
2020-05-22 12:06:32,463 INFO Start Evaling...
2020-05-22 12:09:35,174 INFO Head: mr:288.4 mrr:17.92 hits10:33.77 hits3:19.78 hits1:10.03
2020-05-22 12:09:35,175 INFO Tail: mr:130.9 mrr:36.36 hits10:57.60 hits3:41.16 hits1:25.52
2020-05-22 12:09:35,175 INFO All: mr:209.7 mrr:27.14 hits10:45.69 hits3:30.47 hits1:17.77
2020-05-22 12:09:35,189 INFO Improved and model saved
2020-05-22 12:10:43,468 INFO [68.3] Epoch 30: loss = 15.8648
2020-05-22 12:11:50,974 INFO [67.5] Epoch 31: loss = 15.8267
2020-05-22 12:12:58,029 INFO [67.1] Epoch 32: loss = 15.7772
2020-05-22 12:14:05,390 INFO [67.4] Epoch 33: loss = 15.6866
2020-05-22 12:15:13,500 INFO [68.1] Epoch 34: loss = 15.6759
2020-05-22 12:16:21,461 INFO [68.0] Epoch 35: loss = 15.6218
2020-05-22 12:17:28,881 INFO [67.4] Epoch 36: loss = 15.5853
2020-05-22 12:18:36,308 INFO [67.4] Epoch 37: loss = 15.5482
2020-05-22 12:19:43,775 INFO [67.5] Epoch 38: loss = 15.4828
2020-05-22 12:20:51,605 INFO [67.8] Epoch 39: loss = 15.4470
2020-05-22 12:20:51,606 INFO Start Evaling...
2020-05-22 12:23:30,569 INFO Head: mr:272.0 mrr:18.30 hits10:33.94 hits3:20.14 hits1:10.50
2020-05-22 12:23:30,569 INFO Tail: mr:119.0 mrr:37.01 hits10:58.72 hits3:41.56 hits1:26.27
2020-05-22 12:23:30,570 INFO All: mr:195.5 mrr:27.66 hits10:46.33 hits3:30.85 hits1:18.38
2020-05-22 12:23:30,583 INFO Start Evaling...
2020-05-22 12:26:32,931 INFO Head: mr:286.3 mrr:18.01 hits10:33.99 hits3:19.90 hits1:10.11
2020-05-22 12:26:32,931 INFO Tail: mr:127.6 mrr:36.49 hits10:58.12 hits3:41.20 hits1:25.69
2020-05-22 12:26:32,932 INFO All: mr:206.9 mrr:27.25 hits10:46.05 hits3:30.55 hits1:17.90
2020-05-22 12:26:32,946 INFO Improved and model saved
2020-05-22 12:27:40,714 INFO [67.8] Epoch 40: loss = 15.4541
2020-05-22 12:28:48,768 INFO [68.1] Epoch 41: loss = 15.4087
2020-05-22 12:29:55,521 INFO [66.8] Epoch 42: loss = 15.3312
2020-05-22 12:31:02,793 INFO [67.3] Epoch 43: loss = 15.3343
2020-05-22 12:32:09,629 INFO [66.8] Epoch 44: loss = 15.3483
2020-05-22 12:33:17,215 INFO [67.6] Epoch 45: loss = 15.2980
2020-05-22 12:34:24,038 INFO [66.8] Epoch 46: loss = 15.2638
2020-05-22 12:35:31,401 INFO [67.4] Epoch 47: loss = 15.2410
2020-05-22 12:36:38,374 INFO [67.0] Epoch 48: loss = 15.2112
2020-05-22 12:37:45,460 INFO [67.1] Epoch 49: loss = 15.1743
2020-05-22 12:37:45,460 INFO Start Evaling...
2020-05-22 12:40:22,604 INFO Head: mr:269.7 mrr:18.18 hits10:33.97 hits3:19.90 hits1:10.31
2020-05-22 12:40:22,604 INFO Tail: mr:117.7 mrr:37.44 hits10:58.97 hits3:42.36 hits1:26.59
2020-05-22 12:40:22,604 INFO All: mr:193.7 mrr:27.81 hits10:46.47 hits3:31.13 hits1:18.45
2020-05-22 12:40:22,616 INFO Start Evaling...
2020-05-22 12:43:23,120 INFO Head: mr:284.4 mrr:18.08 hits10:34.33 hits3:20.30 hits1:9.98
2020-05-22 12:43:23,120 INFO Tail: mr:127.3 mrr:36.98 hits10:58.48 hits3:41.75 hits1:26.17
2020-05-22 12:43:23,120 INFO All: mr:205.9 mrr:27.53 hits10:46.41 hits3:31.02 hits1:18.08
2020-05-22 12:43:23,133 INFO Improved and model saved
2020-05-22 12:44:30,683 INFO [67.5] Epoch 50: loss = 15.1565
2020-05-22 12:45:37,667 INFO [67.0] Epoch 51: loss = 15.1573
2020-05-22 12:46:44,433 INFO [66.8] Epoch 52: loss = 15.1285
2020-05-22 12:47:51,529 INFO [67.1] Epoch 53: loss = 15.1145
2020-05-22 12:48:59,292 INFO [67.8] Epoch 54: loss = 15.1321
2020-05-22 12:50:06,517 INFO [67.2] Epoch 55: loss = 15.0796
2020-05-22 12:51:13,662 INFO [67.1] Epoch 56: loss = 15.1331
2020-05-22 12:52:20,939 INFO [67.3] Epoch 57: loss = 15.0350
2020-05-22 12:53:27,639 INFO [66.7] Epoch 58: loss = 15.0065
2020-05-22 12:54:34,944 INFO [67.3] Epoch 59: loss = 15.0172
2020-05-22 12:54:34,944 INFO Start Evaling...
2020-05-22 12:57:13,886 INFO Head: mr:269.3 mrr:18.28 hits10:33.99 hits3:20.06 hits1:10.33
2020-05-22 12:57:13,887 INFO Tail: mr:118.0 mrr:37.32 hits10:59.34 hits3:42.07 hits1:26.46
2020-05-22 12:57:13,887 INFO All: mr:193.7 mrr:27.80 hits10:46.67 hits3:31.07 hits1:18.39
2020-05-22 12:57:13,899 INFO Start Evaling...
2020-05-22 13:00:16,494 INFO Head: mr:283.0 mrr:17.86 hits10:33.93 hits3:19.80 hits1:9.81
2020-05-22 13:00:16,495 INFO Tail: mr:128.5 mrr:36.94 hits10:58.40 hits3:41.93 hits1:26.01
2020-05-22 13:00:16,495 INFO All: mr:205.7 mrr:27.40 hits10:46.16 hits3:30.87 hits1:17.91
2020-05-22 13:00:16,508 INFO Declined in recent 1 epochs
2020-05-22 13:01:24,737 INFO [68.2] Epoch 60: loss = 15.0139
2020-05-22 13:02:31,932 INFO [67.2] Epoch 61: loss = 14.9465
2020-05-22 13:03:39,772 INFO [67.8] Epoch 62: loss = 14.9499
2020-05-22 13:04:47,176 INFO [67.4] Epoch 63: loss = 14.9532
2020-05-22 13:05:54,258 INFO [67.1] Epoch 64: loss = 14.9234
2020-05-22 13:07:01,673 INFO [67.4] Epoch 65: loss = 14.9111
2020-05-22 13:08:09,269 INFO [67.6] Epoch 66: loss = 14.8968
2020-05-22 13:09:17,666 INFO [68.4] Epoch 67: loss = 14.8580
2020-05-22 13:10:25,126 INFO [67.5] Epoch 68: loss = 14.8576
2020-05-22 13:11:32,532 INFO [67.4] Epoch 69: loss = 14.8578
2020-05-22 13:11:32,532 INFO Start Evaling...
2020-05-22 13:14:11,434 INFO Head: mr:269.5 mrr:18.45 hits10:34.45 hits3:20.19 hits1:10.48
2020-05-22 13:14:11,434 INFO Tail: mr:118.3 mrr:37.46 hits10:59.22 hits3:42.45 hits1:26.42
2020-05-22 13:14:11,435 INFO All: mr:193.9 mrr:27.95 hits10:46.83 hits3:31.32 hits1:18.45
2020-05-22 13:14:11,447 INFO Start Evaling...
2020-05-22 13:17:13,975 INFO Head: mr:283.7 mrr:18.16 hits10:34.30 hits3:20.18 hits1:10.11
2020-05-22 13:17:13,976 INFO Tail: mr:126.9 mrr:36.86 hits10:58.72 hits3:41.92 hits1:25.83
2020-05-22 13:17:13,976 INFO All: mr:205.3 mrr:27.51 hits10:46.51 hits3:31.05 hits1:17.97
2020-05-22 13:17:13,989 INFO Improved and model saved
2020-05-22 13:18:21,248 INFO [67.2] Epoch 70: loss = 14.8615
2020-05-22 13:19:28,975 INFO [67.7] Epoch 71: loss = 14.8256
2020-05-22 13:20:37,494 INFO [68.5] Epoch 72: loss = 14.8110
2020-05-22 13:21:44,842 INFO [67.3] Epoch 73: loss = 14.7909
2020-05-22 13:22:51,717 INFO [66.9] Epoch 74: loss = 14.8024
2020-05-22 13:23:59,446 INFO [67.7] Epoch 75: loss = 14.7897
2020-05-22 13:25:07,808 INFO [68.4] Epoch 76: loss = 14.7615
2020-05-22 13:26:15,520 INFO [67.7] Epoch 77: loss = 14.7456
2020-05-22 13:27:22,418 INFO [66.9] Epoch 78: loss = 14.7495
2020-05-22 13:28:29,372 INFO [67.0] Epoch 79: loss = 14.7395
2020-05-22 13:28:29,373 INFO Start Evaling...
2020-05-22 13:31:08,563 INFO Head: mr:269.3 mrr:18.30 hits10:34.37 hits3:20.07 hits1:10.28
2020-05-22 13:31:08,563 INFO Tail: mr:118.1 mrr:37.25 hits10:58.93 hits3:41.88 hits1:26.47
2020-05-22 13:31:08,563 INFO All: mr:193.7 mrr:27.78 hits10:46.65 hits3:30.97 hits1:18.37
2020-05-22 13:31:08,576 INFO Start Evaling...
2020-05-22 13:34:11,160 INFO Head: mr:283.9 mrr:18.14 hits10:33.98 hits3:19.91 hits1:10.22
2020-05-22 13:34:11,160 INFO Tail: mr:128.3 mrr:36.66 hits10:58.48 hits3:41.37 hits1:25.71
2020-05-22 13:34:11,161 INFO All: mr:206.1 mrr:27.40 hits10:46.23 hits3:30.64 hits1:17.96
2020-05-22 13:34:11,175 INFO Declined in recent 1 epochs
2020-05-22 13:35:18,998 INFO [67.8] Epoch 80: loss = 14.6987
2020-05-22 13:36:26,271 INFO [67.3] Epoch 81: loss = 14.7128
2020-05-22 13:37:33,492 INFO [67.2] Epoch 82: loss = 14.7182
2020-05-22 13:38:41,303 INFO [67.8] Epoch 83: loss = 14.6982
2020-05-22 13:39:48,443 INFO [67.1] Epoch 84: loss = 14.6734
2020-05-22 13:40:56,156 INFO [67.7] Epoch 85: loss = 14.6219
2020-05-22 13:42:04,368 INFO [68.2] Epoch 86: loss = 14.6966
2020-05-22 13:43:11,994 INFO [67.6] Epoch 87: loss = 14.6647
2020-05-22 13:44:19,084 INFO [67.1] Epoch 88: loss = 14.6202
2020-05-22 13:45:26,157 INFO [67.1] Epoch 89: loss = 14.6197
2020-05-22 13:45:26,158 INFO Start Evaling...
2020-05-22 13:48:05,134 INFO Head: mr:269.9 mrr:18.13 hits10:34.58 hits3:19.99 hits1:10.01
2020-05-22 13:48:05,134 INFO Tail: mr:118.6 mrr:37.26 hits10:58.99 hits3:42.00 hits1:26.44
2020-05-22 13:48:05,135 INFO All: mr:194.3 mrr:27.69 hits10:46.78 hits3:31.00 hits1:18.23
2020-05-22 13:48:05,148 INFO Start Evaling...
2020-05-22 13:51:07,792 INFO Head: mr:282.9 mrr:18.01 hits10:34.12 hits3:19.86 hits1:10.01
2020-05-22 13:51:07,792 INFO Tail: mr:127.5 mrr:36.85 hits10:58.58 hits3:41.88 hits1:25.80
2020-05-22 13:51:07,792 INFO All: mr:205.2 mrr:27.43 hits10:46.35 hits3:30.87 hits1:17.90
2020-05-22 13:51:07,807 INFO Declined in recent 2 epochs
2020-05-22 13:52:15,493 INFO [67.7] Epoch 90: loss = 14.6475
2020-05-22 13:53:22,356 INFO [66.9] Epoch 91: loss = 14.5940
2020-05-22 13:54:29,384 INFO [67.0] Epoch 92: loss = 14.6051
2020-05-22 13:55:36,804 INFO [67.4] Epoch 93: loss = 14.5695
2020-05-22 13:56:44,610 INFO [67.8] Epoch 94: loss = 14.6037
2020-05-22 13:57:51,882 INFO [67.3] Epoch 95: loss = 14.5665
2020-05-22 13:58:59,255 INFO [67.4] Epoch 96: loss = 14.5839
2020-05-22 14:00:06,567 INFO [67.3] Epoch 97: loss = 14.6210
2020-05-22 14:01:13,550 INFO [67.0] Epoch 98: loss = 14.5904
2020-05-22 14:02:20,703 INFO [67.2] Epoch 99: loss = 14.5494
2020-05-22 14:02:20,703 INFO Start Evaling...
2020-05-22 14:04:59,864 INFO Head: mr:271.0 mrr:18.29 hits10:34.57 hits3:20.30 hits1:10.13
2020-05-22 14:04:59,864 INFO Tail: mr:118.3 mrr:37.51 hits10:59.12 hits3:42.28 hits1:26.64
2020-05-22 14:04:59,865 INFO All: mr:194.7 mrr:27.90 hits10:46.84 hits3:31.29 hits1:18.39
2020-05-22 14:04:59,878 INFO Start Evaling...
2020-05-22 14:08:02,577 INFO Head: mr:285.5 mrr:18.17 hits10:34.07 hits3:20.31 hits1:10.08
2020-05-22 14:08:02,577 INFO Tail: mr:129.4 mrr:36.92 hits10:58.94 hits3:41.75 hits1:25.90
2020-05-22 14:08:02,577 INFO All: mr:207.4 mrr:27.54 hits10:46.51 hits3:31.03 hits1:17.99
2020-05-22 14:08:02,592 INFO Declined in recent 3 epochs
2020-05-22 14:09:10,698 INFO [68.1] Epoch 100: loss = 14.5524
2020-05-22 14:10:17,984 INFO [67.3] Epoch 101: loss = 14.5656
2020-05-22 14:11:25,130 INFO [67.1] Epoch 102: loss = 14.5441
2020-05-22 14:12:32,214 INFO [67.1] Epoch 103: loss = 14.5519
2020-05-22 14:13:39,704 INFO [67.5] Epoch 104: loss = 14.5221
2020-05-22 14:14:47,368 INFO [67.7] Epoch 105: loss = 14.4992
2020-05-22 14:15:54,126 INFO [66.8] Epoch 106: loss = 14.4483
2020-05-22 14:17:01,628 INFO [67.5] Epoch 107: loss = 14.4863
2020-05-22 14:18:09,104 INFO [67.5] Epoch 108: loss = 14.5058
2020-05-22 14:19:16,539 INFO [67.4] Epoch 109: loss = 14.4982
2020-05-22 14:19:16,540 INFO Start Evaling...
2020-05-22 14:21:55,580 INFO Head: mr:271.6 mrr:18.63 hits10:34.75 hits3:20.62 hits1:10.56
2020-05-22 14:21:55,580 INFO Tail: mr:116.9 mrr:37.76 hits10:59.16 hits3:42.28 hits1:27.13
2020-05-22 14:21:55,580 INFO All: mr:194.3 mrr:28.19 hits10:46.95 hits3:31.45 hits1:18.85
2020-05-22 14:21:55,593 INFO Start Evaling...
2020-05-22 14:24:58,149 INFO Head: mr:285.5 mrr:18.27 hits10:34.25 hits3:20.33 hits1:10.17
2020-05-22 14:24:58,149 INFO Tail: mr:128.3 mrr:37.09 hits10:58.64 hits3:41.63 hits1:26.32
2020-05-22 14:24:58,149 INFO All: mr:206.9 mrr:27.68 hits10:46.44 hits3:30.98 hits1:18.24
2020-05-22 14:24:58,163 INFO Improved and model saved
2020-05-22 14:26:05,281 INFO [67.1] Epoch 110: loss = 14.4804
2020-05-22 14:27:12,650 INFO [67.4] Epoch 111: loss = 14.5136
2020-05-22 14:28:20,798 INFO [68.1] Epoch 112: loss = 14.4511
2020-05-22 14:29:27,953 INFO [67.2] Epoch 113: loss = 14.4691
2020-05-22 14:30:35,036 INFO [67.1] Epoch 114: loss = 14.4245
2020-05-22 14:31:42,204 INFO [67.2] Epoch 115: loss = 14.4269
2020-05-22 14:32:50,589 INFO [68.4] Epoch 116: loss = 14.4451
2020-05-22 14:33:57,625 INFO [67.0] Epoch 117: loss = 14.4436
2020-05-22 14:35:04,864 INFO [67.2] Epoch 118: loss = 14.4315
2020-05-22 14:36:12,079 INFO [67.2] Epoch 119: loss = 14.3927
2020-05-22 14:36:12,079 INFO Start Evaling...
2020-05-22 14:38:51,346 INFO Head: mr:274.7 mrr:18.42 hits10:34.38 hits3:20.47 hits1:10.31
2020-05-22 14:38:51,346 INFO Tail: mr:119.1 mrr:37.36 hits10:59.10 hits3:42.05 hits1:26.58
2020-05-22 14:38:51,346 INFO All: mr:196.9 mrr:27.89 hits10:46.74 hits3:31.26 hits1:18.45
2020-05-22 14:38:51,360 INFO Start Evaling...
2020-05-22 14:41:54,389 INFO Head: mr:288.3 mrr:18.23 hits10:34.45 hits3:20.30 hits1:10.10
2020-05-22 14:41:54,389 INFO Tail: mr:128.6 mrr:36.98 hits10:58.57 hits3:41.61 hits1:26.16
2020-05-22 14:41:54,390 INFO All: mr:208.5 mrr:27.61 hits10:46.51 hits3:30.95 hits1:18.13
2020-05-22 14:41:54,405 INFO Declined in recent 1 epochs
2020-05-22 14:43:01,924 INFO [67.5] Epoch 120: loss = 14.4059
2020-05-22 14:44:09,455 INFO [67.5] Epoch 121: loss = 14.4129
2020-05-22 14:45:17,923 INFO [68.5] Epoch 122: loss = 14.3931
2020-05-22 14:46:25,534 INFO [67.6] Epoch 123: loss = 14.3944
2020-05-22 14:47:32,862 INFO [67.3] Epoch 124: loss = 14.3888
2020-05-22 14:48:39,991 INFO [67.1] Epoch 125: loss = 14.3689
2020-05-22 14:49:47,349 INFO [67.4] Epoch 126: loss = 14.3883
2020-05-22 14:50:54,946 INFO [67.6] Epoch 127: loss = 14.3807
2020-05-22 14:52:02,255 INFO [67.3] Epoch 128: loss = 14.3999
2020-05-22 14:53:10,095 INFO [67.8] Epoch 129: loss = 14.3586
2020-05-22 14:53:10,096 INFO Start Evaling...
2020-05-22 14:55:49,054 INFO Head: mr:272.2 mrr:18.48 hits10:34.79 hits3:20.54 hits1:10.37
2020-05-22 14:55:49,054 INFO Tail: mr:118.1 mrr:37.39 hits10:59.09 hits3:41.99 hits1:26.72
2020-05-22 14:55:49,054 INFO All: mr:195.1 mrr:27.93 hits10:46.94 hits3:31.27 hits1:18.54
2020-05-22 14:55:49,068 INFO Start Evaling...
2020-05-22 14:58:51,792 INFO Head: mr:285.6 mrr:18.30 hits10:34.55 hits3:20.51 hits1:10.13
2020-05-22 14:58:51,792 INFO Tail: mr:129.7 mrr:36.75 hits10:58.62 hits3:41.54 hits1:25.77
2020-05-22 14:58:51,792 INFO All: mr:207.7 mrr:27.52 hits10:46.59 hits3:31.02 hits1:17.95
2020-05-22 14:58:51,807 INFO Declined in recent 2 epochs
2020-05-22 14:59:59,268 INFO [67.5] Epoch 130: loss = 14.3632
2020-05-22 15:01:06,459 INFO [67.2] Epoch 131: loss = 14.3569
2020-05-22 15:02:13,653 INFO [67.2] Epoch 132: loss = 14.3409
2020-05-22 15:03:21,599 INFO [67.9] Epoch 133: loss = 14.3393
2020-05-22 15:04:29,048 INFO [67.4] Epoch 134: loss = 14.3260
2020-05-22 15:05:36,725 INFO [67.7] Epoch 135: loss = 14.3481
2020-05-22 15:06:44,045 INFO [67.3] Epoch 136: loss = 14.3114
2020-05-22 15:07:51,059 INFO [67.0] Epoch 137: loss = 14.3275
2020-05-22 15:08:58,686 INFO [67.6] Epoch 138: loss = 14.3257
2020-05-22 15:10:05,951 INFO [67.3] Epoch 139: loss = 14.3441
2020-05-22 15:10:05,951 INFO Start Evaling...
2020-05-22 15:12:44,925 INFO Head: mr:270.4 mrr:18.58 hits10:34.43 hits3:20.64 hits1:10.50
2020-05-22 15:12:44,925 INFO Tail: mr:119.0 mrr:37.55 hits10:59.13 hits3:42.29 hits1:26.72
2020-05-22 15:12:44,925 INFO All: mr:194.7 mrr:28.06 hits10:46.78 hits3:31.47 hits1:18.61
2020-05-22 15:12:44,939 INFO Start Evaling...
2020-05-22 15:15:47,589 INFO Head: mr:287.4 mrr:18.35 hits10:34.14 hits3:20.48 hits1:10.37
2020-05-22 15:15:47,589 INFO Tail: mr:129.0 mrr:36.95 hits10:58.61 hits3:41.73 hits1:26.16
2020-05-22 15:15:47,589 INFO All: mr:208.2 mrr:27.65 hits10:46.37 hits3:31.11 hits1:18.26
2020-05-22 15:15:47,604 INFO Declined in recent 3 epochs
2020-05-22 15:16:56,121 INFO [68.5] Epoch 140: loss = 14.2801
2020-05-22 15:18:03,389 INFO [67.3] Epoch 141: loss = 14.3210
2020-05-22 15:19:10,428 INFO [67.0] Epoch 142: loss = 14.3257
2020-05-22 15:20:18,074 INFO [67.6] Epoch 143: loss = 14.3028
2020-05-22 15:21:26,791 INFO [68.7] Epoch 144: loss = 14.3214
2020-05-22 15:22:34,212 INFO [67.4] Epoch 145: loss = 14.2624
2020-05-22 15:23:41,190 INFO [67.0] Epoch 146: loss = 14.3028
2020-05-22 15:24:48,716 INFO [67.5] Epoch 147: loss = 14.2996
2020-05-22 15:25:56,378 INFO [67.7] Epoch 148: loss = 14.2949
2020-05-22 15:27:04,054 INFO [67.7] Epoch 149: loss = 14.3138
2020-05-22 15:27:04,054 INFO Start Evaling...
2020-05-22 15:29:42,998 INFO Head: mr:272.8 mrr:18.51 hits10:34.70 hits3:20.48 hits1:10.48
2020-05-22 15:29:42,998 INFO Tail: mr:120.1 mrr:37.42 hits10:59.32 hits3:42.36 hits1:26.53
2020-05-22 15:29:42,998 INFO All: mr:196.4 mrr:27.96 hits10:47.01 hits3:31.42 hits1:18.51
2020-05-22 15:29:43,012 INFO Start Evaling...
2020-05-22 15:32:45,606 INFO Head: mr:286.6 mrr:18.27 hits10:34.45 hits3:20.31 hits1:10.22
2020-05-22 15:32:45,606 INFO Tail: mr:129.8 mrr:36.99 hits10:58.62 hits3:41.58 hits1:26.20
2020-05-22 15:32:45,606 INFO All: mr:208.2 mrr:27.63 hits10:46.54 hits3:30.95 hits1:18.21
2020-05-22 15:32:45,621 INFO Declined in recent 4 epochs
2020-05-22 15:33:53,457 INFO [67.8] Epoch 150: loss = 14.2684
2020-05-22 15:35:01,043 INFO [67.6] Epoch 151: loss = 14.3088
2020-05-22 15:36:08,594 INFO [67.6] Epoch 152: loss = 14.2227
2020-05-22 15:37:16,207 INFO [67.6] Epoch 153: loss = 14.2322
2020-05-22 15:38:24,256 INFO [68.0] Epoch 154: loss = 14.2246
2020-05-22 15:39:32,233 INFO [68.0] Epoch 155: loss = 14.2327
2020-05-22 15:40:39,523 INFO [67.3] Epoch 156: loss = 14.2732
2020-05-22 15:41:47,106 INFO [67.6] Epoch 157: loss = 14.2362
2020-05-22 15:42:54,027 INFO [66.9] Epoch 158: loss = 14.2827
2020-05-22 15:44:01,934 INFO [67.9] Epoch 159: loss = 14.2373
2020-05-22 15:44:01,934 INFO Start Evaling...
2020-05-22 15:46:39,517 INFO Head: mr:273.0 mrr:18.65 hits10:34.79 hits3:20.63 hits1:10.72
2020-05-22 15:46:39,517 INFO Tail: mr:120.3 mrr:37.55 hits10:58.98 hits3:41.89 hits1:26.92
2020-05-22 15:46:39,517 INFO All: mr:196.6 mrr:28.10 hits10:46.89 hits3:31.26 hits1:18.82
2020-05-22 15:46:39,531 INFO Start Evaling...
2020-05-22 15:49:40,451 INFO Head: mr:289.6 mrr:18.33 hits10:34.03 hits3:20.53 hits1:10.33
2020-05-22 15:49:40,452 INFO Tail: mr:132.1 mrr:36.83 hits10:58.58 hits3:41.44 hits1:25.94
2020-05-22 15:49:40,452 INFO All: mr:210.9 mrr:27.58 hits10:46.30 hits3:30.99 hits1:18.13
2020-05-22 15:49:40,466 INFO Declined in recent 5 epochs
2020-05-22 15:49:40,467 INFO Early stopping
2020-05-22 15:49:40,467 INFO Train done
2020-05-22 15:49:40,472 INFO Start Evaling...
2020-05-22 15:52:41,336 INFO Head: mr:285.5 mrr:18.27 hits10:34.25 hits3:20.33 hits1:10.17
2020-05-22 15:52:41,336 INFO Tail: mr:128.3 mrr:37.09 hits10:58.64 hits3:41.63 hits1:26.32
2020-05-22 15:52:41,336 INFO All: mr:206.9 mrr:27.68 hits10:46.44 hits3:30.98 hits1:18.24
