2020-03-30 11:13:58,145 INFO EPOCH: 1000
2020-03-30 11:13:58,145 INFO EVERY: 10
2020-03-30 11:13:58,145 INFO LR: 0.002
2020-03-30 11:13:58,145 INFO DIM: 100
2020-03-30 11:13:58,145 INFO BATCH_SIZE: 256
2020-03-30 11:13:58,145 INFO BATCH_SIZE2: 256
2020-03-30 11:13:58,145 INFO P: 1
2020-03-30 11:13:58,145 INFO CLIPPING_MAX_VALUE: 4.0
2020-03-30 11:13:58,145 INFO OPTIM: Adam
2020-03-30 11:13:58,145 INFO N_SAMPLE: 20
2020-03-30 11:13:58,145 INFO MODE: rela
2020-03-30 11:13:58,145 INFO GAMMA: 12.0
2020-03-30 11:13:58,146 INFO BERN: True
2020-03-30 11:13:58,146 INFO MARGIN: 4.0
2020-03-30 11:13:58,146 INFO REG: 1.0
2020-03-30 11:13:58,146 INFO LABEL_SMOOTH_EPS: 0.1
2020-03-30 11:13:58,146 INFO INPUT_DROP: 0.2
2020-03-30 11:13:58,146 INFO FEAT_DROP: 0.2
2020-03-30 11:13:58,146 INFO HIDD_DROP: 0.3
2020-03-30 11:13:58,146 INFO CHANNELS: 50
2020-03-30 11:13:58,146 INFO KERNEL_SIZE: 3
2020-03-30 11:13:58,146 INFO N_POOL: 100
2020-03-30 11:13:58,146 INFO MODEL_D: TransH
2020-03-30 11:13:58,146 INFO MODEL_G: DistMult
2020-03-30 11:13:58,146 INFO D_FILE: None
2020-03-30 11:13:58,146 INFO G_FILE: None
2020-03-30 11:13:58,146 INFO PATH: data
2020-03-30 11:13:58,146 INFO DATA: FB15K237
2020-03-30 11:13:58,146 INFO EXP_PATH: experiment/FB15K237
2020-03-30 11:13:58,146 INFO MODEL: TransH
2020-03-30 11:13:58,146 INFO V: 0
2020-03-30 11:13:58,146 INFO F: False
2020-03-30 11:13:58,146 INFO EVAL: False
2020-03-30 11:13:58,146 INFO TRAINED: True
2020-03-30 11:13:58,146 INFO PRETRAINED_NAME: None
2020-03-30 11:13:58,146 INFO EXP_NAME: TransH-FB15K237-rela-0
2020-03-30 11:13:58,146 INFO --------------------------------------
2020-03-30 11:14:02,830 INFO Dataload done
2020-03-30 11:14:02,830 INFO --------------------------------------
2020-03-30 11:14:02,830 INFO N_ENTITY: 14541
2020-03-30 11:14:02,830 INFO N_RELATION: 237
2020-03-30 11:14:02,830 INFO --------------------------------------
2020-03-30 11:14:05,092 INFO Start Training...
2020-03-30 11:15:34,866 INFO [89.8] Epoch 0: loss = 6.6424
2020-03-30 11:17:10,974 INFO [96.1] Epoch 1: loss = 5.4534
2020-03-30 11:18:35,998 INFO [85.0] Epoch 2: loss = 5.1240
2020-03-30 11:20:06,637 INFO [90.6] Epoch 3: loss = 5.0044
2020-03-30 11:21:39,940 INFO [93.3] Epoch 4: loss = 4.9018
2020-03-30 11:23:11,063 INFO [91.1] Epoch 5: loss = 4.8171
2020-03-30 11:24:36,379 INFO [85.3] Epoch 6: loss = 4.7845
2020-03-30 11:26:03,275 INFO [86.9] Epoch 7: loss = 4.7266
2020-03-30 11:27:33,915 INFO [90.6] Epoch 8: loss = 4.7256
2020-03-30 11:28:59,668 INFO [85.8] Epoch 9: loss = 4.7103
2020-03-30 11:28:59,669 INFO Start Evaling...
2020-03-30 11:29:31,141 INFO Head: mr:366.9 mrr:12.94 hits:24.83
2020-03-30 11:29:31,141 INFO Tail: mr:171.3 mrr:30.83 hits:50.29
2020-03-30 11:29:31,141 INFO All: mr:269.1 mrr:21.88 hits:37.56
2020-03-30 11:29:31,160 INFO Improved and model saved
2020-03-30 11:30:51,968 INFO [80.8] Epoch 10: loss = 4.6570
2020-03-30 11:32:18,231 INFO [86.3] Epoch 11: loss = 4.6136
2020-03-30 11:33:43,516 INFO [85.3] Epoch 12: loss = 4.5783
2020-03-30 11:35:11,154 INFO [87.6] Epoch 13: loss = 4.5853
2020-03-30 11:36:39,600 INFO [88.4] Epoch 14: loss = 4.5393
2020-03-30 11:37:58,861 INFO [79.3] Epoch 15: loss = 4.5150
2020-03-30 11:39:21,919 INFO [83.1] Epoch 16: loss = 4.5341
2020-03-30 11:40:50,060 INFO [88.1] Epoch 17: loss = 4.4831
2020-03-30 11:42:12,825 INFO [82.8] Epoch 18: loss = 4.4590
2020-03-30 11:43:37,020 INFO [84.2] Epoch 19: loss = 4.4568
2020-03-30 11:43:37,020 INFO Start Evaling...
2020-03-30 11:44:10,696 INFO Head: mr:379.6 mrr:12.75 hits:24.24
2020-03-30 11:44:10,696 INFO Tail: mr:176.3 mrr:30.33 hits:49.35
2020-03-30 11:44:10,696 INFO All: mr:277.9 mrr:21.54 hits:36.80
2020-03-30 11:44:10,709 INFO Declined in recent 1 epochs
2020-03-30 11:45:41,358 INFO [90.6] Epoch 20: loss = 4.4458
2020-03-30 11:47:01,592 INFO [80.2] Epoch 21: loss = 4.4201
2020-03-30 11:48:27,685 INFO [86.1] Epoch 22: loss = 4.4393
2020-03-30 11:49:52,398 INFO [84.7] Epoch 23: loss = 4.3594
2020-03-30 11:51:20,068 INFO [87.7] Epoch 24: loss = 4.3956
2020-03-30 11:52:48,795 INFO [88.7] Epoch 25: loss = 4.3759
2020-03-30 11:54:07,485 INFO [78.7] Epoch 26: loss = 4.3860
2020-03-30 11:55:28,456 INFO [81.0] Epoch 27: loss = 4.3579
2020-03-30 11:56:56,022 INFO [87.6] Epoch 28: loss = 4.3571
2020-03-30 11:58:20,510 INFO [84.5] Epoch 29: loss = 4.3430
2020-03-30 11:58:20,510 INFO Start Evaling...
2020-03-30 11:58:51,422 INFO Head: mr:376.2 mrr:12.51 hits:24.27
2020-03-30 11:58:51,422 INFO Tail: mr:177.9 mrr:30.49 hits:49.52
2020-03-30 11:58:51,422 INFO All: mr:277.0 mrr:21.50 hits:36.89
2020-03-30 11:58:51,435 INFO Declined in recent 2 epochs
2020-03-30 12:00:21,725 INFO [90.3] Epoch 30: loss = 4.3106
2020-03-30 12:01:53,614 INFO [91.9] Epoch 31: loss = 4.3418
2020-03-30 12:03:11,960 INFO [78.3] Epoch 32: loss = 4.3128
2020-03-30 12:04:40,932 INFO [89.0] Epoch 33: loss = 4.2856
2020-03-30 12:06:13,370 INFO [92.4] Epoch 34: loss = 4.2883
2020-03-30 12:07:37,710 INFO [84.3] Epoch 35: loss = 4.2752
2020-03-30 12:09:06,496 INFO [88.8] Epoch 36: loss = 4.2838
2020-03-30 12:10:34,721 INFO [88.2] Epoch 37: loss = 4.2714
2020-03-30 12:12:02,570 INFO [87.8] Epoch 38: loss = 4.2734
2020-03-30 12:13:25,330 INFO [82.8] Epoch 39: loss = 4.2486
2020-03-30 12:13:25,331 INFO Start Evaling...
2020-03-30 12:13:58,293 INFO Head: mr:378.3 mrr:12.15 hits:23.28
2020-03-30 12:13:58,293 INFO Tail: mr:185.6 mrr:30.03 hits:48.44
2020-03-30 12:13:58,293 INFO All: mr:281.9 mrr:21.09 hits:35.86
2020-03-30 12:13:58,306 INFO Declined in recent 3 epochs
2020-03-30 12:15:20,495 INFO [82.2] Epoch 40: loss = 4.2733
2020-03-30 12:16:48,256 INFO [87.8] Epoch 41: loss = 4.2742
2020-03-30 12:18:13,696 INFO [85.4] Epoch 42: loss = 4.2485
2020-03-30 12:19:41,943 INFO [88.2] Epoch 43: loss = 4.2723
2020-03-30 12:21:04,623 INFO [82.7] Epoch 44: loss = 4.2112
2020-03-30 12:22:25,338 INFO [80.7] Epoch 45: loss = 4.1989
2020-03-30 12:23:43,201 INFO [77.9] Epoch 46: loss = 4.2537
2020-03-30 12:25:09,319 INFO [86.1] Epoch 47: loss = 4.2169
2020-03-30 12:26:36,452 INFO [87.1] Epoch 48: loss = 4.1965
2020-03-30 12:28:00,809 INFO [84.4] Epoch 49: loss = 4.1733
2020-03-30 12:28:00,809 INFO Start Evaling...
2020-03-30 12:28:33,949 INFO Head: mr:384.6 mrr:12.28 hits:23.80
2020-03-30 12:28:33,949 INFO Tail: mr:186.3 mrr:30.29 hits:48.98
2020-03-30 12:28:33,949 INFO All: mr:285.5 mrr:21.29 hits:36.39
2020-03-30 12:28:33,969 INFO Declined in recent 4 epochs
2020-03-30 12:30:02,199 INFO [88.2] Epoch 50: loss = 4.1830
2020-03-30 12:31:30,999 INFO [88.8] Epoch 51: loss = 4.1746
2020-03-30 12:33:08,987 INFO [98.0] Epoch 52: loss = 4.2170
2020-03-30 12:34:39,789 INFO [90.8] Epoch 53: loss = 4.1907
2020-03-30 12:36:11,666 INFO [91.9] Epoch 54: loss = 4.1711
2020-03-30 12:37:46,023 INFO [94.4] Epoch 55: loss = 4.1795
2020-03-30 12:39:06,738 INFO [80.7] Epoch 56: loss = 4.1502
2020-03-30 12:40:34,325 INFO [87.6] Epoch 57: loss = 4.1663
2020-03-30 12:42:02,140 INFO [87.8] Epoch 58: loss = 4.1421
2020-03-30 12:43:35,414 INFO [93.3] Epoch 59: loss = 4.1683
2020-03-30 12:43:35,414 INFO Start Evaling...
2020-03-30 12:44:07,669 INFO Head: mr:390.3 mrr:12.46 hits:23.81
2020-03-30 12:44:07,670 INFO Tail: mr:185.6 mrr:30.15 hits:49.54
2020-03-30 12:44:07,671 INFO All: mr:287.9 mrr:21.31 hits:36.67
2020-03-30 12:44:07,700 INFO Declined in recent 5 epochs
2020-03-30 12:44:07,701 INFO Early stopping
2020-03-30 12:44:07,701 INFO Train done
2020-03-30 12:44:07,707 INFO Start Evaling...
2020-03-30 12:44:45,455 INFO Head: mr:380.6 mrr:12.33 hits:24.25
2020-03-30 12:44:45,455 INFO Tail: mr:188.6 mrr:30.30 hits:49.58
2020-03-30 12:44:45,455 INFO All: mr:284.6 mrr:21.32 hits:36.92
