2020-04-22 14:00:24,007 INFO EPOCH: 1000
2020-04-22 14:00:24,008 INFO EVERY: 10
2020-04-22 14:00:24,008 INFO LR: 0.001
2020-04-22 14:00:24,008 INFO DIM: 100
2020-04-22 14:00:24,008 INFO BATCH_SIZE: 256
2020-04-22 14:00:24,008 INFO BATCH_SIZE2: 256
2020-04-22 14:00:24,008 INFO P: 1
2020-04-22 14:00:24,008 INFO CLIPPING_MAX_VALUE: 4.0
2020-04-22 14:00:24,008 INFO OPTIM: Adam
2020-04-22 14:00:24,008 INFO N_SAMPLE: 100
2020-04-22 14:00:24,008 INFO MODE: grap
2020-04-22 14:00:24,008 INFO RATE: 0.15
2020-04-22 14:00:24,008 INFO GAMMA: 12.0
2020-04-22 14:00:24,008 INFO BERN: True
2020-04-22 14:00:24,008 INFO MARGIN: 4.0
2020-04-22 14:00:24,008 INFO REG: 1.0
2020-04-22 14:00:24,009 INFO LABEL_SMOOTH_EPS: 0.1
2020-04-22 14:00:24,009 INFO INPUT_DROP: 0.2
2020-04-22 14:00:24,009 INFO FEAT_DROP: 0.2
2020-04-22 14:00:24,009 INFO HIDD_DROP: 0.3
2020-04-22 14:00:24,009 INFO CHANNELS: 50
2020-04-22 14:00:24,009 INFO KERNEL_SIZE: 3
2020-04-22 14:00:24,009 INFO N_POOL: 100
2020-04-22 14:00:24,009 INFO MODEL_D: TransH
2020-04-22 14:00:24,009 INFO MODEL_G: DistMult
2020-04-22 14:00:24,009 INFO SCRATCH: False
2020-04-22 14:00:24,009 INFO D_FILE: None
2020-04-22 14:00:24,009 INFO G_FILE: None
2020-04-22 14:00:24,009 INFO PATH: data
2020-04-22 14:00:24,009 INFO DATA: FB15K237
2020-04-22 14:00:24,009 INFO EXP_PATH: experiment/FB15K237
2020-04-22 14:00:24,009 INFO MODEL: TransH
2020-04-22 14:00:24,009 INFO V: 2
2020-04-22 14:00:24,009 INFO F: True
2020-04-22 14:00:24,009 INFO EVAL: False
2020-04-22 14:00:24,010 INFO TRAINED: False
2020-04-22 14:00:24,010 INFO PRETRAINED_NAME: None
2020-04-22 14:00:24,010 INFO EXP_NAME: TransH-FB15K237-grap-2
2020-04-22 14:00:24,010 INFO --------------------------------------
2020-04-22 14:00:59,043 INFO Dataload done
2020-04-22 14:00:59,043 INFO --------------------------------------
2020-04-22 14:00:59,043 INFO N_ENTITY: 14541
2020-04-22 14:00:59,043 INFO N_RELATION: 237
2020-04-22 14:00:59,043 INFO --------------------------------------
2020-04-22 14:01:05,035 INFO Start Training...
2020-04-22 14:02:10,846 INFO [65.8] Epoch 0: loss = 202.8076
2020-04-22 14:03:21,569 INFO [70.7] Epoch 1: loss = 72.6147
2020-04-22 14:04:36,074 INFO [74.5] Epoch 2: loss = 48.4087
2020-04-22 14:05:53,033 INFO [77.0] Epoch 3: loss = 38.4456
2020-04-22 14:06:59,934 INFO [66.9] Epoch 4: loss = 33.0886
2020-04-22 14:08:06,252 INFO [66.3] Epoch 5: loss = 29.8190
2020-04-22 14:09:10,795 INFO [64.5] Epoch 6: loss = 27.8596
2020-04-22 14:10:18,818 INFO [68.0] Epoch 7: loss = 26.4364
2020-04-22 14:11:27,693 INFO [68.9] Epoch 8: loss = 25.3757
2020-04-22 14:12:38,743 INFO [71.0] Epoch 9: loss = 24.6202
2020-04-22 14:12:38,743 INFO Start Evaling...
2020-04-22 14:13:44,688 INFO Head: mr:316.0 mrr:16.72 hits:31.07
2020-04-22 14:13:44,688 INFO Tail: mr:144.8 mrr:34.90 hits:56.26
2020-04-22 14:13:44,689 INFO All: mr:230.4 mrr:25.81 hits:43.66
2020-04-22 14:13:44,720 INFO Start Evaling...
2020-04-22 14:14:52,945 INFO Head: mr:329.5 mrr:16.61 hits:31.28
2020-04-22 14:14:52,946 INFO Tail: mr:157.8 mrr:34.55 hits:55.46
2020-04-22 14:14:52,946 INFO All: mr:243.7 mrr:25.58 hits:43.37
2020-04-22 14:14:52,965 INFO Improved and model saved
2020-04-22 14:16:00,046 INFO [67.1] Epoch 10: loss = 24.0327
2020-04-22 14:17:07,903 INFO [67.9] Epoch 11: loss = 23.6254
2020-04-22 14:18:16,076 INFO [68.2] Epoch 12: loss = 23.0873
2020-04-22 14:19:23,623 INFO [67.5] Epoch 13: loss = 22.8485
2020-04-22 14:20:36,697 INFO [73.1] Epoch 14: loss = 22.5740
2020-04-22 14:22:03,129 INFO [86.4] Epoch 15: loss = 22.3744
2020-04-22 14:23:21,068 INFO [77.9] Epoch 16: loss = 22.0778
2020-04-22 14:24:28,121 INFO [67.1] Epoch 17: loss = 21.9112
2020-04-22 14:25:38,239 INFO [70.1] Epoch 18: loss = 21.7536
2020-04-22 14:26:47,148 INFO [68.9] Epoch 19: loss = 21.6472
2020-04-22 14:26:47,150 INFO Start Evaling...
2020-04-22 14:27:49,030 INFO Head: mr:289.9 mrr:18.17 hits:33.41
2020-04-22 14:27:49,030 INFO Tail: mr:127.1 mrr:36.34 hits:58.12
2020-04-22 14:27:49,030 INFO All: mr:208.5 mrr:27.25 hits:45.77
2020-04-22 14:27:49,048 INFO Start Evaling...
2020-04-22 14:28:55,625 INFO Head: mr:303.6 mrr:17.74 hits:32.64
2020-04-22 14:28:55,626 INFO Tail: mr:140.6 mrr:35.77 hits:57.36
2020-04-22 14:28:55,626 INFO All: mr:222.1 mrr:26.76 hits:45.00
2020-04-22 14:28:55,643 INFO Improved and model saved
2020-04-22 14:30:08,108 INFO [72.5] Epoch 20: loss = 21.5302
2020-04-22 14:31:36,369 INFO [88.3] Epoch 21: loss = 21.4052
2020-04-22 14:32:44,011 INFO [67.6] Epoch 22: loss = 21.1684
2020-04-22 14:33:55,254 INFO [71.2] Epoch 23: loss = 21.1745
2020-04-22 14:35:00,230 INFO [65.0] Epoch 24: loss = 21.0499
2020-04-22 14:36:05,499 INFO [65.3] Epoch 25: loss = 21.0047
2020-04-22 14:37:14,696 INFO [69.2] Epoch 26: loss = 20.8748
2020-04-22 14:38:23,411 INFO [68.7] Epoch 27: loss = 20.7655
2020-04-22 14:39:46,012 INFO [82.6] Epoch 28: loss = 20.7051
2020-04-22 14:40:54,301 INFO [68.3] Epoch 29: loss = 20.6479
2020-04-22 14:40:54,301 INFO Start Evaling...
2020-04-22 14:41:48,103 INFO Head: mr:284.3 mrr:18.49 hits:33.53
2020-04-22 14:41:48,103 INFO Tail: mr:126.4 mrr:37.09 hits:58.53
2020-04-22 14:41:48,103 INFO All: mr:205.3 mrr:27.79 hits:46.03
2020-04-22 14:41:48,112 INFO Start Evaling...
2020-04-22 14:42:49,950 INFO Head: mr:296.4 mrr:18.20 hits:33.57
2020-04-22 14:42:49,951 INFO Tail: mr:135.3 mrr:36.52 hits:57.91
2020-04-22 14:42:49,953 INFO All: mr:215.9 mrr:27.36 hits:45.74
2020-04-22 14:42:49,975 INFO Improved and model saved
2020-04-22 14:43:57,528 INFO [67.5] Epoch 30: loss = 20.5757
2020-04-22 14:45:08,806 INFO [71.3] Epoch 31: loss = 20.5385
2020-04-22 14:46:16,213 INFO [67.4] Epoch 32: loss = 20.4311
2020-04-22 14:47:38,011 INFO [81.8] Epoch 33: loss = 20.4282
2020-04-22 14:48:57,173 INFO [79.2] Epoch 34: loss = 20.3869
2020-04-22 14:50:15,058 INFO [77.9] Epoch 35: loss = 20.3258
2020-04-22 14:51:24,754 INFO [69.7] Epoch 36: loss = 20.2970
2020-04-22 14:52:34,193 INFO [69.4] Epoch 37: loss = 20.2535
2020-04-22 14:53:42,799 INFO [68.6] Epoch 38: loss = 20.2151
2020-04-22 14:55:00,498 INFO [77.7] Epoch 39: loss = 20.1587
2020-04-22 14:55:00,498 INFO Start Evaling...
2020-04-22 14:56:02,830 INFO Head: mr:283.9 mrr:18.49 hits:33.61
2020-04-22 14:56:02,830 INFO Tail: mr:126.9 mrr:37.64 hits:58.90
2020-04-22 14:56:02,830 INFO All: mr:205.4 mrr:28.06 hits:46.26
2020-04-22 14:56:02,841 INFO Start Evaling...
2020-04-22 14:57:14,045 INFO Head: mr:294.2 mrr:18.21 hits:33.44
2020-04-22 14:57:14,045 INFO Tail: mr:136.1 mrr:36.72 hits:58.18
2020-04-22 14:57:14,045 INFO All: mr:215.1 mrr:27.47 hits:45.81
2020-04-22 14:57:14,064 INFO Improved and model saved
2020-04-22 14:58:21,049 INFO [67.0] Epoch 40: loss = 20.1571
2020-04-22 14:59:25,625 INFO [64.6] Epoch 41: loss = 20.1272
2020-04-22 15:00:33,235 INFO [67.6] Epoch 42: loss = 20.0982
2020-04-22 15:01:38,691 INFO [65.5] Epoch 43: loss = 19.9988
2020-04-22 15:02:44,805 INFO [66.1] Epoch 44: loss = 20.0123
2020-04-22 15:03:52,193 INFO [67.4] Epoch 45: loss = 19.9858
2020-04-22 15:05:16,733 INFO [84.5] Epoch 46: loss = 19.9572
2020-04-22 15:06:26,995 INFO [70.3] Epoch 47: loss = 19.9081
2020-04-22 15:07:40,125 INFO [73.1] Epoch 48: loss = 19.9169
2020-04-22 15:08:51,134 INFO [71.0] Epoch 49: loss = 19.8590
2020-04-22 15:08:51,135 INFO Start Evaling...
2020-04-22 15:09:43,185 INFO Head: mr:281.3 mrr:18.81 hits:33.93
2020-04-22 15:09:43,187 INFO Tail: mr:124.5 mrr:37.61 hits:59.42
2020-04-22 15:09:43,188 INFO All: mr:202.9 mrr:28.21 hits:46.68
2020-04-22 15:09:43,204 INFO Start Evaling...
2020-04-22 15:10:43,942 INFO Head: mr:295.5 mrr:18.38 hits:33.89
2020-04-22 15:10:43,942 INFO Tail: mr:133.0 mrr:36.82 hits:58.37
2020-04-22 15:10:43,942 INFO All: mr:214.3 mrr:27.60 hits:46.13
2020-04-22 15:10:43,952 INFO Improved and model saved
2020-04-22 15:11:50,296 INFO [66.3] Epoch 50: loss = 19.8064
2020-04-22 15:13:11,045 INFO [80.7] Epoch 51: loss = 19.7690
2020-04-22 15:14:28,287 INFO [77.2] Epoch 52: loss = 19.7751
2020-04-22 15:15:36,720 INFO [68.4] Epoch 53: loss = 19.7257
2020-04-22 15:16:46,343 INFO [69.6] Epoch 54: loss = 19.7536
2020-04-22 15:17:58,090 INFO [71.7] Epoch 55: loss = 19.7072
2020-04-22 15:19:10,501 INFO [72.4] Epoch 56: loss = 19.6954
2020-04-22 15:20:17,498 INFO [67.0] Epoch 57: loss = 19.6373
2020-04-22 15:21:40,820 INFO [83.3] Epoch 58: loss = 19.6156
2020-04-22 15:23:01,266 INFO [80.4] Epoch 59: loss = 19.5643
2020-04-22 15:23:01,266 INFO Start Evaling...
2020-04-22 15:23:57,036 INFO Head: mr:279.3 mrr:18.63 hits:34.24
2020-04-22 15:23:57,037 INFO Tail: mr:124.9 mrr:37.68 hits:59.50
2020-04-22 15:23:57,037 INFO All: mr:202.1 mrr:28.16 hits:46.87
2020-04-22 15:23:57,047 INFO Start Evaling...
2020-04-22 15:24:56,053 INFO Head: mr:288.0 mrr:18.61 hits:33.92
2020-04-22 15:24:56,054 INFO Tail: mr:131.6 mrr:36.89 hits:58.47
2020-04-22 15:24:56,054 INFO All: mr:209.8 mrr:27.75 hits:46.19
2020-04-22 15:24:56,064 INFO Improved and model saved
2020-04-22 15:26:00,627 INFO [64.6] Epoch 60: loss = 19.6172
2020-04-22 15:27:05,381 INFO [64.8] Epoch 61: loss = 19.6196
2020-04-22 15:28:15,738 INFO [70.4] Epoch 62: loss = 19.6100
2020-04-22 15:29:20,400 INFO [64.7] Epoch 63: loss = 19.5371
2020-04-22 15:30:37,081 INFO [76.7] Epoch 64: loss = 19.5376
2020-04-22 15:32:02,059 INFO [85.0] Epoch 65: loss = 19.4687
2020-04-22 15:33:10,017 INFO [68.0] Epoch 66: loss = 19.4412
2020-04-22 15:34:14,893 INFO [64.9] Epoch 67: loss = 19.4404
2020-04-22 15:35:21,918 INFO [67.0] Epoch 68: loss = 19.4464
2020-04-22 15:36:27,104 INFO [65.2] Epoch 69: loss = 19.4348
2020-04-22 15:36:27,104 INFO Start Evaling...
2020-04-22 15:37:19,276 INFO Head: mr:280.8 mrr:19.00 hits:34.05
2020-04-22 15:37:19,277 INFO Tail: mr:125.4 mrr:37.53 hits:59.00
2020-04-22 15:37:19,277 INFO All: mr:203.1 mrr:28.27 hits:46.52
2020-04-22 15:37:19,286 INFO Start Evaling...
2020-04-22 15:38:25,630 INFO Head: mr:288.1 mrr:18.66 hits:33.96
2020-04-22 15:38:25,631 INFO Tail: mr:131.4 mrr:36.66 hits:58.41
2020-04-22 15:38:25,631 INFO All: mr:209.8 mrr:27.66 hits:46.19
2020-04-22 15:38:25,651 INFO Declined in recent 1 epochs
2020-04-22 15:39:46,997 INFO [81.3] Epoch 70: loss = 19.4952
2020-04-22 15:40:52,920 INFO [65.9] Epoch 71: loss = 19.3625
2020-04-22 15:42:01,379 INFO [68.5] Epoch 72: loss = 19.3786
2020-04-22 15:43:11,426 INFO [70.0] Epoch 73: loss = 19.4183
2020-04-22 15:44:18,165 INFO [66.7] Epoch 74: loss = 19.3168
2020-04-22 15:45:28,585 INFO [70.4] Epoch 75: loss = 19.3205
2020-04-22 15:46:35,674 INFO [67.1] Epoch 76: loss = 19.2960
2020-04-22 15:47:58,156 INFO [82.5] Epoch 77: loss = 19.3011
2020-04-22 15:49:18,213 INFO [80.1] Epoch 78: loss = 19.2849
2020-04-22 15:50:29,594 INFO [71.4] Epoch 79: loss = 19.2524
2020-04-22 15:50:29,596 INFO Start Evaling...
2020-04-22 15:51:30,093 INFO Head: mr:280.4 mrr:18.70 hits:34.10
2020-04-22 15:51:30,093 INFO Tail: mr:125.2 mrr:37.89 hits:59.29
2020-04-22 15:51:30,093 INFO All: mr:202.8 mrr:28.30 hits:46.70
2020-04-22 15:51:30,104 INFO Start Evaling...
2020-04-22 15:52:33,463 INFO Head: mr:289.1 mrr:18.72 hits:34.17
2020-04-22 15:52:33,463 INFO Tail: mr:131.3 mrr:37.08 hits:58.49
2020-04-22 15:52:33,463 INFO All: mr:210.2 mrr:27.90 hits:46.33
2020-04-22 15:52:33,474 INFO Declined in recent 2 epochs
2020-04-22 15:53:42,322 INFO [68.8] Epoch 80: loss = 19.2633
2020-04-22 15:54:48,654 INFO [66.3] Epoch 81: loss = 19.2146
2020-04-22 15:56:10,496 INFO [81.8] Epoch 82: loss = 19.2477
2020-04-22 15:57:28,324 INFO [77.8] Epoch 83: loss = 19.1845
2020-04-22 15:58:35,047 INFO [66.7] Epoch 84: loss = 19.2198
2020-04-22 15:59:40,763 INFO [65.7] Epoch 85: loss = 19.1980
2020-04-22 16:00:49,255 INFO [68.5] Epoch 86: loss = 19.1630
2020-04-22 16:01:53,753 INFO [64.5] Epoch 87: loss = 19.1984
2020-04-22 16:03:08,854 INFO [75.1] Epoch 88: loss = 19.1008
2020-04-22 16:04:30,109 INFO [81.3] Epoch 89: loss = 19.1738
2020-04-22 16:04:30,109 INFO Start Evaling...
2020-04-22 16:05:31,049 INFO Head: mr:279.8 mrr:18.61 hits:34.04
2020-04-22 16:05:31,051 INFO Tail: mr:124.5 mrr:37.68 hits:59.45
2020-04-22 16:05:31,053 INFO All: mr:202.2 mrr:28.14 hits:46.74
2020-04-22 16:05:31,064 INFO Start Evaling...
2020-04-22 16:06:29,184 INFO Head: mr:289.7 mrr:18.46 hits:34.25
2020-04-22 16:06:29,184 INFO Tail: mr:130.7 mrr:37.09 hits:58.64
2020-04-22 16:06:29,184 INFO All: mr:210.2 mrr:27.77 hits:46.45
2020-04-22 16:06:29,195 INFO Declined in recent 3 epochs
2020-04-22 16:07:34,021 INFO [64.8] Epoch 90: loss = 19.1411
2020-04-22 16:08:39,219 INFO [65.2] Epoch 91: loss = 19.1347
2020-04-22 16:09:44,323 INFO [65.1] Epoch 92: loss = 19.0774
2020-04-22 16:10:49,144 INFO [64.8] Epoch 93: loss = 19.1225
2020-04-22 16:11:54,346 INFO [65.2] Epoch 94: loss = 19.1097
2020-04-22 16:13:18,184 INFO [83.8] Epoch 95: loss = 19.0446
2020-04-22 16:14:42,017 INFO [83.8] Epoch 96: loss = 19.0555
2020-04-22 16:15:48,726 INFO [66.7] Epoch 97: loss = 19.0702
2020-04-22 16:16:53,896 INFO [65.2] Epoch 98: loss = 19.0529
2020-04-22 16:17:58,777 INFO [64.9] Epoch 99: loss = 19.0738
2020-04-22 16:17:58,778 INFO Start Evaling...
2020-04-22 16:18:49,130 INFO Head: mr:278.4 mrr:18.82 hits:34.39
2020-04-22 16:18:49,130 INFO Tail: mr:124.0 mrr:38.00 hits:59.53
2020-04-22 16:18:49,130 INFO All: mr:201.2 mrr:28.41 hits:46.96
2020-04-22 16:18:49,139 INFO Start Evaling...
2020-04-22 16:19:49,880 INFO Head: mr:289.5 mrr:18.71 hits:34.15
2020-04-22 16:19:49,881 INFO Tail: mr:132.5 mrr:37.36 hits:58.89
2020-04-22 16:19:49,881 INFO All: mr:211.0 mrr:28.04 hits:46.52
2020-04-22 16:19:49,894 INFO Improved and model saved
2020-04-22 16:20:55,857 INFO [66.0] Epoch 100: loss = 19.0033
2020-04-22 16:22:17,477 INFO [81.6] Epoch 101: loss = 19.0240
2020-04-22 16:23:32,460 INFO [75.0] Epoch 102: loss = 19.0248
2020-04-22 16:24:39,551 INFO [67.1] Epoch 103: loss = 19.0192
2020-04-22 16:25:44,035 INFO [64.5] Epoch 104: loss = 19.0021
2020-04-22 16:27:04,484 INFO [80.4] Epoch 105: loss = 19.0068
2020-04-22 16:28:12,812 INFO [68.3] Epoch 106: loss = 18.9566
2020-04-22 16:29:16,640 INFO [63.8] Epoch 107: loss = 18.9590
2020-04-22 16:30:33,007 INFO [76.4] Epoch 108: loss = 18.9643
2020-04-22 16:31:46,145 INFO [73.1] Epoch 109: loss = 18.9354
2020-04-22 16:31:46,146 INFO Start Evaling...
2020-04-22 16:32:36,806 INFO Head: mr:275.6 mrr:18.67 hits:33.83
2020-04-22 16:32:36,806 INFO Tail: mr:124.5 mrr:37.93 hits:58.92
2020-04-22 16:32:36,806 INFO All: mr:200.1 mrr:28.30 hits:46.38
2020-04-22 16:32:36,819 INFO Start Evaling...
2020-04-22 16:33:38,880 INFO Head: mr:290.0 mrr:18.63 hits:33.89
2020-04-22 16:33:38,880 INFO Tail: mr:132.4 mrr:37.16 hits:58.50
2020-04-22 16:33:38,880 INFO All: mr:211.2 mrr:27.89 hits:46.20
2020-04-22 16:33:38,893 INFO Declined in recent 1 epochs
2020-04-22 16:34:43,876 INFO [65.0] Epoch 110: loss = 18.9169
2020-04-22 16:35:50,686 INFO [66.8] Epoch 111: loss = 18.9488
2020-04-22 16:36:56,149 INFO [65.5] Epoch 112: loss = 18.9206
2020-04-22 16:38:00,857 INFO [64.7] Epoch 113: loss = 18.9861
2020-04-22 16:39:16,931 INFO [76.1] Epoch 114: loss = 18.9140
2020-04-22 16:40:30,258 INFO [73.3] Epoch 115: loss = 18.8840
2020-04-22 16:41:35,352 INFO [65.1] Epoch 116: loss = 18.8798
2020-04-22 16:42:39,241 INFO [63.9] Epoch 117: loss = 18.8740
2020-04-22 16:43:46,603 INFO [67.4] Epoch 118: loss = 18.8618
2020-04-22 16:44:55,897 INFO [69.3] Epoch 119: loss = 18.9101
2020-04-22 16:44:55,897 INFO Start Evaling...
2020-04-22 16:45:47,506 INFO Head: mr:278.7 mrr:18.64 hits:34.06
2020-04-22 16:45:47,507 INFO Tail: mr:125.0 mrr:37.59 hits:59.47
2020-04-22 16:45:47,507 INFO All: mr:201.9 mrr:28.11 hits:46.76
2020-04-22 16:45:47,519 INFO Start Evaling...
2020-04-22 16:46:52,301 INFO Head: mr:289.1 mrr:18.54 hits:34.36
2020-04-22 16:46:52,303 INFO Tail: mr:131.2 mrr:36.92 hits:58.58
2020-04-22 16:46:52,305 INFO All: mr:210.1 mrr:27.73 hits:46.47
2020-04-22 16:46:52,324 INFO Declined in recent 2 epochs
2020-04-22 16:48:04,591 INFO [72.3] Epoch 120: loss = 18.8123
2020-04-22 16:49:10,415 INFO [65.8] Epoch 121: loss = 18.9059
2020-04-22 16:50:19,285 INFO [68.9] Epoch 122: loss = 18.8689
2020-04-22 16:51:26,689 INFO [67.4] Epoch 123: loss = 18.8367
2020-04-22 16:52:31,132 INFO [64.4] Epoch 124: loss = 18.7966
2020-04-22 16:53:36,233 INFO [65.1] Epoch 125: loss = 18.8414
2020-04-22 16:54:48,279 INFO [72.0] Epoch 126: loss = 18.8561
2020-04-22 16:56:03,989 INFO [75.7] Epoch 127: loss = 18.8102
2020-04-22 16:57:23,596 INFO [79.6] Epoch 128: loss = 18.8097
2020-04-22 16:58:40,402 INFO [76.8] Epoch 129: loss = 18.7372
2020-04-22 16:58:40,402 INFO Start Evaling...
2020-04-22 16:59:29,249 INFO Head: mr:277.4 mrr:18.64 hits:33.84
2020-04-22 16:59:29,250 INFO Tail: mr:126.5 mrr:38.07 hits:59.33
2020-04-22 16:59:29,250 INFO All: mr:201.9 mrr:28.36 hits:46.58
2020-04-22 16:59:29,259 INFO Start Evaling...
2020-04-22 17:00:26,599 INFO Head: mr:290.9 mrr:18.61 hits:34.01
2020-04-22 17:00:26,600 INFO Tail: mr:132.5 mrr:37.18 hits:58.62
2020-04-22 17:00:26,600 INFO All: mr:211.7 mrr:27.90 hits:46.32
2020-04-22 17:00:26,611 INFO Declined in recent 3 epochs
2020-04-22 17:01:28,700 INFO [62.1] Epoch 130: loss = 18.7348
2020-04-22 17:02:30,249 INFO [61.5] Epoch 131: loss = 18.7954
2020-04-22 17:03:33,563 INFO [63.3] Epoch 132: loss = 18.7192
2020-04-22 17:04:33,741 INFO [60.2] Epoch 133: loss = 18.7868
2020-04-22 17:05:35,366 INFO [61.6] Epoch 134: loss = 18.7653
2020-04-22 17:06:41,893 INFO [66.5] Epoch 135: loss = 18.7808
2020-04-22 17:07:48,929 INFO [67.0] Epoch 136: loss = 18.7504
2020-04-22 17:08:53,859 INFO [64.9] Epoch 137: loss = 18.7098
2020-04-22 17:09:57,699 INFO [63.8] Epoch 138: loss = 18.7693
2020-04-22 17:11:00,575 INFO [62.9] Epoch 139: loss = 18.6464
2020-04-22 17:11:00,576 INFO Start Evaling...
2020-04-22 17:11:48,784 INFO Head: mr:278.4 mrr:18.84 hits:34.15
2020-04-22 17:11:48,785 INFO Tail: mr:125.0 mrr:38.15 hits:59.50
2020-04-22 17:11:48,785 INFO All: mr:201.7 mrr:28.50 hits:46.83
2020-04-22 17:11:48,795 INFO Start Evaling...
2020-04-22 17:12:45,388 INFO Head: mr:292.7 mrr:18.85 hits:34.01
2020-04-22 17:12:45,388 INFO Tail: mr:133.3 mrr:37.36 hits:58.77
2020-04-22 17:12:45,388 INFO All: mr:213.0 mrr:28.11 hits:46.39
2020-04-22 17:12:45,399 INFO Declined in recent 4 epochs
2020-04-22 17:13:48,090 INFO [62.7] Epoch 140: loss = 18.7478
2020-04-22 17:14:52,394 INFO [64.3] Epoch 141: loss = 18.7252
2020-04-22 17:15:58,078 INFO [65.7] Epoch 142: loss = 18.7037
2020-04-22 17:17:05,305 INFO [67.2] Epoch 143: loss = 18.7298
2020-04-22 17:18:10,057 INFO [64.8] Epoch 144: loss = 18.6606
2020-04-22 17:19:18,958 INFO [68.9] Epoch 145: loss = 18.6863
2020-04-22 17:20:24,394 INFO [65.4] Epoch 146: loss = 18.6805
2020-04-22 17:21:30,085 INFO [65.7] Epoch 147: loss = 18.6787
2020-04-22 17:22:37,855 INFO [67.8] Epoch 148: loss = 18.6970
2020-04-22 17:23:53,735 INFO [75.9] Epoch 149: loss = 18.6366
2020-04-22 17:23:53,736 INFO Start Evaling...
2020-04-22 17:24:48,918 INFO Head: mr:277.0 mrr:19.05 hits:34.08
2020-04-22 17:24:48,918 INFO Tail: mr:125.1 mrr:38.20 hits:59.28
2020-04-22 17:24:48,918 INFO All: mr:201.0 mrr:28.63 hits:46.68
2020-04-22 17:24:48,927 INFO Start Evaling...
2020-04-22 17:25:47,488 INFO Head: mr:291.1 mrr:18.77 hits:34.31
2020-04-22 17:25:47,488 INFO Tail: mr:133.2 mrr:37.41 hits:58.68
2020-04-22 17:25:47,488 INFO All: mr:212.1 mrr:28.09 hits:46.49
2020-04-22 17:25:47,499 INFO Declined in recent 5 epochs
2020-04-22 17:25:47,499 INFO Early stopping
2020-04-22 17:25:47,499 INFO Train done
2020-04-22 17:25:47,503 INFO Start Evaling...
2020-04-22 17:26:46,415 INFO Head: mr:289.5 mrr:18.71 hits:34.15
2020-04-22 17:26:46,415 INFO Tail: mr:132.5 mrr:37.36 hits:58.89
2020-04-22 17:26:46,415 INFO All: mr:211.0 mrr:28.04 hits:46.52
