2020-04-23 22:13:43,292 INFO EPOCH: 1000
2020-04-23 22:13:43,293 INFO EVERY: 10
2020-04-23 22:13:43,293 INFO LR: 0.001
2020-04-23 22:13:43,293 INFO DIM: 100
2020-04-23 22:13:43,293 INFO BATCH_SIZE: 256
2020-04-23 22:13:43,293 INFO BATCH_SIZE2: 256
2020-04-23 22:13:43,293 INFO P: 1
2020-04-23 22:13:43,293 INFO CLIPPING_MAX_VALUE: 4.0
2020-04-23 22:13:43,293 INFO OPTIM: Adam
2020-04-23 22:13:43,293 INFO N_SAMPLE: 100
2020-04-23 22:13:43,293 INFO MODE: grap
2020-04-23 22:13:43,293 INFO RATE: 0.1
2020-04-23 22:13:43,293 INFO GAMMA: 12.0
2020-04-23 22:13:43,293 INFO BERN: True
2020-04-23 22:13:43,293 INFO MARGIN: 4.0
2020-04-23 22:13:43,294 INFO REG: 1.0
2020-04-23 22:13:43,294 INFO LABEL_SMOOTH_EPS: 0.1
2020-04-23 22:13:43,294 INFO INPUT_DROP: 0.2
2020-04-23 22:13:43,294 INFO FEAT_DROP: 0.2
2020-04-23 22:13:43,294 INFO HIDD_DROP: 0.3
2020-04-23 22:13:43,294 INFO CHANNELS: 50
2020-04-23 22:13:43,294 INFO KERNEL_SIZE: 3
2020-04-23 22:13:43,294 INFO N_POOL: 100
2020-04-23 22:13:43,294 INFO MODEL_D: TransH
2020-04-23 22:13:43,294 INFO MODEL_G: DistMult
2020-04-23 22:13:43,294 INFO SCRATCH: False
2020-04-23 22:13:43,294 INFO D_FILE: None
2020-04-23 22:13:43,294 INFO G_FILE: None
2020-04-23 22:13:43,294 INFO PATH: data
2020-04-23 22:13:43,294 INFO DATA: FB15K237
2020-04-23 22:13:43,294 INFO EXP_PATH: experiment/FB15K237
2020-04-23 22:13:43,294 INFO MODEL: TransH
2020-04-23 22:13:43,295 INFO V: 7
2020-04-23 22:13:43,295 INFO F: True
2020-04-23 22:13:43,295 INFO EVAL: False
2020-04-23 22:13:43,295 INFO TRAINED: False
2020-04-23 22:13:43,295 INFO PRETRAINED_NAME: None
2020-04-23 22:13:43,295 INFO EXP_NAME: TransH-FB15K237-grap-7
2020-04-23 22:13:43,295 INFO --------------------------------------
2020-04-23 22:13:57,881 INFO Dataload done
2020-04-23 22:13:57,881 INFO --------------------------------------
2020-04-23 22:13:57,881 INFO N_ENTITY: 14541
2020-04-23 22:13:57,881 INFO N_RELATION: 237
2020-04-23 22:13:57,881 INFO --------------------------------------
2020-04-23 22:14:00,050 INFO Start Training...
2020-04-23 22:15:08,095 INFO [68.0] Epoch 0: loss = 202.3012
2020-04-23 22:16:15,295 INFO [67.2] Epoch 1: loss = 70.7901
2020-04-23 22:17:19,825 INFO [64.5] Epoch 2: loss = 46.5255
2020-04-23 22:18:24,688 INFO [64.9] Epoch 3: loss = 37.0098
2020-04-23 22:19:34,266 INFO [69.6] Epoch 4: loss = 32.0764
2020-04-23 22:20:38,953 INFO [64.7] Epoch 5: loss = 29.2276
2020-04-23 22:21:43,658 INFO [64.7] Epoch 6: loss = 27.4343
2020-04-23 22:22:50,136 INFO [66.5] Epoch 7: loss = 26.2081
2020-04-23 22:24:00,541 INFO [70.4] Epoch 8: loss = 25.3076
2020-04-23 22:25:08,759 INFO [68.2] Epoch 9: loss = 24.6120
2020-04-23 22:25:08,760 INFO Start Evaling...
2020-04-23 22:25:58,567 INFO Head: mr:322.4 mrr:16.68 hits:31.38
2020-04-23 22:25:58,568 INFO Tail: mr:141.7 mrr:35.22 hits:55.73
2020-04-23 22:25:58,568 INFO All: mr:232.1 mrr:25.95 hits:43.56
2020-04-23 22:25:58,577 INFO Start Evaling...
2020-04-23 22:26:58,305 INFO Head: mr:332.5 mrr:16.87 hits:31.82
2020-04-23 22:26:58,306 INFO Tail: mr:154.2 mrr:34.50 hits:55.11
2020-04-23 22:26:58,306 INFO All: mr:243.4 mrr:25.69 hits:43.46
2020-04-23 22:26:58,316 INFO Improved and model saved
2020-04-23 22:28:11,324 INFO [73.0] Epoch 10: loss = 24.0994
2020-04-23 22:29:26,704 INFO [75.4] Epoch 11: loss = 23.6774
2020-04-23 22:30:41,251 INFO [74.5] Epoch 12: loss = 23.3100
2020-04-23 22:31:54,449 INFO [73.2] Epoch 13: loss = 23.0381
2020-04-23 22:33:08,598 INFO [74.1] Epoch 14: loss = 22.7511
2020-04-23 22:34:23,820 INFO [75.2] Epoch 15: loss = 22.5036
2020-04-23 22:35:38,735 INFO [74.9] Epoch 16: loss = 22.3050
2020-04-23 22:36:44,644 INFO [65.9] Epoch 17: loss = 22.1303
2020-04-23 22:37:59,549 INFO [74.9] Epoch 18: loss = 21.9674
2020-04-23 22:39:05,253 INFO [65.7] Epoch 19: loss = 21.8190
2020-04-23 22:39:05,254 INFO Start Evaling...
2020-04-23 22:40:00,460 INFO Head: mr:295.1 mrr:17.99 hits:33.26
2020-04-23 22:40:00,460 INFO Tail: mr:128.4 mrr:36.47 hits:57.71
2020-04-23 22:40:00,460 INFO All: mr:211.7 mrr:27.23 hits:45.49
2020-04-23 22:40:00,469 INFO Start Evaling...
2020-04-23 22:41:02,677 INFO Head: mr:311.4 mrr:17.94 hits:33.73
2020-04-23 22:41:02,678 INFO Tail: mr:138.2 mrr:35.86 hits:57.14
2020-04-23 22:41:02,678 INFO All: mr:224.8 mrr:26.90 hits:45.44
2020-04-23 22:41:02,688 INFO Improved and model saved
2020-04-23 22:42:12,243 INFO [69.5] Epoch 20: loss = 21.7066
2020-04-23 22:43:19,090 INFO [66.8] Epoch 21: loss = 21.5780
2020-04-23 22:44:33,184 INFO [74.1] Epoch 22: loss = 21.4728
2020-04-23 22:45:46,376 INFO [73.2] Epoch 23: loss = 21.3663
2020-04-23 22:46:50,970 INFO [64.6] Epoch 24: loss = 21.2734
2020-04-23 22:47:57,476 INFO [66.5] Epoch 25: loss = 21.1888
2020-04-23 22:49:03,147 INFO [65.7] Epoch 26: loss = 21.1104
2020-04-23 22:50:12,112 INFO [69.0] Epoch 27: loss = 21.0080
2020-04-23 22:51:27,036 INFO [74.9] Epoch 28: loss = 20.9752
2020-04-23 22:52:41,279 INFO [74.2] Epoch 29: loss = 20.8996
2020-04-23 22:52:41,280 INFO Start Evaling...
2020-04-23 22:53:38,027 INFO Head: mr:292.7 mrr:18.49 hits:33.90
2020-04-23 22:53:38,027 INFO Tail: mr:123.1 mrr:36.80 hits:58.44
2020-04-23 22:53:38,027 INFO All: mr:207.9 mrr:27.64 hits:46.17
2020-04-23 22:53:38,036 INFO Start Evaling...
2020-04-23 22:54:41,030 INFO Head: mr:306.3 mrr:18.42 hits:33.94
2020-04-23 22:54:41,031 INFO Tail: mr:135.5 mrr:36.23 hits:57.49
2020-04-23 22:54:41,031 INFO All: mr:220.9 mrr:27.32 hits:45.72
2020-04-23 22:54:41,042 INFO Improved and model saved
2020-04-23 22:55:49,106 INFO [68.1] Epoch 30: loss = 20.8174
2020-04-23 22:56:59,337 INFO [70.2] Epoch 31: loss = 20.7662
2020-04-23 22:58:10,612 INFO [71.3] Epoch 32: loss = 20.7088
2020-04-23 22:59:22,840 INFO [72.2] Epoch 33: loss = 20.6658
2020-04-23 23:00:31,571 INFO [68.7] Epoch 34: loss = 20.6092
2020-04-23 23:01:41,946 INFO [70.4] Epoch 35: loss = 20.5757
2020-04-23 23:02:55,750 INFO [73.8] Epoch 36: loss = 20.5296
2020-04-23 23:04:05,106 INFO [69.4] Epoch 37: loss = 20.4823
2020-04-23 23:05:20,290 INFO [75.2] Epoch 38: loss = 20.4326
2020-04-23 23:06:31,232 INFO [70.9] Epoch 39: loss = 20.3919
2020-04-23 23:06:31,233 INFO Start Evaling...
2020-04-23 23:07:26,454 INFO Head: mr:289.1 mrr:18.56 hits:34.15
2020-04-23 23:07:26,455 INFO Tail: mr:122.8 mrr:37.22 hits:58.48
2020-04-23 23:07:26,455 INFO All: mr:206.0 mrr:27.89 hits:46.31
2020-04-23 23:07:26,465 INFO Start Evaling...
2020-04-23 23:08:28,856 INFO Head: mr:301.0 mrr:18.57 hits:33.87
2020-04-23 23:08:28,856 INFO Tail: mr:134.5 mrr:36.71 hits:57.61
2020-04-23 23:08:28,856 INFO All: mr:217.8 mrr:27.64 hits:45.74
2020-04-23 23:08:28,867 INFO Improved and model saved
2020-04-23 23:09:45,011 INFO [76.1] Epoch 40: loss = 20.3540
2020-04-23 23:10:52,862 INFO [67.9] Epoch 41: loss = 20.3609
2020-04-23 23:12:00,930 INFO [68.1] Epoch 42: loss = 20.2798
2020-04-23 23:13:14,390 INFO [73.5] Epoch 43: loss = 20.2456
2020-04-23 23:14:25,614 INFO [71.2] Epoch 44: loss = 20.2321
2020-04-23 23:15:39,349 INFO [73.7] Epoch 45: loss = 20.2030
2020-04-23 23:16:52,506 INFO [73.2] Epoch 46: loss = 20.1745
2020-04-23 23:18:04,139 INFO [71.6] Epoch 47: loss = 20.1603
2020-04-23 23:19:18,006 INFO [73.9] Epoch 48: loss = 20.1286
2020-04-23 23:20:32,051 INFO [74.0] Epoch 49: loss = 20.0890
2020-04-23 23:20:32,052 INFO Start Evaling...
2020-04-23 23:21:27,893 INFO Head: mr:290.2 mrr:18.86 hits:34.27
2020-04-23 23:21:27,893 INFO Tail: mr:124.2 mrr:37.36 hits:58.60
2020-04-23 23:21:27,893 INFO All: mr:207.2 mrr:28.11 hits:46.44
2020-04-23 23:21:27,902 INFO Start Evaling...
2020-04-23 23:22:29,887 INFO Head: mr:300.8 mrr:18.79 hits:34.18
2020-04-23 23:22:29,887 INFO Tail: mr:135.3 mrr:36.73 hits:57.83
2020-04-23 23:22:29,888 INFO All: mr:218.0 mrr:27.76 hits:46.01
2020-04-23 23:22:29,897 INFO Improved and model saved
2020-04-23 23:23:41,334 INFO [71.4] Epoch 50: loss = 20.0902
2020-04-23 23:24:50,349 INFO [69.0] Epoch 51: loss = 20.0362
2020-04-23 23:26:05,101 INFO [74.8] Epoch 52: loss = 19.9952
2020-04-23 23:27:16,770 INFO [71.7] Epoch 53: loss = 20.0016
2020-04-23 23:28:28,647 INFO [71.9] Epoch 54: loss = 20.0006
2020-04-23 23:29:41,314 INFO [72.7] Epoch 55: loss = 19.9836
2020-04-23 23:30:49,692 INFO [68.4] Epoch 56: loss = 19.9455
2020-04-23 23:32:03,904 INFO [74.2] Epoch 57: loss = 19.9387
2020-04-23 23:33:16,599 INFO [72.7] Epoch 58: loss = 19.9027
2020-04-23 23:34:22,620 INFO [66.0] Epoch 59: loss = 19.9294
2020-04-23 23:34:22,621 INFO Start Evaling...
2020-04-23 23:35:17,670 INFO Head: mr:292.3 mrr:18.77 hits:34.11
2020-04-23 23:35:17,670 INFO Tail: mr:123.9 mrr:37.33 hits:58.65
2020-04-23 23:35:17,670 INFO All: mr:208.1 mrr:28.05 hits:46.38
2020-04-23 23:35:17,681 INFO Start Evaling...
2020-04-23 23:36:19,025 INFO Head: mr:302.9 mrr:18.68 hits:34.29
2020-04-23 23:36:19,026 INFO Tail: mr:134.4 mrr:36.82 hits:58.25
2020-04-23 23:36:19,026 INFO All: mr:218.7 mrr:27.75 hits:46.27
2020-04-23 23:36:19,037 INFO Declined in recent 1 epochs
2020-04-23 23:37:32,045 INFO [73.0] Epoch 60: loss = 19.8420
2020-04-23 23:38:43,118 INFO [71.1] Epoch 61: loss = 19.8542
2020-04-23 23:39:50,341 INFO [67.2] Epoch 62: loss = 19.8335
2020-04-23 23:40:57,245 INFO [66.9] Epoch 63: loss = 19.8414
2020-04-23 23:42:04,305 INFO [67.1] Epoch 64: loss = 19.8109
2020-04-23 23:43:09,126 INFO [64.8] Epoch 65: loss = 19.8274
2020-04-23 23:44:17,338 INFO [68.2] Epoch 66: loss = 19.7603
2020-04-23 23:45:28,065 INFO [70.7] Epoch 67: loss = 19.7678
2020-04-23 23:46:37,272 INFO [69.2] Epoch 68: loss = 19.7798
2020-04-23 23:47:49,795 INFO [72.5] Epoch 69: loss = 19.7580
2020-04-23 23:47:49,796 INFO Start Evaling...
2020-04-23 23:48:43,946 INFO Head: mr:292.6 mrr:18.74 hits:34.18
2020-04-23 23:48:43,946 INFO Tail: mr:124.1 mrr:37.30 hits:58.58
2020-04-23 23:48:43,946 INFO All: mr:208.4 mrr:28.02 hits:46.38
2020-04-23 23:48:43,956 INFO Start Evaling...
2020-04-23 23:49:42,067 INFO Head: mr:303.4 mrr:18.73 hits:34.30
2020-04-23 23:49:42,068 INFO Tail: mr:135.8 mrr:36.71 hits:58.06
2020-04-23 23:49:42,068 INFO All: mr:219.6 mrr:27.72 hits:46.18
2020-04-23 23:49:42,079 INFO Declined in recent 2 epochs
2020-04-23 23:50:49,386 INFO [67.3] Epoch 70: loss = 19.7282
2020-04-23 23:51:53,815 INFO [64.4] Epoch 71: loss = 19.7252
2020-04-23 23:53:03,611 INFO [69.8] Epoch 72: loss = 19.7161
2020-04-23 23:54:14,629 INFO [71.0] Epoch 73: loss = 19.6882
2020-04-23 23:55:18,785 INFO [64.2] Epoch 74: loss = 19.6769
2020-04-23 23:56:24,129 INFO [65.3] Epoch 75: loss = 19.6638
2020-04-23 23:57:28,837 INFO [64.7] Epoch 76: loss = 19.6703
2020-04-23 23:58:36,019 INFO [67.2] Epoch 77: loss = 19.6197
2020-04-23 23:59:39,643 INFO [63.6] Epoch 78: loss = 19.6279
2020-04-24 00:00:46,869 INFO [67.2] Epoch 79: loss = 19.6106
2020-04-24 00:00:46,870 INFO Start Evaling...
2020-04-24 00:01:41,165 INFO Head: mr:289.4 mrr:19.00 hits:34.95
2020-04-24 00:01:41,166 INFO Tail: mr:125.7 mrr:37.76 hits:59.09
2020-04-24 00:01:41,166 INFO All: mr:207.5 mrr:28.38 hits:47.02
2020-04-24 00:01:41,176 INFO Start Evaling...
2020-04-24 00:02:42,884 INFO Head: mr:298.9 mrr:18.83 hits:34.57
2020-04-24 00:02:42,884 INFO Tail: mr:135.5 mrr:37.16 hits:58.23
2020-04-24 00:02:42,884 INFO All: mr:217.2 mrr:27.99 hits:46.40
2020-04-24 00:02:42,895 INFO Improved and model saved
2020-04-24 00:03:56,128 INFO [73.2] Epoch 80: loss = 19.6031
2020-04-24 00:05:07,614 INFO [71.5] Epoch 81: loss = 19.6042
2020-04-24 00:06:11,588 INFO [64.0] Epoch 82: loss = 19.5867
2020-04-24 00:07:18,934 INFO [67.3] Epoch 83: loss = 19.5735
2020-04-24 00:08:25,739 INFO [66.8] Epoch 84: loss = 19.5560
2020-04-24 00:09:36,456 INFO [70.7] Epoch 85: loss = 19.5412
2020-04-24 00:10:49,346 INFO [72.9] Epoch 86: loss = 19.5409
2020-04-24 00:12:02,866 INFO [73.5] Epoch 87: loss = 19.5394
2020-04-24 00:13:16,463 INFO [73.6] Epoch 88: loss = 19.5292
2020-04-24 00:14:28,653 INFO [72.2] Epoch 89: loss = 19.5204
2020-04-24 00:14:28,654 INFO Start Evaling...
2020-04-24 00:15:24,881 INFO Head: mr:290.2 mrr:19.25 hits:34.89
2020-04-24 00:15:24,882 INFO Tail: mr:124.4 mrr:37.57 hits:58.81
2020-04-24 00:15:24,882 INFO All: mr:207.3 mrr:28.41 hits:46.85
2020-04-24 00:15:24,891 INFO Start Evaling...
2020-04-24 00:16:27,218 INFO Head: mr:300.6 mrr:19.24 hits:34.79
2020-04-24 00:16:27,218 INFO Tail: mr:135.1 mrr:37.03 hits:58.60
2020-04-24 00:16:27,218 INFO All: mr:217.8 mrr:28.13 hits:46.70
2020-04-24 00:16:27,229 INFO Improved and model saved
2020-04-24 00:17:36,535 INFO [69.3] Epoch 90: loss = 19.4929
2020-04-24 00:18:44,284 INFO [67.7] Epoch 91: loss = 19.5043
2020-04-24 00:19:53,257 INFO [69.0] Epoch 92: loss = 19.4990
2020-04-24 00:20:56,963 INFO [63.7] Epoch 93: loss = 19.4876
2020-04-24 00:22:06,042 INFO [69.1] Epoch 94: loss = 19.4664
2020-04-24 00:23:15,692 INFO [69.6] Epoch 95: loss = 19.4505
2020-04-24 00:24:19,470 INFO [63.8] Epoch 96: loss = 19.4589
2020-04-24 00:25:28,200 INFO [68.7] Epoch 97: loss = 19.4674
2020-04-24 00:26:36,666 INFO [68.5] Epoch 98: loss = 19.4340
2020-04-24 00:27:48,253 INFO [71.6] Epoch 99: loss = 19.4199
2020-04-24 00:27:48,254 INFO Start Evaling...
2020-04-24 00:28:42,283 INFO Head: mr:289.8 mrr:19.09 hits:34.64
2020-04-24 00:28:42,284 INFO Tail: mr:124.9 mrr:37.64 hits:59.05
2020-04-24 00:28:42,284 INFO All: mr:207.4 mrr:28.36 hits:46.84
2020-04-24 00:28:42,294 INFO Start Evaling...
2020-04-24 00:29:46,629 INFO Head: mr:300.8 mrr:18.93 hits:34.59
2020-04-24 00:29:46,629 INFO Tail: mr:136.7 mrr:37.08 hits:58.58
2020-04-24 00:29:46,629 INFO All: mr:218.7 mrr:28.01 hits:46.58
2020-04-24 00:29:46,641 INFO Declined in recent 1 epochs
2020-04-24 00:30:57,061 INFO [70.4] Epoch 100: loss = 19.4217
2020-04-24 00:32:10,413 INFO [73.4] Epoch 101: loss = 19.4245
2020-04-24 00:33:20,243 INFO [69.8] Epoch 102: loss = 19.4005
2020-04-24 00:34:31,266 INFO [71.0] Epoch 103: loss = 19.4000
2020-04-24 00:35:39,925 INFO [68.7] Epoch 104: loss = 19.4100
2020-04-24 00:36:52,787 INFO [72.9] Epoch 105: loss = 19.3910
2020-04-24 00:38:05,950 INFO [73.2] Epoch 106: loss = 19.3824
2020-04-24 00:39:12,333 INFO [66.4] Epoch 107: loss = 19.3812
2020-04-24 00:40:23,339 INFO [71.0] Epoch 108: loss = 19.3462
2020-04-24 00:41:29,534 INFO [66.2] Epoch 109: loss = 19.3396
2020-04-24 00:41:29,535 INFO Start Evaling...
2020-04-24 00:42:25,808 INFO Head: mr:289.3 mrr:19.15 hits:34.77
2020-04-24 00:42:25,808 INFO Tail: mr:126.9 mrr:37.84 hits:58.87
2020-04-24 00:42:25,808 INFO All: mr:208.1 mrr:28.50 hits:46.82
2020-04-24 00:42:25,817 INFO Start Evaling...
2020-04-24 00:43:27,397 INFO Head: mr:299.3 mrr:18.92 hits:34.57
2020-04-24 00:43:27,398 INFO Tail: mr:137.0 mrr:37.07 hits:58.52
2020-04-24 00:43:27,398 INFO All: mr:218.1 mrr:28.00 hits:46.55
2020-04-24 00:43:27,409 INFO Improved and model saved
2020-04-24 00:44:37,984 INFO [70.6] Epoch 110: loss = 19.3833
2020-04-24 00:45:49,567 INFO [71.6] Epoch 111: loss = 19.3443
2020-04-24 00:46:59,809 INFO [70.2] Epoch 112: loss = 19.3327
2020-04-24 00:48:04,081 INFO [64.3] Epoch 113: loss = 19.3315
2020-04-24 00:49:10,550 INFO [66.5] Epoch 114: loss = 19.3103
2020-04-24 00:50:18,894 INFO [68.3] Epoch 115: loss = 19.3333
2020-04-24 00:51:32,965 INFO [74.1] Epoch 116: loss = 19.3310
2020-04-24 00:52:40,560 INFO [67.6] Epoch 117: loss = 19.3217
2020-04-24 00:53:54,664 INFO [74.1] Epoch 118: loss = 19.3017
2020-04-24 00:55:08,487 INFO [73.8] Epoch 119: loss = 19.2644
2020-04-24 00:55:08,488 INFO Start Evaling...
2020-04-24 00:56:06,324 INFO Head: mr:290.3 mrr:19.05 hits:34.80
2020-04-24 00:56:06,325 INFO Tail: mr:124.6 mrr:37.92 hits:59.06
2020-04-24 00:56:06,325 INFO All: mr:207.5 mrr:28.48 hits:46.93
2020-04-24 00:56:06,334 INFO Start Evaling...
2020-04-24 00:57:12,115 INFO Head: mr:300.5 mrr:18.75 hits:34.43
2020-04-24 00:57:12,116 INFO Tail: mr:136.3 mrr:37.25 hits:58.42
2020-04-24 00:57:12,116 INFO All: mr:218.4 mrr:28.00 hits:46.42
2020-04-24 00:57:12,126 INFO Declined in recent 1 epochs
2020-04-24 00:58:20,893 INFO [68.8] Epoch 120: loss = 19.2744
2020-04-24 00:59:30,134 INFO [69.2] Epoch 121: loss = 19.3014
2020-04-24 01:00:36,654 INFO [66.5] Epoch 122: loss = 19.3249
2020-04-24 01:01:44,889 INFO [68.2] Epoch 123: loss = 19.2547
2020-04-24 01:02:48,904 INFO [64.0] Epoch 124: loss = 19.2659
2020-04-24 01:03:53,325 INFO [64.4] Epoch 125: loss = 19.2653
2020-04-24 01:05:06,312 INFO [73.0] Epoch 126: loss = 19.2690
2020-04-24 01:06:19,798 INFO [73.5] Epoch 127: loss = 19.2436
2020-04-24 01:07:33,388 INFO [73.6] Epoch 128: loss = 19.2498
2020-04-24 01:08:45,147 INFO [71.8] Epoch 129: loss = 19.2713
2020-04-24 01:08:45,148 INFO Start Evaling...
2020-04-24 01:09:42,763 INFO Head: mr:288.8 mrr:19.06 hits:34.54
2020-04-24 01:09:42,763 INFO Tail: mr:126.2 mrr:37.86 hits:58.75
2020-04-24 01:09:42,763 INFO All: mr:207.5 mrr:28.46 hits:46.64
2020-04-24 01:09:42,779 INFO Start Evaling...
2020-04-24 01:10:47,959 INFO Head: mr:301.6 mrr:18.95 hits:34.52
2020-04-24 01:10:47,959 INFO Tail: mr:137.4 mrr:36.92 hits:58.08
2020-04-24 01:10:47,959 INFO All: mr:219.5 mrr:27.94 hits:46.30
2020-04-24 01:10:47,976 INFO Declined in recent 2 epochs
2020-04-24 01:12:01,046 INFO [73.1] Epoch 130: loss = 19.2300
2020-04-24 01:13:15,661 INFO [74.6] Epoch 131: loss = 19.2606
2020-04-24 01:14:24,988 INFO [69.3] Epoch 132: loss = 19.2304
2020-04-24 01:15:38,760 INFO [73.8] Epoch 133: loss = 19.2261
2020-04-24 01:16:51,099 INFO [72.3] Epoch 134: loss = 19.2352
2020-04-24 01:18:04,124 INFO [73.0] Epoch 135: loss = 19.1895
2020-04-24 01:19:16,779 INFO [72.7] Epoch 136: loss = 19.2118
2020-04-24 01:20:29,381 INFO [72.6] Epoch 137: loss = 19.2095
2020-04-24 01:21:43,173 INFO [73.8] Epoch 138: loss = 19.2170
2020-04-24 01:22:56,752 INFO [73.6] Epoch 139: loss = 19.2453
2020-04-24 01:22:56,753 INFO Start Evaling...
2020-04-24 01:23:54,872 INFO Head: mr:289.5 mrr:19.15 hits:34.86
2020-04-24 01:23:54,873 INFO Tail: mr:126.2 mrr:37.76 hits:59.17
2020-04-24 01:23:54,873 INFO All: mr:207.8 mrr:28.45 hits:47.01
2020-04-24 01:23:54,889 INFO Start Evaling...
2020-04-24 01:24:57,375 INFO Head: mr:300.9 mrr:19.15 hits:34.67
2020-04-24 01:24:57,375 INFO Tail: mr:137.2 mrr:37.01 hits:58.22
2020-04-24 01:24:57,375 INFO All: mr:219.1 mrr:28.08 hits:46.45
2020-04-24 01:24:57,390 INFO Declined in recent 3 epochs
2020-04-24 01:26:03,097 INFO [65.7] Epoch 140: loss = 19.2205
2020-04-24 01:27:11,935 INFO [68.8] Epoch 141: loss = 19.1935
2020-04-24 01:28:26,084 INFO [74.1] Epoch 142: loss = 19.1814
2020-04-24 01:29:37,205 INFO [71.1] Epoch 143: loss = 19.2095
2020-04-24 01:30:48,256 INFO [71.0] Epoch 144: loss = 19.1719
2020-04-24 01:31:57,092 INFO [68.8] Epoch 145: loss = 19.1622
2020-04-24 01:33:11,160 INFO [74.1] Epoch 146: loss = 19.2021
2020-04-24 01:34:23,580 INFO [72.4] Epoch 147: loss = 19.1658
2020-04-24 01:35:33,092 INFO [69.5] Epoch 148: loss = 19.1458
2020-04-24 01:36:46,383 INFO [73.3] Epoch 149: loss = 19.1726
2020-04-24 01:36:46,384 INFO Start Evaling...
2020-04-24 01:37:40,230 INFO Head: mr:290.7 mrr:19.26 hits:35.08
2020-04-24 01:37:40,230 INFO Tail: mr:125.9 mrr:38.12 hits:58.96
2020-04-24 01:37:40,230 INFO All: mr:208.3 mrr:28.69 hits:47.02
2020-04-24 01:37:40,240 INFO Start Evaling...
2020-04-24 01:38:44,485 INFO Head: mr:303.7 mrr:19.00 hits:34.41
2020-04-24 01:38:44,486 INFO Tail: mr:137.4 mrr:37.24 hits:58.57
2020-04-24 01:38:44,486 INFO All: mr:220.5 mrr:28.12 hits:46.49
2020-04-24 01:38:44,496 INFO Improved and model saved
2020-04-24 01:39:57,169 INFO [72.7] Epoch 150: loss = 19.1742
2020-04-24 01:41:08,176 INFO [71.0] Epoch 151: loss = 19.1579
2020-04-24 01:42:16,343 INFO [68.2] Epoch 152: loss = 19.1474
2020-04-24 01:43:24,966 INFO [68.6] Epoch 153: loss = 19.1795
2020-04-24 01:44:29,895 INFO [64.9] Epoch 154: loss = 19.1862
2020-04-24 01:45:42,692 INFO [72.8] Epoch 155: loss = 19.1475
2020-04-24 01:46:56,157 INFO [73.5] Epoch 156: loss = 19.1352
2020-04-24 01:48:10,258 INFO [74.1] Epoch 157: loss = 19.1069
2020-04-24 01:49:23,281 INFO [73.0] Epoch 158: loss = 19.0896
2020-04-24 01:50:32,262 INFO [69.0] Epoch 159: loss = 19.1302
2020-04-24 01:50:32,262 INFO Start Evaling...
2020-04-24 01:51:26,594 INFO Head: mr:289.9 mrr:19.01 hits:34.35
2020-04-24 01:51:26,595 INFO Tail: mr:127.3 mrr:38.03 hits:58.87
2020-04-24 01:51:26,595 INFO All: mr:208.6 mrr:28.52 hits:46.61
2020-04-24 01:51:26,610 INFO Start Evaling...
2020-04-24 01:52:31,864 INFO Head: mr:303.8 mrr:19.06 hits:34.29
2020-04-24 01:52:31,865 INFO Tail: mr:137.5 mrr:37.13 hits:58.52
2020-04-24 01:52:31,865 INFO All: mr:220.7 mrr:28.10 hits:46.40
2020-04-24 01:52:31,875 INFO Declined in recent 1 epochs
2020-04-24 01:53:44,267 INFO [72.4] Epoch 160: loss = 19.1159
2020-04-24 01:54:54,585 INFO [70.3] Epoch 161: loss = 19.0957
2020-04-24 01:56:07,994 INFO [73.4] Epoch 162: loss = 19.1130
2020-04-24 01:57:22,555 INFO [74.6] Epoch 163: loss = 19.1161
2020-04-24 01:58:36,266 INFO [73.7] Epoch 164: loss = 19.1178
2020-04-24 01:59:43,852 INFO [67.6] Epoch 165: loss = 19.0929
2020-04-24 02:00:57,509 INFO [73.7] Epoch 166: loss = 19.1034
2020-04-24 02:02:05,217 INFO [67.7] Epoch 167: loss = 19.0905
2020-04-24 02:03:17,398 INFO [72.2] Epoch 168: loss = 19.0922
2020-04-24 02:04:25,383 INFO [68.0] Epoch 169: loss = 19.0907
2020-04-24 02:04:25,384 INFO Start Evaling...
2020-04-24 02:05:19,821 INFO Head: mr:286.5 mrr:19.32 hits:34.90
2020-04-24 02:05:19,821 INFO Tail: mr:126.2 mrr:37.89 hits:58.93
2020-04-24 02:05:19,821 INFO All: mr:206.4 mrr:28.60 hits:46.91
2020-04-24 02:05:19,843 INFO Start Evaling...
2020-04-24 02:06:20,683 INFO Head: mr:302.5 mrr:19.07 hits:34.68
2020-04-24 02:06:20,684 INFO Tail: mr:137.7 mrr:37.09 hits:58.54
2020-04-24 02:06:20,684 INFO All: mr:220.1 mrr:28.08 hits:46.61
2020-04-24 02:06:20,704 INFO Declined in recent 2 epochs
2020-04-24 02:07:28,699 INFO [68.0] Epoch 170: loss = 19.0427
2020-04-24 02:08:33,954 INFO [65.3] Epoch 171: loss = 19.0936
2020-04-24 02:09:45,145 INFO [71.2] Epoch 172: loss = 19.0903
2020-04-24 02:11:00,309 INFO [75.2] Epoch 173: loss = 19.0846
2020-04-24 02:12:09,038 INFO [68.7] Epoch 174: loss = 19.0623
2020-04-24 02:13:19,147 INFO [70.1] Epoch 175: loss = 19.0923
2020-04-24 02:14:26,843 INFO [67.7] Epoch 176: loss = 19.0502
2020-04-24 02:15:39,845 INFO [73.0] Epoch 177: loss = 19.0471
2020-04-24 02:16:48,998 INFO [69.2] Epoch 178: loss = 19.0468
2020-04-24 02:18:00,420 INFO [71.4] Epoch 179: loss = 19.0665
2020-04-24 02:18:00,421 INFO Start Evaling...
2020-04-24 02:18:57,474 INFO Head: mr:286.8 mrr:19.14 hits:34.57
2020-04-24 02:18:57,474 INFO Tail: mr:126.4 mrr:37.97 hits:59.22
2020-04-24 02:18:57,474 INFO All: mr:206.6 mrr:28.55 hits:46.89
2020-04-24 02:18:57,493 INFO Start Evaling...
2020-04-24 02:20:03,099 INFO Head: mr:303.1 mrr:18.98 hits:34.38
2020-04-24 02:20:03,100 INFO Tail: mr:136.8 mrr:36.87 hits:58.37
2020-04-24 02:20:03,100 INFO All: mr:220.0 mrr:27.92 hits:46.38
2020-04-24 02:20:03,112 INFO Declined in recent 3 epochs
2020-04-24 02:21:11,639 INFO [68.5] Epoch 180: loss = 19.0648
2020-04-24 02:22:16,238 INFO [64.6] Epoch 181: loss = 19.0944
2020-04-24 02:23:23,818 INFO [67.6] Epoch 182: loss = 19.0604
2020-04-24 02:24:37,787 INFO [74.0] Epoch 183: loss = 19.0614
2020-04-24 02:25:50,178 INFO [72.4] Epoch 184: loss = 19.0549
2020-04-24 02:27:04,075 INFO [73.9] Epoch 185: loss = 19.0535
2020-04-24 02:28:12,728 INFO [68.7] Epoch 186: loss = 19.0339
2020-04-24 02:29:20,340 INFO [67.6] Epoch 187: loss = 19.0373
2020-04-24 02:30:33,012 INFO [72.7] Epoch 188: loss = 19.0178
2020-04-24 02:31:42,072 INFO [69.1] Epoch 189: loss = 19.0369
2020-04-24 02:31:42,073 INFO Start Evaling...
2020-04-24 02:32:38,655 INFO Head: mr:290.0 mrr:19.05 hits:34.60
2020-04-24 02:32:38,656 INFO Tail: mr:126.6 mrr:38.23 hits:59.26
2020-04-24 02:32:38,656 INFO All: mr:208.3 mrr:28.64 hits:46.93
2020-04-24 02:32:38,664 INFO Start Evaling...
2020-04-24 02:33:43,995 INFO Head: mr:303.8 mrr:18.92 hits:34.54
2020-04-24 02:33:43,996 INFO Tail: mr:138.4 mrr:37.35 hits:58.59
2020-04-24 02:33:43,996 INFO All: mr:221.1 mrr:28.13 hits:46.57
2020-04-24 02:33:44,011 INFO Declined in recent 4 epochs
2020-04-24 02:34:56,807 INFO [72.8] Epoch 190: loss = 19.0323
2020-04-24 02:36:06,078 INFO [69.3] Epoch 191: loss = 18.9994
2020-04-24 02:37:18,585 INFO [72.5] Epoch 192: loss = 19.0327
2020-04-24 02:38:30,581 INFO [72.0] Epoch 193: loss = 19.0425
2020-04-24 02:39:38,618 INFO [68.0] Epoch 194: loss = 19.0001
2020-04-24 02:40:52,229 INFO [73.6] Epoch 195: loss = 19.0104
2020-04-24 02:42:04,645 INFO [72.4] Epoch 196: loss = 19.0325
2020-04-24 02:43:14,174 INFO [69.5] Epoch 197: loss = 19.0252
2020-04-24 02:44:24,906 INFO [70.7] Epoch 198: loss = 19.0154
2020-04-24 02:45:35,605 INFO [70.7] Epoch 199: loss = 19.0167
2020-04-24 02:45:35,606 INFO Start Evaling...
2020-04-24 02:46:33,052 INFO Head: mr:288.1 mrr:19.00 hits:34.65
2020-04-24 02:46:33,053 INFO Tail: mr:127.2 mrr:37.94 hits:59.04
2020-04-24 02:46:33,053 INFO All: mr:207.7 mrr:28.47 hits:46.84
2020-04-24 02:46:33,065 INFO Start Evaling...
2020-04-24 02:47:36,867 INFO Head: mr:301.5 mrr:19.17 hits:34.65
2020-04-24 02:47:36,867 INFO Tail: mr:137.6 mrr:37.03 hits:58.61
2020-04-24 02:47:36,867 INFO All: mr:219.5 mrr:28.10 hits:46.63
2020-04-24 02:47:36,877 INFO Declined in recent 5 epochs
2020-04-24 02:47:36,878 INFO Early stopping
2020-04-24 02:47:36,878 INFO Train done
2020-04-24 02:47:36,882 INFO Start Evaling...
2020-04-24 02:48:43,645 INFO Head: mr:303.7 mrr:19.00 hits:34.41
2020-04-24 02:48:43,645 INFO Tail: mr:137.4 mrr:37.24 hits:58.57
2020-04-24 02:48:43,645 INFO All: mr:220.5 mrr:28.12 hits:46.49
