2020-04-22 13:59:58,543 INFO EPOCH: 1000
2020-04-22 13:59:58,543 INFO EVERY: 10
2020-04-22 13:59:58,544 INFO LR: 0.001
2020-04-22 13:59:58,544 INFO DIM: 100
2020-04-22 13:59:58,544 INFO BATCH_SIZE: 256
2020-04-22 13:59:58,544 INFO BATCH_SIZE2: 256
2020-04-22 13:59:58,544 INFO P: 1
2020-04-22 13:59:58,544 INFO CLIPPING_MAX_VALUE: 4.0
2020-04-22 13:59:58,544 INFO OPTIM: Adam
2020-04-22 13:59:58,544 INFO N_SAMPLE: 100
2020-04-22 13:59:58,544 INFO MODE: grap
2020-04-22 13:59:58,544 INFO RATE: 0.05
2020-04-22 13:59:58,544 INFO GAMMA: 12.0
2020-04-22 13:59:58,544 INFO BERN: True
2020-04-22 13:59:58,544 INFO MARGIN: 4.0
2020-04-22 13:59:58,544 INFO REG: 1.0
2020-04-22 13:59:58,544 INFO LABEL_SMOOTH_EPS: 0.1
2020-04-22 13:59:58,544 INFO INPUT_DROP: 0.2
2020-04-22 13:59:58,544 INFO FEAT_DROP: 0.2
2020-04-22 13:59:58,544 INFO HIDD_DROP: 0.3
2020-04-22 13:59:58,545 INFO CHANNELS: 50
2020-04-22 13:59:58,545 INFO KERNEL_SIZE: 3
2020-04-22 13:59:58,545 INFO N_POOL: 100
2020-04-22 13:59:58,545 INFO MODEL_D: TransH
2020-04-22 13:59:58,545 INFO MODEL_G: DistMult
2020-04-22 13:59:58,545 INFO SCRATCH: False
2020-04-22 13:59:58,545 INFO D_FILE: None
2020-04-22 13:59:58,545 INFO G_FILE: None
2020-04-22 13:59:58,545 INFO PATH: data
2020-04-22 13:59:58,545 INFO DATA: FB15K237
2020-04-22 13:59:58,545 INFO EXP_PATH: experiment/FB15K237
2020-04-22 13:59:58,545 INFO MODEL: TransH
2020-04-22 13:59:58,545 INFO V: 1
2020-04-22 13:59:58,545 INFO F: True
2020-04-22 13:59:58,545 INFO EVAL: False
2020-04-22 13:59:58,545 INFO TRAINED: False
2020-04-22 13:59:58,545 INFO PRETRAINED_NAME: None
2020-04-22 13:59:58,545 INFO EXP_NAME: TransH-FB15K237-grap-1
2020-04-22 13:59:58,545 INFO --------------------------------------
2020-04-22 14:00:33,866 INFO Dataload done
2020-04-22 14:00:33,866 INFO --------------------------------------
2020-04-22 14:00:33,866 INFO N_ENTITY: 14541
2020-04-22 14:00:33,866 INFO N_RELATION: 237
2020-04-22 14:00:33,866 INFO --------------------------------------
2020-04-22 14:00:40,865 INFO Start Training...
2020-04-22 14:01:46,883 INFO [66.0] Epoch 0: loss = 203.0133
2020-04-22 14:02:54,550 INFO [67.7] Epoch 1: loss = 69.9865
2020-04-22 14:03:59,706 INFO [65.2] Epoch 2: loss = 44.5684
2020-04-22 14:05:07,866 INFO [68.2] Epoch 3: loss = 34.5094
2020-04-22 14:06:24,637 INFO [76.8] Epoch 4: loss = 29.2351
2020-04-22 14:07:34,824 INFO [70.2] Epoch 5: loss = 26.1559
2020-04-22 14:08:39,016 INFO [64.2] Epoch 6: loss = 24.2099
2020-04-22 14:09:45,488 INFO [66.5] Epoch 7: loss = 22.9429
2020-04-22 14:10:52,568 INFO [67.1] Epoch 8: loss = 21.9703
2020-04-22 14:11:57,705 INFO [65.1] Epoch 9: loss = 21.2607
2020-04-22 14:11:57,705 INFO Start Evaling...
2020-04-22 14:12:54,829 INFO Head: mr:314.3 mrr:17.07 hits:31.91
2020-04-22 14:12:54,830 INFO Tail: mr:136.3 mrr:35.29 hits:56.79
2020-04-22 14:12:54,830 INFO All: mr:225.3 mrr:26.18 hits:44.35
2020-04-22 14:12:54,839 INFO Start Evaling...
2020-04-22 14:13:58,629 INFO Head: mr:323.3 mrr:16.82 hits:32.15
2020-04-22 14:13:58,632 INFO Tail: mr:144.7 mrr:34.60 hits:56.04
2020-04-22 14:13:58,633 INFO All: mr:234.0 mrr:25.71 hits:44.09
2020-04-22 14:13:58,653 INFO Improved and model saved
2020-04-22 14:15:03,738 INFO [65.1] Epoch 10: loss = 20.7511
2020-04-22 14:16:12,166 INFO [68.4] Epoch 11: loss = 20.2570
2020-04-22 14:17:20,360 INFO [68.2] Epoch 12: loss = 19.9307
2020-04-22 14:18:26,445 INFO [66.1] Epoch 13: loss = 19.6275
2020-04-22 14:19:41,672 INFO [75.2] Epoch 14: loss = 19.3515
2020-04-22 14:20:53,782 INFO [72.1] Epoch 15: loss = 19.1280
2020-04-22 14:22:15,650 INFO [81.9] Epoch 16: loss = 18.9590
2020-04-22 14:23:21,125 INFO [65.5] Epoch 17: loss = 18.7406
2020-04-22 14:24:24,382 INFO [63.3] Epoch 18: loss = 18.6222
2020-04-22 14:25:39,515 INFO [75.1] Epoch 19: loss = 18.4457
2020-04-22 14:25:39,515 INFO Start Evaling...
2020-04-22 14:26:35,414 INFO Head: mr:291.2 mrr:18.12 hits:33.50
2020-04-22 14:26:35,415 INFO Tail: mr:122.9 mrr:36.73 hits:58.54
2020-04-22 14:26:35,415 INFO All: mr:207.1 mrr:27.43 hits:46.02
2020-04-22 14:26:35,425 INFO Start Evaling...
2020-04-22 14:27:39,650 INFO Head: mr:303.5 mrr:18.01 hits:33.73
2020-04-22 14:27:39,653 INFO Tail: mr:131.0 mrr:36.35 hits:57.68
2020-04-22 14:27:39,654 INFO All: mr:217.3 mrr:27.18 hits:45.71
2020-04-22 14:27:39,677 INFO Improved and model saved
2020-04-22 14:28:48,488 INFO [68.8] Epoch 20: loss = 18.3225
2020-04-22 14:29:52,020 INFO [63.5] Epoch 21: loss = 18.2549
2020-04-22 14:31:10,567 INFO [78.5] Epoch 22: loss = 18.1261
2020-04-22 14:32:22,595 INFO [72.0] Epoch 23: loss = 18.0453
2020-04-22 14:33:31,252 INFO [68.7] Epoch 24: loss = 17.8996
2020-04-22 14:34:38,698 INFO [67.4] Epoch 25: loss = 17.8922
2020-04-22 14:35:47,903 INFO [69.2] Epoch 26: loss = 17.7860
2020-04-22 14:37:02,231 INFO [74.3] Epoch 27: loss = 17.6831
2020-04-22 14:38:07,281 INFO [65.0] Epoch 28: loss = 17.6735
2020-04-22 14:39:15,255 INFO [68.0] Epoch 29: loss = 17.6262
2020-04-22 14:39:15,256 INFO Start Evaling...
2020-04-22 14:40:12,707 INFO Head: mr:284.2 mrr:18.33 hits:33.96
2020-04-22 14:40:12,707 INFO Tail: mr:118.8 mrr:37.28 hits:58.83
2020-04-22 14:40:12,708 INFO All: mr:201.5 mrr:27.81 hits:46.39
2020-04-22 14:40:12,716 INFO Start Evaling...
2020-04-22 14:41:16,421 INFO Head: mr:297.4 mrr:18.33 hits:34.45
2020-04-22 14:41:16,421 INFO Tail: mr:128.5 mrr:36.74 hits:58.05
2020-04-22 14:41:16,421 INFO All: mr:213.0 mrr:27.53 hits:46.25
2020-04-22 14:41:16,439 INFO Improved and model saved
2020-04-22 14:42:23,221 INFO [66.8] Epoch 30: loss = 17.5204
2020-04-22 14:43:32,968 INFO [69.7] Epoch 31: loss = 17.5009
2020-04-22 14:44:39,752 INFO [66.8] Epoch 32: loss = 17.4545
2020-04-22 14:45:49,249 INFO [69.5] Epoch 33: loss = 17.3712
2020-04-22 14:47:01,555 INFO [72.3] Epoch 34: loss = 17.3213
2020-04-22 14:48:18,275 INFO [76.7] Epoch 35: loss = 17.2677
2020-04-22 14:49:26,634 INFO [68.4] Epoch 36: loss = 17.2281
2020-04-22 14:50:34,596 INFO [68.0] Epoch 37: loss = 17.2291
2020-04-22 14:51:43,807 INFO [69.2] Epoch 38: loss = 17.1282
2020-04-22 14:52:50,456 INFO [66.6] Epoch 39: loss = 17.1080
2020-04-22 14:52:50,457 INFO Start Evaling...
2020-04-22 14:53:42,126 INFO Head: mr:276.5 mrr:18.70 hits:34.59
2020-04-22 14:53:42,126 INFO Tail: mr:117.9 mrr:37.62 hits:59.10
2020-04-22 14:53:42,126 INFO All: mr:197.2 mrr:28.16 hits:46.84
2020-04-22 14:53:42,140 INFO Start Evaling...
2020-04-22 14:54:42,449 INFO Head: mr:288.9 mrr:18.49 hits:34.54
2020-04-22 14:54:42,449 INFO Tail: mr:128.0 mrr:37.05 hits:58.37
2020-04-22 14:54:42,449 INFO All: mr:208.5 mrr:27.77 hits:46.45
2020-04-22 14:54:42,470 INFO Improved and model saved
2020-04-22 14:55:55,026 INFO [72.5] Epoch 40: loss = 17.1073
2020-04-22 14:57:11,513 INFO [76.5] Epoch 41: loss = 16.9969
2020-04-22 14:58:17,211 INFO [65.7] Epoch 42: loss = 16.9960
2020-04-22 14:59:23,404 INFO [66.2] Epoch 43: loss = 17.0191
2020-04-22 15:00:35,708 INFO [72.3] Epoch 44: loss = 17.0174
2020-04-22 15:01:43,346 INFO [67.6] Epoch 45: loss = 16.9342
2020-04-22 15:02:46,718 INFO [63.4] Epoch 46: loss = 16.9229
2020-04-22 15:03:56,116 INFO [69.4] Epoch 47: loss = 16.9013
2020-04-22 15:05:02,131 INFO [66.0] Epoch 48: loss = 16.8534
2020-04-22 15:06:10,396 INFO [68.3] Epoch 49: loss = 16.8643
2020-04-22 15:06:10,397 INFO Start Evaling...
2020-04-22 15:07:02,718 INFO Head: mr:274.7 mrr:18.64 hits:34.57
2020-04-22 15:07:02,719 INFO Tail: mr:116.5 mrr:37.57 hits:59.16
2020-04-22 15:07:02,719 INFO All: mr:195.6 mrr:28.10 hits:46.86
2020-04-22 15:07:02,730 INFO Start Evaling...
2020-04-22 15:08:05,533 INFO Head: mr:290.3 mrr:18.51 hits:34.64
2020-04-22 15:08:05,534 INFO Tail: mr:127.3 mrr:37.11 hits:58.69
2020-04-22 15:08:05,534 INFO All: mr:208.8 mrr:27.81 hits:46.66
2020-04-22 15:08:05,555 INFO Improved and model saved
2020-04-22 15:09:11,767 INFO [66.2] Epoch 50: loss = 16.8354
2020-04-22 15:10:16,075 INFO [64.3] Epoch 51: loss = 16.7793
2020-04-22 15:11:22,478 INFO [66.4] Epoch 52: loss = 16.7890
2020-04-22 15:12:35,587 INFO [73.1] Epoch 53: loss = 16.7712
2020-04-22 15:13:50,197 INFO [74.6] Epoch 54: loss = 16.7449
2020-04-22 15:15:03,059 INFO [72.9] Epoch 55: loss = 16.6987
2020-04-22 15:16:10,758 INFO [67.7] Epoch 56: loss = 16.6775
2020-04-22 15:17:16,116 INFO [65.4] Epoch 57: loss = 16.6935
2020-04-22 15:18:23,349 INFO [67.2] Epoch 58: loss = 16.7212
2020-04-22 15:19:36,005 INFO [72.7] Epoch 59: loss = 16.6496
2020-04-22 15:19:36,006 INFO Start Evaling...
2020-04-22 15:20:31,057 INFO Head: mr:273.6 mrr:18.74 hits:34.48
2020-04-22 15:20:31,057 INFO Tail: mr:117.8 mrr:38.04 hits:59.25
2020-04-22 15:20:31,057 INFO All: mr:195.7 mrr:28.39 hits:46.87
2020-04-22 15:20:31,067 INFO Start Evaling...
2020-04-22 15:21:33,970 INFO Head: mr:288.3 mrr:18.69 hits:34.51
2020-04-22 15:21:33,971 INFO Tail: mr:127.4 mrr:37.57 hits:58.60
2020-04-22 15:21:33,971 INFO All: mr:207.8 mrr:28.13 hits:46.56
2020-04-22 15:21:33,991 INFO Improved and model saved
2020-04-22 15:22:45,193 INFO [71.2] Epoch 60: loss = 16.6265
2020-04-22 15:23:53,046 INFO [67.9] Epoch 61: loss = 16.6600
2020-04-22 15:24:56,837 INFO [63.8] Epoch 62: loss = 16.5830
2020-04-22 15:26:00,242 INFO [63.4] Epoch 63: loss = 16.6218
2020-04-22 15:27:14,162 INFO [73.9] Epoch 64: loss = 16.5776
2020-04-22 15:28:32,479 INFO [78.3] Epoch 65: loss = 16.5594
2020-04-22 15:29:35,886 INFO [63.4] Epoch 66: loss = 16.5352
2020-04-22 15:30:42,514 INFO [66.6] Epoch 67: loss = 16.5239
2020-04-22 15:32:01,263 INFO [78.7] Epoch 68: loss = 16.4763
2020-04-22 15:33:06,718 INFO [65.5] Epoch 69: loss = 16.5082
2020-04-22 15:33:06,718 INFO Start Evaling...
2020-04-22 15:33:59,497 INFO Head: mr:272.9 mrr:18.82 hits:34.43
2020-04-22 15:33:59,498 INFO Tail: mr:118.1 mrr:38.18 hits:59.36
2020-04-22 15:33:59,498 INFO All: mr:195.5 mrr:28.50 hits:46.89
2020-04-22 15:33:59,510 INFO Start Evaling...
2020-04-22 15:35:02,823 INFO Head: mr:289.2 mrr:18.58 hits:34.58
2020-04-22 15:35:02,823 INFO Tail: mr:128.5 mrr:37.52 hits:58.78
2020-04-22 15:35:02,823 INFO All: mr:208.9 mrr:28.05 hits:46.68
2020-04-22 15:35:02,834 INFO Improved and model saved
2020-04-22 15:36:11,700 INFO [68.9] Epoch 70: loss = 16.4670
2020-04-22 15:37:27,115 INFO [75.4] Epoch 71: loss = 16.4720
2020-04-22 15:38:36,644 INFO [69.5] Epoch 72: loss = 16.5016
2020-04-22 15:39:45,494 INFO [68.8] Epoch 73: loss = 16.4241
2020-04-22 15:40:51,603 INFO [66.1] Epoch 74: loss = 16.4489
2020-04-22 15:42:01,751 INFO [70.1] Epoch 75: loss = 16.4531
2020-04-22 15:43:05,369 INFO [63.6] Epoch 76: loss = 16.4532
2020-04-22 15:44:10,374 INFO [65.0] Epoch 77: loss = 16.4065
2020-04-22 15:45:17,760 INFO [67.4] Epoch 78: loss = 16.4107
2020-04-22 15:46:21,727 INFO [64.0] Epoch 79: loss = 16.4053
2020-04-22 15:46:21,728 INFO Start Evaling...
2020-04-22 15:47:18,259 INFO Head: mr:272.2 mrr:18.76 hits:34.65
2020-04-22 15:47:18,259 INFO Tail: mr:119.4 mrr:38.21 hits:59.52
2020-04-22 15:47:18,260 INFO All: mr:195.8 mrr:28.49 hits:47.09
2020-04-22 15:47:18,274 INFO Start Evaling...
2020-04-22 15:48:26,564 INFO Head: mr:287.9 mrr:18.80 hits:34.77
2020-04-22 15:48:26,565 INFO Tail: mr:130.0 mrr:37.50 hits:59.05
2020-04-22 15:48:26,565 INFO All: mr:208.9 mrr:28.15 hits:46.91
2020-04-22 15:48:26,575 INFO Improved and model saved
2020-04-22 15:49:35,655 INFO [69.1] Epoch 80: loss = 16.3499
2020-04-22 15:50:41,967 INFO [66.3] Epoch 81: loss = 16.4138
2020-04-22 15:51:54,573 INFO [72.6] Epoch 82: loss = 16.3613
2020-04-22 15:53:04,026 INFO [69.5] Epoch 83: loss = 16.3639
2020-04-22 15:54:11,041 INFO [67.0] Epoch 84: loss = 16.2908
2020-04-22 15:55:23,339 INFO [72.3] Epoch 85: loss = 16.3263
2020-04-22 15:56:31,342 INFO [68.0] Epoch 86: loss = 16.3345
2020-04-22 15:57:40,642 INFO [69.3] Epoch 87: loss = 16.3054
2020-04-22 15:58:46,487 INFO [65.8] Epoch 88: loss = 16.3085
2020-04-22 15:59:52,227 INFO [65.7] Epoch 89: loss = 16.3133
2020-04-22 15:59:52,228 INFO Start Evaling...
2020-04-22 16:00:46,737 INFO Head: mr:270.8 mrr:18.81 hits:34.72
2020-04-22 16:00:46,738 INFO Tail: mr:118.6 mrr:38.23 hits:59.34
2020-04-22 16:00:46,738 INFO All: mr:194.7 mrr:28.52 hits:47.03
2020-04-22 16:00:46,748 INFO Start Evaling...
2020-04-22 16:01:48,473 INFO Head: mr:289.2 mrr:18.65 hits:34.64
2020-04-22 16:01:48,473 INFO Tail: mr:130.0 mrr:37.55 hits:58.79
2020-04-22 16:01:48,473 INFO All: mr:209.6 mrr:28.10 hits:46.72
2020-04-22 16:01:48,484 INFO Declined in recent 1 epochs
2020-04-22 16:02:53,006 INFO [64.5] Epoch 90: loss = 16.3146
2020-04-22 16:04:01,136 INFO [68.1] Epoch 91: loss = 16.2958
2020-04-22 16:05:11,406 INFO [70.3] Epoch 92: loss = 16.2395
2020-04-22 16:06:18,137 INFO [66.7] Epoch 93: loss = 16.2646
2020-04-22 16:07:22,149 INFO [64.0] Epoch 94: loss = 16.2840
2020-04-22 16:08:30,829 INFO [68.7] Epoch 95: loss = 16.2750
2020-04-22 16:09:35,739 INFO [64.9] Epoch 96: loss = 16.2332
2020-04-22 16:10:40,237 INFO [64.5] Epoch 97: loss = 16.2061
2020-04-22 16:11:46,432 INFO [66.2] Epoch 98: loss = 16.2484
2020-04-22 16:12:51,140 INFO [64.7] Epoch 99: loss = 16.2457
2020-04-22 16:12:51,141 INFO Start Evaling...
2020-04-22 16:13:49,338 INFO Head: mr:269.2 mrr:19.02 hits:34.92
2020-04-22 16:13:49,339 INFO Tail: mr:117.9 mrr:38.54 hits:59.64
2020-04-22 16:13:49,341 INFO All: mr:193.5 mrr:28.78 hits:47.28
2020-04-22 16:13:49,353 INFO Start Evaling...
2020-04-22 16:14:47,550 INFO Head: mr:286.4 mrr:18.71 hits:34.94
2020-04-22 16:14:47,550 INFO Tail: mr:130.3 mrr:37.53 hits:58.72
2020-04-22 16:14:47,550 INFO All: mr:208.3 mrr:28.12 hits:46.83
2020-04-22 16:14:47,560 INFO Improved and model saved
2020-04-22 16:15:51,974 INFO [64.4] Epoch 100: loss = 16.2232
2020-04-22 16:16:54,701 INFO [62.7] Epoch 101: loss = 16.2105
2020-04-22 16:17:56,756 INFO [62.1] Epoch 102: loss = 16.1768
2020-04-22 16:19:08,173 INFO [71.4] Epoch 103: loss = 16.1880
2020-04-22 16:20:15,465 INFO [67.3] Epoch 104: loss = 16.1860
2020-04-22 16:21:29,373 INFO [73.9] Epoch 105: loss = 16.1931
2020-04-22 16:22:48,748 INFO [79.4] Epoch 106: loss = 16.1398
2020-04-22 16:23:59,817 INFO [71.1] Epoch 107: loss = 16.2172
2020-04-22 16:25:11,145 INFO [71.3] Epoch 108: loss = 16.1391
2020-04-22 16:26:17,983 INFO [66.8] Epoch 109: loss = 16.2091
2020-04-22 16:26:17,984 INFO Start Evaling...
2020-04-22 16:27:11,517 INFO Head: mr:271.1 mrr:18.73 hits:34.78
2020-04-22 16:27:11,517 INFO Tail: mr:119.7 mrr:37.92 hits:59.22
2020-04-22 16:27:11,517 INFO All: mr:195.4 mrr:28.32 hits:47.00
2020-04-22 16:27:11,529 INFO Start Evaling...
2020-04-22 16:28:12,613 INFO Head: mr:289.4 mrr:18.54 hits:34.93
2020-04-22 16:28:12,613 INFO Tail: mr:129.9 mrr:37.39 hits:58.80
2020-04-22 16:28:12,613 INFO All: mr:209.6 mrr:27.97 hits:46.87
2020-04-22 16:28:12,625 INFO Declined in recent 1 epochs
2020-04-22 16:29:19,768 INFO [67.1] Epoch 110: loss = 16.1384
2020-04-22 16:30:29,604 INFO [69.8] Epoch 111: loss = 16.1940
2020-04-22 16:31:39,288 INFO [69.7] Epoch 112: loss = 16.1210
2020-04-22 16:32:59,177 INFO [79.9] Epoch 113: loss = 16.1616
2020-04-22 16:34:09,394 INFO [70.2] Epoch 114: loss = 16.1454
2020-04-22 16:35:19,891 INFO [70.5] Epoch 115: loss = 16.1276
2020-04-22 16:36:28,417 INFO [68.5] Epoch 116: loss = 16.1087
2020-04-22 16:37:37,616 INFO [69.2] Epoch 117: loss = 16.1188
2020-04-22 16:38:44,757 INFO [67.1] Epoch 118: loss = 16.1107
2020-04-22 16:39:52,583 INFO [67.8] Epoch 119: loss = 16.0765
2020-04-22 16:39:52,584 INFO Start Evaling...
2020-04-22 16:40:43,976 INFO Head: mr:271.8 mrr:18.96 hits:35.20
2020-04-22 16:40:43,976 INFO Tail: mr:119.3 mrr:38.22 hits:59.32
2020-04-22 16:40:43,976 INFO All: mr:195.5 mrr:28.59 hits:47.26
2020-04-22 16:40:43,984 INFO Start Evaling...
2020-04-22 16:41:43,442 INFO Head: mr:289.9 mrr:18.70 hits:34.95
2020-04-22 16:41:43,443 INFO Tail: mr:131.6 mrr:37.51 hits:58.74
2020-04-22 16:41:43,443 INFO All: mr:210.8 mrr:28.11 hits:46.84
2020-04-22 16:41:43,454 INFO Declined in recent 2 epochs
2020-04-22 16:42:45,719 INFO [62.3] Epoch 120: loss = 16.0999
2020-04-22 16:43:48,091 INFO [62.4] Epoch 121: loss = 16.0963
2020-04-22 16:44:47,576 INFO [59.5] Epoch 122: loss = 16.0952
2020-04-22 16:45:48,514 INFO [60.9] Epoch 123: loss = 16.0721
2020-04-22 16:46:57,567 INFO [69.1] Epoch 124: loss = 16.0878
2020-04-22 16:48:03,546 INFO [66.0] Epoch 125: loss = 16.0581
2020-04-22 16:49:03,788 INFO [60.2] Epoch 126: loss = 16.0613
2020-04-22 16:50:04,082 INFO [60.3] Epoch 127: loss = 16.0529
2020-04-22 16:51:08,181 INFO [64.1] Epoch 128: loss = 16.0703
2020-04-22 16:52:10,429 INFO [62.2] Epoch 129: loss = 16.0302
2020-04-22 16:52:10,430 INFO Start Evaling...
2020-04-22 16:53:01,811 INFO Head: mr:271.8 mrr:18.81 hits:35.08
2020-04-22 16:53:01,812 INFO Tail: mr:120.7 mrr:38.33 hits:59.44
2020-04-22 16:53:01,812 INFO All: mr:196.2 mrr:28.57 hits:47.26
2020-04-22 16:53:01,821 INFO Start Evaling...
2020-04-22 16:53:59,323 INFO Head: mr:286.5 mrr:18.67 hits:34.94
2020-04-22 16:53:59,324 INFO Tail: mr:132.1 mrr:37.61 hits:59.12
2020-04-22 16:53:59,326 INFO All: mr:209.3 mrr:28.14 hits:47.03
2020-04-22 16:53:59,354 INFO Declined in recent 3 epochs
2020-04-22 16:55:04,343 INFO [65.0] Epoch 130: loss = 16.0299
2020-04-22 16:56:08,669 INFO [64.3] Epoch 131: loss = 16.0968
2020-04-22 16:57:15,825 INFO [67.2] Epoch 132: loss = 16.0439
2020-04-22 16:58:26,126 INFO [70.3] Epoch 133: loss = 16.0429
2020-04-22 16:59:29,876 INFO [63.7] Epoch 134: loss = 16.0371
2020-04-22 17:00:30,388 INFO [60.5] Epoch 135: loss = 16.0053
2020-04-22 17:01:29,565 INFO [59.2] Epoch 136: loss = 15.9892
2020-04-22 17:02:31,980 INFO [62.4] Epoch 137: loss = 15.9897
2020-04-22 17:03:34,087 INFO [62.1] Epoch 138: loss = 15.9799
2020-04-22 17:04:38,200 INFO [64.1] Epoch 139: loss = 16.0036
2020-04-22 17:04:38,201 INFO Start Evaling...
2020-04-22 17:05:28,952 INFO Head: mr:272.4 mrr:18.80 hits:34.95
2020-04-22 17:05:28,952 INFO Tail: mr:119.4 mrr:38.43 hits:59.48
2020-04-22 17:05:28,952 INFO All: mr:195.9 mrr:28.61 hits:47.22
2020-04-22 17:05:28,963 INFO Start Evaling...
2020-04-22 17:06:28,083 INFO Head: mr:288.7 mrr:18.71 hits:34.75
2020-04-22 17:06:28,083 INFO Tail: mr:132.0 mrr:37.46 hits:58.92
2020-04-22 17:06:28,083 INFO All: mr:210.3 mrr:28.08 hits:46.83
2020-04-22 17:06:28,093 INFO Declined in recent 4 epochs
2020-04-22 17:07:32,783 INFO [64.7] Epoch 140: loss = 16.0019
2020-04-22 17:08:40,352 INFO [67.6] Epoch 141: loss = 16.0114
2020-04-22 17:09:45,653 INFO [65.3] Epoch 142: loss = 16.0109
2020-04-22 17:10:48,616 INFO [63.0] Epoch 143: loss = 15.9379
2020-04-22 17:11:48,236 INFO [59.6] Epoch 144: loss = 16.0219
2020-04-22 17:12:52,271 INFO [64.0] Epoch 145: loss = 15.9923
2020-04-22 17:14:04,062 INFO [71.8] Epoch 146: loss = 16.0087
2020-04-22 17:15:12,804 INFO [68.7] Epoch 147: loss = 15.9851
2020-04-22 17:16:25,740 INFO [72.9] Epoch 148: loss = 15.9781
2020-04-22 17:17:44,382 INFO [78.6] Epoch 149: loss = 15.9719
2020-04-22 17:17:44,382 INFO Start Evaling...
2020-04-22 17:18:37,599 INFO Head: mr:272.9 mrr:19.02 hits:35.12
2020-04-22 17:18:37,599 INFO Tail: mr:120.6 mrr:38.54 hits:59.43
2020-04-22 17:18:37,599 INFO All: mr:196.7 mrr:28.78 hits:47.28
2020-04-22 17:18:37,610 INFO Start Evaling...
2020-04-22 17:19:39,603 INFO Head: mr:287.5 mrr:18.84 hits:34.76
2020-04-22 17:19:39,604 INFO Tail: mr:133.0 mrr:37.73 hits:58.95
2020-04-22 17:19:39,604 INFO All: mr:210.3 mrr:28.28 hits:46.86
2020-04-22 17:19:39,614 INFO Declined in recent 5 epochs
2020-04-22 17:19:39,615 INFO Early stopping
2020-04-22 17:19:39,615 INFO Train done
2020-04-22 17:19:39,621 INFO Start Evaling...
2020-04-22 17:20:44,475 INFO Head: mr:286.4 mrr:18.71 hits:34.94
2020-04-22 17:20:44,475 INFO Tail: mr:130.3 mrr:37.53 hits:58.72
2020-04-22 17:20:44,476 INFO All: mr:208.3 mrr:28.12 hits:46.83
