2020-05-21 03:00:12,940 INFO EPOCH: 1000
2020-05-21 03:00:12,940 INFO EVERY: 10
2020-05-21 03:00:12,941 INFO LR: 0.001
2020-05-21 03:00:12,941 INFO DIM: 100
2020-05-21 03:00:12,941 INFO BATCH_SIZE: 256
2020-05-21 03:00:12,941 INFO BATCH_SIZE2: 256
2020-05-21 03:00:12,941 INFO P: 1
2020-05-21 03:00:12,941 INFO CLIPPING_MAX_VALUE: 4.0
2020-05-21 03:00:12,941 INFO OPTIM: Adam
2020-05-21 03:00:12,941 INFO N_SAMPLE: 12
2020-05-21 03:00:12,941 INFO MODE: grap
2020-05-21 03:00:12,941 INFO RATE: 0.01
2020-05-21 03:00:12,941 INFO GAMMA: 12.0
2020-05-21 03:00:12,941 INFO BERN: True
2020-05-21 03:00:12,942 INFO MARGIN: 4.0
2020-05-21 03:00:12,942 INFO REG: 1.0
2020-05-21 03:00:12,942 INFO LABEL_SMOOTH_EPS: 0.1
2020-05-21 03:00:12,942 INFO INPUT_DROP: 0.2
2020-05-21 03:00:12,942 INFO FEAT_DROP: 0.2
2020-05-21 03:00:12,942 INFO HIDD_DROP: 0.3
2020-05-21 03:00:12,942 INFO CHANNELS: 50
2020-05-21 03:00:12,942 INFO KERNEL_SIZE: 3
2020-05-21 03:00:12,942 INFO N_POOL: 100
2020-05-21 03:00:12,942 INFO MODEL_D: TransH
2020-05-21 03:00:12,942 INFO MODEL_G: DistMult
2020-05-21 03:00:12,943 INFO SCRATCH: False
2020-05-21 03:00:12,943 INFO D_FILE: None
2020-05-21 03:00:12,943 INFO G_FILE: None
2020-05-21 03:00:12,943 INFO PATH: data
2020-05-21 03:00:12,943 INFO DATA: FB15K237
2020-05-21 03:00:12,943 INFO EXP_PATH: experiment/FB15K237
2020-05-21 03:00:12,943 INFO MODEL: TransH
2020-05-21 03:00:12,943 INFO V: 0.0
2020-05-21 03:00:12,943 INFO F: True
2020-05-21 03:00:12,943 INFO ADV: False
2020-05-21 03:00:12,943 INFO EVAL: False
2020-05-21 03:00:12,943 INFO TRAINED: False
2020-05-21 03:00:12,944 INFO PRETRAINED_NAME: None
2020-05-21 03:00:12,944 INFO EXP_NAME: TransH-FB15K237-grap-0.0
2020-05-21 03:00:12,944 INFO --------------------------------------
2020-05-21 03:00:37,865 INFO Dataload done
2020-05-21 03:00:37,866 INFO --------------------------------------
2020-05-21 03:00:37,866 INFO N_ENTITY: 14541
2020-05-21 03:00:37,866 INFO N_RELATION: 237
2020-05-21 03:00:37,866 INFO --------------------------------------
2020-05-21 03:00:41,320 INFO Start Training...
2020-05-21 03:02:05,593 INFO [84.3] Epoch 0: loss = 207.8981
2020-05-21 03:03:32,375 INFO [86.8] Epoch 1: loss = 75.6825
2020-05-21 03:04:56,885 INFO [84.5] Epoch 2: loss = 47.5056
2020-05-21 03:06:22,760 INFO [85.9] Epoch 3: loss = 36.2842
2020-05-21 03:07:49,025 INFO [86.3] Epoch 4: loss = 30.5683
2020-05-21 03:09:13,508 INFO [84.5] Epoch 5: loss = 27.1088
2020-05-21 03:10:39,462 INFO [86.0] Epoch 6: loss = 24.8848
2020-05-21 03:12:03,619 INFO [84.2] Epoch 7: loss = 23.5069
2020-05-21 03:13:28,954 INFO [85.3] Epoch 8: loss = 22.3101
2020-05-21 03:14:54,417 INFO [85.5] Epoch 9: loss = 21.5947
2020-05-21 03:14:54,418 INFO Start Evaling...
2020-05-21 03:17:31,904 INFO Head: mr:319.0 mrr:15.65 hits10:30.11 hits3:17.05 hits1:8.49
2020-05-21 03:17:31,904 INFO Tail: mr:148.5 mrr:34.16 hits10:54.57 hits3:38.28 hits1:23.91
2020-05-21 03:17:31,904 INFO All: mr:233.7 mrr:24.90 hits10:42.34 hits3:27.67 hits1:16.20
2020-05-21 03:17:31,916 INFO Start Evaling...
2020-05-21 03:20:32,724 INFO Head: mr:334.1 mrr:15.54 hits10:30.06 hits3:16.79 hits1:8.42
2020-05-21 03:20:32,725 INFO Tail: mr:156.6 mrr:33.55 hits10:53.81 hits3:37.54 hits1:23.32
2020-05-21 03:20:32,725 INFO All: mr:245.3 mrr:24.55 hits10:41.94 hits3:27.16 hits1:15.87
2020-05-21 03:20:32,738 INFO Improved and model saved
2020-05-21 03:21:57,280 INFO [84.5] Epoch 10: loss = 20.8982
2020-05-21 03:23:22,152 INFO [84.9] Epoch 11: loss = 20.3860
2020-05-21 03:24:48,658 INFO [86.5] Epoch 12: loss = 20.0246
2020-05-21 03:26:14,718 INFO [86.1] Epoch 13: loss = 19.6955
2020-05-21 03:27:39,322 INFO [84.6] Epoch 14: loss = 19.4007
2020-05-21 03:29:04,487 INFO [85.2] Epoch 15: loss = 19.1524
2020-05-21 03:30:30,268 INFO [85.8] Epoch 16: loss = 18.9199
2020-05-21 03:31:55,398 INFO [85.1] Epoch 17: loss = 18.7563
2020-05-21 03:33:19,912 INFO [84.5] Epoch 18: loss = 18.5492
2020-05-21 03:34:44,423 INFO [84.5] Epoch 19: loss = 18.2976
2020-05-21 03:34:44,423 INFO Start Evaling...
2020-05-21 03:37:23,471 INFO Head: mr:294.6 mrr:17.21 hits10:32.46 hits3:18.78 hits1:9.73
2020-05-21 03:37:23,471 INFO Tail: mr:128.5 mrr:35.34 hits10:56.89 hits3:40.01 hits1:24.57
2020-05-21 03:37:23,472 INFO All: mr:211.5 mrr:26.28 hits10:44.67 hits3:29.40 hits1:17.15
2020-05-21 03:37:23,484 INFO Start Evaling...
2020-05-21 03:40:25,484 INFO Head: mr:307.5 mrr:16.84 hits10:32.29 hits3:18.34 hits1:9.29
2020-05-21 03:40:25,484 INFO Tail: mr:141.8 mrr:34.88 hits10:56.09 hits3:39.46 hits1:24.24
2020-05-21 03:40:25,484 INFO All: mr:224.7 mrr:25.86 hits10:44.19 hits3:28.90 hits1:16.76
2020-05-21 03:40:25,497 INFO Improved and model saved
2020-05-21 03:41:51,312 INFO [85.8] Epoch 20: loss = 18.2353
2020-05-21 03:43:17,324 INFO [86.0] Epoch 21: loss = 18.2017
2020-05-21 03:44:42,641 INFO [85.3] Epoch 22: loss = 17.9767
2020-05-21 03:46:09,476 INFO [86.8] Epoch 23: loss = 17.9611
2020-05-21 03:47:36,117 INFO [86.6] Epoch 24: loss = 17.7975
2020-05-21 03:49:02,884 INFO [86.8] Epoch 25: loss = 17.6963
2020-05-21 03:50:29,283 INFO [86.4] Epoch 26: loss = 17.6337
2020-05-21 03:51:53,959 INFO [84.7] Epoch 27: loss = 17.5544
2020-05-21 03:53:18,961 INFO [85.0] Epoch 28: loss = 17.4879
2020-05-21 03:54:44,852 INFO [85.9] Epoch 29: loss = 17.5400
2020-05-21 03:54:44,852 INFO Start Evaling...
2020-05-21 03:57:23,997 INFO Head: mr:286.8 mrr:17.47 hits10:33.47 hits3:19.02 hits1:9.68
2020-05-21 03:57:23,997 INFO Tail: mr:124.3 mrr:36.26 hits10:57.55 hits3:40.83 hits1:25.63
2020-05-21 03:57:23,997 INFO All: mr:205.5 mrr:26.87 hits10:45.51 hits3:29.93 hits1:17.66
2020-05-21 03:57:24,010 INFO Start Evaling...
2020-05-21 04:00:26,489 INFO Head: mr:297.2 mrr:17.37 hits10:32.85 hits3:19.00 hits1:9.75
2020-05-21 04:00:26,489 INFO Tail: mr:135.7 mrr:35.67 hits10:56.56 hits3:39.86 hits1:25.24
2020-05-21 04:00:26,489 INFO All: mr:216.5 mrr:26.52 hits10:44.71 hits3:29.43 hits1:17.49
2020-05-21 04:00:26,504 INFO Improved and model saved
2020-05-21 04:01:53,007 INFO [86.5] Epoch 30: loss = 17.3931
2020-05-21 04:03:19,143 INFO [86.1] Epoch 31: loss = 17.2261
2020-05-21 04:04:44,032 INFO [84.9] Epoch 32: loss = 17.1806
2020-05-21 04:06:10,262 INFO [86.2] Epoch 33: loss = 17.1611
2020-05-21 04:07:35,669 INFO [85.4] Epoch 34: loss = 17.0595
2020-05-21 04:09:00,459 INFO [84.8] Epoch 35: loss = 17.0409
2020-05-21 04:10:26,259 INFO [85.8] Epoch 36: loss = 17.0738
2020-05-21 04:11:50,916 INFO [84.7] Epoch 37: loss = 16.9830
2020-05-21 04:13:16,503 INFO [85.6] Epoch 38: loss = 16.9945
2020-05-21 04:14:42,958 INFO [86.5] Epoch 39: loss = 16.8302
2020-05-21 04:14:42,959 INFO Start Evaling...
2020-05-21 04:17:22,105 INFO Head: mr:278.6 mrr:17.72 hits10:33.40 hits3:19.08 hits1:10.17
2020-05-21 04:17:22,105 INFO Tail: mr:121.2 mrr:36.21 hits10:57.42 hits3:40.88 hits1:25.49
2020-05-21 04:17:22,105 INFO All: mr:199.9 mrr:26.96 hits10:45.41 hits3:29.98 hits1:17.83
2020-05-21 04:17:22,118 INFO Start Evaling...
2020-05-21 04:20:24,166 INFO Head: mr:294.9 mrr:17.49 hits10:32.91 hits3:18.91 hits1:9.92
2020-05-21 04:20:24,167 INFO Tail: mr:133.5 mrr:35.66 hits10:57.02 hits3:40.06 hits1:24.97
2020-05-21 04:20:24,167 INFO All: mr:214.2 mrr:26.57 hits10:44.96 hits3:29.49 hits1:17.45
2020-05-21 04:20:24,181 INFO Improved and model saved
2020-05-21 04:21:50,830 INFO [86.6] Epoch 40: loss = 16.8626
2020-05-21 04:23:16,797 INFO [86.0] Epoch 41: loss = 16.8957
2020-05-21 04:24:42,985 INFO [86.2] Epoch 42: loss = 16.8114
2020-05-21 04:26:08,800 INFO [85.8] Epoch 43: loss = 16.7868
2020-05-21 04:27:33,084 INFO [84.3] Epoch 44: loss = 16.7746
2020-05-21 04:28:57,393 INFO [84.3] Epoch 45: loss = 16.7197
2020-05-21 04:30:22,195 INFO [84.8] Epoch 46: loss = 16.7600
2020-05-21 04:31:47,817 INFO [85.6] Epoch 47: loss = 16.6825
2020-05-21 04:33:12,724 INFO [84.9] Epoch 48: loss = 16.6757
2020-05-21 04:34:39,302 INFO [86.6] Epoch 49: loss = 16.6258
2020-05-21 04:34:39,303 INFO Start Evaling...
2020-05-21 04:37:18,230 INFO Head: mr:278.8 mrr:17.76 hits10:33.24 hits3:19.42 hits1:10.10
2020-05-21 04:37:18,230 INFO Tail: mr:121.0 mrr:36.75 hits10:57.67 hits3:41.28 hits1:26.23
2020-05-21 04:37:18,230 INFO All: mr:199.9 mrr:27.25 hits10:45.45 hits3:30.35 hits1:18.16
2020-05-21 04:37:18,242 INFO Start Evaling...
2020-05-21 04:40:20,506 INFO Head: mr:290.5 mrr:17.60 hits10:32.98 hits3:18.95 hits1:10.07
2020-05-21 04:40:20,507 INFO Tail: mr:134.3 mrr:36.15 hits10:57.16 hits3:40.60 hits1:25.65
2020-05-21 04:40:20,507 INFO All: mr:212.4 mrr:26.88 hits10:45.07 hits3:29.77 hits1:17.86
2020-05-21 04:40:20,520 INFO Improved and model saved
2020-05-21 04:41:46,282 INFO [85.8] Epoch 50: loss = 16.6021
2020-05-21 04:43:14,276 INFO [88.0] Epoch 51: loss = 16.6283
2020-05-21 04:44:41,366 INFO [87.1] Epoch 52: loss = 16.5764
2020-05-21 04:46:07,766 INFO [86.4] Epoch 53: loss = 16.4870
2020-05-21 04:47:33,936 INFO [86.2] Epoch 54: loss = 16.4471
2020-05-21 04:49:00,081 INFO [86.1] Epoch 55: loss = 16.4470
2020-05-21 04:50:26,303 INFO [86.2] Epoch 56: loss = 16.5259
2020-05-21 04:51:52,875 INFO [86.6] Epoch 57: loss = 16.4714
2020-05-21 04:53:18,996 INFO [86.1] Epoch 58: loss = 16.3437
2020-05-21 04:54:45,484 INFO [86.5] Epoch 59: loss = 16.4160
2020-05-21 04:54:45,484 INFO Start Evaling...
2020-05-21 04:57:24,684 INFO Head: mr:277.0 mrr:17.89 hits10:33.26 hits3:19.67 hits1:10.15
2020-05-21 04:57:24,684 INFO Tail: mr:120.1 mrr:36.36 hits10:57.85 hits3:41.01 hits1:25.61
2020-05-21 04:57:24,684 INFO All: mr:198.5 mrr:27.12 hits10:45.56 hits3:30.34 hits1:17.88
2020-05-21 04:57:24,697 INFO Start Evaling...
2020-05-21 05:00:26,770 INFO Head: mr:290.7 mrr:17.68 hits10:32.95 hits3:19.29 hits1:10.11
2020-05-21 05:00:26,771 INFO Tail: mr:132.2 mrr:36.03 hits10:57.23 hits3:40.68 hits1:25.37
2020-05-21 05:00:26,771 INFO All: mr:211.5 mrr:26.86 hits10:45.09 hits3:29.98 hits1:17.74
2020-05-21 05:00:26,784 INFO Declined in recent 1 epochs
2020-05-21 05:01:52,617 INFO [85.8] Epoch 60: loss = 16.3685
2020-05-21 05:03:18,668 INFO [86.1] Epoch 61: loss = 16.3764
2020-05-21 05:04:43,806 INFO [85.1] Epoch 62: loss = 16.3304
2020-05-21 05:06:09,108 INFO [85.3] Epoch 63: loss = 16.3556
2020-05-21 05:07:34,225 INFO [85.1] Epoch 64: loss = 16.3012
2020-05-21 05:09:00,001 INFO [85.8] Epoch 65: loss = 16.3328
2020-05-21 05:10:25,922 INFO [85.9] Epoch 66: loss = 16.2439
2020-05-21 05:11:51,822 INFO [85.9] Epoch 67: loss = 16.2494
2020-05-21 05:13:18,083 INFO [86.3] Epoch 68: loss = 16.3456
2020-05-21 05:14:43,306 INFO [85.2] Epoch 69: loss = 16.2752
2020-05-21 05:14:43,306 INFO Start Evaling...
2020-05-21 05:17:21,448 INFO Head: mr:275.3 mrr:18.02 hits10:33.95 hits3:19.49 hits1:10.31
2020-05-21 05:17:21,448 INFO Tail: mr:119.7 mrr:36.45 hits10:58.16 hits3:40.95 hits1:25.70
2020-05-21 05:17:21,449 INFO All: mr:197.5 mrr:27.24 hits10:46.06 hits3:30.22 hits1:18.00
2020-05-21 05:17:21,461 INFO Start Evaling...
2020-05-21 05:20:21,712 INFO Head: mr:289.0 mrr:17.57 hits10:33.46 hits3:19.20 hits1:9.77
2020-05-21 05:20:21,712 INFO Tail: mr:132.2 mrr:35.88 hits10:57.48 hits3:40.32 hits1:25.21
2020-05-21 05:20:21,712 INFO All: mr:210.6 mrr:26.72 hits10:45.47 hits3:29.76 hits1:17.49
2020-05-21 05:20:21,725 INFO Declined in recent 2 epochs
2020-05-21 05:21:46,135 INFO [84.4] Epoch 70: loss = 16.1627
2020-05-21 05:23:12,731 INFO [86.6] Epoch 71: loss = 16.2514
2020-05-21 05:24:37,623 INFO [84.9] Epoch 72: loss = 16.2523
2020-05-21 05:26:02,417 INFO [84.8] Epoch 73: loss = 16.2124
2020-05-21 05:27:28,010 INFO [85.6] Epoch 74: loss = 16.1434
2020-05-21 05:28:55,640 INFO [87.6] Epoch 75: loss = 16.2188
2020-05-21 05:30:20,213 INFO [84.6] Epoch 76: loss = 16.1591
2020-05-21 05:31:46,338 INFO [86.1] Epoch 77: loss = 16.1540
2020-05-21 05:33:11,790 INFO [85.5] Epoch 78: loss = 16.1525
2020-05-21 05:34:36,561 INFO [84.8] Epoch 79: loss = 16.2108
2020-05-21 05:34:36,562 INFO Start Evaling...
2020-05-21 05:37:15,647 INFO Head: mr:279.1 mrr:18.12 hits10:33.16 hits3:19.80 hits1:10.51
2020-05-21 05:37:15,647 INFO Tail: mr:121.7 mrr:36.72 hits10:57.86 hits3:41.42 hits1:26.00
2020-05-21 05:37:15,647 INFO All: mr:200.4 mrr:27.42 hits10:45.51 hits3:30.61 hits1:18.25
2020-05-21 05:37:15,660 INFO Start Evaling...
2020-05-21 05:40:18,102 INFO Head: mr:292.7 mrr:17.63 hits10:33.37 hits3:19.38 hits1:9.78
2020-05-21 05:40:18,102 INFO Tail: mr:133.3 mrr:36.16 hits10:57.06 hits3:40.72 hits1:25.47
2020-05-21 05:40:18,102 INFO All: mr:213.0 mrr:26.89 hits10:45.21 hits3:30.05 hits1:17.63
2020-05-21 05:40:18,116 INFO Improved and model saved
