2020-03-30 18:10:27,697 INFO EPOCH: 1000
2020-03-30 18:10:27,698 INFO EVERY: 10
2020-03-30 18:10:27,698 INFO LR: 0.001
2020-03-30 18:10:27,698 INFO DIM: 100
2020-03-30 18:10:27,698 INFO BATCH_SIZE: 128
2020-03-30 18:10:27,698 INFO BATCH_SIZE2: 128
2020-03-30 18:10:27,698 INFO P: 1
2020-03-30 18:10:27,698 INFO CLIPPING_MAX_VALUE: 4.0
2020-03-30 18:10:27,698 INFO OPTIM: Adam
2020-03-30 18:10:27,698 INFO N_SAMPLE: 12
2020-03-30 18:10:27,698 INFO MODE: popu
2020-03-30 18:10:27,698 INFO GAMMA: 12.0
2020-03-30 18:10:27,698 INFO BERN: True
2020-03-30 18:10:27,698 INFO MARGIN: 4.0
2020-03-30 18:10:27,698 INFO REG: 1.0
2020-03-30 18:10:27,698 INFO LABEL_SMOOTH_EPS: 0.1
2020-03-30 18:10:27,698 INFO INPUT_DROP: 0.2
2020-03-30 18:10:27,698 INFO FEAT_DROP: 0.2
2020-03-30 18:10:27,698 INFO HIDD_DROP: 0.3
2020-03-30 18:10:27,698 INFO CHANNELS: 50
2020-03-30 18:10:27,698 INFO KERNEL_SIZE: 3
2020-03-30 18:10:27,698 INFO N_POOL: 100
2020-03-30 18:10:27,698 INFO MODEL_D: TransH
2020-03-30 18:10:27,698 INFO MODEL_G: DistMult
2020-03-30 18:10:27,698 INFO D_FILE: None
2020-03-30 18:10:27,698 INFO G_FILE: None
2020-03-30 18:10:27,698 INFO PATH: data
2020-03-30 18:10:27,699 INFO DATA: FB15K237
2020-03-30 18:10:27,699 INFO EXP_PATH: experiment/FB15K237
2020-03-30 18:10:27,699 INFO MODEL: TransH
2020-03-30 18:10:27,699 INFO V: 0
2020-03-30 18:10:27,699 INFO F: False
2020-03-30 18:10:27,699 INFO EVAL: False
2020-03-30 18:10:27,699 INFO TRAINED: False
2020-03-30 18:10:27,699 INFO PRETRAINED_NAME: None
2020-03-30 18:10:27,699 INFO EXP_NAME: TransH-FB15K237-popu-0
2020-03-30 18:10:27,699 INFO --------------------------------------
2020-03-30 18:10:32,745 INFO Dataload done
2020-03-30 18:10:32,745 INFO --------------------------------------
2020-03-30 18:10:32,746 INFO N_ENTITY: 14541
2020-03-30 18:10:32,746 INFO N_RELATION: 237
2020-03-30 18:10:32,746 INFO --------------------------------------
2020-03-30 18:10:35,326 INFO Start Training...
2020-03-30 18:12:09,598 INFO [94.3] Epoch 0: loss = 87.7185
2020-03-30 18:13:46,662 INFO [97.1] Epoch 1: loss = 34.9421
2020-03-30 18:15:21,948 INFO [95.3] Epoch 2: loss = 25.2101
2020-03-30 18:17:01,047 INFO [99.1] Epoch 3: loss = 21.2356
2020-03-30 18:18:22,285 INFO [81.2] Epoch 4: loss = 19.1357
2020-03-30 18:19:56,147 INFO [93.9] Epoch 5: loss = 17.9149
2020-03-30 18:21:31,409 INFO [95.3] Epoch 6: loss = 17.2078
2020-03-30 18:23:15,197 INFO [103.8] Epoch 7: loss = 16.5994
2020-03-30 18:24:49,581 INFO [94.4] Epoch 8: loss = 16.2260
2020-03-30 18:26:20,823 INFO [91.2] Epoch 9: loss = 15.9120
2020-03-30 18:26:20,824 INFO Start Evaling...
2020-03-30 18:26:56,687 INFO Head: mr:303.7 mrr:15.46 hits:29.68
2020-03-30 18:26:56,688 INFO Tail: mr:141.0 mrr:32.68 hits:52.37
2020-03-30 18:26:56,688 INFO All: mr:222.3 mrr:24.07 hits:41.02
2020-03-30 18:26:56,697 INFO Improved and model saved
2020-03-30 18:28:23,676 INFO [87.0] Epoch 10: loss = 15.6811
2020-03-30 18:30:06,659 INFO [103.0] Epoch 11: loss = 15.4912
2020-03-30 18:31:48,004 INFO [101.3] Epoch 12: loss = 15.4029
2020-03-30 18:33:14,005 INFO [86.0] Epoch 13: loss = 15.2574
2020-03-30 18:34:51,224 INFO [97.2] Epoch 14: loss = 15.0924
2020-03-30 18:36:22,110 INFO [90.9] Epoch 15: loss = 14.9743
2020-03-30 18:38:01,230 INFO [99.1] Epoch 16: loss = 14.8932
2020-03-30 18:39:33,007 INFO [91.8] Epoch 17: loss = 14.9156
2020-03-30 18:41:06,766 INFO [93.8] Epoch 18: loss = 14.8053
2020-03-30 18:42:40,199 INFO [93.4] Epoch 19: loss = 14.7263
2020-03-30 18:42:40,199 INFO Start Evaling...
2020-03-30 18:43:16,204 INFO Head: mr:279.5 mrr:16.20 hits:30.84
2020-03-30 18:43:16,204 INFO Tail: mr:129.6 mrr:33.57 hits:53.64
2020-03-30 18:43:16,204 INFO All: mr:204.6 mrr:24.88 hits:42.24
2020-03-30 18:43:16,222 INFO Improved and model saved
2020-03-30 18:44:54,994 INFO [98.8] Epoch 20: loss = 14.6412
2020-03-30 18:46:23,994 INFO [89.0] Epoch 21: loss = 14.6263
2020-03-30 18:47:57,747 INFO [93.8] Epoch 22: loss = 14.5837
2020-03-30 18:49:44,909 INFO [107.2] Epoch 23: loss = 14.4913
2020-03-30 18:51:10,877 INFO [86.0] Epoch 24: loss = 14.5123
2020-03-30 18:52:46,115 INFO [95.2] Epoch 25: loss = 14.4102
2020-03-30 18:54:15,099 INFO [89.0] Epoch 26: loss = 14.4229
2020-03-30 18:55:53,958 INFO [98.9] Epoch 27: loss = 14.3643
2020-03-30 18:57:33,261 INFO [99.3] Epoch 28: loss = 14.3031
2020-03-30 18:59:10,714 INFO [97.5] Epoch 29: loss = 14.3214
2020-03-30 18:59:10,714 INFO Start Evaling...
2020-03-30 18:59:46,712 INFO Head: mr:273.6 mrr:16.30 hits:31.26
2020-03-30 18:59:46,713 INFO Tail: mr:128.0 mrr:33.39 hits:53.58
2020-03-30 18:59:46,713 INFO All: mr:200.8 mrr:24.85 hits:42.42
2020-03-30 18:59:46,726 INFO Improved and model saved
2020-03-30 19:01:23,349 INFO [96.6] Epoch 30: loss = 14.3091
2020-03-30 19:02:57,635 INFO [94.3] Epoch 31: loss = 14.2524
2020-03-30 19:04:32,207 INFO [94.6] Epoch 32: loss = 14.2589
2020-03-30 19:06:13,584 INFO [101.4] Epoch 33: loss = 14.2417
2020-03-30 19:07:47,864 INFO [94.3] Epoch 34: loss = 14.2404
2020-03-30 19:09:19,818 INFO [92.0] Epoch 35: loss = 14.1800
2020-03-30 19:10:52,944 INFO [93.1] Epoch 36: loss = 14.1715
2020-03-30 19:12:35,584 INFO [102.6] Epoch 37: loss = 14.1454
2020-03-30 19:14:10,375 INFO [94.8] Epoch 38: loss = 14.1131
2020-03-30 19:15:48,189 INFO [97.8] Epoch 39: loss = 14.1345
2020-03-30 19:15:48,190 INFO Start Evaling...
2020-03-30 19:16:25,059 INFO Head: mr:273.8 mrr:16.58 hits:31.77
2020-03-30 19:16:25,062 INFO Tail: mr:125.9 mrr:34.25 hits:54.01
2020-03-30 19:16:25,062 INFO All: mr:199.8 mrr:25.42 hits:42.89
2020-03-30 19:16:25,082 INFO Improved and model saved
2020-03-30 19:17:59,598 INFO [94.5] Epoch 40: loss = 14.0918
2020-03-30 19:19:35,758 INFO [96.2] Epoch 41: loss = 14.0782
2020-03-30 19:21:12,992 INFO [97.2] Epoch 42: loss = 14.0671
2020-03-30 19:22:40,515 INFO [87.5] Epoch 43: loss = 14.0703
2020-03-30 19:24:27,367 INFO [106.9] Epoch 44: loss = 14.0496
2020-03-30 19:25:57,133 INFO [89.8] Epoch 45: loss = 14.0012
2020-03-30 19:27:37,083 INFO [99.9] Epoch 46: loss = 14.0084
2020-03-30 19:29:12,650 INFO [95.6] Epoch 47: loss = 14.0126
2020-03-30 19:30:44,404 INFO [91.8] Epoch 48: loss = 13.9936
2020-03-30 19:32:20,066 INFO [95.7] Epoch 49: loss = 14.0429
2020-03-30 19:32:20,066 INFO Start Evaling...
2020-03-30 19:32:55,968 INFO Head: mr:271.6 mrr:16.83 hits:32.47
2020-03-30 19:32:55,969 INFO Tail: mr:126.0 mrr:34.33 hits:54.45
2020-03-30 19:32:55,969 INFO All: mr:198.8 mrr:25.58 hits:43.46
2020-03-30 19:32:55,978 INFO Improved and model saved
2020-03-30 19:34:30,714 INFO [94.7] Epoch 50: loss = 13.9595
2020-03-30 19:36:08,171 INFO [97.5] Epoch 51: loss = 13.9985
2020-03-30 19:37:50,000 INFO [101.8] Epoch 52: loss = 13.9649
2020-03-30 19:39:28,116 INFO [98.1] Epoch 53: loss = 13.8974
2020-03-30 19:40:59,658 INFO [91.5] Epoch 54: loss = 13.9016
2020-03-30 19:42:39,339 INFO [99.7] Epoch 55: loss = 13.9770
2020-03-30 19:44:11,924 INFO [92.6] Epoch 56: loss = 13.9540
2020-03-30 19:45:54,076 INFO [102.2] Epoch 57: loss = 13.9414
2020-03-30 19:47:37,075 INFO [103.0] Epoch 58: loss = 13.9507
2020-03-30 19:49:12,010 INFO [94.9] Epoch 59: loss = 13.8911
2020-03-30 19:49:12,011 INFO Start Evaling...
2020-03-30 19:49:49,257 INFO Head: mr:266.2 mrr:16.64 hits:31.91
2020-03-30 19:49:49,257 INFO Tail: mr:125.6 mrr:34.44 hits:54.23
2020-03-30 19:49:49,257 INFO All: mr:195.9 mrr:25.54 hits:43.07
2020-03-30 19:49:49,267 INFO Declined in recent 1 epochs
2020-03-30 19:51:17,460 INFO [88.2] Epoch 60: loss = 13.8956
2020-03-30 19:52:45,259 INFO [87.8] Epoch 61: loss = 13.8686
2020-03-30 19:54:10,731 INFO [85.5] Epoch 62: loss = 13.9024
2020-03-30 19:55:43,214 INFO [92.5] Epoch 63: loss = 13.9429
2020-03-30 19:57:12,614 INFO [89.4] Epoch 64: loss = 13.8668
2020-03-30 19:58:39,165 INFO [86.5] Epoch 65: loss = 13.8492
2020-03-30 20:00:09,014 INFO [89.8] Epoch 66: loss = 13.8464
2020-03-30 20:01:41,201 INFO [92.2] Epoch 67: loss = 13.8601
2020-03-30 20:03:09,165 INFO [88.0] Epoch 68: loss = 13.8517
2020-03-30 20:04:54,875 INFO [105.7] Epoch 69: loss = 13.8410
2020-03-30 20:04:54,876 INFO Start Evaling...
2020-03-30 20:05:30,234 INFO Head: mr:267.6 mrr:16.92 hits:32.10
2020-03-30 20:05:30,234 INFO Tail: mr:125.6 mrr:34.24 hits:54.54
2020-03-30 20:05:30,234 INFO All: mr:196.6 mrr:25.58 hits:43.32
2020-03-30 20:05:30,244 INFO Declined in recent 2 epochs
2020-03-30 20:07:05,732 INFO [95.5] Epoch 70: loss = 13.8295
2020-03-30 20:08:40,986 INFO [95.3] Epoch 71: loss = 13.8158
2020-03-30 20:10:26,706 INFO [105.7] Epoch 72: loss = 13.7850
2020-03-30 20:12:02,509 INFO [95.8] Epoch 73: loss = 13.8559
2020-03-30 20:13:33,532 INFO [91.0] Epoch 74: loss = 13.7535
2020-03-30 20:15:13,711 INFO [100.2] Epoch 75: loss = 13.8054
2020-03-30 20:17:00,773 INFO [107.1] Epoch 76: loss = 13.7023
2020-03-30 20:18:43,468 INFO [102.7] Epoch 77: loss = 13.7893
2020-03-30 20:20:19,247 INFO [95.8] Epoch 78: loss = 13.8162
2020-03-30 20:21:56,731 INFO [97.5] Epoch 79: loss = 13.7550
2020-03-30 20:21:56,732 INFO Start Evaling...
2020-03-30 20:22:30,874 INFO Head: mr:266.9 mrr:16.62 hits:32.15
2020-03-30 20:22:30,876 INFO Tail: mr:127.5 mrr:34.18 hits:54.41
2020-03-30 20:22:30,877 INFO All: mr:197.2 mrr:25.40 hits:43.28
2020-03-30 20:22:30,895 INFO Declined in recent 3 epochs
2020-03-30 20:24:04,346 INFO [93.5] Epoch 80: loss = 13.7975
2020-03-30 20:25:37,050 INFO [92.7] Epoch 81: loss = 13.7854
2020-03-30 20:27:36,238 INFO [119.2] Epoch 82: loss = 13.7839
2020-03-30 20:29:44,180 INFO [127.9] Epoch 83: loss = 13.7957
2020-03-30 20:31:47,645 INFO [123.5] Epoch 84: loss = 13.7470
2020-03-30 20:33:41,548 INFO [113.9] Epoch 85: loss = 13.7460
2020-03-30 20:35:52,986 INFO [131.4] Epoch 86: loss = 13.7778
2020-03-30 20:38:06,414 INFO [133.4] Epoch 87: loss = 13.7663
2020-03-30 20:40:20,397 INFO [134.0] Epoch 88: loss = 13.7593
2020-03-30 20:41:54,061 INFO [93.7] Epoch 89: loss = 13.7255
2020-03-30 20:41:54,061 INFO Start Evaling...
2020-03-30 20:42:28,109 INFO Head: mr:268.8 mrr:16.96 hits:31.78
2020-03-30 20:42:28,110 INFO Tail: mr:127.6 mrr:34.59 hits:54.64
2020-03-30 20:42:28,110 INFO All: mr:198.2 mrr:25.77 hits:43.21
2020-03-30 20:42:28,120 INFO Declined in recent 4 epochs
2020-03-30 20:44:20,441 INFO [112.3] Epoch 90: loss = 13.6925
2020-03-30 20:45:57,586 INFO [97.1] Epoch 91: loss = 13.7065
2020-03-30 20:47:53,504 INFO [115.9] Epoch 92: loss = 13.7262
2020-03-30 20:49:14,839 INFO [81.3] Epoch 93: loss = 13.7567
2020-03-30 20:51:01,931 INFO [107.1] Epoch 94: loss = 13.7230
2020-03-30 20:53:12,152 INFO [130.2] Epoch 95: loss = 13.7097
2020-03-30 20:55:17,587 INFO [125.4] Epoch 96: loss = 13.7078
2020-03-30 20:57:24,308 INFO [126.7] Epoch 97: loss = 13.7077
2020-03-30 20:59:40,120 INFO [135.8] Epoch 98: loss = 13.6942
2020-03-30 21:01:53,678 INFO [133.6] Epoch 99: loss = 13.6760
2020-03-30 21:01:53,679 INFO Start Evaling...
2020-03-30 21:02:28,208 INFO Head: mr:270.7 mrr:16.80 hits:32.15
2020-03-30 21:02:28,209 INFO Tail: mr:126.1 mrr:34.48 hits:54.47
2020-03-30 21:02:28,209 INFO All: mr:198.4 mrr:25.64 hits:43.31
2020-03-30 21:02:28,223 INFO Declined in recent 5 epochs
2020-03-30 21:02:28,223 INFO Early stopping
2020-03-30 21:02:28,223 INFO Train done
2020-03-30 21:02:28,229 INFO Start Evaling...
2020-03-30 21:03:07,544 INFO Head: mr:281.1 mrr:16.56 hits:32.27
2020-03-30 21:03:07,545 INFO Tail: mr:137.1 mrr:33.75 hits:53.94
2020-03-30 21:03:07,545 INFO All: mr:209.1 mrr:25.16 hits:43.10
