2020-05-20 01:38:09,102 INFO EPOCH: 1000
2020-05-20 01:38:09,102 INFO EVERY: 10
2020-05-20 01:38:09,102 INFO LR: 0.001
2020-05-20 01:38:09,102 INFO DIM: 200
2020-05-20 01:38:09,102 INFO BATCH_SIZE: 128
2020-05-20 01:38:09,102 INFO BATCH_SIZE2: 16
2020-05-20 01:38:09,103 INFO P: 1
2020-05-20 01:38:09,103 INFO CLIPPING_MAX_VALUE: 4.0
2020-05-20 01:38:09,103 INFO OPTIM: Adam
2020-05-20 01:38:09,103 INFO N_SAMPLE: 1000
2020-05-20 01:38:09,103 INFO MODE: 1vsN
2020-05-20 01:38:09,103 INFO RATE: 0.0
2020-05-20 01:38:09,103 INFO GAMMA: 12.0
2020-05-20 01:38:09,103 INFO BERN: True
2020-05-20 01:38:09,103 INFO MARGIN: 4.0
2020-05-20 01:38:09,103 INFO REG: 1.0
2020-05-20 01:38:09,103 INFO LABEL_SMOOTH_EPS: 0.1
2020-05-20 01:38:09,104 INFO INPUT_DROP: 0.2
2020-05-20 01:38:09,104 INFO FEAT_DROP: 0.2
2020-05-20 01:38:09,104 INFO HIDD_DROP: 0.3
2020-05-20 01:38:09,104 INFO CHANNELS: 50
2020-05-20 01:38:09,104 INFO KERNEL_SIZE: 3
2020-05-20 01:38:09,104 INFO N_POOL: 100
2020-05-20 01:38:09,104 INFO MODEL_D: TransH
2020-05-20 01:38:09,104 INFO MODEL_G: DistMult
2020-05-20 01:38:09,104 INFO SCRATCH: False
2020-05-20 01:38:09,104 INFO D_FILE: None
2020-05-20 01:38:09,104 INFO G_FILE: None
2020-05-20 01:38:09,104 INFO PATH: data
2020-05-20 01:38:09,105 INFO DATA: WN18RR
2020-05-20 01:38:09,105 INFO EXP_PATH: experiment/WN18RR
2020-05-20 01:38:09,105 INFO MODEL: ConvE
2020-05-20 01:38:09,105 INFO V: 0.0
2020-05-20 01:38:09,105 INFO F: True
2020-05-20 01:38:09,105 INFO EVAL: False
2020-05-20 01:38:09,105 INFO TRAINED: False
2020-05-20 01:38:09,105 INFO PRETRAINED_NAME: None
2020-05-20 01:38:09,105 INFO EXP_NAME: ConvE-WN18RR-1vsN-0.0
2020-05-20 01:38:09,105 INFO --------------------------------------
2020-05-20 01:38:15,052 INFO Dataload done
2020-05-20 01:38:15,052 INFO --------------------------------------
2020-05-20 01:38:15,052 INFO N_ENTITY: 40943
2020-05-20 01:38:15,052 INFO N_RELATION: 11
2020-05-20 01:38:15,052 INFO --------------------------------------
2020-05-20 01:38:18,611 INFO Start Training...
2020-05-20 01:41:40,640 INFO [202.0] Epoch 0: loss = 0.0392
2020-05-20 01:45:02,392 INFO [201.8] Epoch 1: loss = 0.0134
2020-05-20 01:48:24,821 INFO [202.4] Epoch 2: loss = 0.0133
2020-05-20 01:51:47,404 INFO [202.6] Epoch 3: loss = 0.0131
2020-05-20 01:55:09,611 INFO [202.2] Epoch 4: loss = 0.0128
2020-05-20 01:58:31,600 INFO [202.0] Epoch 5: loss = 0.0125
2020-05-20 02:01:54,085 INFO [202.5] Epoch 6: loss = 0.0120
2020-05-20 02:05:16,875 INFO [202.8] Epoch 7: loss = 0.0115
2020-05-20 02:08:39,073 INFO [202.2] Epoch 8: loss = 0.0111
2020-05-20 02:12:01,398 INFO [202.3] Epoch 9: loss = 0.0107
2020-05-20 02:12:01,399 INFO Start Evaling...
2020-05-20 02:13:44,004 INFO Head: mr:5593.9 mrr:25.37 hits:36.16
2020-05-20 02:13:44,004 INFO Tail: mr:3245.2 mrr:28.51 hits:42.62
2020-05-20 02:13:44,004 INFO All: mr:4419.5 mrr:26.94 hits:39.39
2020-05-20 02:13:44,006 INFO Start Evaling...
2020-05-20 02:15:29,476 INFO Head: mr:5716.1 mrr:24.49 hits:35.96
2020-05-20 02:15:29,476 INFO Tail: mr:3219.9 mrr:28.50 hits:41.83
2020-05-20 02:15:29,476 INFO All: mr:4468.0 mrr:26.49 hits:38.90
2020-05-20 02:15:29,478 INFO Improved and model saved
2020-05-20 02:18:51,918 INFO [202.2] Epoch 10: loss = 0.0105
2020-05-20 02:22:14,058 INFO [202.1] Epoch 11: loss = 0.0103
2020-05-20 02:25:36,312 INFO [202.3] Epoch 12: loss = 0.0101
2020-05-20 02:28:58,530 INFO [202.2] Epoch 13: loss = 0.0100
2020-05-20 02:32:20,540 INFO [202.0] Epoch 14: loss = 0.0099
2020-05-20 02:35:43,028 INFO [202.5] Epoch 15: loss = 0.0098
2020-05-20 02:39:05,683 INFO [202.7] Epoch 16: loss = 0.0097
2020-05-20 02:42:27,874 INFO [202.2] Epoch 17: loss = 0.0097
2020-05-20 02:45:50,014 INFO [202.1] Epoch 18: loss = 0.0096
2020-05-20 02:49:12,526 INFO [202.5] Epoch 19: loss = 0.0096
2020-05-20 02:49:12,526 INFO Start Evaling...
2020-05-20 02:50:55,124 INFO Head: mr:4928.9 mrr:33.84 hits:45.85
2020-05-20 02:50:55,125 INFO Tail: mr:3373.9 mrr:37.50 hits:50.73
2020-05-20 02:50:55,125 INFO All: mr:4151.4 mrr:35.67 hits:48.29
2020-05-20 02:50:55,127 INFO Start Evaling...
2020-05-20 02:52:40,589 INFO Head: mr:4799.9 mrr:33.36 hits:45.09
2020-05-20 02:52:40,589 INFO Tail: mr:3193.8 mrr:37.41 hits:51.47
2020-05-20 02:52:40,589 INFO All: mr:3996.9 mrr:35.38 hits:48.28
2020-05-20 02:52:40,591 INFO Improved and model saved
2020-05-20 02:56:02,640 INFO [202.0] Epoch 20: loss = 0.0095
2020-05-20 02:59:24,892 INFO [202.3] Epoch 21: loss = 0.0095
2020-05-20 03:02:47,444 INFO [202.6] Epoch 22: loss = 0.0095
2020-05-20 03:06:09,417 INFO [202.0] Epoch 23: loss = 0.0094
2020-05-20 03:09:31,596 INFO [202.2] Epoch 24: loss = 0.0094
2020-05-20 03:12:53,819 INFO [202.2] Epoch 25: loss = 0.0094
2020-05-20 03:16:15,798 INFO [202.0] Epoch 26: loss = 0.0094
2020-05-20 03:19:38,360 INFO [202.6] Epoch 27: loss = 0.0093
2020-05-20 03:23:00,778 INFO [202.4] Epoch 28: loss = 0.0093
2020-05-20 03:26:22,513 INFO [201.7] Epoch 29: loss = 0.0093
2020-05-20 03:26:22,513 INFO Start Evaling...
2020-05-20 03:28:05,119 INFO Head: mr:4864.6 mrr:34.46 hits:47.00
2020-05-20 03:28:05,119 INFO Tail: mr:3437.3 mrr:37.40 hits:52.08
2020-05-20 03:28:05,120 INFO All: mr:4150.9 mrr:35.93 hits:49.54
2020-05-20 03:28:05,121 INFO Start Evaling...
2020-05-20 03:29:50,592 INFO Head: mr:4756.6 mrr:34.01 hits:46.65
2020-05-20 03:29:50,592 INFO Tail: mr:3118.7 mrr:37.80 hits:52.62
2020-05-20 03:29:50,592 INFO All: mr:3937.6 mrr:35.90 hits:49.63
2020-05-20 03:29:50,594 INFO Improved and model saved
