2020-05-08 18:38:09,154 INFO EPOCH: 1000
2020-05-08 18:38:09,154 INFO EVERY: 10
2020-05-08 18:38:09,154 INFO LR: 0.001
2020-05-08 18:38:09,154 INFO DIM: 200
2020-05-08 18:38:09,154 INFO BATCH_SIZE: 128
2020-05-08 18:38:09,154 INFO BATCH_SIZE2: 16
2020-05-08 18:38:09,154 INFO P: 1
2020-05-08 18:38:09,154 INFO CLIPPING_MAX_VALUE: 4.0
2020-05-08 18:38:09,154 INFO OPTIM: Adam
2020-05-08 18:38:09,154 INFO N_SAMPLE: 10000
2020-05-08 18:38:09,154 INFO MODE: 1vsN
2020-05-08 18:38:09,154 INFO RATE: 0.0
2020-05-08 18:38:09,154 INFO GAMMA: 12.0
2020-05-08 18:38:09,155 INFO BERN: True
2020-05-08 18:38:09,155 INFO MARGIN: 4.0
2020-05-08 18:38:09,155 INFO REG: 1.0
2020-05-08 18:38:09,155 INFO LABEL_SMOOTH_EPS: 0.1
2020-05-08 18:38:09,155 INFO INPUT_DROP: 0.2
2020-05-08 18:38:09,155 INFO FEAT_DROP: 0.2
2020-05-08 18:38:09,155 INFO HIDD_DROP: 0.3
2020-05-08 18:38:09,155 INFO CHANNELS: 50
2020-05-08 18:38:09,155 INFO KERNEL_SIZE: 3
2020-05-08 18:38:09,155 INFO N_POOL: 100
2020-05-08 18:38:09,155 INFO MODEL_D: TransH
2020-05-08 18:38:09,155 INFO MODEL_G: DistMult
2020-05-08 18:38:09,155 INFO SCRATCH: False
2020-05-08 18:38:09,155 INFO D_FILE: None
2020-05-08 18:38:09,155 INFO G_FILE: None
2020-05-08 18:38:09,155 INFO PATH: data
2020-05-08 18:38:09,155 INFO DATA: WN18RR
2020-05-08 18:38:09,156 INFO EXP_PATH: experiment/WN18RR
2020-05-08 18:38:09,156 INFO MODEL: ConvE
2020-05-08 18:38:09,156 INFO V: 0
2020-05-08 18:38:09,156 INFO F: True
2020-05-08 18:38:09,156 INFO EVAL: False
2020-05-08 18:38:09,156 INFO TRAINED: False
2020-05-08 18:38:09,156 INFO PRETRAINED_NAME: None
2020-05-08 18:38:09,156 INFO EXP_NAME: ConvE-WN18RR-1vsN-0
2020-05-08 18:38:09,156 INFO --------------------------------------
2020-05-08 18:39:25,575 INFO Dataload done
2020-05-08 18:39:25,576 INFO --------------------------------------
2020-05-08 18:39:25,576 INFO N_ENTITY: 40943
2020-05-08 18:39:25,576 INFO N_RELATION: 11
2020-05-08 18:39:25,576 INFO --------------------------------------
2020-05-08 18:39:30,438 INFO Start Training...
2020-05-08 18:39:58,392 INFO [28.0] Epoch 0: loss = 0.0196
2020-05-08 18:40:23,662 INFO [25.3] Epoch 1: loss = 0.0019
2020-05-08 18:40:49,222 INFO [25.6] Epoch 2: loss = 0.0018
2020-05-08 18:41:14,687 INFO [25.5] Epoch 3: loss = 0.0018
2020-05-08 18:41:40,414 INFO [25.7] Epoch 4: loss = 0.0018
2020-05-08 18:42:06,422 INFO [26.0] Epoch 5: loss = 0.0018
2020-05-08 18:42:33,189 INFO [26.8] Epoch 6: loss = 0.0018
2020-05-08 18:43:00,324 INFO [27.1] Epoch 7: loss = 0.0018
2020-05-08 18:43:27,022 INFO [26.7] Epoch 8: loss = 0.0018
2020-05-08 18:43:53,687 INFO [26.7] Epoch 9: loss = 0.0018
2020-05-08 18:43:53,688 INFO Start Evaling...
2020-05-08 18:44:03,204 INFO Head: mr:14306.5 mrr:1.64 hits:2.70
2020-05-08 18:44:03,205 INFO Tail: mr:9347.0 mrr:3.49 hits:6.82
2020-05-08 18:44:03,205 INFO All: mr:11826.7 mrr:2.57 hits:4.76
2020-05-08 18:44:03,208 INFO Start Evaling...
2020-05-08 18:44:13,602 INFO Head: mr:14347.5 mrr:1.77 hits:2.49
2020-05-08 18:44:13,603 INFO Tail: mr:8638.0 mrr:3.65 hits:6.64
2020-05-08 18:44:13,603 INFO All: mr:11492.7 mrr:2.71 hits:4.56
2020-05-08 18:44:13,604 INFO Improved and model saved
2020-05-08 18:44:40,103 INFO [26.4] Epoch 10: loss = 0.0017
2020-05-08 18:45:06,478 INFO [26.4] Epoch 11: loss = 0.0017
2020-05-08 18:45:31,263 INFO [24.8] Epoch 12: loss = 0.0017
2020-05-08 18:45:56,828 INFO [25.6] Epoch 13: loss = 0.0017
2020-05-08 18:46:23,029 INFO [26.2] Epoch 14: loss = 0.0016
2020-05-08 18:46:49,330 INFO [26.3] Epoch 15: loss = 0.0016
2020-05-08 18:47:15,632 INFO [26.3] Epoch 16: loss = 0.0016
2020-05-08 18:47:42,509 INFO [26.9] Epoch 17: loss = 0.0015
2020-05-08 18:48:09,285 INFO [26.8] Epoch 18: loss = 0.0015
2020-05-08 18:48:35,483 INFO [26.2] Epoch 19: loss = 0.0015
2020-05-08 18:48:35,484 INFO Start Evaling...
2020-05-08 18:48:45,324 INFO Head: mr:11285.7 mrr:15.75 hits:21.69
2020-05-08 18:48:45,324 INFO Tail: mr:8817.4 mrr:16.66 hits:24.19
2020-05-08 18:48:45,324 INFO All: mr:10051.6 mrr:16.21 hits:22.94
2020-05-08 18:48:45,327 INFO Start Evaling...
2020-05-08 18:48:55,691 INFO Head: mr:11331.2 mrr:14.60 hits:20.42
2020-05-08 18:48:55,691 INFO Tail: mr:8994.6 mrr:16.32 hits:24.03
2020-05-08 18:48:55,691 INFO All: mr:10162.9 mrr:15.46 hits:22.22
2020-05-08 18:48:55,694 INFO Improved and model saved
2020-05-08 18:49:21,803 INFO [26.0] Epoch 20: loss = 0.0014
2020-05-08 18:49:48,049 INFO [26.2] Epoch 21: loss = 0.0014
2020-05-08 18:50:14,169 INFO [26.1] Epoch 22: loss = 0.0014
2020-05-08 18:50:40,729 INFO [26.6] Epoch 23: loss = 0.0014
2020-05-08 18:51:06,765 INFO [26.0] Epoch 24: loss = 0.0013
2020-05-08 18:51:32,375 INFO [25.6] Epoch 25: loss = 0.0013
2020-05-08 18:51:58,412 INFO [26.0] Epoch 26: loss = 0.0013
2020-05-08 18:52:24,440 INFO [26.0] Epoch 27: loss = 0.0013
2020-05-08 18:52:49,976 INFO [25.5] Epoch 28: loss = 0.0013
2020-05-08 18:53:15,835 INFO [25.9] Epoch 29: loss = 0.0013
2020-05-08 18:53:15,836 INFO Start Evaling...
2020-05-08 18:53:25,034 INFO Head: mr:11086.5 mrr:18.92 hits:24.56
2020-05-08 18:53:25,034 INFO Tail: mr:9278.4 mrr:20.08 hits:27.49
2020-05-08 18:53:25,034 INFO All: mr:10182.4 mrr:19.50 hits:26.02
2020-05-08 18:53:25,036 INFO Start Evaling...
2020-05-08 18:53:34,766 INFO Head: mr:11280.2 mrr:18.01 hits:23.55
2020-05-08 18:53:34,766 INFO Tail: mr:9232.4 mrr:20.01 hits:27.35
2020-05-08 18:53:34,766 INFO All: mr:10256.3 mrr:19.01 hits:25.45
2020-05-08 18:53:34,768 INFO Improved and model saved
2020-05-08 18:54:00,634 INFO [25.8] Epoch 30: loss = 0.0013
2020-05-08 18:54:27,475 INFO [26.8] Epoch 31: loss = 0.0013
2020-05-08 18:54:53,283 INFO [25.8] Epoch 32: loss = 0.0013
2020-05-08 18:55:19,319 INFO [26.0] Epoch 33: loss = 0.0013
2020-05-08 18:55:46,015 INFO [26.7] Epoch 34: loss = 0.0013
2020-05-08 18:56:12,710 INFO [26.7] Epoch 35: loss = 0.0013
2020-05-08 18:56:38,719 INFO [26.0] Epoch 36: loss = 0.0013
2020-05-08 18:57:04,920 INFO [26.2] Epoch 37: loss = 0.0013
2020-05-08 18:57:31,082 INFO [26.2] Epoch 38: loss = 0.0013
2020-05-08 18:57:58,822 INFO [27.7] Epoch 39: loss = 0.0013
2020-05-08 18:57:58,823 INFO Start Evaling...
2020-05-08 18:58:08,439 INFO Head: mr:11152.5 mrr:19.55 hits:25.28
2020-05-08 18:58:08,440 INFO Tail: mr:9120.0 mrr:20.53 hits:28.77
2020-05-08 18:58:08,440 INFO All: mr:10136.3 mrr:20.04 hits:27.03
2020-05-08 18:58:08,443 INFO Start Evaling...
2020-05-08 18:58:18,340 INFO Head: mr:11358.8 mrr:18.56 hits:24.35
2020-05-08 18:58:18,341 INFO Tail: mr:8942.2 mrr:20.37 hits:28.37
2020-05-08 18:58:18,341 INFO All: mr:10150.5 mrr:19.46 hits:26.36
2020-05-08 18:58:18,342 INFO Improved and model saved
2020-05-08 18:58:44,248 INFO [25.8] Epoch 40: loss = 0.0013
2020-05-08 18:59:09,603 INFO [25.4] Epoch 41: loss = 0.0012
2020-05-08 18:59:35,813 INFO [26.2] Epoch 42: loss = 0.0012
2020-05-08 19:00:02,489 INFO [26.7] Epoch 43: loss = 0.0012
2020-05-08 19:00:28,755 INFO [26.3] Epoch 44: loss = 0.0012
2020-05-08 19:00:55,473 INFO [26.7] Epoch 45: loss = 0.0012
2020-05-08 19:01:20,317 INFO [24.8] Epoch 46: loss = 0.0012
2020-05-08 19:01:46,538 INFO [26.2] Epoch 47: loss = 0.0012
2020-05-08 19:02:15,108 INFO [28.6] Epoch 48: loss = 0.0012
2020-05-08 19:02:40,688 INFO [25.6] Epoch 49: loss = 0.0012
2020-05-08 19:02:40,688 INFO Start Evaling...
2020-05-08 19:02:50,247 INFO Head: mr:11389.8 mrr:19.92 hits:25.97
2020-05-08 19:02:50,247 INFO Tail: mr:8978.5 mrr:20.48 hits:28.74
2020-05-08 19:02:50,247 INFO All: mr:10184.2 mrr:20.20 hits:27.36
2020-05-08 19:02:50,250 INFO Start Evaling...
2020-05-08 19:03:00,365 INFO Head: mr:11579.8 mrr:18.51 hits:25.14
2020-05-08 19:03:00,367 INFO Tail: mr:8927.1 mrr:20.11 hits:28.75
2020-05-08 19:03:00,368 INFO All: mr:10253.5 mrr:19.31 hits:26.95
2020-05-08 19:03:00,373 INFO Improved and model saved
2020-05-08 19:03:26,623 INFO [26.2] Epoch 50: loss = 0.0012
2020-05-08 19:03:53,348 INFO [26.7] Epoch 51: loss = 0.0012
2020-05-08 19:04:19,780 INFO [26.4] Epoch 52: loss = 0.0012
2020-05-08 19:04:46,402 INFO [26.6] Epoch 53: loss = 0.0012
2020-05-08 19:05:12,661 INFO [26.3] Epoch 54: loss = 0.0012
2020-05-08 19:05:38,353 INFO [25.7] Epoch 55: loss = 0.0012
2020-05-08 19:06:05,233 INFO [26.9] Epoch 56: loss = 0.0012
2020-05-08 19:06:31,846 INFO [26.6] Epoch 57: loss = 0.0012
2020-05-08 19:06:58,654 INFO [26.8] Epoch 58: loss = 0.0012
2020-05-08 19:07:24,729 INFO [26.1] Epoch 59: loss = 0.0012
2020-05-08 19:07:24,729 INFO Start Evaling...
2020-05-08 19:07:34,443 INFO Head: mr:11337.9 mrr:19.87 hits:26.20
2020-05-08 19:07:34,446 INFO Tail: mr:8995.7 mrr:20.42 hits:29.33
2020-05-08 19:07:34,448 INFO All: mr:10166.8 mrr:20.14 hits:27.77
2020-05-08 19:07:34,452 INFO Start Evaling...
2020-05-08 19:07:46,608 INFO Head: mr:11547.6 mrr:18.80 hits:25.34
2020-05-08 19:07:46,611 INFO Tail: mr:9004.0 mrr:20.19 hits:29.00
2020-05-08 19:07:46,613 INFO All: mr:10275.8 mrr:19.50 hits:27.17
2020-05-08 19:07:46,617 INFO Declined in recent 1 epochs
2020-05-08 19:08:12,843 INFO [26.2] Epoch 60: loss = 0.0012
2020-05-08 19:08:38,776 INFO [25.9] Epoch 61: loss = 0.0012
2020-05-08 19:09:04,812 INFO [26.0] Epoch 62: loss = 0.0012
2020-05-08 19:09:31,784 INFO [27.0] Epoch 63: loss = 0.0012
2020-05-08 19:09:58,075 INFO [26.3] Epoch 64: loss = 0.0012
2020-05-08 19:10:24,152 INFO [26.1] Epoch 65: loss = 0.0012
2020-05-08 19:10:50,147 INFO [26.0] Epoch 66: loss = 0.0012
2020-05-08 19:11:15,945 INFO [25.8] Epoch 67: loss = 0.0012
2020-05-08 19:11:42,016 INFO [26.1] Epoch 68: loss = 0.0012
2020-05-08 19:12:07,893 INFO [25.9] Epoch 69: loss = 0.0012
2020-05-08 19:12:07,894 INFO Start Evaling...
2020-05-08 19:12:17,334 INFO Head: mr:11195.5 mrr:19.52 hits:26.07
2020-05-08 19:12:17,335 INFO Tail: mr:8908.2 mrr:20.25 hits:29.10
2020-05-08 19:12:17,335 INFO All: mr:10051.8 mrr:19.88 hits:27.59
2020-05-08 19:12:17,337 INFO Start Evaling...
2020-05-08 19:12:27,063 INFO Head: mr:11595.8 mrr:18.70 hits:25.56
2020-05-08 19:12:27,065 INFO Tail: mr:9069.4 mrr:20.17 hits:29.07
2020-05-08 19:12:27,067 INFO All: mr:10332.6 mrr:19.44 hits:27.31
2020-05-08 19:12:27,069 INFO Declined in recent 2 epochs
2020-05-08 19:12:53,717 INFO [26.6] Epoch 70: loss = 0.0012
2020-05-08 19:13:19,716 INFO [26.0] Epoch 71: loss = 0.0012
2020-05-08 19:13:45,988 INFO [26.3] Epoch 72: loss = 0.0012
2020-05-08 19:14:11,549 INFO [25.6] Epoch 73: loss = 0.0012
2020-05-08 19:14:39,339 INFO [27.8] Epoch 74: loss = 0.0012
2020-05-08 19:15:06,550 INFO [27.2] Epoch 75: loss = 0.0012
2020-05-08 19:15:34,258 INFO [27.7] Epoch 76: loss = 0.0012
2020-05-08 19:16:02,047 INFO [27.8] Epoch 77: loss = 0.0012
2020-05-08 19:16:27,928 INFO [25.9] Epoch 78: loss = 0.0012
2020-05-08 19:16:54,849 INFO [26.9] Epoch 79: loss = 0.0012
2020-05-08 19:16:54,849 INFO Start Evaling...
2020-05-08 19:17:04,570 INFO Head: mr:11316.6 mrr:19.78 hits:26.20
2020-05-08 19:17:04,570 INFO Tail: mr:9007.9 mrr:20.72 hits:29.07
2020-05-08 19:17:04,570 INFO All: mr:10162.2 mrr:20.25 hits:27.64
2020-05-08 19:17:04,571 INFO Start Evaling...
2020-05-08 19:17:14,316 INFO Head: mr:11704.1 mrr:18.63 hits:25.49
2020-05-08 19:17:14,316 INFO Tail: mr:8915.8 mrr:20.64 hits:29.04
2020-05-08 19:17:14,317 INFO All: mr:10309.9 mrr:19.64 hits:27.27
2020-05-08 19:17:14,319 INFO Improved and model saved
2020-05-08 19:17:41,495 INFO [27.1] Epoch 80: loss = 0.0012
2020-05-08 19:18:08,842 INFO [27.3] Epoch 81: loss = 0.0012
2020-05-08 19:18:35,064 INFO [26.2] Epoch 82: loss = 0.0012
2020-05-08 19:19:01,798 INFO [26.7] Epoch 83: loss = 0.0012
2020-05-08 19:19:29,786 INFO [28.0] Epoch 84: loss = 0.0012
2020-05-08 19:19:56,598 INFO [26.8] Epoch 85: loss = 0.0012
2020-05-08 19:20:23,987 INFO [27.4] Epoch 86: loss = 0.0012
2020-05-08 19:20:50,480 INFO [26.5] Epoch 87: loss = 0.0012
2020-05-08 19:21:17,577 INFO [27.1] Epoch 88: loss = 0.0012
2020-05-08 19:21:44,659 INFO [27.1] Epoch 89: loss = 0.0012
2020-05-08 19:21:44,660 INFO Start Evaling...
2020-05-08 19:21:54,883 INFO Head: mr:11374.3 mrr:19.87 hits:26.76
2020-05-08 19:21:54,883 INFO Tail: mr:9019.8 mrr:20.75 hits:29.47
2020-05-08 19:21:54,883 INFO All: mr:10197.0 mrr:20.31 hits:28.11
2020-05-08 19:21:54,885 INFO Start Evaling...
2020-05-08 19:22:04,649 INFO Head: mr:11741.4 mrr:18.77 hits:25.91
2020-05-08 19:22:04,649 INFO Tail: mr:8926.4 mrr:20.45 hits:29.32
2020-05-08 19:22:04,649 INFO All: mr:10333.9 mrr:19.61 hits:27.62
2020-05-08 19:22:04,651 INFO Improved and model saved
2020-05-08 19:22:29,797 INFO [25.1] Epoch 90: loss = 0.0012
2020-05-08 19:22:55,666 INFO [25.9] Epoch 91: loss = 0.0012
2020-05-08 19:23:20,471 INFO [24.8] Epoch 92: loss = 0.0012
2020-05-08 19:23:45,336 INFO [24.9] Epoch 93: loss = 0.0012
2020-05-08 19:24:10,870 INFO [25.5] Epoch 94: loss = 0.0012
2020-05-08 19:24:37,898 INFO [27.0] Epoch 95: loss = 0.0012
2020-05-08 19:25:04,415 INFO [26.5] Epoch 96: loss = 0.0012
2020-05-08 19:25:31,415 INFO [27.0] Epoch 97: loss = 0.0012
2020-05-08 19:25:59,142 INFO [27.7] Epoch 98: loss = 0.0012
2020-05-08 19:26:25,288 INFO [26.1] Epoch 99: loss = 0.0012
2020-05-08 19:26:25,289 INFO Start Evaling...
2020-05-08 19:26:35,053 INFO Head: mr:11362.4 mrr:19.57 hits:26.37
2020-05-08 19:26:35,054 INFO Tail: mr:8985.3 mrr:20.49 hits:29.20
2020-05-08 19:26:35,054 INFO All: mr:10173.8 mrr:20.03 hits:27.79
2020-05-08 19:26:35,055 INFO Start Evaling...
2020-05-08 19:26:45,076 INFO Head: mr:11588.5 mrr:18.61 hits:25.91
2020-05-08 19:26:45,077 INFO Tail: mr:8883.5 mrr:20.50 hits:29.26
2020-05-08 19:26:45,077 INFO All: mr:10236.0 mrr:19.56 hits:27.58
2020-05-08 19:26:45,080 INFO Declined in recent 1 epochs
2020-05-08 19:27:12,135 INFO [27.1] Epoch 100: loss = 0.0012
2020-05-08 19:27:39,673 INFO [27.5] Epoch 101: loss = 0.0012
2020-05-08 19:28:06,613 INFO [26.9] Epoch 102: loss = 0.0012
2020-05-08 19:28:33,358 INFO [26.7] Epoch 103: loss = 0.0012
2020-05-08 19:29:00,229 INFO [26.9] Epoch 104: loss = 0.0012
2020-05-08 19:29:26,666 INFO [26.4] Epoch 105: loss = 0.0012
2020-05-08 19:29:53,101 INFO [26.4] Epoch 106: loss = 0.0012
2020-05-08 19:30:19,882 INFO [26.8] Epoch 107: loss = 0.0012
2020-05-08 19:30:46,825 INFO [26.9] Epoch 108: loss = 0.0012
2020-05-08 19:31:13,460 INFO [26.6] Epoch 109: loss = 0.0012
2020-05-08 19:31:13,461 INFO Start Evaling...
2020-05-08 19:31:23,128 INFO Head: mr:11394.5 mrr:20.11 hits:26.14
2020-05-08 19:31:23,129 INFO Tail: mr:9010.2 mrr:20.59 hits:29.20
2020-05-08 19:31:23,129 INFO All: mr:10202.4 mrr:20.35 hits:27.67
2020-05-08 19:31:23,132 INFO Start Evaling...
2020-05-08 19:31:32,418 INFO Head: mr:11651.5 mrr:18.62 hits:25.88
2020-05-08 19:31:32,419 INFO Tail: mr:8811.2 mrr:20.40 hits:29.61
2020-05-08 19:31:32,419 INFO All: mr:10231.3 mrr:19.51 hits:27.74
2020-05-08 19:31:32,421 INFO Improved and model saved
2020-05-08 19:31:58,977 INFO [26.5] Epoch 110: loss = 0.0012
2020-05-08 19:32:25,222 INFO [26.2] Epoch 111: loss = 0.0012
2020-05-08 19:32:51,315 INFO [26.1] Epoch 112: loss = 0.0012
2020-05-08 19:33:18,831 INFO [27.5] Epoch 113: loss = 0.0012
2020-05-08 19:33:45,286 INFO [26.5] Epoch 114: loss = 0.0012
2020-05-08 19:34:12,223 INFO [26.9] Epoch 115: loss = 0.0012
2020-05-08 19:34:38,687 INFO [26.5] Epoch 116: loss = 0.0012
2020-05-08 19:35:05,583 INFO [26.9] Epoch 117: loss = 0.0012
2020-05-08 19:35:31,823 INFO [26.2] Epoch 118: loss = 0.0012
2020-05-08 19:35:58,953 INFO [27.1] Epoch 119: loss = 0.0012
2020-05-08 19:35:58,953 INFO Start Evaling...
2020-05-08 19:36:08,847 INFO Head: mr:11365.4 mrr:19.92 hits:26.66
2020-05-08 19:36:08,847 INFO Tail: mr:8919.3 mrr:20.50 hits:29.63
2020-05-08 19:36:08,847 INFO All: mr:10142.3 mrr:20.21 hits:28.15
2020-05-08 19:36:08,849 INFO Start Evaling...
2020-05-08 19:36:19,070 INFO Head: mr:11615.9 mrr:18.86 hits:26.13
2020-05-08 19:36:19,070 INFO Tail: mr:8783.5 mrr:20.63 hits:29.58
2020-05-08 19:36:19,070 INFO All: mr:10199.7 mrr:19.74 hits:27.86
2020-05-08 19:36:19,072 INFO Declined in recent 1 epochs
2020-05-08 19:36:45,760 INFO [26.7] Epoch 120: loss = 0.0012
2020-05-08 19:37:13,629 INFO [27.9] Epoch 121: loss = 0.0012
2020-05-08 19:37:40,272 INFO [26.6] Epoch 122: loss = 0.0012
2020-05-08 19:38:07,256 INFO [27.0] Epoch 123: loss = 0.0012
2020-05-08 19:38:33,815 INFO [26.6] Epoch 124: loss = 0.0012
2020-05-08 19:39:00,952 INFO [27.1] Epoch 125: loss = 0.0012
2020-05-08 19:39:27,873 INFO [26.9] Epoch 126: loss = 0.0012
2020-05-08 19:39:54,956 INFO [27.1] Epoch 127: loss = 0.0012
2020-05-08 19:40:22,452 INFO [27.5] Epoch 128: loss = 0.0012
2020-05-08 19:40:49,023 INFO [26.6] Epoch 129: loss = 0.0012
2020-05-08 19:40:49,024 INFO Start Evaling...
2020-05-08 19:40:58,371 INFO Head: mr:11452.7 mrr:19.81 hits:26.90
2020-05-08 19:40:58,371 INFO Tail: mr:8982.2 mrr:20.43 hits:29.47
2020-05-08 19:40:58,372 INFO All: mr:10217.4 mrr:20.12 hits:28.18
2020-05-08 19:40:58,374 INFO Start Evaling...
2020-05-08 19:41:08,431 INFO Head: mr:11566.3 mrr:18.50 hits:26.01
2020-05-08 19:41:08,431 INFO Tail: mr:8772.6 mrr:20.27 hits:29.64
2020-05-08 19:41:08,432 INFO All: mr:10169.5 mrr:19.38 hits:27.82
2020-05-08 19:41:08,433 INFO Declined in recent 2 epochs
2020-05-08 19:41:36,074 INFO [27.6] Epoch 130: loss = 0.0012
2020-05-08 19:42:03,650 INFO [27.6] Epoch 131: loss = 0.0012
2020-05-08 19:42:31,583 INFO [27.9] Epoch 132: loss = 0.0012
2020-05-08 19:42:58,256 INFO [26.7] Epoch 133: loss = 0.0012
2020-05-08 19:43:24,177 INFO [25.9] Epoch 134: loss = 0.0012
2020-05-08 19:43:48,775 INFO [24.6] Epoch 135: loss = 0.0012
2020-05-08 19:44:13,972 INFO [25.2] Epoch 136: loss = 0.0012
2020-05-08 19:44:40,135 INFO [26.2] Epoch 137: loss = 0.0012
2020-05-08 19:45:07,508 INFO [27.4] Epoch 138: loss = 0.0012
2020-05-08 19:45:35,578 INFO [28.1] Epoch 139: loss = 0.0012
2020-05-08 19:45:35,580 INFO Start Evaling...
2020-05-08 19:45:45,348 INFO Head: mr:11474.5 mrr:20.12 hits:26.73
2020-05-08 19:45:45,349 INFO Tail: mr:8933.4 mrr:20.57 hits:29.50
2020-05-08 19:45:45,349 INFO All: mr:10204.0 mrr:20.35 hits:28.11
2020-05-08 19:45:45,350 INFO Start Evaling...
2020-05-08 19:45:54,842 INFO Head: mr:11534.6 mrr:18.58 hits:26.20
2020-05-08 19:45:54,843 INFO Tail: mr:8822.9 mrr:20.28 hits:29.61
2020-05-08 19:45:54,843 INFO All: mr:10178.7 mrr:19.43 hits:27.90
2020-05-08 19:45:54,846 INFO Declined in recent 3 epochs
2020-05-08 19:46:21,035 INFO [26.2] Epoch 140: loss = 0.0012
2020-05-08 19:46:49,288 INFO [28.3] Epoch 141: loss = 0.0012
2020-05-08 19:47:17,371 INFO [28.1] Epoch 142: loss = 0.0012
2020-05-08 19:47:43,850 INFO [26.5] Epoch 143: loss = 0.0012
2020-05-08 19:48:11,424 INFO [27.6] Epoch 144: loss = 0.0012
2020-05-08 19:48:38,434 INFO [27.0] Epoch 145: loss = 0.0012
2020-05-08 19:49:05,359 INFO [26.9] Epoch 146: loss = 0.0012
2020-05-08 19:49:32,835 INFO [27.5] Epoch 147: loss = 0.0012
2020-05-08 19:49:59,337 INFO [26.5] Epoch 148: loss = 0.0012
2020-05-08 19:50:27,350 INFO [28.0] Epoch 149: loss = 0.0012
2020-05-08 19:50:27,351 INFO Start Evaling...
2020-05-08 19:50:37,116 INFO Head: mr:11566.2 mrr:19.98 hits:26.76
2020-05-08 19:50:37,116 INFO Tail: mr:8920.8 mrr:20.39 hits:29.96
2020-05-08 19:50:37,116 INFO All: mr:10243.5 mrr:20.18 hits:28.36
2020-05-08 19:50:37,119 INFO Start Evaling...
2020-05-08 19:50:47,381 INFO Head: mr:11604.2 mrr:18.57 hits:25.88
2020-05-08 19:50:47,383 INFO Tail: mr:8844.9 mrr:20.49 hits:29.58
2020-05-08 19:50:47,385 INFO All: mr:10224.6 mrr:19.53 hits:27.73
2020-05-08 19:50:47,389 INFO Declined in recent 4 epochs
2020-05-08 19:51:13,645 INFO [26.3] Epoch 150: loss = 0.0012
2020-05-08 19:51:40,272 INFO [26.6] Epoch 151: loss = 0.0012
2020-05-08 19:52:08,372 INFO [28.1] Epoch 152: loss = 0.0012
2020-05-08 19:52:34,881 INFO [26.5] Epoch 153: loss = 0.0012
2020-05-08 19:53:02,353 INFO [27.5] Epoch 154: loss = 0.0012
2020-05-08 19:53:30,775 INFO [28.4] Epoch 155: loss = 0.0012
2020-05-08 19:53:58,001 INFO [27.2] Epoch 156: loss = 0.0012
2020-05-08 19:54:25,048 INFO [27.0] Epoch 157: loss = 0.0012
2020-05-08 19:54:52,722 INFO [27.7] Epoch 158: loss = 0.0012
2020-05-08 19:55:19,749 INFO [27.0] Epoch 159: loss = 0.0012
2020-05-08 19:55:19,749 INFO Start Evaling...
2020-05-08 19:55:29,345 INFO Head: mr:11453.7 mrr:20.03 hits:26.90
2020-05-08 19:55:29,347 INFO Tail: mr:9012.5 mrr:20.48 hits:29.83
2020-05-08 19:55:29,347 INFO All: mr:10233.1 mrr:20.26 hits:28.36
2020-05-08 19:55:29,350 INFO Start Evaling...
2020-05-08 19:55:38,713 INFO Head: mr:11622.6 mrr:18.76 hits:26.26
2020-05-08 19:55:38,713 INFO Tail: mr:8794.2 mrr:20.60 hits:29.80
2020-05-08 19:55:38,713 INFO All: mr:10208.4 mrr:19.68 hits:28.03
2020-05-08 19:55:38,715 INFO Declined in recent 5 epochs
2020-05-08 19:55:38,715 INFO Early stopping
2020-05-08 19:55:38,715 INFO Train done
2020-05-08 19:55:38,791 INFO Start Evaling...
2020-05-08 19:55:47,966 INFO Head: mr:11651.5 mrr:18.62 hits:25.88
2020-05-08 19:55:47,968 INFO Tail: mr:8811.2 mrr:20.40 hits:29.61
2020-05-08 19:55:47,968 INFO All: mr:10231.3 mrr:19.51 hits:27.74
