2020-05-11 01:23:32,338 INFO EPOCH: 1000
2020-05-11 01:23:32,338 INFO EVERY: 10
2020-05-11 01:23:32,339 INFO LR: 0.001
2020-05-11 01:23:32,339 INFO DIM: 200
2020-05-11 01:23:32,339 INFO BATCH_SIZE: 128
2020-05-11 01:23:32,339 INFO BATCH_SIZE2: 16
2020-05-11 01:23:32,339 INFO P: 1
2020-05-11 01:23:32,339 INFO CLIPPING_MAX_VALUE: 4.0
2020-05-11 01:23:32,339 INFO OPTIM: Adam
2020-05-11 01:23:32,339 INFO N_SAMPLE: 200
2020-05-11 01:23:32,339 INFO MODE: 1vsN
2020-05-11 01:23:32,339 INFO RATE: 0.0
2020-05-11 01:23:32,339 INFO GAMMA: 12.0
2020-05-11 01:23:32,340 INFO BERN: True
2020-05-11 01:23:32,340 INFO MARGIN: 4.0
2020-05-11 01:23:32,340 INFO REG: 1.0
2020-05-11 01:23:32,340 INFO LABEL_SMOOTH_EPS: 0.1
2020-05-11 01:23:32,340 INFO INPUT_DROP: 0.2
2020-05-11 01:23:32,340 INFO FEAT_DROP: 0.2
2020-05-11 01:23:32,340 INFO HIDD_DROP: 0.3
2020-05-11 01:23:32,340 INFO CHANNELS: 50
2020-05-11 01:23:32,340 INFO KERNEL_SIZE: 3
2020-05-11 01:23:32,340 INFO N_POOL: 100
2020-05-11 01:23:32,340 INFO MODEL_D: TransH
2020-05-11 01:23:32,340 INFO MODEL_G: DistMult
2020-05-11 01:23:32,341 INFO SCRATCH: False
2020-05-11 01:23:32,341 INFO D_FILE: None
2020-05-11 01:23:32,341 INFO G_FILE: None
2020-05-11 01:23:32,341 INFO PATH: data
2020-05-11 01:23:32,341 INFO DATA: WN18RR
2020-05-11 01:23:32,341 INFO EXP_PATH: experiment/WN18RR
2020-05-11 01:23:32,341 INFO MODEL: ConvE
2020-05-11 01:23:32,341 INFO V: 1
2020-05-11 01:23:32,341 INFO F: True
2020-05-11 01:23:32,341 INFO EVAL: False
2020-05-11 01:23:32,341 INFO TRAINED: False
2020-05-11 01:23:32,342 INFO PRETRAINED_NAME: None
2020-05-11 01:23:32,342 INFO EXP_NAME: ConvE-WN18RR-1vsN-1
2020-05-11 01:23:32,342 INFO --------------------------------------
2020-05-11 01:23:37,205 INFO Dataload done
2020-05-11 01:23:37,205 INFO --------------------------------------
2020-05-11 01:23:37,205 INFO N_ENTITY: 40943
2020-05-11 01:23:37,205 INFO N_RELATION: 11
2020-05-11 01:23:37,205 INFO --------------------------------------
2020-05-11 01:23:40,823 INFO Start Training...
2020-05-11 01:24:16,607 INFO [35.8] Epoch 0: loss = 0.1003
2020-05-11 01:24:52,389 INFO [35.8] Epoch 1: loss = 0.0324
2020-05-11 01:25:28,582 INFO [36.2] Epoch 2: loss = 0.0313
2020-05-11 01:26:04,947 INFO [36.4] Epoch 3: loss = 0.0299
2020-05-11 01:26:41,061 INFO [36.1] Epoch 4: loss = 0.0283
2020-05-11 01:27:16,823 INFO [35.8] Epoch 5: loss = 0.0262
2020-05-11 01:27:52,744 INFO [35.9] Epoch 6: loss = 0.0235
2020-05-11 01:28:28,698 INFO [36.0] Epoch 7: loss = 0.0205
2020-05-11 01:29:04,574 INFO [35.9] Epoch 8: loss = 0.0178
2020-05-11 01:29:40,919 INFO [36.3] Epoch 9: loss = 0.0157
2020-05-11 01:29:40,919 INFO Start Evaling...
2020-05-11 01:31:23,920 INFO Head: mr:11949.6 mrr:17.43 hits:21.03
2020-05-11 01:31:23,920 INFO Tail: mr:8341.4 mrr:18.35 hits:23.40
2020-05-11 01:31:23,920 INFO All: mr:10145.5 mrr:17.89 hits:22.21
2020-05-11 01:31:23,922 INFO Start Evaling...
2020-05-11 01:33:09,786 INFO Head: mr:12186.9 mrr:16.51 hits:19.81
2020-05-11 01:33:09,786 INFO Tail: mr:8177.9 mrr:18.04 hits:23.10
2020-05-11 01:33:09,786 INFO All: mr:10182.4 mrr:17.28 hits:21.46
2020-05-11 01:33:09,788 INFO Improved and model saved
2020-05-11 01:33:46,349 INFO [36.5] Epoch 10: loss = 0.0143
2020-05-11 01:34:22,068 INFO [35.7] Epoch 11: loss = 0.0134
2020-05-11 01:34:58,283 INFO [36.2] Epoch 12: loss = 0.0129
2020-05-11 01:35:34,310 INFO [36.0] Epoch 13: loss = 0.0125
2020-05-11 01:36:10,165 INFO [35.9] Epoch 14: loss = 0.0123
2020-05-11 01:36:46,500 INFO [36.3] Epoch 15: loss = 0.0121
2020-05-11 01:37:22,839 INFO [36.3] Epoch 16: loss = 0.0120
2020-05-11 01:37:58,697 INFO [35.9] Epoch 17: loss = 0.0119
2020-05-11 01:38:34,650 INFO [36.0] Epoch 18: loss = 0.0118
2020-05-11 01:39:10,987 INFO [36.3] Epoch 19: loss = 0.0117
2020-05-11 01:39:10,988 INFO Start Evaling...
2020-05-11 01:40:53,991 INFO Head: mr:11358.8 mrr:18.34 hits:22.35
2020-05-11 01:40:53,991 INFO Tail: mr:8959.1 mrr:19.32 hits:25.81
2020-05-11 01:40:53,991 INFO All: mr:10158.9 mrr:18.83 hits:24.08
2020-05-11 01:40:53,993 INFO Start Evaling...
