2020-04-01 15:50:35,892 INFO EPOCH: 1000
2020-04-01 15:50:35,892 INFO EVERY: 10
2020-04-01 15:50:35,892 INFO LR: 0.001
2020-04-01 15:50:35,892 INFO DIM: 200
2020-04-01 15:50:35,892 INFO BATCH_SIZE: 256
2020-04-01 15:50:35,892 INFO BATCH_SIZE2: 256
2020-04-01 15:50:35,892 INFO P: 1
2020-04-01 15:50:35,892 INFO CLIPPING_MAX_VALUE: 4.0
2020-04-01 15:50:35,892 INFO OPTIM: Adam
2020-04-01 15:50:35,892 INFO N_SAMPLE: 12
2020-04-01 15:50:35,893 INFO MODE: kall
2020-04-01 15:50:35,893 INFO GAMMA: 12.0
2020-04-01 15:50:35,893 INFO BERN: True
2020-04-01 15:50:35,893 INFO MARGIN: 4.0
2020-04-01 15:50:35,893 INFO REG: 1.0
2020-04-01 15:50:35,893 INFO LABEL_SMOOTH_EPS: 0.1
2020-04-01 15:50:35,893 INFO INPUT_DROP: 0.2
2020-04-01 15:50:35,893 INFO FEAT_DROP: 0.2
2020-04-01 15:50:35,893 INFO HIDD_DROP: 0.3
2020-04-01 15:50:35,893 INFO CHANNELS: 50
2020-04-01 15:50:35,893 INFO KERNEL_SIZE: 3
2020-04-01 15:50:35,893 INFO N_POOL: 100
2020-04-01 15:50:35,893 INFO MODEL_D: TransH
2020-04-01 15:50:35,893 INFO MODEL_G: DistMult
2020-04-01 15:50:35,893 INFO SCRATCH: False
2020-04-01 15:50:35,893 INFO D_FILE: None
2020-04-01 15:50:35,893 INFO G_FILE: None
2020-04-01 15:50:35,893 INFO PATH: data
2020-04-01 15:50:35,893 INFO DATA: WN18RR
2020-04-01 15:50:35,894 INFO EXP_PATH: experiment/WN18RR
2020-04-01 15:50:35,894 INFO MODEL: ConvTransE
2020-04-01 15:50:35,894 INFO V: 0
2020-04-01 15:50:35,894 INFO F: False
2020-04-01 15:50:35,894 INFO EVAL: False
2020-04-01 15:50:35,894 INFO TRAINED: False
2020-04-01 15:50:35,894 INFO PRETRAINED_NAME: None
2020-04-01 15:50:35,894 INFO EXP_NAME: ConvTransE-WN18RR-kall-0
2020-04-01 15:50:35,894 INFO --------------------------------------
2020-04-01 15:50:39,877 INFO Dataload done
2020-04-01 15:50:39,877 INFO --------------------------------------
2020-04-01 15:50:39,878 INFO N_ENTITY: 40943
2020-04-01 15:50:39,878 INFO N_RELATION: 11
2020-04-01 15:50:39,878 INFO --------------------------------------
2020-04-01 15:50:43,044 INFO Start Evaling...
2020-04-01 15:50:53,519 INFO Head: mr:20333.4 mrr:0.02 hits:0.00
2020-04-01 15:50:53,521 INFO Tail: mr:20559.5 mrr:0.02 hits:0.00
2020-04-01 15:50:53,523 INFO All: mr:20446.4 mrr:0.02 hits:0.00
2020-04-01 15:50:53,529 INFO Start Training...
2020-04-01 15:51:30,305 INFO [36.8] Epoch 0: loss = 0.0332
2020-04-01 15:52:06,286 INFO [36.0] Epoch 1: loss = 0.0015
2020-04-01 15:52:42,460 INFO [36.2] Epoch 2: loss = 0.0009
2020-04-01 15:53:19,361 INFO [36.9] Epoch 3: loss = 0.0008
2020-04-01 15:53:54,544 INFO [35.2] Epoch 4: loss = 0.0007
2020-04-01 15:54:30,588 INFO [36.0] Epoch 5: loss = 0.0007
2020-04-01 15:55:07,215 INFO [36.6] Epoch 6: loss = 0.0007
2020-04-01 15:55:43,827 INFO [36.6] Epoch 7: loss = 0.0007
2020-04-01 15:56:19,897 INFO [36.1] Epoch 8: loss = 0.0007
2020-04-01 15:56:56,394 INFO [36.5] Epoch 9: loss = 0.0007
2020-04-01 15:56:56,395 INFO Start Evaling...
2020-04-01 15:57:08,158 INFO Head: mr:18265.7 mrr:1.41 hits:2.14
2020-04-01 15:57:08,160 INFO Tail: mr:12234.6 mrr:2.92 hits:5.74
2020-04-01 15:57:08,162 INFO All: mr:15250.1 mrr:2.16 hits:3.94
2020-04-01 15:57:08,167 INFO Improved and model saved
2020-04-01 15:57:45,776 INFO [37.6] Epoch 10: loss = 0.0006
2020-04-01 15:58:22,504 INFO [36.7] Epoch 11: loss = 0.0006
2020-04-01 15:59:00,526 INFO [38.0] Epoch 12: loss = 0.0006
2020-04-01 15:59:37,434 INFO [36.9] Epoch 13: loss = 0.0006
2020-04-01 16:00:17,437 INFO [40.0] Epoch 14: loss = 0.0006
2020-04-01 16:00:59,005 INFO [41.6] Epoch 15: loss = 0.0006
2020-04-01 16:01:39,065 INFO [40.1] Epoch 16: loss = 0.0006
2020-04-01 16:02:17,463 INFO [38.4] Epoch 17: loss = 0.0006
2020-04-01 16:02:57,129 INFO [39.7] Epoch 18: loss = 0.0006
2020-04-01 16:03:36,719 INFO [39.6] Epoch 19: loss = 0.0006
2020-04-01 16:03:36,719 INFO Start Evaling...
2020-04-01 16:03:48,497 INFO Head: mr:16182.4 mrr:1.65 hits:2.60
2020-04-01 16:03:48,497 INFO Tail: mr:7782.3 mrr:3.11 hits:6.49
2020-04-01 16:03:48,497 INFO All: mr:11982.3 mrr:2.38 hits:4.55
2020-04-01 16:03:48,516 INFO Improved and model saved
2020-04-01 16:04:25,227 INFO [36.6] Epoch 20: loss = 0.0006
2020-04-01 16:05:02,975 INFO [37.7] Epoch 21: loss = 0.0006
2020-04-01 16:05:41,381 INFO [38.4] Epoch 22: loss = 0.0006
2020-04-01 16:06:21,438 INFO [40.1] Epoch 23: loss = 0.0006
2020-04-01 16:07:00,358 INFO [38.9] Epoch 24: loss = 0.0006
2020-04-01 16:07:37,378 INFO [37.0] Epoch 25: loss = 0.0006
2020-04-01 16:08:15,154 INFO [37.8] Epoch 26: loss = 0.0006
2020-04-01 16:08:55,063 INFO [39.9] Epoch 27: loss = 0.0006
2020-04-01 16:09:36,269 INFO [41.2] Epoch 28: loss = 0.0006
2020-04-01 16:10:15,371 INFO [39.1] Epoch 29: loss = 0.0005
2020-04-01 16:10:15,372 INFO Start Evaling...
2020-04-01 16:10:26,407 INFO Head: mr:7740.1 mrr:7.29 hits:12.69
2020-04-01 16:10:26,407 INFO Tail: mr:3491.2 mrr:10.33 hits:18.23
2020-04-01 16:10:26,407 INFO All: mr:5615.6 mrr:8.81 hits:15.46
2020-04-01 16:10:26,414 INFO Improved and model saved
2020-04-01 16:11:01,210 INFO [34.7] Epoch 30: loss = 0.0005
2020-04-01 16:11:38,535 INFO [37.3] Epoch 31: loss = 0.0005
2020-04-01 16:12:13,336 INFO [34.8] Epoch 32: loss = 0.0005
2020-04-01 16:12:50,882 INFO [37.5] Epoch 33: loss = 0.0005
2020-04-01 16:13:28,019 INFO [37.1] Epoch 34: loss = 0.0005
2020-04-01 16:14:04,904 INFO [36.9] Epoch 35: loss = 0.0005
2020-04-01 16:14:40,890 INFO [36.0] Epoch 36: loss = 0.0005
2020-04-01 16:15:20,566 INFO [39.7] Epoch 37: loss = 0.0004
2020-04-01 16:15:59,092 INFO [38.5] Epoch 38: loss = 0.0004
2020-04-01 16:16:34,851 INFO [35.8] Epoch 39: loss = 0.0004
2020-04-01 16:16:34,851 INFO Start Evaling...
2020-04-01 16:16:45,667 INFO Head: mr:5670.6 mrr:34.13 hits:43.14
2020-04-01 16:16:45,668 INFO Tail: mr:3939.9 mrr:37.69 hits:47.10
2020-04-01 16:16:45,668 INFO All: mr:4805.3 mrr:35.91 hits:45.12
2020-04-01 16:16:45,673 INFO Improved and model saved
2020-04-01 16:17:26,193 INFO [40.4] Epoch 40: loss = 0.0004
2020-04-01 16:18:05,001 INFO [38.8] Epoch 41: loss = 0.0004
2020-04-01 16:18:44,150 INFO [39.1] Epoch 42: loss = 0.0004
2020-04-01 16:19:22,175 INFO [38.0] Epoch 43: loss = 0.0004
2020-04-01 16:20:00,995 INFO [38.8] Epoch 44: loss = 0.0004
2020-04-01 16:20:38,924 INFO [37.9] Epoch 45: loss = 0.0004
2020-04-01 16:21:14,675 INFO [35.8] Epoch 46: loss = 0.0004
2020-04-01 16:21:52,630 INFO [38.0] Epoch 47: loss = 0.0004
2020-04-01 16:22:30,322 INFO [37.7] Epoch 48: loss = 0.0004
2020-04-01 16:23:08,830 INFO [38.5] Epoch 49: loss = 0.0004
2020-04-01 16:23:08,831 INFO Start Evaling...
2020-04-01 16:23:20,414 INFO Head: mr:5401.3 mrr:40.19 hits:45.12
2020-04-01 16:23:20,414 INFO Tail: mr:4527.5 mrr:43.43 hits:49.41
2020-04-01 16:23:20,414 INFO All: mr:4964.4 mrr:41.81 hits:47.26
2020-04-01 16:23:20,419 INFO Improved and model saved
2020-04-01 16:24:00,080 INFO [39.6] Epoch 50: loss = 0.0004
2020-04-01 16:24:34,071 INFO [34.0] Epoch 51: loss = 0.0004
2020-04-01 16:25:12,428 INFO [38.4] Epoch 52: loss = 0.0004
2020-04-01 16:25:52,758 INFO [40.3] Epoch 53: loss = 0.0004
2020-04-01 16:26:32,529 INFO [39.8] Epoch 54: loss = 0.0004
2020-04-01 16:27:09,862 INFO [37.3] Epoch 55: loss = 0.0004
2020-04-01 16:27:49,500 INFO [39.6] Epoch 56: loss = 0.0004
2020-04-01 16:28:26,841 INFO [37.3] Epoch 57: loss = 0.0004
2020-04-01 16:29:06,171 INFO [39.3] Epoch 58: loss = 0.0004
2020-04-01 16:29:46,025 INFO [39.9] Epoch 59: loss = 0.0004
2020-04-01 16:29:46,026 INFO Start Evaling...
2020-04-01 16:29:57,304 INFO Head: mr:5251.2 mrr:40.83 hits:46.57
2020-04-01 16:29:57,306 INFO Tail: mr:4529.0 mrr:44.13 hits:50.33
2020-04-01 16:29:57,308 INFO All: mr:4890.1 mrr:42.48 hits:48.45
2020-04-01 16:29:57,314 INFO Improved and model saved
2020-04-01 16:30:36,843 INFO [39.4] Epoch 60: loss = 0.0004
2020-04-01 16:31:14,279 INFO [37.4] Epoch 61: loss = 0.0004
2020-04-01 16:31:52,555 INFO [38.3] Epoch 62: loss = 0.0004
2020-04-01 16:32:33,018 INFO [40.5] Epoch 63: loss = 0.0004
2020-04-01 16:33:08,297 INFO [35.3] Epoch 64: loss = 0.0004
2020-04-01 16:33:44,438 INFO [36.1] Epoch 65: loss = 0.0004
2020-04-01 16:34:19,474 INFO [35.0] Epoch 66: loss = 0.0004
2020-04-01 16:34:57,759 INFO [38.3] Epoch 67: loss = 0.0004
2020-04-01 16:35:33,742 INFO [36.0] Epoch 68: loss = 0.0004
2020-04-01 16:36:12,738 INFO [39.0] Epoch 69: loss = 0.0004
2020-04-01 16:36:12,739 INFO Start Evaling...
2020-04-01 16:36:23,953 INFO Head: mr:5131.8 mrr:40.85 hits:47.20
2020-04-01 16:36:23,953 INFO Tail: mr:4657.2 mrr:44.45 hits:50.79
2020-04-01 16:36:23,953 INFO All: mr:4894.5 mrr:42.65 hits:48.99
2020-04-01 16:36:23,959 INFO Improved and model saved
2020-04-01 16:37:01,698 INFO [37.6] Epoch 70: loss = 0.0004
2020-04-01 16:37:37,331 INFO [35.6] Epoch 71: loss = 0.0004
2020-04-01 16:38:14,439 INFO [37.1] Epoch 72: loss = 0.0004
2020-04-01 16:38:52,914 INFO [38.5] Epoch 73: loss = 0.0004
2020-04-01 16:39:30,506 INFO [37.6] Epoch 74: loss = 0.0004
2020-04-01 16:40:08,162 INFO [37.7] Epoch 75: loss = 0.0004
2020-04-01 16:40:44,772 INFO [36.6] Epoch 76: loss = 0.0004
2020-04-01 16:41:20,882 INFO [36.1] Epoch 77: loss = 0.0003
2020-04-01 16:41:59,488 INFO [38.6] Epoch 78: loss = 0.0003
2020-04-01 16:42:35,294 INFO [35.8] Epoch 79: loss = 0.0003
2020-04-01 16:42:35,294 INFO Start Evaling...
2020-04-01 16:42:45,741 INFO Head: mr:5106.7 mrr:41.09 hits:47.13
2020-04-01 16:42:45,743 INFO Tail: mr:4469.8 mrr:44.08 hits:50.86
2020-04-01 16:42:45,744 INFO All: mr:4788.3 mrr:42.59 hits:48.99
2020-04-01 16:42:45,752 INFO Declined in recent 1 epochs
2020-04-01 16:43:23,823 INFO [38.1] Epoch 80: loss = 0.0003
2020-04-01 16:43:58,174 INFO [34.4] Epoch 81: loss = 0.0003
2020-04-01 16:44:36,249 INFO [38.1] Epoch 82: loss = 0.0003
2020-04-01 16:45:16,242 INFO [40.0] Epoch 83: loss = 0.0003
2020-04-01 16:45:55,112 INFO [38.9] Epoch 84: loss = 0.0003
2020-04-01 16:46:32,090 INFO [37.0] Epoch 85: loss = 0.0003
2020-04-01 16:47:07,058 INFO [35.0] Epoch 86: loss = 0.0003
2020-04-01 16:47:36,238 INFO [29.2] Epoch 87: loss = 0.0003
2020-04-01 16:48:08,238 INFO [32.0] Epoch 88: loss = 0.0003
2020-04-01 16:48:38,992 INFO [30.8] Epoch 89: loss = 0.0003
2020-04-01 16:48:38,993 INFO Start Evaling...
2020-04-01 16:48:46,942 INFO Head: mr:4960.3 mrr:41.11 hits:47.33
2020-04-01 16:48:46,943 INFO Tail: mr:4351.1 mrr:44.39 hits:50.96
2020-04-01 16:48:46,943 INFO All: mr:4655.7 mrr:42.75 hits:49.14
2020-04-01 16:48:46,946 INFO Improved and model saved
2020-04-01 16:49:13,297 INFO [26.3] Epoch 90: loss = 0.0003
2020-04-01 16:49:42,900 INFO [29.6] Epoch 91: loss = 0.0003
2020-04-01 16:50:13,358 INFO [30.5] Epoch 92: loss = 0.0003
2020-04-01 16:50:42,500 INFO [29.1] Epoch 93: loss = 0.0003
2020-04-01 16:51:13,917 INFO [31.4] Epoch 94: loss = 0.0003
2020-04-01 16:51:43,801 INFO [29.9] Epoch 95: loss = 0.0003
2020-04-01 16:52:13,572 INFO [29.8] Epoch 96: loss = 0.0003
2020-04-01 16:52:43,388 INFO [29.8] Epoch 97: loss = 0.0003
2020-04-01 16:53:13,970 INFO [30.6] Epoch 98: loss = 0.0003
2020-04-01 16:53:44,137 INFO [30.2] Epoch 99: loss = 0.0003
2020-04-01 16:53:44,138 INFO Start Evaling...
2020-04-01 16:53:51,602 INFO Head: mr:4829.1 mrr:41.33 hits:47.96
2020-04-01 16:53:51,602 INFO Tail: mr:4377.3 mrr:44.46 hits:51.12
2020-04-01 16:53:51,602 INFO All: mr:4603.2 mrr:42.89 hits:49.54
2020-04-01 16:53:51,605 INFO Improved and model saved
2020-04-01 16:54:21,270 INFO [29.6] Epoch 100: loss = 0.0003
2020-04-01 16:54:50,611 INFO [29.3] Epoch 101: loss = 0.0003
2020-04-01 16:55:20,072 INFO [29.5] Epoch 102: loss = 0.0003
2020-04-01 16:55:47,947 INFO [27.9] Epoch 103: loss = 0.0003
2020-04-01 16:56:14,109 INFO [26.2] Epoch 104: loss = 0.0003
2020-04-01 16:56:45,087 INFO [31.0] Epoch 105: loss = 0.0003
2020-04-01 16:57:15,150 INFO [30.1] Epoch 106: loss = 0.0003
2020-04-01 16:57:45,195 INFO [30.0] Epoch 107: loss = 0.0003
2020-04-01 16:58:14,495 INFO [29.3] Epoch 108: loss = 0.0003
2020-04-01 16:58:43,431 INFO [28.9] Epoch 109: loss = 0.0003
2020-04-01 16:58:43,432 INFO Start Evaling...
2020-04-01 16:58:50,942 INFO Head: mr:4848.8 mrr:41.16 hits:47.86
2020-04-01 16:58:50,942 INFO Tail: mr:4444.5 mrr:44.38 hits:51.22
2020-04-01 16:58:50,942 INFO All: mr:4646.7 mrr:42.77 hits:49.54
2020-04-01 16:58:50,945 INFO Declined in recent 1 epochs
2020-04-01 16:59:21,194 INFO [30.2] Epoch 110: loss = 0.0003
2020-04-01 16:59:52,126 INFO [30.9] Epoch 111: loss = 0.0003
2020-04-01 17:00:22,116 INFO [30.0] Epoch 112: loss = 0.0003
2020-04-01 17:00:51,988 INFO [29.9] Epoch 113: loss = 0.0003
2020-04-01 17:01:21,210 INFO [29.2] Epoch 114: loss = 0.0003
2020-04-01 17:01:49,722 INFO [28.5] Epoch 115: loss = 0.0003
2020-04-01 17:02:19,656 INFO [29.9] Epoch 116: loss = 0.0003
2020-04-01 17:02:48,313 INFO [28.7] Epoch 117: loss = 0.0003
2020-04-01 17:03:21,297 INFO [33.0] Epoch 118: loss = 0.0003
2020-04-01 17:03:55,583 INFO [34.3] Epoch 119: loss = 0.0003
2020-04-01 17:03:55,583 INFO Start Evaling...
2020-04-01 17:04:03,876 INFO Head: mr:4836.3 mrr:41.23 hits:48.19
2020-04-01 17:04:03,876 INFO Tail: mr:4363.8 mrr:44.29 hits:51.22
2020-04-01 17:04:03,876 INFO All: mr:4600.1 mrr:42.76 hits:49.70
2020-04-01 17:04:03,880 INFO Improved and model saved
2020-04-01 17:04:33,497 INFO [29.6] Epoch 120: loss = 0.0003
2020-04-01 17:05:03,871 INFO [30.4] Epoch 121: loss = 0.0003
2020-04-01 17:05:33,192 INFO [29.3] Epoch 122: loss = 0.0003
2020-04-01 17:06:03,009 INFO [29.8] Epoch 123: loss = 0.0003
2020-04-01 17:06:33,349 INFO [30.3] Epoch 124: loss = 0.0003
2020-04-01 17:07:04,676 INFO [31.3] Epoch 125: loss = 0.0003
2020-04-01 17:07:34,205 INFO [29.5] Epoch 126: loss = 0.0003
2020-04-01 17:08:03,894 INFO [29.7] Epoch 127: loss = 0.0003
2020-04-01 17:08:31,797 INFO [27.9] Epoch 128: loss = 0.0003
2020-04-01 17:09:00,940 INFO [29.1] Epoch 129: loss = 0.0003
2020-04-01 17:09:00,940 INFO Start Evaling...
2020-04-01 17:09:08,441 INFO Head: mr:4873.4 mrr:41.30 hits:48.09
2020-04-01 17:09:08,441 INFO Tail: mr:4409.4 mrr:44.16 hits:50.86
2020-04-01 17:09:08,442 INFO All: mr:4641.4 mrr:42.73 hits:49.47
2020-04-01 17:09:08,445 INFO Declined in recent 1 epochs
2020-04-01 17:09:38,127 INFO [29.7] Epoch 130: loss = 0.0003
2020-04-01 17:10:04,472 INFO [26.3] Epoch 131: loss = 0.0003
2020-04-01 17:10:34,653 INFO [30.2] Epoch 132: loss = 0.0003
2020-04-01 17:11:03,536 INFO [28.9] Epoch 133: loss = 0.0003
2020-04-01 17:11:33,571 INFO [30.0] Epoch 134: loss = 0.0003
2020-04-01 17:12:03,052 INFO [29.5] Epoch 135: loss = 0.0003
2020-04-01 17:12:32,659 INFO [29.6] Epoch 136: loss = 0.0003
2020-04-01 17:13:02,806 INFO [30.1] Epoch 137: loss = 0.0003
2020-04-01 17:13:33,567 INFO [30.8] Epoch 138: loss = 0.0003
2020-04-01 17:14:03,567 INFO [30.0] Epoch 139: loss = 0.0003
2020-04-01 17:14:03,567 INFO Start Evaling...
2020-04-01 17:14:11,073 INFO Head: mr:4824.8 mrr:41.27 hits:47.96
2020-04-01 17:14:11,074 INFO Tail: mr:4083.1 mrr:44.57 hits:51.42
2020-04-01 17:14:11,074 INFO All: mr:4453.9 mrr:42.92 hits:49.69
2020-04-01 17:14:11,077 INFO Declined in recent 2 epochs
2020-04-01 17:14:40,658 INFO [29.6] Epoch 140: loss = 0.0003
2020-04-01 17:15:09,463 INFO [28.8] Epoch 141: loss = 0.0003
2020-04-01 17:15:39,637 INFO [30.2] Epoch 142: loss = 0.0003
2020-04-01 17:16:09,631 INFO [30.0] Epoch 143: loss = 0.0003
2020-04-01 17:16:39,665 INFO [30.0] Epoch 144: loss = 0.0003
2020-04-01 17:17:06,742 INFO [27.1] Epoch 145: loss = 0.0003
2020-04-01 17:17:39,575 INFO [32.8] Epoch 146: loss = 0.0003
2020-04-01 17:18:08,813 INFO [29.2] Epoch 147: loss = 0.0003
2020-04-01 17:18:38,611 INFO [29.8] Epoch 148: loss = 0.0003
2020-04-01 17:19:07,326 INFO [28.7] Epoch 149: loss = 0.0003
2020-04-01 17:19:07,327 INFO Start Evaling...
2020-04-01 17:19:14,875 INFO Head: mr:4764.8 mrr:41.38 hits:48.42
2020-04-01 17:19:14,875 INFO Tail: mr:4172.9 mrr:44.44 hits:51.19
2020-04-01 17:19:14,875 INFO All: mr:4468.8 mrr:42.91 hits:49.80
2020-04-01 17:19:14,879 INFO Improved and model saved
2020-04-01 17:19:44,726 INFO [29.8] Epoch 150: loss = 0.0003
2020-04-01 17:20:15,987 INFO [31.3] Epoch 151: loss = 0.0003
2020-04-01 17:20:46,483 INFO [30.5] Epoch 152: loss = 0.0003
2020-04-01 17:21:16,464 INFO [30.0] Epoch 153: loss = 0.0003
2020-04-01 17:21:46,064 INFO [29.6] Epoch 154: loss = 0.0003
2020-04-01 17:22:15,803 INFO [29.7] Epoch 155: loss = 0.0003
2020-04-01 17:22:45,656 INFO [29.9] Epoch 156: loss = 0.0003
2020-04-01 17:23:14,938 INFO [29.3] Epoch 157: loss = 0.0003
2020-04-01 17:23:41,725 INFO [26.8] Epoch 158: loss = 0.0003
2020-04-01 17:24:06,066 INFO [24.3] Epoch 159: loss = 0.0003
2020-04-01 17:24:06,067 INFO Start Evaling...
2020-04-01 17:24:13,567 INFO Head: mr:4800.7 mrr:41.37 hits:48.02
2020-04-01 17:24:13,568 INFO Tail: mr:4129.4 mrr:44.57 hits:51.38
2020-04-01 17:24:13,568 INFO All: mr:4465.0 mrr:42.97 hits:49.70
2020-04-01 17:24:13,571 INFO Declined in recent 1 epochs
2020-04-01 17:24:43,439 INFO [29.9] Epoch 160: loss = 0.0003
2020-04-01 17:25:13,951 INFO [30.5] Epoch 161: loss = 0.0003
2020-04-01 17:25:43,261 INFO [29.3] Epoch 162: loss = 0.0003
2020-04-01 17:26:11,624 INFO [28.4] Epoch 163: loss = 0.0003
2020-04-01 17:26:40,435 INFO [28.8] Epoch 164: loss = 0.0003
2020-04-01 17:27:10,529 INFO [30.1] Epoch 165: loss = 0.0003
2020-04-01 17:27:40,044 INFO [29.5] Epoch 166: loss = 0.0003
2020-04-01 17:28:09,702 INFO [29.7] Epoch 167: loss = 0.0003
2020-04-01 17:28:40,308 INFO [30.6] Epoch 168: loss = 0.0003
2020-04-01 17:29:09,868 INFO [29.6] Epoch 169: loss = 0.0003
2020-04-01 17:29:09,868 INFO Start Evaling...
2020-04-01 17:29:17,558 INFO Head: mr:4747.2 mrr:41.49 hits:48.32
2020-04-01 17:29:17,558 INFO Tail: mr:4143.5 mrr:44.68 hits:51.88
2020-04-01 17:29:17,558 INFO All: mr:4445.4 mrr:43.09 hits:50.10
2020-04-01 17:29:17,561 INFO Improved and model saved
2020-04-01 17:29:48,666 INFO [31.1] Epoch 170: loss = 0.0003
2020-04-01 17:30:18,602 INFO [29.9] Epoch 171: loss = 0.0003
2020-04-01 17:30:45,693 INFO [27.1] Epoch 172: loss = 0.0003
2020-04-01 17:31:15,938 INFO [30.2] Epoch 173: loss = 0.0003
2020-04-01 17:31:45,729 INFO [29.8] Epoch 174: loss = 0.0003
2020-04-01 17:32:15,954 INFO [30.2] Epoch 175: loss = 0.0003
2020-04-01 17:32:45,495 INFO [29.5] Epoch 176: loss = 0.0003
2020-04-01 17:33:14,998 INFO [29.5] Epoch 177: loss = 0.0003
2020-04-01 17:33:46,377 INFO [31.4] Epoch 178: loss = 0.0003
2020-04-01 17:34:15,996 INFO [29.6] Epoch 179: loss = 0.0003
2020-04-01 17:34:15,996 INFO Start Evaling...
2020-04-01 17:34:23,525 INFO Head: mr:4734.0 mrr:41.64 hits:48.29
2020-04-01 17:34:23,525 INFO Tail: mr:4099.3 mrr:44.52 hits:51.62
2020-04-01 17:34:23,525 INFO All: mr:4416.7 mrr:43.08 hits:49.95
2020-04-01 17:34:23,528 INFO Declined in recent 1 epochs
2020-04-01 17:34:53,420 INFO [29.9] Epoch 180: loss = 0.0003
2020-04-01 17:35:24,417 INFO [31.0] Epoch 181: loss = 0.0003
2020-04-01 17:35:53,450 INFO [29.0] Epoch 182: loss = 0.0003
2020-04-01 17:36:23,236 INFO [29.8] Epoch 183: loss = 0.0003
2020-04-01 17:36:53,032 INFO [29.8] Epoch 184: loss = 0.0003
2020-04-01 17:37:22,855 INFO [29.8] Epoch 185: loss = 0.0003
2020-04-01 17:37:49,612 INFO [26.8] Epoch 186: loss = 0.0003
2020-04-01 17:38:20,248 INFO [30.6] Epoch 187: loss = 0.0003
2020-04-01 17:38:50,509 INFO [30.3] Epoch 188: loss = 0.0003
2020-04-01 17:39:20,666 INFO [30.2] Epoch 189: loss = 0.0003
2020-04-01 17:39:20,667 INFO Start Evaling...
2020-04-01 17:39:28,324 INFO Head: mr:4797.4 mrr:41.64 hits:47.89
2020-04-01 17:39:28,324 INFO Tail: mr:4135.1 mrr:44.33 hits:51.88
2020-04-01 17:39:28,324 INFO All: mr:4466.2 mrr:42.99 hits:49.88
2020-04-01 17:39:28,328 INFO Declined in recent 2 epochs
2020-04-01 17:39:58,221 INFO [29.9] Epoch 190: loss = 0.0003
2020-04-01 17:40:28,152 INFO [29.9] Epoch 191: loss = 0.0003
2020-04-01 17:40:58,484 INFO [30.3] Epoch 192: loss = 0.0003
2020-04-01 17:41:27,709 INFO [29.2] Epoch 193: loss = 0.0003
2020-04-01 17:41:56,954 INFO [29.2] Epoch 194: loss = 0.0003
2020-04-01 17:42:27,305 INFO [30.4] Epoch 195: loss = 0.0003
2020-04-01 17:42:57,803 INFO [30.5] Epoch 196: loss = 0.0003
2020-04-01 17:43:24,567 INFO [26.8] Epoch 197: loss = 0.0003
2020-04-01 17:43:54,297 INFO [29.7] Epoch 198: loss = 0.0003
2020-04-01 17:44:24,008 INFO [29.7] Epoch 199: loss = 0.0003
2020-04-01 17:44:24,008 INFO Start Evaling...
2020-04-01 17:44:31,179 INFO Head: mr:4773.4 mrr:41.49 hits:48.22
2020-04-01 17:44:31,180 INFO Tail: mr:4077.9 mrr:44.72 hits:51.81
2020-04-01 17:44:31,180 INFO All: mr:4425.6 mrr:43.11 hits:50.02
2020-04-01 17:44:31,182 INFO Declined in recent 3 epochs
2020-04-01 17:45:01,505 INFO [30.3] Epoch 200: loss = 0.0003
2020-04-01 17:45:31,660 INFO [30.2] Epoch 201: loss = 0.0003
2020-04-01 17:46:01,890 INFO [30.2] Epoch 202: loss = 0.0003
2020-04-01 17:46:32,629 INFO [30.7] Epoch 203: loss = 0.0003
2020-04-01 17:47:02,773 INFO [30.1] Epoch 204: loss = 0.0003
2020-04-01 17:47:32,492 INFO [29.7] Epoch 205: loss = 0.0003
2020-04-01 17:48:03,212 INFO [30.7] Epoch 206: loss = 0.0003
2020-04-01 17:48:33,814 INFO [30.6] Epoch 207: loss = 0.0003
2020-04-01 17:49:03,048 INFO [29.2] Epoch 208: loss = 0.0003
2020-04-01 17:49:32,912 INFO [29.9] Epoch 209: loss = 0.0003
2020-04-01 17:49:32,913 INFO Start Evaling...
2020-04-01 17:49:40,338 INFO Head: mr:4719.8 mrr:41.40 hits:48.98
2020-04-01 17:49:40,338 INFO Tail: mr:4103.8 mrr:44.55 hits:52.11
2020-04-01 17:49:40,338 INFO All: mr:4411.8 mrr:42.97 hits:50.54
2020-04-01 17:49:40,342 INFO Improved and model saved
2020-04-01 17:50:09,897 INFO [29.5] Epoch 210: loss = 0.0003
2020-04-01 17:50:38,473 INFO [28.6] Epoch 211: loss = 0.0003
2020-04-01 17:51:08,707 INFO [30.2] Epoch 212: loss = 0.0003
2020-04-01 17:51:35,313 INFO [26.6] Epoch 213: loss = 0.0003
2020-04-01 17:52:04,580 INFO [29.3] Epoch 214: loss = 0.0003
2020-04-01 17:52:33,876 INFO [29.3] Epoch 215: loss = 0.0003
2020-04-01 17:53:04,342 INFO [30.5] Epoch 216: loss = 0.0003
2020-04-01 17:53:34,916 INFO [30.6] Epoch 217: loss = 0.0003
2020-04-01 17:54:05,768 INFO [30.9] Epoch 218: loss = 0.0003
2020-04-01 17:54:36,733 INFO [31.0] Epoch 219: loss = 0.0003
2020-04-01 17:54:36,734 INFO Start Evaling...
2020-04-01 17:54:44,286 INFO Head: mr:4784.5 mrr:41.70 hits:49.01
2020-04-01 17:54:44,286 INFO Tail: mr:4069.6 mrr:44.86 hits:52.11
2020-04-01 17:54:44,286 INFO All: mr:4427.0 mrr:43.28 hits:50.56
2020-04-01 17:54:44,290 INFO Improved and model saved
2020-04-01 17:55:13,468 INFO [29.1] Epoch 220: loss = 0.0003
2020-04-01 17:55:42,760 INFO [29.3] Epoch 221: loss = 0.0003
2020-04-01 17:56:12,394 INFO [29.6] Epoch 222: loss = 0.0003
2020-04-01 17:56:43,343 INFO [30.9] Epoch 223: loss = 0.0003
2020-04-01 17:57:13,594 INFO [30.3] Epoch 224: loss = 0.0003
2020-04-01 17:57:42,964 INFO [29.4] Epoch 225: loss = 0.0003
2020-04-01 17:58:10,886 INFO [27.9] Epoch 226: loss = 0.0003
2020-04-01 17:58:38,305 INFO [27.4] Epoch 227: loss = 0.0003
2020-04-01 17:59:09,150 INFO [30.8] Epoch 228: loss = 0.0003
2020-04-01 17:59:39,303 INFO [30.2] Epoch 229: loss = 0.0003
2020-04-01 17:59:39,303 INFO Start Evaling...
2020-04-01 17:59:46,778 INFO Head: mr:4725.1 mrr:41.66 hits:48.95
2020-04-01 17:59:46,779 INFO Tail: mr:3974.7 mrr:44.76 hits:51.91
2020-04-01 17:59:46,779 INFO All: mr:4349.9 mrr:43.21 hits:50.43
2020-04-01 17:59:46,782 INFO Declined in recent 1 epochs
2020-04-01 18:00:16,856 INFO [30.1] Epoch 230: loss = 0.0003
2020-04-01 18:00:45,109 INFO [28.3] Epoch 231: loss = 0.0003
2020-04-01 18:01:15,034 INFO [29.9] Epoch 232: loss = 0.0003
2020-04-01 18:01:45,324 INFO [30.3] Epoch 233: loss = 0.0003
2020-04-01 18:02:15,332 INFO [30.0] Epoch 234: loss = 0.0003
2020-04-01 18:02:44,224 INFO [28.9] Epoch 235: loss = 0.0003
2020-04-01 18:03:14,303 INFO [30.1] Epoch 236: loss = 0.0003
2020-04-01 18:03:43,495 INFO [29.2] Epoch 237: loss = 0.0003
2020-04-01 18:04:13,163 INFO [29.7] Epoch 238: loss = 0.0003
2020-04-01 18:04:43,714 INFO [30.6] Epoch 239: loss = 0.0003
2020-04-01 18:04:43,715 INFO Start Evaling...
2020-04-01 18:04:51,239 INFO Head: mr:4738.4 mrr:41.45 hits:48.78
2020-04-01 18:04:51,239 INFO Tail: mr:4128.6 mrr:44.74 hits:52.21
2020-04-01 18:04:51,239 INFO All: mr:4433.5 mrr:43.09 hits:50.49
2020-04-01 18:04:51,243 INFO Declined in recent 2 epochs
2020-04-01 18:05:16,473 INFO [25.2] Epoch 240: loss = 0.0003
2020-04-01 18:05:40,889 INFO [24.4] Epoch 241: loss = 0.0003
2020-04-01 18:06:10,483 INFO [29.6] Epoch 242: loss = 0.0003
2020-04-01 18:06:38,432 INFO [27.9] Epoch 243: loss = 0.0003
2020-04-01 18:07:08,009 INFO [29.6] Epoch 244: loss = 0.0003
2020-04-01 18:07:38,461 INFO [30.5] Epoch 245: loss = 0.0003
2020-04-01 18:08:08,651 INFO [30.2] Epoch 246: loss = 0.0003
2020-04-01 18:08:38,211 INFO [29.6] Epoch 247: loss = 0.0003
2020-04-01 18:09:08,080 INFO [29.9] Epoch 248: loss = 0.0003
2020-04-01 18:09:37,597 INFO [29.5] Epoch 249: loss = 0.0003
2020-04-01 18:09:37,597 INFO Start Evaling...
2020-04-01 18:09:45,006 INFO Head: mr:4750.2 mrr:41.59 hits:48.81
2020-04-01 18:09:45,006 INFO Tail: mr:4057.1 mrr:44.66 hits:52.08
2020-04-01 18:09:45,006 INFO All: mr:4403.7 mrr:43.13 hits:50.44
2020-04-01 18:09:45,010 INFO Declined in recent 3 epochs
2020-04-01 18:10:12,371 INFO [27.4] Epoch 250: loss = 0.0003
2020-04-01 18:10:42,705 INFO [30.3] Epoch 251: loss = 0.0003
2020-04-01 18:11:12,094 INFO [29.4] Epoch 252: loss = 0.0003
2020-04-01 18:11:42,879 INFO [30.8] Epoch 253: loss = 0.0003
2020-04-01 18:12:12,943 INFO [30.1] Epoch 254: loss = 0.0003
2020-04-01 18:12:38,790 INFO [25.8] Epoch 255: loss = 0.0003
2020-04-01 18:13:08,550 INFO [29.8] Epoch 256: loss = 0.0003
2020-04-01 18:13:37,689 INFO [29.1] Epoch 257: loss = 0.0003
2020-04-01 18:14:07,520 INFO [29.8] Epoch 258: loss = 0.0003
2020-04-01 18:14:37,064 INFO [29.5] Epoch 259: loss = 0.0003
2020-04-01 18:14:37,064 INFO Start Evaling...
2020-04-01 18:14:44,580 INFO Head: mr:4773.6 mrr:41.55 hits:48.75
2020-04-01 18:14:44,580 INFO Tail: mr:3994.2 mrr:44.62 hits:52.14
2020-04-01 18:14:44,580 INFO All: mr:4383.9 mrr:43.08 hits:50.44
2020-04-01 18:14:44,584 INFO Declined in recent 4 epochs
2020-04-01 18:15:15,662 INFO [31.1] Epoch 260: loss = 0.0003
2020-04-01 18:15:45,704 INFO [30.0] Epoch 261: loss = 0.0003
2020-04-01 18:16:15,696 INFO [30.0] Epoch 262: loss = 0.0003
2020-04-01 18:16:44,249 INFO [28.6] Epoch 263: loss = 0.0003
2020-04-01 18:17:13,226 INFO [29.0] Epoch 264: loss = 0.0003
2020-04-01 18:17:41,183 INFO [28.0] Epoch 265: loss = 0.0003
2020-04-01 18:18:10,805 INFO [29.6] Epoch 266: loss = 0.0003
2020-04-01 18:18:40,696 INFO [29.9] Epoch 267: loss = 0.0003
2020-04-01 18:19:10,444 INFO [29.7] Epoch 268: loss = 0.0003
2020-04-01 18:19:37,847 INFO [27.4] Epoch 269: loss = 0.0003
2020-04-01 18:19:37,847 INFO Start Evaling...
2020-04-01 18:19:45,402 INFO Head: mr:4753.4 mrr:41.56 hits:48.95
2020-04-01 18:19:45,402 INFO Tail: mr:3981.7 mrr:44.95 hits:52.18
2020-04-01 18:19:45,402 INFO All: mr:4367.6 mrr:43.26 hits:50.56
2020-04-01 18:19:45,406 INFO Declined in recent 5 epochs
2020-04-01 18:19:45,406 INFO Early stopping
2020-04-01 18:19:45,406 INFO Train done
2020-04-01 18:19:45,428 INFO Start Evaling...
2020-04-01 18:19:53,205 INFO Head: mr:5248.7 mrr:41.25 hits:48.92
2020-04-01 18:19:53,208 INFO Tail: mr:4628.6 mrr:45.24 hits:52.55
2020-04-01 18:19:53,209 INFO All: mr:4938.6 mrr:43.25 hits:50.73
