2020-05-08 19:56:04,164 INFO EPOCH: 1000
2020-05-08 19:56:04,164 INFO EVERY: 10
2020-05-08 19:56:04,164 INFO LR: 0.001
2020-05-08 19:56:04,164 INFO DIM: 200
2020-05-08 19:56:04,164 INFO BATCH_SIZE: 128
2020-05-08 19:56:04,164 INFO BATCH_SIZE2: 16
2020-05-08 19:56:04,164 INFO P: 1
2020-05-08 19:56:04,164 INFO CLIPPING_MAX_VALUE: 4.0
2020-05-08 19:56:04,164 INFO OPTIM: Adam
2020-05-08 19:56:04,164 INFO N_SAMPLE: 10000
2020-05-08 19:56:04,164 INFO MODE: 1vsN
2020-05-08 19:56:04,164 INFO RATE: 0.05
2020-05-08 19:56:04,164 INFO GAMMA: 12.0
2020-05-08 19:56:04,165 INFO BERN: True
2020-05-08 19:56:04,165 INFO MARGIN: 4.0
2020-05-08 19:56:04,165 INFO REG: 1.0
2020-05-08 19:56:04,165 INFO LABEL_SMOOTH_EPS: 0.1
2020-05-08 19:56:04,165 INFO INPUT_DROP: 0.2
2020-05-08 19:56:04,165 INFO FEAT_DROP: 0.2
2020-05-08 19:56:04,165 INFO HIDD_DROP: 0.3
2020-05-08 19:56:04,165 INFO CHANNELS: 50
2020-05-08 19:56:04,165 INFO KERNEL_SIZE: 3
2020-05-08 19:56:04,165 INFO N_POOL: 100
2020-05-08 19:56:04,165 INFO MODEL_D: TransH
2020-05-08 19:56:04,165 INFO MODEL_G: DistMult
2020-05-08 19:56:04,165 INFO SCRATCH: False
2020-05-08 19:56:04,165 INFO D_FILE: None
2020-05-08 19:56:04,165 INFO G_FILE: None
2020-05-08 19:56:04,165 INFO PATH: data
2020-05-08 19:56:04,165 INFO DATA: WN18RR
2020-05-08 19:56:04,165 INFO EXP_PATH: experiment/WN18RR
2020-05-08 19:56:04,165 INFO MODEL: ConvE
2020-05-08 19:56:04,165 INFO V: 5
2020-05-08 19:56:04,165 INFO F: True
2020-05-08 19:56:04,166 INFO EVAL: False
2020-05-08 19:56:04,166 INFO TRAINED: False
2020-05-08 19:56:04,166 INFO PRETRAINED_NAME: None
2020-05-08 19:56:04,166 INFO EXP_NAME: ConvE-WN18RR-1vsN-5
2020-05-08 19:56:04,166 INFO --------------------------------------
2020-05-08 19:57:04,958 INFO Dataload done
2020-05-08 19:57:04,958 INFO --------------------------------------
2020-05-08 19:57:04,958 INFO N_ENTITY: 40943
2020-05-08 19:57:04,958 INFO N_RELATION: 11
2020-05-08 19:57:04,958 INFO --------------------------------------
2020-05-08 19:57:08,637 INFO Start Training...
2020-05-08 19:57:35,845 INFO [27.2] Epoch 0: loss = 0.0200
2020-05-08 19:58:03,465 INFO [27.6] Epoch 1: loss = 0.0019
2020-05-08 19:58:30,522 INFO [27.1] Epoch 2: loss = 0.0018
2020-05-08 19:58:57,503 INFO [27.0] Epoch 3: loss = 0.0018
2020-05-08 19:59:23,632 INFO [26.1] Epoch 4: loss = 0.0018
2020-05-08 19:59:51,017 INFO [27.4] Epoch 5: loss = 0.0018
