2020-04-14 15:21:01,214 INFO EPOCH: 1000
2020-04-14 15:21:01,215 INFO EVERY: 10
2020-04-14 15:21:01,215 INFO LR: 0.001
2020-04-14 15:21:01,215 INFO DIM: 200
2020-04-14 15:21:01,215 INFO BATCH_SIZE: 128
2020-04-14 15:21:01,215 INFO BATCH_SIZE2: 256
2020-04-14 15:21:01,215 INFO P: 1
2020-04-14 15:21:01,215 INFO CLIPPING_MAX_VALUE: 4.0
2020-04-14 15:21:01,215 INFO OPTIM: Adam
2020-04-14 15:21:01,215 INFO N_SAMPLE: 12
2020-04-14 15:21:01,215 INFO MODE: 1all
2020-04-14 15:21:01,215 INFO GAMMA: 12.0
2020-04-14 15:21:01,215 INFO BERN: True
2020-04-14 15:21:01,215 INFO MARGIN: 4.0
2020-04-14 15:21:01,215 INFO REG: 1.0
2020-04-14 15:21:01,215 INFO LABEL_SMOOTH_EPS: 0.1
2020-04-14 15:21:01,215 INFO INPUT_DROP: 0.2
2020-04-14 15:21:01,215 INFO FEAT_DROP: 0.2
2020-04-14 15:21:01,215 INFO HIDD_DROP: 0.3
2020-04-14 15:21:01,215 INFO CHANNELS: 50
2020-04-14 15:21:01,215 INFO KERNEL_SIZE: 3
2020-04-14 15:21:01,215 INFO N_POOL: 100
2020-04-14 15:21:01,215 INFO MODEL_D: TransH
2020-04-14 15:21:01,215 INFO MODEL_G: DistMult
2020-04-14 15:21:01,216 INFO SCRATCH: False
2020-04-14 15:21:01,216 INFO D_FILE: None
2020-04-14 15:21:01,216 INFO G_FILE: None
2020-04-14 15:21:01,216 INFO PATH: data
2020-04-14 15:21:01,216 INFO DATA: WN18RR
2020-04-14 15:21:01,216 INFO EXP_PATH: experiment/WN18RR
2020-04-14 15:21:01,216 INFO MODEL: ConvE
2020-04-14 15:21:01,216 INFO V: 0
2020-04-14 15:21:01,216 INFO F: False
2020-04-14 15:21:01,216 INFO EVAL: False
2020-04-14 15:21:01,216 INFO TRAINED: True
2020-04-14 15:21:01,216 INFO PRETRAINED_NAME: ConvE-WN18RR-1all-1
2020-04-14 15:21:01,216 INFO EXP_NAME: ConvE-WN18RR-1all-0
2020-04-14 15:21:01,216 INFO --------------------------------------
2020-04-14 15:21:03,621 INFO Dataload done
2020-04-14 15:21:03,621 INFO --------------------------------------
2020-04-14 15:21:03,621 INFO N_ENTITY: 40943
2020-04-14 15:21:03,621 INFO N_RELATION: 11
2020-04-14 15:21:03,621 INFO --------------------------------------
2020-04-14 15:21:07,049 INFO Start Evaling...
2020-04-14 15:21:17,317 INFO Head: mr:4539.0 mrr:41.46 hits:49.01
2020-04-14 15:21:17,317 INFO Tail: mr:3358.7 mrr:44.38 hits:53.82
2020-04-14 15:21:17,317 INFO All: mr:3948.8 mrr:42.92 hits:51.42
2020-04-14 15:21:17,323 INFO Start Training...
2020-04-14 15:22:55,104 INFO [97.8] Epoch 0: loss = 0.0004
2020-04-14 15:24:29,492 INFO [94.4] Epoch 1: loss = 0.0004
2020-04-14 15:26:03,756 INFO [94.3] Epoch 2: loss = 0.0004
2020-04-14 15:27:37,655 INFO [93.9] Epoch 3: loss = 0.0004
2020-04-14 15:29:16,300 INFO [98.6] Epoch 4: loss = 0.0004
2020-04-14 15:30:50,591 INFO [94.3] Epoch 5: loss = 0.0004
2020-04-14 15:32:30,313 INFO [99.7] Epoch 6: loss = 0.0004
2020-04-14 15:34:05,643 INFO [95.3] Epoch 7: loss = 0.0004
2020-04-14 15:35:44,927 INFO [99.3] Epoch 8: loss = 0.0004
2020-04-14 15:37:33,672 INFO [108.7] Epoch 9: loss = 0.0004
2020-04-14 15:37:33,673 INFO Start Evaling...
2020-04-14 15:37:48,275 INFO Head: mr:4523.2 mrr:41.53 hits:49.11
2020-04-14 15:37:48,279 INFO Tail: mr:3344.9 mrr:44.38 hits:53.39
2020-04-14 15:37:48,281 INFO All: mr:3934.0 mrr:42.96 hits:51.25
2020-04-14 15:37:48,288 INFO Improved and model saved
2020-04-14 15:39:35,066 INFO [106.7] Epoch 10: loss = 0.0004
2020-04-14 15:41:13,018 INFO [98.0] Epoch 11: loss = 0.0004
2020-04-14 15:42:49,234 INFO [96.2] Epoch 12: loss = 0.0004
2020-04-14 15:44:31,102 INFO [101.9] Epoch 13: loss = 0.0004
2020-04-14 15:46:06,772 INFO [95.7] Epoch 14: loss = 0.0004
2020-04-14 15:47:44,304 INFO [97.5] Epoch 15: loss = 0.0004
2020-04-14 15:49:18,120 INFO [93.8] Epoch 16: loss = 0.0004
2020-04-14 15:50:58,876 INFO [100.8] Epoch 17: loss = 0.0004
2020-04-14 15:52:35,987 INFO [97.1] Epoch 18: loss = 0.0004
2020-04-14 15:54:11,498 INFO [95.5] Epoch 19: loss = 0.0004
2020-04-14 15:54:11,498 INFO Start Evaling...
2020-04-14 15:54:24,261 INFO Head: mr:4524.9 mrr:41.66 hits:49.01
2020-04-14 15:54:24,264 INFO Tail: mr:3399.8 mrr:44.37 hits:53.76
2020-04-14 15:54:24,266 INFO All: mr:3962.3 mrr:43.02 hits:51.38
2020-04-14 15:54:24,272 INFO Improved and model saved
2020-04-14 15:56:02,724 INFO [98.4] Epoch 20: loss = 0.0004
2020-04-14 15:57:36,768 INFO [94.0] Epoch 21: loss = 0.0004
2020-04-14 15:59:18,048 INFO [101.3] Epoch 22: loss = 0.0004
2020-04-14 16:00:51,247 INFO [93.2] Epoch 23: loss = 0.0004
2020-04-14 16:02:35,900 INFO [104.7] Epoch 24: loss = 0.0004
2020-04-14 16:04:17,906 INFO [102.0] Epoch 25: loss = 0.0004
2020-04-14 16:05:54,434 INFO [96.5] Epoch 26: loss = 0.0004
2020-04-14 16:07:31,356 INFO [96.9] Epoch 27: loss = 0.0004
2020-04-14 16:09:07,799 INFO [96.4] Epoch 28: loss = 0.0004
2020-04-14 16:10:48,924 INFO [101.1] Epoch 29: loss = 0.0004
2020-04-14 16:10:48,925 INFO Start Evaling...
2020-04-14 16:11:03,823 INFO Head: mr:4479.6 mrr:41.71 hits:49.44
2020-04-14 16:11:03,825 INFO Tail: mr:3332.8 mrr:44.42 hits:53.49
2020-04-14 16:11:03,828 INFO All: mr:3906.2 mrr:43.06 hits:51.47
2020-04-14 16:11:03,834 INFO Improved and model saved
2020-04-14 16:12:42,166 INFO [98.3] Epoch 30: loss = 0.0004
2020-04-14 16:14:18,710 INFO [96.5] Epoch 31: loss = 0.0004
2020-04-14 16:15:53,783 INFO [95.1] Epoch 32: loss = 0.0004
2020-04-14 16:17:20,383 INFO [86.6] Epoch 33: loss = 0.0004
2020-04-14 16:18:55,178 INFO [94.8] Epoch 34: loss = 0.0004
2020-04-14 16:20:30,829 INFO [95.7] Epoch 35: loss = 0.0004
2020-04-14 16:22:17,689 INFO [106.9] Epoch 36: loss = 0.0004
2020-04-14 16:23:57,856 INFO [100.2] Epoch 37: loss = 0.0004
2020-04-14 16:25:36,282 INFO [98.4] Epoch 38: loss = 0.0004
2020-04-14 16:27:11,669 INFO [95.4] Epoch 39: loss = 0.0004
2020-04-14 16:27:11,670 INFO Start Evaling...
2020-04-14 16:27:24,989 INFO Head: mr:4484.6 mrr:41.60 hits:49.21
2020-04-14 16:27:24,992 INFO Tail: mr:3245.7 mrr:44.33 hits:53.56
2020-04-14 16:27:24,994 INFO All: mr:3865.2 mrr:42.97 hits:51.38
2020-04-14 16:27:25,001 INFO Declined in recent 1 epochs
2020-04-14 16:28:58,707 INFO [93.7] Epoch 40: loss = 0.0004
2020-04-14 16:30:33,143 INFO [94.4] Epoch 41: loss = 0.0004
2020-04-14 16:32:09,213 INFO [96.1] Epoch 42: loss = 0.0004
2020-04-14 16:33:44,707 INFO [95.5] Epoch 43: loss = 0.0004
2020-04-14 16:35:21,951 INFO [97.2] Epoch 44: loss = 0.0004
2020-04-14 16:37:04,277 INFO [102.3] Epoch 45: loss = 0.0004
2020-04-14 16:38:38,773 INFO [94.5] Epoch 46: loss = 0.0004
2020-04-14 16:40:15,216 INFO [96.4] Epoch 47: loss = 0.0004
2020-04-14 16:41:44,471 INFO [89.3] Epoch 48: loss = 0.0004
2020-04-14 16:43:22,430 INFO [98.0] Epoch 49: loss = 0.0004
2020-04-14 16:43:22,431 INFO Start Evaling...
2020-04-14 16:43:36,012 INFO Head: mr:4475.7 mrr:41.65 hits:49.54
2020-04-14 16:43:36,014 INFO Tail: mr:3289.0 mrr:44.40 hits:53.89
2020-04-14 16:43:36,016 INFO All: mr:3882.3 mrr:43.02 hits:51.71
2020-04-14 16:43:36,023 INFO Improved and model saved
2020-04-14 16:45:06,306 INFO [90.2] Epoch 50: loss = 0.0004
2020-04-14 16:46:40,639 INFO [94.3] Epoch 51: loss = 0.0004
2020-04-14 16:48:18,035 INFO [97.4] Epoch 52: loss = 0.0004
2020-04-14 16:49:49,567 INFO [91.5] Epoch 53: loss = 0.0004
2020-04-14 16:51:28,175 INFO [98.6] Epoch 54: loss = 0.0004
2020-04-14 16:53:08,265 INFO [100.1] Epoch 55: loss = 0.0004
2020-04-14 16:54:45,998 INFO [97.7] Epoch 56: loss = 0.0004
2020-04-14 16:56:16,426 INFO [90.4] Epoch 57: loss = 0.0004
2020-04-14 16:57:48,667 INFO [92.2] Epoch 58: loss = 0.0004
2020-04-14 16:59:26,429 INFO [97.8] Epoch 59: loss = 0.0004
2020-04-14 16:59:26,430 INFO Start Evaling...
2020-04-14 16:59:38,304 INFO Head: mr:4551.5 mrr:41.71 hits:49.37
2020-04-14 16:59:38,307 INFO Tail: mr:3281.2 mrr:44.62 hits:54.02
2020-04-14 16:59:38,309 INFO All: mr:3916.4 mrr:43.17 hits:51.70
2020-04-14 16:59:38,317 INFO Declined in recent 1 epochs
2020-04-14 17:01:16,966 INFO [98.6] Epoch 60: loss = 0.0004
2020-04-14 17:02:55,766 INFO [98.8] Epoch 61: loss = 0.0004
2020-04-14 17:04:34,178 INFO [98.4] Epoch 62: loss = 0.0004
2020-04-14 17:06:08,628 INFO [94.4] Epoch 63: loss = 0.0004
2020-04-14 17:07:42,238 INFO [93.6] Epoch 64: loss = 0.0004
2020-04-14 17:09:23,400 INFO [101.2] Epoch 65: loss = 0.0004
2020-04-14 17:11:03,348 INFO [99.9] Epoch 66: loss = 0.0004
2020-04-14 17:12:35,442 INFO [92.1] Epoch 67: loss = 0.0004
2020-04-14 17:14:11,483 INFO [96.0] Epoch 68: loss = 0.0004
2020-04-14 17:15:58,591 INFO [107.1] Epoch 69: loss = 0.0004
2020-04-14 17:15:58,592 INFO Start Evaling...
2020-04-14 17:16:10,752 INFO Head: mr:4547.0 mrr:41.66 hits:49.27
2020-04-14 17:16:10,754 INFO Tail: mr:3309.0 mrr:44.51 hits:53.66
2020-04-14 17:16:10,756 INFO All: mr:3928.0 mrr:43.09 hits:51.47
2020-04-14 17:16:10,763 INFO Declined in recent 2 epochs
2020-04-14 17:17:43,263 INFO [92.5] Epoch 70: loss = 0.0004
2020-04-14 17:19:11,622 INFO [88.4] Epoch 71: loss = 0.0004
2020-04-14 17:20:37,554 INFO [85.9] Epoch 72: loss = 0.0004
2020-04-14 17:22:00,120 INFO [82.6] Epoch 73: loss = 0.0004
2020-04-14 17:23:28,419 INFO [88.3] Epoch 74: loss = 0.0004
2020-04-14 17:24:58,346 INFO [89.9] Epoch 75: loss = 0.0004
2020-04-14 17:26:25,791 INFO [87.4] Epoch 76: loss = 0.0004
2020-04-14 17:27:49,311 INFO [83.5] Epoch 77: loss = 0.0004
2020-04-14 17:29:11,697 INFO [82.4] Epoch 78: loss = 0.0004
2020-04-14 17:30:36,747 INFO [85.0] Epoch 79: loss = 0.0004
2020-04-14 17:30:36,748 INFO Start Evaling...
2020-04-14 17:30:49,620 INFO Head: mr:4517.5 mrr:41.67 hits:49.41
2020-04-14 17:30:49,620 INFO Tail: mr:3345.0 mrr:44.35 hits:53.92
2020-04-14 17:30:49,620 INFO All: mr:3931.3 mrr:43.01 hits:51.66
2020-04-14 17:30:49,626 INFO Declined in recent 3 epochs
2020-04-14 17:32:11,230 INFO [81.6] Epoch 80: loss = 0.0004
2020-04-14 17:33:30,536 INFO [79.3] Epoch 81: loss = 0.0004
2020-04-14 17:34:52,380 INFO [81.8] Epoch 82: loss = 0.0004
2020-04-14 17:36:10,175 INFO [77.8] Epoch 83: loss = 0.0004
2020-04-14 17:37:26,720 INFO [76.5] Epoch 84: loss = 0.0004
2020-04-14 17:38:46,906 INFO [80.2] Epoch 85: loss = 0.0004
2020-04-14 17:40:10,043 INFO [83.1] Epoch 86: loss = 0.0004
2020-04-14 17:41:27,271 INFO [77.2] Epoch 87: loss = 0.0004
2020-04-14 17:42:45,035 INFO [77.8] Epoch 88: loss = 0.0004
2020-04-14 17:44:09,500 INFO [84.5] Epoch 89: loss = 0.0004
2020-04-14 17:44:09,501 INFO Start Evaling...
2020-04-14 17:44:21,464 INFO Head: mr:4504.4 mrr:41.77 hits:49.14
2020-04-14 17:44:21,467 INFO Tail: mr:3299.9 mrr:44.56 hits:54.12
2020-04-14 17:44:21,467 INFO All: mr:3902.2 mrr:43.16 hits:51.63
2020-04-14 17:44:21,472 INFO Declined in recent 4 epochs
2020-04-14 17:45:44,583 INFO [83.1] Epoch 90: loss = 0.0004
2020-04-14 17:47:08,036 INFO [83.5] Epoch 91: loss = 0.0004
2020-04-14 17:48:32,489 INFO [84.5] Epoch 92: loss = 0.0004
2020-04-14 17:49:54,497 INFO [82.0] Epoch 93: loss = 0.0004
2020-04-14 17:51:17,880 INFO [83.4] Epoch 94: loss = 0.0004
2020-04-14 17:52:44,050 INFO [86.2] Epoch 95: loss = 0.0004
2020-04-14 17:54:05,411 INFO [81.4] Epoch 96: loss = 0.0004
2020-04-14 17:55:26,960 INFO [81.5] Epoch 97: loss = 0.0004
2020-04-14 17:56:52,726 INFO [85.8] Epoch 98: loss = 0.0004
2020-04-14 17:58:11,994 INFO [79.3] Epoch 99: loss = 0.0004
2020-04-14 17:58:11,995 INFO Start Evaling...
2020-04-14 17:58:21,853 INFO Head: mr:4482.5 mrr:41.70 hits:49.18
2020-04-14 17:58:21,855 INFO Tail: mr:3250.4 mrr:44.38 hits:53.69
2020-04-14 17:58:21,855 INFO All: mr:3866.5 mrr:43.04 hits:51.43
2020-04-14 17:58:21,861 INFO Declined in recent 5 epochs
2020-04-14 17:58:21,861 INFO Early stopping
2020-04-14 17:58:21,861 INFO Train done
2020-04-14 17:58:21,902 INFO Start Evaling...
2020-04-14 17:58:31,096 INFO Head: mr:4699.8 mrr:41.33 hits:48.98
2020-04-14 17:58:31,096 INFO Tail: mr:3429.9 mrr:44.62 hits:54.37
2020-04-14 17:58:31,096 INFO All: mr:4064.8 mrr:42.97 hits:51.68
