2020-04-14 15:21:01,235 INFO EPOCH: 1000
2020-04-14 15:21:01,235 INFO EVERY: 10
2020-04-14 15:21:01,236 INFO LR: 0.001
2020-04-14 15:21:01,236 INFO DIM: 200
2020-04-14 15:21:01,236 INFO BATCH_SIZE: 256
2020-04-14 15:21:01,236 INFO BATCH_SIZE2: 256
2020-04-14 15:21:01,236 INFO P: 1
2020-04-14 15:21:01,236 INFO CLIPPING_MAX_VALUE: 4.0
2020-04-14 15:21:01,236 INFO OPTIM: Adam
2020-04-14 15:21:01,236 INFO N_SAMPLE: 12
2020-04-14 15:21:01,236 INFO MODE: 1all
2020-04-14 15:21:01,236 INFO GAMMA: 12.0
2020-04-14 15:21:01,236 INFO BERN: True
2020-04-14 15:21:01,236 INFO MARGIN: 4.0
2020-04-14 15:21:01,236 INFO REG: 1.0
2020-04-14 15:21:01,236 INFO LABEL_SMOOTH_EPS: 0.1
2020-04-14 15:21:01,236 INFO INPUT_DROP: 0.2
2020-04-14 15:21:01,236 INFO FEAT_DROP: 0.2
2020-04-14 15:21:01,236 INFO HIDD_DROP: 0.3
2020-04-14 15:21:01,236 INFO CHANNELS: 50
2020-04-14 15:21:01,237 INFO KERNEL_SIZE: 3
2020-04-14 15:21:01,237 INFO N_POOL: 100
2020-04-14 15:21:01,237 INFO MODEL_D: TransH
2020-04-14 15:21:01,237 INFO MODEL_G: DistMult
2020-04-14 15:21:01,237 INFO SCRATCH: False
2020-04-14 15:21:01,237 INFO D_FILE: None
2020-04-14 15:21:01,237 INFO G_FILE: None
2020-04-14 15:21:01,237 INFO PATH: data
2020-04-14 15:21:01,237 INFO DATA: WN18RR
2020-04-14 15:21:01,237 INFO EXP_PATH: experiment/WN18RR
2020-04-14 15:21:01,237 INFO MODEL: ConvTransE
2020-04-14 15:21:01,237 INFO V: 0
2020-04-14 15:21:01,237 INFO F: False
2020-04-14 15:21:01,237 INFO EVAL: False
2020-04-14 15:21:01,237 INFO TRAINED: True
2020-04-14 15:21:01,237 INFO PRETRAINED_NAME: ConvTransE-WN18RR-1all-1
2020-04-14 15:21:01,237 INFO EXP_NAME: ConvTransE-WN18RR-1all-0
2020-04-14 15:21:01,237 INFO --------------------------------------
2020-04-14 15:21:03,549 INFO Dataload done
2020-04-14 15:21:03,549 INFO --------------------------------------
2020-04-14 15:21:03,549 INFO N_ENTITY: 40943
2020-04-14 15:21:03,549 INFO N_RELATION: 11
2020-04-14 15:21:03,549 INFO --------------------------------------
2020-04-14 15:21:07,172 INFO Start Evaling...
2020-04-14 15:21:16,392 INFO Head: mr:4280.8 mrr:41.28 hits:49.41
2020-04-14 15:21:16,395 INFO Tail: mr:3543.9 mrr:44.70 hits:54.45
2020-04-14 15:21:16,397 INFO All: mr:3912.3 mrr:42.99 hits:51.93
2020-04-14 15:21:16,404 INFO Start Training...
2020-04-14 15:22:15,094 INFO [58.7] Epoch 0: loss = 0.0004
2020-04-14 15:23:32,880 INFO [77.8] Epoch 1: loss = 0.0004
2020-04-14 15:24:50,920 INFO [78.0] Epoch 2: loss = 0.0004
2020-04-14 15:26:07,960 INFO [77.0] Epoch 3: loss = 0.0004
2020-04-14 15:27:25,064 INFO [77.1] Epoch 4: loss = 0.0004
2020-04-14 15:28:40,286 INFO [75.2] Epoch 5: loss = 0.0004
2020-04-14 15:29:56,677 INFO [76.4] Epoch 6: loss = 0.0004
2020-04-14 15:31:14,162 INFO [77.5] Epoch 7: loss = 0.0004
2020-04-14 15:32:32,916 INFO [78.8] Epoch 8: loss = 0.0004
2020-04-14 15:33:50,401 INFO [77.5] Epoch 9: loss = 0.0004
2020-04-14 15:33:50,401 INFO Start Evaling...
2020-04-14 15:34:02,573 INFO Head: mr:4281.2 mrr:41.42 hits:49.67
2020-04-14 15:34:02,575 INFO Tail: mr:3560.5 mrr:44.64 hits:54.02
2020-04-14 15:34:02,575 INFO All: mr:3920.8 mrr:43.03 hits:51.85
2020-04-14 15:34:02,582 INFO Improved and model saved
2020-04-14 15:35:18,756 INFO [76.1] Epoch 10: loss = 0.0004
2020-04-14 15:36:38,283 INFO [79.5] Epoch 11: loss = 0.0004
2020-04-14 15:37:55,616 INFO [77.3] Epoch 12: loss = 0.0004
2020-04-14 15:39:14,002 INFO [78.4] Epoch 13: loss = 0.0004
2020-04-14 15:40:29,388 INFO [75.4] Epoch 14: loss = 0.0004
2020-04-14 15:41:46,026 INFO [76.6] Epoch 15: loss = 0.0004
2020-04-14 15:43:01,974 INFO [75.9] Epoch 16: loss = 0.0004
2020-04-14 15:44:20,523 INFO [78.5] Epoch 17: loss = 0.0004
2020-04-14 15:45:37,664 INFO [77.1] Epoch 18: loss = 0.0004
2020-04-14 15:46:55,039 INFO [77.4] Epoch 19: loss = 0.0004
2020-04-14 15:46:55,039 INFO Start Evaling...
2020-04-14 15:47:06,370 INFO Head: mr:4236.7 mrr:41.40 hits:49.93
2020-04-14 15:47:06,377 INFO Tail: mr:3489.4 mrr:44.75 hits:53.96
2020-04-14 15:47:06,379 INFO All: mr:3863.1 mrr:43.07 hits:51.94
2020-04-14 15:47:06,389 INFO Improved and model saved
2020-04-14 15:48:20,100 INFO [73.6] Epoch 20: loss = 0.0004
2020-04-14 15:49:29,540 INFO [69.4] Epoch 21: loss = 0.0004
2020-04-14 15:50:47,448 INFO [77.9] Epoch 22: loss = 0.0004
2020-04-14 15:52:05,078 INFO [77.6] Epoch 23: loss = 0.0004
2020-04-14 15:53:21,340 INFO [76.3] Epoch 24: loss = 0.0004
2020-04-14 15:54:38,967 INFO [77.6] Epoch 25: loss = 0.0004
2020-04-14 15:55:56,279 INFO [77.3] Epoch 26: loss = 0.0004
2020-04-14 15:57:13,657 INFO [77.4] Epoch 27: loss = 0.0004
2020-04-14 15:58:28,977 INFO [75.3] Epoch 28: loss = 0.0004
2020-04-14 15:59:47,673 INFO [78.7] Epoch 29: loss = 0.0004
2020-04-14 15:59:47,673 INFO Start Evaling...
2020-04-14 16:00:00,598 INFO Head: mr:4239.3 mrr:41.34 hits:49.37
2020-04-14 16:00:00,604 INFO Tail: mr:3493.3 mrr:44.58 hits:53.69
2020-04-14 16:00:00,606 INFO All: mr:3866.3 mrr:42.96 hits:51.53
2020-04-14 16:00:00,614 INFO Declined in recent 1 epochs
2020-04-14 16:01:19,885 INFO [79.3] Epoch 30: loss = 0.0004
2020-04-14 16:02:36,352 INFO [76.5] Epoch 31: loss = 0.0004
2020-04-14 16:03:54,651 INFO [78.3] Epoch 32: loss = 0.0004
2020-04-14 16:05:14,064 INFO [79.4] Epoch 33: loss = 0.0004
2020-04-14 16:06:30,327 INFO [76.3] Epoch 34: loss = 0.0004
2020-04-14 16:07:48,274 INFO [77.9] Epoch 35: loss = 0.0004
2020-04-14 16:09:03,765 INFO [75.5] Epoch 36: loss = 0.0004
2020-04-14 16:10:22,255 INFO [78.5] Epoch 37: loss = 0.0004
2020-04-14 16:11:38,954 INFO [76.7] Epoch 38: loss = 0.0004
2020-04-14 16:12:58,128 INFO [79.2] Epoch 39: loss = 0.0004
2020-04-14 16:12:58,128 INFO Start Evaling...
2020-04-14 16:13:10,511 INFO Head: mr:4239.5 mrr:41.52 hits:49.74
2020-04-14 16:13:10,514 INFO Tail: mr:3523.5 mrr:44.82 hits:54.38
2020-04-14 16:13:10,516 INFO All: mr:3881.5 mrr:43.17 hits:52.06
2020-04-14 16:13:10,522 INFO Improved and model saved
2020-04-14 16:14:26,070 INFO [75.4] Epoch 40: loss = 0.0004
2020-04-14 16:15:38,206 INFO [72.1] Epoch 41: loss = 0.0004
2020-04-14 16:16:52,494 INFO [74.3] Epoch 42: loss = 0.0004
2020-04-14 16:18:12,810 INFO [80.3] Epoch 43: loss = 0.0004
2020-04-14 16:19:29,198 INFO [76.4] Epoch 44: loss = 0.0004
2020-04-14 16:20:47,468 INFO [78.3] Epoch 45: loss = 0.0004
2020-04-14 16:22:04,428 INFO [77.0] Epoch 46: loss = 0.0004
2020-04-14 16:23:21,837 INFO [77.4] Epoch 47: loss = 0.0004
2020-04-14 16:24:39,681 INFO [77.8] Epoch 48: loss = 0.0004
2020-04-14 16:25:56,507 INFO [76.8] Epoch 49: loss = 0.0004
2020-04-14 16:25:56,508 INFO Start Evaling...
2020-04-14 16:26:08,207 INFO Head: mr:4230.0 mrr:41.46 hits:49.74
2020-04-14 16:26:08,210 INFO Tail: mr:3464.8 mrr:44.49 hits:54.22
2020-04-14 16:26:08,212 INFO All: mr:3847.4 mrr:42.98 hits:51.98
2020-04-14 16:26:08,219 INFO Declined in recent 1 epochs
2020-04-14 16:27:24,130 INFO [75.9] Epoch 50: loss = 0.0004
2020-04-14 16:28:43,356 INFO [79.2] Epoch 51: loss = 0.0004
2020-04-14 16:29:59,049 INFO [75.7] Epoch 52: loss = 0.0004
2020-04-14 16:31:14,633 INFO [75.6] Epoch 53: loss = 0.0004
2020-04-14 16:32:32,889 INFO [78.3] Epoch 54: loss = 0.0004
2020-04-14 16:33:49,280 INFO [76.4] Epoch 55: loss = 0.0004
2020-04-14 16:35:04,691 INFO [75.4] Epoch 56: loss = 0.0004
2020-04-14 16:36:22,396 INFO [77.7] Epoch 57: loss = 0.0004
2020-04-14 16:37:40,547 INFO [78.2] Epoch 58: loss = 0.0004
2020-04-14 16:39:01,584 INFO [81.0] Epoch 59: loss = 0.0004
2020-04-14 16:39:01,585 INFO Start Evaling...
2020-04-14 16:39:14,723 INFO Head: mr:4237.0 mrr:41.48 hits:49.57
2020-04-14 16:39:14,725 INFO Tail: mr:3485.9 mrr:44.53 hits:53.92
2020-04-14 16:39:14,728 INFO All: mr:3861.4 mrr:43.01 hits:51.75
2020-04-14 16:39:14,734 INFO Declined in recent 2 epochs
2020-04-14 16:40:34,081 INFO [79.3] Epoch 60: loss = 0.0004
2020-04-14 16:41:44,299 INFO [70.2] Epoch 61: loss = 0.0004
2020-04-14 16:43:01,395 INFO [77.1] Epoch 62: loss = 0.0004
2020-04-14 16:44:14,953 INFO [73.6] Epoch 63: loss = 0.0004
2020-04-14 16:45:30,313 INFO [75.4] Epoch 64: loss = 0.0004
2020-04-14 16:46:46,854 INFO [76.5] Epoch 65: loss = 0.0004
2020-04-14 16:48:04,415 INFO [77.6] Epoch 66: loss = 0.0004
2020-04-14 16:49:23,964 INFO [79.5] Epoch 67: loss = 0.0004
2020-04-14 16:50:41,244 INFO [77.3] Epoch 68: loss = 0.0004
2020-04-14 16:51:59,394 INFO [78.1] Epoch 69: loss = 0.0004
2020-04-14 16:51:59,394 INFO Start Evaling...
2020-04-14 16:52:10,644 INFO Head: mr:4237.7 mrr:41.63 hits:49.90
2020-04-14 16:52:10,646 INFO Tail: mr:3475.7 mrr:44.28 hits:54.05
2020-04-14 16:52:10,648 INFO All: mr:3856.7 mrr:42.95 hits:51.98
2020-04-14 16:52:10,655 INFO Declined in recent 3 epochs
2020-04-14 16:53:29,090 INFO [78.4] Epoch 70: loss = 0.0004
2020-04-14 16:54:47,655 INFO [78.6] Epoch 71: loss = 0.0004
2020-04-14 16:56:04,568 INFO [76.9] Epoch 72: loss = 0.0004
2020-04-14 16:57:21,841 INFO [77.3] Epoch 73: loss = 0.0004
2020-04-14 16:58:37,583 INFO [75.7] Epoch 74: loss = 0.0004
2020-04-14 17:00:01,270 INFO [83.7] Epoch 75: loss = 0.0004
2020-04-14 17:01:19,343 INFO [78.1] Epoch 76: loss = 0.0004
2020-04-14 17:02:37,672 INFO [78.3] Epoch 77: loss = 0.0004
2020-04-14 17:03:54,395 INFO [76.7] Epoch 78: loss = 0.0004
2020-04-14 17:05:11,162 INFO [76.8] Epoch 79: loss = 0.0004
2020-04-14 17:05:11,162 INFO Start Evaling...
2020-04-14 17:05:22,991 INFO Head: mr:4254.1 mrr:41.56 hits:49.47
2020-04-14 17:05:22,994 INFO Tail: mr:3452.5 mrr:44.63 hits:53.63
2020-04-14 17:05:22,996 INFO All: mr:3853.3 mrr:43.10 hits:51.55
2020-04-14 17:05:23,003 INFO Declined in recent 4 epochs
2020-04-14 17:06:42,056 INFO [79.1] Epoch 80: loss = 0.0004
2020-04-14 17:07:55,672 INFO [73.6] Epoch 81: loss = 0.0004
2020-04-14 17:09:09,587 INFO [73.9] Epoch 82: loss = 0.0004
2020-04-14 17:10:29,337 INFO [79.7] Epoch 83: loss = 0.0004
2020-04-14 17:11:46,004 INFO [76.7] Epoch 84: loss = 0.0004
2020-04-14 17:12:55,927 INFO [69.9] Epoch 85: loss = 0.0004
2020-04-14 17:14:15,429 INFO [79.5] Epoch 86: loss = 0.0004
2020-04-14 17:15:34,439 INFO [79.0] Epoch 87: loss = 0.0004
2020-04-14 17:16:50,613 INFO [76.2] Epoch 88: loss = 0.0004
2020-04-14 17:18:07,650 INFO [77.0] Epoch 89: loss = 0.0004
2020-04-14 17:18:07,650 INFO Start Evaling...
2020-04-14 17:18:19,651 INFO Head: mr:4235.0 mrr:41.46 hits:49.67
2020-04-14 17:18:19,651 INFO Tail: mr:3453.0 mrr:44.48 hits:54.25
2020-04-14 17:18:19,651 INFO All: mr:3844.0 mrr:42.97 hits:51.96
2020-04-14 17:18:19,656 INFO Declined in recent 5 epochs
2020-04-14 17:18:19,656 INFO Early stopping
2020-04-14 17:18:19,656 INFO Train done
2020-04-14 17:18:19,697 INFO Start Evaling...
2020-04-14 17:18:34,211 INFO Head: mr:4524.0 mrr:41.19 hits:49.14
2020-04-14 17:18:34,213 INFO Tail: mr:3574.6 mrr:45.21 hits:54.75
2020-04-14 17:18:34,215 INFO All: mr:4049.3 mrr:43.20 hits:51.95
