2020-05-20 03:33:04,028 INFO EPOCH: 1000
2020-05-20 03:33:04,029 INFO EVERY: 10
2020-05-20 03:33:04,029 INFO LR: 0.001
2020-05-20 03:33:04,029 INFO DIM: 200
2020-05-20 03:33:04,029 INFO BATCH_SIZE: 128
2020-05-20 03:33:04,029 INFO BATCH_SIZE2: 16
2020-05-20 03:33:04,029 INFO P: 1
2020-05-20 03:33:04,029 INFO CLIPPING_MAX_VALUE: 4.0
2020-05-20 03:33:04,029 INFO OPTIM: Adam
2020-05-20 03:33:04,029 INFO N_SAMPLE: 100
2020-05-20 03:33:04,029 INFO MODE: 1vsN
2020-05-20 03:33:04,030 INFO RATE: 0.02
2020-05-20 03:33:04,030 INFO GAMMA: 12.0
2020-05-20 03:33:04,030 INFO BERN: True
2020-05-20 03:33:04,030 INFO MARGIN: 4.0
2020-05-20 03:33:04,030 INFO REG: 1.0
2020-05-20 03:33:04,030 INFO LABEL_SMOOTH_EPS: 0.1
2020-05-20 03:33:04,030 INFO INPUT_DROP: 0.2
2020-05-20 03:33:04,030 INFO FEAT_DROP: 0.2
2020-05-20 03:33:04,030 INFO HIDD_DROP: 0.3
2020-05-20 03:33:04,030 INFO CHANNELS: 50
2020-05-20 03:33:04,030 INFO KERNEL_SIZE: 3
2020-05-20 03:33:04,031 INFO N_POOL: 100
2020-05-20 03:33:04,031 INFO MODEL_D: TransH
2020-05-20 03:33:04,031 INFO MODEL_G: DistMult
2020-05-20 03:33:04,031 INFO SCRATCH: False
2020-05-20 03:33:04,031 INFO D_FILE: None
2020-05-20 03:33:04,031 INFO G_FILE: None
2020-05-20 03:33:04,031 INFO PATH: data
2020-05-20 03:33:04,031 INFO DATA: WN18RR
2020-05-20 03:33:04,031 INFO EXP_PATH: experiment/WN18RR
2020-05-20 03:33:04,031 INFO MODEL: ConvE
2020-05-20 03:33:04,031 INFO V: 100.02
2020-05-20 03:33:04,032 INFO F: True
2020-05-20 03:33:04,032 INFO EVAL: False
2020-05-20 03:33:04,032 INFO TRAINED: False
2020-05-20 03:33:04,032 INFO PRETRAINED_NAME: None
2020-05-20 03:33:04,032 INFO EXP_NAME: ConvE-WN18RR-1vsN-100.02
2020-05-20 03:33:04,032 INFO --------------------------------------
2020-05-20 03:33:08,929 INFO Dataload done
2020-05-20 03:33:08,929 INFO --------------------------------------
2020-05-20 03:33:08,929 INFO N_ENTITY: 40943
2020-05-20 03:33:08,929 INFO N_RELATION: 11
2020-05-20 03:33:08,929 INFO --------------------------------------
2020-05-20 03:33:12,458 INFO Start Training...
2020-05-20 03:33:58,210 INFO [45.8] Epoch 0: loss = 0.0817
2020-05-20 03:34:43,714 INFO [45.5] Epoch 1: loss = 0.0487
2020-05-20 03:35:29,801 INFO [46.1] Epoch 2: loss = 0.0436
2020-05-20 03:36:15,814 INFO [46.0] Epoch 3: loss = 0.0370
2020-05-20 03:37:01,671 INFO [45.9] Epoch 4: loss = 0.0305
2020-05-20 03:37:47,097 INFO [45.4] Epoch 5: loss = 0.0260
2020-05-20 03:38:32,607 INFO [45.5] Epoch 6: loss = 0.0230
2020-05-20 03:39:18,475 INFO [45.9] Epoch 7: loss = 0.0211
2020-05-20 03:40:03,996 INFO [45.5] Epoch 8: loss = 0.0198
2020-05-20 03:40:49,922 INFO [45.9] Epoch 9: loss = 0.0189
2020-05-20 03:40:49,923 INFO Start Evaling...
2020-05-20 03:42:32,686 INFO Head: mr:6389.8 mrr:34.03 hits:39.58
2020-05-20 03:42:32,686 INFO Tail: mr:3535.8 mrr:36.26 hits:43.51
2020-05-20 03:42:32,686 INFO All: mr:4962.8 mrr:35.14 hits:41.55
2020-05-20 03:42:32,688 INFO Start Evaling...
2020-05-20 03:44:18,528 INFO Head: mr:6689.4 mrr:33.18 hits:39.15
2020-05-20 03:44:18,528 INFO Tail: mr:3483.3 mrr:35.91 hits:43.81
2020-05-20 03:44:18,528 INFO All: mr:5086.3 mrr:34.54 hits:41.48
2020-05-20 03:44:18,530 INFO Improved and model saved
2020-05-20 03:45:04,529 INFO [45.9] Epoch 10: loss = 0.0182
2020-05-20 03:45:49,812 INFO [45.3] Epoch 11: loss = 0.0178
2020-05-20 03:46:35,658 INFO [45.8] Epoch 12: loss = 0.0174
2020-05-20 03:47:21,599 INFO [45.9] Epoch 13: loss = 0.0171
2020-05-20 03:48:06,767 INFO [45.2] Epoch 14: loss = 0.0169
2020-05-20 03:48:52,728 INFO [46.0] Epoch 15: loss = 0.0166
2020-05-20 03:49:38,555 INFO [45.8] Epoch 16: loss = 0.0165
2020-05-20 03:50:23,975 INFO [45.4] Epoch 17: loss = 0.0163
2020-05-20 03:51:09,550 INFO [45.6] Epoch 18: loss = 0.0162
2020-05-20 03:51:55,362 INFO [45.8] Epoch 19: loss = 0.0161
2020-05-20 03:51:55,363 INFO Start Evaling...
2020-05-20 03:53:38,137 INFO Head: mr:6132.0 mrr:38.30 hits:41.99
2020-05-20 03:53:38,137 INFO Tail: mr:3796.6 mrr:40.99 hits:46.18
2020-05-20 03:53:38,137 INFO All: mr:4964.3 mrr:39.65 hits:44.08
2020-05-20 03:53:38,139 INFO Start Evaling...
2020-05-20 03:55:23,784 INFO Head: mr:6477.9 mrr:38.09 hits:41.90
2020-05-20 03:55:23,784 INFO Tail: mr:3797.9 mrr:40.83 hits:46.27
2020-05-20 03:55:23,784 INFO All: mr:5137.9 mrr:39.46 hits:44.08
2020-05-20 03:55:23,786 INFO Improved and model saved
2020-05-20 03:56:09,361 INFO [45.2] Epoch 20: loss = 0.0159
2020-05-20 03:56:54,955 INFO [45.6] Epoch 21: loss = 0.0158
2020-05-20 03:57:40,840 INFO [45.9] Epoch 22: loss = 0.0158
2020-05-20 03:58:26,377 INFO [45.5] Epoch 23: loss = 0.0157
2020-05-20 03:59:12,298 INFO [45.9] Epoch 24: loss = 0.0156
2020-05-20 03:59:58,386 INFO [46.1] Epoch 25: loss = 0.0155
2020-05-20 04:00:43,912 INFO [45.5] Epoch 26: loss = 0.0155
2020-05-20 04:01:29,952 INFO [46.0] Epoch 27: loss = 0.0154
2020-05-20 04:02:15,709 INFO [45.8] Epoch 28: loss = 0.0153
2020-05-20 04:03:01,287 INFO [45.6] Epoch 29: loss = 0.0153
2020-05-20 04:03:01,288 INFO Start Evaling...
2020-05-20 04:04:44,062 INFO Head: mr:6091.2 mrr:39.75 hits:43.01
2020-05-20 04:04:44,062 INFO Tail: mr:3931.7 mrr:42.05 hits:46.77
2020-05-20 04:04:44,062 INFO All: mr:5011.5 mrr:40.90 hits:44.89
2020-05-20 04:04:44,064 INFO Start Evaling...
2020-05-20 04:06:29,706 INFO Head: mr:6390.8 mrr:39.28 hits:43.11
2020-05-20 04:06:29,706 INFO Tail: mr:3981.3 mrr:42.13 hits:47.26
2020-05-20 04:06:29,707 INFO All: mr:5186.0 mrr:40.70 hits:45.18
2020-05-20 04:06:29,708 INFO Improved and model saved
2020-05-20 04:07:15,446 INFO [45.7] Epoch 30: loss = 0.0152
2020-05-20 04:08:01,121 INFO [45.7] Epoch 31: loss = 0.0152
2020-05-20 04:08:46,666 INFO [45.5] Epoch 32: loss = 0.0151
2020-05-20 04:09:32,497 INFO [45.8] Epoch 33: loss = 0.0151
2020-05-20 04:10:18,134 INFO [45.6] Epoch 34: loss = 0.0151
2020-05-20 04:11:03,653 INFO [45.5] Epoch 35: loss = 0.0150
2020-05-20 04:11:49,350 INFO [45.7] Epoch 36: loss = 0.0150
2020-05-20 04:12:35,034 INFO [45.7] Epoch 37: loss = 0.0150
2020-05-20 04:13:20,651 INFO [45.6] Epoch 38: loss = 0.0149
2020-05-20 04:14:06,377 INFO [45.7] Epoch 39: loss = 0.0149
2020-05-20 04:14:06,377 INFO Start Evaling...
2020-05-20 04:15:49,335 INFO Head: mr:6001.3 mrr:40.21 hits:43.61
2020-05-20 04:15:49,335 INFO Tail: mr:4087.0 mrr:42.82 hits:47.30
2020-05-20 04:15:49,335 INFO All: mr:5044.1 mrr:41.52 hits:45.45
2020-05-20 04:15:49,337 INFO Start Evaling...
2020-05-20 04:17:35,169 INFO Head: mr:6334.7 mrr:39.78 hits:43.46
2020-05-20 04:17:35,170 INFO Tail: mr:4169.0 mrr:42.70 hits:47.29
2020-05-20 04:17:35,170 INFO All: mr:5251.9 mrr:41.24 hits:45.37
2020-05-20 04:17:35,172 INFO Improved and model saved
2020-05-20 04:18:21,104 INFO [45.9] Epoch 40: loss = 0.0149
2020-05-20 04:19:06,350 INFO [45.2] Epoch 41: loss = 0.0148
2020-05-20 04:19:51,939 INFO [45.6] Epoch 42: loss = 0.0148
2020-05-20 04:20:37,890 INFO [46.0] Epoch 43: loss = 0.0148
2020-05-20 04:21:22,952 INFO [45.1] Epoch 44: loss = 0.0148
2020-05-20 04:22:08,972 INFO [46.0] Epoch 45: loss = 0.0147
2020-05-20 04:22:54,843 INFO [45.9] Epoch 46: loss = 0.0147
2020-05-20 04:23:40,188 INFO [45.3] Epoch 47: loss = 0.0147
2020-05-20 04:24:25,853 INFO [45.7] Epoch 48: loss = 0.0147
2020-05-20 04:25:11,683 INFO [45.8] Epoch 49: loss = 0.0146
2020-05-20 04:25:11,683 INFO Start Evaling...
2020-05-20 04:26:54,432 INFO Head: mr:5918.7 mrr:40.41 hits:44.17
2020-05-20 04:26:54,432 INFO Tail: mr:3967.3 mrr:42.92 hits:47.86
2020-05-20 04:26:54,432 INFO All: mr:4943.0 mrr:41.67 hits:46.01
2020-05-20 04:26:54,434 INFO Start Evaling...
2020-05-20 04:28:40,055 INFO Head: mr:6215.5 mrr:40.23 hits:44.10
2020-05-20 04:28:40,055 INFO Tail: mr:4157.5 mrr:43.12 hits:48.12
2020-05-20 04:28:40,055 INFO All: mr:5186.5 mrr:41.67 hits:46.11
2020-05-20 04:28:40,057 INFO Improved and model saved
2020-05-20 04:29:25,271 INFO [45.2] Epoch 50: loss = 0.0146
2020-05-20 04:30:11,179 INFO [45.9] Epoch 51: loss = 0.0146
2020-05-20 04:30:57,228 INFO [46.0] Epoch 52: loss = 0.0146
2020-05-20 04:31:42,351 INFO [45.1] Epoch 53: loss = 0.0146
2020-05-20 04:32:28,184 INFO [45.8] Epoch 54: loss = 0.0145
2020-05-20 04:33:13,901 INFO [45.7] Epoch 55: loss = 0.0145
2020-05-20 04:33:59,355 INFO [45.5] Epoch 56: loss = 0.0145
2020-05-20 04:34:45,408 INFO [46.1] Epoch 57: loss = 0.0145
2020-05-20 04:35:31,023 INFO [45.6] Epoch 58: loss = 0.0145
2020-05-20 04:36:16,473 INFO [45.4] Epoch 59: loss = 0.0145
2020-05-20 04:36:16,473 INFO Start Evaling...
2020-05-20 04:37:59,431 INFO Head: mr:5680.9 mrr:40.72 hits:44.30
2020-05-20 04:37:59,431 INFO Tail: mr:4049.7 mrr:43.43 hits:48.02
2020-05-20 04:37:59,431 INFO All: mr:4865.3 mrr:42.07 hits:46.16
2020-05-20 04:37:59,433 INFO Start Evaling...
2020-05-20 04:39:45,064 INFO Head: mr:6197.6 mrr:40.26 hits:44.42
2020-05-20 04:39:45,064 INFO Tail: mr:4138.3 mrr:43.55 hits:48.88
2020-05-20 04:39:45,064 INFO All: mr:5168.0 mrr:41.90 hits:46.65
2020-05-20 04:39:45,066 INFO Improved and model saved
2020-05-20 04:40:30,767 INFO [45.6] Epoch 60: loss = 0.0145
2020-05-20 04:41:16,380 INFO [45.6] Epoch 61: loss = 0.0144
2020-05-20 04:42:01,864 INFO [45.5] Epoch 62: loss = 0.0144
2020-05-20 04:42:47,802 INFO [45.9] Epoch 63: loss = 0.0144
2020-05-20 04:43:33,787 INFO [46.0] Epoch 64: loss = 0.0144
2020-05-20 04:44:19,251 INFO [45.5] Epoch 65: loss = 0.0144
2020-05-20 04:45:05,100 INFO [45.8] Epoch 66: loss = 0.0144
2020-05-20 04:45:50,816 INFO [45.7] Epoch 67: loss = 0.0144
2020-05-20 04:46:35,996 INFO [45.2] Epoch 68: loss = 0.0144
2020-05-20 04:47:21,649 INFO [45.7] Epoch 69: loss = 0.0143
2020-05-20 04:47:21,650 INFO Start Evaling...
2020-05-20 04:49:04,616 INFO Head: mr:5608.3 mrr:40.71 hits:44.69
2020-05-20 04:49:04,616 INFO Tail: mr:3982.8 mrr:43.73 hits:48.65
2020-05-20 04:49:04,616 INFO All: mr:4795.5 mrr:42.22 hits:46.67
2020-05-20 04:49:04,618 INFO Start Evaling...
2020-05-20 04:50:50,458 INFO Head: mr:6138.6 mrr:40.49 hits:44.29
2020-05-20 04:50:50,459 INFO Tail: mr:4197.4 mrr:43.92 hits:48.95
2020-05-20 04:50:50,459 INFO All: mr:5168.0 mrr:42.20 hits:46.62
2020-05-20 04:50:50,461 INFO Improved and model saved
2020-05-20 04:51:36,601 INFO [46.1] Epoch 70: loss = 0.0143
2020-05-20 04:52:22,120 INFO [45.5] Epoch 71: loss = 0.0143
2020-05-20 04:53:08,054 INFO [45.9] Epoch 72: loss = 0.0143
2020-05-20 04:53:53,862 INFO [45.8] Epoch 73: loss = 0.0143
2020-05-20 04:54:39,350 INFO [45.5] Epoch 74: loss = 0.0143
2020-05-20 04:55:25,033 INFO [45.7] Epoch 75: loss = 0.0143
2020-05-20 04:56:11,113 INFO [46.1] Epoch 76: loss = 0.0143
2020-05-20 04:56:56,584 INFO [45.5] Epoch 77: loss = 0.0143
2020-05-20 04:57:42,510 INFO [45.9] Epoch 78: loss = 0.0142
2020-05-20 04:58:28,469 INFO [46.0] Epoch 79: loss = 0.0142
2020-05-20 04:58:28,469 INFO Start Evaling...
2020-05-20 05:00:11,226 INFO Head: mr:5651.0 mrr:40.93 hits:45.06
2020-05-20 05:00:11,226 INFO Tail: mr:4040.6 mrr:43.86 hits:48.48
2020-05-20 05:00:11,226 INFO All: mr:4845.8 mrr:42.40 hits:46.77
2020-05-20 05:00:11,228 INFO Start Evaling...
2020-05-20 05:01:56,852 INFO Head: mr:6098.6 mrr:40.63 hits:44.74
2020-05-20 05:01:56,852 INFO Tail: mr:4276.8 mrr:43.90 hits:49.27
2020-05-20 05:01:56,852 INFO All: mr:5187.7 mrr:42.27 hits:47.00
2020-05-20 05:01:56,855 INFO Improved and model saved
2020-05-20 05:02:42,121 INFO [45.2] Epoch 80: loss = 0.0142
2020-05-20 05:03:28,085 INFO [46.0] Epoch 81: loss = 0.0142
2020-05-20 05:04:14,125 INFO [46.0] Epoch 82: loss = 0.0142
2020-05-20 05:04:59,336 INFO [45.2] Epoch 83: loss = 0.0142
2020-05-20 05:05:45,242 INFO [45.9] Epoch 84: loss = 0.0142
2020-05-20 05:06:30,937 INFO [45.7] Epoch 85: loss = 0.0142
2020-05-20 05:07:16,096 INFO [45.2] Epoch 86: loss = 0.0142
2020-05-20 05:08:02,041 INFO [45.9] Epoch 87: loss = 0.0142
2020-05-20 05:08:48,008 INFO [46.0] Epoch 88: loss = 0.0142
2020-05-20 05:09:33,206 INFO [45.2] Epoch 89: loss = 0.0142
2020-05-20 05:09:33,206 INFO Start Evaling...
2020-05-20 05:11:16,167 INFO Head: mr:5553.3 mrr:41.12 hits:44.96
2020-05-20 05:11:16,167 INFO Tail: mr:3870.7 mrr:43.59 hits:48.58
2020-05-20 05:11:16,168 INFO All: mr:4712.0 mrr:42.35 hits:46.77
2020-05-20 05:11:16,169 INFO Start Evaling...
2020-05-20 05:13:02,005 INFO Head: mr:6064.0 mrr:40.74 hits:44.99
2020-05-20 05:13:02,005 INFO Tail: mr:4287.8 mrr:43.99 hits:49.07
2020-05-20 05:13:02,006 INFO All: mr:5175.9 mrr:42.36 hits:47.03
2020-05-20 05:13:02,007 INFO Declined in recent 1 epochs
2020-05-20 05:13:47,880 INFO [45.9] Epoch 90: loss = 0.0142
2020-05-20 05:14:33,872 INFO [46.0] Epoch 91: loss = 0.0141
2020-05-20 05:15:19,424 INFO [45.6] Epoch 92: loss = 0.0141
2020-05-20 05:16:05,100 INFO [45.7] Epoch 93: loss = 0.0141
2020-05-20 05:16:51,129 INFO [46.0] Epoch 94: loss = 0.0141
2020-05-20 05:17:36,721 INFO [45.6] Epoch 95: loss = 0.0141
2020-05-20 05:18:22,597 INFO [45.9] Epoch 96: loss = 0.0141
2020-05-20 05:19:08,279 INFO [45.7] Epoch 97: loss = 0.0141
2020-05-20 05:19:53,705 INFO [45.4] Epoch 98: loss = 0.0141
2020-05-20 05:20:39,696 INFO [46.0] Epoch 99: loss = 0.0141
2020-05-20 05:20:39,697 INFO Start Evaling...
2020-05-20 05:22:22,462 INFO Head: mr:5576.5 mrr:41.00 hits:45.12
2020-05-20 05:22:22,462 INFO Tail: mr:3904.2 mrr:43.82 hits:48.85
2020-05-20 05:22:22,462 INFO All: mr:4740.3 mrr:42.41 hits:46.98
2020-05-20 05:22:22,464 INFO Start Evaling...
2020-05-20 05:24:08,101 INFO Head: mr:6033.3 mrr:40.57 hits:45.21
2020-05-20 05:24:08,101 INFO Tail: mr:4348.6 mrr:44.09 hits:48.98
2020-05-20 05:24:08,101 INFO All: mr:5191.0 mrr:42.33 hits:47.10
2020-05-20 05:24:08,103 INFO Improved and model saved
2020-05-20 05:24:53,768 INFO [45.6] Epoch 100: loss = 0.0141
2020-05-20 05:25:39,205 INFO [45.4] Epoch 101: loss = 0.0141
2020-05-20 05:26:24,773 INFO [45.6] Epoch 102: loss = 0.0141
2020-05-20 05:27:10,633 INFO [45.9] Epoch 103: loss = 0.0141
2020-05-20 05:27:56,093 INFO [45.5] Epoch 104: loss = 0.0141
2020-05-20 05:28:42,015 INFO [45.9] Epoch 105: loss = 0.0141
2020-05-20 05:29:27,720 INFO [45.7] Epoch 106: loss = 0.0140
2020-05-20 05:30:13,060 INFO [45.3] Epoch 107: loss = 0.0140
2020-05-20 05:30:58,548 INFO [45.5] Epoch 108: loss = 0.0140
2020-05-20 05:31:44,056 INFO [45.5] Epoch 109: loss = 0.0140
2020-05-20 05:31:44,057 INFO Start Evaling...
2020-05-20 05:33:27,025 INFO Head: mr:5545.6 mrr:41.27 hits:45.06
2020-05-20 05:33:27,025 INFO Tail: mr:3891.7 mrr:43.86 hits:48.68
2020-05-20 05:33:27,025 INFO All: mr:4718.7 mrr:42.56 hits:46.87
2020-05-20 05:33:27,027 INFO Start Evaling...
2020-05-20 05:35:12,873 INFO Head: mr:6001.4 mrr:40.94 hits:45.21
2020-05-20 05:35:12,874 INFO Tail: mr:4339.2 mrr:43.84 hits:49.33
2020-05-20 05:35:12,874 INFO All: mr:5170.3 mrr:42.39 hits:47.27
2020-05-20 05:35:12,876 INFO Improved and model saved
2020-05-20 05:35:58,400 INFO [45.5] Epoch 110: loss = 0.0140
2020-05-20 05:36:44,312 INFO [45.9] Epoch 111: loss = 0.0140
2020-05-20 05:37:29,920 INFO [45.6] Epoch 112: loss = 0.0140
2020-05-20 05:38:15,047 INFO [45.1] Epoch 113: loss = 0.0140
2020-05-20 05:39:00,901 INFO [45.9] Epoch 114: loss = 0.0140
2020-05-20 05:39:46,774 INFO [45.9] Epoch 115: loss = 0.0140
2020-05-20 05:40:32,299 INFO [45.5] Epoch 116: loss = 0.0140
2020-05-20 05:41:18,195 INFO [45.9] Epoch 117: loss = 0.0140
2020-05-20 05:42:04,132 INFO [45.9] Epoch 118: loss = 0.0140
2020-05-20 05:42:49,294 INFO [45.2] Epoch 119: loss = 0.0140
2020-05-20 05:42:49,294 INFO Start Evaling...
2020-05-20 05:44:32,080 INFO Head: mr:5486.3 mrr:41.09 hits:45.22
2020-05-20 05:44:32,080 INFO Tail: mr:3904.2 mrr:44.15 hits:49.14
2020-05-20 05:44:32,081 INFO All: mr:4695.2 mrr:42.62 hits:47.18
2020-05-20 05:44:32,083 INFO Start Evaling...
2020-05-20 05:46:17,737 INFO Head: mr:6029.1 mrr:40.94 hits:45.50
2020-05-20 05:46:17,737 INFO Tail: mr:4363.0 mrr:44.17 hits:49.62
2020-05-20 05:46:17,737 INFO All: mr:5196.1 mrr:42.55 hits:47.56
2020-05-20 05:46:17,739 INFO Improved and model saved
2020-05-20 05:47:03,471 INFO [45.7] Epoch 120: loss = 0.0140
2020-05-20 05:47:49,054 INFO [45.6] Epoch 121: loss = 0.0140
2020-05-20 05:48:34,549 INFO [45.5] Epoch 122: loss = 0.0140
2020-05-20 05:49:20,520 INFO [46.0] Epoch 123: loss = 0.0140
2020-05-20 05:50:06,432 INFO [45.9] Epoch 124: loss = 0.0140
2020-05-20 05:50:51,750 INFO [45.3] Epoch 125: loss = 0.0140
2020-05-20 05:51:37,695 INFO [45.9] Epoch 126: loss = 0.0140
2020-05-20 05:52:23,793 INFO [46.1] Epoch 127: loss = 0.0140
2020-05-20 05:53:09,253 INFO [45.5] Epoch 128: loss = 0.0140
2020-05-20 05:53:54,953 INFO [45.7] Epoch 129: loss = 0.0140
2020-05-20 05:53:54,954 INFO Start Evaling...
2020-05-20 05:55:37,717 INFO Head: mr:5514.2 mrr:41.11 hits:45.32
2020-05-20 05:55:37,717 INFO Tail: mr:3854.2 mrr:44.34 hits:49.11
2020-05-20 05:55:37,717 INFO All: mr:4684.2 mrr:42.73 hits:47.21
2020-05-20 05:55:37,719 INFO Start Evaling...
2020-05-20 05:57:23,354 INFO Head: mr:6059.3 mrr:40.93 hits:45.53
2020-05-20 05:57:23,355 INFO Tail: mr:4384.1 mrr:44.41 hits:49.90
2020-05-20 05:57:23,355 INFO All: mr:5221.7 mrr:42.67 hits:47.72
2020-05-20 05:57:23,357 INFO Improved and model saved
2020-05-20 05:58:09,073 INFO [45.7] Epoch 130: loss = 0.0139
2020-05-20 05:58:54,583 INFO [45.5] Epoch 131: loss = 0.0139
2020-05-20 05:59:40,376 INFO [45.8] Epoch 132: loss = 0.0139
2020-05-20 06:00:26,225 INFO [45.8] Epoch 133: loss = 0.0139
2020-05-20 06:01:11,580 INFO [45.4] Epoch 134: loss = 0.0139
2020-05-20 06:01:57,151 INFO [45.6] Epoch 135: loss = 0.0139
2020-05-20 06:02:42,727 INFO [45.6] Epoch 136: loss = 0.0139
2020-05-20 06:03:28,145 INFO [45.4] Epoch 137: loss = 0.0139
2020-05-20 06:04:13,658 INFO [45.5] Epoch 138: loss = 0.0139
2020-05-20 06:04:59,516 INFO [45.9] Epoch 139: loss = 0.0139
2020-05-20 06:04:59,517 INFO Start Evaling...
2020-05-20 06:06:42,478 INFO Head: mr:5532.2 mrr:41.44 hits:45.48
2020-05-20 06:06:42,479 INFO Tail: mr:3784.6 mrr:44.19 hits:48.81
2020-05-20 06:06:42,479 INFO All: mr:4658.4 mrr:42.82 hits:47.15
2020-05-20 06:06:42,481 INFO Start Evaling...
2020-05-20 06:08:28,310 INFO Head: mr:5853.7 mrr:41.05 hits:45.63
2020-05-20 06:08:28,310 INFO Tail: mr:4338.2 mrr:44.31 hits:49.65
2020-05-20 06:08:28,310 INFO All: mr:5096.0 mrr:42.68 hits:47.64
2020-05-20 06:08:28,312 INFO Improved and model saved
2020-05-20 06:09:13,827 INFO [45.4] Epoch 140: loss = 0.0139
2020-05-20 06:09:59,690 INFO [45.9] Epoch 141: loss = 0.0139
2020-05-20 06:10:45,308 INFO [45.6] Epoch 142: loss = 0.0139
2020-05-20 06:11:30,748 INFO [45.4] Epoch 143: loss = 0.0139
2020-05-20 06:12:16,544 INFO [45.8] Epoch 144: loss = 0.0139
2020-05-20 06:13:02,113 INFO [45.6] Epoch 145: loss = 0.0139
2020-05-20 06:13:47,575 INFO [45.5] Epoch 146: loss = 0.0139
2020-05-20 06:14:33,456 INFO [45.9] Epoch 147: loss = 0.0139
2020-05-20 06:15:19,491 INFO [46.0] Epoch 148: loss = 0.0139
2020-05-20 06:16:04,923 INFO [45.4] Epoch 149: loss = 0.0139
2020-05-20 06:16:04,923 INFO Start Evaling...
2020-05-20 06:17:47,862 INFO Head: mr:5517.1 mrr:41.53 hits:45.98
2020-05-20 06:17:47,862 INFO Tail: mr:3894.5 mrr:44.40 hits:49.34
2020-05-20 06:17:47,862 INFO All: mr:4705.8 mrr:42.96 hits:47.66
2020-05-20 06:17:47,864 INFO Start Evaling...
2020-05-20 06:19:33,702 INFO Head: mr:5961.8 mrr:40.90 hits:45.47
2020-05-20 06:19:33,702 INFO Tail: mr:4398.3 mrr:44.49 hits:49.81
2020-05-20 06:19:33,702 INFO All: mr:5180.0 mrr:42.70 hits:47.64
2020-05-20 06:19:33,704 INFO Improved and model saved
2020-05-20 06:20:19,578 INFO [45.8] Epoch 150: loss = 0.0139
2020-05-20 06:21:05,146 INFO [45.6] Epoch 151: loss = 0.0139
2020-05-20 06:21:50,555 INFO [45.4] Epoch 152: loss = 0.0139
2020-05-20 06:22:36,470 INFO [45.9] Epoch 153: loss = 0.0139
2020-05-20 06:23:22,112 INFO [45.6] Epoch 154: loss = 0.0139
2020-05-20 06:24:07,230 INFO [45.1] Epoch 155: loss = 0.0138
2020-05-20 06:24:52,751 INFO [45.5] Epoch 156: loss = 0.0138
2020-05-20 06:25:38,559 INFO [45.8] Epoch 157: loss = 0.0139
2020-05-20 06:26:23,715 INFO [45.2] Epoch 158: loss = 0.0139
2020-05-20 06:27:09,330 INFO [45.6] Epoch 159: loss = 0.0139
2020-05-20 06:27:09,330 INFO Start Evaling...
2020-05-20 06:28:52,270 INFO Head: mr:5506.5 mrr:41.49 hits:46.08
2020-05-20 06:28:52,271 INFO Tail: mr:3839.6 mrr:44.37 hits:49.21
2020-05-20 06:28:52,271 INFO All: mr:4673.1 mrr:42.93 hits:47.64
2020-05-20 06:28:52,273 INFO Start Evaling...
2020-05-20 06:30:38,104 INFO Head: mr:5918.6 mrr:41.06 hits:45.50
2020-05-20 06:30:38,104 INFO Tail: mr:4313.8 mrr:44.75 hits:49.52
2020-05-20 06:30:38,104 INFO All: mr:5116.2 mrr:42.90 hits:47.51
2020-05-20 06:30:38,106 INFO Declined in recent 1 epochs
2020-05-20 06:31:23,889 INFO [45.8] Epoch 160: loss = 0.0138
