2020-04-01 15:50:35,894 INFO EPOCH: 1000
2020-04-01 15:50:35,894 INFO EVERY: 10
2020-04-01 15:50:35,894 INFO LR: 0.001
2020-04-01 15:50:35,894 INFO DIM: 200
2020-04-01 15:50:35,894 INFO BATCH_SIZE: 128
2020-04-01 15:50:35,894 INFO BATCH_SIZE2: 256
2020-04-01 15:50:35,894 INFO P: 1
2020-04-01 15:50:35,894 INFO CLIPPING_MAX_VALUE: 4.0
2020-04-01 15:50:35,894 INFO OPTIM: Adam
2020-04-01 15:50:35,894 INFO N_SAMPLE: 12
2020-04-01 15:50:35,894 INFO MODE: kall
2020-04-01 15:50:35,895 INFO GAMMA: 12.0
2020-04-01 15:50:35,895 INFO BERN: True
2020-04-01 15:50:35,895 INFO MARGIN: 4.0
2020-04-01 15:50:35,895 INFO REG: 1.0
2020-04-01 15:50:35,895 INFO LABEL_SMOOTH_EPS: 0.1
2020-04-01 15:50:35,895 INFO INPUT_DROP: 0.2
2020-04-01 15:50:35,895 INFO FEAT_DROP: 0.2
2020-04-01 15:50:35,895 INFO HIDD_DROP: 0.3
2020-04-01 15:50:35,895 INFO CHANNELS: 50
2020-04-01 15:50:35,895 INFO KERNEL_SIZE: 3
2020-04-01 15:50:35,895 INFO N_POOL: 100
2020-04-01 15:50:35,895 INFO MODEL_D: TransH
2020-04-01 15:50:35,895 INFO MODEL_G: DistMult
2020-04-01 15:50:35,895 INFO SCRATCH: False
2020-04-01 15:50:35,895 INFO D_FILE: None
2020-04-01 15:50:35,895 INFO G_FILE: None
2020-04-01 15:50:35,896 INFO PATH: data
2020-04-01 15:50:35,896 INFO DATA: WN18RR
2020-04-01 15:50:35,896 INFO EXP_PATH: experiment/WN18RR
2020-04-01 15:50:35,896 INFO MODEL: ConvE
2020-04-01 15:50:35,896 INFO V: 0
2020-04-01 15:50:35,896 INFO F: False
2020-04-01 15:50:35,896 INFO EVAL: False
2020-04-01 15:50:35,896 INFO TRAINED: False
2020-04-01 15:50:35,896 INFO PRETRAINED_NAME: None
2020-04-01 15:50:35,896 INFO EXP_NAME: ConvE-WN18RR-kall-0
2020-04-01 15:50:35,896 INFO --------------------------------------
2020-04-01 15:50:40,145 INFO Dataload done
2020-04-01 15:50:40,145 INFO --------------------------------------
2020-04-01 15:50:40,145 INFO N_ENTITY: 40943
2020-04-01 15:50:40,145 INFO N_RELATION: 11
2020-04-01 15:50:40,145 INFO --------------------------------------
2020-04-01 15:50:43,776 INFO Start Evaling...
2020-04-01 15:50:54,837 INFO Head: mr:20338.7 mrr:0.02 hits:0.03
2020-04-01 15:50:54,840 INFO Tail: mr:20227.6 mrr:0.06 hits:0.07
2020-04-01 15:50:54,841 INFO All: mr:20283.1 mrr:0.04 hits:0.05
2020-04-01 15:50:54,848 INFO Start Training...
2020-04-01 15:51:44,871 INFO [50.0] Epoch 0: loss = 0.0157
2020-04-01 15:52:30,882 INFO [46.0] Epoch 1: loss = 0.0008
2020-04-01 15:53:18,656 INFO [47.8] Epoch 2: loss = 0.0007
2020-04-01 15:54:11,256 INFO [52.6] Epoch 3: loss = 0.0006
2020-04-01 15:55:04,057 INFO [52.8] Epoch 4: loss = 0.0006
2020-04-01 15:55:54,056 INFO [50.0] Epoch 5: loss = 0.0006
2020-04-01 15:56:45,292 INFO [51.2] Epoch 6: loss = 0.0006
2020-04-01 15:57:23,506 INFO [38.2] Epoch 7: loss = 0.0006
2020-04-01 15:58:08,121 INFO [44.6] Epoch 8: loss = 0.0006
2020-04-01 15:58:58,206 INFO [50.1] Epoch 9: loss = 0.0006
2020-04-01 15:58:58,206 INFO Start Evaling...
2020-04-01 15:59:09,564 INFO Head: mr:13397.4 mrr:1.52 hits:2.34
2020-04-01 15:59:09,566 INFO Tail: mr:8752.9 mrr:2.71 hits:5.24
2020-04-01 15:59:09,567 INFO All: mr:11075.1 mrr:2.12 hits:3.79
2020-04-01 15:59:09,575 INFO Improved and model saved
2020-04-01 15:59:57,579 INFO [47.9] Epoch 10: loss = 0.0006
2020-04-01 16:00:49,844 INFO [52.3] Epoch 11: loss = 0.0006
2020-04-01 16:01:41,709 INFO [51.9] Epoch 12: loss = 0.0006
2020-04-01 16:02:31,635 INFO [49.9] Epoch 13: loss = 0.0006
2020-04-01 16:03:25,004 INFO [53.4] Epoch 14: loss = 0.0006
2020-04-01 16:04:14,622 INFO [49.6] Epoch 15: loss = 0.0006
2020-04-01 16:05:07,322 INFO [52.7] Epoch 16: loss = 0.0006
2020-04-01 16:06:00,243 INFO [52.9] Epoch 17: loss = 0.0006
2020-04-01 16:06:51,940 INFO [51.7] Epoch 18: loss = 0.0006
2020-04-01 16:07:43,692 INFO [51.8] Epoch 19: loss = 0.0006
2020-04-01 16:07:43,693 INFO Start Evaling...
2020-04-01 16:07:54,741 INFO Head: mr:6502.8 mrr:7.98 hits:13.41
2020-04-01 16:07:54,744 INFO Tail: mr:3949.2 mrr:9.88 hits:17.17
2020-04-01 16:07:54,745 INFO All: mr:5226.0 mrr:8.93 hits:15.29
2020-04-01 16:07:54,751 INFO Improved and model saved
2020-04-01 16:08:49,566 INFO [54.7] Epoch 20: loss = 0.0005
2020-04-01 16:09:39,101 INFO [49.5] Epoch 21: loss = 0.0005
2020-04-01 16:10:25,624 INFO [46.5] Epoch 22: loss = 0.0005
2020-04-01 16:11:14,698 INFO [49.1] Epoch 23: loss = 0.0005
2020-04-01 16:12:04,507 INFO [49.8] Epoch 24: loss = 0.0005
2020-04-01 16:12:51,667 INFO [47.2] Epoch 25: loss = 0.0005
2020-04-01 16:13:40,133 INFO [48.5] Epoch 26: loss = 0.0005
2020-04-01 16:14:28,405 INFO [48.3] Epoch 27: loss = 0.0004
2020-04-01 16:15:13,774 INFO [45.4] Epoch 28: loss = 0.0004
2020-04-01 16:16:02,507 INFO [48.7] Epoch 29: loss = 0.0004
2020-04-01 16:16:02,507 INFO Start Evaling...
2020-04-01 16:16:13,333 INFO Head: mr:5216.5 mrr:33.57 hits:44.40
2020-04-01 16:16:13,333 INFO Tail: mr:3675.7 mrr:36.66 hits:48.52
2020-04-01 16:16:13,333 INFO All: mr:4446.1 mrr:35.11 hits:46.46
2020-04-01 16:16:13,341 INFO Improved and model saved
2020-04-01 16:17:02,811 INFO [49.4] Epoch 30: loss = 0.0004
2020-04-01 16:17:53,285 INFO [50.5] Epoch 31: loss = 0.0004
2020-04-01 16:18:41,963 INFO [48.7] Epoch 32: loss = 0.0004
2020-04-01 16:19:32,452 INFO [50.5] Epoch 33: loss = 0.0004
2020-04-01 16:20:21,242 INFO [48.8] Epoch 34: loss = 0.0004
2020-04-01 16:21:11,089 INFO [49.8] Epoch 35: loss = 0.0004
2020-04-01 16:21:59,371 INFO [48.3] Epoch 36: loss = 0.0004
2020-04-01 16:22:46,063 INFO [46.7] Epoch 37: loss = 0.0004
2020-04-01 16:23:36,501 INFO [50.4] Epoch 38: loss = 0.0004
2020-04-01 16:24:22,189 INFO [45.7] Epoch 39: loss = 0.0004
2020-04-01 16:24:22,190 INFO Start Evaling...
2020-04-01 16:24:32,305 INFO Head: mr:5495.0 mrr:38.04 hits:45.85
2020-04-01 16:24:32,307 INFO Tail: mr:4055.3 mrr:41.10 hits:49.51
2020-04-01 16:24:32,307 INFO All: mr:4775.2 mrr:39.57 hits:47.68
2020-04-01 16:24:32,313 INFO Improved and model saved
2020-04-01 16:25:20,428 INFO [48.0] Epoch 40: loss = 0.0004
2020-04-01 16:26:07,964 INFO [47.5] Epoch 41: loss = 0.0004
2020-04-01 16:26:57,895 INFO [49.9] Epoch 42: loss = 0.0004
2020-04-01 16:27:46,552 INFO [48.7] Epoch 43: loss = 0.0004
2020-04-01 16:28:34,626 INFO [48.1] Epoch 44: loss = 0.0004
2020-04-01 16:29:21,597 INFO [47.0] Epoch 45: loss = 0.0004
2020-04-01 16:30:09,089 INFO [47.5] Epoch 46: loss = 0.0004
2020-04-01 16:30:58,679 INFO [49.6] Epoch 47: loss = 0.0004
2020-04-01 16:31:47,469 INFO [48.8] Epoch 48: loss = 0.0004
2020-04-01 16:32:38,897 INFO [51.4] Epoch 49: loss = 0.0004
2020-04-01 16:32:38,897 INFO Start Evaling...
2020-04-01 16:32:49,442 INFO Head: mr:5670.0 mrr:39.52 hits:45.68
2020-04-01 16:32:49,445 INFO Tail: mr:4374.6 mrr:42.77 hits:50.76
2020-04-01 16:32:49,446 INFO All: mr:5022.3 mrr:41.14 hits:48.22
2020-04-01 16:32:49,453 INFO Improved and model saved
2020-04-01 16:33:38,749 INFO [49.2] Epoch 50: loss = 0.0004
2020-04-01 16:34:26,395 INFO [47.6] Epoch 51: loss = 0.0004
2020-04-01 16:35:17,099 INFO [50.7] Epoch 52: loss = 0.0004
2020-04-01 16:36:09,055 INFO [52.0] Epoch 53: loss = 0.0004
2020-04-01 16:36:56,529 INFO [47.5] Epoch 54: loss = 0.0004
2020-04-01 16:37:44,419 INFO [47.9] Epoch 55: loss = 0.0004
2020-04-01 16:38:37,258 INFO [52.8] Epoch 56: loss = 0.0004
2020-04-01 16:39:24,881 INFO [47.6] Epoch 57: loss = 0.0004
2020-04-01 16:40:11,590 INFO [46.7] Epoch 58: loss = 0.0004
2020-04-01 16:40:59,186 INFO [47.6] Epoch 59: loss = 0.0004
2020-04-01 16:40:59,186 INFO Start Evaling...
2020-04-01 16:41:10,636 INFO Head: mr:5712.1 mrr:40.34 hits:45.68
2020-04-01 16:41:10,638 INFO Tail: mr:4627.2 mrr:43.24 hits:50.79
2020-04-01 16:41:10,647 INFO All: mr:5169.6 mrr:41.79 hits:48.24
2020-04-01 16:41:10,656 INFO Improved and model saved
2020-04-01 16:42:02,736 INFO [52.0] Epoch 60: loss = 0.0004
2020-04-01 16:42:51,238 INFO [48.5] Epoch 61: loss = 0.0004
2020-04-01 16:43:41,299 INFO [50.1] Epoch 62: loss = 0.0004
2020-04-01 16:44:28,337 INFO [47.0] Epoch 63: loss = 0.0004
2020-04-01 16:45:15,677 INFO [47.3] Epoch 64: loss = 0.0004
2020-04-01 16:46:02,783 INFO [47.1] Epoch 65: loss = 0.0004
2020-04-01 16:46:52,080 INFO [49.3] Epoch 66: loss = 0.0004
2020-04-01 16:47:30,179 INFO [38.1] Epoch 67: loss = 0.0004
2020-04-01 16:48:12,423 INFO [42.2] Epoch 68: loss = 0.0004
2020-04-01 16:48:50,629 INFO [38.2] Epoch 69: loss = 0.0004
2020-04-01 16:48:50,629 INFO Start Evaling...
2020-04-01 16:48:58,447 INFO Head: mr:5700.4 mrr:40.74 hits:46.54
2020-04-01 16:48:58,448 INFO Tail: mr:4642.6 mrr:43.57 hits:50.69
2020-04-01 16:48:58,448 INFO All: mr:5171.5 mrr:42.15 hits:48.62
2020-04-01 16:48:58,451 INFO Improved and model saved
2020-04-01 16:49:40,381 INFO [41.9] Epoch 70: loss = 0.0004
2020-04-01 16:50:20,973 INFO [40.6] Epoch 71: loss = 0.0004
2020-04-01 16:51:02,288 INFO [41.3] Epoch 72: loss = 0.0004
2020-04-01 16:51:43,428 INFO [41.1] Epoch 73: loss = 0.0004
2020-04-01 16:52:24,235 INFO [40.8] Epoch 74: loss = 0.0004
2020-04-01 16:53:05,747 INFO [41.5] Epoch 75: loss = 0.0004
2020-04-01 16:53:45,473 INFO [39.7] Epoch 76: loss = 0.0004
2020-04-01 16:54:20,263 INFO [34.8] Epoch 77: loss = 0.0004
2020-04-01 16:55:01,945 INFO [41.7] Epoch 78: loss = 0.0004
2020-04-01 16:55:42,926 INFO [41.0] Epoch 79: loss = 0.0004
2020-04-01 16:55:42,927 INFO Start Evaling...
2020-04-01 16:55:50,636 INFO Head: mr:5609.6 mrr:41.00 hits:46.70
2020-04-01 16:55:50,637 INFO Tail: mr:4741.2 mrr:43.77 hits:51.25
2020-04-01 16:55:50,637 INFO All: mr:5175.4 mrr:42.39 hits:48.98
2020-04-01 16:55:50,641 INFO Improved and model saved
2020-04-01 16:56:33,191 INFO [42.5] Epoch 80: loss = 0.0004
2020-04-01 16:57:13,675 INFO [40.5] Epoch 81: loss = 0.0004
2020-04-01 16:57:55,612 INFO [41.9] Epoch 82: loss = 0.0003
2020-04-01 16:58:37,845 INFO [42.2] Epoch 83: loss = 0.0003
2020-04-01 16:59:14,842 INFO [37.0] Epoch 84: loss = 0.0003
2020-04-01 16:59:56,511 INFO [41.7] Epoch 85: loss = 0.0003
2020-04-01 17:00:37,736 INFO [41.2] Epoch 86: loss = 0.0003
2020-04-01 17:01:19,455 INFO [41.7] Epoch 87: loss = 0.0003
2020-04-01 17:02:01,058 INFO [41.6] Epoch 88: loss = 0.0003
2020-04-01 17:02:43,204 INFO [42.1] Epoch 89: loss = 0.0003
2020-04-01 17:02:43,204 INFO Start Evaling...
2020-04-01 17:02:51,083 INFO Head: mr:5554.8 mrr:40.79 hits:46.87
2020-04-01 17:02:51,083 INFO Tail: mr:4848.1 mrr:43.66 hits:51.15
2020-04-01 17:02:51,083 INFO All: mr:5201.5 mrr:42.23 hits:49.01
2020-04-01 17:02:51,087 INFO Improved and model saved
2020-04-01 17:03:33,276 INFO [42.1] Epoch 90: loss = 0.0003
2020-04-01 17:04:10,509 INFO [37.2] Epoch 91: loss = 0.0003
2020-04-01 17:04:52,574 INFO [42.1] Epoch 92: loss = 0.0003
2020-04-01 17:05:33,583 INFO [41.0] Epoch 93: loss = 0.0003
2020-04-01 17:06:15,681 INFO [42.1] Epoch 94: loss = 0.0003
2020-04-01 17:06:58,135 INFO [42.5] Epoch 95: loss = 0.0003
2020-04-01 17:07:39,509 INFO [41.4] Epoch 96: loss = 0.0003
2020-04-01 17:08:21,173 INFO [41.7] Epoch 97: loss = 0.0003
2020-04-01 17:09:02,532 INFO [41.4] Epoch 98: loss = 0.0003
2020-04-01 17:09:39,553 INFO [37.0] Epoch 99: loss = 0.0003
2020-04-01 17:09:39,553 INFO Start Evaling...
2020-04-01 17:09:47,395 INFO Head: mr:5614.5 mrr:41.15 hits:46.77
2020-04-01 17:09:47,396 INFO Tail: mr:4798.9 mrr:43.80 hits:51.19
2020-04-01 17:09:47,396 INFO All: mr:5206.7 mrr:42.48 hits:48.98
2020-04-01 17:09:47,399 INFO Declined in recent 1 epochs
2020-04-01 17:10:29,121 INFO [41.7] Epoch 100: loss = 0.0003
2020-04-01 17:11:10,405 INFO [41.3] Epoch 101: loss = 0.0003
2020-04-01 17:11:51,476 INFO [41.1] Epoch 102: loss = 0.0003
2020-04-01 17:12:32,575 INFO [41.1] Epoch 103: loss = 0.0003
2020-04-01 17:13:14,907 INFO [42.3] Epoch 104: loss = 0.0003
2020-04-01 17:13:56,796 INFO [41.9] Epoch 105: loss = 0.0003
2020-04-01 17:14:33,536 INFO [36.7] Epoch 106: loss = 0.0003
2020-04-01 17:15:15,072 INFO [41.5] Epoch 107: loss = 0.0003
2020-04-01 17:15:56,826 INFO [41.8] Epoch 108: loss = 0.0003
2020-04-01 17:16:38,265 INFO [41.4] Epoch 109: loss = 0.0003
2020-04-01 17:16:38,266 INFO Start Evaling...
2020-04-01 17:16:45,928 INFO Head: mr:5575.6 mrr:40.97 hits:47.20
2020-04-01 17:16:45,928 INFO Tail: mr:4800.7 mrr:43.98 hits:51.29
2020-04-01 17:16:45,928 INFO All: mr:5188.1 mrr:42.47 hits:49.24
2020-04-01 17:16:45,932 INFO Improved and model saved
2020-04-01 17:17:29,180 INFO [43.2] Epoch 110: loss = 0.0003
2020-04-01 17:18:10,291 INFO [41.1] Epoch 111: loss = 0.0003
2020-04-01 17:18:51,079 INFO [40.8] Epoch 112: loss = 0.0003
2020-04-01 17:19:28,287 INFO [37.2] Epoch 113: loss = 0.0003
2020-04-01 17:20:09,115 INFO [40.8] Epoch 114: loss = 0.0003
2020-04-01 17:20:49,785 INFO [40.7] Epoch 115: loss = 0.0003
2020-04-01 17:21:31,306 INFO [41.5] Epoch 116: loss = 0.0003
2020-04-01 17:22:11,975 INFO [40.7] Epoch 117: loss = 0.0003
2020-04-01 17:22:52,221 INFO [40.2] Epoch 118: loss = 0.0003
2020-04-01 17:23:36,342 INFO [44.1] Epoch 119: loss = 0.0003
2020-04-01 17:23:36,342 INFO Start Evaling...
2020-04-01 17:23:44,351 INFO Head: mr:5535.2 mrr:41.23 hits:47.07
2020-04-01 17:23:44,351 INFO Tail: mr:4727.9 mrr:43.89 hits:51.42
2020-04-01 17:23:44,351 INFO All: mr:5131.5 mrr:42.56 hits:49.24
2020-04-01 17:23:44,355 INFO Declined in recent 1 epochs
2020-04-01 17:24:22,100 INFO [37.7] Epoch 120: loss = 0.0003
2020-04-01 17:25:03,427 INFO [41.3] Epoch 121: loss = 0.0003
2020-04-01 17:25:44,617 INFO [41.2] Epoch 122: loss = 0.0003
2020-04-01 17:26:25,814 INFO [41.2] Epoch 123: loss = 0.0003
2020-04-01 17:27:06,787 INFO [41.0] Epoch 124: loss = 0.0003
2020-04-01 17:27:48,202 INFO [41.4] Epoch 125: loss = 0.0003
2020-04-01 17:28:29,205 INFO [41.0] Epoch 126: loss = 0.0003
2020-04-01 17:29:10,524 INFO [41.3] Epoch 127: loss = 0.0003
2020-04-01 17:29:47,123 INFO [36.6] Epoch 128: loss = 0.0003
2020-04-01 17:30:28,917 INFO [41.8] Epoch 129: loss = 0.0003
2020-04-01 17:30:28,918 INFO Start Evaling...
2020-04-01 17:30:36,501 INFO Head: mr:5509.1 mrr:41.31 hits:47.40
2020-04-01 17:30:36,501 INFO Tail: mr:4684.2 mrr:43.93 hits:51.42
2020-04-01 17:30:36,501 INFO All: mr:5096.7 mrr:42.62 hits:49.41
2020-04-01 17:30:36,505 INFO Improved and model saved
2020-04-01 17:31:17,519 INFO [41.0] Epoch 130: loss = 0.0003
2020-04-01 17:31:58,623 INFO [41.1] Epoch 131: loss = 0.0003
2020-04-01 17:32:40,153 INFO [41.5] Epoch 132: loss = 0.0003
2020-04-01 17:33:20,834 INFO [40.7] Epoch 133: loss = 0.0003
2020-04-01 17:34:02,236 INFO [41.4] Epoch 134: loss = 0.0003
2020-04-01 17:34:39,049 INFO [36.8] Epoch 135: loss = 0.0003
2020-04-01 17:35:20,610 INFO [41.6] Epoch 136: loss = 0.0003
2020-04-01 17:36:02,607 INFO [42.0] Epoch 137: loss = 0.0003
2020-04-01 17:36:44,345 INFO [41.7] Epoch 138: loss = 0.0003
2020-04-01 17:37:25,753 INFO [41.4] Epoch 139: loss = 0.0003
2020-04-01 17:37:25,754 INFO Start Evaling...
2020-04-01 17:37:33,393 INFO Head: mr:5443.9 mrr:41.17 hits:46.97
2020-04-01 17:37:33,394 INFO Tail: mr:4682.8 mrr:43.81 hits:51.42
2020-04-01 17:37:33,394 INFO All: mr:5063.4 mrr:42.49 hits:49.19
2020-04-01 17:37:33,397 INFO Declined in recent 1 epochs
2020-04-01 17:38:15,495 INFO [42.1] Epoch 140: loss = 0.0003
2020-04-01 17:38:56,345 INFO [40.9] Epoch 141: loss = 0.0003
2020-04-01 17:39:32,210 INFO [35.9] Epoch 142: loss = 0.0003
2020-04-01 17:40:14,300 INFO [42.1] Epoch 143: loss = 0.0003
2020-04-01 17:40:56,865 INFO [42.6] Epoch 144: loss = 0.0003
2020-04-01 17:41:38,687 INFO [41.8] Epoch 145: loss = 0.0003
2020-04-01 17:42:19,312 INFO [40.6] Epoch 146: loss = 0.0003
2020-04-01 17:43:00,961 INFO [41.6] Epoch 147: loss = 0.0003
2020-04-01 17:43:43,449 INFO [42.5] Epoch 148: loss = 0.0003
2020-04-01 17:44:24,417 INFO [41.0] Epoch 149: loss = 0.0003
2020-04-01 17:44:24,418 INFO Start Evaling...
2020-04-01 17:44:31,583 INFO Head: mr:5443.1 mrr:41.22 hits:47.63
2020-04-01 17:44:31,583 INFO Tail: mr:4596.2 mrr:43.79 hits:51.05
2020-04-01 17:44:31,583 INFO All: mr:5019.7 mrr:42.51 hits:49.34
2020-04-01 17:44:31,587 INFO Declined in recent 2 epochs
2020-04-01 17:45:12,623 INFO [41.0] Epoch 150: loss = 0.0003
2020-04-01 17:45:54,283 INFO [41.7] Epoch 151: loss = 0.0003
2020-04-01 17:46:36,481 INFO [42.2] Epoch 152: loss = 0.0003
2020-04-01 17:47:17,567 INFO [41.1] Epoch 153: loss = 0.0003
2020-04-01 17:47:58,954 INFO [41.4] Epoch 154: loss = 0.0003
2020-04-01 17:48:39,675 INFO [40.7] Epoch 155: loss = 0.0003
2020-04-01 17:49:21,815 INFO [42.1] Epoch 156: loss = 0.0003
2020-04-01 17:49:58,271 INFO [36.5] Epoch 157: loss = 0.0003
2020-04-01 17:50:39,629 INFO [41.4] Epoch 158: loss = 0.0003
2020-04-01 17:51:21,244 INFO [41.6] Epoch 159: loss = 0.0003
2020-04-01 17:51:21,245 INFO Start Evaling...
2020-04-01 17:51:28,999 INFO Head: mr:5417.2 mrr:41.37 hits:47.40
2020-04-01 17:51:28,999 INFO Tail: mr:4611.0 mrr:43.95 hits:50.92
2020-04-01 17:51:28,999 INFO All: mr:5014.1 mrr:42.66 hits:49.16
2020-04-01 17:51:29,003 INFO Declined in recent 3 epochs
2020-04-01 17:52:09,894 INFO [40.9] Epoch 160: loss = 0.0003
2020-04-01 17:52:50,443 INFO [40.5] Epoch 161: loss = 0.0003
2020-04-01 17:53:31,668 INFO [41.2] Epoch 162: loss = 0.0003
2020-04-01 17:54:12,992 INFO [41.3] Epoch 163: loss = 0.0003
2020-04-01 17:54:48,361 INFO [35.4] Epoch 164: loss = 0.0003
2020-04-01 17:55:31,021 INFO [42.7] Epoch 165: loss = 0.0003
2020-04-01 17:56:12,664 INFO [41.6] Epoch 166: loss = 0.0003
2020-04-01 17:56:54,813 INFO [42.1] Epoch 167: loss = 0.0003
2020-04-01 17:57:35,847 INFO [41.0] Epoch 168: loss = 0.0003
2020-04-01 17:58:17,314 INFO [41.5] Epoch 169: loss = 0.0003
2020-04-01 17:58:17,314 INFO Start Evaling...
2020-04-01 17:58:24,990 INFO Head: mr:5388.2 mrr:41.26 hits:47.26
2020-04-01 17:58:24,991 INFO Tail: mr:4442.3 mrr:43.97 hits:51.45
2020-04-01 17:58:24,991 INFO All: mr:4915.3 mrr:42.62 hits:49.36
2020-04-01 17:58:24,995 INFO Declined in recent 4 epochs
2020-04-01 17:59:06,828 INFO [41.8] Epoch 170: loss = 0.0003
2020-04-01 17:59:44,920 INFO [38.1] Epoch 171: loss = 0.0003
2020-04-01 18:00:25,268 INFO [40.3] Epoch 172: loss = 0.0003
2020-04-01 18:01:07,891 INFO [42.6] Epoch 173: loss = 0.0003
2020-04-01 18:01:49,106 INFO [41.2] Epoch 174: loss = 0.0003
2020-04-01 18:02:30,528 INFO [41.4] Epoch 175: loss = 0.0003
2020-04-01 18:03:12,052 INFO [41.5] Epoch 176: loss = 0.0003
2020-04-01 18:03:52,367 INFO [40.3] Epoch 177: loss = 0.0003
2020-04-01 18:04:34,225 INFO [41.9] Epoch 178: loss = 0.0003
2020-04-01 18:05:12,463 INFO [38.2] Epoch 179: loss = 0.0003
2020-04-01 18:05:12,463 INFO Start Evaling...
2020-04-01 18:05:20,144 INFO Head: mr:5387.2 mrr:41.38 hits:47.59
2020-04-01 18:05:20,144 INFO Tail: mr:4452.8 mrr:43.86 hits:51.25
2020-04-01 18:05:20,144 INFO All: mr:4920.0 mrr:42.62 hits:49.42
2020-04-01 18:05:20,148 INFO Improved and model saved
2020-04-01 18:06:03,782 INFO [43.6] Epoch 180: loss = 0.0003
2020-04-01 18:06:45,139 INFO [41.4] Epoch 181: loss = 0.0003
2020-04-01 18:07:26,445 INFO [41.3] Epoch 182: loss = 0.0003
2020-04-01 18:08:07,673 INFO [41.2] Epoch 183: loss = 0.0003
2020-04-01 18:08:49,898 INFO [42.2] Epoch 184: loss = 0.0003
2020-04-01 18:09:31,115 INFO [41.2] Epoch 185: loss = 0.0003
2020-04-01 18:10:09,161 INFO [38.0] Epoch 186: loss = 0.0003
2020-04-01 18:10:50,355 INFO [41.2] Epoch 187: loss = 0.0003
2020-04-01 18:11:30,638 INFO [40.3] Epoch 188: loss = 0.0003
2020-04-01 18:12:12,391 INFO [41.8] Epoch 189: loss = 0.0003
2020-04-01 18:12:12,392 INFO Start Evaling...
2020-04-01 18:12:20,046 INFO Head: mr:5394.7 mrr:41.34 hits:47.36
2020-04-01 18:12:20,047 INFO Tail: mr:4445.0 mrr:44.05 hits:51.29
2020-04-01 18:12:20,047 INFO All: mr:4919.9 mrr:42.69 hits:49.32
2020-04-01 18:12:20,050 INFO Declined in recent 1 epochs
2020-04-01 18:13:02,935 INFO [42.9] Epoch 190: loss = 0.0003
2020-04-01 18:13:45,109 INFO [42.2] Epoch 191: loss = 0.0003
2020-04-01 18:14:27,147 INFO [42.0] Epoch 192: loss = 0.0003
2020-04-01 18:15:04,377 INFO [37.2] Epoch 193: loss = 0.0003
2020-04-01 18:15:46,585 INFO [42.2] Epoch 194: loss = 0.0003
2020-04-01 18:16:27,952 INFO [41.4] Epoch 195: loss = 0.0003
2020-04-01 18:17:10,322 INFO [42.4] Epoch 196: loss = 0.0003
2020-04-01 18:17:52,363 INFO [42.0] Epoch 197: loss = 0.0003
2020-04-01 18:18:34,092 INFO [41.7] Epoch 198: loss = 0.0003
2020-04-01 18:19:17,659 INFO [43.6] Epoch 199: loss = 0.0003
2020-04-01 18:19:17,659 INFO Start Evaling...
2020-04-01 18:19:25,674 INFO Head: mr:5352.0 mrr:41.64 hits:47.86
2020-04-01 18:19:25,674 INFO Tail: mr:4401.6 mrr:43.98 hits:51.48
2020-04-01 18:19:25,674 INFO All: mr:4876.8 mrr:42.81 hits:49.67
2020-04-01 18:19:25,677 INFO Improved and model saved
2020-04-01 18:19:55,448 INFO [29.7] Epoch 200: loss = 0.0003
2020-04-01 18:20:17,627 INFO [22.2] Epoch 201: loss = 0.0003
2020-04-01 18:20:40,592 INFO [23.0] Epoch 202: loss = 0.0003
2020-04-01 18:21:02,591 INFO [22.0] Epoch 203: loss = 0.0003
2020-04-01 18:21:24,728 INFO [22.1] Epoch 204: loss = 0.0003
2020-04-01 18:21:47,213 INFO [22.5] Epoch 205: loss = 0.0003
2020-04-01 18:22:08,814 INFO [21.6] Epoch 206: loss = 0.0003
2020-04-01 18:22:30,966 INFO [22.2] Epoch 207: loss = 0.0003
2020-04-01 18:22:52,989 INFO [22.0] Epoch 208: loss = 0.0003
2020-04-01 18:23:14,818 INFO [21.8] Epoch 209: loss = 0.0003
2020-04-01 18:23:14,819 INFO Start Evaling...
2020-04-01 18:23:21,639 INFO Head: mr:5316.3 mrr:41.66 hits:47.43
2020-04-01 18:23:21,640 INFO Tail: mr:4372.8 mrr:44.14 hits:51.68
2020-04-01 18:23:21,640 INFO All: mr:4844.6 mrr:42.90 hits:49.56
2020-04-01 18:23:21,643 INFO Declined in recent 1 epochs
2020-04-01 18:23:43,733 INFO [22.1] Epoch 210: loss = 0.0003
2020-04-01 18:24:06,323 INFO [22.6] Epoch 211: loss = 0.0003
2020-04-01 18:24:28,829 INFO [22.5] Epoch 212: loss = 0.0003
2020-04-01 18:24:51,077 INFO [22.2] Epoch 213: loss = 0.0003
2020-04-01 18:25:13,095 INFO [22.0] Epoch 214: loss = 0.0003
2020-04-01 18:25:35,228 INFO [22.1] Epoch 215: loss = 0.0003
2020-04-01 18:25:57,023 INFO [21.8] Epoch 216: loss = 0.0003
2020-04-01 18:26:18,833 INFO [21.8] Epoch 217: loss = 0.0003
2020-04-01 18:26:41,301 INFO [22.5] Epoch 218: loss = 0.0003
2020-04-01 18:27:03,793 INFO [22.5] Epoch 219: loss = 0.0003
2020-04-01 18:27:03,794 INFO Start Evaling...
2020-04-01 18:27:10,332 INFO Head: mr:5361.9 mrr:41.49 hits:47.30
2020-04-01 18:27:10,333 INFO Tail: mr:4444.8 mrr:43.97 hits:51.38
2020-04-01 18:27:10,333 INFO All: mr:4903.3 mrr:42.73 hits:49.34
2020-04-01 18:27:10,337 INFO Declined in recent 2 epochs
2020-04-01 18:27:32,437 INFO [22.1] Epoch 220: loss = 0.0003
2020-04-01 18:27:54,800 INFO [22.4] Epoch 221: loss = 0.0003
2020-04-01 18:28:17,111 INFO [22.3] Epoch 222: loss = 0.0003
2020-04-01 18:28:39,223 INFO [22.1] Epoch 223: loss = 0.0003
2020-04-01 18:29:01,848 INFO [22.6] Epoch 224: loss = 0.0003
2020-04-01 18:29:24,355 INFO [22.5] Epoch 225: loss = 0.0003
2020-04-01 18:29:46,749 INFO [22.4] Epoch 226: loss = 0.0003
2020-04-01 18:30:09,095 INFO [22.3] Epoch 227: loss = 0.0003
2020-04-01 18:30:31,069 INFO [22.0] Epoch 228: loss = 0.0003
2020-04-01 18:30:55,029 INFO [24.0] Epoch 229: loss = 0.0003
2020-04-01 18:30:55,030 INFO Start Evaling...
2020-04-01 18:31:02,219 INFO Head: mr:5353.9 mrr:41.54 hits:47.76
2020-04-01 18:31:02,219 INFO Tail: mr:4421.2 mrr:43.71 hits:51.32
2020-04-01 18:31:02,219 INFO All: mr:4887.6 mrr:42.63 hits:49.54
2020-04-01 18:31:02,223 INFO Declined in recent 3 epochs
2020-04-01 18:31:24,371 INFO [22.1] Epoch 230: loss = 0.0003
2020-04-01 18:31:46,525 INFO [22.2] Epoch 231: loss = 0.0003
2020-04-01 18:32:08,471 INFO [21.9] Epoch 232: loss = 0.0003
2020-04-01 18:32:30,464 INFO [22.0] Epoch 233: loss = 0.0003
2020-04-01 18:32:52,420 INFO [22.0] Epoch 234: loss = 0.0003
2020-04-01 18:33:14,528 INFO [22.1] Epoch 235: loss = 0.0003
2020-04-01 18:33:37,525 INFO [23.0] Epoch 236: loss = 0.0003
2020-04-01 18:33:59,730 INFO [22.2] Epoch 237: loss = 0.0003
2020-04-01 18:34:21,790 INFO [22.1] Epoch 238: loss = 0.0003
2020-04-01 18:34:43,965 INFO [22.2] Epoch 239: loss = 0.0003
2020-04-01 18:34:43,966 INFO Start Evaling...
2020-04-01 18:34:50,863 INFO Head: mr:5404.5 mrr:41.58 hits:47.36
2020-04-01 18:34:50,863 INFO Tail: mr:4364.0 mrr:43.86 hits:51.45
2020-04-01 18:34:50,863 INFO All: mr:4884.3 mrr:42.72 hits:49.41
2020-04-01 18:34:50,868 INFO Declined in recent 4 epochs
2020-04-01 18:35:13,343 INFO [22.5] Epoch 240: loss = 0.0003
2020-04-01 18:35:35,421 INFO [22.1] Epoch 241: loss = 0.0003
2020-04-01 18:35:57,397 INFO [22.0] Epoch 242: loss = 0.0003
2020-04-01 18:36:20,149 INFO [22.8] Epoch 243: loss = 0.0003
2020-04-01 18:36:42,265 INFO [22.1] Epoch 244: loss = 0.0003
2020-04-01 18:37:03,742 INFO [21.5] Epoch 245: loss = 0.0003
2020-04-01 18:37:25,616 INFO [21.9] Epoch 246: loss = 0.0003
2020-04-01 18:37:47,726 INFO [22.1] Epoch 247: loss = 0.0003
2020-04-01 18:38:09,299 INFO [21.6] Epoch 248: loss = 0.0003
2020-04-01 18:38:31,157 INFO [21.9] Epoch 249: loss = 0.0003
2020-04-01 18:38:31,158 INFO Start Evaling...
2020-04-01 18:38:37,891 INFO Head: mr:5338.6 mrr:41.41 hits:47.50
2020-04-01 18:38:37,891 INFO Tail: mr:4392.0 mrr:43.95 hits:51.29
2020-04-01 18:38:37,891 INFO All: mr:4865.3 mrr:42.68 hits:49.39
2020-04-01 18:38:37,895 INFO Declined in recent 5 epochs
2020-04-01 18:38:37,895 INFO Early stopping
2020-04-01 18:38:37,895 INFO Train done
2020-04-01 18:38:37,917 INFO Start Evaling...
2020-04-01 18:38:45,385 INFO Head: mr:5325.6 mrr:41.21 hits:47.73
2020-04-01 18:38:45,386 INFO Tail: mr:4439.8 mrr:44.30 hits:52.39
2020-04-01 18:38:45,386 INFO All: mr:4882.7 mrr:42.76 hits:50.06
