2020-04-26 21:42:43,198 INFO EPOCH: 1000
2020-04-26 21:42:43,198 INFO EVERY: 10
2020-04-26 21:42:43,198 INFO LR: 0.001
2020-04-26 21:42:43,198 INFO DIM: 100
2020-04-26 21:42:43,198 INFO BATCH_SIZE: 256
2020-04-26 21:42:43,199 INFO BATCH_SIZE2: 100
2020-04-26 21:42:43,199 INFO P: 1
2020-04-26 21:42:43,199 INFO CLIPPING_MAX_VALUE: 4.0
2020-04-26 21:42:43,199 INFO OPTIM: Adam
2020-04-26 21:42:43,199 INFO N_SAMPLE: 100
2020-04-26 21:42:43,199 INFO MODE: grap
2020-04-26 21:42:43,199 INFO RATE: 0.02
2020-04-26 21:42:43,199 INFO GAMMA: 12.0
2020-04-26 21:42:43,199 INFO BERN: True
2020-04-26 21:42:43,199 INFO MARGIN: 4.0
2020-04-26 21:42:43,199 INFO REG: 1.0
2020-04-26 21:42:43,199 INFO LABEL_SMOOTH_EPS: 0.1
2020-04-26 21:42:43,199 INFO INPUT_DROP: 0.2
2020-04-26 21:42:43,199 INFO FEAT_DROP: 0.2
2020-04-26 21:42:43,199 INFO HIDD_DROP: 0.3
2020-04-26 21:42:43,199 INFO CHANNELS: 50
2020-04-26 21:42:43,199 INFO KERNEL_SIZE: 3
2020-04-26 21:42:43,199 INFO N_POOL: 100
2020-04-26 21:42:43,199 INFO MODEL_D: TransH
2020-04-26 21:42:43,199 INFO MODEL_G: DistMult
2020-04-26 21:42:43,199 INFO SCRATCH: False
2020-04-26 21:42:43,199 INFO D_FILE: None
2020-04-26 21:42:43,199 INFO G_FILE: None
2020-04-26 21:42:43,199 INFO PATH: data
2020-04-26 21:42:43,199 INFO DATA: WN18RR
2020-04-26 21:42:43,199 INFO EXP_PATH: experiment/WN18RR
2020-04-26 21:42:43,199 INFO MODEL: DistMult
2020-04-26 21:42:43,199 INFO V: 2
2020-04-26 21:42:43,200 INFO F: False
2020-04-26 21:42:43,200 INFO EVAL: False
2020-04-26 21:42:43,200 INFO TRAINED: False
2020-04-26 21:42:43,200 INFO PRETRAINED_NAME: None
2020-04-26 21:42:43,200 INFO EXP_NAME: DistMult-WN18RR-grap-2
2020-04-26 21:42:43,200 INFO --------------------------------------
2020-04-26 21:42:46,714 INFO Dataload done
2020-04-26 21:42:46,715 INFO --------------------------------------
2020-04-26 21:42:46,715 INFO N_ENTITY: 40943
2020-04-26 21:42:46,715 INFO N_RELATION: 11
2020-04-26 21:42:46,715 INFO --------------------------------------
2020-04-26 21:42:53,726 INFO Start Training...
2020-04-26 21:43:15,673 INFO [21.9] Epoch 0: loss = 353.7569
2020-04-26 21:43:37,838 INFO [22.2] Epoch 1: loss = 342.0361
2020-04-26 21:43:59,954 INFO [22.1] Epoch 2: loss = 311.1141
2020-04-26 21:44:20,990 INFO [21.0] Epoch 3: loss = 267.6143
2020-04-26 21:44:44,048 INFO [23.1] Epoch 4: loss = 219.8537
2020-04-26 21:45:06,211 INFO [22.2] Epoch 5: loss = 175.3371
2020-04-26 21:45:29,144 INFO [22.9] Epoch 6: loss = 136.4444
2020-04-26 21:45:52,317 INFO [23.2] Epoch 7: loss = 104.5037
2020-04-26 21:46:13,519 INFO [21.2] Epoch 8: loss = 80.2311
2020-04-26 21:46:34,953 INFO [21.4] Epoch 9: loss = 62.9090
2020-04-26 21:46:34,953 INFO Start Evaling...
2020-04-26 21:46:46,559 INFO Head: mr:9770.7 mrr:31.12 hits:38.93
2020-04-26 21:46:46,566 INFO Tail: mr:5767.3 mrr:32.91 hits:41.10
2020-04-26 21:46:46,566 INFO All: mr:7769.0 mrr:32.02 hits:40.01
2020-04-26 21:46:46,570 INFO Start Evaling...
2020-04-26 21:46:57,946 INFO Head: mr:9663.6 mrr:30.32 hits:38.35
2020-04-26 21:46:57,948 INFO Tail: mr:5365.8 mrr:32.71 hits:41.07
2020-04-26 21:46:57,950 INFO All: mr:7514.7 mrr:31.51 hits:39.71
2020-04-26 21:46:57,955 INFO Improved and model saved
2020-04-26 21:47:22,625 INFO [24.6] Epoch 10: loss = 50.7404
2020-04-26 21:47:45,893 INFO [23.3] Epoch 11: loss = 42.0396
2020-04-26 21:48:08,917 INFO [23.0] Epoch 12: loss = 35.6122
2020-04-26 21:48:30,044 INFO [21.1] Epoch 13: loss = 30.9518
2020-04-26 21:48:51,595 INFO [21.6] Epoch 14: loss = 27.5323
2020-04-26 21:49:13,171 INFO [21.6] Epoch 15: loss = 24.7647
2020-04-26 21:49:35,180 INFO [22.0] Epoch 16: loss = 22.6868
2020-04-26 21:49:56,563 INFO [21.4] Epoch 17: loss = 20.9938
2020-04-26 21:50:21,205 INFO [24.6] Epoch 18: loss = 19.7114
2020-04-26 21:50:43,986 INFO [22.8] Epoch 19: loss = 18.5449
2020-04-26 21:50:43,987 INFO Start Evaling...
2020-04-26 21:50:54,562 INFO Head: mr:9543.8 mrr:37.61 hits:41.40
2020-04-26 21:50:54,565 INFO Tail: mr:5716.2 mrr:41.05 hits:44.26
2020-04-26 21:50:54,567 INFO All: mr:7630.0 mrr:39.33 hits:42.83
2020-04-26 21:50:54,572 INFO Start Evaling...
2020-04-26 21:51:04,535 INFO Head: mr:9517.0 mrr:37.38 hits:40.56
2020-04-26 21:51:04,535 INFO Tail: mr:5381.9 mrr:40.89 hits:44.19
2020-04-26 21:51:04,535 INFO All: mr:7449.4 mrr:39.13 hits:42.37
2020-04-26 21:51:04,538 INFO Improved and model saved
2020-04-26 21:51:31,118 INFO [26.6] Epoch 20: loss = 17.5055
2020-04-26 21:51:52,827 INFO [21.7] Epoch 21: loss = 16.8309
2020-04-26 21:52:13,598 INFO [20.8] Epoch 22: loss = 16.1651
2020-04-26 21:52:35,253 INFO [21.7] Epoch 23: loss = 15.6655
2020-04-26 21:52:56,486 INFO [21.2] Epoch 24: loss = 15.2201
2020-04-26 21:53:19,804 INFO [23.3] Epoch 25: loss = 14.7680
2020-04-26 21:53:41,130 INFO [21.3] Epoch 26: loss = 14.3852
2020-04-26 21:54:01,917 INFO [20.8] Epoch 27: loss = 14.3592
2020-04-26 21:54:23,544 INFO [21.6] Epoch 28: loss = 13.8959
2020-04-26 21:54:45,058 INFO [21.5] Epoch 29: loss = 13.8206
2020-04-26 21:54:45,059 INFO Start Evaling...
2020-04-26 21:54:54,697 INFO Head: mr:9214.0 mrr:38.31 hits:41.83
2020-04-26 21:54:54,700 INFO Tail: mr:5561.4 mrr:41.91 hits:44.99
2020-04-26 21:54:54,702 INFO All: mr:7387.7 mrr:40.11 hits:43.41
2020-04-26 21:54:54,707 INFO Start Evaling...
2020-04-26 21:55:05,154 INFO Head: mr:9298.2 mrr:37.88 hits:41.23
2020-04-26 21:55:05,157 INFO Tail: mr:5321.2 mrr:41.62 hits:44.96
2020-04-26 21:55:05,158 INFO All: mr:7309.7 mrr:39.75 hits:43.09
2020-04-26 21:55:05,163 INFO Improved and model saved
2020-04-26 21:55:26,436 INFO [21.2] Epoch 30: loss = 13.6182
2020-04-26 21:55:56,737 INFO [30.3] Epoch 31: loss = 13.3376
2020-04-26 21:56:18,500 INFO [21.8] Epoch 32: loss = 13.1322
2020-04-26 21:56:41,093 INFO [22.6] Epoch 33: loss = 12.9994
2020-04-26 21:57:02,416 INFO [21.3] Epoch 34: loss = 12.9520
2020-04-26 21:57:23,286 INFO [20.9] Epoch 35: loss = 12.6618
2020-04-26 21:57:44,396 INFO [21.1] Epoch 36: loss = 12.7116
2020-04-26 21:58:08,673 INFO [24.3] Epoch 37: loss = 12.6939
2020-04-26 21:58:32,378 INFO [23.7] Epoch 38: loss = 12.5387
2020-04-26 21:58:52,276 INFO [19.9] Epoch 39: loss = 12.5661
2020-04-26 21:58:52,276 INFO Start Evaling...
2020-04-26 21:59:02,582 INFO Head: mr:9026.7 mrr:38.46 hits:41.89
2020-04-26 21:59:02,585 INFO Tail: mr:5458.6 mrr:42.03 hits:44.89
2020-04-26 21:59:02,586 INFO All: mr:7242.6 mrr:40.25 hits:43.39
2020-04-26 21:59:02,591 INFO Start Evaling...
2020-04-26 21:59:12,550 INFO Head: mr:9128.2 mrr:38.04 hits:41.35
2020-04-26 21:59:12,552 INFO Tail: mr:5335.9 mrr:41.91 hits:45.21
2020-04-26 21:59:12,554 INFO All: mr:7232.1 mrr:39.97 hits:43.28
2020-04-26 21:59:12,559 INFO Improved and model saved
2020-04-26 21:59:33,560 INFO [21.0] Epoch 40: loss = 12.3331
2020-04-26 21:59:54,774 INFO [21.2] Epoch 41: loss = 12.2778
2020-04-26 22:00:19,335 INFO [24.6] Epoch 42: loss = 12.2435
2020-04-26 22:00:40,970 INFO [21.6] Epoch 43: loss = 12.2613
2020-04-26 22:01:03,518 INFO [22.5] Epoch 44: loss = 12.3141
2020-04-26 22:01:26,178 INFO [22.7] Epoch 45: loss = 12.2449
2020-04-26 22:01:47,493 INFO [21.3] Epoch 46: loss = 12.1421
2020-04-26 22:02:09,805 INFO [22.3] Epoch 47: loss = 12.1076
2020-04-26 22:02:30,773 INFO [21.0] Epoch 48: loss = 12.1057
2020-04-26 22:02:52,280 INFO [21.5] Epoch 49: loss = 11.9031
2020-04-26 22:02:52,281 INFO Start Evaling...
2020-04-26 22:03:01,080 INFO Head: mr:8942.1 mrr:38.76 hits:42.06
2020-04-26 22:03:01,083 INFO Tail: mr:5382.9 mrr:42.20 hits:45.22
2020-04-26 22:03:01,085 INFO All: mr:7162.5 mrr:40.48 hits:43.64
2020-04-26 22:03:01,090 INFO Start Evaling...
2020-04-26 22:03:11,269 INFO Head: mr:9126.5 mrr:38.12 hits:41.64
2020-04-26 22:03:11,271 INFO Tail: mr:5310.6 mrr:42.13 hits:45.50
2020-04-26 22:03:11,273 INFO All: mr:7218.6 mrr:40.12 hits:43.57
2020-04-26 22:03:11,277 INFO Improved and model saved
2020-04-26 22:03:37,223 INFO [25.9] Epoch 50: loss = 11.8477
2020-04-26 22:03:59,757 INFO [22.5] Epoch 51: loss = 12.0585
2020-04-26 22:04:22,693 INFO [22.9] Epoch 52: loss = 11.8545
2020-04-26 22:04:48,300 INFO [25.6] Epoch 53: loss = 11.8964
2020-04-26 22:05:09,996 INFO [21.7] Epoch 54: loss = 12.1709
2020-04-26 22:05:32,497 INFO [22.5] Epoch 55: loss = 12.0817
2020-04-26 22:05:56,741 INFO [24.2] Epoch 56: loss = 11.9930
2020-04-26 22:06:18,186 INFO [21.4] Epoch 57: loss = 11.8063
2020-04-26 22:06:39,768 INFO [21.6] Epoch 58: loss = 11.9653
2020-04-26 22:07:02,086 INFO [22.3] Epoch 59: loss = 11.8207
2020-04-26 22:07:02,087 INFO Start Evaling...
2020-04-26 22:07:11,395 INFO Head: mr:8787.3 mrr:38.91 hits:42.65
2020-04-26 22:07:11,395 INFO Tail: mr:5339.2 mrr:42.54 hits:45.39
2020-04-26 22:07:11,395 INFO All: mr:7063.3 mrr:40.72 hits:44.02
2020-04-26 22:07:11,399 INFO Start Evaling...
2020-04-26 22:07:21,651 INFO Head: mr:8935.0 mrr:38.16 hits:41.83
2020-04-26 22:07:21,652 INFO Tail: mr:5216.6 mrr:42.45 hits:45.88
2020-04-26 22:07:21,652 INFO All: mr:7075.8 mrr:40.31 hits:43.86
2020-04-26 22:07:21,658 INFO Improved and model saved
2020-04-26 22:07:52,653 INFO [31.0] Epoch 60: loss = 11.8956
2020-04-26 22:08:21,394 INFO [28.7] Epoch 61: loss = 11.7016
2020-04-26 22:08:53,933 INFO [32.5] Epoch 62: loss = 11.9764
2020-04-26 22:09:26,034 INFO [32.1] Epoch 63: loss = 11.7835
2020-04-26 22:09:50,583 INFO [24.5] Epoch 64: loss = 11.7575
2020-04-26 22:10:13,456 INFO [22.9] Epoch 65: loss = 11.7214
2020-04-26 22:10:37,571 INFO [24.1] Epoch 66: loss = 11.7954
2020-04-26 22:10:58,569 INFO [21.0] Epoch 67: loss = 11.6671
2020-04-26 22:11:20,633 INFO [22.1] Epoch 68: loss = 11.8401
2020-04-26 22:11:50,013 INFO [29.4] Epoch 69: loss = 11.5720
2020-04-26 22:11:50,014 INFO Start Evaling...
2020-04-26 22:11:59,883 INFO Head: mr:8638.0 mrr:38.93 hits:42.25
2020-04-26 22:11:59,886 INFO Tail: mr:5258.8 mrr:42.25 hits:45.52
2020-04-26 22:11:59,888 INFO All: mr:6948.4 mrr:40.59 hits:43.89
2020-04-26 22:11:59,893 INFO Start Evaling...
2020-04-26 22:12:10,558 INFO Head: mr:8840.0 mrr:38.16 hits:41.93
2020-04-26 22:12:10,558 INFO Tail: mr:5163.8 mrr:42.55 hits:46.33
2020-04-26 22:12:10,558 INFO All: mr:7001.9 mrr:40.36 hits:44.13
2020-04-26 22:12:10,562 INFO Declined in recent 1 epochs
2020-04-26 22:12:41,038 INFO [30.5] Epoch 70: loss = 11.6104
2020-04-26 22:13:06,087 INFO [25.0] Epoch 71: loss = 11.5637
2020-04-26 22:13:30,078 INFO [24.0] Epoch 72: loss = 11.5534
2020-04-26 22:13:58,998 INFO [28.9] Epoch 73: loss = 11.6901
2020-04-26 22:14:24,021 INFO [25.0] Epoch 74: loss = 11.6903
2020-04-26 22:14:49,699 INFO [25.7] Epoch 75: loss = 11.6022
2020-04-26 22:15:16,504 INFO [26.8] Epoch 76: loss = 11.5749
2020-04-26 22:15:37,898 INFO [21.4] Epoch 77: loss = 11.5233
2020-04-26 22:16:00,532 INFO [22.6] Epoch 78: loss = 11.4898
2020-04-26 22:16:22,247 INFO [21.7] Epoch 79: loss = 11.4889
2020-04-26 22:16:22,247 INFO Start Evaling...
2020-04-26 22:16:31,323 INFO Head: mr:8545.0 mrr:38.96 hits:42.55
2020-04-26 22:16:31,323 INFO Tail: mr:5255.6 mrr:42.57 hits:45.65
2020-04-26 22:16:31,323 INFO All: mr:6900.3 mrr:40.77 hits:44.10
2020-04-26 22:16:31,327 INFO Start Evaling...
2020-04-26 22:16:40,882 INFO Head: mr:8814.3 mrr:38.22 hits:42.15
2020-04-26 22:16:40,882 INFO Tail: mr:5195.3 mrr:42.50 hits:46.08
2020-04-26 22:16:40,882 INFO All: mr:7004.8 mrr:40.36 hits:44.11
2020-04-26 22:16:40,886 INFO Improved and model saved
2020-04-26 22:17:03,643 INFO [22.7] Epoch 80: loss = 11.3614
2020-04-26 22:17:25,987 INFO [22.3] Epoch 81: loss = 11.8258
2020-04-26 22:17:48,689 INFO [22.7] Epoch 82: loss = 11.3988
2020-04-26 22:18:11,549 INFO [22.9] Epoch 83: loss = 11.2466
2020-04-26 22:18:38,537 INFO [27.0] Epoch 84: loss = 11.3035
2020-04-26 22:19:01,692 INFO [23.2] Epoch 85: loss = 11.4777
2020-04-26 22:19:24,795 INFO [23.1] Epoch 86: loss = 11.2665
2020-04-26 22:19:47,110 INFO [22.3] Epoch 87: loss = 11.3153
2020-04-26 22:20:15,127 INFO [28.0] Epoch 88: loss = 11.4018
2020-04-26 22:20:41,390 INFO [26.3] Epoch 89: loss = 11.4318
2020-04-26 22:20:41,390 INFO Start Evaling...
2020-04-26 22:20:50,591 INFO Head: mr:8479.3 mrr:39.02 hits:42.88
2020-04-26 22:20:50,592 INFO Tail: mr:5256.3 mrr:42.55 hits:45.55
2020-04-26 22:20:50,592 INFO All: mr:6867.8 mrr:40.79 hits:44.22
2020-04-26 22:20:50,594 INFO Start Evaling...
2020-04-26 22:21:00,451 INFO Head: mr:8754.5 mrr:38.15 hits:42.41
2020-04-26 22:21:00,451 INFO Tail: mr:5199.8 mrr:42.50 hits:46.46
2020-04-26 22:21:00,451 INFO All: mr:6977.2 mrr:40.33 hits:44.43
2020-04-26 22:21:00,455 INFO Improved and model saved
2020-04-26 22:21:22,984 INFO [22.5] Epoch 90: loss = 11.2949
2020-04-26 22:21:44,650 INFO [21.7] Epoch 91: loss = 11.2067
2020-04-26 22:22:07,373 INFO [22.7] Epoch 92: loss = 11.3675
2020-04-26 22:22:28,683 INFO [21.3] Epoch 93: loss = 11.2670
2020-04-26 22:22:49,651 INFO [21.0] Epoch 94: loss = 11.2684
2020-04-26 22:23:20,858 INFO [31.2] Epoch 95: loss = 11.1091
2020-04-26 22:23:46,580 INFO [25.7] Epoch 96: loss = 11.1755
2020-04-26 22:24:14,834 INFO [28.3] Epoch 97: loss = 11.1026
2020-04-26 22:24:42,814 INFO [28.0] Epoch 98: loss = 11.1850
2020-04-26 22:25:11,072 INFO [28.3] Epoch 99: loss = 11.1460
2020-04-26 22:25:11,073 INFO Start Evaling...
2020-04-26 22:25:20,951 INFO Head: mr:8329.7 mrr:39.10 hits:42.98
2020-04-26 22:25:20,953 INFO Tail: mr:5159.2 mrr:42.73 hits:46.08
2020-04-26 22:25:20,953 INFO All: mr:6744.4 mrr:40.91 hits:44.53
2020-04-26 22:25:20,957 INFO Start Evaling...
2020-04-26 22:25:32,064 INFO Head: mr:8614.0 mrr:38.36 hits:42.60
2020-04-26 22:25:32,067 INFO Tail: mr:5069.5 mrr:42.54 hits:46.68
2020-04-26 22:25:32,069 INFO All: mr:6841.8 mrr:40.45 hits:44.64
2020-04-26 22:25:32,076 INFO Improved and model saved
2020-04-26 22:26:01,827 INFO [29.7] Epoch 100: loss = 11.1581
2020-04-26 22:26:28,694 INFO [26.9] Epoch 101: loss = 11.1301
2020-04-26 22:26:57,032 INFO [28.3] Epoch 102: loss = 11.1948
2020-04-26 22:27:25,152 INFO [28.1] Epoch 103: loss = 11.0577
2020-04-26 22:27:52,625 INFO [27.5] Epoch 104: loss = 11.0609
2020-04-26 22:28:24,741 INFO [32.1] Epoch 105: loss = 11.0583
2020-04-26 22:28:53,293 INFO [28.6] Epoch 106: loss = 11.1565
2020-04-26 22:29:19,788 INFO [26.5] Epoch 107: loss = 11.0410
2020-04-26 22:29:46,287 INFO [26.5] Epoch 108: loss = 11.0582
2020-04-26 22:30:12,443 INFO [26.2] Epoch 109: loss = 11.0815
2020-04-26 22:30:12,443 INFO Start Evaling...
2020-04-26 22:30:22,718 INFO Head: mr:8379.3 mrr:38.95 hits:43.34
2020-04-26 22:30:22,720 INFO Tail: mr:5249.5 mrr:42.64 hits:46.08
2020-04-26 22:30:22,721 INFO All: mr:6814.4 mrr:40.79 hits:44.71
2020-04-26 22:30:22,725 INFO Start Evaling...
2020-04-26 22:30:34,524 INFO Head: mr:8511.4 mrr:38.68 hits:42.95
2020-04-26 22:30:34,528 INFO Tail: mr:4988.0 mrr:42.65 hits:46.55
2020-04-26 22:30:34,529 INFO All: mr:6749.7 mrr:40.66 hits:44.75
2020-04-26 22:30:34,534 INFO Declined in recent 1 epochs
2020-04-26 22:31:01,717 INFO [27.2] Epoch 110: loss = 10.9852
2020-04-26 22:31:31,250 INFO [29.5] Epoch 111: loss = 10.9667
2020-04-26 22:31:58,254 INFO [27.0] Epoch 112: loss = 10.9811
2020-04-26 22:32:25,846 INFO [27.6] Epoch 113: loss = 10.9402
2020-04-26 22:32:54,655 INFO [28.8] Epoch 114: loss = 11.1176
2020-04-26 22:33:22,100 INFO [27.4] Epoch 115: loss = 10.7695
2020-04-26 22:33:50,853 INFO [28.8] Epoch 116: loss = 11.0406
2020-04-26 22:34:19,860 INFO [29.0] Epoch 117: loss = 10.7686
2020-04-26 22:34:46,422 INFO [26.6] Epoch 118: loss = 10.7690
2020-04-26 22:35:16,461 INFO [30.0] Epoch 119: loss = 11.0334
2020-04-26 22:35:16,461 INFO Start Evaling...
2020-04-26 22:35:25,888 INFO Head: mr:8233.7 mrr:39.11 hits:43.24
2020-04-26 22:35:25,889 INFO Tail: mr:5133.1 mrr:42.87 hits:46.24
2020-04-26 22:35:25,889 INFO All: mr:6683.4 mrr:40.99 hits:44.74
2020-04-26 22:35:25,893 INFO Start Evaling...
2020-04-26 22:35:35,596 INFO Head: mr:8374.2 mrr:38.33 hits:42.69
2020-04-26 22:35:35,597 INFO Tail: mr:4906.7 mrr:42.82 hits:46.59
2020-04-26 22:35:35,597 INFO All: mr:6640.4 mrr:40.57 hits:44.64
2020-04-26 22:35:35,599 INFO Improved and model saved
2020-04-26 22:36:03,360 INFO [27.7] Epoch 120: loss = 10.8780
2020-04-26 22:36:31,466 INFO [28.1] Epoch 121: loss = 10.9225
2020-04-26 22:37:01,836 INFO [30.4] Epoch 122: loss = 10.9033
2020-04-26 22:37:30,188 INFO [28.4] Epoch 123: loss = 10.7996
2020-04-26 22:38:00,715 INFO [30.5] Epoch 124: loss = 10.6307
2020-04-26 22:38:27,416 INFO [26.7] Epoch 125: loss = 10.6713
2020-04-26 22:38:56,141 INFO [28.7] Epoch 126: loss = 10.6976
2020-04-26 22:39:22,893 INFO [26.8] Epoch 127: loss = 10.6295
2020-04-26 22:39:55,564 INFO [32.7] Epoch 128: loss = 10.6928
2020-04-26 22:40:18,405 INFO [22.8] Epoch 129: loss = 10.8001
2020-04-26 22:40:18,405 INFO Start Evaling...
2020-04-26 22:40:27,730 INFO Head: mr:8231.7 mrr:39.30 hits:43.38
2020-04-26 22:40:27,730 INFO Tail: mr:5143.3 mrr:43.13 hits:46.31
2020-04-26 22:40:27,730 INFO All: mr:6687.5 mrr:41.21 hits:44.84
2020-04-26 22:40:27,734 INFO Start Evaling...
2020-04-26 22:40:36,353 INFO Head: mr:8361.4 mrr:38.62 hits:43.04
2020-04-26 22:40:36,353 INFO Tail: mr:4878.3 mrr:43.02 hits:47.26
2020-04-26 22:40:36,353 INFO All: mr:6619.9 mrr:40.82 hits:45.15
2020-04-26 22:40:36,356 INFO Improved and model saved
2020-04-26 22:40:56,533 INFO [20.2] Epoch 130: loss = 10.6496
2020-04-26 22:41:16,983 INFO [20.4] Epoch 131: loss = 10.7030
2020-04-26 22:41:37,095 INFO [20.1] Epoch 132: loss = 10.5874
2020-04-26 22:41:57,789 INFO [20.7] Epoch 133: loss = 10.4644
2020-04-26 22:42:24,359 INFO [26.6] Epoch 134: loss = 10.4434
2020-04-26 22:42:52,446 INFO [28.1] Epoch 135: loss = 10.5879
2020-04-26 22:43:19,834 INFO [27.4] Epoch 136: loss = 10.6943
2020-04-26 22:43:48,397 INFO [28.6] Epoch 137: loss = 10.4590
2020-04-26 22:44:18,168 INFO [29.8] Epoch 138: loss = 10.4960
2020-04-26 22:44:44,348 INFO [26.2] Epoch 139: loss = 10.6946
2020-04-26 22:44:44,349 INFO Start Evaling...
2020-04-26 22:44:53,810 INFO Head: mr:8183.0 mrr:39.35 hits:43.21
2020-04-26 22:44:53,811 INFO Tail: mr:5124.9 mrr:43.08 hits:46.37
2020-04-26 22:44:53,811 INFO All: mr:6654.0 mrr:41.22 hits:44.79
2020-04-26 22:44:53,815 INFO Start Evaling...
2020-04-26 22:45:03,684 INFO Head: mr:8332.2 mrr:38.63 hits:43.01
2020-04-26 22:45:03,684 INFO Tail: mr:4882.5 mrr:43.08 hits:47.16
2020-04-26 22:45:03,684 INFO All: mr:6607.4 mrr:40.85 hits:45.09
2020-04-26 22:45:03,688 INFO Improved and model saved
2020-04-26 22:45:31,649 INFO [27.9] Epoch 140: loss = 10.6718
2020-04-26 22:45:58,442 INFO [26.8] Epoch 141: loss = 10.5052
2020-04-26 22:46:27,708 INFO [29.3] Epoch 142: loss = 10.4613
2020-04-26 22:46:54,421 INFO [26.7] Epoch 143: loss = 10.6548
2020-04-26 22:47:24,787 INFO [30.4] Epoch 144: loss = 10.5141
2020-04-26 22:47:54,268 INFO [29.5] Epoch 145: loss = 10.5076
2020-04-26 22:48:22,731 INFO [28.5] Epoch 146: loss = 10.4234
2020-04-26 22:48:50,028 INFO [27.3] Epoch 147: loss = 10.4049
2020-04-26 22:49:18,314 INFO [28.3] Epoch 148: loss = 10.4458
2020-04-26 22:49:41,793 INFO [23.5] Epoch 149: loss = 10.3586
2020-04-26 22:49:41,794 INFO Start Evaling...
2020-04-26 22:49:50,295 INFO Head: mr:8139.8 mrr:39.23 hits:43.47
2020-04-26 22:49:50,295 INFO Tail: mr:5085.5 mrr:43.05 hits:46.64
2020-04-26 22:49:50,295 INFO All: mr:6612.7 mrr:41.14 hits:45.06
2020-04-26 22:49:50,299 INFO Start Evaling...
2020-04-26 22:49:59,032 INFO Head: mr:8280.4 mrr:38.62 hits:43.14
2020-04-26 22:49:59,032 INFO Tail: mr:4805.9 mrr:43.27 hits:47.29
2020-04-26 22:49:59,032 INFO All: mr:6543.1 mrr:40.95 hits:45.21
2020-04-26 22:49:59,035 INFO Declined in recent 1 epochs
2020-04-26 22:50:19,423 INFO [20.4] Epoch 150: loss = 10.2985
2020-04-26 22:50:44,333 INFO [24.9] Epoch 151: loss = 10.3557
2020-04-26 22:51:10,711 INFO [26.4] Epoch 152: loss = 10.3350
2020-04-26 22:51:38,231 INFO [27.5] Epoch 153: loss = 10.5751
2020-04-26 22:52:06,968 INFO [28.7] Epoch 154: loss = 10.4029
2020-04-26 22:52:34,809 INFO [27.8] Epoch 155: loss = 10.4674
2020-04-26 22:53:04,591 INFO [29.8] Epoch 156: loss = 10.4303
2020-04-26 22:53:35,142 INFO [30.6] Epoch 157: loss = 10.4262
2020-04-26 22:54:02,151 INFO [27.0] Epoch 158: loss = 10.3641
2020-04-26 22:54:30,180 INFO [28.0] Epoch 159: loss = 10.4409
2020-04-26 22:54:30,180 INFO Start Evaling...
2020-04-26 22:54:39,404 INFO Head: mr:8071.6 mrr:39.11 hits:43.47
2020-04-26 22:54:39,405 INFO Tail: mr:5042.9 mrr:43.15 hits:46.87
2020-04-26 22:54:39,405 INFO All: mr:6557.3 mrr:41.13 hits:45.17
2020-04-26 22:54:39,409 INFO Start Evaling...
2020-04-26 22:54:49,000 INFO Head: mr:8208.9 mrr:38.51 hits:43.20
2020-04-26 22:54:49,003 INFO Tail: mr:4785.8 mrr:43.21 hits:47.57
2020-04-26 22:54:49,004 INFO All: mr:6497.4 mrr:40.86 hits:45.39
2020-04-26 22:54:49,009 INFO Declined in recent 2 epochs
2020-04-26 22:55:15,849 INFO [26.8] Epoch 160: loss = 10.3678
2020-04-26 22:55:41,616 INFO [25.8] Epoch 161: loss = 10.3430
2020-04-26 22:56:10,301 INFO [28.7] Epoch 162: loss = 10.3580
2020-04-26 22:56:39,185 INFO [28.9] Epoch 163: loss = 10.3938
2020-04-26 22:57:06,756 INFO [27.6] Epoch 164: loss = 10.3641
2020-04-26 22:57:35,987 INFO [29.2] Epoch 165: loss = 10.3421
2020-04-26 22:58:01,818 INFO [25.8] Epoch 166: loss = 10.4134
2020-04-26 22:58:29,205 INFO [27.4] Epoch 167: loss = 10.2628
2020-04-26 22:58:57,924 INFO [28.7] Epoch 168: loss = 10.3149
2020-04-26 22:59:27,727 INFO [29.8] Epoch 169: loss = 10.3321
2020-04-26 22:59:27,728 INFO Start Evaling...
2020-04-26 22:59:36,966 INFO Head: mr:8021.4 mrr:39.26 hits:43.41
2020-04-26 22:59:36,966 INFO Tail: mr:5013.3 mrr:43.04 hits:46.70
2020-04-26 22:59:36,966 INFO All: mr:6517.4 mrr:41.15 hits:45.06
2020-04-26 22:59:36,969 INFO Start Evaling...
2020-04-26 22:59:46,891 INFO Head: mr:8107.8 mrr:38.57 hits:43.36
2020-04-26 22:59:46,893 INFO Tail: mr:4782.0 mrr:43.36 hits:47.19
2020-04-26 22:59:46,895 INFO All: mr:6444.9 mrr:40.97 hits:45.28
2020-04-26 22:59:46,900 INFO Declined in recent 3 epochs
2020-04-26 23:00:13,508 INFO [26.6] Epoch 170: loss = 10.2117
2020-04-26 23:00:40,607 INFO [27.1] Epoch 171: loss = 10.2620
2020-04-26 23:01:08,972 INFO [28.4] Epoch 172: loss = 10.3138
2020-04-26 23:01:38,412 INFO [29.4] Epoch 173: loss = 10.4191
2020-04-26 23:02:08,491 INFO [30.1] Epoch 174: loss = 10.2895
2020-04-26 23:02:36,052 INFO [27.6] Epoch 175: loss = 10.2482
2020-04-26 23:03:03,005 INFO [27.0] Epoch 176: loss = 10.4030
2020-04-26 23:03:29,272 INFO [26.3] Epoch 177: loss = 10.3449
2020-04-26 23:03:57,339 INFO [28.1] Epoch 178: loss = 10.3252
2020-04-26 23:04:23,978 INFO [26.6] Epoch 179: loss = 10.2204
2020-04-26 23:04:23,979 INFO Start Evaling...
2020-04-26 23:04:33,856 INFO Head: mr:7967.8 mrr:39.40 hits:43.51
2020-04-26 23:04:33,858 INFO Tail: mr:5060.7 mrr:43.21 hits:46.77
2020-04-26 23:04:33,860 INFO All: mr:6514.3 mrr:41.31 hits:45.14
2020-04-26 23:04:33,864 INFO Start Evaling...
2020-04-26 23:04:43,683 INFO Head: mr:8111.7 mrr:38.59 hits:43.17
2020-04-26 23:04:43,686 INFO Tail: mr:4815.3 mrr:43.61 hits:47.35
2020-04-26 23:04:43,687 INFO All: mr:6463.5 mrr:41.10 hits:45.26
2020-04-26 23:04:43,690 INFO Improved and model saved
2020-04-26 23:05:09,708 INFO [26.0] Epoch 180: loss = 10.4138
2020-04-26 23:05:36,641 INFO [26.9] Epoch 181: loss = 10.4268
2020-04-26 23:06:05,574 INFO [28.9] Epoch 182: loss = 10.1784
2020-04-26 23:06:32,664 INFO [27.1] Epoch 183: loss = 10.2535
2020-04-26 23:06:58,883 INFO [26.2] Epoch 184: loss = 10.2625
2020-04-26 23:07:25,839 INFO [27.0] Epoch 185: loss = 10.4164
2020-04-26 23:07:53,254 INFO [27.4] Epoch 186: loss = 10.1839
2020-04-26 23:08:19,982 INFO [26.7] Epoch 187: loss = 10.2239
2020-04-26 23:08:47,558 INFO [27.6] Epoch 188: loss = 10.3700
2020-04-26 23:09:14,384 INFO [26.8] Epoch 189: loss = 10.3605
2020-04-26 23:09:14,384 INFO Start Evaling...
2020-04-26 23:09:23,674 INFO Head: mr:7954.1 mrr:39.38 hits:43.34
2020-04-26 23:09:23,674 INFO Tail: mr:5004.0 mrr:43.12 hits:46.67
2020-04-26 23:09:23,676 INFO All: mr:6479.0 mrr:41.25 hits:45.01
2020-04-26 23:09:23,678 INFO Start Evaling...
2020-04-26 23:09:32,806 INFO Head: mr:8020.4 mrr:38.75 hits:43.24
2020-04-26 23:09:32,807 INFO Tail: mr:4758.2 mrr:43.52 hits:47.83
2020-04-26 23:09:32,807 INFO All: mr:6389.3 mrr:41.14 hits:45.53
2020-04-26 23:09:32,809 INFO Declined in recent 1 epochs
2020-04-26 23:10:00,460 INFO [27.7] Epoch 190: loss = 10.1935
2020-04-26 23:10:31,333 INFO [30.9] Epoch 191: loss = 10.2474
2020-04-26 23:10:57,285 INFO [26.0] Epoch 192: loss = 10.2797
2020-04-26 23:11:23,548 INFO [26.3] Epoch 193: loss = 10.2655
2020-04-26 23:11:50,825 INFO [27.3] Epoch 194: loss = 10.3473
2020-04-26 23:12:17,526 INFO [26.7] Epoch 195: loss = 10.1433
2020-04-26 23:12:45,824 INFO [28.3] Epoch 196: loss = 10.1580
2020-04-26 23:13:12,009 INFO [26.2] Epoch 197: loss = 10.1066
2020-04-26 23:13:37,271 INFO [25.3] Epoch 198: loss = 10.1570
2020-04-26 23:14:03,403 INFO [26.1] Epoch 199: loss = 10.1409
2020-04-26 23:14:03,404 INFO Start Evaling...
2020-04-26 23:14:13,664 INFO Head: mr:7828.8 mrr:39.48 hits:43.44
2020-04-26 23:14:13,667 INFO Tail: mr:4826.0 mrr:43.22 hits:46.84
2020-04-26 23:14:13,667 INFO All: mr:6327.4 mrr:41.35 hits:45.14
2020-04-26 23:14:13,671 INFO Start Evaling...
2020-04-26 23:14:25,690 INFO Head: mr:8019.3 mrr:38.66 hits:43.27
2020-04-26 23:14:25,693 INFO Tail: mr:4728.7 mrr:43.69 hits:48.02
2020-04-26 23:14:25,694 INFO All: mr:6374.0 mrr:41.17 hits:45.64
2020-04-26 23:14:25,698 INFO Improved and model saved
2020-04-26 23:14:56,428 INFO [30.7] Epoch 200: loss = 10.2788
2020-04-26 23:15:20,971 INFO [24.5] Epoch 201: loss = 10.2140
2020-04-26 23:15:49,126 INFO [28.2] Epoch 202: loss = 10.3089
2020-04-26 23:16:16,622 INFO [27.5] Epoch 203: loss = 10.2901
2020-04-26 23:16:42,248 INFO [25.6] Epoch 204: loss = 10.4503
2020-04-26 23:17:04,634 INFO [22.4] Epoch 205: loss = 10.2570
2020-04-26 23:17:27,302 INFO [22.7] Epoch 206: loss = 10.1595
2020-04-26 23:17:49,501 INFO [22.2] Epoch 207: loss = 10.3142
2020-04-26 23:18:11,495 INFO [22.0] Epoch 208: loss = 10.2439
2020-04-26 23:18:34,809 INFO [23.3] Epoch 209: loss = 10.1526
2020-04-26 23:18:34,810 INFO Start Evaling...
2020-04-26 23:18:44,225 INFO Head: mr:7706.6 mrr:39.32 hits:43.61
2020-04-26 23:18:44,225 INFO Tail: mr:4789.3 mrr:43.16 hits:46.51
2020-04-26 23:18:44,225 INFO All: mr:6248.0 mrr:41.24 hits:45.06
2020-04-26 23:18:44,229 INFO Start Evaling...
2020-04-26 23:18:53,544 INFO Head: mr:7941.9 mrr:38.66 hits:43.08
2020-04-26 23:18:53,546 INFO Tail: mr:4683.9 mrr:43.76 hits:48.25
2020-04-26 23:18:53,547 INFO All: mr:6312.9 mrr:41.21 hits:45.66
2020-04-26 23:18:53,553 INFO Declined in recent 1 epochs
2020-04-26 23:19:16,029 INFO [22.5] Epoch 210: loss = 10.2305
2020-04-26 23:19:36,920 INFO [20.9] Epoch 211: loss = 10.3190
2020-04-26 23:19:57,364 INFO [20.4] Epoch 212: loss = 10.0119
2020-04-26 23:20:19,673 INFO [22.3] Epoch 213: loss = 10.2997
2020-04-26 23:20:40,621 INFO [20.9] Epoch 214: loss = 10.2145
2020-04-26 23:21:02,028 INFO [21.4] Epoch 215: loss = 10.1259
2020-04-26 23:21:21,940 INFO [19.9] Epoch 216: loss = 10.2534
2020-04-26 23:21:41,983 INFO [20.0] Epoch 217: loss = 10.3447
2020-04-26 23:22:03,322 INFO [21.3] Epoch 218: loss = 10.2802
2020-04-26 23:22:24,236 INFO [20.9] Epoch 219: loss = 10.1980
2020-04-26 23:22:24,237 INFO Start Evaling...
2020-04-26 23:22:34,540 INFO Head: mr:7701.4 mrr:39.42 hits:43.64
2020-04-26 23:22:34,541 INFO Tail: mr:4897.5 mrr:43.38 hits:47.40
2020-04-26 23:22:34,541 INFO All: mr:6299.5 mrr:41.40 hits:45.52
2020-04-26 23:22:34,544 INFO Start Evaling...
2020-04-26 23:22:42,648 INFO Head: mr:7904.8 mrr:38.69 hits:43.30
2020-04-26 23:22:42,648 INFO Tail: mr:4677.2 mrr:43.66 hits:48.15
2020-04-26 23:22:42,648 INFO All: mr:6291.0 mrr:41.17 hits:45.72
2020-04-26 23:22:42,650 INFO Improved and model saved
2020-04-26 23:23:03,296 INFO [20.6] Epoch 220: loss = 10.2858
2020-04-26 23:23:26,654 INFO [23.4] Epoch 221: loss = 10.1781
2020-04-26 23:23:49,084 INFO [22.4] Epoch 222: loss = 10.2141
2020-04-26 23:24:11,166 INFO [22.1] Epoch 223: loss = 10.1912
2020-04-26 23:24:32,798 INFO [21.6] Epoch 224: loss = 10.1832
2020-04-26 23:24:55,878 INFO [23.1] Epoch 225: loss = 10.2439
2020-04-26 23:25:17,019 INFO [21.1] Epoch 226: loss = 10.2156
2020-04-26 23:25:36,993 INFO [20.0] Epoch 227: loss = 10.2008
2020-04-26 23:25:57,619 INFO [20.6] Epoch 228: loss = 10.0829
2020-04-26 23:26:19,487 INFO [21.9] Epoch 229: loss = 10.2109
2020-04-26 23:26:19,487 INFO Start Evaling...
2020-04-26 23:26:29,893 INFO Head: mr:7680.4 mrr:39.43 hits:43.54
2020-04-26 23:26:29,895 INFO Tail: mr:4879.0 mrr:43.35 hits:47.03
2020-04-26 23:26:29,897 INFO All: mr:6279.7 mrr:41.39 hits:45.29
2020-04-26 23:26:29,902 INFO Start Evaling...
2020-04-26 23:26:38,918 INFO Head: mr:7870.2 mrr:38.76 hits:43.65
2020-04-26 23:26:38,918 INFO Tail: mr:4606.0 mrr:43.92 hits:48.53
2020-04-26 23:26:38,918 INFO All: mr:6238.1 mrr:41.34 hits:46.09
2020-04-26 23:26:38,920 INFO Declined in recent 1 epochs
2020-04-26 23:26:58,967 INFO [20.0] Epoch 230: loss = 10.1852
2020-04-26 23:27:21,053 INFO [22.1] Epoch 231: loss = 10.1712
2020-04-26 23:27:44,001 INFO [22.9] Epoch 232: loss = 10.0821
2020-04-26 23:28:06,091 INFO [22.1] Epoch 233: loss = 10.1256
2020-04-26 23:28:26,448 INFO [20.4] Epoch 234: loss = 10.2750
2020-04-26 23:28:46,778 INFO [20.3] Epoch 235: loss = 10.1702
2020-04-26 23:29:08,178 INFO [21.4] Epoch 236: loss = 10.2513
2020-04-26 23:29:29,519 INFO [21.3] Epoch 237: loss = 10.1687
2020-04-26 23:29:50,600 INFO [21.1] Epoch 238: loss = 10.1361
2020-04-26 23:30:10,679 INFO [20.1] Epoch 239: loss = 10.1074
2020-04-26 23:30:10,680 INFO Start Evaling...
2020-04-26 23:30:20,064 INFO Head: mr:7636.8 mrr:39.34 hits:43.70
2020-04-26 23:30:20,066 INFO Tail: mr:4810.5 mrr:43.44 hits:47.07
2020-04-26 23:30:20,068 INFO All: mr:6223.6 mrr:41.39 hits:45.39
2020-04-26 23:30:20,073 INFO Start Evaling...
2020-04-26 23:30:29,142 INFO Head: mr:7836.3 mrr:38.92 hits:43.65
2020-04-26 23:30:29,143 INFO Tail: mr:4567.9 mrr:44.07 hits:48.44
2020-04-26 23:30:29,143 INFO All: mr:6202.1 mrr:41.50 hits:46.04
2020-04-26 23:30:29,148 INFO Declined in recent 2 epochs
2020-04-26 23:30:49,471 INFO [20.3] Epoch 240: loss = 10.3054
2020-04-26 23:31:10,096 INFO [20.6] Epoch 241: loss = 10.1550
2020-04-26 23:31:31,680 INFO [21.6] Epoch 242: loss = 10.0787
2020-04-26 23:31:51,616 INFO [19.9] Epoch 243: loss = 10.2532
2020-04-26 23:32:12,118 INFO [20.5] Epoch 244: loss = 10.0715
2020-04-26 23:32:31,944 INFO [19.8] Epoch 245: loss = 10.2023
2020-04-26 23:32:52,584 INFO [20.6] Epoch 246: loss = 10.2059
2020-04-26 23:33:13,399 INFO [20.8] Epoch 247: loss = 10.0238
2020-04-26 23:33:33,463 INFO [20.1] Epoch 248: loss = 10.2313
2020-04-26 23:33:56,031 INFO [22.6] Epoch 249: loss = 10.1072
2020-04-26 23:33:56,031 INFO Start Evaling...
2020-04-26 23:34:04,098 INFO Head: mr:7654.0 mrr:39.37 hits:43.64
2020-04-26 23:34:04,100 INFO Tail: mr:4800.0 mrr:43.36 hits:47.23
2020-04-26 23:34:04,102 INFO All: mr:6227.0 mrr:41.36 hits:45.44
2020-04-26 23:34:04,107 INFO Start Evaling...
2020-04-26 23:34:13,769 INFO Head: mr:7817.2 mrr:38.73 hits:43.46
2020-04-26 23:34:13,771 INFO Tail: mr:4586.4 mrr:43.73 hits:48.18
2020-04-26 23:34:13,773 INFO All: mr:6201.8 mrr:41.23 hits:45.82
2020-04-26 23:34:13,778 INFO Declined in recent 3 epochs
2020-04-26 23:34:35,222 INFO [21.4] Epoch 250: loss = 10.0664
2020-04-26 23:34:55,916 INFO [20.7] Epoch 251: loss = 10.2044
2020-04-26 23:35:18,514 INFO [22.6] Epoch 252: loss = 10.0947
2020-04-26 23:35:40,266 INFO [21.8] Epoch 253: loss = 10.0383
2020-04-26 23:36:01,029 INFO [20.8] Epoch 254: loss = 10.1277
2020-04-26 23:36:23,367 INFO [22.3] Epoch 255: loss = 10.0184
2020-04-26 23:36:43,997 INFO [20.6] Epoch 256: loss = 10.1682
2020-04-26 23:37:05,888 INFO [21.9] Epoch 257: loss = 10.0347
2020-04-26 23:37:28,443 INFO [22.6] Epoch 258: loss = 10.0643
2020-04-26 23:37:50,620 INFO [22.2] Epoch 259: loss = 10.1606
2020-04-26 23:37:50,621 INFO Start Evaling...
2020-04-26 23:37:59,653 INFO Head: mr:7658.8 mrr:39.45 hits:43.70
2020-04-26 23:37:59,655 INFO Tail: mr:4833.0 mrr:43.42 hits:47.50
2020-04-26 23:37:59,656 INFO All: mr:6245.9 mrr:41.44 hits:45.60
2020-04-26 23:37:59,662 INFO Start Evaling...
2020-04-26 23:38:09,322 INFO Head: mr:7830.1 mrr:38.75 hits:43.33
2020-04-26 23:38:09,324 INFO Tail: mr:4617.0 mrr:43.81 hits:48.60
2020-04-26 23:38:09,326 INFO All: mr:6223.6 mrr:41.28 hits:45.96
2020-04-26 23:38:09,330 INFO Improved and model saved
2020-04-26 23:38:30,211 INFO [20.8] Epoch 260: loss = 9.9932
2020-04-26 23:38:50,571 INFO [20.4] Epoch 261: loss = 10.0018
2020-04-26 23:39:10,185 INFO [19.6] Epoch 262: loss = 10.1169
2020-04-26 23:39:31,083 INFO [20.9] Epoch 263: loss = 10.0371
2020-04-26 23:39:54,578 INFO [23.5] Epoch 264: loss = 10.0479
2020-04-26 23:40:16,346 INFO [21.8] Epoch 265: loss = 10.0609
2020-04-26 23:40:37,818 INFO [21.5] Epoch 266: loss = 10.1663
2020-04-26 23:40:58,187 INFO [20.4] Epoch 267: loss = 10.1439
2020-04-26 23:41:20,402 INFO [22.2] Epoch 268: loss = 10.1423
2020-04-26 23:41:39,369 INFO [19.0] Epoch 269: loss = 10.1059
2020-04-26 23:41:39,370 INFO Start Evaling...
2020-04-26 23:41:48,270 INFO Head: mr:7708.8 mrr:39.32 hits:43.41
2020-04-26 23:41:48,270 INFO Tail: mr:4826.7 mrr:43.28 hits:47.36
2020-04-26 23:41:48,270 INFO All: mr:6267.8 mrr:41.30 hits:45.39
2020-04-26 23:41:48,273 INFO Start Evaling...
2020-04-26 23:41:58,002 INFO Head: mr:7840.5 mrr:38.73 hits:43.20
2020-04-26 23:41:58,004 INFO Tail: mr:4597.2 mrr:43.84 hits:48.40
2020-04-26 23:41:58,006 INFO All: mr:6218.9 mrr:41.29 hits:45.80
2020-04-26 23:41:58,011 INFO Declined in recent 1 epochs
2020-04-26 23:42:20,587 INFO [22.6] Epoch 270: loss = 10.1285
2020-04-26 23:42:42,770 INFO [22.2] Epoch 271: loss = 10.2601
2020-04-26 23:43:04,577 INFO [21.8] Epoch 272: loss = 10.1342
2020-04-26 23:43:26,742 INFO [22.2] Epoch 273: loss = 10.1358
2020-04-26 23:43:50,394 INFO [23.7] Epoch 274: loss = 10.0964
2020-04-26 23:44:11,071 INFO [20.7] Epoch 275: loss = 10.1357
2020-04-26 23:44:31,799 INFO [20.7] Epoch 276: loss = 10.2724
2020-04-26 23:44:53,944 INFO [22.1] Epoch 277: loss = 10.2551
2020-04-26 23:45:14,155 INFO [20.2] Epoch 278: loss = 10.0509
2020-04-26 23:45:36,320 INFO [22.2] Epoch 279: loss = 10.2111
2020-04-26 23:45:36,321 INFO Start Evaling...
2020-04-26 23:45:44,714 INFO Head: mr:7625.7 mrr:39.45 hits:43.64
2020-04-26 23:45:44,715 INFO Tail: mr:4781.3 mrr:43.36 hits:47.50
2020-04-26 23:45:44,715 INFO All: mr:6203.5 mrr:41.41 hits:45.57
2020-04-26 23:45:44,717 INFO Start Evaling...
2020-04-26 23:45:53,112 INFO Head: mr:7789.7 mrr:38.70 hits:43.20
2020-04-26 23:45:53,115 INFO Tail: mr:4538.5 mrr:43.91 hits:48.76
2020-04-26 23:45:53,115 INFO All: mr:6164.1 mrr:41.31 hits:45.98
2020-04-26 23:45:53,118 INFO Declined in recent 2 epochs
2020-04-26 23:46:16,277 INFO [23.2] Epoch 280: loss = 10.1642
2020-04-26 23:46:36,406 INFO [20.1] Epoch 281: loss = 10.1453
2020-04-26 23:46:58,775 INFO [22.4] Epoch 282: loss = 10.1700
2020-04-26 23:47:20,864 INFO [22.1] Epoch 283: loss = 10.0877
2020-04-26 23:47:42,355 INFO [21.5] Epoch 284: loss = 10.2987
2020-04-26 23:48:06,777 INFO [24.4] Epoch 285: loss = 10.2029
2020-04-26 23:48:29,325 INFO [22.5] Epoch 286: loss = 10.2130
2020-04-26 23:48:51,073 INFO [21.7] Epoch 287: loss = 9.9379
2020-04-26 23:49:11,831 INFO [20.8] Epoch 288: loss = 10.3514
2020-04-26 23:49:32,421 INFO [20.6] Epoch 289: loss = 10.3484
2020-04-26 23:49:32,422 INFO Start Evaling...
2020-04-26 23:49:40,787 INFO Head: mr:7610.6 mrr:39.39 hits:43.84
2020-04-26 23:49:40,787 INFO Tail: mr:4809.6 mrr:43.54 hits:47.30
2020-04-26 23:49:40,787 INFO All: mr:6210.1 mrr:41.46 hits:45.57
2020-04-26 23:49:40,791 INFO Start Evaling...
2020-04-26 23:49:49,352 INFO Head: mr:7724.6 mrr:38.77 hits:43.30
2020-04-26 23:49:49,352 INFO Tail: mr:4467.1 mrr:44.09 hits:48.88
2020-04-26 23:49:49,352 INFO All: mr:6095.9 mrr:41.43 hits:46.09
2020-04-26 23:49:49,355 INFO Improved and model saved
2020-04-26 23:50:12,246 INFO [22.9] Epoch 290: loss = 10.3128
2020-04-26 23:50:32,887 INFO [20.6] Epoch 291: loss = 10.1664
2020-04-26 23:50:53,515 INFO [20.6] Epoch 292: loss = 10.0426
2020-04-26 23:51:13,904 INFO [20.4] Epoch 293: loss = 10.2228
2020-04-26 23:51:36,577 INFO [22.7] Epoch 294: loss = 10.1858
2020-04-26 23:51:59,598 INFO [23.0] Epoch 295: loss = 10.1831
2020-04-26 23:52:20,379 INFO [20.8] Epoch 296: loss = 10.2337
2020-04-26 23:52:40,874 INFO [20.5] Epoch 297: loss = 10.2817
2020-04-26 23:53:01,330 INFO [20.5] Epoch 298: loss = 10.1274
2020-04-26 23:53:21,554 INFO [20.2] Epoch 299: loss = 10.1747
2020-04-26 23:53:21,555 INFO Start Evaling...
2020-04-26 23:53:30,213 INFO Head: mr:7581.7 mrr:39.51 hits:44.23
2020-04-26 23:53:30,213 INFO Tail: mr:4761.0 mrr:43.40 hits:47.50
2020-04-26 23:53:30,214 INFO All: mr:6171.4 mrr:41.45 hits:45.86
2020-04-26 23:53:30,216 INFO Start Evaling...
2020-04-26 23:53:38,798 INFO Head: mr:7694.5 mrr:38.98 hits:43.75
2020-04-26 23:53:38,798 INFO Tail: mr:4483.1 mrr:44.12 hits:48.82
2020-04-26 23:53:38,798 INFO All: mr:6088.8 mrr:41.55 hits:46.28
2020-04-26 23:53:38,800 INFO Declined in recent 1 epochs
2020-04-26 23:54:02,368 INFO [23.6] Epoch 300: loss = 10.1821
2020-04-26 23:54:24,397 INFO [22.0] Epoch 301: loss = 10.2641
2020-04-26 23:54:44,506 INFO [20.1] Epoch 302: loss = 10.1480
2020-04-26 23:55:06,763 INFO [22.3] Epoch 303: loss = 10.1424
2020-04-26 23:55:28,813 INFO [22.0] Epoch 304: loss = 10.2094
2020-04-26 23:55:49,972 INFO [21.2] Epoch 305: loss = 10.3020
2020-04-26 23:56:15,873 INFO [25.9] Epoch 306: loss = 10.0675
2020-04-26 23:56:38,451 INFO [22.6] Epoch 307: loss = 10.2162
2020-04-26 23:57:00,895 INFO [22.4] Epoch 308: loss = 10.2574
2020-04-26 23:57:21,396 INFO [20.5] Epoch 309: loss = 10.2983
2020-04-26 23:57:21,397 INFO Start Evaling...
2020-04-26 23:57:29,757 INFO Head: mr:7589.7 mrr:39.52 hits:44.00
2020-04-26 23:57:29,758 INFO Tail: mr:4761.4 mrr:43.53 hits:47.20
2020-04-26 23:57:29,758 INFO All: mr:6175.5 mrr:41.53 hits:45.60
2020-04-26 23:57:29,761 INFO Start Evaling...
2020-04-26 23:57:38,960 INFO Head: mr:7653.5 mrr:38.90 hits:43.87
2020-04-26 23:57:38,964 INFO Tail: mr:4521.3 mrr:44.00 hits:48.72
2020-04-26 23:57:38,966 INFO All: mr:6087.4 mrr:41.45 hits:46.30
2020-04-26 23:57:38,970 INFO Improved and model saved
2020-04-26 23:58:04,736 INFO [25.7] Epoch 310: loss = 10.3295
2020-04-26 23:58:25,796 INFO [21.1] Epoch 311: loss = 10.1641
2020-04-26 23:58:48,933 INFO [23.1] Epoch 312: loss = 10.0689
2020-04-26 23:59:11,457 INFO [22.5] Epoch 313: loss = 10.1477
2020-04-26 23:59:32,245 INFO [20.8] Epoch 314: loss = 10.0366
2020-04-26 23:59:52,729 INFO [20.5] Epoch 315: loss = 10.1595
2020-04-27 00:00:15,657 INFO [22.9] Epoch 316: loss = 10.2780
2020-04-27 00:00:37,977 INFO [22.3] Epoch 317: loss = 10.0746
2020-04-27 00:01:00,287 INFO [22.3] Epoch 318: loss = 10.1906
2020-04-27 00:01:21,278 INFO [21.0] Epoch 319: loss = 10.2829
2020-04-27 00:01:21,279 INFO Start Evaling...
2020-04-27 00:01:30,872 INFO Head: mr:7556.9 mrr:39.39 hits:43.61
2020-04-27 00:01:30,872 INFO Tail: mr:4719.3 mrr:43.24 hits:47.30
2020-04-27 00:01:30,872 INFO All: mr:6138.1 mrr:41.31 hits:45.45
2020-04-27 00:01:30,876 INFO Start Evaling...
2020-04-27 00:01:39,627 INFO Head: mr:7669.0 mrr:38.83 hits:43.36
2020-04-27 00:01:39,630 INFO Tail: mr:4511.1 mrr:43.91 hits:48.69
2020-04-27 00:01:39,631 INFO All: mr:6090.0 mrr:41.37 hits:46.03
2020-04-27 00:01:39,637 INFO Declined in recent 1 epochs
2020-04-27 00:02:02,062 INFO [22.4] Epoch 320: loss = 10.0481
2020-04-27 00:02:22,099 INFO [20.0] Epoch 321: loss = 10.1239
2020-04-27 00:02:44,503 INFO [22.4] Epoch 322: loss = 10.1438
2020-04-27 00:03:04,629 INFO [20.1] Epoch 323: loss = 10.1708
2020-04-27 00:03:25,222 INFO [20.6] Epoch 324: loss = 10.1170
2020-04-27 00:03:46,377 INFO [21.2] Epoch 325: loss = 10.3206
2020-04-27 00:04:08,877 INFO [22.5] Epoch 326: loss = 10.1555
2020-04-27 00:04:28,613 INFO [19.7] Epoch 327: loss = 10.1487
2020-04-27 00:04:48,404 INFO [19.8] Epoch 328: loss = 10.1539
2020-04-27 00:05:08,445 INFO [20.0] Epoch 329: loss = 10.1229
2020-04-27 00:05:08,446 INFO Start Evaling...
2020-04-27 00:05:17,254 INFO Head: mr:7396.3 mrr:39.30 hits:43.87
2020-04-27 00:05:17,254 INFO Tail: mr:4629.6 mrr:43.50 hits:47.50
2020-04-27 00:05:17,255 INFO All: mr:6013.0 mrr:41.40 hits:45.68
2020-04-27 00:05:17,258 INFO Start Evaling...
2020-04-27 00:05:25,508 INFO Head: mr:7642.5 mrr:38.96 hits:43.87
2020-04-27 00:05:25,508 INFO Tail: mr:4486.1 mrr:44.07 hits:48.53
2020-04-27 00:05:25,508 INFO All: mr:6064.3 mrr:41.51 hits:46.20
2020-04-27 00:05:25,510 INFO Declined in recent 2 epochs
2020-04-27 00:05:46,862 INFO [21.4] Epoch 330: loss = 10.2487
2020-04-27 00:06:08,387 INFO [21.5] Epoch 331: loss = 10.1865
2020-04-27 00:06:28,636 INFO [20.2] Epoch 332: loss = 10.2314
2020-04-27 00:06:47,750 INFO [19.1] Epoch 333: loss = 10.1812
2020-04-27 00:07:08,941 INFO [21.2] Epoch 334: loss = 10.2222
2020-04-27 00:07:29,242 INFO [20.3] Epoch 335: loss = 10.2461
2020-04-27 00:07:49,887 INFO [20.6] Epoch 336: loss = 10.2265
2020-04-27 00:08:12,217 INFO [22.3] Epoch 337: loss = 10.3110
2020-04-27 00:08:34,379 INFO [22.2] Epoch 338: loss = 10.1881
2020-04-27 00:08:56,784 INFO [22.4] Epoch 339: loss = 10.2581
2020-04-27 00:08:56,785 INFO Start Evaling...
2020-04-27 00:09:04,909 INFO Head: mr:7380.9 mrr:39.54 hits:43.90
2020-04-27 00:09:04,911 INFO Tail: mr:4675.1 mrr:43.39 hits:47.43
2020-04-27 00:09:04,911 INFO All: mr:6028.0 mrr:41.47 hits:45.67
2020-04-27 00:09:04,915 INFO Start Evaling...
2020-04-27 00:09:13,277 INFO Head: mr:7603.0 mrr:38.94 hits:43.94
2020-04-27 00:09:13,277 INFO Tail: mr:4461.1 mrr:44.17 hits:49.01
2020-04-27 00:09:13,277 INFO All: mr:6032.1 mrr:41.56 hits:46.47
2020-04-27 00:09:13,280 INFO Declined in recent 3 epochs
2020-04-27 00:09:32,463 INFO [19.2] Epoch 340: loss = 10.2651
2020-04-27 00:09:55,498 INFO [23.0] Epoch 341: loss = 10.3135
2020-04-27 00:10:17,597 INFO [22.1] Epoch 342: loss = 10.3907
2020-04-27 00:10:39,858 INFO [22.3] Epoch 343: loss = 10.3385
2020-04-27 00:11:01,849 INFO [22.0] Epoch 344: loss = 10.4219
2020-04-27 00:11:22,270 INFO [20.4] Epoch 345: loss = 10.2394
2020-04-27 00:11:42,915 INFO [20.6] Epoch 346: loss = 10.3864
2020-04-27 00:12:04,155 INFO [21.2] Epoch 347: loss = 10.1907
2020-04-27 00:12:25,913 INFO [21.8] Epoch 348: loss = 10.2195
2020-04-27 00:12:46,104 INFO [20.2] Epoch 349: loss = 10.3559
2020-04-27 00:12:46,105 INFO Start Evaling...
2020-04-27 00:12:54,167 INFO Head: mr:7309.6 mrr:39.55 hits:44.20
2020-04-27 00:12:54,167 INFO Tail: mr:4665.2 mrr:43.34 hits:47.66
2020-04-27 00:12:54,167 INFO All: mr:5987.4 mrr:41.44 hits:45.93
2020-04-27 00:12:54,170 INFO Start Evaling...
2020-04-27 00:13:02,104 INFO Head: mr:7624.8 mrr:38.77 hits:44.16
2020-04-27 00:13:02,104 INFO Tail: mr:4516.5 mrr:44.39 hits:48.95
2020-04-27 00:13:02,105 INFO All: mr:6070.7 mrr:41.58 hits:46.55
2020-04-27 00:13:02,106 INFO Declined in recent 4 epochs
2020-04-27 00:13:22,616 INFO [20.5] Epoch 350: loss = 10.2560
2020-04-27 00:13:44,820 INFO [22.2] Epoch 351: loss = 10.2296
2020-04-27 00:14:05,302 INFO [20.5] Epoch 352: loss = 10.3134
2020-04-27 00:14:25,619 INFO [20.3] Epoch 353: loss = 10.3413
2020-04-27 00:14:46,376 INFO [20.8] Epoch 354: loss = 10.2960
2020-04-27 00:15:07,744 INFO [21.4] Epoch 355: loss = 10.3204
2020-04-27 00:15:29,675 INFO [21.9] Epoch 356: loss = 10.2980
2020-04-27 00:15:51,565 INFO [21.9] Epoch 357: loss = 10.3020
2020-04-27 00:16:12,167 INFO [20.6] Epoch 358: loss = 10.4635
2020-04-27 00:16:31,683 INFO [19.5] Epoch 359: loss = 10.1761
2020-04-27 00:16:31,684 INFO Start Evaling...
2020-04-27 00:16:39,620 INFO Head: mr:7446.0 mrr:39.49 hits:43.80
2020-04-27 00:16:39,621 INFO Tail: mr:4736.2 mrr:43.38 hits:47.20
2020-04-27 00:16:39,621 INFO All: mr:6091.1 mrr:41.43 hits:45.50
2020-04-27 00:16:39,623 INFO Start Evaling...
2020-04-27 00:16:47,530 INFO Head: mr:7588.6 mrr:38.89 hits:43.75
2020-04-27 00:16:47,530 INFO Tail: mr:4419.2 mrr:44.22 hits:48.69
2020-04-27 00:16:47,530 INFO All: mr:6003.9 mrr:41.55 hits:46.22
2020-04-27 00:16:47,532 INFO Declined in recent 5 epochs
2020-04-27 00:16:47,532 INFO Early stopping
2020-04-27 00:16:47,532 INFO Train done
2020-04-27 00:16:47,541 INFO Start Evaling...
2020-04-27 00:16:55,585 INFO Head: mr:7653.5 mrr:38.90 hits:43.87
2020-04-27 00:16:55,586 INFO Tail: mr:4521.3 mrr:44.00 hits:48.72
2020-04-27 00:16:55,586 INFO All: mr:6087.4 mrr:41.45 hits:46.30
