2020-05-23 18:49:35,370 INFO EPOCH: 1000
2020-05-23 18:49:35,371 INFO EVERY: 10
2020-05-23 18:49:35,371 INFO LR: 0.001
2020-05-23 18:49:35,371 INFO DIM: 100
2020-05-23 18:49:35,371 INFO BATCH_SIZE: 256
2020-05-23 18:49:35,371 INFO BATCH_SIZE2: 100
2020-05-23 18:49:35,371 INFO P: 1
2020-05-23 18:49:35,371 INFO CLIPPING_MAX_VALUE: 4.0
2020-05-23 18:49:35,371 INFO OPTIM: Adam
2020-05-23 18:49:35,371 INFO N_SAMPLE: 50
2020-05-23 18:49:35,371 INFO MODE: rand
2020-05-23 18:49:35,371 INFO RATE: 0.1
2020-05-23 18:49:35,372 INFO GAMMA: 12.0
2020-05-23 18:49:35,372 INFO BERN: True
2020-05-23 18:49:35,372 INFO MARGIN: 4.0
2020-05-23 18:49:35,372 INFO REG: 1.0
2020-05-23 18:49:35,372 INFO LABEL_SMOOTH_EPS: 0.1
2020-05-23 18:49:35,372 INFO INPUT_DROP: 0.2
2020-05-23 18:49:35,372 INFO FEAT_DROP: 0.2
2020-05-23 18:49:35,372 INFO HIDD_DROP: 0.3
2020-05-23 18:49:35,372 INFO CHANNELS: 50
2020-05-23 18:49:35,372 INFO KERNEL_SIZE: 3
2020-05-23 18:49:35,372 INFO N_POOL: 100
2020-05-23 18:49:35,372 INFO MODEL_D: TransH
2020-05-23 18:49:35,373 INFO MODEL_G: DistMult
2020-05-23 18:49:35,373 INFO SCRATCH: False
2020-05-23 18:49:35,373 INFO D_FILE: None
2020-05-23 18:49:35,373 INFO G_FILE: None
2020-05-23 18:49:35,373 INFO PATH: data
2020-05-23 18:49:35,373 INFO DATA: WN18RR
2020-05-23 18:49:35,373 INFO EXP_PATH: experiment/WN18RR
2020-05-23 18:49:35,373 INFO MODEL: DistMult
2020-05-23 18:49:35,373 INFO V: 50.0
2020-05-23 18:49:35,373 INFO F: True
2020-05-23 18:49:35,373 INFO ADV: False
2020-05-23 18:49:35,373 INFO EVAL: False
2020-05-23 18:49:35,374 INFO TRAINED: False
2020-05-23 18:49:35,374 INFO PRETRAINED_NAME: None
2020-05-23 18:49:35,374 INFO EXP_NAME: DistMult-WN18RR-rand-50.0
2020-05-23 18:49:35,374 INFO --------------------------------------
2020-05-23 18:49:37,908 INFO Dataload done
2020-05-23 18:49:37,908 INFO --------------------------------------
2020-05-23 18:49:37,908 INFO N_ENTITY: 40943
2020-05-23 18:49:37,908 INFO N_RELATION: 11
2020-05-23 18:49:37,909 INFO --------------------------------------
2020-05-23 18:49:41,338 INFO Start Training...
2020-05-23 18:50:00,773 INFO [19.4] Epoch 0: loss = 353.9782
2020-05-23 18:50:20,381 INFO [19.6] Epoch 1: loss = 349.3076
2020-05-23 18:50:39,885 INFO [19.5] Epoch 2: loss = 325.5586
2020-05-23 18:50:58,943 INFO [19.1] Epoch 3: loss = 285.4251
2020-05-23 18:51:18,392 INFO [19.4] Epoch 4: loss = 240.7855
2020-05-23 18:51:38,033 INFO [19.6] Epoch 5: loss = 197.9954
2020-05-23 18:51:57,529 INFO [19.5] Epoch 6: loss = 156.7598
2020-05-23 18:52:16,622 INFO [19.1] Epoch 7: loss = 119.6022
2020-05-23 18:52:36,167 INFO [19.5] Epoch 8: loss = 91.7009
2020-05-23 18:52:55,769 INFO [19.6] Epoch 9: loss = 72.1082
2020-05-23 18:52:55,769 INFO Start Evaling...
2020-05-23 18:53:54,250 INFO Head: mr:8806.8 mrr:32.41 hits10:39.95 hits3:35.53 hits1:28.02
2020-05-23 18:53:54,250 INFO Tail: mr:5385.2 mrr:33.71 hits10:41.89 hits3:37.31 hits1:28.61
2020-05-23 18:53:54,251 INFO All: mr:7096.0 mrr:33.06 hits10:40.92 hits3:36.42 hits1:28.31
2020-05-23 18:53:54,253 INFO Start Evaling...
2020-05-23 18:54:54,358 INFO Head: mr:8756.8 mrr:31.01 hits10:39.28 hits3:34.56 hits1:26.10
2020-05-23 18:54:54,358 INFO Tail: mr:5173.7 mrr:34.17 hits10:42.60 hits3:37.72 hits1:29.00
2020-05-23 18:54:54,358 INFO All: mr:6965.2 mrr:32.59 hits10:40.94 hits3:36.14 hits1:27.55
2020-05-23 18:54:54,360 INFO Improved and model saved
2020-05-23 18:55:14,144 INFO [19.8] Epoch 10: loss = 58.5093
2020-05-23 18:55:33,434 INFO [19.3] Epoch 11: loss = 48.6290
2020-05-23 18:55:52,891 INFO [19.5] Epoch 12: loss = 41.8001
2020-05-23 18:56:12,434 INFO [19.5] Epoch 13: loss = 36.7026
2020-05-23 18:56:31,978 INFO [19.5] Epoch 14: loss = 32.7452
2020-05-23 18:56:51,491 INFO [19.5] Epoch 15: loss = 29.9575
2020-05-23 18:57:10,617 INFO [19.1] Epoch 16: loss = 27.5347
2020-05-23 18:57:30,155 INFO [19.5] Epoch 17: loss = 25.8399
2020-05-23 18:57:49,674 INFO [19.5] Epoch 18: loss = 24.1237
2020-05-23 18:58:09,306 INFO [19.6] Epoch 19: loss = 22.9028
2020-05-23 18:58:09,307 INFO Start Evaling...
2020-05-23 18:59:07,609 INFO Head: mr:8486.9 mrr:37.49 hits10:41.27 hits3:38.73 hits1:35.23
2020-05-23 18:59:07,609 INFO Tail: mr:5220.8 mrr:40.49 hits10:44.66 hits3:41.92 hits1:37.87
2020-05-23 18:59:07,609 INFO All: mr:6853.8 mrr:38.99 hits10:42.96 hits3:40.33 hits1:36.55
2020-05-23 18:59:07,611 INFO Start Evaling...
2020-05-23 19:00:07,559 INFO Head: mr:8459.3 mrr:36.77 hits10:41.38 hits3:38.32 hits1:34.14
2020-05-23 19:00:07,559 INFO Tail: mr:5020.5 mrr:40.97 hits10:44.99 hits3:42.76 hits1:38.00
2020-05-23 19:00:07,559 INFO All: mr:6739.9 mrr:38.87 hits10:43.19 hits3:40.54 hits1:36.07
2020-05-23 19:00:07,561 INFO Improved and model saved
2020-05-23 19:00:26,914 INFO [19.3] Epoch 20: loss = 22.1111
2020-05-23 19:00:46,618 INFO [19.7] Epoch 21: loss = 21.2038
2020-05-23 19:01:06,310 INFO [19.7] Epoch 22: loss = 20.5312
2020-05-23 19:01:25,940 INFO [19.6] Epoch 23: loss = 19.7024
2020-05-23 19:01:45,349 INFO [19.4] Epoch 24: loss = 19.3576
2020-05-23 19:02:05,041 INFO [19.7] Epoch 25: loss = 18.9040
2020-05-23 19:02:24,680 INFO [19.6] Epoch 26: loss = 18.5148
2020-05-23 19:02:44,458 INFO [19.8] Epoch 27: loss = 18.2101
2020-05-23 19:03:03,822 INFO [19.4] Epoch 28: loss = 17.7389
2020-05-23 19:03:23,545 INFO [19.7] Epoch 29: loss = 17.4539
2020-05-23 19:03:23,545 INFO Start Evaling...
2020-05-23 19:04:22,016 INFO Head: mr:8165.5 mrr:38.19 hits10:42.39 hits3:39.35 hits1:35.79
2020-05-23 19:04:22,016 INFO Tail: mr:5020.2 mrr:41.49 hits10:45.32 hits3:42.49 hits1:39.02
2020-05-23 19:04:22,017 INFO All: mr:6592.8 mrr:39.84 hits10:43.85 hits3:40.92 hits1:37.41
2020-05-23 19:04:22,019 INFO Start Evaling...
2020-05-23 19:05:22,133 INFO Head: mr:8248.0 mrr:37.64 hits10:41.74 hits3:38.83 hits1:35.26
2020-05-23 19:05:22,133 INFO Tail: mr:4868.1 mrr:41.83 hits10:46.36 hits3:43.49 hits1:38.86
2020-05-23 19:05:22,133 INFO All: mr:6558.0 mrr:39.73 hits10:44.05 hits3:41.16 hits1:37.06
2020-05-23 19:05:22,135 INFO Improved and model saved
2020-05-23 19:05:42,022 INFO [19.9] Epoch 30: loss = 17.3902
2020-05-23 19:06:01,796 INFO [19.8] Epoch 31: loss = 17.2720
2020-05-23 19:06:21,634 INFO [19.8] Epoch 32: loss = 16.8823
2020-05-23 19:06:41,455 INFO [19.8] Epoch 33: loss = 16.8231
2020-05-23 19:07:01,325 INFO [19.9] Epoch 34: loss = 16.5656
2020-05-23 19:07:21,255 INFO [19.9] Epoch 35: loss = 16.7791
2020-05-23 19:07:40,979 INFO [19.7] Epoch 36: loss = 16.1931
2020-05-23 19:08:00,924 INFO [19.9] Epoch 37: loss = 16.0251
2020-05-23 19:08:20,362 INFO [19.4] Epoch 38: loss = 16.1922
2020-05-23 19:08:40,210 INFO [19.8] Epoch 39: loss = 15.9894
2020-05-23 19:08:40,211 INFO Start Evaling...
2020-05-23 19:09:38,711 INFO Head: mr:8118.9 mrr:38.70 hits10:42.91 hits3:39.42 hits1:36.52
2020-05-23 19:09:38,711 INFO Tail: mr:4967.6 mrr:41.75 hits10:45.81 hits3:43.11 hits1:39.09
2020-05-23 19:09:38,711 INFO All: mr:6543.2 mrr:40.23 hits10:44.36 hits3:41.27 hits1:37.80
2020-05-23 19:09:38,713 INFO Start Evaling...
2020-05-23 19:10:38,853 INFO Head: mr:8176.2 mrr:37.85 hits10:42.34 hits3:38.96 hits1:35.35
2020-05-23 19:10:38,854 INFO Tail: mr:4873.8 mrr:42.64 hits10:46.87 hits3:44.16 hits1:39.98
2020-05-23 19:10:38,854 INFO All: mr:6525.0 mrr:40.24 hits10:44.61 hits3:41.56 hits1:37.67
2020-05-23 19:10:38,856 INFO Improved and model saved
2020-05-23 19:10:58,494 INFO [19.6] Epoch 40: loss = 16.2433
2020-05-23 19:11:18,011 INFO [19.5] Epoch 41: loss = 15.6978
2020-05-23 19:11:37,247 INFO [19.2] Epoch 42: loss = 16.0872
2020-05-23 19:11:56,712 INFO [19.5] Epoch 43: loss = 15.9007
2020-05-23 19:12:16,347 INFO [19.6] Epoch 44: loss = 15.7195
2020-05-23 19:12:35,922 INFO [19.6] Epoch 45: loss = 15.7588
2020-05-23 19:12:55,067 INFO [19.1] Epoch 46: loss = 15.5816
2020-05-23 19:13:14,622 INFO [19.6] Epoch 47: loss = 15.3808
2020-05-23 19:13:34,113 INFO [19.5] Epoch 48: loss = 15.6046
2020-05-23 19:13:53,760 INFO [19.6] Epoch 49: loss = 15.5390
2020-05-23 19:13:53,760 INFO Start Evaling...
2020-05-23 19:14:52,090 INFO Head: mr:8041.4 mrr:38.80 hits10:43.05 hits3:39.91 hits1:36.42
2020-05-23 19:14:52,090 INFO Tail: mr:4831.3 mrr:42.18 hits10:46.28 hits3:43.47 hits1:39.62
2020-05-23 19:14:52,090 INFO All: mr:6436.3 mrr:40.49 hits10:44.66 hits3:41.69 hits1:38.02
2020-05-23 19:14:52,092 INFO Start Evaling...
2020-05-23 19:15:52,058 INFO Head: mr:8089.0 mrr:38.40 hits10:42.66 hits3:39.22 hits1:36.12
2020-05-23 19:15:52,058 INFO Tail: mr:4830.8 mrr:43.09 hits10:47.45 hits3:44.45 hits1:40.56
2020-05-23 19:15:52,058 INFO All: mr:6459.9 mrr:40.75 hits10:45.05 hits3:41.83 hits1:38.34
2020-05-23 19:15:52,060 INFO Improved and model saved
2020-05-23 19:16:11,177 INFO [19.1] Epoch 50: loss = 15.4211
2020-05-23 19:16:30,761 INFO [19.6] Epoch 51: loss = 15.4836
2020-05-23 19:16:50,286 INFO [19.5] Epoch 52: loss = 15.4469
2020-05-23 19:17:09,841 INFO [19.6] Epoch 53: loss = 15.3168
2020-05-23 19:17:29,458 INFO [19.6] Epoch 54: loss = 15.5111
2020-05-23 19:17:48,966 INFO [19.5] Epoch 55: loss = 15.4153
2020-05-23 19:18:08,511 INFO [19.5] Epoch 56: loss = 15.2721
2020-05-23 19:18:28,108 INFO [19.6] Epoch 57: loss = 15.4722
2020-05-23 19:18:47,700 INFO [19.6] Epoch 58: loss = 15.4112
2020-05-23 19:19:07,380 INFO [19.7] Epoch 59: loss = 15.6950
2020-05-23 19:19:07,381 INFO Start Evaling...
2020-05-23 19:20:06,219 INFO Head: mr:7944.7 mrr:39.01 hits10:43.54 hits3:39.91 hits1:36.65
2020-05-23 19:20:06,219 INFO Tail: mr:4773.8 mrr:42.54 hits10:46.93 hits3:43.80 hits1:39.88
2020-05-23 19:20:06,220 INFO All: mr:6359.2 mrr:40.77 hits10:45.24 hits3:41.86 hits1:38.27
2020-05-23 19:20:06,222 INFO Start Evaling...
2020-05-23 19:21:06,336 INFO Head: mr:8019.0 mrr:38.65 hits10:42.98 hits3:39.31 hits1:36.38
2020-05-23 19:21:06,336 INFO Tail: mr:4753.1 mrr:43.41 hits10:47.89 hits3:44.51 hits1:40.91
2020-05-23 19:21:06,336 INFO All: mr:6386.0 mrr:41.03 hits10:45.44 hits3:41.91 hits1:38.64
2020-05-23 19:21:06,338 INFO Improved and model saved
2020-05-23 19:21:25,514 INFO [19.2] Epoch 60: loss = 15.3274
2020-05-23 19:21:45,120 INFO [19.6] Epoch 61: loss = 15.4023
2020-05-23 19:22:04,710 INFO [19.6] Epoch 62: loss = 15.4396
2020-05-23 19:22:24,187 INFO [19.5] Epoch 63: loss = 15.4417
2020-05-23 19:22:43,863 INFO [19.7] Epoch 64: loss = 15.0923
2020-05-23 19:23:03,000 INFO [19.1] Epoch 65: loss = 15.3442
2020-05-23 19:23:22,476 INFO [19.5] Epoch 66: loss = 15.3073
2020-05-23 19:23:42,078 INFO [19.6] Epoch 67: loss = 15.2781
2020-05-23 19:24:01,632 INFO [19.6] Epoch 68: loss = 15.1847
2020-05-23 19:24:20,809 INFO [19.2] Epoch 69: loss = 15.2697
2020-05-23 19:24:20,809 INFO Start Evaling...
2020-05-23 19:25:19,287 INFO Head: mr:7929.5 mrr:39.18 hits10:43.77 hits3:40.28 hits1:36.82
2020-05-23 19:25:19,288 INFO Tail: mr:4754.9 mrr:42.78 hits10:47.36 hits3:43.87 hits1:40.24
2020-05-23 19:25:19,288 INFO All: mr:6342.2 mrr:40.98 hits10:45.57 hits3:42.07 hits1:38.53
2020-05-23 19:25:19,290 INFO Start Evaling...
2020-05-23 19:26:19,410 INFO Head: mr:7978.6 mrr:38.60 hits10:43.40 hits3:39.69 hits1:36.09
2020-05-23 19:26:19,410 INFO Tail: mr:4725.3 mrr:43.42 hits10:47.80 hits3:44.74 hits1:40.87
2020-05-23 19:26:19,410 INFO All: mr:6352.0 mrr:41.01 hits10:45.60 hits3:42.21 hits1:38.48
2020-05-23 19:26:19,413 INFO Improved and model saved
2020-05-23 19:26:39,110 INFO [19.7] Epoch 70: loss = 15.0696
2020-05-23 19:26:58,760 INFO [19.6] Epoch 71: loss = 15.1556
2020-05-23 19:27:18,391 INFO [19.6] Epoch 72: loss = 15.3494
2020-05-23 19:27:37,647 INFO [19.3] Epoch 73: loss = 14.9827
2020-05-23 19:27:57,420 INFO [19.8] Epoch 74: loss = 15.1790
2020-05-23 19:28:17,126 INFO [19.7] Epoch 75: loss = 15.2329
2020-05-23 19:28:36,948 INFO [19.8] Epoch 76: loss = 15.3800
2020-05-23 19:28:56,265 INFO [19.3] Epoch 77: loss = 15.3513
2020-05-23 19:29:16,003 INFO [19.7] Epoch 78: loss = 15.0683
2020-05-23 19:29:35,852 INFO [19.8] Epoch 79: loss = 15.3962
2020-05-23 19:29:35,852 INFO Start Evaling...
2020-05-23 19:30:34,353 INFO Head: mr:7737.2 mrr:39.58 hits10:44.13 hits3:40.47 hits1:37.21
2020-05-23 19:30:34,354 INFO Tail: mr:4574.2 mrr:43.03 hits10:47.26 hits3:43.90 hits1:40.57
2020-05-23 19:30:34,354 INFO All: mr:6155.7 mrr:41.31 hits10:45.70 hits3:42.19 hits1:38.89
2020-05-23 19:30:34,356 INFO Start Evaling...
2020-05-23 19:31:34,498 INFO Head: mr:7847.8 mrr:38.82 hits10:43.40 hits3:39.79 hits1:36.31
2020-05-23 19:31:34,498 INFO Tail: mr:4649.5 mrr:43.53 hits10:47.96 hits3:44.83 hits1:40.81
2020-05-23 19:31:34,498 INFO All: mr:6248.6 mrr:41.17 hits10:45.68 hits3:42.31 hits1:38.56
2020-05-23 19:31:34,500 INFO Improved and model saved
2020-05-23 19:31:54,220 INFO [19.7] Epoch 80: loss = 15.1696
2020-05-23 19:32:13,931 INFO [19.7] Epoch 81: loss = 15.1327
2020-05-23 19:32:33,171 INFO [19.2] Epoch 82: loss = 14.8685
2020-05-23 19:32:52,684 INFO [19.5] Epoch 83: loss = 15.0683
2020-05-23 19:33:12,236 INFO [19.6] Epoch 84: loss = 15.0797
2020-05-23 19:33:32,212 INFO [20.0] Epoch 85: loss = 14.9099
2020-05-23 19:33:51,698 INFO [19.5] Epoch 86: loss = 15.0926
2020-05-23 19:34:11,175 INFO [19.5] Epoch 87: loss = 14.9515
2020-05-23 19:34:30,554 INFO [19.4] Epoch 88: loss = 14.9606
2020-05-23 19:34:49,990 INFO [19.4] Epoch 89: loss = 15.1778
2020-05-23 19:34:49,990 INFO Start Evaling...
2020-05-23 19:35:48,315 INFO Head: mr:7670.6 mrr:39.50 hits10:44.63 hits3:40.38 hits1:36.95
2020-05-23 19:35:48,315 INFO Tail: mr:4559.2 mrr:43.07 hits10:47.40 hits3:43.97 hits1:40.51
2020-05-23 19:35:48,315 INFO All: mr:6114.9 mrr:41.28 hits10:46.01 hits3:42.17 hits1:38.73
2020-05-23 19:35:48,317 INFO Start Evaling...
2020-05-23 19:36:48,284 INFO Head: mr:7745.3 mrr:39.19 hits10:43.81 hits3:39.76 hits1:36.89
2020-05-23 19:36:48,284 INFO Tail: mr:4551.2 mrr:43.86 hits10:48.31 hits3:45.25 hits1:41.23
2020-05-23 19:36:48,284 INFO All: mr:6148.3 mrr:41.53 hits10:46.06 hits3:42.50 hits1:39.06
2020-05-23 19:36:48,286 INFO Declined in recent 1 epochs
2020-05-23 19:37:07,865 INFO [19.6] Epoch 90: loss = 14.9943
2020-05-23 19:37:27,020 INFO [19.2] Epoch 91: loss = 15.0550
2020-05-23 19:37:46,664 INFO [19.6] Epoch 92: loss = 15.0639
2020-05-23 19:38:06,209 INFO [19.5] Epoch 93: loss = 15.0042
2020-05-23 19:38:25,901 INFO [19.7] Epoch 94: loss = 14.9259
2020-05-23 19:38:45,174 INFO [19.3] Epoch 95: loss = 14.8692
2020-05-23 19:39:04,726 INFO [19.6] Epoch 96: loss = 14.8579
2020-05-23 19:39:24,241 INFO [19.5] Epoch 97: loss = 15.0883
2020-05-23 19:39:43,751 INFO [19.5] Epoch 98: loss = 15.0185
2020-05-23 19:40:02,935 INFO [19.2] Epoch 99: loss = 15.0164
2020-05-23 19:40:02,936 INFO Start Evaling...
2020-05-23 19:41:01,399 INFO Head: mr:7541.8 mrr:39.86 hits10:44.73 hits3:40.94 hits1:37.18
2020-05-23 19:41:01,399 INFO Tail: mr:4407.0 mrr:43.54 hits10:48.22 hits3:44.26 hits1:41.00
2020-05-23 19:41:01,399 INFO All: mr:5974.4 mrr:41.70 hits10:46.47 hits3:42.60 hits1:39.09
2020-05-23 19:41:01,401 INFO Start Evaling...
2020-05-23 19:42:01,508 INFO Head: mr:7649.9 mrr:39.09 hits10:44.00 hits3:39.82 hits1:36.53
2020-05-23 19:42:01,508 INFO Tail: mr:4443.8 mrr:44.01 hits10:48.76 hits3:45.02 hits1:41.45
2020-05-23 19:42:01,508 INFO All: mr:6046.8 mrr:41.55 hits10:46.38 hits3:42.42 hits1:38.99
2020-05-23 19:42:01,510 INFO Improved and model saved
2020-05-23 19:42:21,137 INFO [19.6] Epoch 100: loss = 15.1637
2020-05-23 19:42:40,670 INFO [19.5] Epoch 101: loss = 15.0567
2020-05-23 19:43:00,257 INFO [19.6] Epoch 102: loss = 14.9293
2020-05-23 19:43:19,527 INFO [19.3] Epoch 103: loss = 14.9600
2020-05-23 19:43:39,064 INFO [19.5] Epoch 104: loss = 14.9718
2020-05-23 19:43:58,620 INFO [19.6] Epoch 105: loss = 14.8565
2020-05-23 19:44:18,169 INFO [19.5] Epoch 106: loss = 15.0080
2020-05-23 19:44:37,848 INFO [19.7] Epoch 107: loss = 14.9494
2020-05-23 19:44:57,322 INFO [19.5] Epoch 108: loss = 14.9203
2020-05-23 19:45:16,883 INFO [19.6] Epoch 109: loss = 14.8032
2020-05-23 19:45:16,883 INFO Start Evaling...
2020-05-23 19:46:15,184 INFO Head: mr:7457.7 mrr:40.03 hits10:44.89 hits3:40.80 hits1:37.57
2020-05-23 19:46:15,184 INFO Tail: mr:4369.2 mrr:43.57 hits10:48.06 hits3:44.83 hits1:40.94
2020-05-23 19:46:15,184 INFO All: mr:5913.4 mrr:41.80 hits10:46.47 hits3:42.81 hits1:39.26
2020-05-23 19:46:15,186 INFO Start Evaling...
2020-05-23 19:47:15,331 INFO Head: mr:7582.3 mrr:39.00 hits10:43.97 hits3:39.53 hits1:36.53
2020-05-23 19:47:15,332 INFO Tail: mr:4406.1 mrr:44.07 hits10:49.14 hits3:45.05 hits1:41.48
2020-05-23 19:47:15,332 INFO All: mr:5994.2 mrr:41.53 hits10:46.55 hits3:42.29 hits1:39.01
2020-05-23 19:47:15,334 INFO Improved and model saved
2020-05-23 19:47:35,041 INFO [19.7] Epoch 110: loss = 14.8139
2020-05-23 19:47:54,682 INFO [19.6] Epoch 111: loss = 14.8382
2020-05-23 19:48:14,347 INFO [19.7] Epoch 112: loss = 14.8901
2020-05-23 19:48:33,547 INFO [19.2] Epoch 113: loss = 14.7465
2020-05-23 19:48:53,190 INFO [19.6] Epoch 114: loss = 14.9146
2020-05-23 19:49:12,888 INFO [19.7] Epoch 115: loss = 14.9254
2020-05-23 19:49:32,526 INFO [19.6] Epoch 116: loss = 14.7074
2020-05-23 19:49:51,872 INFO [19.3] Epoch 117: loss = 14.8817
2020-05-23 19:50:11,569 INFO [19.7] Epoch 118: loss = 14.8828
2020-05-23 19:50:31,164 INFO [19.6] Epoch 119: loss = 14.7859
2020-05-23 19:50:31,164 INFO Start Evaling...
2020-05-23 19:51:29,472 INFO Head: mr:7386.9 mrr:39.82 hits10:45.02 hits3:40.71 hits1:37.08
2020-05-23 19:51:29,472 INFO Tail: mr:4316.5 mrr:44.02 hits10:48.52 hits3:45.19 hits1:41.27
2020-05-23 19:51:29,473 INFO All: mr:5851.7 mrr:41.92 hits10:46.77 hits3:42.95 hits1:39.17
2020-05-23 19:51:29,475 INFO Start Evaling...
2020-05-23 19:52:29,420 INFO Head: mr:7423.3 mrr:39.45 hits10:44.45 hits3:39.82 hits1:37.01
2020-05-23 19:52:29,421 INFO Tail: mr:4307.3 mrr:44.68 hits10:49.62 hits3:46.11 hits1:41.83
2020-05-23 19:52:29,421 INFO All: mr:5865.3 mrr:42.07 hits10:47.03 hits3:42.96 hits1:39.42
2020-05-23 19:52:29,423 INFO Improved and model saved
2020-05-23 19:52:49,073 INFO [19.6] Epoch 120: loss = 14.8061
2020-05-23 19:53:08,402 INFO [19.3] Epoch 121: loss = 14.7308
2020-05-23 19:53:28,087 INFO [19.7] Epoch 122: loss = 14.8591
2020-05-23 19:53:47,612 INFO [19.5] Epoch 123: loss = 14.6427
2020-05-23 19:54:07,208 INFO [19.6] Epoch 124: loss = 14.9494
2020-05-23 19:54:26,386 INFO [19.2] Epoch 125: loss = 14.7979
2020-05-23 19:54:45,855 INFO [19.5] Epoch 126: loss = 14.7789
2020-05-23 19:55:05,397 INFO [19.5] Epoch 127: loss = 14.7963
2020-05-23 19:55:24,920 INFO [19.5] Epoch 128: loss = 14.7047
2020-05-23 19:55:44,587 INFO [19.7] Epoch 129: loss = 14.7630
2020-05-23 19:55:44,587 INFO Start Evaling...
2020-05-23 19:56:43,403 INFO Head: mr:7310.2 mrr:39.97 hits10:45.06 hits3:40.67 hits1:37.44
2020-05-23 19:56:43,403 INFO Tail: mr:4273.2 mrr:43.95 hits10:48.68 hits3:45.09 hits1:41.10
2020-05-23 19:56:43,404 INFO All: mr:5791.7 mrr:41.96 hits10:46.87 hits3:42.88 hits1:39.27
2020-05-23 19:56:43,406 INFO Start Evaling...
2020-05-23 19:57:43,521 INFO Head: mr:7345.6 mrr:39.33 hits10:44.80 hits3:40.04 hits1:36.66
2020-05-23 19:57:43,521 INFO Tail: mr:4234.5 mrr:44.60 hits10:49.90 hits3:45.98 hits1:41.70
2020-05-23 19:57:43,521 INFO All: mr:5790.0 mrr:41.96 hits10:47.35 hits3:43.01 hits1:39.18
2020-05-23 19:57:43,523 INFO Improved and model saved
2020-05-23 19:58:02,721 INFO [19.2] Epoch 130: loss = 14.6429
2020-05-23 19:58:22,175 INFO [19.5] Epoch 131: loss = 14.8297
2020-05-23 19:58:41,607 INFO [19.4] Epoch 132: loss = 14.6505
2020-05-23 19:59:01,049 INFO [19.4] Epoch 133: loss = 14.7615
2020-05-23 19:59:20,530 INFO [19.5] Epoch 134: loss = 14.4817
2020-05-23 19:59:39,618 INFO [19.1] Epoch 135: loss = 14.6970
2020-05-23 19:59:59,126 INFO [19.5] Epoch 136: loss = 14.5388
2020-05-23 20:00:18,757 INFO [19.6] Epoch 137: loss = 14.5953
2020-05-23 20:00:38,526 INFO [19.8] Epoch 138: loss = 14.5233
2020-05-23 20:00:57,880 INFO [19.4] Epoch 139: loss = 14.5950
2020-05-23 20:00:57,881 INFO Start Evaling...
2020-05-23 20:01:56,356 INFO Head: mr:7322.4 mrr:39.82 hits10:45.09 hits3:40.71 hits1:37.18
2020-05-23 20:01:56,356 INFO Tail: mr:4292.6 mrr:43.97 hits10:48.68 hits3:45.35 hits1:41.10
2020-05-23 20:01:56,356 INFO All: mr:5807.5 mrr:41.89 hits10:46.89 hits3:43.03 hits1:39.14
2020-05-23 20:01:56,358 INFO Start Evaling...
2020-05-23 20:02:56,475 INFO Head: mr:7268.2 mrr:39.34 hits10:44.93 hits3:40.11 hits1:36.60
2020-05-23 20:02:56,475 INFO Tail: mr:4159.8 mrr:44.87 hits10:49.68 hits3:45.88 hits1:42.09
2020-05-23 20:02:56,476 INFO All: mr:5714.0 mrr:42.10 hits10:47.30 hits3:43.00 hits1:39.34
2020-05-23 20:02:56,477 INFO Declined in recent 1 epochs
2020-05-23 20:03:16,109 INFO [19.6] Epoch 140: loss = 14.7279
2020-05-23 20:03:35,609 INFO [19.5] Epoch 141: loss = 14.6539
2020-05-23 20:03:55,316 INFO [19.7] Epoch 142: loss = 14.5997
2020-05-23 20:04:14,599 INFO [19.3] Epoch 143: loss = 14.5567
2020-05-23 20:04:34,018 INFO [19.4] Epoch 144: loss = 14.4476
2020-05-23 20:04:53,462 INFO [19.4] Epoch 145: loss = 14.6441
2020-05-23 20:05:12,965 INFO [19.5] Epoch 146: loss = 14.5055
2020-05-23 20:05:32,006 INFO [19.0] Epoch 147: loss = 14.5005
2020-05-23 20:05:51,476 INFO [19.5] Epoch 148: loss = 14.6631
2020-05-23 20:06:11,033 INFO [19.6] Epoch 149: loss = 14.6735
2020-05-23 20:06:11,033 INFO Start Evaling...
2020-05-23 20:07:09,515 INFO Head: mr:7240.6 mrr:40.11 hits10:45.32 hits3:41.17 hits1:37.44
2020-05-23 20:07:09,516 INFO Tail: mr:4297.2 mrr:43.96 hits10:48.81 hits3:45.09 hits1:41.23
2020-05-23 20:07:09,516 INFO All: mr:5768.9 mrr:42.03 hits10:47.07 hits3:43.13 hits1:39.34
2020-05-23 20:07:09,518 INFO Start Evaling...
2020-05-23 20:08:09,650 INFO Head: mr:7221.8 mrr:39.54 hits10:45.21 hits3:40.17 hits1:36.85
2020-05-23 20:08:09,650 INFO Tail: mr:4147.9 mrr:44.65 hits10:49.55 hits3:45.88 hits1:41.83
2020-05-23 20:08:09,650 INFO All: mr:5684.9 mrr:42.10 hits10:47.38 hits3:43.03 hits1:39.34
2020-05-23 20:08:09,652 INFO Improved and model saved
2020-05-23 20:08:29,301 INFO [19.6] Epoch 150: loss = 14.5787
2020-05-23 20:08:48,865 INFO [19.6] Epoch 151: loss = 14.7673
2020-05-23 20:09:08,591 INFO [19.7] Epoch 152: loss = 14.6172
2020-05-23 20:09:28,212 INFO [19.6] Epoch 153: loss = 14.5767
2020-05-23 20:09:47,957 INFO [19.7] Epoch 154: loss = 14.5219
2020-05-23 20:10:07,703 INFO [19.7] Epoch 155: loss = 14.5870
2020-05-23 20:10:27,392 INFO [19.7] Epoch 156: loss = 14.4101
2020-05-23 20:10:46,910 INFO [19.5] Epoch 157: loss = 14.5638
2020-05-23 20:11:06,392 INFO [19.5] Epoch 158: loss = 14.4304
2020-05-23 20:11:25,974 INFO [19.6] Epoch 159: loss = 14.6580
2020-05-23 20:11:25,975 INFO Start Evaling...
2020-05-23 20:12:24,468 INFO Head: mr:7194.1 mrr:39.88 hits10:45.42 hits3:40.97 hits1:36.98
2020-05-23 20:12:24,468 INFO Tail: mr:4301.5 mrr:44.33 hits10:48.68 hits3:45.42 hits1:41.63
2020-05-23 20:12:24,468 INFO All: mr:5747.8 mrr:42.11 hits10:47.05 hits3:43.19 hits1:39.30
2020-05-23 20:12:24,470 INFO Start Evaling...
2020-05-23 20:13:24,604 INFO Head: mr:7198.8 mrr:39.49 hits10:45.34 hits3:40.40 hits1:36.66
2020-05-23 20:13:24,604 INFO Tail: mr:4168.8 mrr:44.83 hits10:49.65 hits3:45.69 hits1:42.15
2020-05-23 20:13:24,604 INFO All: mr:5683.8 mrr:42.16 hits10:47.50 hits3:43.04 hits1:39.41
2020-05-23 20:13:24,606 INFO Improved and model saved
2020-05-23 20:13:44,201 INFO [19.6] Epoch 160: loss = 14.5837
2020-05-23 20:14:03,678 INFO [19.5] Epoch 161: loss = 14.6257
2020-05-23 20:14:22,981 INFO [19.3] Epoch 162: loss = 14.5008
2020-05-23 20:14:42,639 INFO [19.7] Epoch 163: loss = 14.5258
2020-05-23 20:15:02,309 INFO [19.7] Epoch 164: loss = 14.5733
2020-05-23 20:15:22,020 INFO [19.7] Epoch 165: loss = 14.3850
2020-05-23 20:15:41,332 INFO [19.3] Epoch 166: loss = 14.3745
2020-05-23 20:16:00,923 INFO [19.6] Epoch 167: loss = 14.2966
2020-05-23 20:16:20,472 INFO [19.5] Epoch 168: loss = 14.3290
2020-05-23 20:16:40,070 INFO [19.6] Epoch 169: loss = 14.4424
2020-05-23 20:16:40,070 INFO Start Evaling...
2020-05-23 20:17:38,553 INFO Head: mr:7148.2 mrr:39.82 hits10:45.32 hits3:40.77 hits1:37.08
2020-05-23 20:17:38,553 INFO Tail: mr:4290.9 mrr:44.36 hits10:49.51 hits3:45.32 hits1:41.60
2020-05-23 20:17:38,553 INFO All: mr:5719.6 mrr:42.09 hits10:47.41 hits3:43.05 hits1:39.34
2020-05-23 20:17:38,555 INFO Start Evaling...
2020-05-23 20:18:38,678 INFO Head: mr:7038.1 mrr:39.47 hits10:44.86 hits3:40.43 hits1:36.73
2020-05-23 20:18:38,678 INFO Tail: mr:4003.5 mrr:44.92 hits10:50.00 hits3:46.30 hits1:41.99
2020-05-23 20:18:38,679 INFO All: mr:5520.8 mrr:42.19 hits10:47.43 hits3:43.36 hits1:39.36
2020-05-23 20:18:38,681 INFO Declined in recent 1 epochs
2020-05-23 20:18:58,086 INFO [19.4] Epoch 170: loss = 14.3578
2020-05-23 20:19:17,805 INFO [19.7] Epoch 171: loss = 14.2457
2020-05-23 20:19:37,372 INFO [19.6] Epoch 172: loss = 14.3410
2020-05-23 20:19:57,085 INFO [19.7] Epoch 173: loss = 14.2286
2020-05-23 20:20:16,373 INFO [19.3] Epoch 174: loss = 14.3453
2020-05-23 20:20:35,957 INFO [19.6] Epoch 175: loss = 14.4145
2020-05-23 20:20:55,536 INFO [19.6] Epoch 176: loss = 14.2769
2020-05-23 20:21:15,287 INFO [19.8] Epoch 177: loss = 14.2907
2020-05-23 20:21:35,016 INFO [19.7] Epoch 178: loss = 14.1334
2020-05-23 20:21:54,719 INFO [19.7] Epoch 179: loss = 14.0722
2020-05-23 20:21:54,719 INFO Start Evaling...
2020-05-23 20:22:53,209 INFO Head: mr:7084.9 mrr:40.09 hits10:45.25 hits3:41.07 hits1:37.31
2020-05-23 20:22:53,210 INFO Tail: mr:4236.0 mrr:44.29 hits10:49.51 hits3:45.88 hits1:41.13
2020-05-23 20:22:53,210 INFO All: mr:5660.5 mrr:42.19 hits10:47.38 hits3:43.47 hits1:39.22
2020-05-23 20:22:53,212 INFO Start Evaling...
2020-05-23 20:23:53,345 INFO Head: mr:6840.4 mrr:39.47 hits10:44.74 hits3:40.20 hits1:36.73
2020-05-23 20:23:53,346 INFO Tail: mr:3883.5 mrr:45.08 hits10:50.29 hits3:46.43 hits1:42.09
2020-05-23 20:23:53,346 INFO All: mr:5361.9 mrr:42.28 hits10:47.51 hits3:43.32 hits1:39.41
2020-05-23 20:23:53,348 INFO Improved and model saved
2020-05-23 20:24:13,066 INFO [19.7] Epoch 180: loss = 14.1304
2020-05-23 20:24:32,757 INFO [19.7] Epoch 181: loss = 14.0585
2020-05-23 20:24:52,425 INFO [19.7] Epoch 182: loss = 14.0658
2020-05-23 20:25:12,150 INFO [19.7] Epoch 183: loss = 14.1827
2020-05-23 20:25:31,540 INFO [19.4] Epoch 184: loss = 14.2803
2020-05-23 20:25:51,186 INFO [19.6] Epoch 185: loss = 14.2579
2020-05-23 20:26:10,891 INFO [19.7] Epoch 186: loss = 14.1559
2020-05-23 20:26:30,648 INFO [19.8] Epoch 187: loss = 14.3726
2020-05-23 20:26:49,986 INFO [19.3] Epoch 188: loss = 14.1409
2020-05-23 20:27:09,567 INFO [19.6] Epoch 189: loss = 14.1388
2020-05-23 20:27:09,568 INFO Start Evaling...
2020-05-23 20:28:08,070 INFO Head: mr:6997.0 mrr:40.30 hits10:45.72 hits3:41.56 hits1:37.38
2020-05-23 20:28:08,070 INFO Tail: mr:4077.4 mrr:44.52 hits10:49.41 hits3:45.42 hits1:41.73
2020-05-23 20:28:08,070 INFO All: mr:5537.2 mrr:42.41 hits10:47.56 hits3:43.49 hits1:39.55
2020-05-23 20:28:08,072 INFO Start Evaling...
2020-05-23 20:29:08,220 INFO Head: mr:6735.9 mrr:39.51 hits10:45.05 hits3:40.59 hits1:36.57
2020-05-23 20:29:08,221 INFO Tail: mr:3784.3 mrr:44.86 hits10:50.22 hits3:46.46 hits1:41.61
2020-05-23 20:29:08,221 INFO All: mr:5260.1 mrr:42.18 hits10:47.64 hits3:43.52 hits1:39.09
2020-05-23 20:29:08,223 INFO Improved and model saved
2020-05-23 20:29:27,865 INFO [19.6] Epoch 190: loss = 13.9638
2020-05-23 20:29:47,448 INFO [19.6] Epoch 191: loss = 14.1303
2020-05-23 20:30:06,632 INFO [19.2] Epoch 192: loss = 14.0986
2020-05-23 20:30:26,233 INFO [19.6] Epoch 193: loss = 14.0267
2020-05-23 20:30:45,830 INFO [19.6] Epoch 194: loss = 14.0795
2020-05-23 20:31:05,286 INFO [19.5] Epoch 195: loss = 14.0333
2020-05-23 20:31:24,341 INFO [19.1] Epoch 196: loss = 13.8933
2020-05-23 20:31:43,948 INFO [19.6] Epoch 197: loss = 14.1361
2020-05-23 20:32:03,520 INFO [19.6] Epoch 198: loss = 14.0057
2020-05-23 20:32:23,055 INFO [19.5] Epoch 199: loss = 13.7721
2020-05-23 20:32:23,056 INFO Start Evaling...
2020-05-23 20:33:21,545 INFO Head: mr:6946.8 mrr:40.32 hits10:45.65 hits3:41.03 hits1:37.57
2020-05-23 20:33:21,546 INFO Tail: mr:3996.5 mrr:44.44 hits10:49.74 hits3:45.88 hits1:41.23
2020-05-23 20:33:21,546 INFO All: mr:5471.7 mrr:42.38 hits10:47.69 hits3:43.46 hits1:39.40
2020-05-23 20:33:21,548 INFO Start Evaling...
2020-05-23 20:34:21,682 INFO Head: mr:6700.2 mrr:39.59 hits10:45.02 hits3:40.30 hits1:36.82
2020-05-23 20:34:21,682 INFO Tail: mr:3767.8 mrr:45.21 hits10:50.67 hits3:46.62 hits1:42.18
2020-05-23 20:34:21,683 INFO All: mr:5234.0 mrr:42.40 hits10:47.85 hits3:43.46 hits1:39.50
2020-05-23 20:34:21,685 INFO Declined in recent 1 epochs
2020-05-23 20:34:41,365 INFO [19.7] Epoch 200: loss = 13.7152
2020-05-23 20:35:00,839 INFO [19.5] Epoch 201: loss = 13.9380
2020-05-23 20:35:20,312 INFO [19.5] Epoch 202: loss = 13.8507
2020-05-23 20:35:39,819 INFO [19.5] Epoch 203: loss = 13.9381
2020-05-23 20:35:59,306 INFO [19.5] Epoch 204: loss = 13.7408
2020-05-23 20:36:18,922 INFO [19.6] Epoch 205: loss = 13.6778
2020-05-23 20:36:38,538 INFO [19.6] Epoch 206: loss = 13.7918
2020-05-23 20:36:58,157 INFO [19.6] Epoch 207: loss = 13.7780
2020-05-23 20:37:17,834 INFO [19.7] Epoch 208: loss = 13.7959
2020-05-23 20:37:37,387 INFO [19.6] Epoch 209: loss = 13.7271
2020-05-23 20:37:37,387 INFO Start Evaling...
2020-05-23 20:38:35,891 INFO Head: mr:6898.9 mrr:40.20 hits10:45.39 hits3:41.56 hits1:37.11
2020-05-23 20:38:35,891 INFO Tail: mr:3916.0 mrr:44.55 hits10:49.67 hits3:46.01 hits1:41.36
2020-05-23 20:38:35,892 INFO All: mr:5407.4 mrr:42.37 hits10:47.53 hits3:43.79 hits1:39.24
2020-05-23 20:38:35,894 INFO Start Evaling...
2020-05-23 20:39:36,059 INFO Head: mr:6726.5 mrr:39.62 hits10:44.67 hits3:41.03 hits1:36.66
2020-05-23 20:39:36,059 INFO Tail: mr:3699.8 mrr:45.28 hits10:50.67 hits3:46.78 hits1:42.25
2020-05-23 20:39:36,059 INFO All: mr:5213.2 mrr:42.45 hits10:47.67 hits3:43.91 hits1:39.45
2020-05-23 20:39:36,061 INFO Declined in recent 2 epochs
2020-05-23 20:39:55,690 INFO [19.6] Epoch 210: loss = 13.7496
2020-05-23 20:40:14,942 INFO [19.3] Epoch 211: loss = 13.8263
2020-05-23 20:40:34,537 INFO [19.6] Epoch 212: loss = 13.8087
2020-05-23 20:40:54,154 INFO [19.6] Epoch 213: loss = 13.7443
2020-05-23 20:41:13,836 INFO [19.7] Epoch 214: loss = 13.8418
2020-05-23 20:41:33,071 INFO [19.2] Epoch 215: loss = 13.7340
2020-05-23 20:41:52,616 INFO [19.5] Epoch 216: loss = 13.6852
2020-05-23 20:42:12,190 INFO [19.6] Epoch 217: loss = 13.7332
2020-05-23 20:42:31,784 INFO [19.6] Epoch 218: loss = 13.6373
2020-05-23 20:42:50,864 INFO [19.1] Epoch 219: loss = 13.6997
2020-05-23 20:42:50,864 INFO Start Evaling...
2020-05-23 20:43:49,186 INFO Head: mr:6946.6 mrr:40.24 hits10:45.88 hits3:41.50 hits1:37.24
2020-05-23 20:43:49,186 INFO Tail: mr:3865.9 mrr:44.77 hits10:50.26 hits3:46.28 hits1:41.66
2020-05-23 20:43:49,186 INFO All: mr:5406.2 mrr:42.50 hits10:48.07 hits3:43.89 hits1:39.45
2020-05-23 20:43:49,188 INFO Start Evaling...
2020-05-23 20:44:49,149 INFO Head: mr:6741.0 mrr:39.58 hits10:45.28 hits3:40.56 hits1:36.66
2020-05-23 20:44:49,149 INFO Tail: mr:3679.4 mrr:45.10 hits10:51.12 hits3:46.43 hits1:41.86
2020-05-23 20:44:49,149 INFO All: mr:5210.2 mrr:42.34 hits10:48.20 hits3:43.49 hits1:39.26
2020-05-23 20:44:49,151 INFO Improved and model saved
2020-05-23 20:45:08,619 INFO [19.4] Epoch 220: loss = 13.6647
2020-05-23 20:45:28,243 INFO [19.6] Epoch 221: loss = 13.6931
2020-05-23 20:45:47,928 INFO [19.7] Epoch 222: loss = 13.4909
2020-05-23 20:46:07,594 INFO [19.7] Epoch 223: loss = 13.6573
2020-05-23 20:46:27,121 INFO [19.5] Epoch 224: loss = 13.6681
2020-05-23 20:46:46,611 INFO [19.5] Epoch 225: loss = 13.5228
2020-05-23 20:47:06,029 INFO [19.4] Epoch 226: loss = 13.5733
2020-05-23 20:47:25,656 INFO [19.6] Epoch 227: loss = 13.6832
2020-05-23 20:47:45,254 INFO [19.6] Epoch 228: loss = 13.6236
2020-05-23 20:48:04,839 INFO [19.6] Epoch 229: loss = 13.5083
2020-05-23 20:48:04,839 INFO Start Evaling...
2020-05-23 20:49:03,345 INFO Head: mr:6946.4 mrr:40.04 hits10:45.32 hits3:41.20 hits1:37.18
2020-05-23 20:49:03,345 INFO Tail: mr:3852.5 mrr:44.45 hits10:49.74 hits3:45.78 hits1:41.43
2020-05-23 20:49:03,346 INFO All: mr:5399.5 mrr:42.24 hits10:47.53 hits3:43.49 hits1:39.30
2020-05-23 20:49:03,348 INFO Start Evaling...
2020-05-23 20:50:03,497 INFO Head: mr:6729.1 mrr:39.14 hits10:45.09 hits3:40.01 hits1:36.15
2020-05-23 20:50:03,498 INFO Tail: mr:3644.7 mrr:45.23 hits10:51.24 hits3:46.39 hits1:42.21
2020-05-23 20:50:03,498 INFO All: mr:5186.9 mrr:42.19 hits10:48.17 hits3:43.20 hits1:39.18
2020-05-23 20:50:03,500 INFO Declined in recent 1 epochs
2020-05-23 20:50:23,070 INFO [19.6] Epoch 230: loss = 13.5203
2020-05-23 20:50:42,682 INFO [19.6] Epoch 231: loss = 13.5129
2020-05-23 20:51:02,305 INFO [19.6] Epoch 232: loss = 13.4831
2020-05-23 20:51:21,944 INFO [19.6] Epoch 233: loss = 13.4995
2020-05-23 20:51:41,160 INFO [19.2] Epoch 234: loss = 13.5173
2020-05-23 20:52:00,729 INFO [19.6] Epoch 235: loss = 13.2441
2020-05-23 20:52:20,132 INFO [19.4] Epoch 236: loss = 13.3446
2020-05-23 20:52:39,711 INFO [19.6] Epoch 237: loss = 13.4424
2020-05-23 20:52:58,819 INFO [19.1] Epoch 238: loss = 13.5798
2020-05-23 20:53:18,372 INFO [19.6] Epoch 239: loss = 13.4308
2020-05-23 20:53:18,373 INFO Start Evaling...
2020-05-23 20:54:16,705 INFO Head: mr:6824.3 mrr:40.20 hits10:46.04 hits3:41.23 hits1:37.24
2020-05-23 20:54:16,705 INFO Tail: mr:3768.6 mrr:44.67 hits10:49.84 hits3:45.95 hits1:41.69
2020-05-23 20:54:16,705 INFO All: mr:5296.5 mrr:42.43 hits10:47.94 hits3:43.59 hits1:39.47
2020-05-23 20:54:16,707 INFO Start Evaling...
2020-05-23 20:55:16,680 INFO Head: mr:6642.8 mrr:39.29 hits10:44.96 hits3:40.46 hits1:36.28
2020-05-23 20:55:16,680 INFO Tail: mr:3529.7 mrr:45.12 hits10:51.28 hits3:46.81 hits1:41.77
2020-05-23 20:55:16,680 INFO All: mr:5086.3 mrr:42.21 hits10:48.12 hits3:43.63 hits1:39.02
2020-05-23 20:55:16,682 INFO Declined in recent 2 epochs
2020-05-23 20:55:36,274 INFO [19.6] Epoch 240: loss = 13.3775
2020-05-23 20:55:55,926 INFO [19.7] Epoch 241: loss = 13.4079
2020-05-23 20:56:15,164 INFO [19.2] Epoch 242: loss = 13.3505
2020-05-23 20:56:34,828 INFO [19.7] Epoch 243: loss = 13.4963
2020-05-23 20:56:54,511 INFO [19.7] Epoch 244: loss = 13.6247
2020-05-23 20:57:14,236 INFO [19.7] Epoch 245: loss = 13.2570
2020-05-23 20:57:33,578 INFO [19.3] Epoch 246: loss = 13.4866
2020-05-23 20:57:53,265 INFO [19.7] Epoch 247: loss = 13.3739
2020-05-23 20:58:12,857 INFO [19.6] Epoch 248: loss = 13.3805
2020-05-23 20:58:32,443 INFO [19.6] Epoch 249: loss = 13.3752
2020-05-23 20:58:32,443 INFO Start Evaling...
2020-05-23 20:59:30,953 INFO Head: mr:6835.4 mrr:40.27 hits10:45.58 hits3:41.53 hits1:37.28
2020-05-23 20:59:30,953 INFO Tail: mr:3712.0 mrr:44.86 hits10:50.03 hits3:46.18 hits1:41.92
2020-05-23 20:59:30,953 INFO All: mr:5273.7 mrr:42.57 hits10:47.81 hits3:43.85 hits1:39.60
2020-05-23 20:59:30,956 INFO Start Evaling...
2020-05-23 21:00:31,103 INFO Head: mr:6630.8 mrr:39.54 hits10:45.05 hits3:40.59 hits1:36.76
2020-05-23 21:00:31,103 INFO Tail: mr:3476.6 mrr:45.34 hits10:51.34 hits3:46.97 hits1:42.09
2020-05-23 21:00:31,103 INFO All: mr:5053.7 mrr:42.44 hits10:48.20 hits3:43.78 hits1:39.42
2020-05-23 21:00:31,105 INFO Improved and model saved
2020-05-23 21:00:50,752 INFO [19.6] Epoch 250: loss = 13.3754
2020-05-23 21:01:10,207 INFO [19.5] Epoch 251: loss = 13.3467
2020-05-23 21:01:29,621 INFO [19.4] Epoch 252: loss = 13.3560
2020-05-23 21:01:49,052 INFO [19.4] Epoch 253: loss = 13.1777
2020-05-23 21:02:08,518 INFO [19.5] Epoch 254: loss = 13.1617
2020-05-23 21:02:28,199 INFO [19.7] Epoch 255: loss = 13.0945
2020-05-23 21:02:47,738 INFO [19.5] Epoch 256: loss = 13.3878
2020-05-23 21:03:07,170 INFO [19.4] Epoch 257: loss = 13.3499
2020-05-23 21:03:26,707 INFO [19.5] Epoch 258: loss = 13.2276
2020-05-23 21:03:46,168 INFO [19.5] Epoch 259: loss = 13.3067
2020-05-23 21:03:46,169 INFO Start Evaling...
2020-05-23 21:04:44,505 INFO Head: mr:6853.7 mrr:40.07 hits10:45.62 hits3:41.27 hits1:36.98
2020-05-23 21:04:44,505 INFO Tail: mr:3724.4 mrr:44.69 hits10:50.40 hits3:46.34 hits1:41.46
2020-05-23 21:04:44,505 INFO All: mr:5289.1 mrr:42.38 hits10:48.01 hits3:43.80 hits1:39.22
2020-05-23 21:04:44,507 INFO Start Evaling...
2020-05-23 21:05:44,478 INFO Head: mr:6622.7 mrr:39.47 hits10:44.99 hits3:40.43 hits1:36.50
2020-05-23 21:05:44,479 INFO Tail: mr:3446.7 mrr:45.33 hits10:51.05 hits3:46.59 hits1:42.21
2020-05-23 21:05:44,479 INFO All: mr:5034.7 mrr:42.40 hits10:48.02 hits3:43.51 hits1:39.36
2020-05-23 21:05:44,481 INFO Declined in recent 1 epochs
2020-05-23 21:06:04,043 INFO [19.6] Epoch 260: loss = 13.2222
2020-05-23 21:06:23,289 INFO [19.2] Epoch 261: loss = 13.2008
2020-05-23 21:06:42,838 INFO [19.5] Epoch 262: loss = 13.1689
2020-05-23 21:07:02,442 INFO [19.6] Epoch 263: loss = 13.3213
