2020-04-01 10:21:43,771 INFO EPOCH: 1000
2020-04-01 10:21:43,771 INFO EVERY: 10
2020-04-01 10:21:43,771 INFO LR: 0.001
2020-04-01 10:21:43,771 INFO DIM: 100
2020-04-01 10:21:43,771 INFO BATCH_SIZE: 256
2020-04-01 10:21:43,771 INFO BATCH_SIZE2: 100
2020-04-01 10:21:43,771 INFO P: 1
2020-04-01 10:21:43,771 INFO CLIPPING_MAX_VALUE: 4.0
2020-04-01 10:21:43,771 INFO OPTIM: Adam
2020-04-01 10:21:43,772 INFO N_SAMPLE: 12
2020-04-01 10:21:43,772 INFO MODE: rela
2020-04-01 10:21:43,772 INFO GAMMA: 12.0
2020-04-01 10:21:43,772 INFO BERN: True
2020-04-01 10:21:43,772 INFO MARGIN: 4.0
2020-04-01 10:21:43,772 INFO REG: 1.0
2020-04-01 10:21:43,772 INFO LABEL_SMOOTH_EPS: 0.1
2020-04-01 10:21:43,772 INFO INPUT_DROP: 0.2
2020-04-01 10:21:43,772 INFO FEAT_DROP: 0.2
2020-04-01 10:21:43,772 INFO HIDD_DROP: 0.3
2020-04-01 10:21:43,772 INFO CHANNELS: 50
2020-04-01 10:21:43,772 INFO KERNEL_SIZE: 3
2020-04-01 10:21:43,772 INFO N_POOL: 100
2020-04-01 10:21:43,772 INFO MODEL_D: TransH
2020-04-01 10:21:43,772 INFO MODEL_G: DistMult
2020-04-01 10:21:43,772 INFO SCRATCH: False
2020-04-01 10:21:43,772 INFO D_FILE: None
2020-04-01 10:21:43,772 INFO G_FILE: None
2020-04-01 10:21:43,772 INFO PATH: data
2020-04-01 10:21:43,773 INFO DATA: WN18RR
2020-04-01 10:21:43,773 INFO EXP_PATH: experiment/WN18RR
2020-04-01 10:21:43,773 INFO MODEL: DistMult
2020-04-01 10:21:43,773 INFO V: 0
2020-04-01 10:21:43,773 INFO F: False
2020-04-01 10:21:43,773 INFO EVAL: False
2020-04-01 10:21:43,773 INFO TRAINED: False
2020-04-01 10:21:43,773 INFO PRETRAINED_NAME: None
2020-04-01 10:21:43,773 INFO EXP_NAME: DistMult-WN18RR-rela-0
2020-04-01 10:21:43,773 INFO --------------------------------------
2020-04-01 10:21:46,738 INFO Dataload done
2020-04-01 10:21:46,738 INFO --------------------------------------
2020-04-01 10:21:46,738 INFO N_ENTITY: 40943
2020-04-01 10:21:46,738 INFO N_RELATION: 11
2020-04-01 10:21:46,738 INFO --------------------------------------
2020-04-01 10:21:51,511 INFO Start Evaling...
2020-04-01 10:22:10,654 INFO Head: mr:20423.9 mrr:0.03 hits:0.03
2020-04-01 10:22:10,659 INFO Tail: mr:20423.0 mrr:0.03 hits:0.03
2020-04-01 10:22:10,660 INFO All: mr:20423.5 mrr:0.03 hits:0.03
2020-04-01 10:22:10,665 INFO Start Training...
2020-04-01 10:22:27,882 INFO [17.2] Epoch 0: loss = 353.9837
2020-04-01 10:22:46,358 INFO [18.5] Epoch 1: loss = 350.5861
2020-04-01 10:23:04,394 INFO [18.0] Epoch 2: loss = 331.8693
2020-04-01 10:23:21,830 INFO [17.4] Epoch 3: loss = 297.8462
2020-04-01 10:23:40,171 INFO [18.3] Epoch 4: loss = 260.1103
2020-04-01 10:23:58,172 INFO [18.0] Epoch 5: loss = 229.9183
2020-04-01 10:24:15,560 INFO [17.4] Epoch 6: loss = 210.9253
2020-04-01 10:24:33,511 INFO [18.0] Epoch 7: loss = 200.5606
2020-04-01 10:24:51,603 INFO [18.1] Epoch 8: loss = 194.7388
2020-04-01 10:25:11,130 INFO [19.5] Epoch 9: loss = 188.8694
2020-04-01 10:25:11,130 INFO Start Evaling...
2020-04-01 10:25:28,005 INFO Head: mr:8145.8 mrr:33.25 hits:40.08
2020-04-01 10:25:28,006 INFO Tail: mr:7669.5 mrr:35.08 hits:42.58
2020-04-01 10:25:28,007 INFO All: mr:7907.7 mrr:34.17 hits:41.33
2020-04-01 10:25:28,012 INFO Improved and model saved
2020-04-01 10:25:48,362 INFO [20.3] Epoch 10: loss = 178.8584
2020-04-01 10:26:06,803 INFO [18.4] Epoch 11: loss = 161.2500
2020-04-01 10:26:24,202 INFO [17.4] Epoch 12: loss = 139.8717
2020-04-01 10:26:41,548 INFO [17.3] Epoch 13: loss = 120.4123
2020-04-01 10:26:59,531 INFO [18.0] Epoch 14: loss = 104.9916
2020-04-01 10:27:16,814 INFO [17.3] Epoch 15: loss = 92.9826
2020-04-01 10:27:34,825 INFO [18.0] Epoch 16: loss = 82.8976
2020-04-01 10:27:53,536 INFO [18.7] Epoch 17: loss = 73.8189
2020-04-01 10:28:11,747 INFO [18.2] Epoch 18: loss = 65.2719
2020-04-01 10:28:29,629 INFO [17.9] Epoch 19: loss = 58.1508
2020-04-01 10:28:29,629 INFO Start Evaling...
2020-04-01 10:28:43,882 INFO Head: mr:7741.4 mrr:36.21 hits:41.10
2020-04-01 10:28:43,883 INFO Tail: mr:8675.1 mrr:37.29 hits:42.19
2020-04-01 10:28:43,885 INFO All: mr:8208.3 mrr:36.75 hits:41.64
2020-04-01 10:28:43,890 INFO Improved and model saved
2020-04-01 10:29:04,000 INFO [20.1] Epoch 20: loss = 51.8193
2020-04-01 10:29:22,092 INFO [18.1] Epoch 21: loss = 46.9165
2020-04-01 10:29:39,557 INFO [17.5] Epoch 22: loss = 42.5982
2020-04-01 10:29:56,160 INFO [16.6] Epoch 23: loss = 38.8216
2020-04-01 10:30:14,469 INFO [18.3] Epoch 24: loss = 36.3149
2020-04-01 10:30:32,167 INFO [17.7] Epoch 25: loss = 33.7728
2020-04-01 10:30:50,662 INFO [18.5] Epoch 26: loss = 32.0015
2020-04-01 10:31:08,238 INFO [17.6] Epoch 27: loss = 30.1149
2020-04-01 10:31:26,519 INFO [18.3] Epoch 28: loss = 29.0755
2020-04-01 10:31:45,479 INFO [19.0] Epoch 29: loss = 27.5757
2020-04-01 10:31:45,480 INFO Start Evaling...
2020-04-01 10:31:59,441 INFO Head: mr:7697.0 mrr:37.06 hits:42.02
2020-04-01 10:31:59,442 INFO Tail: mr:7898.2 mrr:38.81 hits:43.31
2020-04-01 10:31:59,444 INFO All: mr:7797.6 mrr:37.94 hits:42.67
2020-04-01 10:31:59,450 INFO Improved and model saved
2020-04-01 10:32:18,503 INFO [19.0] Epoch 30: loss = 26.5565
2020-04-01 10:32:37,871 INFO [19.4] Epoch 31: loss = 25.4223
2020-04-01 10:32:55,652 INFO [17.8] Epoch 32: loss = 24.7700
2020-04-01 10:33:14,084 INFO [18.4] Epoch 33: loss = 23.7302
2020-04-01 10:33:30,958 INFO [16.9] Epoch 34: loss = 23.1085
2020-04-01 10:33:49,638 INFO [18.7] Epoch 35: loss = 22.5701
2020-04-01 10:34:07,478 INFO [17.8] Epoch 36: loss = 21.4950
2020-04-01 10:34:25,240 INFO [17.8] Epoch 37: loss = 21.0754
2020-04-01 10:34:42,614 INFO [17.4] Epoch 38: loss = 20.3615
2020-04-01 10:35:00,165 INFO [17.6] Epoch 39: loss = 19.9285
2020-04-01 10:35:00,166 INFO Start Evaling...
2020-04-01 10:35:13,741 INFO Head: mr:7628.9 mrr:37.87 hits:42.19
2020-04-01 10:35:13,741 INFO Tail: mr:7398.6 mrr:40.44 hits:44.07
2020-04-01 10:35:13,742 INFO All: mr:7513.8 mrr:39.16 hits:43.13
2020-04-01 10:35:13,746 INFO Improved and model saved
2020-04-01 10:35:30,938 INFO [17.2] Epoch 40: loss = 19.3762
2020-04-01 10:35:50,458 INFO [19.5] Epoch 41: loss = 18.8777
2020-04-01 10:36:10,841 INFO [20.4] Epoch 42: loss = 18.2953
2020-04-01 10:36:29,426 INFO [18.6] Epoch 43: loss = 17.8160
2020-04-01 10:36:49,089 INFO [19.7] Epoch 44: loss = 17.3883
2020-04-01 10:37:07,136 INFO [18.0] Epoch 45: loss = 16.9839
2020-04-01 10:37:25,304 INFO [18.2] Epoch 46: loss = 16.4727
2020-04-01 10:37:43,173 INFO [17.9] Epoch 47: loss = 16.3173
2020-04-01 10:38:01,913 INFO [18.7] Epoch 48: loss = 15.9659
2020-04-01 10:38:21,402 INFO [19.5] Epoch 49: loss = 15.6319
2020-04-01 10:38:21,403 INFO Start Evaling...
2020-04-01 10:38:35,976 INFO Head: mr:7471.1 mrr:38.35 hits:42.52
2020-04-01 10:38:35,976 INFO Tail: mr:6920.2 mrr:41.18 hits:44.46
2020-04-01 10:38:35,976 INFO All: mr:7195.6 mrr:39.77 hits:43.49
2020-04-01 10:38:35,979 INFO Improved and model saved
2020-04-01 10:38:53,463 INFO [17.5] Epoch 50: loss = 15.4085
2020-04-01 10:39:12,701 INFO [19.2] Epoch 51: loss = 14.8621
2020-04-01 10:39:33,421 INFO [20.7] Epoch 52: loss = 14.7395
2020-04-01 10:39:54,500 INFO [21.1] Epoch 53: loss = 14.5415
2020-04-01 10:40:12,697 INFO [18.2] Epoch 54: loss = 14.0917
2020-04-01 10:40:30,641 INFO [17.9] Epoch 55: loss = 13.9567
2020-04-01 10:40:48,993 INFO [18.4] Epoch 56: loss = 13.6074
2020-04-01 10:41:07,748 INFO [18.8] Epoch 57: loss = 13.4968
2020-04-01 10:41:25,468 INFO [17.7] Epoch 58: loss = 13.2755
2020-04-01 10:41:43,468 INFO [18.0] Epoch 59: loss = 13.0159
2020-04-01 10:41:43,468 INFO Start Evaling...
2020-04-01 10:41:57,840 INFO Head: mr:7478.9 mrr:38.68 hits:42.85
2020-04-01 10:41:57,841 INFO Tail: mr:6536.0 mrr:41.73 hits:45.15
2020-04-01 10:41:57,841 INFO All: mr:7007.5 mrr:40.20 hits:44.00
2020-04-01 10:41:57,845 INFO Improved and model saved
2020-04-01 10:42:16,735 INFO [18.8] Epoch 60: loss = 12.7586
2020-04-01 10:42:34,938 INFO [18.2] Epoch 61: loss = 12.8748
2020-04-01 10:42:56,718 INFO [21.8] Epoch 62: loss = 12.5571
2020-04-01 10:43:16,745 INFO [20.0] Epoch 63: loss = 12.1284
2020-04-01 10:43:35,388 INFO [18.6] Epoch 64: loss = 12.1030
2020-04-01 10:43:53,461 INFO [18.1] Epoch 65: loss = 11.9821
2020-04-01 10:44:11,901 INFO [18.4] Epoch 66: loss = 11.9153
2020-04-01 10:44:30,022 INFO [18.1] Epoch 67: loss = 11.7305
2020-04-01 10:44:48,381 INFO [18.4] Epoch 68: loss = 11.5553
2020-04-01 10:45:06,276 INFO [17.9] Epoch 69: loss = 11.6717
2020-04-01 10:45:06,276 INFO Start Evaling...
2020-04-01 10:45:19,570 INFO Head: mr:7424.1 mrr:39.12 hits:43.80
2020-04-01 10:45:19,572 INFO Tail: mr:6304.5 mrr:41.89 hits:45.42
2020-04-01 10:45:19,574 INFO All: mr:6864.3 mrr:40.50 hits:44.61
2020-04-01 10:45:19,579 INFO Improved and model saved
2020-04-01 10:45:38,744 INFO [19.1] Epoch 70: loss = 11.4275
2020-04-01 10:45:57,915 INFO [19.2] Epoch 71: loss = 11.3238
2020-04-01 10:46:18,513 INFO [20.6] Epoch 72: loss = 11.2757
2020-04-01 10:46:39,637 INFO [21.1] Epoch 73: loss = 10.9396
2020-04-01 10:46:59,069 INFO [19.4] Epoch 74: loss = 10.9014
2020-04-01 10:47:18,067 INFO [19.0] Epoch 75: loss = 10.5427
2020-04-01 10:47:35,352 INFO [17.3] Epoch 76: loss = 10.8083
2020-04-01 10:47:55,947 INFO [20.6] Epoch 77: loss = 10.8054
2020-04-01 10:48:14,723 INFO [18.8] Epoch 78: loss = 10.5869
2020-04-01 10:48:33,279 INFO [18.6] Epoch 79: loss = 10.7268
2020-04-01 10:48:33,280 INFO Start Evaling...
2020-04-01 10:48:47,738 INFO Head: mr:7313.8 mrr:39.34 hits:43.87
2020-04-01 10:48:47,740 INFO Tail: mr:6056.5 mrr:42.22 hits:45.58
2020-04-01 10:48:47,741 INFO All: mr:6685.1 mrr:40.78 hits:44.73
2020-04-01 10:48:47,746 INFO Improved and model saved
2020-04-01 10:49:06,860 INFO [19.1] Epoch 80: loss = 10.5576
2020-04-01 10:49:25,103 INFO [18.2] Epoch 81: loss = 10.3641
2020-04-01 10:49:44,873 INFO [19.8] Epoch 82: loss = 10.3128
2020-04-01 10:50:04,061 INFO [19.2] Epoch 83: loss = 10.2308
2020-04-01 10:50:24,232 INFO [20.2] Epoch 84: loss = 10.2494
2020-04-01 10:50:42,663 INFO [18.4] Epoch 85: loss = 10.0309
2020-04-01 10:51:00,824 INFO [18.2] Epoch 86: loss = 10.1130
2020-04-01 10:51:19,830 INFO [19.0] Epoch 87: loss = 9.8989
2020-04-01 10:51:38,244 INFO [18.4] Epoch 88: loss = 9.9001
2020-04-01 10:51:58,468 INFO [20.2] Epoch 89: loss = 9.7919
2020-04-01 10:51:58,468 INFO Start Evaling...
2020-04-01 10:52:11,637 INFO Head: mr:7233.2 mrr:39.46 hits:44.03
2020-04-01 10:52:11,639 INFO Tail: mr:5765.2 mrr:42.53 hits:46.11
2020-04-01 10:52:11,640 INFO All: mr:6499.2 mrr:41.00 hits:45.07
2020-04-01 10:52:11,645 INFO Improved and model saved
2020-04-01 10:52:29,371 INFO [17.7] Epoch 90: loss = 9.4427
2020-04-01 10:52:47,473 INFO [18.1] Epoch 91: loss = 9.7705
2020-04-01 10:53:07,178 INFO [19.7] Epoch 92: loss = 9.5740
2020-04-01 10:53:24,938 INFO [17.8] Epoch 93: loss = 9.4143
2020-04-01 10:53:44,462 INFO [19.5] Epoch 94: loss = 9.5858
2020-04-01 10:54:02,956 INFO [18.5] Epoch 95: loss = 9.5313
2020-04-01 10:54:20,634 INFO [17.7] Epoch 96: loss = 9.5346
2020-04-01 10:54:41,123 INFO [20.5] Epoch 97: loss = 9.5858
2020-04-01 10:54:58,759 INFO [17.6] Epoch 98: loss = 9.3779
2020-04-01 10:55:16,761 INFO [18.0] Epoch 99: loss = 9.4069
2020-04-01 10:55:16,762 INFO Start Evaling...
2020-04-01 10:55:30,449 INFO Head: mr:7259.5 mrr:39.36 hits:43.87
2020-04-01 10:55:30,450 INFO Tail: mr:5603.5 mrr:42.65 hits:45.95
2020-04-01 10:55:30,450 INFO All: mr:6431.5 mrr:41.01 hits:44.91
2020-04-01 10:55:30,454 INFO Declined in recent 1 epochs
2020-04-01 10:55:47,981 INFO [17.5] Epoch 100: loss = 9.2797
2020-04-01 10:56:07,669 INFO [19.7] Epoch 101: loss = 9.1691
2020-04-01 10:56:27,732 INFO [20.1] Epoch 102: loss = 9.1180
2020-04-01 10:56:45,741 INFO [18.0] Epoch 103: loss = 9.4136
2020-04-01 10:57:06,234 INFO [20.5] Epoch 104: loss = 9.1592
2020-04-01 10:57:25,391 INFO [19.2] Epoch 105: loss = 9.0194
2020-04-01 10:57:43,493 INFO [18.1] Epoch 106: loss = 9.0716
2020-04-01 10:58:01,991 INFO [18.5] Epoch 107: loss = 8.8739
2020-04-01 10:58:19,590 INFO [17.6] Epoch 108: loss = 8.8977
2020-04-01 10:58:38,659 INFO [19.1] Epoch 109: loss = 8.9935
2020-04-01 10:58:38,659 INFO Start Evaling...
2020-04-01 10:58:53,365 INFO Head: mr:7219.7 mrr:39.41 hits:44.03
2020-04-01 10:58:53,366 INFO Tail: mr:5488.0 mrr:42.86 hits:46.37
2020-04-01 10:58:53,366 INFO All: mr:6353.8 mrr:41.13 hits:45.20
2020-04-01 10:58:53,370 INFO Improved and model saved
2020-04-01 10:59:12,597 INFO [19.2] Epoch 110: loss = 8.8192
2020-04-01 10:59:30,614 INFO [18.0] Epoch 111: loss = 8.9682
2020-04-01 10:59:48,872 INFO [18.3] Epoch 112: loss = 8.7256
2020-04-01 11:00:07,634 INFO [18.8] Epoch 113: loss = 8.5996
2020-04-01 11:00:25,788 INFO [18.2] Epoch 114: loss = 8.7149
2020-04-01 11:00:47,976 INFO [22.2] Epoch 115: loss = 8.7638
2020-04-01 11:01:06,708 INFO [18.7] Epoch 116: loss = 8.6745
2020-04-01 11:01:25,713 INFO [19.0] Epoch 117: loss = 8.8252
2020-04-01 11:01:43,903 INFO [18.2] Epoch 118: loss = 8.8297
2020-04-01 11:02:01,864 INFO [18.0] Epoch 119: loss = 8.6801
2020-04-01 11:02:01,865 INFO Start Evaling...
2020-04-01 11:02:16,092 INFO Head: mr:7243.9 mrr:39.33 hits:44.07
2020-04-01 11:02:16,092 INFO Tail: mr:5419.6 mrr:42.76 hits:46.74
2020-04-01 11:02:16,092 INFO All: mr:6331.8 mrr:41.05 hits:45.40
2020-04-01 11:02:16,096 INFO Improved and model saved
2020-04-01 11:02:34,565 INFO [18.4] Epoch 120: loss = 8.4795
2020-04-01 11:02:53,397 INFO [18.8] Epoch 121: loss = 8.5171
2020-04-01 11:03:11,920 INFO [18.5] Epoch 122: loss = 8.6532
2020-04-01 11:03:30,562 INFO [18.6] Epoch 123: loss = 8.5649
2020-04-01 11:03:49,484 INFO [18.9] Epoch 124: loss = 8.5717
2020-04-01 11:04:08,764 INFO [19.3] Epoch 125: loss = 8.6514
2020-04-01 11:04:27,511 INFO [18.7] Epoch 126: loss = 8.6278
2020-04-01 11:04:45,987 INFO [18.5] Epoch 127: loss = 8.5213
2020-04-01 11:05:03,373 INFO [17.4] Epoch 128: loss = 8.4491
2020-04-01 11:05:22,538 INFO [19.2] Epoch 129: loss = 8.2105
2020-04-01 11:05:22,539 INFO Start Evaling...
2020-04-01 11:05:34,335 INFO Head: mr:7171.5 mrr:39.47 hits:44.23
2020-04-01 11:05:34,335 INFO Tail: mr:5269.0 mrr:43.02 hits:46.77
2020-04-01 11:05:34,335 INFO All: mr:6220.3 mrr:41.25 hits:45.50
2020-04-01 11:05:34,338 INFO Improved and model saved
2020-04-01 11:05:52,524 INFO [18.2] Epoch 130: loss = 8.4500
2020-04-01 11:06:10,777 INFO [18.3] Epoch 131: loss = 8.3620
2020-04-01 11:06:28,803 INFO [18.0] Epoch 132: loss = 8.2641
2020-04-01 11:06:48,266 INFO [19.5] Epoch 133: loss = 8.5205
2020-04-01 11:07:05,927 INFO [17.7] Epoch 134: loss = 8.2472
2020-04-01 11:07:24,594 INFO [18.7] Epoch 135: loss = 8.3308
2020-04-01 11:07:42,957 INFO [18.4] Epoch 136: loss = 8.3262
2020-04-01 11:08:00,460 INFO [17.5] Epoch 137: loss = 8.4186
2020-04-01 11:08:17,451 INFO [17.0] Epoch 138: loss = 8.1483
2020-04-01 11:08:34,817 INFO [17.4] Epoch 139: loss = 8.3351
2020-04-01 11:08:34,818 INFO Start Evaling...
2020-04-01 11:08:48,837 INFO Head: mr:7171.6 mrr:39.64 hits:44.40
2020-04-01 11:08:48,837 INFO Tail: mr:5192.8 mrr:42.82 hits:46.74
2020-04-01 11:08:48,837 INFO All: mr:6182.2 mrr:41.23 hits:45.57
2020-04-01 11:08:48,839 INFO Improved and model saved
2020-04-01 11:09:05,744 INFO [16.9] Epoch 140: loss = 8.3053
2020-04-01 11:09:23,421 INFO [17.7] Epoch 141: loss = 8.4071
2020-04-01 11:09:42,560 INFO [19.1] Epoch 142: loss = 8.2098
2020-04-01 11:10:00,963 INFO [18.4] Epoch 143: loss = 8.1214
2020-04-01 11:10:20,115 INFO [19.2] Epoch 144: loss = 8.1105
2020-04-01 11:10:38,843 INFO [18.7] Epoch 145: loss = 8.2132
2020-04-01 11:10:56,978 INFO [18.1] Epoch 146: loss = 8.1888
2020-04-01 11:11:15,984 INFO [19.0] Epoch 147: loss = 8.1370
2020-04-01 11:11:34,108 INFO [18.1] Epoch 148: loss = 8.2260
2020-04-01 11:11:51,150 INFO [17.0] Epoch 149: loss = 8.0581
2020-04-01 11:11:51,150 INFO Start Evaling...
2020-04-01 11:12:04,367 INFO Head: mr:7193.2 mrr:39.74 hits:44.26
2020-04-01 11:12:04,368 INFO Tail: mr:5161.1 mrr:43.19 hits:46.64
2020-04-01 11:12:04,368 INFO All: mr:6177.1 mrr:41.46 hits:45.45
2020-04-01 11:12:04,370 INFO Declined in recent 1 epochs
2020-04-01 11:12:21,926 INFO [17.6] Epoch 150: loss = 7.9956
2020-04-01 11:12:40,747 INFO [18.8] Epoch 151: loss = 7.9757
2020-04-01 11:12:58,919 INFO [18.2] Epoch 152: loss = 7.9813
2020-04-01 11:13:16,484 INFO [17.6] Epoch 153: loss = 7.8422
2020-04-01 11:13:35,115 INFO [18.6] Epoch 154: loss = 8.0015
2020-04-01 11:13:53,726 INFO [18.6] Epoch 155: loss = 8.1563
2020-04-01 11:14:12,643 INFO [18.9] Epoch 156: loss = 8.0257
2020-04-01 11:14:30,761 INFO [18.1] Epoch 157: loss = 8.1710
2020-04-01 11:14:49,352 INFO [18.6] Epoch 158: loss = 8.0058
2020-04-01 11:15:07,711 INFO [18.4] Epoch 159: loss = 8.1121
2020-04-01 11:15:07,711 INFO Start Evaling...
2020-04-01 11:15:22,522 INFO Head: mr:7125.6 mrr:39.32 hits:44.17
2020-04-01 11:15:22,524 INFO Tail: mr:5014.2 mrr:43.25 hits:47.17
2020-04-01 11:15:22,526 INFO All: mr:6069.9 mrr:41.29 hits:45.67
2020-04-01 11:15:22,531 INFO Improved and model saved
2020-04-01 11:15:40,217 INFO [17.6] Epoch 160: loss = 8.0537
2020-04-01 11:15:58,803 INFO [18.6] Epoch 161: loss = 7.8779
2020-04-01 11:16:16,729 INFO [17.9] Epoch 162: loss = 8.0899
2020-04-01 11:16:34,139 INFO [17.4] Epoch 163: loss = 7.8356
2020-04-01 11:16:51,967 INFO [17.8] Epoch 164: loss = 7.9875
2020-04-01 11:17:10,334 INFO [18.4] Epoch 165: loss = 8.1120
2020-04-01 11:17:27,963 INFO [17.6] Epoch 166: loss = 7.8230
2020-04-01 11:17:47,529 INFO [19.6] Epoch 167: loss = 7.8500
2020-04-01 11:18:07,653 INFO [20.1] Epoch 168: loss = 8.0934
2020-04-01 11:18:26,683 INFO [19.0] Epoch 169: loss = 7.8483
2020-04-01 11:18:26,684 INFO Start Evaling...
2020-04-01 11:18:39,978 INFO Head: mr:7121.8 mrr:39.58 hits:44.20
2020-04-01 11:18:39,980 INFO Tail: mr:4983.9 mrr:43.22 hits:47.26
2020-04-01 11:18:39,981 INFO All: mr:6052.9 mrr:41.40 hits:45.73
2020-04-01 11:18:39,986 INFO Improved and model saved
2020-04-01 11:18:58,427 INFO [18.4] Epoch 170: loss = 7.9749
2020-04-01 11:19:16,672 INFO [18.2] Epoch 171: loss = 7.7820
2020-04-01 11:19:35,379 INFO [18.7] Epoch 172: loss = 8.0017
2020-04-01 11:19:54,474 INFO [19.1] Epoch 173: loss = 7.7307
2020-04-01 11:20:12,519 INFO [18.0] Epoch 174: loss = 7.8177
2020-04-01 11:20:31,081 INFO [18.6] Epoch 175: loss = 7.8469
2020-04-01 11:20:50,568 INFO [19.5] Epoch 176: loss = 7.9286
2020-04-01 11:21:08,992 INFO [18.4] Epoch 177: loss = 7.7505
2020-04-01 11:21:29,191 INFO [20.2] Epoch 178: loss = 7.9089
2020-04-01 11:21:48,490 INFO [19.3] Epoch 179: loss = 7.6119
2020-04-01 11:21:48,491 INFO Start Evaling...
2020-04-01 11:22:02,416 INFO Head: mr:7128.7 mrr:39.41 hits:44.07
2020-04-01 11:22:02,416 INFO Tail: mr:4943.4 mrr:43.17 hits:46.97
2020-04-01 11:22:02,416 INFO All: mr:6036.1 mrr:41.29 hits:45.52
2020-04-01 11:22:02,422 INFO Declined in recent 1 epochs
2020-04-01 11:22:21,450 INFO [19.0] Epoch 180: loss = 7.7122
2020-04-01 11:22:39,463 INFO [18.0] Epoch 181: loss = 7.7162
2020-04-01 11:22:58,301 INFO [18.8] Epoch 182: loss = 7.9439
2020-04-01 11:23:16,142 INFO [17.8] Epoch 183: loss = 7.7771
2020-04-01 11:23:32,853 INFO [16.7] Epoch 184: loss = 7.7441
2020-04-01 11:23:50,845 INFO [18.0] Epoch 185: loss = 7.7259
2020-04-01 11:24:09,024 INFO [18.2] Epoch 186: loss = 7.8576
2020-04-01 11:24:28,724 INFO [19.7] Epoch 187: loss = 7.7721
2020-04-01 11:24:46,604 INFO [17.9] Epoch 188: loss = 7.5665
2020-04-01 11:25:04,973 INFO [18.4] Epoch 189: loss = 7.7756
2020-04-01 11:25:04,974 INFO Start Evaling...
2020-04-01 11:25:20,808 INFO Head: mr:7058.7 mrr:39.68 hits:44.50
2020-04-01 11:25:20,810 INFO Tail: mr:4862.2 mrr:43.27 hits:47.13
2020-04-01 11:25:20,811 INFO All: mr:5960.5 mrr:41.47 hits:45.81
2020-04-01 11:25:20,816 INFO Improved and model saved
2020-04-01 11:25:39,928 INFO [19.1] Epoch 190: loss = 7.4852
2020-04-01 11:25:59,238 INFO [19.3] Epoch 191: loss = 7.7664
2020-04-01 11:26:18,613 INFO [19.4] Epoch 192: loss = 7.7941
2020-04-01 11:26:37,829 INFO [19.2] Epoch 193: loss = 7.5566
2020-04-01 11:26:56,090 INFO [18.3] Epoch 194: loss = 7.8013
2020-04-01 11:27:15,161 INFO [19.1] Epoch 195: loss = 7.7447
2020-04-01 11:27:34,553 INFO [19.4] Epoch 196: loss = 7.7021
2020-04-01 11:27:54,087 INFO [19.5] Epoch 197: loss = 7.6269
2020-04-01 11:28:12,008 INFO [17.9] Epoch 198: loss = 7.8644
2020-04-01 11:28:32,151 INFO [20.1] Epoch 199: loss = 7.7018
2020-04-01 11:28:32,151 INFO Start Evaling...
2020-04-01 11:28:49,055 INFO Head: mr:7067.6 mrr:39.76 hits:44.76
2020-04-01 11:28:49,057 INFO Tail: mr:4856.3 mrr:43.55 hits:47.53
2020-04-01 11:28:49,058 INFO All: mr:5961.9 mrr:41.66 hits:46.14
2020-04-01 11:28:49,064 INFO Improved and model saved
2020-04-01 11:29:06,875 INFO [17.8] Epoch 200: loss = 7.4532
2020-04-01 11:29:23,915 INFO [17.0] Epoch 201: loss = 7.6015
2020-04-01 11:29:42,024 INFO [18.1] Epoch 202: loss = 7.5676
2020-04-01 11:30:00,907 INFO [18.9] Epoch 203: loss = 7.6868
2020-04-01 11:30:19,393 INFO [18.5] Epoch 204: loss = 7.8004
2020-04-01 11:30:37,185 INFO [17.8] Epoch 205: loss = 7.4892
2020-04-01 11:30:55,377 INFO [18.2] Epoch 206: loss = 7.6872
2020-04-01 11:31:13,686 INFO [18.3] Epoch 207: loss = 7.3654
2020-04-01 11:31:31,780 INFO [18.1] Epoch 208: loss = 7.7139
2020-04-01 11:31:51,217 INFO [19.4] Epoch 209: loss = 7.7403
2020-04-01 11:31:51,217 INFO Start Evaling...
2020-04-01 11:32:05,413 INFO Head: mr:7063.0 mrr:39.77 hits:44.59
2020-04-01 11:32:05,413 INFO Tail: mr:4791.6 mrr:43.72 hits:47.30
2020-04-01 11:32:05,413 INFO All: mr:5927.3 mrr:41.75 hits:45.95
2020-04-01 11:32:05,416 INFO Declined in recent 1 epochs
2020-04-01 11:32:25,230 INFO [19.8] Epoch 210: loss = 7.5433
2020-04-01 11:32:44,416 INFO [19.2] Epoch 211: loss = 7.4052
2020-04-01 11:33:02,058 INFO [17.6] Epoch 212: loss = 7.4676
2020-04-01 11:33:21,860 INFO [19.8] Epoch 213: loss = 7.4115
2020-04-01 11:33:39,901 INFO [18.0] Epoch 214: loss = 7.5323
2020-04-01 11:33:57,661 INFO [17.8] Epoch 215: loss = 7.4321
2020-04-01 11:34:15,948 INFO [18.3] Epoch 216: loss = 7.4775
2020-04-01 11:34:34,992 INFO [19.0] Epoch 217: loss = 7.4732
2020-04-01 11:34:53,783 INFO [18.8] Epoch 218: loss = 7.5050
2020-04-01 11:35:11,868 INFO [18.1] Epoch 219: loss = 7.4212
2020-04-01 11:35:11,868 INFO Start Evaling...
2020-04-01 11:35:26,396 INFO Head: mr:7011.5 mrr:39.99 hits:44.73
2020-04-01 11:35:26,398 INFO Tail: mr:4736.5 mrr:43.32 hits:47.50
2020-04-01 11:35:26,399 INFO All: mr:5874.0 mrr:41.65 hits:46.11
2020-04-01 11:35:26,404 INFO Declined in recent 2 epochs
2020-04-01 11:35:46,536 INFO [20.1] Epoch 220: loss = 7.7328
2020-04-01 11:36:03,890 INFO [17.4] Epoch 221: loss = 7.4654
2020-04-01 11:36:24,204 INFO [20.3] Epoch 222: loss = 7.5294
2020-04-01 11:36:42,667 INFO [18.5] Epoch 223: loss = 7.4755
2020-04-01 11:37:02,019 INFO [19.4] Epoch 224: loss = 7.3836
2020-04-01 11:37:19,744 INFO [17.7] Epoch 225: loss = 7.5341
2020-04-01 11:37:39,057 INFO [19.3] Epoch 226: loss = 7.4335
2020-04-01 11:37:58,375 INFO [19.3] Epoch 227: loss = 7.3968
2020-04-01 11:38:16,753 INFO [18.4] Epoch 228: loss = 7.5810
2020-04-01 11:38:35,183 INFO [18.4] Epoch 229: loss = 7.5358
2020-04-01 11:38:35,183 INFO Start Evaling...
2020-04-01 11:38:51,744 INFO Head: mr:7065.5 mrr:39.99 hits:44.92
2020-04-01 11:38:51,746 INFO Tail: mr:4738.1 mrr:43.39 hits:47.56
2020-04-01 11:38:51,746 INFO All: mr:5901.8 mrr:41.69 hits:46.24
2020-04-01 11:38:51,750 INFO Improved and model saved
2020-04-01 11:39:09,224 INFO [17.4] Epoch 230: loss = 7.4935
2020-04-01 11:39:29,330 INFO [20.1] Epoch 231: loss = 7.3833
2020-04-01 11:39:47,946 INFO [18.6] Epoch 232: loss = 7.3137
2020-04-01 11:40:05,880 INFO [17.9] Epoch 233: loss = 7.4617
2020-04-01 11:40:25,556 INFO [19.7] Epoch 234: loss = 7.0575
2020-04-01 11:40:44,651 INFO [19.1] Epoch 235: loss = 7.2137
2020-04-01 11:41:02,994 INFO [18.3] Epoch 236: loss = 7.3417
2020-04-01 11:41:21,120 INFO [18.1] Epoch 237: loss = 7.3777
2020-04-01 11:41:40,890 INFO [19.8] Epoch 238: loss = 7.4608
2020-04-01 11:41:58,774 INFO [17.9] Epoch 239: loss = 7.3123
2020-04-01 11:41:58,775 INFO Start Evaling...
2020-04-01 11:42:15,372 INFO Head: mr:7038.9 mrr:39.84 hits:45.19
2020-04-01 11:42:15,373 INFO Tail: mr:4746.9 mrr:43.16 hits:47.36
2020-04-01 11:42:15,373 INFO All: mr:5892.9 mrr:41.50 hits:46.28
2020-04-01 11:42:15,376 INFO Improved and model saved
2020-04-01 11:42:34,652 INFO [19.3] Epoch 240: loss = 7.4897
2020-04-01 11:42:52,396 INFO [17.7] Epoch 241: loss = 7.6522
2020-04-01 11:43:09,758 INFO [17.4] Epoch 242: loss = 7.2872
2020-04-01 11:43:28,894 INFO [19.1] Epoch 243: loss = 7.3851
2020-04-01 11:43:46,487 INFO [17.6] Epoch 244: loss = 7.2291
2020-04-01 11:44:04,356 INFO [17.9] Epoch 245: loss = 7.2683
2020-04-01 11:44:23,117 INFO [18.8] Epoch 246: loss = 7.4449
2020-04-01 11:44:41,481 INFO [18.4] Epoch 247: loss = 7.1319
2020-04-01 11:45:01,270 INFO [19.8] Epoch 248: loss = 7.2673
2020-04-01 11:45:18,998 INFO [17.7] Epoch 249: loss = 7.4515
2020-04-01 11:45:18,999 INFO Start Evaling...
2020-04-01 11:45:31,103 INFO Head: mr:7036.2 mrr:39.95 hits:44.76
2020-04-01 11:45:31,104 INFO Tail: mr:4708.8 mrr:43.29 hits:47.63
2020-04-01 11:45:31,104 INFO All: mr:5872.5 mrr:41.62 hits:46.19
2020-04-01 11:45:31,109 INFO Declined in recent 1 epochs
2020-04-01 11:45:50,134 INFO [19.0] Epoch 250: loss = 7.4325
2020-04-01 11:46:08,140 INFO [18.0] Epoch 251: loss = 7.1537
2020-04-01 11:46:28,267 INFO [20.1] Epoch 252: loss = 7.2675
2020-04-01 11:46:47,029 INFO [18.8] Epoch 253: loss = 7.2558
2020-04-01 11:47:05,507 INFO [18.5] Epoch 254: loss = 7.2710
2020-04-01 11:47:23,702 INFO [18.2] Epoch 255: loss = 7.3415
2020-04-01 11:47:42,192 INFO [18.5] Epoch 256: loss = 7.3119
2020-04-01 11:48:01,935 INFO [19.7] Epoch 257: loss = 7.1300
2020-04-01 11:48:24,025 INFO [22.1] Epoch 258: loss = 7.1299
2020-04-01 11:48:42,543 INFO [18.5] Epoch 259: loss = 7.0883
2020-04-01 11:48:42,544 INFO Start Evaling...
2020-04-01 11:48:54,388 INFO Head: mr:6983.8 mrr:40.10 hits:44.79
2020-04-01 11:48:54,390 INFO Tail: mr:4624.7 mrr:43.33 hits:47.66
2020-04-01 11:48:54,392 INFO All: mr:5804.2 mrr:41.71 hits:46.23
2020-04-01 11:48:54,397 INFO Declined in recent 2 epochs
2020-04-01 11:49:12,652 INFO [18.3] Epoch 260: loss = 7.3364
2020-04-01 11:49:32,530 INFO [19.9] Epoch 261: loss = 7.2337
2020-04-01 11:49:51,705 INFO [19.2] Epoch 262: loss = 7.3575
2020-04-01 11:50:10,591 INFO [18.9] Epoch 263: loss = 7.3835
2020-04-01 11:50:31,018 INFO [20.4] Epoch 264: loss = 7.3543
2020-04-01 11:50:49,298 INFO [18.3] Epoch 265: loss = 7.1230
2020-04-01 11:51:08,367 INFO [19.1] Epoch 266: loss = 7.1280
2020-04-01 11:51:27,590 INFO [19.2] Epoch 267: loss = 7.1923
2020-04-01 11:51:47,250 INFO [19.7] Epoch 268: loss = 7.0869
2020-04-01 11:52:05,416 INFO [18.2] Epoch 269: loss = 7.3461
2020-04-01 11:52:05,417 INFO Start Evaling...
2020-04-01 11:52:20,639 INFO Head: mr:6997.4 mrr:40.05 hits:44.89
2020-04-01 11:52:20,640 INFO Tail: mr:4600.7 mrr:43.44 hits:47.53
2020-04-01 11:52:20,642 INFO All: mr:5799.0 mrr:41.74 hits:46.21
2020-04-01 11:52:20,647 INFO Declined in recent 3 epochs
2020-04-01 11:52:40,085 INFO [19.4] Epoch 270: loss = 7.2188
2020-04-01 11:52:58,284 INFO [18.2] Epoch 271: loss = 7.1209
2020-04-01 11:53:15,984 INFO [17.7] Epoch 272: loss = 6.9020
2020-04-01 11:53:36,977 INFO [21.0] Epoch 273: loss = 7.0637
2020-04-01 11:53:55,432 INFO [18.5] Epoch 274: loss = 6.8880
2020-04-01 11:54:14,087 INFO [18.7] Epoch 275: loss = 7.2417
2020-04-01 11:54:31,819 INFO [17.7] Epoch 276: loss = 7.0103
2020-04-01 11:54:49,069 INFO [17.3] Epoch 277: loss = 7.1405
2020-04-01 11:55:06,739 INFO [17.7] Epoch 278: loss = 7.0067
2020-04-01 11:55:24,199 INFO [17.5] Epoch 279: loss = 7.1285
2020-04-01 11:55:24,200 INFO Start Evaling...
2020-04-01 11:55:37,397 INFO Head: mr:6953.1 mrr:40.21 hits:44.79
2020-04-01 11:55:37,400 INFO Tail: mr:4570.9 mrr:43.57 hits:48.02
2020-04-01 11:55:37,401 INFO All: mr:5762.0 mrr:41.89 hits:46.41
2020-04-01 11:55:37,406 INFO Improved and model saved
2020-04-01 11:55:54,750 INFO [17.3] Epoch 280: loss = 7.0511
2020-04-01 11:56:13,824 INFO [19.1] Epoch 281: loss = 7.1079
2020-04-01 11:56:30,717 INFO [16.9] Epoch 282: loss = 6.9670
2020-04-01 11:56:49,321 INFO [18.6] Epoch 283: loss = 6.9924
2020-04-01 11:57:07,008 INFO [17.7] Epoch 284: loss = 7.2300
2020-04-01 11:57:24,806 INFO [17.8] Epoch 285: loss = 7.1807
2020-04-01 11:57:41,744 INFO [16.9] Epoch 286: loss = 7.0048
2020-04-01 11:58:00,196 INFO [18.5] Epoch 287: loss = 7.2097
2020-04-01 11:58:17,893 INFO [17.7] Epoch 288: loss = 7.1803
2020-04-01 11:58:36,613 INFO [18.7] Epoch 289: loss = 7.1324
2020-04-01 11:58:36,613 INFO Start Evaling...
2020-04-01 11:58:50,643 INFO Head: mr:6907.6 mrr:40.01 hits:44.56
2020-04-01 11:58:50,644 INFO Tail: mr:4532.0 mrr:43.65 hits:47.82
2020-04-01 11:58:50,644 INFO All: mr:5719.8 mrr:41.83 hits:46.19
2020-04-01 11:58:50,648 INFO Declined in recent 1 epochs
2020-04-01 11:59:08,981 INFO [18.3] Epoch 290: loss = 7.1057
2020-04-01 11:59:27,589 INFO [18.6] Epoch 291: loss = 6.9996
2020-04-01 11:59:45,749 INFO [18.2] Epoch 292: loss = 6.9392
2020-04-01 12:00:03,182 INFO [17.4] Epoch 293: loss = 6.9403
2020-04-01 12:00:21,998 INFO [18.8] Epoch 294: loss = 6.9788
2020-04-01 12:00:39,306 INFO [17.3] Epoch 295: loss = 7.0736
2020-04-01 12:00:56,850 INFO [17.5] Epoch 296: loss = 7.0244
2020-04-01 12:01:14,420 INFO [17.6] Epoch 297: loss = 6.9085
2020-04-01 12:01:32,101 INFO [17.7] Epoch 298: loss = 7.0153
2020-04-01 12:01:50,010 INFO [17.9] Epoch 299: loss = 6.9248
2020-04-01 12:01:50,010 INFO Start Evaling...
2020-04-01 12:02:02,268 INFO Head: mr:6925.1 mrr:39.97 hits:44.56
2020-04-01 12:02:02,268 INFO Tail: mr:4560.0 mrr:43.22 hits:47.63
2020-04-01 12:02:02,268 INFO All: mr:5742.6 mrr:41.59 hits:46.09
2020-04-01 12:02:02,271 INFO Declined in recent 2 epochs
2020-04-01 12:02:19,518 INFO [17.2] Epoch 300: loss = 7.0056
2020-04-01 12:02:38,381 INFO [18.9] Epoch 301: loss = 6.9662
2020-04-01 12:02:57,164 INFO [18.8] Epoch 302: loss = 6.8480
2020-04-01 12:03:15,519 INFO [18.4] Epoch 303: loss = 6.7956
2020-04-01 12:03:33,695 INFO [18.2] Epoch 304: loss = 7.0054
2020-04-01 12:03:52,398 INFO [18.7] Epoch 305: loss = 7.0370
2020-04-01 12:04:10,661 INFO [18.3] Epoch 306: loss = 6.8710
2020-04-01 12:04:28,735 INFO [18.1] Epoch 307: loss = 6.8178
2020-04-01 12:04:45,953 INFO [17.2] Epoch 308: loss = 6.9002
2020-04-01 12:05:04,073 INFO [18.1] Epoch 309: loss = 7.0140
2020-04-01 12:05:04,074 INFO Start Evaling...
2020-04-01 12:05:17,903 INFO Head: mr:6897.9 mrr:40.07 hits:44.79
2020-04-01 12:05:17,905 INFO Tail: mr:4471.9 mrr:43.50 hits:47.79
2020-04-01 12:05:17,906 INFO All: mr:5684.9 mrr:41.79 hits:46.29
2020-04-01 12:05:17,911 INFO Declined in recent 3 epochs
2020-04-01 12:05:37,158 INFO [19.2] Epoch 310: loss = 6.9460
2020-04-01 12:05:54,880 INFO [17.7] Epoch 311: loss = 6.9107
2020-04-01 12:06:12,647 INFO [17.8] Epoch 312: loss = 7.0085
2020-04-01 12:06:32,310 INFO [19.7] Epoch 313: loss = 6.9076
2020-04-01 12:06:49,386 INFO [17.1] Epoch 314: loss = 6.7824
2020-04-01 12:07:08,519 INFO [19.1] Epoch 315: loss = 6.9167
2020-04-01 12:07:27,026 INFO [18.5] Epoch 316: loss = 6.9307
2020-04-01 12:07:44,814 INFO [17.8] Epoch 317: loss = 6.8461
2020-04-01 12:08:02,383 INFO [17.6] Epoch 318: loss = 7.1725
2020-04-01 12:08:21,854 INFO [19.5] Epoch 319: loss = 6.9836
2020-04-01 12:08:21,854 INFO Start Evaling...
2020-04-01 12:08:37,500 INFO Head: mr:6860.0 mrr:40.09 hits:44.66
2020-04-01 12:08:37,501 INFO Tail: mr:4417.6 mrr:43.29 hits:47.69
2020-04-01 12:08:37,502 INFO All: mr:5638.8 mrr:41.69 hits:46.18
2020-04-01 12:08:37,508 INFO Declined in recent 4 epochs
2020-04-01 12:08:53,809 INFO [16.3] Epoch 320: loss = 6.8562
2020-04-01 12:09:11,389 INFO [17.6] Epoch 321: loss = 6.8312
2020-04-01 12:09:29,900 INFO [18.5] Epoch 322: loss = 6.7589
2020-04-01 12:09:46,714 INFO [16.8] Epoch 323: loss = 6.9146
2020-04-01 12:10:04,075 INFO [17.4] Epoch 324: loss = 6.6662
2020-04-01 12:10:22,339 INFO [18.3] Epoch 325: loss = 6.8054
2020-04-01 12:10:39,501 INFO [17.2] Epoch 326: loss = 6.8242
2020-04-01 12:10:57,747 INFO [18.2] Epoch 327: loss = 6.6865
2020-04-01 12:11:13,943 INFO [16.2] Epoch 328: loss = 6.8421
2020-04-01 12:11:31,255 INFO [17.3] Epoch 329: loss = 6.7929
2020-04-01 12:11:31,255 INFO Start Evaling...
2020-04-01 12:11:45,111 INFO Head: mr:6871.7 mrr:40.06 hits:45.02
2020-04-01 12:11:45,113 INFO Tail: mr:4444.0 mrr:43.71 hits:48.22
2020-04-01 12:11:45,114 INFO All: mr:5657.8 mrr:41.88 hits:46.62
2020-04-01 12:11:45,120 INFO Improved and model saved
2020-04-01 12:12:03,783 INFO [18.6] Epoch 330: loss = 6.7462
2020-04-01 12:12:23,143 INFO [19.4] Epoch 331: loss = 6.8542
2020-04-01 12:12:40,806 INFO [17.7] Epoch 332: loss = 6.7467
2020-04-01 12:12:59,754 INFO [18.9] Epoch 333: loss = 6.8422
2020-04-01 12:13:16,773 INFO [17.0] Epoch 334: loss = 6.7730
2020-04-01 12:13:35,271 INFO [18.5] Epoch 335: loss = 6.8938
2020-04-01 12:13:54,353 INFO [19.1] Epoch 336: loss = 6.7532
2020-04-01 12:14:13,697 INFO [19.3] Epoch 337: loss = 6.9063
2020-04-01 12:14:31,804 INFO [18.1] Epoch 338: loss = 6.7650
2020-04-01 12:14:48,851 INFO [17.0] Epoch 339: loss = 6.8308
2020-04-01 12:14:48,851 INFO Start Evaling...
2020-04-01 12:15:00,920 INFO Head: mr:6849.8 mrr:40.09 hits:45.68
2020-04-01 12:15:00,921 INFO Tail: mr:4393.1 mrr:43.52 hits:48.12
2020-04-01 12:15:00,923 INFO All: mr:5621.5 mrr:41.80 hits:46.90
2020-04-01 12:15:00,928 INFO Improved and model saved
2020-04-01 12:15:17,583 INFO [16.6] Epoch 340: loss = 6.6667
2020-04-01 12:15:34,671 INFO [17.1] Epoch 341: loss = 6.8573
2020-04-01 12:15:52,484 INFO [17.8] Epoch 342: loss = 6.6459
2020-04-01 12:16:09,914 INFO [17.4] Epoch 343: loss = 6.8070
2020-04-01 12:16:27,969 INFO [18.1] Epoch 344: loss = 6.6924
2020-04-01 12:16:44,837 INFO [16.9] Epoch 345: loss = 6.6432
2020-04-01 12:17:03,323 INFO [18.5] Epoch 346: loss = 6.7243
2020-04-01 12:17:21,260 INFO [17.9] Epoch 347: loss = 6.6630
2020-04-01 12:17:38,147 INFO [16.9] Epoch 348: loss = 6.9388
2020-04-01 12:17:54,752 INFO [16.6] Epoch 349: loss = 6.8879
2020-04-01 12:17:54,753 INFO Start Evaling...
2020-04-01 12:18:07,183 INFO Head: mr:6855.0 mrr:40.38 hits:45.42
2020-04-01 12:18:07,184 INFO Tail: mr:4352.1 mrr:43.74 hits:48.12
2020-04-01 12:18:07,186 INFO All: mr:5603.5 mrr:42.06 hits:46.77
2020-04-01 12:18:07,191 INFO Declined in recent 1 epochs
2020-04-01 12:18:23,587 INFO [16.4] Epoch 350: loss = 6.7812
2020-04-01 12:18:40,253 INFO [16.7] Epoch 351: loss = 6.6738
2020-04-01 12:18:56,684 INFO [16.4] Epoch 352: loss = 6.6701
2020-04-01 12:19:15,210 INFO [18.5] Epoch 353: loss = 6.5561
2020-04-01 12:19:33,577 INFO [18.4] Epoch 354: loss = 6.7758
2020-04-01 12:19:51,493 INFO [17.9] Epoch 355: loss = 6.6968
2020-04-01 12:20:09,101 INFO [17.6] Epoch 356: loss = 6.7420
2020-04-01 12:20:27,085 INFO [18.0] Epoch 357: loss = 6.6356
2020-04-01 12:20:44,137 INFO [17.1] Epoch 358: loss = 6.7738
2020-04-01 12:21:02,161 INFO [18.0] Epoch 359: loss = 6.7089
2020-04-01 12:21:02,162 INFO Start Evaling...
2020-04-01 12:21:14,645 INFO Head: mr:6870.8 mrr:40.24 hits:45.19
2020-04-01 12:21:14,647 INFO Tail: mr:4371.7 mrr:43.93 hits:48.71
2020-04-01 12:21:14,648 INFO All: mr:5621.3 mrr:42.09 hits:46.95
2020-04-01 12:21:14,653 INFO Improved and model saved
2020-04-01 12:21:30,985 INFO [16.3] Epoch 360: loss = 6.7595
2020-04-01 12:21:48,815 INFO [17.8] Epoch 361: loss = 6.6179
2020-04-01 12:22:05,369 INFO [16.6] Epoch 362: loss = 6.6640
2020-04-01 12:22:22,659 INFO [17.3] Epoch 363: loss = 6.8025
2020-04-01 12:22:40,858 INFO [18.2] Epoch 364: loss = 6.6645
2020-04-01 12:22:59,824 INFO [19.0] Epoch 365: loss = 6.7034
2020-04-01 12:23:17,257 INFO [17.4] Epoch 366: loss = 6.8495
2020-04-01 12:23:34,482 INFO [17.2] Epoch 367: loss = 6.6032
2020-04-01 12:23:52,529 INFO [18.0] Epoch 368: loss = 6.6814
2020-04-01 12:24:10,069 INFO [17.5] Epoch 369: loss = 6.5505
2020-04-01 12:24:10,069 INFO Start Evaling...
2020-04-01 12:24:23,542 INFO Head: mr:6848.0 mrr:40.28 hits:45.55
2020-04-01 12:24:23,546 INFO Tail: mr:4379.1 mrr:43.87 hits:48.32
2020-04-01 12:24:23,547 INFO All: mr:5613.5 mrr:42.07 hits:46.93
2020-04-01 12:24:23,552 INFO Declined in recent 1 epochs
2020-04-01 12:24:40,521 INFO [17.0] Epoch 370: loss = 6.6788
2020-04-01 12:24:59,054 INFO [18.5] Epoch 371: loss = 6.6738
2020-04-01 12:25:16,562 INFO [17.5] Epoch 372: loss = 6.6549
2020-04-01 12:25:33,994 INFO [17.4] Epoch 373: loss = 6.5672
2020-04-01 12:25:50,756 INFO [16.8] Epoch 374: loss = 6.4533
2020-04-01 12:26:09,740 INFO [19.0] Epoch 375: loss = 6.6622
2020-04-01 12:26:25,721 INFO [16.0] Epoch 376: loss = 6.7273
2020-04-01 12:26:43,754 INFO [18.0] Epoch 377: loss = 6.6055
2020-04-01 12:27:02,039 INFO [18.3] Epoch 378: loss = 6.4380
2020-04-01 12:27:19,105 INFO [17.1] Epoch 379: loss = 6.6410
2020-04-01 12:27:19,105 INFO Start Evaling...
2020-04-01 12:27:32,136 INFO Head: mr:6809.0 mrr:40.26 hits:45.35
2020-04-01 12:27:32,137 INFO Tail: mr:4332.4 mrr:43.93 hits:48.15
2020-04-01 12:27:32,139 INFO All: mr:5570.7 mrr:42.09 hits:46.75
2020-04-01 12:27:32,145 INFO Declined in recent 2 epochs
2020-04-01 12:27:48,947 INFO [16.8] Epoch 380: loss = 6.5099
2020-04-01 12:28:06,728 INFO [17.8] Epoch 381: loss = 6.5346
2020-04-01 12:28:24,647 INFO [17.9] Epoch 382: loss = 6.6754
2020-04-01 12:28:42,298 INFO [17.7] Epoch 383: loss = 6.6148
2020-04-01 12:28:59,752 INFO [17.5] Epoch 384: loss = 6.5559
2020-04-01 12:29:18,110 INFO [18.4] Epoch 385: loss = 6.5080
2020-04-01 12:29:35,928 INFO [17.8] Epoch 386: loss = 6.5187
2020-04-01 12:29:53,662 INFO [17.7] Epoch 387: loss = 6.6827
2020-04-01 12:30:11,236 INFO [17.6] Epoch 388: loss = 6.5165
2020-04-01 12:30:28,737 INFO [17.5] Epoch 389: loss = 6.4734
2020-04-01 12:30:28,737 INFO Start Evaling...
2020-04-01 12:30:41,218 INFO Head: mr:6786.7 mrr:40.19 hits:45.15
2020-04-01 12:30:41,218 INFO Tail: mr:4291.8 mrr:43.69 hits:48.32
2020-04-01 12:30:41,218 INFO All: mr:5539.2 mrr:41.94 hits:46.74
2020-04-01 12:30:41,223 INFO Declined in recent 3 epochs
2020-04-01 12:30:58,209 INFO [17.0] Epoch 390: loss = 6.5470
2020-04-01 12:31:15,583 INFO [17.4] Epoch 391: loss = 6.6748
2020-04-01 12:31:33,289 INFO [17.7] Epoch 392: loss = 6.5099
2020-04-01 12:31:50,957 INFO [17.7] Epoch 393: loss = 6.5949
2020-04-01 12:32:08,159 INFO [17.2] Epoch 394: loss = 6.5261
2020-04-01 12:32:25,692 INFO [17.5] Epoch 395: loss = 6.5906
2020-04-01 12:32:45,264 INFO [19.6] Epoch 396: loss = 6.6356
2020-04-01 12:33:02,803 INFO [17.5] Epoch 397: loss = 6.5544
2020-04-01 12:33:21,092 INFO [18.3] Epoch 398: loss = 6.5894
2020-04-01 12:33:39,630 INFO [18.5] Epoch 399: loss = 6.6873
2020-04-01 12:33:39,631 INFO Start Evaling...
2020-04-01 12:33:53,944 INFO Head: mr:6763.2 mrr:40.19 hits:45.25
2020-04-01 12:33:53,952 INFO Tail: mr:4321.8 mrr:43.73 hits:48.32
2020-04-01 12:33:53,954 INFO All: mr:5542.5 mrr:41.96 hits:46.79
2020-04-01 12:33:53,964 INFO Declined in recent 4 epochs
2020-04-01 12:34:11,933 INFO [18.0] Epoch 400: loss = 6.5799
2020-04-01 12:34:30,353 INFO [18.4] Epoch 401: loss = 6.4902
2020-04-01 12:34:48,752 INFO [18.4] Epoch 402: loss = 6.3360
2020-04-01 12:35:06,445 INFO [17.7] Epoch 403: loss = 6.4107
2020-04-01 12:35:23,710 INFO [17.3] Epoch 404: loss = 6.4674
2020-04-01 12:35:41,016 INFO [17.3] Epoch 405: loss = 6.4847
2020-04-01 12:35:59,543 INFO [18.5] Epoch 406: loss = 6.3687
2020-04-01 12:36:18,271 INFO [18.7] Epoch 407: loss = 6.5224
2020-04-01 12:36:36,479 INFO [18.2] Epoch 408: loss = 6.1781
2020-04-01 12:36:54,983 INFO [18.5] Epoch 409: loss = 6.3182
2020-04-01 12:36:54,984 INFO Start Evaling...
2020-04-01 12:37:05,933 INFO Head: mr:6759.6 mrr:40.12 hits:45.09
2020-04-01 12:37:05,934 INFO Tail: mr:4353.8 mrr:43.87 hits:48.02
2020-04-01 12:37:05,934 INFO All: mr:5556.7 mrr:41.99 hits:46.56
2020-04-01 12:37:05,938 INFO Declined in recent 5 epochs
2020-04-01 12:37:05,939 INFO Early stopping
2020-04-01 12:37:05,939 INFO Train done
2020-04-01 12:37:05,949 INFO Start Evaling...
2020-04-01 12:37:19,233 INFO Head: mr:6952.0 mrr:39.05 hits:44.83
2020-04-01 12:37:19,235 INFO Tail: mr:4297.4 mrr:43.89 hits:48.60
2020-04-01 12:37:19,236 INFO All: mr:5624.7 mrr:41.47 hits:46.71
