2020-04-01 10:21:43,755 INFO EPOCH: 1000
2020-04-01 10:21:43,756 INFO EVERY: 10
2020-04-01 10:21:43,756 INFO LR: 0.001
2020-04-01 10:21:43,756 INFO DIM: 100
2020-04-01 10:21:43,756 INFO BATCH_SIZE: 256
2020-04-01 10:21:43,756 INFO BATCH_SIZE2: 100
2020-04-01 10:21:43,756 INFO P: 1
2020-04-01 10:21:43,756 INFO CLIPPING_MAX_VALUE: 4.0
2020-04-01 10:21:43,756 INFO OPTIM: Adam
2020-04-01 10:21:43,756 INFO N_SAMPLE: 12
2020-04-01 10:21:43,756 INFO MODE: adve
2020-04-01 10:21:43,756 INFO GAMMA: 12.0
2020-04-01 10:21:43,756 INFO BERN: True
2020-04-01 10:21:43,756 INFO MARGIN: 4.0
2020-04-01 10:21:43,756 INFO REG: 1.0
2020-04-01 10:21:43,756 INFO LABEL_SMOOTH_EPS: 0.1
2020-04-01 10:21:43,756 INFO INPUT_DROP: 0.2
2020-04-01 10:21:43,756 INFO FEAT_DROP: 0.2
2020-04-01 10:21:43,756 INFO HIDD_DROP: 0.3
2020-04-01 10:21:43,756 INFO CHANNELS: 50
2020-04-01 10:21:43,757 INFO KERNEL_SIZE: 3
2020-04-01 10:21:43,757 INFO N_POOL: 100
2020-04-01 10:21:43,757 INFO MODEL_D: TransH
2020-04-01 10:21:43,757 INFO MODEL_G: DistMult
2020-04-01 10:21:43,757 INFO SCRATCH: False
2020-04-01 10:21:43,757 INFO D_FILE: None
2020-04-01 10:21:43,757 INFO G_FILE: None
2020-04-01 10:21:43,757 INFO PATH: data
2020-04-01 10:21:43,757 INFO DATA: WN18RR
2020-04-01 10:21:43,757 INFO EXP_PATH: experiment/WN18RR
2020-04-01 10:21:43,757 INFO MODEL: DistMult
2020-04-01 10:21:43,757 INFO V: 0
2020-04-01 10:21:43,757 INFO F: False
2020-04-01 10:21:43,757 INFO EVAL: False
2020-04-01 10:21:43,757 INFO TRAINED: False
2020-04-01 10:21:43,757 INFO PRETRAINED_NAME: None
2020-04-01 10:21:43,757 INFO EXP_NAME: DistMult-WN18RR-adve-0
2020-04-01 10:21:43,757 INFO --------------------------------------
2020-04-01 10:21:46,747 INFO Dataload done
2020-04-01 10:21:46,748 INFO --------------------------------------
2020-04-01 10:21:46,748 INFO N_ENTITY: 40943
2020-04-01 10:21:46,748 INFO N_RELATION: 11
2020-04-01 10:21:46,748 INFO --------------------------------------
2020-04-01 10:21:51,448 INFO Start Evaling...
2020-04-01 10:22:11,236 INFO Head: mr:20599.8 mrr:0.02 hits:0.00
2020-04-01 10:22:11,238 INFO Tail: mr:20602.4 mrr:0.02 hits:0.03
2020-04-01 10:22:11,239 INFO All: mr:20601.1 mrr:0.02 hits:0.02
2020-04-01 10:22:11,244 INFO Start Training...
2020-04-01 10:22:28,488 INFO [17.2] Epoch 0: loss = 353.9804
2020-04-01 10:22:46,947 INFO [18.5] Epoch 1: loss = 350.6158
2020-04-01 10:23:06,853 INFO [19.9] Epoch 2: loss = 333.1552
2020-04-01 10:23:25,129 INFO [18.3] Epoch 3: loss = 303.2259
2020-04-01 10:23:43,872 INFO [18.7] Epoch 4: loss = 273.1207
2020-04-01 10:24:02,250 INFO [18.4] Epoch 5: loss = 252.7129
2020-04-01 10:24:22,100 INFO [19.8] Epoch 6: loss = 241.6809
2020-04-01 10:24:41,159 INFO [19.1] Epoch 7: loss = 235.8928
2020-04-01 10:25:00,974 INFO [19.8] Epoch 8: loss = 232.3890
2020-04-01 10:25:21,712 INFO [20.7] Epoch 9: loss = 229.7200
2020-04-01 10:25:21,712 INFO Start Evaling...
2020-04-01 10:25:39,285 INFO Head: mr:8358.8 mrr:30.66 hits:40.84
2020-04-01 10:25:39,288 INFO Tail: mr:8153.9 mrr:32.26 hits:42.52
2020-04-01 10:25:39,289 INFO All: mr:8256.4 mrr:31.46 hits:41.68
2020-04-01 10:25:39,294 INFO Improved and model saved
2020-04-01 10:25:58,117 INFO [18.8] Epoch 10: loss = 226.4394
2020-04-01 10:26:17,447 INFO [19.3] Epoch 11: loss = 221.0254
2020-04-01 10:26:35,668 INFO [18.2] Epoch 12: loss = 213.3542
2020-04-01 10:26:54,950 INFO [19.3] Epoch 13: loss = 203.0865
2020-04-01 10:27:13,230 INFO [18.3] Epoch 14: loss = 193.3847
2020-04-01 10:27:31,862 INFO [18.6] Epoch 15: loss = 184.9047
2020-04-01 10:27:50,442 INFO [18.6] Epoch 16: loss = 178.5472
2020-04-01 10:28:10,415 INFO [20.0] Epoch 17: loss = 173.2035
2020-04-01 10:28:29,552 INFO [19.1] Epoch 18: loss = 168.9291
2020-04-01 10:28:51,293 INFO [21.7] Epoch 19: loss = 165.2922
2020-04-01 10:28:51,294 INFO Start Evaling...
2020-04-01 10:29:07,769 INFO Head: mr:7892.3 mrr:37.23 hits:41.92
2020-04-01 10:29:07,771 INFO Tail: mr:7040.2 mrr:39.45 hits:43.44
2020-04-01 10:29:07,772 INFO All: mr:7466.3 mrr:38.34 hits:42.68
2020-04-01 10:29:07,776 INFO Improved and model saved
2020-04-01 10:29:26,620 INFO [18.8] Epoch 20: loss = 161.7493
2020-04-01 10:29:46,585 INFO [20.0] Epoch 21: loss = 159.2374
2020-04-01 10:30:06,138 INFO [19.6] Epoch 22: loss = 156.3695
2020-04-01 10:30:24,678 INFO [18.5] Epoch 23: loss = 153.3904
2020-04-01 10:30:43,384 INFO [18.7] Epoch 24: loss = 151.7532
2020-04-01 10:31:04,094 INFO [20.7] Epoch 25: loss = 149.1659
2020-04-01 10:31:23,230 INFO [19.1] Epoch 26: loss = 146.5009
2020-04-01 10:31:42,700 INFO [19.5] Epoch 27: loss = 144.1736
2020-04-01 10:32:04,225 INFO [21.5] Epoch 28: loss = 142.4379
2020-04-01 10:32:25,167 INFO [20.9] Epoch 29: loss = 140.3427
2020-04-01 10:32:25,168 INFO Start Evaling...
2020-04-01 10:32:39,865 INFO Head: mr:7364.0 mrr:38.05 hits:42.49
2020-04-01 10:32:39,865 INFO Tail: mr:6876.1 mrr:40.54 hits:44.26
2020-04-01 10:32:39,865 INFO All: mr:7120.1 mrr:39.29 hits:43.38
2020-04-01 10:32:39,869 INFO Improved and model saved
2020-04-01 10:32:57,778 INFO [17.9] Epoch 30: loss = 137.9550
2020-04-01 10:33:15,917 INFO [18.1] Epoch 31: loss = 136.3026
2020-04-01 10:33:35,458 INFO [19.5] Epoch 32: loss = 134.6068
2020-04-01 10:33:56,000 INFO [20.5] Epoch 33: loss = 132.4167
2020-04-01 10:34:16,240 INFO [20.2] Epoch 34: loss = 131.0717
2020-04-01 10:34:34,488 INFO [18.2] Epoch 35: loss = 129.3400
2020-04-01 10:34:52,457 INFO [18.0] Epoch 36: loss = 127.0756
2020-04-01 10:35:13,440 INFO [21.0] Epoch 37: loss = 125.7164
2020-04-01 10:35:32,674 INFO [19.2] Epoch 38: loss = 123.5020
2020-04-01 10:35:53,975 INFO [21.3] Epoch 39: loss = 121.9617
2020-04-01 10:35:53,976 INFO Start Evaling...
2020-04-01 10:36:10,114 INFO Head: mr:6919.6 mrr:38.76 hits:43.24
2020-04-01 10:36:10,116 INFO Tail: mr:6746.1 mrr:41.24 hits:45.15
2020-04-01 10:36:10,117 INFO All: mr:6832.9 mrr:40.00 hits:44.20
2020-04-01 10:36:10,122 INFO Improved and model saved
2020-04-01 10:36:30,256 INFO [20.1] Epoch 40: loss = 121.0564
2020-04-01 10:36:52,523 INFO [22.3] Epoch 41: loss = 119.3693
2020-04-01 10:37:10,976 INFO [18.5] Epoch 42: loss = 117.6703
2020-04-01 10:37:30,591 INFO [19.6] Epoch 43: loss = 116.5573
2020-04-01 10:37:49,332 INFO [18.7] Epoch 44: loss = 115.2536
2020-04-01 10:38:08,433 INFO [19.1] Epoch 45: loss = 113.9692
2020-04-01 10:38:28,614 INFO [20.2] Epoch 46: loss = 112.6563
2020-04-01 10:38:48,639 INFO [20.0] Epoch 47: loss = 110.8306
2020-04-01 10:39:07,859 INFO [19.2] Epoch 48: loss = 110.1216
2020-04-01 10:39:28,254 INFO [20.4] Epoch 49: loss = 108.6338
2020-04-01 10:39:28,254 INFO Start Evaling...
2020-04-01 10:39:46,406 INFO Head: mr:6661.2 mrr:39.19 hits:43.61
2020-04-01 10:39:46,406 INFO Tail: mr:6498.8 mrr:42.03 hits:45.78
2020-04-01 10:39:46,406 INFO All: mr:6580.0 mrr:40.61 hits:44.69
2020-04-01 10:39:46,410 INFO Improved and model saved
2020-04-01 10:40:04,985 INFO [18.5] Epoch 50: loss = 107.6103
2020-04-01 10:40:25,757 INFO [20.8] Epoch 51: loss = 106.7360
2020-04-01 10:40:44,681 INFO [18.9] Epoch 52: loss = 105.1867
2020-04-01 10:41:04,314 INFO [19.6] Epoch 53: loss = 104.8971
2020-04-01 10:41:23,139 INFO [18.8] Epoch 54: loss = 103.5596
2020-04-01 10:41:43,060 INFO [19.9] Epoch 55: loss = 103.1373
2020-04-01 10:42:04,733 INFO [21.7] Epoch 56: loss = 102.2594
2020-04-01 10:42:23,921 INFO [19.2] Epoch 57: loss = 100.4812
2020-04-01 10:42:45,237 INFO [21.3] Epoch 58: loss = 99.8941
2020-04-01 10:43:04,128 INFO [18.9] Epoch 59: loss = 99.2349
2020-04-01 10:43:04,129 INFO Start Evaling...
2020-04-01 10:43:17,594 INFO Head: mr:6431.6 mrr:39.44 hits:44.36
2020-04-01 10:43:17,596 INFO Tail: mr:6213.3 mrr:42.41 hits:46.54
2020-04-01 10:43:17,597 INFO All: mr:6322.5 mrr:40.92 hits:45.45
2020-04-01 10:43:17,603 INFO Improved and model saved
2020-04-01 10:43:37,073 INFO [19.4] Epoch 60: loss = 98.4228
2020-04-01 10:43:56,176 INFO [19.1] Epoch 61: loss = 98.0848
2020-04-01 10:44:15,372 INFO [19.2] Epoch 62: loss = 97.1241
2020-04-01 10:44:33,961 INFO [18.6] Epoch 63: loss = 96.1493
2020-04-01 10:44:52,720 INFO [18.8] Epoch 64: loss = 95.8504
2020-04-01 10:45:12,824 INFO [20.1] Epoch 65: loss = 95.0975
2020-04-01 10:45:32,559 INFO [19.7] Epoch 66: loss = 94.6558
2020-04-01 10:45:51,980 INFO [19.4] Epoch 67: loss = 93.4964
2020-04-01 10:46:11,130 INFO [19.1] Epoch 68: loss = 93.5992
2020-04-01 10:46:30,586 INFO [19.5] Epoch 69: loss = 93.1882
2020-04-01 10:46:30,587 INFO Start Evaling...
2020-04-01 10:46:44,622 INFO Head: mr:6313.9 mrr:39.33 hits:44.66
2020-04-01 10:46:44,623 INFO Tail: mr:5849.1 mrr:42.75 hits:46.47
2020-04-01 10:46:44,623 INFO All: mr:6081.5 mrr:41.04 hits:45.57
2020-04-01 10:46:44,627 INFO Improved and model saved
2020-04-01 10:47:03,142 INFO [18.5] Epoch 70: loss = 91.6232
2020-04-01 10:47:22,659 INFO [19.5] Epoch 71: loss = 91.5742
2020-04-01 10:47:41,864 INFO [19.2] Epoch 72: loss = 91.3507
2020-04-01 10:48:00,589 INFO [18.7] Epoch 73: loss = 91.2487
2020-04-01 10:48:19,778 INFO [19.2] Epoch 74: loss = 90.4587
2020-04-01 10:48:38,805 INFO [19.0] Epoch 75: loss = 90.0857
2020-04-01 10:49:00,610 INFO [21.8] Epoch 76: loss = 88.1538
2020-04-01 10:49:20,243 INFO [19.6] Epoch 77: loss = 89.3059
2020-04-01 10:49:41,767 INFO [21.5] Epoch 78: loss = 88.6911
2020-04-01 10:50:01,829 INFO [20.1] Epoch 79: loss = 86.8924
2020-04-01 10:50:01,830 INFO Start Evaling...
2020-04-01 10:50:14,496 INFO Head: mr:6258.1 mrr:39.54 hits:44.23
2020-04-01 10:50:14,498 INFO Tail: mr:5611.6 mrr:42.90 hits:46.54
2020-04-01 10:50:14,499 INFO All: mr:5934.9 mrr:41.22 hits:45.39
2020-04-01 10:50:14,505 INFO Declined in recent 1 epochs
2020-04-01 10:50:34,646 INFO [20.1] Epoch 80: loss = 87.4445
2020-04-01 10:50:54,288 INFO [19.6] Epoch 81: loss = 87.3015
2020-04-01 10:51:13,633 INFO [19.3] Epoch 82: loss = 86.9629
2020-04-01 10:51:32,981 INFO [19.3] Epoch 83: loss = 86.9631
2020-04-01 10:51:53,382 INFO [20.4] Epoch 84: loss = 85.9295
2020-04-01 10:52:13,708 INFO [20.3] Epoch 85: loss = 85.6491
2020-04-01 10:52:33,070 INFO [19.4] Epoch 86: loss = 84.8294
2020-04-01 10:52:54,067 INFO [21.0] Epoch 87: loss = 84.1141
2020-04-01 10:53:13,988 INFO [19.9] Epoch 88: loss = 84.5049
2020-04-01 10:53:33,419 INFO [19.4] Epoch 89: loss = 84.3471
2020-04-01 10:53:33,419 INFO Start Evaling...
2020-04-01 10:53:47,833 INFO Head: mr:6229.7 mrr:39.33 hits:44.69
2020-04-01 10:53:47,834 INFO Tail: mr:5485.8 mrr:42.99 hits:47.30
2020-04-01 10:53:47,834 INFO All: mr:5857.7 mrr:41.16 hits:46.00
2020-04-01 10:53:47,839 INFO Improved and model saved
2020-04-01 10:54:06,089 INFO [18.2] Epoch 90: loss = 84.6176
2020-04-01 10:54:25,728 INFO [19.6] Epoch 91: loss = 83.8142
2020-04-01 10:54:46,252 INFO [20.5] Epoch 92: loss = 83.4743
2020-04-01 10:55:05,685 INFO [19.4] Epoch 93: loss = 82.6674
2020-04-01 10:55:25,117 INFO [19.4] Epoch 94: loss = 82.5780
2020-04-01 10:55:44,926 INFO [19.8] Epoch 95: loss = 82.1106
2020-04-01 10:56:03,794 INFO [18.9] Epoch 96: loss = 82.9729
2020-04-01 10:56:24,094 INFO [20.3] Epoch 97: loss = 81.6614
2020-04-01 10:56:43,581 INFO [19.5] Epoch 98: loss = 81.7827
2020-04-01 10:57:04,090 INFO [20.5] Epoch 99: loss = 81.1948
2020-04-01 10:57:04,090 INFO Start Evaling...
2020-04-01 10:57:16,541 INFO Head: mr:6136.4 mrr:39.80 hits:44.83
2020-04-01 10:57:16,542 INFO Tail: mr:5283.3 mrr:43.30 hits:47.40
2020-04-01 10:57:16,542 INFO All: mr:5709.9 mrr:41.55 hits:46.11
2020-04-01 10:57:16,544 INFO Improved and model saved
2020-04-01 10:57:35,342 INFO [18.8] Epoch 100: loss = 80.4605
2020-04-01 10:57:54,268 INFO [18.9] Epoch 101: loss = 80.9734
2020-04-01 10:58:13,313 INFO [19.0] Epoch 102: loss = 81.1821
2020-04-01 10:58:31,662 INFO [18.3] Epoch 103: loss = 80.0803
2020-04-01 10:58:51,646 INFO [20.0] Epoch 104: loss = 79.2845
2020-04-01 10:59:11,531 INFO [19.9] Epoch 105: loss = 78.7735
2020-04-01 10:59:31,068 INFO [19.5] Epoch 106: loss = 79.2270
2020-04-01 10:59:49,375 INFO [18.3] Epoch 107: loss = 79.0570
2020-04-01 11:00:09,530 INFO [20.2] Epoch 108: loss = 78.7464
2020-04-01 11:00:30,380 INFO [20.9] Epoch 109: loss = 78.7009
2020-04-01 11:00:30,381 INFO Start Evaling...
2020-04-01 11:00:44,940 INFO Head: mr:6105.8 mrr:39.69 hits:44.69
2020-04-01 11:00:44,949 INFO Tail: mr:5088.1 mrr:43.43 hits:47.56
2020-04-01 11:00:44,951 INFO All: mr:5597.0 mrr:41.56 hits:46.13
2020-04-01 11:00:44,956 INFO Improved and model saved
2020-04-01 11:01:03,587 INFO [18.6] Epoch 110: loss = 79.5102
2020-04-01 11:01:22,976 INFO [19.4] Epoch 111: loss = 77.8504
2020-04-01 11:01:42,880 INFO [19.9] Epoch 112: loss = 76.9445
2020-04-01 11:02:01,980 INFO [19.1] Epoch 113: loss = 76.2261
2020-04-01 11:02:22,008 INFO [20.0] Epoch 114: loss = 77.5195
2020-04-01 11:02:40,333 INFO [18.3] Epoch 115: loss = 76.8807
2020-04-01 11:02:59,921 INFO [19.6] Epoch 116: loss = 77.6616
2020-04-01 11:03:20,783 INFO [20.9] Epoch 117: loss = 76.0848
2020-04-01 11:03:40,979 INFO [20.2] Epoch 118: loss = 77.5023
2020-04-01 11:04:01,361 INFO [20.4] Epoch 119: loss = 76.4003
2020-04-01 11:04:01,362 INFO Start Evaling...
2020-04-01 11:04:14,131 INFO Head: mr:6093.1 mrr:39.93 hits:45.19
2020-04-01 11:04:14,131 INFO Tail: mr:5056.8 mrr:43.39 hits:47.82
2020-04-01 11:04:14,131 INFO All: mr:5575.0 mrr:41.66 hits:46.51
2020-04-01 11:04:14,136 INFO Improved and model saved
2020-04-01 11:04:33,364 INFO [19.2] Epoch 120: loss = 75.4212
2020-04-01 11:04:51,479 INFO [18.1] Epoch 121: loss = 76.6657
2020-04-01 11:05:11,020 INFO [19.5] Epoch 122: loss = 75.6080
2020-04-01 11:05:30,568 INFO [19.5] Epoch 123: loss = 75.5097
2020-04-01 11:05:50,401 INFO [19.8] Epoch 124: loss = 75.8435
2020-04-01 11:06:09,547 INFO [19.1] Epoch 125: loss = 75.2072
2020-04-01 11:06:30,300 INFO [20.8] Epoch 126: loss = 75.1355
2020-04-01 11:06:50,871 INFO [20.6] Epoch 127: loss = 74.8817
2020-04-01 11:07:10,408 INFO [19.5] Epoch 128: loss = 74.3515
2020-04-01 11:07:30,136 INFO [19.7] Epoch 129: loss = 73.7038
2020-04-01 11:07:30,136 INFO Start Evaling...
2020-04-01 11:07:43,449 INFO Head: mr:6112.1 mrr:39.95 hits:45.25
2020-04-01 11:07:43,451 INFO Tail: mr:4975.2 mrr:43.70 hits:48.19
2020-04-01 11:07:43,452 INFO All: mr:5543.6 mrr:41.83 hits:46.72
2020-04-01 11:07:43,458 INFO Improved and model saved
2020-04-01 11:08:02,072 INFO [18.6] Epoch 130: loss = 74.1563
2020-04-01 11:08:20,699 INFO [18.6] Epoch 131: loss = 73.9368
2020-04-01 11:08:39,947 INFO [19.2] Epoch 132: loss = 73.7489
2020-04-01 11:08:59,783 INFO [19.8] Epoch 133: loss = 74.9675
2020-04-01 11:09:18,697 INFO [18.9] Epoch 134: loss = 73.4517
2020-04-01 11:09:39,225 INFO [20.5] Epoch 135: loss = 74.2208
2020-04-01 11:09:58,454 INFO [19.2] Epoch 136: loss = 73.9076
2020-04-01 11:10:18,377 INFO [19.9] Epoch 137: loss = 73.2767
2020-04-01 11:10:38,119 INFO [19.7] Epoch 138: loss = 73.7008
2020-04-01 11:10:59,688 INFO [21.6] Epoch 139: loss = 71.8199
2020-04-01 11:10:59,688 INFO Start Evaling...
2020-04-01 11:11:14,373 INFO Head: mr:6085.7 mrr:40.05 hits:45.48
2020-04-01 11:11:14,373 INFO Tail: mr:4834.8 mrr:43.70 hits:48.42
2020-04-01 11:11:14,373 INFO All: mr:5460.3 mrr:41.87 hits:46.95
2020-04-01 11:11:14,375 INFO Improved and model saved
2020-04-01 11:11:33,369 INFO [19.0] Epoch 140: loss = 72.3336
2020-04-01 11:11:52,059 INFO [18.7] Epoch 141: loss = 73.4897
2020-04-01 11:12:12,994 INFO [20.9] Epoch 142: loss = 72.6823
2020-04-01 11:12:33,566 INFO [20.6] Epoch 143: loss = 73.1321
2020-04-01 11:12:53,291 INFO [19.7] Epoch 144: loss = 71.9395
2020-04-01 11:13:11,378 INFO [18.1] Epoch 145: loss = 71.1440
2020-04-01 11:13:30,078 INFO [18.7] Epoch 146: loss = 72.5297
2020-04-01 11:13:50,789 INFO [20.7] Epoch 147: loss = 72.5010
2020-04-01 11:14:09,467 INFO [18.7] Epoch 148: loss = 71.4424
2020-04-01 11:14:28,743 INFO [19.3] Epoch 149: loss = 71.1659
2020-04-01 11:14:28,743 INFO Start Evaling...
2020-04-01 11:14:41,809 INFO Head: mr:6080.8 mrr:40.08 hits:45.25
2020-04-01 11:14:41,811 INFO Tail: mr:4785.6 mrr:44.09 hits:48.71
2020-04-01 11:14:41,812 INFO All: mr:5433.2 mrr:42.08 hits:46.98
2020-04-01 11:14:41,817 INFO Improved and model saved
2020-04-01 11:14:59,844 INFO [18.0] Epoch 150: loss = 70.9127
2020-04-01 11:15:21,865 INFO [22.0] Epoch 151: loss = 70.5378
2020-04-01 11:15:41,325 INFO [19.5] Epoch 152: loss = 71.6248
2020-04-01 11:16:00,314 INFO [19.0] Epoch 153: loss = 70.7791
2020-04-01 11:16:19,351 INFO [19.0] Epoch 154: loss = 69.7362
2020-04-01 11:16:39,209 INFO [19.9] Epoch 155: loss = 70.9286
2020-04-01 11:16:58,928 INFO [19.7] Epoch 156: loss = 71.1066
2020-04-01 11:17:18,538 INFO [19.6] Epoch 157: loss = 70.9762
2020-04-01 11:17:38,087 INFO [19.5] Epoch 158: loss = 70.6691
2020-04-01 11:17:57,302 INFO [19.2] Epoch 159: loss = 70.9007
2020-04-01 11:17:57,303 INFO Start Evaling...
2020-04-01 11:18:10,660 INFO Head: mr:6077.2 mrr:40.11 hits:45.12
2020-04-01 11:18:10,662 INFO Tail: mr:4688.5 mrr:44.18 hits:48.25
2020-04-01 11:18:10,663 INFO All: mr:5382.8 mrr:42.15 hits:46.69
2020-04-01 11:18:10,668 INFO Declined in recent 1 epochs
2020-04-01 11:18:32,213 INFO [21.5] Epoch 160: loss = 69.1419
2020-04-01 11:18:52,136 INFO [19.9] Epoch 161: loss = 70.3273
2020-04-01 11:19:11,658 INFO [19.5] Epoch 162: loss = 69.4372
2020-04-01 11:19:31,353 INFO [19.7] Epoch 163: loss = 69.3878
2020-04-01 11:19:50,179 INFO [18.8] Epoch 164: loss = 69.6168
2020-04-01 11:20:09,934 INFO [19.8] Epoch 165: loss = 69.6440
2020-04-01 11:20:30,035 INFO [20.1] Epoch 166: loss = 68.4920
2020-04-01 11:20:50,907 INFO [20.9] Epoch 167: loss = 69.6561
2020-04-01 11:21:09,597 INFO [18.7] Epoch 168: loss = 69.7233
2020-04-01 11:21:31,078 INFO [21.5] Epoch 169: loss = 69.5856
2020-04-01 11:21:31,078 INFO Start Evaling...
2020-04-01 11:21:43,800 INFO Head: mr:5995.2 mrr:40.12 hits:45.35
2020-04-01 11:21:43,800 INFO Tail: mr:4585.3 mrr:43.92 hits:48.81
2020-04-01 11:21:43,800 INFO All: mr:5290.2 mrr:42.02 hits:47.08
2020-04-01 11:21:43,804 INFO Improved and model saved
2020-04-01 11:22:04,839 INFO [21.0] Epoch 170: loss = 68.4813
2020-04-01 11:22:24,529 INFO [19.7] Epoch 171: loss = 69.4649
2020-04-01 11:22:44,159 INFO [19.6] Epoch 172: loss = 69.4259
2020-04-01 11:23:04,176 INFO [20.0] Epoch 173: loss = 69.5746
2020-04-01 11:23:23,554 INFO [19.4] Epoch 174: loss = 68.4689
2020-04-01 11:23:41,635 INFO [18.1] Epoch 175: loss = 67.9527
2020-04-01 11:24:00,646 INFO [19.0] Epoch 176: loss = 68.7931
2020-04-01 11:24:21,575 INFO [20.9] Epoch 177: loss = 68.9522
2020-04-01 11:24:40,992 INFO [19.4] Epoch 178: loss = 67.5210
2020-04-01 11:25:00,477 INFO [19.5] Epoch 179: loss = 68.8487
2020-04-01 11:25:00,478 INFO Start Evaling...
2020-04-01 11:25:16,976 INFO Head: mr:5975.6 mrr:40.01 hits:45.09
2020-04-01 11:25:16,977 INFO Tail: mr:4537.6 mrr:44.16 hits:48.81
2020-04-01 11:25:16,979 INFO All: mr:5256.6 mrr:42.08 hits:46.95
2020-04-01 11:25:16,988 INFO Declined in recent 1 epochs
2020-04-01 11:25:36,197 INFO [19.2] Epoch 180: loss = 67.7795
2020-04-01 11:25:55,144 INFO [18.9] Epoch 181: loss = 67.8369
2020-04-01 11:26:13,592 INFO [18.4] Epoch 182: loss = 67.6986
2020-04-01 11:26:32,695 INFO [19.1] Epoch 183: loss = 67.6864
2020-04-01 11:26:52,755 INFO [20.1] Epoch 184: loss = 66.3016
2020-04-01 11:27:12,532 INFO [19.8] Epoch 185: loss = 66.4396
2020-04-01 11:27:33,699 INFO [21.2] Epoch 186: loss = 67.0389
2020-04-01 11:27:53,785 INFO [20.1] Epoch 187: loss = 67.9702
2020-04-01 11:28:12,383 INFO [18.6] Epoch 188: loss = 66.0939
2020-04-01 11:28:33,151 INFO [20.8] Epoch 189: loss = 65.7761
2020-04-01 11:28:33,151 INFO Start Evaling...
2020-04-01 11:28:49,740 INFO Head: mr:5993.2 mrr:40.25 hits:45.45
2020-04-01 11:28:49,741 INFO Tail: mr:4482.3 mrr:44.12 hits:48.91
2020-04-01 11:28:49,742 INFO All: mr:5237.7 mrr:42.18 hits:47.18
2020-04-01 11:28:49,748 INFO Improved and model saved
2020-04-01 11:29:08,461 INFO [18.7] Epoch 190: loss = 67.5969
2020-04-01 11:29:28,134 INFO [19.7] Epoch 191: loss = 67.1838
2020-04-01 11:29:47,351 INFO [19.2] Epoch 192: loss = 67.7470
2020-04-01 11:30:05,603 INFO [18.3] Epoch 193: loss = 66.2714
2020-04-01 11:30:26,446 INFO [20.8] Epoch 194: loss = 66.6556
2020-04-01 11:30:44,696 INFO [18.2] Epoch 195: loss = 66.1416
2020-04-01 11:31:05,605 INFO [20.9] Epoch 196: loss = 66.4102
2020-04-01 11:31:24,458 INFO [18.9] Epoch 197: loss = 66.9323
2020-04-01 11:31:43,506 INFO [19.0] Epoch 198: loss = 66.2654
2020-04-01 11:32:02,778 INFO [19.3] Epoch 199: loss = 65.9345
2020-04-01 11:32:02,778 INFO Start Evaling...
2020-04-01 11:32:16,611 INFO Head: mr:6036.3 mrr:40.21 hits:45.58
2020-04-01 11:32:16,613 INFO Tail: mr:4417.6 mrr:44.42 hits:49.04
2020-04-01 11:32:16,615 INFO All: mr:5227.0 mrr:42.32 hits:47.31
2020-04-01 11:32:16,620 INFO Improved and model saved
2020-04-01 11:32:35,555 INFO [18.9] Epoch 200: loss = 65.7302
2020-04-01 11:32:54,060 INFO [18.5] Epoch 201: loss = 67.1860
2020-04-01 11:33:12,680 INFO [18.6] Epoch 202: loss = 65.6258
2020-04-01 11:33:32,720 INFO [20.0] Epoch 203: loss = 65.2441
2020-04-01 11:33:50,590 INFO [17.9] Epoch 204: loss = 65.7411
2020-04-01 11:34:10,140 INFO [19.6] Epoch 205: loss = 66.2584
2020-04-01 11:34:30,712 INFO [20.6] Epoch 206: loss = 65.2100
2020-04-01 11:34:51,631 INFO [20.9] Epoch 207: loss = 64.4387
2020-04-01 11:35:10,986 INFO [19.4] Epoch 208: loss = 64.1269
2020-04-01 11:35:32,593 INFO [21.6] Epoch 209: loss = 64.7792
2020-04-01 11:35:32,593 INFO Start Evaling...
2020-04-01 11:35:47,090 INFO Head: mr:5977.2 mrr:40.01 hits:45.55
2020-04-01 11:35:47,091 INFO Tail: mr:4410.3 mrr:44.30 hits:49.24
2020-04-01 11:35:47,091 INFO All: mr:5193.7 mrr:42.15 hits:47.40
2020-04-01 11:35:47,096 INFO Improved and model saved
2020-04-01 11:36:07,028 INFO [19.9] Epoch 210: loss = 63.2153
2020-04-01 11:36:27,615 INFO [20.6] Epoch 211: loss = 64.8891
2020-04-01 11:36:47,280 INFO [19.7] Epoch 212: loss = 64.6904
2020-04-01 11:37:06,621 INFO [19.3] Epoch 213: loss = 64.9365
2020-04-01 11:37:27,619 INFO [21.0] Epoch 214: loss = 63.6884
2020-04-01 11:37:46,855 INFO [19.2] Epoch 215: loss = 63.5419
2020-04-01 11:38:07,099 INFO [20.2] Epoch 216: loss = 64.4168
2020-04-01 11:38:26,077 INFO [19.0] Epoch 217: loss = 63.7723
2020-04-01 11:38:46,184 INFO [20.1] Epoch 218: loss = 64.2889
2020-04-01 11:39:06,906 INFO [20.7] Epoch 219: loss = 64.6886
2020-04-01 11:39:06,906 INFO Start Evaling...
2020-04-01 11:39:22,290 INFO Head: mr:5960.7 mrr:40.37 hits:45.48
2020-04-01 11:39:22,291 INFO Tail: mr:4284.9 mrr:44.41 hits:49.41
2020-04-01 11:39:22,293 INFO All: mr:5122.8 mrr:42.39 hits:47.45
2020-04-01 11:39:22,298 INFO Improved and model saved
2020-04-01 11:39:42,270 INFO [19.9] Epoch 220: loss = 64.8399
2020-04-01 11:40:01,561 INFO [19.3] Epoch 221: loss = 64.5008
2020-04-01 11:40:20,065 INFO [18.5] Epoch 222: loss = 64.0697
2020-04-01 11:40:40,853 INFO [20.8] Epoch 223: loss = 63.1158
2020-04-01 11:40:59,102 INFO [18.2] Epoch 224: loss = 63.1835
2020-04-01 11:41:19,261 INFO [20.2] Epoch 225: loss = 63.4848
2020-04-01 11:41:40,428 INFO [21.2] Epoch 226: loss = 63.1023
2020-04-01 11:41:59,398 INFO [19.0] Epoch 227: loss = 64.3050
2020-04-01 11:42:23,799 INFO [24.4] Epoch 228: loss = 62.9242
2020-04-01 11:42:42,747 INFO [18.9] Epoch 229: loss = 61.7100
2020-04-01 11:42:42,747 INFO Start Evaling...
2020-04-01 11:42:55,907 INFO Head: mr:5901.2 mrr:40.12 hits:45.35
2020-04-01 11:42:55,908 INFO Tail: mr:4300.3 mrr:44.26 hits:49.41
2020-04-01 11:42:55,910 INFO All: mr:5100.8 mrr:42.19 hits:47.38
2020-04-01 11:42:55,916 INFO Declined in recent 1 epochs
2020-04-01 11:43:14,436 INFO [18.5] Epoch 230: loss = 62.8852
2020-04-01 11:43:33,235 INFO [18.8] Epoch 231: loss = 62.8077
2020-04-01 11:43:52,931 INFO [19.7] Epoch 232: loss = 63.1374
2020-04-01 11:44:13,449 INFO [20.5] Epoch 233: loss = 63.1855
2020-04-01 11:44:32,823 INFO [19.4] Epoch 234: loss = 62.3723
2020-04-01 11:44:51,852 INFO [19.0] Epoch 235: loss = 63.3361
2020-04-01 11:45:11,124 INFO [19.3] Epoch 236: loss = 63.0310
2020-04-01 11:45:29,925 INFO [18.8] Epoch 237: loss = 62.2813
2020-04-01 11:45:49,817 INFO [19.9] Epoch 238: loss = 62.7095
2020-04-01 11:46:08,695 INFO [18.9] Epoch 239: loss = 62.0499
2020-04-01 11:46:08,696 INFO Start Evaling...
2020-04-01 11:46:23,172 INFO Head: mr:5987.1 mrr:40.26 hits:45.62
2020-04-01 11:46:23,174 INFO Tail: mr:4316.0 mrr:44.30 hits:49.18
2020-04-01 11:46:23,175 INFO All: mr:5151.6 mrr:42.28 hits:47.40
2020-04-01 11:46:23,181 INFO Declined in recent 2 epochs
2020-04-01 11:46:42,861 INFO [19.7] Epoch 240: loss = 62.0469
2020-04-01 11:47:02,326 INFO [19.5] Epoch 241: loss = 61.5774
2020-04-01 11:47:21,772 INFO [19.4] Epoch 242: loss = 61.1410
2020-04-01 11:47:40,218 INFO [18.4] Epoch 243: loss = 61.5476
2020-04-01 11:47:58,339 INFO [18.1] Epoch 244: loss = 61.6273
2020-04-01 11:48:22,275 INFO [23.9] Epoch 245: loss = 61.8633
2020-04-01 11:48:42,475 INFO [20.2] Epoch 246: loss = 61.0262
2020-04-01 11:49:03,748 INFO [21.3] Epoch 247: loss = 61.6502
2020-04-01 11:49:22,583 INFO [18.8] Epoch 248: loss = 61.8996
2020-04-01 11:49:41,265 INFO [18.7] Epoch 249: loss = 61.0425
2020-04-01 11:49:41,265 INFO Start Evaling...
2020-04-01 11:49:55,057 INFO Head: mr:5954.7 mrr:40.36 hits:45.52
2020-04-01 11:49:55,058 INFO Tail: mr:4323.3 mrr:44.34 hits:49.77
2020-04-01 11:49:55,060 INFO All: mr:5139.0 mrr:42.35 hits:47.64
2020-04-01 11:49:55,065 INFO Improved and model saved
2020-04-01 11:50:13,968 INFO [18.9] Epoch 250: loss = 61.3102
2020-04-01 11:50:33,800 INFO [19.8] Epoch 251: loss = 60.3679
2020-04-01 11:50:52,859 INFO [19.1] Epoch 252: loss = 60.9202
2020-04-01 11:51:13,111 INFO [20.3] Epoch 253: loss = 61.0496
2020-04-01 11:51:32,811 INFO [19.7] Epoch 254: loss = 61.3927
2020-04-01 11:51:54,774 INFO [22.0] Epoch 255: loss = 60.2574
2020-04-01 11:52:15,044 INFO [20.3] Epoch 256: loss = 59.5970
2020-04-01 11:52:34,900 INFO [19.9] Epoch 257: loss = 61.5069
2020-04-01 11:52:56,360 INFO [21.5] Epoch 258: loss = 60.9202
2020-04-01 11:53:16,172 INFO [19.8] Epoch 259: loss = 60.4841
2020-04-01 11:53:16,172 INFO Start Evaling...
2020-04-01 11:53:28,947 INFO Head: mr:5866.4 mrr:40.43 hits:46.01
2020-04-01 11:53:28,948 INFO Tail: mr:4182.6 mrr:44.69 hits:49.67
2020-04-01 11:53:28,950 INFO All: mr:5024.5 mrr:42.56 hits:47.84
2020-04-01 11:53:28,955 INFO Improved and model saved
2020-04-01 11:53:47,356 INFO [18.4] Epoch 260: loss = 60.6110
2020-04-01 11:54:08,319 INFO [21.0] Epoch 261: loss = 59.9427
2020-04-01 11:54:28,670 INFO [20.4] Epoch 262: loss = 59.8140
2020-04-01 11:54:46,105 INFO [17.4] Epoch 263: loss = 60.3030
2020-04-01 11:55:05,438 INFO [19.3] Epoch 264: loss = 61.8894
2020-04-01 11:55:24,994 INFO [19.6] Epoch 265: loss = 58.9827
2020-04-01 11:55:44,379 INFO [19.4] Epoch 266: loss = 60.5476
2020-04-01 11:56:02,841 INFO [18.5] Epoch 267: loss = 59.6231
2020-04-01 11:56:23,449 INFO [20.6] Epoch 268: loss = 59.3825
2020-04-01 11:56:41,478 INFO [18.0] Epoch 269: loss = 61.2750
2020-04-01 11:56:41,478 INFO Start Evaling...
2020-04-01 11:56:53,618 INFO Head: mr:5839.8 mrr:40.24 hits:45.68
2020-04-01 11:56:53,618 INFO Tail: mr:4145.3 mrr:44.71 hits:50.03
2020-04-01 11:56:53,618 INFO All: mr:4992.5 mrr:42.48 hits:47.86
2020-04-01 11:56:53,622 INFO Improved and model saved
2020-04-01 11:57:12,435 INFO [18.8] Epoch 270: loss = 59.7970
2020-04-01 11:57:32,205 INFO [19.8] Epoch 271: loss = 61.1146
2020-04-01 11:57:51,255 INFO [19.1] Epoch 272: loss = 59.6844
2020-04-01 11:58:10,405 INFO [19.1] Epoch 273: loss = 60.2936
2020-04-01 11:58:30,282 INFO [19.9] Epoch 274: loss = 60.6248
2020-04-01 11:58:50,362 INFO [20.1] Epoch 275: loss = 59.0970
2020-04-01 11:59:08,816 INFO [18.5] Epoch 276: loss = 60.0318
2020-04-01 11:59:29,022 INFO [20.2] Epoch 277: loss = 60.0765
2020-04-01 11:59:48,349 INFO [19.3] Epoch 278: loss = 59.6567
2020-04-01 12:00:07,129 INFO [18.8] Epoch 279: loss = 59.5550
2020-04-01 12:00:07,129 INFO Start Evaling...
2020-04-01 12:00:21,281 INFO Head: mr:5781.7 mrr:40.43 hits:45.78
2020-04-01 12:00:21,282 INFO Tail: mr:4154.5 mrr:44.89 hits:50.00
2020-04-01 12:00:21,282 INFO All: mr:4968.1 mrr:42.66 hits:47.89
2020-04-01 12:00:21,286 INFO Improved and model saved
2020-04-01 12:00:39,677 INFO [18.4] Epoch 280: loss = 59.5357
2020-04-01 12:00:57,631 INFO [18.0] Epoch 281: loss = 59.0093
2020-04-01 12:01:15,592 INFO [18.0] Epoch 282: loss = 60.0848
2020-04-01 12:01:34,383 INFO [18.8] Epoch 283: loss = 60.0705
2020-04-01 12:01:53,781 INFO [19.4] Epoch 284: loss = 59.5336
2020-04-01 12:02:13,763 INFO [20.0] Epoch 285: loss = 59.1833
2020-04-01 12:02:32,005 INFO [18.2] Epoch 286: loss = 58.3807
2020-04-01 12:02:51,163 INFO [19.2] Epoch 287: loss = 59.1883
2020-04-01 12:03:10,816 INFO [19.7] Epoch 288: loss = 59.3733
2020-04-01 12:03:28,651 INFO [17.8] Epoch 289: loss = 59.1479
2020-04-01 12:03:28,651 INFO Start Evaling...
2020-04-01 12:03:41,762 INFO Head: mr:5798.4 mrr:40.33 hits:45.78
2020-04-01 12:03:41,762 INFO Tail: mr:4140.9 mrr:44.93 hits:49.74
2020-04-01 12:03:41,763 INFO All: mr:4969.7 mrr:42.63 hits:47.76
2020-04-01 12:03:41,767 INFO Declined in recent 1 epochs
2020-04-01 12:04:00,768 INFO [19.0] Epoch 290: loss = 59.2441
2020-04-01 12:04:19,191 INFO [18.4] Epoch 291: loss = 59.5342
2020-04-01 12:04:37,898 INFO [18.7] Epoch 292: loss = 57.9819
2020-04-01 12:04:56,725 INFO [18.8] Epoch 293: loss = 58.0940
2020-04-01 12:05:18,030 INFO [21.3] Epoch 294: loss = 58.2751
2020-04-01 12:05:37,605 INFO [19.6] Epoch 295: loss = 59.3055
2020-04-01 12:05:56,213 INFO [18.6] Epoch 296: loss = 58.5546
2020-04-01 12:06:16,141 INFO [19.9] Epoch 297: loss = 59.3466
2020-04-01 12:06:36,213 INFO [20.1] Epoch 298: loss = 57.6292
2020-04-01 12:06:55,215 INFO [19.0] Epoch 299: loss = 57.4101
2020-04-01 12:06:55,215 INFO Start Evaling...
2020-04-01 12:07:09,546 INFO Head: mr:5765.5 mrr:40.31 hits:45.88
2020-04-01 12:07:09,548 INFO Tail: mr:4080.4 mrr:44.64 hits:49.41
2020-04-01 12:07:09,549 INFO All: mr:4922.9 mrr:42.48 hits:47.64
2020-04-01 12:07:09,554 INFO Declined in recent 2 epochs
2020-04-01 12:07:28,458 INFO [18.9] Epoch 300: loss = 57.9725
2020-04-01 12:07:46,807 INFO [18.3] Epoch 301: loss = 58.2465
2020-04-01 12:08:06,046 INFO [19.2] Epoch 302: loss = 58.5635
2020-04-01 12:08:26,638 INFO [20.6] Epoch 303: loss = 58.6063
2020-04-01 12:08:45,431 INFO [18.8] Epoch 304: loss = 58.7022
2020-04-01 12:09:03,125 INFO [17.7] Epoch 305: loss = 56.6535
2020-04-01 12:09:20,758 INFO [17.6] Epoch 306: loss = 58.1903
2020-04-01 12:09:38,948 INFO [18.2] Epoch 307: loss = 58.5617
2020-04-01 12:09:56,839 INFO [17.9] Epoch 308: loss = 58.1631
2020-04-01 12:10:15,665 INFO [18.8] Epoch 309: loss = 57.7672
2020-04-01 12:10:15,665 INFO Start Evaling...
2020-04-01 12:10:28,679 INFO Head: mr:5823.1 mrr:40.71 hits:46.18
2020-04-01 12:10:28,679 INFO Tail: mr:4056.0 mrr:44.66 hits:50.16
2020-04-01 12:10:28,679 INFO All: mr:4939.5 mrr:42.69 hits:48.17
2020-04-01 12:10:28,683 INFO Improved and model saved
2020-04-01 12:10:46,083 INFO [17.4] Epoch 310: loss = 57.0363
2020-04-01 12:11:03,534 INFO [17.5] Epoch 311: loss = 57.9345
2020-04-01 12:11:20,788 INFO [17.3] Epoch 312: loss = 57.4104
2020-04-01 12:11:39,891 INFO [19.1] Epoch 313: loss = 57.2385
2020-04-01 12:11:58,487 INFO [18.6] Epoch 314: loss = 57.9822
2020-04-01 12:12:17,273 INFO [18.8] Epoch 315: loss = 56.9478
2020-04-01 12:12:35,793 INFO [18.5] Epoch 316: loss = 57.0703
2020-04-01 12:12:54,147 INFO [18.4] Epoch 317: loss = 57.0777
2020-04-01 12:13:14,193 INFO [20.0] Epoch 318: loss = 58.6157
2020-04-01 12:13:32,331 INFO [18.1] Epoch 319: loss = 57.6529
2020-04-01 12:13:32,331 INFO Start Evaling...
2020-04-01 12:13:45,363 INFO Head: mr:5814.5 mrr:40.29 hits:46.11
2020-04-01 12:13:45,363 INFO Tail: mr:4022.5 mrr:44.62 hits:49.80
2020-04-01 12:13:45,363 INFO All: mr:4918.5 mrr:42.45 hits:47.96
2020-04-01 12:13:45,367 INFO Declined in recent 1 epochs
2020-04-01 12:14:03,542 INFO [18.2] Epoch 320: loss = 57.0620
2020-04-01 12:14:21,732 INFO [18.2] Epoch 321: loss = 57.9991
2020-04-01 12:14:39,982 INFO [18.2] Epoch 322: loss = 57.3226
2020-04-01 12:14:58,875 INFO [18.9] Epoch 323: loss = 57.8588
2020-04-01 12:15:17,192 INFO [18.3] Epoch 324: loss = 56.8868
2020-04-01 12:15:35,588 INFO [18.4] Epoch 325: loss = 57.6822
2020-04-01 12:15:53,826 INFO [18.2] Epoch 326: loss = 57.2613
2020-04-01 12:16:11,568 INFO [17.7] Epoch 327: loss = 56.5532
2020-04-01 12:16:29,437 INFO [17.9] Epoch 328: loss = 57.3417
2020-04-01 12:16:47,418 INFO [18.0] Epoch 329: loss = 56.7550
2020-04-01 12:16:47,418 INFO Start Evaling...
2020-04-01 12:16:59,455 INFO Head: mr:5787.1 mrr:40.65 hits:45.85
2020-04-01 12:16:59,457 INFO Tail: mr:3997.0 mrr:44.97 hits:50.36
2020-04-01 12:16:59,458 INFO All: mr:4892.1 mrr:42.81 hits:48.10
2020-04-01 12:16:59,463 INFO Declined in recent 2 epochs
2020-04-01 12:17:17,396 INFO [17.9] Epoch 330: loss = 56.6645
2020-04-01 12:17:34,969 INFO [17.6] Epoch 331: loss = 58.0411
2020-04-01 12:17:53,121 INFO [18.2] Epoch 332: loss = 55.6297
2020-04-01 12:18:12,629 INFO [19.5] Epoch 333: loss = 56.9152
2020-04-01 12:18:30,337 INFO [17.7] Epoch 334: loss = 55.8691
2020-04-01 12:18:50,250 INFO [19.9] Epoch 335: loss = 57.1041
2020-04-01 12:19:07,993 INFO [17.7] Epoch 336: loss = 57.2062
2020-04-01 12:19:26,713 INFO [18.7] Epoch 337: loss = 56.6387
2020-04-01 12:19:44,778 INFO [18.1] Epoch 338: loss = 57.1963
2020-04-01 12:20:02,281 INFO [17.5] Epoch 339: loss = 56.6286
2020-04-01 12:20:02,282 INFO Start Evaling...
2020-04-01 12:20:14,011 INFO Head: mr:5780.9 mrr:40.45 hits:46.41
2020-04-01 12:20:14,013 INFO Tail: mr:4019.6 mrr:44.75 hits:50.40
2020-04-01 12:20:14,014 INFO All: mr:4900.3 mrr:42.60 hits:48.40
2020-04-01 12:20:14,019 INFO Improved and model saved
2020-04-01 12:20:32,467 INFO [18.4] Epoch 340: loss = 56.4241
2020-04-01 12:20:50,995 INFO [18.5] Epoch 341: loss = 56.0943
2020-04-01 12:21:09,106 INFO [18.1] Epoch 342: loss = 56.0531
2020-04-01 12:21:28,126 INFO [19.0] Epoch 343: loss = 56.3826
2020-04-01 12:21:46,482 INFO [18.4] Epoch 344: loss = 56.9006
2020-04-01 12:22:04,566 INFO [18.1] Epoch 345: loss = 56.4305
2020-04-01 12:22:22,805 INFO [18.2] Epoch 346: loss = 56.6082
2020-04-01 12:22:41,397 INFO [18.6] Epoch 347: loss = 56.6075
2020-04-01 12:23:00,005 INFO [18.6] Epoch 348: loss = 56.6507
2020-04-01 12:23:18,632 INFO [18.6] Epoch 349: loss = 56.3907
2020-04-01 12:23:18,632 INFO Start Evaling...
2020-04-01 12:23:31,017 INFO Head: mr:5840.7 mrr:40.60 hits:46.31
2020-04-01 12:23:31,019 INFO Tail: mr:3993.2 mrr:44.78 hits:50.40
2020-04-01 12:23:31,020 INFO All: mr:4917.0 mrr:42.69 hits:48.35
2020-04-01 12:23:31,026 INFO Declined in recent 1 epochs
2020-04-01 12:23:49,893 INFO [18.9] Epoch 350: loss = 56.9388
2020-04-01 12:24:09,375 INFO [19.5] Epoch 351: loss = 55.7736
2020-04-01 12:24:28,028 INFO [18.7] Epoch 352: loss = 56.0952
2020-04-01 12:24:45,979 INFO [18.0] Epoch 353: loss = 56.7062
2020-04-01 12:25:03,494 INFO [17.5] Epoch 354: loss = 55.1116
2020-04-01 12:25:21,578 INFO [18.1] Epoch 355: loss = 56.8467
2020-04-01 12:25:40,575 INFO [19.0] Epoch 356: loss = 55.1740
2020-04-01 12:25:59,046 INFO [18.5] Epoch 357: loss = 55.4942
2020-04-01 12:26:17,909 INFO [18.9] Epoch 358: loss = 55.6106
2020-04-01 12:26:35,900 INFO [18.0] Epoch 359: loss = 55.3428
2020-04-01 12:26:35,901 INFO Start Evaling...
2020-04-01 12:26:49,706 INFO Head: mr:5833.0 mrr:40.50 hits:46.18
2020-04-01 12:26:49,706 INFO Tail: mr:4001.8 mrr:45.08 hits:50.20
2020-04-01 12:26:49,706 INFO All: mr:4917.4 mrr:42.79 hits:48.19
2020-04-01 12:26:49,711 INFO Declined in recent 2 epochs
2020-04-01 12:27:07,272 INFO [17.6] Epoch 360: loss = 55.1620
2020-04-01 12:27:26,102 INFO [18.8] Epoch 361: loss = 54.8720
2020-04-01 12:27:45,481 INFO [19.4] Epoch 362: loss = 55.5960
2020-04-01 12:28:02,746 INFO [17.3] Epoch 363: loss = 55.1574
2020-04-01 12:28:20,268 INFO [17.5] Epoch 364: loss = 55.2295
2020-04-01 12:28:38,245 INFO [18.0] Epoch 365: loss = 55.3719
2020-04-01 12:28:57,416 INFO [19.2] Epoch 366: loss = 56.5409
2020-04-01 12:29:16,121 INFO [18.7] Epoch 367: loss = 56.0383
2020-04-01 12:29:35,737 INFO [19.6] Epoch 368: loss = 55.4429
2020-04-01 12:29:53,531 INFO [17.8] Epoch 369: loss = 56.1378
2020-04-01 12:29:53,531 INFO Start Evaling...
2020-04-01 12:30:06,405 INFO Head: mr:5802.0 mrr:40.82 hits:46.44
2020-04-01 12:30:06,407 INFO Tail: mr:3972.2 mrr:44.85 hits:50.49
2020-04-01 12:30:06,408 INFO All: mr:4887.1 mrr:42.83 hits:48.47
2020-04-01 12:30:06,414 INFO Improved and model saved
2020-04-01 12:30:24,423 INFO [18.0] Epoch 370: loss = 55.5295
2020-04-01 12:30:43,865 INFO [19.4] Epoch 371: loss = 55.0012
2020-04-01 12:31:02,666 INFO [18.8] Epoch 372: loss = 55.1316
2020-04-01 12:31:21,285 INFO [18.6] Epoch 373: loss = 55.3132
2020-04-01 12:31:39,965 INFO [18.7] Epoch 374: loss = 54.6444
2020-04-01 12:31:57,456 INFO [17.5] Epoch 375: loss = 54.7918
2020-04-01 12:32:15,576 INFO [18.1] Epoch 376: loss = 55.5119
2020-04-01 12:32:34,657 INFO [19.1] Epoch 377: loss = 55.3254
2020-04-01 12:32:53,724 INFO [19.1] Epoch 378: loss = 55.3950
2020-04-01 12:33:12,842 INFO [19.1] Epoch 379: loss = 55.1862
2020-04-01 12:33:12,843 INFO Start Evaling...
2020-04-01 12:33:25,860 INFO Head: mr:5850.8 mrr:40.81 hits:46.24
2020-04-01 12:33:25,865 INFO Tail: mr:3973.9 mrr:44.89 hits:50.40
2020-04-01 12:33:25,866 INFO All: mr:4912.4 mrr:42.85 hits:48.32
2020-04-01 12:33:25,872 INFO Declined in recent 1 epochs
2020-04-01 12:33:43,569 INFO [17.7] Epoch 380: loss = 56.1560
2020-04-01 12:34:03,610 INFO [20.0] Epoch 381: loss = 55.3096
2020-04-01 12:34:22,292 INFO [18.7] Epoch 382: loss = 55.2278
2020-04-01 12:34:41,205 INFO [18.9] Epoch 383: loss = 55.1449
2020-04-01 12:34:59,207 INFO [18.0] Epoch 384: loss = 54.9790
2020-04-01 12:35:16,671 INFO [17.5] Epoch 385: loss = 54.8594
2020-04-01 12:35:35,477 INFO [18.8] Epoch 386: loss = 54.5727
2020-04-01 12:35:53,096 INFO [17.6] Epoch 387: loss = 54.3954
2020-04-01 12:36:12,062 INFO [19.0] Epoch 388: loss = 54.1644
2020-04-01 12:36:30,765 INFO [18.7] Epoch 389: loss = 54.3304
2020-04-01 12:36:30,766 INFO Start Evaling...
2020-04-01 12:36:43,506 INFO Head: mr:5840.5 mrr:40.62 hits:46.11
2020-04-01 12:36:43,508 INFO Tail: mr:3974.9 mrr:45.06 hits:50.16
2020-04-01 12:36:43,509 INFO All: mr:4907.7 mrr:42.84 hits:48.14
2020-04-01 12:36:43,515 INFO Declined in recent 2 epochs
2020-04-01 12:37:02,206 INFO [18.7] Epoch 390: loss = 53.7310
2020-04-01 12:37:22,262 INFO [20.1] Epoch 391: loss = 55.0245
2020-04-01 12:37:40,069 INFO [17.8] Epoch 392: loss = 54.3448
2020-04-01 12:37:57,836 INFO [17.8] Epoch 393: loss = 54.0051
2020-04-01 12:38:15,851 INFO [18.0] Epoch 394: loss = 54.4268
2020-04-01 12:38:33,397 INFO [17.5] Epoch 395: loss = 53.8801
2020-04-01 12:38:50,780 INFO [17.4] Epoch 396: loss = 54.2184
2020-04-01 12:39:08,541 INFO [17.8] Epoch 397: loss = 53.5136
2020-04-01 12:39:26,582 INFO [18.0] Epoch 398: loss = 54.2570
2020-04-01 12:39:44,582 INFO [18.0] Epoch 399: loss = 54.0670
2020-04-01 12:39:44,583 INFO Start Evaling...
2020-04-01 12:39:56,417 INFO Head: mr:5827.0 mrr:40.66 hits:46.54
2020-04-01 12:39:56,419 INFO Tail: mr:4020.7 mrr:45.13 hits:50.49
2020-04-01 12:39:56,420 INFO All: mr:4923.9 mrr:42.90 hits:48.52
2020-04-01 12:39:56,426 INFO Improved and model saved
2020-04-01 12:40:13,236 INFO [16.8] Epoch 400: loss = 53.7889
2020-04-01 12:40:31,131 INFO [17.9] Epoch 401: loss = 54.4714
2020-04-01 12:40:48,766 INFO [17.6] Epoch 402: loss = 52.9623
2020-04-01 12:41:06,378 INFO [17.6] Epoch 403: loss = 53.8712
2020-04-01 12:41:24,747 INFO [18.4] Epoch 404: loss = 53.4908
2020-04-01 12:41:43,383 INFO [18.6] Epoch 405: loss = 53.7593
2020-04-01 12:42:01,925 INFO [18.5] Epoch 406: loss = 53.4405
2020-04-01 12:42:20,386 INFO [18.5] Epoch 407: loss = 54.2624
2020-04-01 12:42:39,279 INFO [18.9] Epoch 408: loss = 54.2252
2020-04-01 12:42:56,270 INFO [17.0] Epoch 409: loss = 53.6276
2020-04-01 12:42:56,271 INFO Start Evaling...
2020-04-01 12:43:09,192 INFO Head: mr:5804.8 mrr:40.67 hits:46.28
2020-04-01 12:43:09,197 INFO Tail: mr:4005.6 mrr:44.91 hits:50.46
2020-04-01 12:43:09,198 INFO All: mr:4905.2 mrr:42.79 hits:48.37
2020-04-01 12:43:09,206 INFO Declined in recent 1 epochs
2020-04-01 12:43:27,126 INFO [17.9] Epoch 410: loss = 54.5293
2020-04-01 12:43:45,765 INFO [18.6] Epoch 411: loss = 54.2133
2020-04-01 12:44:04,547 INFO [18.8] Epoch 412: loss = 52.9988
2020-04-01 12:44:22,685 INFO [18.1] Epoch 413: loss = 53.2453
2020-04-01 12:44:40,423 INFO [17.7] Epoch 414: loss = 53.7086
2020-04-01 12:44:59,396 INFO [19.0] Epoch 415: loss = 53.4302
2020-04-01 12:45:17,494 INFO [18.1] Epoch 416: loss = 53.4937
2020-04-01 12:45:36,550 INFO [19.1] Epoch 417: loss = 53.4527
2020-04-01 12:45:55,496 INFO [18.9] Epoch 418: loss = 54.0678
2020-04-01 12:46:13,594 INFO [18.1] Epoch 419: loss = 54.6107
2020-04-01 12:46:13,595 INFO Start Evaling...
2020-04-01 12:46:26,061 INFO Head: mr:5813.5 mrr:40.83 hits:46.21
2020-04-01 12:46:26,063 INFO Tail: mr:4006.6 mrr:44.86 hits:50.73
2020-04-01 12:46:26,064 INFO All: mr:4910.1 mrr:42.85 hits:48.47
2020-04-01 12:46:26,070 INFO Declined in recent 2 epochs
2020-04-01 12:46:43,537 INFO [17.5] Epoch 420: loss = 52.9676
2020-04-01 12:47:01,067 INFO [17.5] Epoch 421: loss = 53.7991
2020-04-01 12:47:19,461 INFO [18.4] Epoch 422: loss = 54.2344
2020-04-01 12:47:36,821 INFO [17.4] Epoch 423: loss = 52.9679
2020-04-01 12:47:54,499 INFO [17.7] Epoch 424: loss = 53.6331
2020-04-01 12:48:14,358 INFO [19.9] Epoch 425: loss = 54.0698
2020-04-01 12:48:32,905 INFO [18.5] Epoch 426: loss = 53.3152
2020-04-01 12:48:50,936 INFO [18.0] Epoch 427: loss = 53.5949
2020-04-01 12:49:08,963 INFO [18.0] Epoch 428: loss = 54.0248
2020-04-01 12:49:27,842 INFO [18.9] Epoch 429: loss = 52.0524
2020-04-01 12:49:27,842 INFO Start Evaling...
2020-04-01 12:49:39,533 INFO Head: mr:5824.4 mrr:40.69 hits:46.11
2020-04-01 12:49:39,534 INFO Tail: mr:4029.9 mrr:45.23 hits:51.12
2020-04-01 12:49:39,534 INFO All: mr:4927.1 mrr:42.96 hits:48.62
2020-04-01 12:49:39,538 INFO Improved and model saved
2020-04-01 12:49:56,893 INFO [17.3] Epoch 430: loss = 53.1630
2020-04-01 12:50:16,371 INFO [19.5] Epoch 431: loss = 53.0132
2020-04-01 12:50:33,827 INFO [17.5] Epoch 432: loss = 53.0545
2020-04-01 12:50:51,839 INFO [18.0] Epoch 433: loss = 53.0128
2020-04-01 12:51:11,684 INFO [19.8] Epoch 434: loss = 52.2547
2020-04-01 12:51:29,023 INFO [17.3] Epoch 435: loss = 54.0686
2020-04-01 12:51:46,603 INFO [17.6] Epoch 436: loss = 53.4174
2020-04-01 12:52:05,918 INFO [19.3] Epoch 437: loss = 51.5342
2020-04-01 12:52:25,020 INFO [19.1] Epoch 438: loss = 53.2901
2020-04-01 12:52:42,890 INFO [17.9] Epoch 439: loss = 52.8029
2020-04-01 12:52:42,890 INFO Start Evaling...
2020-04-01 12:52:56,117 INFO Head: mr:5826.2 mrr:40.66 hits:46.31
2020-04-01 12:52:56,117 INFO Tail: mr:3986.9 mrr:44.99 hits:51.22
2020-04-01 12:52:56,117 INFO All: mr:4906.6 mrr:42.83 hits:48.76
2020-04-01 12:52:56,121 INFO Improved and model saved
2020-04-01 12:53:15,250 INFO [19.1] Epoch 440: loss = 53.1897
2020-04-01 12:53:32,818 INFO [17.6] Epoch 441: loss = 52.6974
2020-04-01 12:53:50,878 INFO [18.1] Epoch 442: loss = 52.1908
2020-04-01 12:54:08,793 INFO [17.9] Epoch 443: loss = 52.4730
2020-04-01 12:54:28,510 INFO [19.7] Epoch 444: loss = 53.5000
2020-04-01 12:54:47,927 INFO [19.4] Epoch 445: loss = 51.5201
2020-04-01 12:55:05,344 INFO [17.4] Epoch 446: loss = 52.2332
2020-04-01 12:55:23,685 INFO [18.3] Epoch 447: loss = 52.1210
2020-04-01 12:55:45,886 INFO [22.2] Epoch 448: loss = 53.0479
2020-04-01 12:56:02,493 INFO [16.6] Epoch 449: loss = 52.4545
2020-04-01 12:56:02,493 INFO Start Evaling...
2020-04-01 12:56:14,887 INFO Head: mr:5831.1 mrr:40.93 hits:46.31
2020-04-01 12:56:14,889 INFO Tail: mr:3959.0 mrr:44.89 hits:50.73
2020-04-01 12:56:14,891 INFO All: mr:4895.1 mrr:42.91 hits:48.52
2020-04-01 12:56:14,896 INFO Declined in recent 1 epochs
2020-04-01 12:56:31,229 INFO [16.3] Epoch 450: loss = 51.7931
2020-04-01 12:56:49,869 INFO [18.6] Epoch 451: loss = 51.8602
2020-04-01 12:57:06,700 INFO [16.8] Epoch 452: loss = 52.2747
2020-04-01 12:57:24,146 INFO [17.4] Epoch 453: loss = 53.2632
2020-04-01 12:57:41,734 INFO [17.6] Epoch 454: loss = 52.6520
2020-04-01 12:57:59,197 INFO [17.5] Epoch 455: loss = 52.9415
2020-04-01 12:58:16,963 INFO [17.8] Epoch 456: loss = 51.3483
2020-04-01 12:58:34,879 INFO [17.9] Epoch 457: loss = 52.7213
2020-04-01 12:58:52,197 INFO [17.3] Epoch 458: loss = 52.9523
2020-04-01 12:59:09,290 INFO [17.1] Epoch 459: loss = 52.8644
2020-04-01 12:59:09,290 INFO Start Evaling...
2020-04-01 12:59:21,439 INFO Head: mr:5798.9 mrr:40.91 hits:46.64
2020-04-01 12:59:21,439 INFO Tail: mr:3972.6 mrr:45.16 hits:50.89
2020-04-01 12:59:21,439 INFO All: mr:4885.7 mrr:43.04 hits:48.76
2020-04-01 12:59:21,443 INFO Declined in recent 2 epochs
2020-04-01 12:59:38,380 INFO [16.9] Epoch 460: loss = 51.6709
2020-04-01 12:59:55,933 INFO [17.6] Epoch 461: loss = 52.0021
2020-04-01 13:00:12,441 INFO [16.5] Epoch 462: loss = 52.5284
2020-04-01 13:00:32,252 INFO [19.8] Epoch 463: loss = 52.5429
2020-04-01 13:00:50,130 INFO [17.9] Epoch 464: loss = 51.4142
2020-04-01 13:01:07,828 INFO [17.7] Epoch 465: loss = 51.7775
2020-04-01 13:01:24,930 INFO [17.1] Epoch 466: loss = 52.3605
2020-04-01 13:01:42,575 INFO [17.6] Epoch 467: loss = 51.7935
2020-04-01 13:02:00,417 INFO [17.8] Epoch 468: loss = 52.7853
2020-04-01 13:02:18,748 INFO [18.3] Epoch 469: loss = 52.3881
2020-04-01 13:02:18,749 INFO Start Evaling...
2020-04-01 13:02:30,072 INFO Head: mr:5774.0 mrr:40.99 hits:46.77
2020-04-01 13:02:30,073 INFO Tail: mr:3931.3 mrr:45.09 hits:50.59
2020-04-01 13:02:30,074 INFO All: mr:4852.7 mrr:43.04 hits:48.68
2020-04-01 13:02:30,079 INFO Declined in recent 3 epochs
2020-04-01 13:02:48,366 INFO [18.3] Epoch 470: loss = 51.7321
2020-04-01 13:03:06,561 INFO [18.2] Epoch 471: loss = 52.3605
2020-04-01 13:03:24,337 INFO [17.8] Epoch 472: loss = 51.6496
2020-04-01 13:03:40,344 INFO [16.0] Epoch 473: loss = 50.9021
2020-04-01 13:03:57,852 INFO [17.5] Epoch 474: loss = 51.4369
2020-04-01 13:04:15,553 INFO [17.7] Epoch 475: loss = 51.8930
2020-04-01 13:04:33,852 INFO [18.3] Epoch 476: loss = 51.5224
2020-04-01 13:04:51,665 INFO [17.8] Epoch 477: loss = 51.3540
2020-04-01 13:05:10,190 INFO [18.5] Epoch 478: loss = 51.8347
2020-04-01 13:05:29,320 INFO [19.1] Epoch 479: loss = 52.0695
2020-04-01 13:05:29,320 INFO Start Evaling...
2020-04-01 13:05:41,918 INFO Head: mr:5851.1 mrr:40.81 hits:46.51
2020-04-01 13:05:41,918 INFO Tail: mr:3961.2 mrr:45.01 hits:50.69
2020-04-01 13:05:41,918 INFO All: mr:4906.1 mrr:42.91 hits:48.60
2020-04-01 13:05:41,927 INFO Declined in recent 4 epochs
2020-04-01 13:05:59,867 INFO [17.9] Epoch 480: loss = 51.3835
2020-04-01 13:06:18,044 INFO [18.2] Epoch 481: loss = 51.0281
2020-04-01 13:06:36,725 INFO [18.7] Epoch 482: loss = 51.5454
2020-04-01 13:06:54,873 INFO [18.1] Epoch 483: loss = 51.1444
2020-04-01 13:07:14,052 INFO [19.2] Epoch 484: loss = 51.9690
2020-04-01 13:07:33,801 INFO [19.7] Epoch 485: loss = 51.3899
2020-04-01 13:07:51,899 INFO [18.1] Epoch 486: loss = 52.0961
2020-04-01 13:08:10,833 INFO [18.9] Epoch 487: loss = 51.9652
2020-04-01 13:08:28,490 INFO [17.7] Epoch 488: loss = 51.6307
2020-04-01 13:08:47,457 INFO [19.0] Epoch 489: loss = 51.4246
2020-04-01 13:08:47,457 INFO Start Evaling...
2020-04-01 13:09:01,957 INFO Head: mr:5837.0 mrr:40.97 hits:46.70
2020-04-01 13:09:01,957 INFO Tail: mr:3971.7 mrr:45.20 hits:50.92
2020-04-01 13:09:01,957 INFO All: mr:4904.4 mrr:43.08 hits:48.81
2020-04-01 13:09:01,961 INFO Improved and model saved
2020-04-01 13:09:21,429 INFO [19.4] Epoch 490: loss = 51.4366
2020-04-01 13:09:40,287 INFO [18.9] Epoch 491: loss = 52.0395
2020-04-01 13:09:59,595 INFO [19.3] Epoch 492: loss = 51.0259
2020-04-01 13:10:17,248 INFO [17.7] Epoch 493: loss = 51.1623
2020-04-01 13:10:35,546 INFO [18.3] Epoch 494: loss = 51.8420
2020-04-01 13:10:53,048 INFO [17.5] Epoch 495: loss = 51.5746
2020-04-01 13:11:09,302 INFO [16.3] Epoch 496: loss = 51.5993
2020-04-01 13:11:27,904 INFO [18.6] Epoch 497: loss = 51.3931
2020-04-01 13:11:46,536 INFO [18.6] Epoch 498: loss = 50.4997
2020-04-01 13:12:04,589 INFO [18.1] Epoch 499: loss = 51.0345
2020-04-01 13:12:04,590 INFO Start Evaling...
2020-04-01 13:12:19,174 INFO Head: mr:5791.2 mrr:40.95 hits:46.61
2020-04-01 13:12:19,176 INFO Tail: mr:3945.2 mrr:45.38 hits:50.66
2020-04-01 13:12:19,177 INFO All: mr:4868.2 mrr:43.17 hits:48.63
2020-04-01 13:12:19,183 INFO Declined in recent 1 epochs
2020-04-01 13:12:38,080 INFO [18.9] Epoch 500: loss = 51.1915
2020-04-01 13:12:58,108 INFO [20.0] Epoch 501: loss = 51.3588
2020-04-01 13:13:18,708 INFO [20.6] Epoch 502: loss = 50.7110
2020-04-01 13:13:34,665 INFO [16.0] Epoch 503: loss = 50.0628
2020-04-01 13:13:51,886 INFO [17.2] Epoch 504: loss = 50.1270
2020-04-01 13:14:10,771 INFO [18.9] Epoch 505: loss = 50.9706
2020-04-01 13:14:28,439 INFO [17.7] Epoch 506: loss = 51.0714
2020-04-01 13:14:48,371 INFO [19.9] Epoch 507: loss = 50.4961
2020-04-01 13:15:05,781 INFO [17.4] Epoch 508: loss = 51.0771
2020-04-01 13:15:25,014 INFO [19.2] Epoch 509: loss = 50.5101
2020-04-01 13:15:25,015 INFO Start Evaling...
2020-04-01 13:15:37,464 INFO Head: mr:5801.6 mrr:41.05 hits:46.67
2020-04-01 13:15:37,466 INFO Tail: mr:3967.0 mrr:45.01 hits:50.66
2020-04-01 13:15:37,467 INFO All: mr:4884.3 mrr:43.03 hits:48.67
2020-04-01 13:15:37,473 INFO Declined in recent 2 epochs
2020-04-01 13:15:55,218 INFO [17.7] Epoch 510: loss = 51.4672
2020-04-01 13:16:13,124 INFO [17.9] Epoch 511: loss = 51.8580
2020-04-01 13:16:30,920 INFO [17.8] Epoch 512: loss = 52.0506
2020-04-01 13:16:47,744 INFO [16.8] Epoch 513: loss = 49.8084
2020-04-01 13:17:06,122 INFO [18.4] Epoch 514: loss = 50.1431
2020-04-01 13:17:25,300 INFO [19.2] Epoch 515: loss = 49.8194
2020-04-01 13:17:44,882 INFO [19.6] Epoch 516: loss = 50.1082
2020-04-01 13:18:02,081 INFO [17.2] Epoch 517: loss = 50.1058
2020-04-01 13:18:20,777 INFO [18.7] Epoch 518: loss = 50.7700
2020-04-01 13:18:38,500 INFO [17.7] Epoch 519: loss = 50.6584
2020-04-01 13:18:38,500 INFO Start Evaling...
2020-04-01 13:18:53,820 INFO Head: mr:5817.4 mrr:41.13 hits:46.70
2020-04-01 13:18:53,822 INFO Tail: mr:3970.6 mrr:45.01 hits:50.53
2020-04-01 13:18:53,823 INFO All: mr:4894.0 mrr:43.07 hits:48.62
2020-04-01 13:18:53,830 INFO Declined in recent 3 epochs
2020-04-01 13:19:12,335 INFO [18.5] Epoch 520: loss = 50.0339
2020-04-01 13:19:30,652 INFO [18.3] Epoch 521: loss = 50.2060
2020-04-01 13:19:49,845 INFO [19.2] Epoch 522: loss = 50.8151
2020-04-01 13:20:08,760 INFO [18.9] Epoch 523: loss = 49.7530
2020-04-01 13:20:27,614 INFO [18.9] Epoch 524: loss = 50.0401
2020-04-01 13:20:45,843 INFO [18.2] Epoch 525: loss = 50.5798
2020-04-01 13:21:03,126 INFO [17.3] Epoch 526: loss = 49.9116
2020-04-01 13:21:21,805 INFO [18.7] Epoch 527: loss = 49.9474
2020-04-01 13:21:40,302 INFO [18.5] Epoch 528: loss = 50.6922
2020-04-01 13:21:58,027 INFO [17.7] Epoch 529: loss = 50.2818
2020-04-01 13:21:58,028 INFO Start Evaling...
2020-04-01 13:22:12,472 INFO Head: mr:5783.1 mrr:41.06 hits:46.54
2020-04-01 13:22:12,474 INFO Tail: mr:3915.9 mrr:45.33 hits:51.09
2020-04-01 13:22:12,475 INFO All: mr:4849.5 mrr:43.19 hits:48.81
2020-04-01 13:22:12,480 INFO Declined in recent 4 epochs
2020-04-01 13:22:30,933 INFO [18.5] Epoch 530: loss = 50.7960
2020-04-01 13:22:50,312 INFO [19.4] Epoch 531: loss = 49.7130
2020-04-01 13:23:08,465 INFO [18.2] Epoch 532: loss = 51.1877
2020-04-01 13:23:27,568 INFO [19.1] Epoch 533: loss = 49.9052
2020-04-01 13:23:47,412 INFO [19.8] Epoch 534: loss = 50.6065
2020-04-01 13:24:06,004 INFO [18.6] Epoch 535: loss = 49.7505
2020-04-01 13:24:23,994 INFO [18.0] Epoch 536: loss = 50.4485
2020-04-01 13:24:41,936 INFO [17.9] Epoch 537: loss = 49.9544
2020-04-01 13:25:00,438 INFO [18.5] Epoch 538: loss = 51.2185
2020-04-01 13:25:18,579 INFO [18.1] Epoch 539: loss = 50.1051
2020-04-01 13:25:18,579 INFO Start Evaling...
2020-04-01 13:25:32,679 INFO Head: mr:5816.8 mrr:40.97 hits:46.44
2020-04-01 13:25:32,679 INFO Tail: mr:3939.1 mrr:45.31 hits:51.05
2020-04-01 13:25:32,679 INFO All: mr:4878.0 mrr:43.14 hits:48.75
2020-04-01 13:25:32,683 INFO Declined in recent 5 epochs
2020-04-01 13:25:32,684 INFO Early stopping
2020-04-01 13:25:32,684 INFO Train done
2020-04-01 13:25:32,695 INFO Start Evaling...
2020-04-01 13:25:46,384 INFO Head: mr:5741.3 mrr:40.07 hits:46.81
2020-04-01 13:25:46,390 INFO Tail: mr:3896.1 mrr:45.62 hits:52.36
2020-04-01 13:25:46,391 INFO All: mr:4818.7 mrr:42.85 hits:49.59
