2020-05-24 02:03:48,443 INFO EPOCH: 1000
2020-05-24 02:03:48,443 INFO EVERY: 10
2020-05-24 02:03:48,443 INFO LR: 0.001
2020-05-24 02:03:48,443 INFO DIM: 100
2020-05-24 02:03:48,444 INFO BATCH_SIZE: 256
2020-05-24 02:03:48,444 INFO BATCH_SIZE2: 100
2020-05-24 02:03:48,444 INFO P: 1
2020-05-24 02:03:48,444 INFO CLIPPING_MAX_VALUE: 4.0
2020-05-24 02:03:48,444 INFO OPTIM: Adam
2020-05-24 02:03:48,444 INFO N_SAMPLE: 12
2020-05-24 02:03:48,444 INFO MODE: grap
2020-05-24 02:03:48,444 INFO RATE: 0.01
2020-05-24 02:03:48,444 INFO GAMMA: 12.0
2020-05-24 02:03:48,444 INFO BERN: True
2020-05-24 02:03:48,444 INFO MARGIN: 4.0
2020-05-24 02:03:48,444 INFO REG: 1.0
2020-05-24 02:03:48,445 INFO LABEL_SMOOTH_EPS: 0.1
2020-05-24 02:03:48,445 INFO INPUT_DROP: 0.2
2020-05-24 02:03:48,445 INFO FEAT_DROP: 0.2
2020-05-24 02:03:48,445 INFO HIDD_DROP: 0.3
2020-05-24 02:03:48,445 INFO CHANNELS: 50
2020-05-24 02:03:48,445 INFO KERNEL_SIZE: 3
2020-05-24 02:03:48,445 INFO N_POOL: 100
2020-05-24 02:03:48,445 INFO MODEL_D: TransH
2020-05-24 02:03:48,445 INFO MODEL_G: DistMult
2020-05-24 02:03:48,445 INFO SCRATCH: False
2020-05-24 02:03:48,445 INFO D_FILE: None
2020-05-24 02:03:48,445 INFO G_FILE: None
2020-05-24 02:03:48,446 INFO PATH: data
2020-05-24 02:03:48,446 INFO DATA: WN18RR
2020-05-24 02:03:48,446 INFO EXP_PATH: experiment/WN18RR
2020-05-24 02:03:48,446 INFO MODEL: DistMult
2020-05-24 02:03:48,446 INFO V: 12.001
2020-05-24 02:03:48,446 INFO F: True
2020-05-24 02:03:48,446 INFO ADV: True
2020-05-24 02:03:48,446 INFO EVAL: False
2020-05-24 02:03:48,446 INFO TRAINED: False
2020-05-24 02:03:48,446 INFO PRETRAINED_NAME: None
2020-05-24 02:03:48,446 INFO EXP_NAME: DistMult-WN18RR-grap-12.001
2020-05-24 02:03:48,446 INFO --------------------------------------
2020-05-24 02:03:53,461 INFO Dataload done
2020-05-24 02:03:53,461 INFO --------------------------------------
2020-05-24 02:03:53,461 INFO N_ENTITY: 40943
2020-05-24 02:03:53,461 INFO N_RELATION: 11
2020-05-24 02:03:53,461 INFO --------------------------------------
2020-05-24 02:03:56,889 INFO Start Training...
2020-05-24 02:04:20,192 INFO [23.3] Epoch 0: loss = 353.9873
2020-05-24 02:04:43,714 INFO [23.5] Epoch 1: loss = 350.7200
2020-05-24 02:05:07,602 INFO [23.9] Epoch 2: loss = 333.2268
2020-05-24 02:05:31,348 INFO [23.7] Epoch 3: loss = 303.0234
2020-05-24 02:05:54,927 INFO [23.6] Epoch 4: loss = 272.7594
2020-05-24 02:06:18,734 INFO [23.8] Epoch 5: loss = 252.5595
2020-05-24 02:06:42,523 INFO [23.8] Epoch 6: loss = 241.8367
2020-05-24 02:07:06,026 INFO [23.5] Epoch 7: loss = 236.1054
2020-05-24 02:07:29,633 INFO [23.6] Epoch 8: loss = 232.3581
2020-05-24 02:07:53,469 INFO [23.8] Epoch 9: loss = 228.9624
2020-05-24 02:07:53,470 INFO Start Evaling...
2020-05-24 02:08:52,106 INFO Head: mr:8519.5 mrr:30.70 hits10:40.34 hits3:35.73 hits1:24.56
2020-05-24 02:08:52,106 INFO Tail: mr:8119.2 mrr:32.01 hits10:41.66 hits3:37.05 hits1:25.84
2020-05-24 02:08:52,106 INFO All: mr:8319.4 mrr:31.35 hits10:41.00 hits3:36.39 hits1:25.20
2020-05-24 02:08:52,108 INFO Start Evaling...
2020-05-24 02:09:52,372 INFO Head: mr:8526.6 mrr:29.97 hits10:39.85 hits3:35.07 hits1:23.71
2020-05-24 02:09:52,372 INFO Tail: mr:8145.1 mrr:32.51 hits10:42.41 hits3:37.68 hits1:26.26
2020-05-24 02:09:52,372 INFO All: mr:8335.9 mrr:31.24 hits10:41.13 hits3:36.38 hits1:24.98
2020-05-24 02:09:52,374 INFO Improved and model saved
2020-05-24 02:10:16,384 INFO [24.0] Epoch 10: loss = 224.6157
2020-05-24 02:10:40,749 INFO [24.4] Epoch 11: loss = 217.8176
2020-05-24 02:11:04,139 INFO [23.4] Epoch 12: loss = 208.5719
2020-05-24 02:11:28,038 INFO [23.9] Epoch 13: loss = 197.9759
2020-05-24 02:11:51,988 INFO [23.9] Epoch 14: loss = 187.3706
2020-05-24 02:12:15,492 INFO [23.5] Epoch 15: loss = 178.2682
2020-05-24 02:12:39,346 INFO [23.9] Epoch 16: loss = 170.2104
2020-05-24 02:13:02,899 INFO [23.6] Epoch 17: loss = 162.6840
2020-05-24 02:13:27,007 INFO [24.1] Epoch 18: loss = 156.8641
2020-05-24 02:13:50,777 INFO [23.8] Epoch 19: loss = 151.4926
2020-05-24 02:13:50,778 INFO Start Evaling...
2020-05-24 02:14:49,380 INFO Head: mr:8386.8 mrr:36.78 hits10:41.86 hits3:38.73 hits1:33.75
2020-05-24 02:14:49,380 INFO Tail: mr:7637.1 mrr:38.18 hits10:42.42 hits3:40.51 hits1:35.07
2020-05-24 02:14:49,381 INFO All: mr:8012.0 mrr:37.48 hits10:42.14 hits3:39.62 hits1:34.41
2020-05-24 02:14:49,383 INFO Start Evaling...
2020-05-24 02:15:49,633 INFO Head: mr:8188.4 mrr:36.34 hits10:41.23 hits3:38.23 hits1:33.28
2020-05-24 02:15:49,634 INFO Tail: mr:7541.8 mrr:38.60 hits10:43.71 hits3:40.94 hits1:35.19
2020-05-24 02:15:49,634 INFO All: mr:7865.1 mrr:37.47 hits10:42.47 hits3:39.58 hits1:34.24
2020-05-24 02:15:49,636 INFO Improved and model saved
2020-05-24 02:16:13,485 INFO [23.8] Epoch 20: loss = 147.1260
2020-05-24 02:16:37,412 INFO [23.9] Epoch 21: loss = 142.9754
2020-05-24 02:17:00,562 INFO [23.1] Epoch 22: loss = 139.5365
2020-05-24 02:17:24,476 INFO [23.9] Epoch 23: loss = 135.9843
2020-05-24 02:17:47,905 INFO [23.4] Epoch 24: loss = 133.4534
2020-05-24 02:18:12,038 INFO [24.1] Epoch 25: loss = 131.1448
2020-05-24 02:18:36,013 INFO [24.0] Epoch 26: loss = 129.1226
2020-05-24 02:18:59,967 INFO [24.0] Epoch 27: loss = 126.2556
2020-05-24 02:19:23,478 INFO [23.5] Epoch 28: loss = 124.8175
2020-05-24 02:19:46,964 INFO [23.5] Epoch 29: loss = 122.8871
2020-05-24 02:19:46,964 INFO Start Evaling...
2020-05-24 02:20:45,397 INFO Head: mr:7847.4 mrr:38.17 hits10:42.72 hits3:39.45 hits1:35.63
2020-05-24 02:20:45,397 INFO Tail: mr:7462.5 mrr:40.55 hits10:43.18 hits3:41.43 hits1:38.69
2020-05-24 02:20:45,398 INFO All: mr:7654.9 mrr:39.36 hits10:42.95 hits3:40.44 hits1:37.16
2020-05-24 02:20:45,400 INFO Start Evaling...
2020-05-24 02:21:45,497 INFO Head: mr:7662.8 mrr:37.78 hits10:42.02 hits3:38.70 hits1:35.48
2020-05-24 02:21:45,497 INFO Tail: mr:7387.5 mrr:40.77 hits10:43.94 hits3:41.58 hits1:38.83
2020-05-24 02:21:45,497 INFO All: mr:7525.2 mrr:39.28 hits10:42.98 hits3:40.14 hits1:37.16
2020-05-24 02:21:45,499 INFO Improved and model saved
2020-05-24 02:22:09,080 INFO [23.6] Epoch 30: loss = 121.3689
2020-05-24 02:22:33,065 INFO [24.0] Epoch 31: loss = 120.0876
2020-05-24 02:22:57,565 INFO [24.5] Epoch 32: loss = 119.0132
2020-05-24 02:23:21,083 INFO [23.5] Epoch 33: loss = 117.3442
2020-05-24 02:23:45,088 INFO [24.0] Epoch 34: loss = 115.3557
2020-05-24 02:24:08,945 INFO [23.9] Epoch 35: loss = 114.3142
2020-05-24 02:24:32,502 INFO [23.6] Epoch 36: loss = 113.3753
2020-05-24 02:24:56,529 INFO [24.0] Epoch 37: loss = 112.6081
2020-05-24 02:25:20,502 INFO [24.0] Epoch 38: loss = 110.7744
2020-05-24 02:25:44,056 INFO [23.6] Epoch 39: loss = 109.8286
2020-05-24 02:25:44,057 INFO Start Evaling...
2020-05-24 02:26:42,490 INFO Head: mr:7469.5 mrr:38.97 hits10:42.62 hits3:39.88 hits1:36.91
2020-05-24 02:26:42,490 INFO Tail: mr:7149.3 mrr:41.22 hits10:44.33 hits3:41.66 hits1:39.52
2020-05-24 02:26:42,490 INFO All: mr:7309.4 mrr:40.09 hits10:43.47 hits3:40.77 hits1:38.22
2020-05-24 02:26:42,492 INFO Start Evaling...
2020-05-24 02:27:42,557 INFO Head: mr:7400.3 mrr:38.45 hits10:42.34 hits3:39.15 hits1:36.41
2020-05-24 02:27:42,557 INFO Tail: mr:7148.8 mrr:41.56 hits10:45.12 hits3:42.44 hits1:39.57
2020-05-24 02:27:42,557 INFO All: mr:7274.5 mrr:40.00 hits10:43.73 hits3:40.79 hits1:37.99
2020-05-24 02:27:42,559 INFO Improved and model saved
2020-05-24 02:28:06,068 INFO [23.5] Epoch 40: loss = 108.5588
2020-05-24 02:28:29,891 INFO [23.8] Epoch 41: loss = 107.8872
2020-05-24 02:28:53,593 INFO [23.7] Epoch 42: loss = 107.0763
2020-05-24 02:29:16,953 INFO [23.4] Epoch 43: loss = 106.5717
2020-05-24 02:29:40,749 INFO [23.8] Epoch 44: loss = 105.5375
2020-05-24 02:30:04,672 INFO [23.9] Epoch 45: loss = 105.3448
2020-05-24 02:30:28,183 INFO [23.5] Epoch 46: loss = 103.3921
2020-05-24 02:30:51,733 INFO [23.5] Epoch 47: loss = 103.3449
2020-05-24 02:31:15,553 INFO [23.8] Epoch 48: loss = 102.3470
2020-05-24 02:31:38,551 INFO [23.0] Epoch 49: loss = 101.7150
2020-05-24 02:31:38,551 INFO Start Evaling...
2020-05-24 02:32:36,988 INFO Head: mr:7393.4 mrr:38.98 hits10:42.95 hits3:39.95 hits1:36.75
2020-05-24 02:32:36,988 INFO Tail: mr:6990.1 mrr:41.62 hits10:44.33 hits3:42.29 hits1:39.98
2020-05-24 02:32:36,988 INFO All: mr:7191.8 mrr:40.30 hits10:43.64 hits3:41.12 hits1:38.37
2020-05-24 02:32:36,991 INFO Start Evaling...
2020-05-24 02:33:37,254 INFO Head: mr:7239.4 mrr:38.77 hits10:42.76 hits3:39.28 hits1:36.85
2020-05-24 02:33:37,254 INFO Tail: mr:6857.4 mrr:42.19 hits10:45.44 hits3:43.17 hits1:40.17
2020-05-24 02:33:37,255 INFO All: mr:7048.4 mrr:40.48 hits10:44.10 hits3:41.23 hits1:38.51
2020-05-24 02:33:37,256 INFO Improved and model saved
2020-05-24 02:34:01,112 INFO [23.8] Epoch 50: loss = 101.5899
2020-05-24 02:34:25,105 INFO [24.0] Epoch 51: loss = 100.9218
2020-05-24 02:34:48,114 INFO [23.0] Epoch 52: loss = 99.7529
2020-05-24 02:35:11,734 INFO [23.6] Epoch 53: loss = 99.3211
2020-05-24 02:35:35,176 INFO [23.4] Epoch 54: loss = 98.4473
2020-05-24 02:35:58,573 INFO [23.4] Epoch 55: loss = 97.5675
2020-05-24 02:36:22,523 INFO [23.9] Epoch 56: loss = 97.1741
2020-05-24 02:36:46,185 INFO [23.7] Epoch 57: loss = 97.5065
2020-05-24 02:37:09,685 INFO [23.5] Epoch 58: loss = 95.5824
2020-05-24 02:37:33,179 INFO [23.5] Epoch 59: loss = 95.1596
2020-05-24 02:37:33,179 INFO Start Evaling...
2020-05-24 02:38:31,794 INFO Head: mr:7306.5 mrr:39.19 hits10:43.28 hits3:40.05 hits1:37.05
2020-05-24 02:38:31,794 INFO Tail: mr:6795.7 mrr:41.85 hits10:44.69 hits3:42.45 hits1:40.15
2020-05-24 02:38:31,794 INFO All: mr:7051.1 mrr:40.52 hits10:43.98 hits3:41.25 hits1:38.60
2020-05-24 02:38:31,796 INFO Start Evaling...
2020-05-24 02:39:32,052 INFO Head: mr:7127.1 mrr:38.71 hits10:42.82 hits3:39.22 hits1:36.69
2020-05-24 02:39:32,052 INFO Tail: mr:6716.9 mrr:42.50 hits10:46.14 hits3:43.30 hits1:40.49
2020-05-24 02:39:32,053 INFO All: mr:6922.0 mrr:40.60 hits10:44.48 hits3:41.26 hits1:38.59
2020-05-24 02:39:32,055 INFO Improved and model saved
2020-05-24 02:39:56,026 INFO [23.9] Epoch 60: loss = 94.2101
2020-05-24 02:40:19,097 INFO [23.1] Epoch 61: loss = 94.6281
2020-05-24 02:40:42,917 INFO [23.8] Epoch 62: loss = 93.3613
2020-05-24 02:41:06,886 INFO [24.0] Epoch 63: loss = 92.6427
2020-05-24 02:41:30,415 INFO [23.5] Epoch 64: loss = 93.0003
2020-05-24 02:41:53,950 INFO [23.5] Epoch 65: loss = 92.9760
2020-05-24 02:42:17,875 INFO [23.9] Epoch 66: loss = 92.1843
2020-05-24 02:42:41,398 INFO [23.5] Epoch 67: loss = 91.5377
2020-05-24 02:43:05,296 INFO [23.9] Epoch 68: loss = 90.5418
2020-05-24 02:43:29,258 INFO [24.0] Epoch 69: loss = 90.3369
2020-05-24 02:43:29,258 INFO Start Evaling...
2020-05-24 02:44:27,890 INFO Head: mr:7051.6 mrr:39.12 hits10:43.67 hits3:40.18 hits1:36.75
2020-05-24 02:44:27,890 INFO Tail: mr:6431.8 mrr:42.24 hits10:45.39 hits3:42.91 hits1:40.44
2020-05-24 02:44:27,890 INFO All: mr:6741.7 mrr:40.68 hits10:44.53 hits3:41.55 hits1:38.60
2020-05-24 02:44:27,893 INFO Start Evaling...
2020-05-24 02:45:28,164 INFO Head: mr:6956.5 mrr:38.74 hits10:42.85 hits3:39.25 hits1:36.63
2020-05-24 02:45:28,165 INFO Tail: mr:6436.0 mrr:42.48 hits10:46.55 hits3:43.30 hits1:40.30
2020-05-24 02:45:28,165 INFO All: mr:6696.3 mrr:40.61 hits10:44.70 hits3:41.27 hits1:38.47
2020-05-24 02:45:28,167 INFO Improved and model saved
2020-05-24 02:45:52,271 INFO [24.1] Epoch 70: loss = 89.7331
2020-05-24 02:46:16,321 INFO [24.0] Epoch 71: loss = 89.3809
2020-05-24 02:46:40,211 INFO [23.9] Epoch 72: loss = 88.7246
2020-05-24 02:47:04,147 INFO [23.9] Epoch 73: loss = 88.1474
2020-05-24 02:47:27,694 INFO [23.5] Epoch 74: loss = 89.1409
2020-05-24 02:47:51,774 INFO [24.1] Epoch 75: loss = 88.3263
2020-05-24 02:48:15,665 INFO [23.9] Epoch 76: loss = 88.7789
2020-05-24 02:48:39,799 INFO [24.1] Epoch 77: loss = 86.5947
2020-05-24 02:49:03,654 INFO [23.9] Epoch 78: loss = 88.4038
2020-05-24 02:49:27,634 INFO [24.0] Epoch 79: loss = 86.5089
2020-05-24 02:49:27,635 INFO Start Evaling...
2020-05-24 02:50:26,244 INFO Head: mr:6952.8 mrr:39.37 hits10:43.70 hits3:40.18 hits1:37.11
2020-05-24 02:50:26,244 INFO Tail: mr:6189.5 mrr:42.12 hits10:45.35 hits3:42.62 hits1:40.31
2020-05-24 02:50:26,245 INFO All: mr:6571.1 mrr:40.74 hits10:44.53 hits3:41.40 hits1:38.71
2020-05-24 02:50:26,247 INFO Start Evaling...
2020-05-24 02:51:26,498 INFO Head: mr:6867.4 mrr:38.91 hits10:43.24 hits3:39.95 hits1:36.60
2020-05-24 02:51:26,499 INFO Tail: mr:6160.3 mrr:42.87 hits10:46.65 hits3:43.84 hits1:40.75
2020-05-24 02:51:26,499 INFO All: mr:6513.9 mrr:40.89 hits10:44.94 hits3:41.90 hits1:38.67
2020-05-24 02:51:26,501 INFO Improved and model saved
2020-05-24 02:51:50,272 INFO [23.7] Epoch 80: loss = 86.2768
2020-05-24 02:52:13,676 INFO [23.4] Epoch 81: loss = 85.2862
2020-05-24 02:52:37,355 INFO [23.7] Epoch 82: loss = 84.9299
2020-05-24 02:53:00,759 INFO [23.4] Epoch 83: loss = 85.7169
2020-05-24 02:53:24,766 INFO [24.0] Epoch 84: loss = 84.8509
2020-05-24 02:53:48,624 INFO [23.9] Epoch 85: loss = 85.2167
2020-05-24 02:54:12,448 INFO [23.8] Epoch 86: loss = 84.3488
2020-05-24 02:54:35,883 INFO [23.4] Epoch 87: loss = 83.8563
2020-05-24 02:54:59,317 INFO [23.4] Epoch 88: loss = 82.7745
2020-05-24 02:55:22,680 INFO [23.4] Epoch 89: loss = 82.8615
2020-05-24 02:55:22,681 INFO Start Evaling...
2020-05-24 02:56:21,329 INFO Head: mr:6957.7 mrr:39.63 hits10:43.87 hits3:40.41 hits1:37.54
2020-05-24 02:56:21,329 INFO Tail: mr:6045.6 mrr:42.56 hits10:45.75 hits3:43.18 hits1:40.77
2020-05-24 02:56:21,329 INFO All: mr:6501.7 mrr:41.10 hits10:44.81 hits3:41.79 hits1:39.16
2020-05-24 02:56:21,332 INFO Start Evaling...
2020-05-24 02:57:21,603 INFO Head: mr:6839.1 mrr:39.10 hits10:43.78 hits3:39.95 hits1:36.92
2020-05-24 02:57:21,604 INFO Tail: mr:5962.9 mrr:43.28 hits10:46.78 hits3:44.35 hits1:41.16
2020-05-24 02:57:21,604 INFO All: mr:6401.0 mrr:41.19 hits10:45.28 hits3:42.15 hits1:39.04
2020-05-24 02:57:21,606 INFO Improved and model saved
2020-05-24 02:57:45,409 INFO [23.8] Epoch 90: loss = 82.9767
2020-05-24 02:58:08,407 INFO [23.0] Epoch 91: loss = 83.4853
2020-05-24 02:58:32,272 INFO [23.9] Epoch 92: loss = 81.1232
2020-05-24 02:58:56,190 INFO [23.9] Epoch 93: loss = 81.5652
2020-05-24 02:59:20,090 INFO [23.9] Epoch 94: loss = 81.6541
2020-05-24 02:59:43,626 INFO [23.5] Epoch 95: loss = 80.9028
2020-05-24 03:00:07,455 INFO [23.8] Epoch 96: loss = 80.3396
2020-05-24 03:00:31,352 INFO [23.9] Epoch 97: loss = 80.9081
2020-05-24 03:00:54,718 INFO [23.4] Epoch 98: loss = 80.5202
2020-05-24 03:01:18,721 INFO [24.0] Epoch 99: loss = 80.4328
2020-05-24 03:01:18,721 INFO Start Evaling...
2020-05-24 03:02:17,340 INFO Head: mr:6744.4 mrr:39.54 hits10:43.84 hits3:40.28 hits1:37.41
2020-05-24 03:02:17,340 INFO Tail: mr:5833.6 mrr:42.62 hits10:45.98 hits3:43.31 hits1:40.74
2020-05-24 03:02:17,340 INFO All: mr:6289.0 mrr:41.08 hits10:44.91 hits3:41.79 hits1:39.07
2020-05-24 03:02:17,342 INFO Start Evaling...
2020-05-24 03:03:17,600 INFO Head: mr:6886.5 mrr:39.28 hits10:43.46 hits3:40.11 hits1:37.01
2020-05-24 03:03:17,600 INFO Tail: mr:5827.7 mrr:43.42 hits10:46.78 hits3:44.19 hits1:41.48
2020-05-24 03:03:17,601 INFO All: mr:6357.1 mrr:41.35 hits10:45.12 hits3:42.15 hits1:39.25
2020-05-24 03:03:17,603 INFO Declined in recent 1 epochs
2020-05-24 03:03:41,625 INFO [24.0] Epoch 100: loss = 79.5425
2020-05-24 03:04:05,053 INFO [23.4] Epoch 101: loss = 80.7982
2020-05-24 03:04:29,034 INFO [24.0] Epoch 102: loss = 79.5750
2020-05-24 03:04:52,504 INFO [23.5] Epoch 103: loss = 79.8620
2020-05-24 03:05:15,981 INFO [23.5] Epoch 104: loss = 79.0521
2020-05-24 03:05:39,929 INFO [23.9] Epoch 105: loss = 78.2554
2020-05-24 03:06:03,391 INFO [23.5] Epoch 106: loss = 78.2149
2020-05-24 03:06:26,518 INFO [23.1] Epoch 107: loss = 78.9371
2020-05-24 03:06:50,409 INFO [23.9] Epoch 108: loss = 78.1465
2020-05-24 03:07:13,836 INFO [23.4] Epoch 109: loss = 77.8910
2020-05-24 03:07:13,836 INFO Start Evaling...
2020-05-24 03:08:12,273 INFO Head: mr:6840.8 mrr:39.65 hits10:44.13 hits3:40.51 hits1:37.34
2020-05-24 03:08:12,273 INFO Tail: mr:5818.2 mrr:42.82 hits10:46.47 hits3:43.70 hits1:40.80
2020-05-24 03:08:12,274 INFO All: mr:6329.5 mrr:41.24 hits10:45.30 hits3:42.11 hits1:39.07
2020-05-24 03:08:12,276 INFO Start Evaling...
2020-05-24 03:09:12,353 INFO Head: mr:6920.7 mrr:39.22 hits10:43.94 hits3:40.08 hits1:36.95
2020-05-24 03:09:12,353 INFO Tail: mr:5733.9 mrr:43.34 hits10:46.94 hits3:44.35 hits1:41.23
2020-05-24 03:09:12,353 INFO All: mr:6327.3 mrr:41.28 hits10:45.44 hits3:42.21 hits1:39.09
2020-05-24 03:09:12,355 INFO Improved and model saved
2020-05-24 03:09:35,815 INFO [23.4] Epoch 110: loss = 77.7189
2020-05-24 03:09:59,426 INFO [23.6] Epoch 111: loss = 78.7487
2020-05-24 03:10:22,959 INFO [23.5] Epoch 112: loss = 77.3980
2020-05-24 03:10:47,004 INFO [24.0] Epoch 113: loss = 76.5813
2020-05-24 03:11:10,365 INFO [23.4] Epoch 114: loss = 76.9704
2020-05-24 03:11:33,928 INFO [23.6] Epoch 115: loss = 76.4322
2020-05-24 03:11:57,882 INFO [24.0] Epoch 116: loss = 76.7332
2020-05-24 03:12:20,924 INFO [23.0] Epoch 117: loss = 76.6016
2020-05-24 03:12:44,834 INFO [23.9] Epoch 118: loss = 77.1599
2020-05-24 03:13:08,341 INFO [23.5] Epoch 119: loss = 75.4920
2020-05-24 03:13:08,342 INFO Start Evaling...
2020-05-24 03:14:06,981 INFO Head: mr:6811.7 mrr:39.73 hits10:44.10 hits3:40.67 hits1:37.51
2020-05-24 03:14:06,982 INFO Tail: mr:5582.7 mrr:43.06 hits10:46.74 hits3:43.87 hits1:41.07
2020-05-24 03:14:06,982 INFO All: mr:6197.2 mrr:41.40 hits10:45.42 hits3:42.27 hits1:39.29
2020-05-24 03:14:06,984 INFO Start Evaling...
2020-05-24 03:15:07,247 INFO Head: mr:6888.4 mrr:39.11 hits10:43.84 hits3:40.14 hits1:36.73
2020-05-24 03:15:07,247 INFO Tail: mr:5517.2 mrr:43.38 hits10:47.26 hits3:44.32 hits1:41.19
2020-05-24 03:15:07,247 INFO All: mr:6202.8 mrr:41.25 hits10:45.55 hits3:42.23 hits1:38.96
2020-05-24 03:15:07,249 INFO Improved and model saved
2020-05-24 03:15:30,707 INFO [23.4] Epoch 120: loss = 74.6220
2020-05-24 03:15:54,555 INFO [23.8] Epoch 121: loss = 75.4779
2020-05-24 03:16:18,437 INFO [23.9] Epoch 122: loss = 75.9227
2020-05-24 03:16:41,956 INFO [23.5] Epoch 123: loss = 74.8486
2020-05-24 03:17:05,927 INFO [24.0] Epoch 124: loss = 75.2713
2020-05-24 03:17:29,935 INFO [24.0] Epoch 125: loss = 75.1288
2020-05-24 03:17:53,520 INFO [23.6] Epoch 126: loss = 74.5906
2020-05-24 03:18:17,419 INFO [23.9] Epoch 127: loss = 74.6599
2020-05-24 03:18:40,984 INFO [23.6] Epoch 128: loss = 75.2319
2020-05-24 03:19:04,575 INFO [23.6] Epoch 129: loss = 74.5726
2020-05-24 03:19:04,575 INFO Start Evaling...
2020-05-24 03:20:03,193 INFO Head: mr:6804.3 mrr:39.95 hits10:44.23 hits3:40.74 hits1:37.77
2020-05-24 03:20:03,193 INFO Tail: mr:5473.9 mrr:43.37 hits10:46.97 hits3:44.03 hits1:41.53
2020-05-24 03:20:03,193 INFO All: mr:6139.1 mrr:41.66 hits10:45.60 hits3:42.39 hits1:39.65
2020-05-24 03:20:03,196 INFO Start Evaling...
2020-05-24 03:21:03,445 INFO Head: mr:6854.7 mrr:39.18 hits10:43.84 hits3:40.08 hits1:36.89
2020-05-24 03:21:03,445 INFO Tail: mr:5436.5 mrr:43.58 hits10:47.70 hits3:44.61 hits1:41.29
2020-05-24 03:21:03,446 INFO All: mr:6145.6 mrr:41.38 hits10:45.77 hits3:42.34 hits1:39.09
2020-05-24 03:21:03,448 INFO Improved and model saved
2020-05-24 03:21:27,216 INFO [23.7] Epoch 130: loss = 73.9694
2020-05-24 03:21:51,093 INFO [23.9] Epoch 131: loss = 74.5161
2020-05-24 03:22:14,445 INFO [23.4] Epoch 132: loss = 74.6075
2020-05-24 03:22:37,917 INFO [23.5] Epoch 133: loss = 72.0837
2020-05-24 03:23:01,732 INFO [23.8] Epoch 134: loss = 72.8654
2020-05-24 03:23:25,235 INFO [23.5] Epoch 135: loss = 71.3590
2020-05-24 03:23:49,145 INFO [23.9] Epoch 136: loss = 72.2381
2020-05-24 03:24:12,996 INFO [23.9] Epoch 137: loss = 73.2119
2020-05-24 03:24:36,408 INFO [23.4] Epoch 138: loss = 73.2821
2020-05-24 03:25:00,227 INFO [23.8] Epoch 139: loss = 72.5955
2020-05-24 03:25:00,227 INFO Start Evaling...
2020-05-24 03:25:58,835 INFO Head: mr:6765.3 mrr:40.10 hits10:44.23 hits3:40.80 hits1:37.94
2020-05-24 03:25:58,835 INFO Tail: mr:5528.9 mrr:43.40 hits10:47.13 hits3:44.13 hits1:41.27
2020-05-24 03:25:58,835 INFO All: mr:6147.1 mrr:41.75 hits10:45.68 hits3:42.47 hits1:39.60
2020-05-24 03:25:58,838 INFO Start Evaling...
2020-05-24 03:26:59,086 INFO Head: mr:6854.1 mrr:39.38 hits10:44.10 hits3:40.36 hits1:36.95
2020-05-24 03:26:59,087 INFO Tail: mr:5318.8 mrr:43.78 hits10:47.83 hits3:44.89 hits1:41.45
2020-05-24 03:26:59,087 INFO All: mr:6086.4 mrr:41.58 hits10:45.96 hits3:42.63 hits1:39.20
2020-05-24 03:26:59,088 INFO Improved and model saved
2020-05-24 03:27:22,963 INFO [23.9] Epoch 140: loss = 72.4867
2020-05-24 03:27:45,985 INFO [23.0] Epoch 141: loss = 71.9368
2020-05-24 03:28:09,500 INFO [23.5] Epoch 142: loss = 71.4267
2020-05-24 03:28:33,415 INFO [23.9] Epoch 143: loss = 71.7369
2020-05-24 03:28:56,954 INFO [23.5] Epoch 144: loss = 71.7007
2020-05-24 03:29:20,766 INFO [23.8] Epoch 145: loss = 71.3080
2020-05-24 03:29:44,273 INFO [23.5] Epoch 146: loss = 71.6683
2020-05-24 03:30:07,788 INFO [23.5] Epoch 147: loss = 71.4758
2020-05-24 03:30:31,143 INFO [23.4] Epoch 148: loss = 70.7849
2020-05-24 03:30:54,821 INFO [23.7] Epoch 149: loss = 70.1526
2020-05-24 03:30:54,821 INFO Start Evaling...
2020-05-24 03:31:53,461 INFO Head: mr:6729.0 mrr:39.79 hits10:44.23 hits3:40.44 hits1:37.64
2020-05-24 03:31:53,461 INFO Tail: mr:5402.9 mrr:43.35 hits10:47.20 hits3:44.07 hits1:41.27
2020-05-24 03:31:53,461 INFO All: mr:6066.0 mrr:41.57 hits10:45.72 hits3:42.25 hits1:39.45
2020-05-24 03:31:53,464 INFO Start Evaling...
2020-05-24 03:32:53,740 INFO Head: mr:6835.7 mrr:39.30 hits10:44.54 hits3:40.17 hits1:36.79
2020-05-24 03:32:53,741 INFO Tail: mr:5337.3 mrr:43.66 hits10:47.83 hits3:44.70 hits1:41.32
2020-05-24 03:32:53,741 INFO All: mr:6086.5 mrr:41.48 hits10:46.19 hits3:42.44 hits1:39.06
2020-05-24 03:32:53,743 INFO Declined in recent 1 epochs
2020-05-24 03:33:17,789 INFO [24.0] Epoch 150: loss = 71.3554
2020-05-24 03:33:41,693 INFO [23.9] Epoch 151: loss = 71.1131
2020-05-24 03:34:05,161 INFO [23.5] Epoch 152: loss = 70.6760
2020-05-24 03:34:29,008 INFO [23.8] Epoch 153: loss = 69.6996
2020-05-24 03:34:52,623 INFO [23.6] Epoch 154: loss = 69.8078
2020-05-24 03:35:16,552 INFO [23.9] Epoch 155: loss = 70.2882
2020-05-24 03:35:40,569 INFO [24.0] Epoch 156: loss = 68.1170
2020-05-24 03:36:04,545 INFO [24.0] Epoch 157: loss = 70.2501
2020-05-24 03:36:27,992 INFO [23.4] Epoch 158: loss = 69.5530
2020-05-24 03:36:51,468 INFO [23.5] Epoch 159: loss = 68.5059
2020-05-24 03:36:51,468 INFO Start Evaling...
2020-05-24 03:37:50,109 INFO Head: mr:6763.2 mrr:39.86 hits10:44.43 hits3:40.44 hits1:37.67
2020-05-24 03:37:50,110 INFO Tail: mr:5316.8 mrr:43.39 hits10:47.50 hits3:44.30 hits1:41.20
2020-05-24 03:37:50,110 INFO All: mr:6040.0 mrr:41.62 hits10:45.96 hits3:42.37 hits1:39.44
2020-05-24 03:37:50,112 INFO Start Evaling...
2020-05-24 03:38:50,391 INFO Head: mr:6807.3 mrr:39.31 hits10:44.26 hits3:40.46 hits1:36.79
2020-05-24 03:38:50,391 INFO Tail: mr:5207.8 mrr:43.97 hits10:47.96 hits3:44.99 hits1:41.64
2020-05-24 03:38:50,391 INFO All: mr:6007.6 mrr:41.64 hits10:46.11 hits3:42.72 hits1:39.22
2020-05-24 03:38:50,393 INFO Declined in recent 2 epochs
2020-05-24 03:39:14,315 INFO [23.9] Epoch 160: loss = 68.2558
2020-05-24 03:39:37,817 INFO [23.5] Epoch 161: loss = 68.6922
2020-05-24 03:40:01,688 INFO [23.9] Epoch 162: loss = 68.5140
2020-05-24 03:40:25,518 INFO [23.8] Epoch 163: loss = 67.6904
2020-05-24 03:40:48,980 INFO [23.5] Epoch 164: loss = 68.4872
2020-05-24 03:41:12,960 INFO [24.0] Epoch 165: loss = 69.4658
2020-05-24 03:41:36,865 INFO [23.9] Epoch 166: loss = 67.5876
2020-05-24 03:42:00,742 INFO [23.9] Epoch 167: loss = 66.9787
2020-05-24 03:42:23,842 INFO [23.1] Epoch 168: loss = 67.7704
2020-05-24 03:42:47,745 INFO [23.9] Epoch 169: loss = 67.6013
2020-05-24 03:42:47,746 INFO Start Evaling...
2020-05-24 03:43:46,197 INFO Head: mr:6716.3 mrr:39.96 hits10:44.26 hits3:40.80 hits1:37.84
2020-05-24 03:43:46,197 INFO Tail: mr:5217.9 mrr:43.38 hits10:46.90 hits3:44.17 hits1:41.30
2020-05-24 03:43:46,197 INFO All: mr:5967.1 mrr:41.67 hits10:45.58 hits3:42.49 hits1:39.57
2020-05-24 03:43:46,199 INFO Start Evaling...
2020-05-24 03:44:46,284 INFO Head: mr:6774.3 mrr:39.58 hits10:44.38 hits3:40.71 hits1:37.11
2020-05-24 03:44:46,284 INFO Tail: mr:5148.1 mrr:43.97 hits10:48.34 hits3:45.21 hits1:41.38
2020-05-24 03:44:46,285 INFO All: mr:5961.2 mrr:41.77 hits10:46.36 hits3:42.96 hits1:39.25
2020-05-24 03:44:46,287 INFO Declined in recent 3 epochs
2020-05-24 03:45:09,751 INFO [23.5] Epoch 170: loss = 66.9653
2020-05-24 03:45:33,088 INFO [23.3] Epoch 171: loss = 68.3666
2020-05-24 03:45:56,916 INFO [23.8] Epoch 172: loss = 67.0203
2020-05-24 03:46:20,345 INFO [23.4] Epoch 173: loss = 67.6197
2020-05-24 03:46:43,858 INFO [23.5] Epoch 174: loss = 66.7454
2020-05-24 03:47:07,725 INFO [23.9] Epoch 175: loss = 66.8567
2020-05-24 03:47:31,696 INFO [24.0] Epoch 176: loss = 66.6040
2020-05-24 03:47:54,744 INFO [23.0] Epoch 177: loss = 65.9832
2020-05-24 03:48:18,597 INFO [23.9] Epoch 178: loss = 66.2870
2020-05-24 03:48:42,570 INFO [24.0] Epoch 179: loss = 66.0613
2020-05-24 03:48:42,570 INFO Start Evaling...
2020-05-24 03:49:41,206 INFO Head: mr:6799.4 mrr:40.02 hits10:44.33 hits3:40.94 hits1:37.80
2020-05-24 03:49:41,207 INFO Tail: mr:5109.7 mrr:43.53 hits10:47.10 hits3:44.30 hits1:41.46
2020-05-24 03:49:41,207 INFO All: mr:5954.5 mrr:41.77 hits10:45.72 hits3:42.62 hits1:39.63
2020-05-24 03:49:41,209 INFO Start Evaling...
2020-05-24 03:50:41,488 INFO Head: mr:6901.3 mrr:39.34 hits10:43.97 hits3:40.01 hits1:37.05
2020-05-24 03:50:41,488 INFO Tail: mr:5112.1 mrr:44.03 hits10:48.60 hits3:44.89 hits1:41.74
2020-05-24 03:50:41,488 INFO All: mr:6006.7 mrr:41.69 hits10:46.28 hits3:42.45 hits1:39.39
2020-05-24 03:50:41,490 INFO Improved and model saved
2020-05-24 03:51:05,053 INFO [23.5] Epoch 180: loss = 65.1492
2020-05-24 03:51:28,522 INFO [23.5] Epoch 181: loss = 65.7708
2020-05-24 03:51:52,455 INFO [23.9] Epoch 182: loss = 64.9324
2020-05-24 03:52:15,860 INFO [23.4] Epoch 183: loss = 65.2893
2020-05-24 03:52:39,656 INFO [23.8] Epoch 184: loss = 65.7815
2020-05-24 03:53:03,516 INFO [23.9] Epoch 185: loss = 65.6501
2020-05-24 03:53:26,581 INFO [23.1] Epoch 186: loss = 65.0283
2020-05-24 03:53:50,514 INFO [23.9] Epoch 187: loss = 64.2179
2020-05-24 03:54:14,047 INFO [23.5] Epoch 188: loss = 65.1607
2020-05-24 03:54:37,391 INFO [23.3] Epoch 189: loss = 65.2709
2020-05-24 03:54:37,392 INFO Start Evaling...
2020-05-24 03:55:36,030 INFO Head: mr:6784.5 mrr:40.09 hits10:44.46 hits3:40.84 hits1:37.80
2020-05-24 03:55:36,030 INFO Tail: mr:5081.3 mrr:43.70 hits10:47.43 hits3:44.30 hits1:41.63
2020-05-24 03:55:36,030 INFO All: mr:5932.9 mrr:41.90 hits10:45.95 hits3:42.57 hits1:39.72
2020-05-24 03:55:36,033 INFO Start Evaling...
2020-05-24 03:56:36,300 INFO Head: mr:6832.4 mrr:39.54 hits10:44.51 hits3:40.52 hits1:37.08
2020-05-24 03:56:36,301 INFO Tail: mr:5071.7 mrr:43.95 hits10:48.40 hits3:44.93 hits1:41.58
2020-05-24 03:56:36,301 INFO All: mr:5952.1 mrr:41.75 hits10:46.46 hits3:42.72 hits1:39.33
2020-05-24 03:56:36,303 INFO Improved and model saved
2020-05-24 03:57:00,109 INFO [23.8] Epoch 190: loss = 64.9815
2020-05-24 03:57:23,694 INFO [23.6] Epoch 191: loss = 64.0115
2020-05-24 03:57:47,137 INFO [23.4] Epoch 192: loss = 64.4185
2020-05-24 03:58:10,686 INFO [23.5] Epoch 193: loss = 63.9472
2020-05-24 03:58:34,587 INFO [23.9] Epoch 194: loss = 63.4057
2020-05-24 03:58:58,151 INFO [23.6] Epoch 195: loss = 64.7126
2020-05-24 03:59:21,982 INFO [23.8] Epoch 196: loss = 63.7688
2020-05-24 03:59:46,077 INFO [24.1] Epoch 197: loss = 64.3098
2020-05-24 04:00:09,222 INFO [23.1] Epoch 198: loss = 63.6435
2020-05-24 04:00:33,269 INFO [24.0] Epoch 199: loss = 63.8666
2020-05-24 04:00:33,269 INFO Start Evaling...
2020-05-24 04:01:31,904 INFO Head: mr:6794.2 mrr:39.98 hits10:44.43 hits3:40.87 hits1:37.61
2020-05-24 04:01:31,904 INFO Tail: mr:5162.4 mrr:43.90 hits10:47.46 hits3:44.73 hits1:41.66
2020-05-24 04:01:31,905 INFO All: mr:5978.3 mrr:41.94 hits10:45.95 hits3:42.80 hits1:39.63
2020-05-24 04:01:31,907 INFO Start Evaling...
2020-05-24 04:02:32,175 INFO Head: mr:6834.1 mrr:39.44 hits10:44.70 hits3:40.52 hits1:36.73
2020-05-24 04:02:32,175 INFO Tail: mr:4992.6 mrr:44.13 hits10:48.44 hits3:45.44 hits1:41.64
2020-05-24 04:02:32,175 INFO All: mr:5913.3 mrr:41.78 hits10:46.57 hits3:42.98 hits1:39.18
2020-05-24 04:02:32,177 INFO Improved and model saved
2020-05-24 04:02:55,922 INFO [23.7] Epoch 200: loss = 63.1329
2020-05-24 04:03:19,238 INFO [23.3] Epoch 201: loss = 63.1836
2020-05-24 04:03:43,040 INFO [23.8] Epoch 202: loss = 63.2221
2020-05-24 04:04:06,602 INFO [23.6] Epoch 203: loss = 63.9843
2020-05-24 04:04:29,992 INFO [23.4] Epoch 204: loss = 63.8889
2020-05-24 04:04:53,717 INFO [23.7] Epoch 205: loss = 62.9734
2020-05-24 04:05:17,173 INFO [23.5] Epoch 206: loss = 62.3605
2020-05-24 04:05:40,666 INFO [23.5] Epoch 207: loss = 62.3888
2020-05-24 04:06:04,513 INFO [23.8] Epoch 208: loss = 62.9008
2020-05-24 04:06:28,394 INFO [23.9] Epoch 209: loss = 61.4011
2020-05-24 04:06:28,394 INFO Start Evaling...
2020-05-24 04:07:26,855 INFO Head: mr:6788.1 mrr:40.23 hits10:44.79 hits3:41.00 hits1:37.97
2020-05-24 04:07:26,855 INFO Tail: mr:5069.1 mrr:43.99 hits10:47.96 hits3:44.40 hits1:41.96
2020-05-24 04:07:26,856 INFO All: mr:5928.6 mrr:42.11 hits10:46.37 hits3:42.70 hits1:39.96
2020-05-24 04:07:26,858 INFO Start Evaling...
2020-05-24 04:08:26,962 INFO Head: mr:6816.4 mrr:39.63 hits10:44.54 hits3:40.33 hits1:37.33
2020-05-24 04:08:26,962 INFO Tail: mr:4968.8 mrr:44.18 hits10:48.76 hits3:45.37 hits1:41.64
2020-05-24 04:08:26,962 INFO All: mr:5892.6 mrr:41.91 hits10:46.65 hits3:42.85 hits1:39.49
2020-05-24 04:08:26,964 INFO Improved and model saved
2020-05-24 04:08:50,054 INFO [23.1] Epoch 210: loss = 62.3124
2020-05-24 04:09:13,548 INFO [23.5] Epoch 211: loss = 62.1662
2020-05-24 04:09:37,417 INFO [23.9] Epoch 212: loss = 61.4923
2020-05-24 04:10:00,827 INFO [23.4] Epoch 213: loss = 60.2348
2020-05-24 04:10:24,183 INFO [23.4] Epoch 214: loss = 62.3402
2020-05-24 04:10:47,680 INFO [23.5] Epoch 215: loss = 62.5426
2020-05-24 04:11:11,086 INFO [23.4] Epoch 216: loss = 61.4490
2020-05-24 04:11:35,001 INFO [23.9] Epoch 217: loss = 60.6164
2020-05-24 04:11:58,763 INFO [23.8] Epoch 218: loss = 62.1210
2020-05-24 04:12:22,118 INFO [23.4] Epoch 219: loss = 61.2022
2020-05-24 04:12:22,119 INFO Start Evaling...
2020-05-24 04:13:20,575 INFO Head: mr:6884.8 mrr:40.01 hits10:44.83 hits3:40.90 hits1:37.54
2020-05-24 04:13:20,575 INFO Tail: mr:5065.3 mrr:43.90 hits10:48.19 hits3:44.59 hits1:41.69
2020-05-24 04:13:20,575 INFO All: mr:5975.0 mrr:41.96 hits10:46.51 hits3:42.75 hits1:39.62
2020-05-24 04:13:20,577 INFO Start Evaling...
2020-05-24 04:14:20,669 INFO Head: mr:6804.3 mrr:39.78 hits10:44.67 hits3:41.00 hits1:37.14
2020-05-24 04:14:20,669 INFO Tail: mr:4959.7 mrr:44.25 hits10:48.34 hits3:45.05 hits1:41.90
2020-05-24 04:14:20,669 INFO All: mr:5882.0 mrr:42.01 hits10:46.51 hits3:43.03 hits1:39.52
2020-05-24 04:14:20,671 INFO Declined in recent 1 epochs
2020-05-24 04:14:44,169 INFO [23.5] Epoch 220: loss = 61.9987
2020-05-24 04:15:07,672 INFO [23.5] Epoch 221: loss = 60.5122
2020-05-24 04:15:31,147 INFO [23.5] Epoch 222: loss = 61.1103
2020-05-24 04:15:54,635 INFO [23.5] Epoch 223: loss = 60.9101
2020-05-24 04:16:18,550 INFO [23.9] Epoch 224: loss = 60.9688
2020-05-24 04:16:41,574 INFO [23.0] Epoch 225: loss = 60.3965
2020-05-24 04:17:05,492 INFO [23.9] Epoch 226: loss = 60.1938
2020-05-24 04:17:29,488 INFO [24.0] Epoch 227: loss = 59.4408
2020-05-24 04:17:52,978 INFO [23.5] Epoch 228: loss = 59.9532
2020-05-24 04:18:16,841 INFO [23.9] Epoch 229: loss = 60.4294
2020-05-24 04:18:16,842 INFO Start Evaling...
2020-05-24 04:19:15,279 INFO Head: mr:6827.9 mrr:40.34 hits10:44.92 hits3:41.17 hits1:38.10
2020-05-24 04:19:15,279 INFO Tail: mr:5044.3 mrr:43.83 hits10:48.09 hits3:44.66 hits1:41.43
2020-05-24 04:19:15,279 INFO All: mr:5936.1 mrr:42.09 hits10:46.51 hits3:42.91 hits1:39.77
2020-05-24 04:19:15,282 INFO Start Evaling...
2020-05-24 04:20:15,355 INFO Head: mr:6842.1 mrr:39.97 hits10:44.80 hits3:40.97 hits1:37.56
2020-05-24 04:20:15,355 INFO Tail: mr:4941.7 mrr:44.35 hits10:48.82 hits3:45.37 hits1:41.93
2020-05-24 04:20:15,355 INFO All: mr:5891.9 mrr:42.16 hits10:46.81 hits3:43.17 hits1:39.74
2020-05-24 04:20:15,357 INFO Declined in recent 2 epochs
2020-05-24 04:20:38,861 INFO [23.5] Epoch 230: loss = 60.6114
2020-05-24 04:21:02,229 INFO [23.4] Epoch 231: loss = 60.2594
2020-05-24 04:21:26,041 INFO [23.8] Epoch 232: loss = 59.7491
2020-05-24 04:21:49,924 INFO [23.9] Epoch 233: loss = 60.2994
2020-05-24 04:22:12,910 INFO [23.0] Epoch 234: loss = 60.0732
2020-05-24 04:22:36,687 INFO [23.8] Epoch 235: loss = 60.9264
2020-05-24 04:23:00,450 INFO [23.8] Epoch 236: loss = 60.0579
2020-05-24 04:23:23,450 INFO [23.0] Epoch 237: loss = 59.8994
2020-05-24 04:23:47,347 INFO [23.9] Epoch 238: loss = 59.5190
2020-05-24 04:24:11,130 INFO [23.8] Epoch 239: loss = 60.1731
2020-05-24 04:24:11,130 INFO Start Evaling...
2020-05-24 04:25:09,584 INFO Head: mr:6856.6 mrr:40.40 hits10:45.06 hits3:41.30 hits1:38.10
2020-05-24 04:25:09,584 INFO Tail: mr:5018.9 mrr:43.91 hits10:48.02 hits3:44.63 hits1:41.63
2020-05-24 04:25:09,584 INFO All: mr:5937.7 mrr:42.16 hits10:46.54 hits3:42.96 hits1:39.86
2020-05-24 04:25:09,587 INFO Start Evaling...
2020-05-24 04:26:09,676 INFO Head: mr:6824.3 mrr:39.50 hits10:44.80 hits3:40.71 hits1:36.76
2020-05-24 04:26:09,676 INFO Tail: mr:4899.1 mrr:44.20 hits10:48.66 hits3:45.25 hits1:41.77
2020-05-24 04:26:09,676 INFO All: mr:5861.7 mrr:41.85 hits10:46.73 hits3:42.98 hits1:39.26
2020-05-24 04:26:09,678 INFO Improved and model saved
2020-05-24 04:26:33,313 INFO [23.6] Epoch 240: loss = 59.3965
2020-05-24 04:26:57,083 INFO [23.8] Epoch 241: loss = 60.6012
2020-05-24 04:27:20,478 INFO [23.4] Epoch 242: loss = 60.3209
2020-05-24 04:27:44,264 INFO [23.8] Epoch 243: loss = 60.4848
2020-05-24 04:28:07,423 INFO [23.2] Epoch 244: loss = 59.4797
2020-05-24 04:28:30,914 INFO [23.5] Epoch 245: loss = 60.5095
2020-05-24 04:28:54,482 INFO [23.6] Epoch 246: loss = 58.5969
2020-05-24 04:29:18,111 INFO [23.6] Epoch 247: loss = 58.7341
2020-05-24 04:29:41,713 INFO [23.6] Epoch 248: loss = 59.2444
2020-05-24 04:30:05,601 INFO [23.9] Epoch 249: loss = 58.4628
2020-05-24 04:30:05,602 INFO Start Evaling...
2020-05-24 04:31:04,230 INFO Head: mr:6867.2 mrr:40.38 hits10:44.86 hits3:41.13 hits1:38.10
2020-05-24 04:31:04,230 INFO Tail: mr:4975.5 mrr:44.07 hits10:48.35 hits3:44.92 hits1:41.69
2020-05-24 04:31:04,231 INFO All: mr:5921.4 mrr:42.22 hits10:46.61 hits3:43.03 hits1:39.90
2020-05-24 04:31:04,233 INFO Start Evaling...
2020-05-24 04:32:04,501 INFO Head: mr:6825.9 mrr:39.72 hits10:45.09 hits3:40.24 hits1:37.33
2020-05-24 04:32:04,501 INFO Tail: mr:4854.0 mrr:44.45 hits10:48.92 hits3:45.53 hits1:41.96
2020-05-24 04:32:04,501 INFO All: mr:5839.9 mrr:42.08 hits10:47.00 hits3:42.88 hits1:39.65
2020-05-24 04:32:04,503 INFO Improved and model saved
2020-05-24 04:32:28,425 INFO [23.9] Epoch 250: loss = 58.9953
2020-05-24 04:32:51,983 INFO [23.6] Epoch 251: loss = 59.4893
2020-05-24 04:33:15,967 INFO [24.0] Epoch 252: loss = 58.6869
2020-05-24 04:33:39,491 INFO [23.5] Epoch 253: loss = 58.4428
2020-05-24 04:34:03,596 INFO [24.1] Epoch 254: loss = 58.9436
2020-05-24 04:34:27,005 INFO [23.4] Epoch 255: loss = 57.7661
2020-05-24 04:34:50,908 INFO [23.9] Epoch 256: loss = 58.3140
2020-05-24 04:35:14,506 INFO [23.6] Epoch 257: loss = 58.4771
2020-05-24 04:35:38,164 INFO [23.7] Epoch 258: loss = 58.3007
2020-05-24 04:36:02,211 INFO [24.0] Epoch 259: loss = 58.6797
2020-05-24 04:36:02,212 INFO Start Evaling...
2020-05-24 04:37:00,841 INFO Head: mr:6902.5 mrr:40.31 hits10:44.86 hits3:41.00 hits1:37.97
2020-05-24 04:37:00,841 INFO Tail: mr:4994.2 mrr:44.10 hits10:48.71 hits3:44.86 hits1:41.79
2020-05-24 04:37:00,841 INFO All: mr:5948.3 mrr:42.21 hits10:46.79 hits3:42.93 hits1:39.88
2020-05-24 04:37:00,843 INFO Start Evaling...
2020-05-24 04:38:01,108 INFO Head: mr:6832.7 mrr:39.57 hits10:45.02 hits3:40.46 hits1:36.98
2020-05-24 04:38:01,108 INFO Tail: mr:4857.6 mrr:44.55 hits10:48.92 hits3:45.98 hits1:41.96
2020-05-24 04:38:01,108 INFO All: mr:5845.2 mrr:42.06 hits10:46.97 hits3:43.22 hits1:39.47
2020-05-24 04:38:01,110 INFO Declined in recent 1 epochs
2020-05-24 04:38:25,085 INFO [24.0] Epoch 260: loss = 57.1392
2020-05-24 04:38:48,599 INFO [23.5] Epoch 261: loss = 58.1785
2020-05-24 04:39:12,646 INFO [24.0] Epoch 262: loss = 57.2997
2020-05-24 04:39:36,601 INFO [24.0] Epoch 263: loss = 58.6582
2020-05-24 04:40:00,795 INFO [24.2] Epoch 264: loss = 57.7698
2020-05-24 04:40:24,430 INFO [23.6] Epoch 265: loss = 58.5236
2020-05-24 04:40:48,292 INFO [23.9] Epoch 266: loss = 57.4865
2020-05-24 04:41:11,805 INFO [23.5] Epoch 267: loss = 57.5890
2020-05-24 04:41:34,952 INFO [23.1] Epoch 268: loss = 57.7962
2020-05-24 04:41:58,890 INFO [23.9] Epoch 269: loss = 57.5117
2020-05-24 04:41:58,891 INFO Start Evaling...
2020-05-24 04:42:57,364 INFO Head: mr:6857.3 mrr:40.27 hits10:45.19 hits3:40.80 hits1:37.90
2020-05-24 04:42:57,364 INFO Tail: mr:4995.4 mrr:44.24 hits10:48.38 hits3:45.35 hits1:41.86
2020-05-24 04:42:57,364 INFO All: mr:5926.4 mrr:42.26 hits10:46.79 hits3:43.08 hits1:39.88
2020-05-24 04:42:57,367 INFO Start Evaling...
2020-05-24 04:43:57,481 INFO Head: mr:6883.4 mrr:39.64 hits10:44.93 hits3:40.46 hits1:37.01
2020-05-24 04:43:57,481 INFO Tail: mr:4877.6 mrr:44.48 hits10:48.88 hits3:45.69 hits1:41.90
2020-05-24 04:43:57,481 INFO All: mr:5880.5 mrr:42.06 hits10:46.90 hits3:43.08 hits1:39.45
2020-05-24 04:43:57,483 INFO Improved and model saved
2020-05-24 04:44:20,962 INFO [23.5] Epoch 270: loss = 57.5096
2020-05-24 04:44:44,876 INFO [23.9] Epoch 271: loss = 56.4184
2020-05-24 04:45:08,547 INFO [23.7] Epoch 272: loss = 56.2261
2020-05-24 04:45:32,028 INFO [23.5] Epoch 273: loss = 57.3283
2020-05-24 04:45:55,833 INFO [23.8] Epoch 274: loss = 57.1981
2020-05-24 04:46:19,379 INFO [23.5] Epoch 275: loss = 55.9342
2020-05-24 04:46:43,303 INFO [23.9] Epoch 276: loss = 56.1106
2020-05-24 04:47:07,132 INFO [23.8] Epoch 277: loss = 56.4835
2020-05-24 04:47:30,646 INFO [23.5] Epoch 278: loss = 57.1207
2020-05-24 04:47:54,062 INFO [23.4] Epoch 279: loss = 56.6758
2020-05-24 04:47:54,063 INFO Start Evaling...
2020-05-24 04:48:52,519 INFO Head: mr:6893.5 mrr:40.35 hits10:45.02 hits3:40.74 hits1:38.13
2020-05-24 04:48:52,520 INFO Tail: mr:4909.1 mrr:44.00 hits10:48.25 hits3:44.96 hits1:41.50
2020-05-24 04:48:52,520 INFO All: mr:5901.3 mrr:42.18 hits10:46.64 hits3:42.85 hits1:39.82
2020-05-24 04:48:52,522 INFO Start Evaling...
2020-05-24 04:49:52,608 INFO Head: mr:6877.6 mrr:39.61 hits10:45.18 hits3:40.56 hits1:37.01
2020-05-24 04:49:52,609 INFO Tail: mr:4817.3 mrr:44.40 hits10:48.98 hits3:45.44 hits1:41.90
2020-05-24 04:49:52,609 INFO All: mr:5847.4 mrr:42.01 hits10:47.08 hits3:43.00 hits1:39.45
2020-05-24 04:49:52,611 INFO Declined in recent 1 epochs
2020-05-24 04:50:16,069 INFO [23.5] Epoch 280: loss = 57.2150
2020-05-24 04:50:39,901 INFO [23.8] Epoch 281: loss = 56.3597
2020-05-24 04:51:03,212 INFO [23.3] Epoch 282: loss = 56.0913
2020-05-24 04:51:27,043 INFO [23.8] Epoch 283: loss = 56.2498
2020-05-24 04:51:50,857 INFO [23.8] Epoch 284: loss = 55.8215
2020-05-24 04:52:13,886 INFO [23.0] Epoch 285: loss = 56.0739
2020-05-24 04:52:37,662 INFO [23.8] Epoch 286: loss = 57.0919
2020-05-24 04:53:01,567 INFO [23.9] Epoch 287: loss = 55.8925
2020-05-24 04:53:25,498 INFO [23.9] Epoch 288: loss = 56.6734
2020-05-24 04:53:48,879 INFO [23.4] Epoch 289: loss = 56.6142
2020-05-24 04:53:48,879 INFO Start Evaling...
2020-05-24 04:54:47,336 INFO Head: mr:6887.4 mrr:40.30 hits10:44.92 hits3:40.77 hits1:38.00
2020-05-24 04:54:47,336 INFO Tail: mr:4990.7 mrr:44.07 hits10:48.52 hits3:45.09 hits1:41.56
2020-05-24 04:54:47,336 INFO All: mr:5939.1 mrr:42.18 hits10:46.72 hits3:42.93 hits1:39.78
2020-05-24 04:54:47,338 INFO Start Evaling...
2020-05-24 04:55:47,424 INFO Head: mr:6897.2 mrr:39.49 hits10:45.05 hits3:40.08 hits1:36.95
2020-05-24 04:55:47,424 INFO Tail: mr:4882.1 mrr:44.24 hits10:48.98 hits3:45.31 hits1:41.70
2020-05-24 04:55:47,425 INFO All: mr:5889.6 mrr:41.87 hits10:47.02 hits3:42.69 hits1:39.33
2020-05-24 04:55:47,426 INFO Declined in recent 2 epochs
2020-05-24 04:56:10,844 INFO [23.4] Epoch 290: loss = 56.1730
2020-05-24 04:56:34,837 INFO [24.0] Epoch 291: loss = 55.9524
2020-05-24 04:56:57,861 INFO [23.0] Epoch 292: loss = 55.5370
2020-05-24 04:57:21,649 INFO [23.8] Epoch 293: loss = 55.9868
2020-05-24 04:57:45,115 INFO [23.5] Epoch 294: loss = 56.1576
2020-05-24 04:58:08,600 INFO [23.5] Epoch 295: loss = 56.0315
2020-05-24 04:58:32,178 INFO [23.6] Epoch 296: loss = 55.8300
2020-05-24 04:58:56,108 INFO [23.9] Epoch 297: loss = 55.7224
2020-05-24 04:59:19,541 INFO [23.4] Epoch 298: loss = 55.2747
2020-05-24 04:59:42,912 INFO [23.4] Epoch 299: loss = 55.2350
2020-05-24 04:59:42,913 INFO Start Evaling...
2020-05-24 05:00:41,376 INFO Head: mr:6922.6 mrr:40.28 hits10:45.12 hits3:41.10 hits1:37.74
2020-05-24 05:00:41,376 INFO Tail: mr:4983.9 mrr:44.11 hits10:48.48 hits3:45.02 hits1:41.66
2020-05-24 05:00:41,376 INFO All: mr:5953.2 mrr:42.20 hits10:46.80 hits3:43.06 hits1:39.70
2020-05-24 05:00:41,378 INFO Start Evaling...
2020-05-24 05:01:41,479 INFO Head: mr:6933.8 mrr:39.52 hits10:45.09 hits3:40.36 hits1:36.89
2020-05-24 05:01:41,479 INFO Tail: mr:4899.5 mrr:44.42 hits10:49.14 hits3:45.34 hits1:41.80
2020-05-24 05:01:41,479 INFO All: mr:5916.7 mrr:41.97 hits10:47.11 hits3:42.85 hits1:39.34
2020-05-24 05:01:41,481 INFO Declined in recent 3 epochs
2020-05-24 05:02:04,926 INFO [23.4] Epoch 300: loss = 55.0617
2020-05-24 05:02:28,435 INFO [23.5] Epoch 301: loss = 54.6473
2020-05-24 05:02:52,010 INFO [23.6] Epoch 302: loss = 54.6160
2020-05-24 05:03:15,451 INFO [23.4] Epoch 303: loss = 55.4242
2020-05-24 05:03:38,817 INFO [23.4] Epoch 304: loss = 56.6421
2020-05-24 05:04:02,230 INFO [23.4] Epoch 305: loss = 55.2880
2020-05-24 05:04:25,725 INFO [23.5] Epoch 306: loss = 56.4197
2020-05-24 05:04:48,729 INFO [23.0] Epoch 307: loss = 55.2861
2020-05-24 05:05:12,396 INFO [23.7] Epoch 308: loss = 55.4697
2020-05-24 05:05:36,135 INFO [23.7] Epoch 309: loss = 55.8156
2020-05-24 05:05:36,135 INFO Start Evaling...
2020-05-24 05:06:34,596 INFO Head: mr:6948.3 mrr:40.40 hits10:45.25 hits3:41.03 hits1:38.10
2020-05-24 05:06:34,596 INFO Tail: mr:4925.5 mrr:44.22 hits10:48.55 hits3:45.09 hits1:41.83
2020-05-24 05:06:34,596 INFO All: mr:5936.9 mrr:42.31 hits10:46.90 hits3:43.06 hits1:39.96
2020-05-24 05:06:34,598 INFO Start Evaling...
2020-05-24 05:07:34,693 INFO Head: mr:6920.1 mrr:39.71 hits10:45.28 hits3:40.27 hits1:37.27
2020-05-24 05:07:34,694 INFO Tail: mr:4827.2 mrr:44.53 hits10:49.07 hits3:45.53 hits1:42.02
2020-05-24 05:07:34,694 INFO All: mr:5873.7 mrr:42.12 hits10:47.18 hits3:42.90 hits1:39.65
2020-05-24 05:07:34,696 INFO Improved and model saved
2020-05-24 05:07:57,691 INFO [23.0] Epoch 310: loss = 53.7931
2020-05-24 05:08:21,648 INFO [24.0] Epoch 311: loss = 54.5885
2020-05-24 05:08:45,595 INFO [23.9] Epoch 312: loss = 53.9004
2020-05-24 05:09:08,979 INFO [23.4] Epoch 313: loss = 54.4195
2020-05-24 05:09:32,797 INFO [23.8] Epoch 314: loss = 54.3448
2020-05-24 05:09:56,806 INFO [24.0] Epoch 315: loss = 55.0154
2020-05-24 05:10:19,770 INFO [23.0] Epoch 316: loss = 55.2555
2020-05-24 05:10:43,250 INFO [23.5] Epoch 317: loss = 54.5822
2020-05-24 05:11:06,705 INFO [23.5] Epoch 318: loss = 54.0798
2020-05-24 05:11:30,170 INFO [23.5] Epoch 319: loss = 54.0758
2020-05-24 05:11:30,170 INFO Start Evaling...
2020-05-24 05:12:28,806 INFO Head: mr:6989.3 mrr:40.37 hits10:44.99 hits3:41.03 hits1:38.07
2020-05-24 05:12:28,807 INFO Tail: mr:4979.8 mrr:44.09 hits10:48.65 hits3:45.22 hits1:41.46
2020-05-24 05:12:28,807 INFO All: mr:5984.6 mrr:42.23 hits10:46.82 hits3:43.13 hits1:39.77
2020-05-24 05:12:28,809 INFO Start Evaling...
2020-05-24 05:13:29,084 INFO Head: mr:6966.9 mrr:39.50 hits10:44.93 hits3:40.49 hits1:36.85
2020-05-24 05:13:29,084 INFO Tail: mr:4827.7 mrr:44.46 hits10:49.11 hits3:45.76 hits1:41.86
2020-05-24 05:13:29,084 INFO All: mr:5897.3 mrr:41.98 hits10:47.02 hits3:43.12 hits1:39.36
2020-05-24 05:13:29,086 INFO Declined in recent 1 epochs
2020-05-24 05:13:52,923 INFO [23.8] Epoch 320: loss = 53.6563
2020-05-24 05:14:16,799 INFO [23.9] Epoch 321: loss = 53.3781
2020-05-24 05:14:40,366 INFO [23.6] Epoch 322: loss = 55.0404
2020-05-24 05:15:03,754 INFO [23.4] Epoch 323: loss = 53.6542
2020-05-24 05:15:27,686 INFO [23.9] Epoch 324: loss = 53.8534
2020-05-24 05:15:51,216 INFO [23.5] Epoch 325: loss = 54.2083
2020-05-24 05:16:15,144 INFO [23.9] Epoch 326: loss = 54.1809
2020-05-24 05:16:39,155 INFO [24.0] Epoch 327: loss = 54.2092
2020-05-24 05:17:02,206 INFO [23.1] Epoch 328: loss = 54.2821
2020-05-24 05:17:26,178 INFO [24.0] Epoch 329: loss = 54.5907
2020-05-24 05:17:26,179 INFO Start Evaling...
2020-05-24 05:18:24,809 INFO Head: mr:6964.7 mrr:40.35 hits10:45.19 hits3:40.94 hits1:38.07
2020-05-24 05:18:24,809 INFO Tail: mr:5025.7 mrr:44.22 hits10:48.95 hits3:45.12 hits1:41.66
2020-05-24 05:18:24,809 INFO All: mr:5995.2 mrr:42.29 hits10:47.07 hits3:43.03 hits1:39.86
2020-05-24 05:18:24,811 INFO Start Evaling...
2020-05-24 05:19:25,084 INFO Head: mr:6920.2 mrr:39.52 hits10:44.93 hits3:40.14 hits1:37.05
2020-05-24 05:19:25,084 INFO Tail: mr:4769.6 mrr:44.48 hits10:49.33 hits3:45.53 hits1:41.83
2020-05-24 05:19:25,084 INFO All: mr:5844.9 mrr:42.00 hits10:47.13 hits3:42.84 hits1:39.44
2020-05-24 05:19:25,086 INFO Declined in recent 2 epochs
2020-05-24 05:19:49,054 INFO [24.0] Epoch 330: loss = 53.8186
2020-05-24 05:20:12,182 INFO [23.1] Epoch 331: loss = 53.9234
2020-05-24 05:20:36,072 INFO [23.9] Epoch 332: loss = 53.3058
2020-05-24 05:21:00,015 INFO [23.9] Epoch 333: loss = 53.0626
2020-05-24 05:21:23,108 INFO [23.1] Epoch 334: loss = 53.9400
