2020-05-23 09:11:46,998 INFO EPOCH: 1000
2020-05-23 09:11:46,999 INFO EVERY: 10
2020-05-23 09:11:46,999 INFO LR: 0.001
2020-05-23 09:11:46,999 INFO DIM: 100
2020-05-23 09:11:46,999 INFO BATCH_SIZE: 256
2020-05-23 09:11:46,999 INFO BATCH_SIZE2: 100
2020-05-23 09:11:46,999 INFO P: 1
2020-05-23 09:11:46,999 INFO CLIPPING_MAX_VALUE: 4.0
2020-05-23 09:11:46,999 INFO OPTIM: Adam
2020-05-23 09:11:46,999 INFO N_SAMPLE: 12
2020-05-23 09:11:46,999 INFO MODE: cach
2020-05-23 09:11:47,000 INFO RATE: 0.1
2020-05-23 09:11:47,000 INFO GAMMA: 12.0
2020-05-23 09:11:47,000 INFO BERN: True
2020-05-23 09:11:47,000 INFO MARGIN: 4.0
2020-05-23 09:11:47,000 INFO REG: 1.0
2020-05-23 09:11:47,000 INFO LABEL_SMOOTH_EPS: 0.1
2020-05-23 09:11:47,000 INFO INPUT_DROP: 0.2
2020-05-23 09:11:47,000 INFO FEAT_DROP: 0.2
2020-05-23 09:11:47,000 INFO HIDD_DROP: 0.3
2020-05-23 09:11:47,000 INFO CHANNELS: 50
2020-05-23 09:11:47,000 INFO KERNEL_SIZE: 3
2020-05-23 09:11:47,000 INFO N_POOL: 100
2020-05-23 09:11:47,001 INFO MODEL_D: TransH
2020-05-23 09:11:47,001 INFO MODEL_G: DistMult
2020-05-23 09:11:47,001 INFO SCRATCH: False
2020-05-23 09:11:47,001 INFO D_FILE: None
2020-05-23 09:11:47,001 INFO G_FILE: None
2020-05-23 09:11:47,001 INFO PATH: data
2020-05-23 09:11:47,001 INFO DATA: WN18RR
2020-05-23 09:11:47,001 INFO EXP_PATH: experiment/WN18RR
2020-05-23 09:11:47,001 INFO MODEL: DistMult
2020-05-23 09:11:47,001 INFO V: 0
2020-05-23 09:11:47,001 INFO F: True
2020-05-23 09:11:47,002 INFO ADV: True
2020-05-23 09:11:47,002 INFO EVAL: False
2020-05-23 09:11:47,002 INFO TRAINED: False
2020-05-23 09:11:47,002 INFO PRETRAINED_NAME: None
2020-05-23 09:11:47,002 INFO EXP_NAME: DistMult-WN18RR-cach-0
2020-05-23 09:11:47,002 INFO --------------------------------------
2020-05-23 09:11:49,820 INFO Dataload done
2020-05-23 09:11:49,821 INFO --------------------------------------
2020-05-23 09:11:49,821 INFO N_ENTITY: 40943
2020-05-23 09:11:49,821 INFO N_RELATION: 11
2020-05-23 09:11:49,821 INFO --------------------------------------
2020-05-23 09:11:53,232 INFO Start Training...
2020-05-23 09:12:03,552 INFO [10.3] Epoch 0: loss = 353.9826
2020-05-23 09:12:13,608 INFO [10.1] Epoch 1: loss = 350.5264
2020-05-23 09:12:23,348 INFO [9.7] Epoch 2: loss = 332.5796
2020-05-23 09:12:33,365 INFO [10.0] Epoch 3: loss = 302.6298
2020-05-23 09:12:43,102 INFO [9.7] Epoch 4: loss = 274.0901
2020-05-23 09:12:53,166 INFO [10.1] Epoch 5: loss = 256.2783
2020-05-23 09:13:02,869 INFO [9.7] Epoch 6: loss = 247.9242
2020-05-23 09:13:12,912 INFO [10.0] Epoch 7: loss = 243.5111
2020-05-23 09:13:22,647 INFO [9.7] Epoch 8: loss = 240.7369
2020-05-23 09:13:32,723 INFO [10.1] Epoch 9: loss = 239.0616
2020-05-23 09:13:32,724 INFO Start Evaling...
2020-05-23 09:14:31,461 INFO Head: mr:8379.0 mrr:31.74 hits10:39.78 hits3:36.29 hits1:26.24
2020-05-23 09:14:31,461 INFO Tail: mr:8165.3 mrr:33.69 hits10:42.22 hits3:38.60 hits1:27.98
2020-05-23 09:14:31,461 INFO All: mr:8272.1 mrr:32.72 hits10:41.00 hits3:37.44 hits1:27.11
2020-05-23 09:14:31,463 INFO Start Evaling...
2020-05-23 09:15:31,843 INFO Head: mr:8214.1 mrr:31.15 hits10:40.14 hits3:36.22 hits1:25.18
2020-05-23 09:15:31,843 INFO Tail: mr:7996.1 mrr:33.79 hits10:42.76 hits3:38.74 hits1:27.89
2020-05-23 09:15:31,843 INFO All: mr:8105.1 mrr:32.47 hits10:41.45 hits3:37.48 hits1:26.53
2020-05-23 09:15:31,845 INFO Improved and model saved
2020-05-23 09:15:41,634 INFO [9.8] Epoch 10: loss = 237.1420
2020-05-23 09:15:51,732 INFO [10.1] Epoch 11: loss = 234.3976
2020-05-23 09:16:01,508 INFO [9.8] Epoch 12: loss = 230.7691
2020-05-23 09:16:11,285 INFO [9.8] Epoch 13: loss = 225.8547
2020-05-23 09:16:21,351 INFO [10.1] Epoch 14: loss = 220.1904
2020-05-23 09:16:31,108 INFO [9.8] Epoch 15: loss = 213.8480
2020-05-23 09:16:41,182 INFO [10.1] Epoch 16: loss = 206.8793
2020-05-23 09:16:50,971 INFO [9.8] Epoch 17: loss = 199.4762
2020-05-23 09:17:01,056 INFO [10.1] Epoch 18: loss = 192.6292
2020-05-23 09:17:10,815 INFO [9.8] Epoch 19: loss = 185.1872
2020-05-23 09:17:10,815 INFO Start Evaling...
2020-05-23 09:18:09,556 INFO Head: mr:8100.4 mrr:36.30 hits10:40.97 hits3:37.48 hits1:33.72
2020-05-23 09:18:09,556 INFO Tail: mr:7435.5 mrr:39.44 hits10:43.57 hits3:41.50 hits1:36.59
2020-05-23 09:18:09,557 INFO All: mr:7767.9 mrr:37.87 hits10:42.27 hits3:39.49 hits1:35.15
2020-05-23 09:18:09,559 INFO Start Evaling...
2020-05-23 09:19:09,957 INFO Head: mr:7824.0 mrr:36.41 hits10:40.87 hits3:37.65 hits1:33.92
2020-05-23 09:19:09,957 INFO Tail: mr:7229.7 mrr:39.85 hits10:44.03 hits3:41.64 hits1:37.08
2020-05-23 09:19:09,957 INFO All: mr:7526.8 mrr:38.13 hits10:42.45 hits3:39.65 hits1:35.50
2020-05-23 09:19:09,959 INFO Improved and model saved
2020-05-23 09:19:20,065 INFO [10.1] Epoch 20: loss = 178.9644
2020-05-23 09:19:29,869 INFO [9.8] Epoch 21: loss = 173.1278
2020-05-23 09:19:39,958 INFO [10.1] Epoch 22: loss = 168.3973
2020-05-23 09:19:49,747 INFO [9.8] Epoch 23: loss = 163.8302
2020-05-23 09:19:59,833 INFO [10.1] Epoch 24: loss = 159.5716
2020-05-23 09:20:09,622 INFO [9.8] Epoch 25: loss = 156.3743
2020-05-23 09:20:19,413 INFO [9.8] Epoch 26: loss = 152.5765
2020-05-23 09:20:29,491 INFO [10.1] Epoch 27: loss = 149.6099
2020-05-23 09:20:39,272 INFO [9.8] Epoch 28: loss = 146.8903
2020-05-23 09:20:49,350 INFO [10.1] Epoch 29: loss = 144.0684
2020-05-23 09:20:49,350 INFO Start Evaling...
2020-05-23 09:21:47,913 INFO Head: mr:7569.4 mrr:37.56 hits10:41.53 hits3:38.27 hits1:35.40
2020-05-23 09:21:47,914 INFO Tail: mr:7034.8 mrr:41.55 hits10:44.96 hits3:42.52 hits1:39.55
2020-05-23 09:21:47,914 INFO All: mr:7302.1 mrr:39.55 hits10:43.24 hits3:40.39 hits1:37.48
2020-05-23 09:21:47,916 INFO Start Evaling...
2020-05-23 09:22:48,132 INFO Head: mr:7199.4 mrr:37.22 hits10:41.61 hits3:37.91 hits1:35.00
2020-05-23 09:22:48,133 INFO Tail: mr:6698.4 mrr:41.44 hits10:45.34 hits3:42.76 hits1:38.96
2020-05-23 09:22:48,133 INFO All: mr:6948.9 mrr:39.33 hits10:43.47 hits3:40.33 hits1:36.98
2020-05-23 09:22:48,135 INFO Improved and model saved
2020-05-23 09:22:57,916 INFO [9.8] Epoch 30: loss = 141.5339
2020-05-23 09:23:08,048 INFO [10.1] Epoch 31: loss = 139.7653
2020-05-23 09:23:17,841 INFO [9.8] Epoch 32: loss = 137.7435
2020-05-23 09:23:27,978 INFO [10.1] Epoch 33: loss = 136.1176
2020-05-23 09:23:37,782 INFO [9.8] Epoch 34: loss = 133.9872
2020-05-23 09:23:47,914 INFO [10.1] Epoch 35: loss = 132.9103
2020-05-23 09:23:57,689 INFO [9.8] Epoch 36: loss = 131.6676
2020-05-23 09:24:07,491 INFO [9.8] Epoch 37: loss = 129.9998
2020-05-23 09:24:17,617 INFO [10.1] Epoch 38: loss = 128.4901
2020-05-23 09:24:27,408 INFO [9.8] Epoch 39: loss = 127.5160
2020-05-23 09:24:27,408 INFO Start Evaling...
2020-05-23 09:25:25,951 INFO Head: mr:7148.0 mrr:37.95 hits10:41.73 hits3:38.76 hits1:35.79
2020-05-23 09:25:25,951 INFO Tail: mr:6629.3 mrr:42.23 hits10:45.55 hits3:42.85 hits1:40.38
2020-05-23 09:25:25,951 INFO All: mr:6888.7 mrr:40.09 hits10:43.64 hits3:40.80 hits1:38.09
2020-05-23 09:25:25,954 INFO Start Evaling...
2020-05-23 09:26:26,151 INFO Head: mr:6866.3 mrr:37.83 hits10:42.41 hits3:38.61 hits1:35.61
2020-05-23 09:26:26,151 INFO Tail: mr:6329.8 mrr:42.40 hits10:46.30 hits3:43.59 hits1:40.11
2020-05-23 09:26:26,152 INFO All: mr:6598.1 mrr:40.12 hits10:44.35 hits3:41.10 hits1:37.86
2020-05-23 09:26:26,154 INFO Improved and model saved
2020-05-23 09:26:36,223 INFO [10.0] Epoch 40: loss = 126.2885
2020-05-23 09:26:46,010 INFO [9.8] Epoch 41: loss = 124.9129
2020-05-23 09:26:56,117 INFO [10.1] Epoch 42: loss = 123.8652
2020-05-23 09:27:05,906 INFO [9.8] Epoch 43: loss = 123.0680
2020-05-23 09:27:16,028 INFO [10.1] Epoch 44: loss = 122.3559
2020-05-23 09:27:25,801 INFO [9.8] Epoch 45: loss = 121.8239
2020-05-23 09:27:35,937 INFO [10.1] Epoch 46: loss = 120.4793
2020-05-23 09:27:45,733 INFO [9.8] Epoch 47: loss = 120.0259
2020-05-23 09:27:56,219 INFO [10.5] Epoch 48: loss = 118.5763
2020-05-23 09:28:06,295 INFO [10.1] Epoch 49: loss = 117.1677
2020-05-23 09:28:06,295 INFO Start Evaling...
2020-05-23 09:29:04,933 INFO Head: mr:6962.3 mrr:38.06 hits10:42.55 hits3:38.89 hits1:35.79
2020-05-23 09:29:04,933 INFO Tail: mr:6385.9 mrr:42.54 hits10:46.41 hits3:43.47 hits1:40.34
2020-05-23 09:29:04,933 INFO All: mr:6674.1 mrr:40.30 hits10:44.48 hits3:41.18 hits1:38.07
2020-05-23 09:29:04,935 INFO Start Evaling...
2020-05-23 09:30:05,226 INFO Head: mr:6548.4 mrr:37.98 hits10:42.53 hits3:38.83 hits1:35.83
2020-05-23 09:30:05,226 INFO Tail: mr:6004.6 mrr:42.43 hits10:46.59 hits3:43.75 hits1:40.01
2020-05-23 09:30:05,226 INFO All: mr:6276.5 mrr:40.20 hits10:44.56 hits3:41.29 hits1:37.92
2020-05-23 09:30:05,228 INFO Improved and model saved
2020-05-23 09:30:15,048 INFO [9.8] Epoch 50: loss = 117.1776
2020-05-23 09:30:25,141 INFO [10.1] Epoch 51: loss = 115.5705
2020-05-23 09:30:34,948 INFO [9.8] Epoch 52: loss = 116.3515
2020-05-23 09:30:45,060 INFO [10.1] Epoch 53: loss = 114.7058
2020-05-23 09:30:54,838 INFO [9.8] Epoch 54: loss = 113.6199
2020-05-23 09:31:04,955 INFO [10.1] Epoch 55: loss = 113.2825
2020-05-23 09:31:14,787 INFO [9.8] Epoch 56: loss = 113.6345
2020-05-23 09:31:24,894 INFO [10.1] Epoch 57: loss = 112.1216
2020-05-23 09:31:34,681 INFO [9.8] Epoch 58: loss = 111.9485
2020-05-23 09:31:44,792 INFO [10.1] Epoch 59: loss = 110.9664
2020-05-23 09:31:44,792 INFO Start Evaling...
2020-05-23 09:32:43,380 INFO Head: mr:6792.8 mrr:38.39 hits10:42.49 hits3:39.16 hits1:36.06
2020-05-23 09:32:43,381 INFO Tail: mr:5999.8 mrr:42.89 hits10:47.07 hits3:43.77 hits1:40.71
2020-05-23 09:32:43,381 INFO All: mr:6396.3 mrr:40.64 hits10:44.78 hits3:41.46 hits1:38.38
2020-05-23 09:32:43,383 INFO Start Evaling...
2020-05-23 09:33:43,621 INFO Head: mr:6360.3 mrr:38.01 hits10:42.57 hits3:38.86 hits1:35.71
2020-05-23 09:33:43,622 INFO Tail: mr:5621.0 mrr:43.04 hits10:46.75 hits3:44.07 hits1:40.71
2020-05-23 09:33:43,622 INFO All: mr:5990.6 mrr:40.53 hits10:44.66 hits3:41.46 hits1:38.21
2020-05-23 09:33:43,624 INFO Improved and model saved
2020-05-23 09:33:53,437 INFO [9.8] Epoch 60: loss = 110.7870
2020-05-23 09:34:03,251 INFO [9.8] Epoch 61: loss = 109.4245
2020-05-23 09:34:13,418 INFO [10.2] Epoch 62: loss = 109.5871
2020-05-23 09:34:23,253 INFO [9.8] Epoch 63: loss = 109.1961
2020-05-23 09:34:33,373 INFO [10.1] Epoch 64: loss = 108.1546
2020-05-23 09:34:43,175 INFO [9.8] Epoch 65: loss = 107.7167
2020-05-23 09:34:53,279 INFO [10.1] Epoch 66: loss = 107.3760
2020-05-23 09:35:03,106 INFO [9.8] Epoch 67: loss = 106.5681
2020-05-23 09:35:13,243 INFO [10.1] Epoch 68: loss = 105.9166
2020-05-23 09:35:23,045 INFO [9.8] Epoch 69: loss = 106.2249
2020-05-23 09:35:23,045 INFO Start Evaling...
2020-05-23 09:36:21,626 INFO Head: mr:6681.2 mrr:38.43 hits10:42.58 hits3:39.29 hits1:36.16
2020-05-23 09:36:21,627 INFO Tail: mr:5828.4 mrr:43.05 hits10:47.07 hits3:44.23 hits1:40.80
2020-05-23 09:36:21,627 INFO All: mr:6254.8 mrr:40.74 hits10:44.83 hits3:41.76 hits1:38.48
2020-05-23 09:36:21,629 INFO Start Evaling...
2020-05-23 09:37:21,862 INFO Head: mr:6293.7 mrr:38.45 hits10:42.85 hits3:39.34 hits1:36.12
2020-05-23 09:37:21,862 INFO Tail: mr:5464.6 mrr:43.40 hits10:47.57 hits3:44.54 hits1:41.00
2020-05-23 09:37:21,862 INFO All: mr:5879.1 mrr:40.92 hits10:45.21 hits3:41.94 hits1:38.56
2020-05-23 09:37:21,864 INFO Improved and model saved
2020-05-23 09:37:32,041 INFO [10.2] Epoch 70: loss = 105.6241
2020-05-23 09:37:41,883 INFO [9.8] Epoch 71: loss = 105.5282
2020-05-23 09:37:52,106 INFO [10.2] Epoch 72: loss = 104.8491
2020-05-23 09:38:02,278 INFO [10.2] Epoch 73: loss = 104.5275
2020-05-23 09:38:12,093 INFO [9.8] Epoch 74: loss = 104.8828
2020-05-23 09:38:22,233 INFO [10.1] Epoch 75: loss = 104.2642
2020-05-23 09:38:32,062 INFO [9.8] Epoch 76: loss = 103.4085
2020-05-23 09:38:42,193 INFO [10.1] Epoch 77: loss = 102.2452
2020-05-23 09:38:52,020 INFO [9.8] Epoch 78: loss = 102.7153
2020-05-23 09:39:02,180 INFO [10.2] Epoch 79: loss = 102.8010
2020-05-23 09:39:02,181 INFO Start Evaling...
2020-05-23 09:40:00,938 INFO Head: mr:6553.8 mrr:38.95 hits10:42.88 hits3:39.52 hits1:36.85
2020-05-23 09:40:00,938 INFO Tail: mr:5537.0 mrr:43.35 hits10:47.82 hits3:44.50 hits1:40.87
2020-05-23 09:40:00,938 INFO All: mr:6045.4 mrr:41.15 hits10:45.35 hits3:42.01 hits1:38.86
2020-05-23 09:40:00,941 INFO Start Evaling...
2020-05-23 09:41:01,356 INFO Head: mr:6137.0 mrr:38.39 hits10:43.01 hits3:39.18 hits1:36.09
2020-05-23 09:41:01,356 INFO Tail: mr:5116.3 mrr:43.88 hits10:48.28 hits3:45.02 hits1:41.38
2020-05-23 09:41:01,356 INFO All: mr:5626.6 mrr:41.14 hits10:45.64 hits3:42.10 hits1:38.74
2020-05-23 09:41:01,359 INFO Improved and model saved
2020-05-23 09:41:11,157 INFO [9.8] Epoch 80: loss = 102.5631
2020-05-23 09:41:21,297 INFO [10.1] Epoch 81: loss = 100.7654
2020-05-23 09:41:31,102 INFO [9.8] Epoch 82: loss = 101.1789
2020-05-23 09:41:41,232 INFO [10.1] Epoch 83: loss = 102.0951
2020-05-23 09:41:51,004 INFO [9.8] Epoch 84: loss = 101.6668
2020-05-23 09:42:00,803 INFO [9.8] Epoch 85: loss = 100.5345
2020-05-23 09:42:11,053 INFO [10.2] Epoch 86: loss = 100.7512
2020-05-23 09:42:20,845 INFO [9.8] Epoch 87: loss = 100.2501
2020-05-23 09:42:30,970 INFO [10.1] Epoch 88: loss = 99.8890
2020-05-23 09:42:40,759 INFO [9.8] Epoch 89: loss = 98.7020
2020-05-23 09:42:40,759 INFO Start Evaling...
2020-05-23 09:43:39,502 INFO Head: mr:6574.0 mrr:38.74 hits10:43.01 hits3:39.52 hits1:36.42
2020-05-23 09:43:39,503 INFO Tail: mr:5408.8 mrr:43.34 hits10:47.53 hits3:44.53 hits1:40.80
2020-05-23 09:43:39,503 INFO All: mr:5991.4 mrr:41.04 hits10:45.27 hits3:42.02 hits1:38.61
2020-05-23 09:43:39,505 INFO Start Evaling...
2020-05-23 09:44:39,904 INFO Head: mr:6186.9 mrr:38.32 hits10:42.82 hits3:39.09 hits1:36.02
2020-05-23 09:44:39,904 INFO Tail: mr:5002.6 mrr:44.12 hits10:48.44 hits3:45.25 hits1:41.61
2020-05-23 09:44:39,904 INFO All: mr:5594.8 mrr:41.22 hits10:45.63 hits3:42.17 hits1:38.82
2020-05-23 09:44:39,906 INFO Declined in recent 1 epochs
2020-05-23 09:44:50,050 INFO [10.1] Epoch 90: loss = 99.3965
2020-05-23 09:44:59,855 INFO [9.8] Epoch 91: loss = 98.8978
2020-05-23 09:45:09,967 INFO [10.1] Epoch 92: loss = 98.8455
2020-05-23 09:45:19,742 INFO [9.8] Epoch 93: loss = 99.4065
2020-05-23 09:45:29,870 INFO [10.1] Epoch 94: loss = 97.8654
2020-05-23 09:45:39,668 INFO [9.8] Epoch 95: loss = 99.1268
2020-05-23 09:45:49,470 INFO [9.8] Epoch 96: loss = 98.8818
2020-05-23 09:45:59,571 INFO [10.1] Epoch 97: loss = 97.0043
2020-05-23 09:46:09,329 INFO [9.8] Epoch 98: loss = 96.7484
2020-05-23 09:46:19,444 INFO [10.1] Epoch 99: loss = 96.5401
2020-05-23 09:46:19,445 INFO Start Evaling...
2020-05-23 09:47:18,181 INFO Head: mr:6603.2 mrr:38.79 hits10:43.01 hits3:39.45 hits1:36.59
2020-05-23 09:47:18,181 INFO Tail: mr:5318.9 mrr:43.46 hits10:47.59 hits3:44.53 hits1:40.94
2020-05-23 09:47:18,181 INFO All: mr:5961.1 mrr:41.12 hits10:45.30 hits3:41.99 hits1:38.76
2020-05-23 09:47:18,184 INFO Start Evaling...
2020-05-23 09:48:18,581 INFO Head: mr:6123.0 mrr:38.61 hits10:43.04 hits3:39.18 hits1:36.41
2020-05-23 09:48:18,582 INFO Tail: mr:4910.4 mrr:43.97 hits10:48.69 hits3:45.15 hits1:41.26
2020-05-23 09:48:18,582 INFO All: mr:5516.7 mrr:41.29 hits10:45.87 hits3:42.17 hits1:38.83
2020-05-23 09:48:18,584 INFO Declined in recent 2 epochs
2020-05-23 09:48:28,396 INFO [9.8] Epoch 100: loss = 96.3397
2020-05-23 09:48:38,504 INFO [10.1] Epoch 101: loss = 96.6906
2020-05-23 09:48:48,267 INFO [9.8] Epoch 102: loss = 96.3241
2020-05-23 09:48:58,387 INFO [10.1] Epoch 103: loss = 97.1451
2020-05-23 09:49:08,224 INFO [9.8] Epoch 104: loss = 95.1024
2020-05-23 09:49:18,377 INFO [10.2] Epoch 105: loss = 95.6991
2020-05-23 09:49:28,144 INFO [9.8] Epoch 106: loss = 94.9057
2020-05-23 09:49:38,286 INFO [10.1] Epoch 107: loss = 95.1866
2020-05-23 09:49:48,072 INFO [9.8] Epoch 108: loss = 94.7831
2020-05-23 09:49:57,850 INFO [9.8] Epoch 109: loss = 93.0102
2020-05-23 09:49:57,850 INFO Start Evaling...
2020-05-23 09:50:56,587 INFO Head: mr:6485.7 mrr:38.91 hits10:43.18 hits3:39.62 hits1:36.78
2020-05-23 09:50:56,587 INFO Tail: mr:5223.3 mrr:43.59 hits10:47.79 hits3:44.79 hits1:40.97
2020-05-23 09:50:56,588 INFO All: mr:5854.5 mrr:41.25 hits10:45.48 hits3:42.21 hits1:38.88
2020-05-23 09:50:56,590 INFO Start Evaling...
2020-05-23 09:51:56,984 INFO Head: mr:6132.9 mrr:38.50 hits10:43.24 hits3:39.22 hits1:36.09
2020-05-23 09:51:56,985 INFO Tail: mr:4826.5 mrr:44.10 hits10:49.01 hits3:45.50 hits1:41.32
2020-05-23 09:51:56,985 INFO All: mr:5479.7 mrr:41.30 hits10:46.12 hits3:42.36 hits1:38.70
2020-05-23 09:51:56,987 INFO Improved and model saved
2020-05-23 09:52:07,112 INFO [10.1] Epoch 110: loss = 94.2645
2020-05-23 09:52:16,905 INFO [9.8] Epoch 111: loss = 94.5916
2020-05-23 09:52:27,017 INFO [10.1] Epoch 112: loss = 93.2027
2020-05-23 09:52:36,844 INFO [9.8] Epoch 113: loss = 93.9136
2020-05-23 09:52:46,940 INFO [10.1] Epoch 114: loss = 93.0881
2020-05-23 09:52:56,755 INFO [9.8] Epoch 115: loss = 93.5450
2020-05-23 09:53:06,895 INFO [10.1] Epoch 116: loss = 93.4657
2020-05-23 09:53:16,688 INFO [9.8] Epoch 117: loss = 92.7663
2020-05-23 09:53:26,801 INFO [10.1] Epoch 118: loss = 93.0507
2020-05-23 09:53:36,596 INFO [9.8] Epoch 119: loss = 91.7489
2020-05-23 09:53:36,596 INFO Start Evaling...
2020-05-23 09:54:35,176 INFO Head: mr:6474.3 mrr:38.99 hits10:43.34 hits3:39.49 hits1:36.88
2020-05-23 09:54:35,176 INFO Tail: mr:5077.3 mrr:43.82 hits10:48.29 hits3:44.92 hits1:41.40
2020-05-23 09:54:35,176 INFO All: mr:5775.8 mrr:41.41 hits10:45.81 hits3:42.21 hits1:39.14
2020-05-23 09:54:35,178 INFO Start Evaling...
2020-05-23 09:55:35,406 INFO Head: mr:6080.7 mrr:38.40 hits10:43.46 hits3:39.02 hits1:35.93
2020-05-23 09:55:35,406 INFO Tail: mr:4759.5 mrr:44.56 hits10:49.55 hits3:45.95 hits1:41.74
2020-05-23 09:55:35,406 INFO All: mr:5420.1 mrr:41.48 hits10:46.51 hits3:42.49 hits1:38.83
2020-05-23 09:55:35,409 INFO Improved and model saved
2020-05-23 09:55:45,221 INFO [9.8] Epoch 120: loss = 91.6983
2020-05-23 09:55:55,375 INFO [10.2] Epoch 121: loss = 93.0243
2020-05-23 09:56:05,199 INFO [9.8] Epoch 122: loss = 92.0709
2020-05-23 09:56:15,324 INFO [10.1] Epoch 123: loss = 90.9782
2020-05-23 09:56:25,156 INFO [9.8] Epoch 124: loss = 92.5446
2020-05-23 09:56:35,315 INFO [10.2] Epoch 125: loss = 91.8549
2020-05-23 09:56:45,151 INFO [9.8] Epoch 126: loss = 91.3463
2020-05-23 09:56:55,319 INFO [10.2] Epoch 127: loss = 90.2562
2020-05-23 09:57:05,140 INFO [9.8] Epoch 128: loss = 91.1297
2020-05-23 09:57:15,334 INFO [10.2] Epoch 129: loss = 91.1377
2020-05-23 09:57:15,334 INFO Start Evaling...
2020-05-23 09:58:14,100 INFO Head: mr:6395.8 mrr:39.07 hits10:43.11 hits3:39.75 hits1:36.91
2020-05-23 09:58:14,100 INFO Tail: mr:5013.4 mrr:43.68 hits10:47.63 hits3:44.69 hits1:41.23
2020-05-23 09:58:14,100 INFO All: mr:5704.6 mrr:41.37 hits10:45.37 hits3:42.22 hits1:39.07
2020-05-23 09:58:14,103 INFO Start Evaling...
2020-05-23 09:59:14,530 INFO Head: mr:6107.0 mrr:38.61 hits10:43.68 hits3:39.28 hits1:36.31
2020-05-23 09:59:14,530 INFO Tail: mr:4699.3 mrr:44.30 hits10:49.49 hits3:45.98 hits1:41.48
2020-05-23 09:59:14,530 INFO All: mr:5403.2 mrr:41.45 hits10:46.59 hits3:42.63 hits1:38.90
2020-05-23 09:59:14,532 INFO Declined in recent 1 epochs
2020-05-23 09:59:24,342 INFO [9.8] Epoch 130: loss = 90.7663
2020-05-23 09:59:34,595 INFO [10.3] Epoch 131: loss = 91.3454
2020-05-23 09:59:44,756 INFO [10.2] Epoch 132: loss = 89.6234
2020-05-23 09:59:54,574 INFO [9.8] Epoch 133: loss = 90.6925
2020-05-23 10:00:04,708 INFO [10.1] Epoch 134: loss = 90.7468
2020-05-23 10:00:14,515 INFO [9.8] Epoch 135: loss = 89.3166
2020-05-23 10:00:24,648 INFO [10.1] Epoch 136: loss = 89.8750
2020-05-23 10:00:34,465 INFO [9.8] Epoch 137: loss = 88.5086
2020-05-23 10:00:44,637 INFO [10.2] Epoch 138: loss = 89.5894
2020-05-23 10:00:54,449 INFO [9.8] Epoch 139: loss = 89.0490
2020-05-23 10:00:54,450 INFO Start Evaling...
2020-05-23 10:01:53,298 INFO Head: mr:6338.4 mrr:39.27 hits10:43.38 hits3:40.11 hits1:37.01
2020-05-23 10:01:53,298 INFO Tail: mr:4874.3 mrr:44.08 hits10:48.55 hits3:44.99 hits1:41.69
2020-05-23 10:01:53,298 INFO All: mr:5606.4 mrr:41.68 hits10:45.96 hits3:42.55 hits1:39.35
2020-05-23 10:01:53,301 INFO Start Evaling...
2020-05-23 10:02:53,810 INFO Head: mr:6141.3 mrr:38.57 hits10:43.65 hits3:39.34 hits1:36.15
2020-05-23 10:02:53,810 INFO Tail: mr:4661.3 mrr:44.46 hits10:49.33 hits3:45.72 hits1:41.77
2020-05-23 10:02:53,810 INFO All: mr:5401.3 mrr:41.51 hits10:46.49 hits3:42.53 hits1:38.96
2020-05-23 10:02:53,812 INFO Improved and model saved
2020-05-23 10:03:04,011 INFO [10.2] Epoch 140: loss = 89.2338
2020-05-23 10:03:13,849 INFO [9.8] Epoch 141: loss = 89.7371
2020-05-23 10:03:24,002 INFO [10.2] Epoch 142: loss = 87.5339
2020-05-23 10:03:33,872 INFO [9.9] Epoch 143: loss = 87.8506
2020-05-23 10:03:43,727 INFO [9.9] Epoch 144: loss = 88.5842
2020-05-23 10:03:53,902 INFO [10.2] Epoch 145: loss = 88.8670
2020-05-23 10:04:03,775 INFO [9.9] Epoch 146: loss = 87.4046
2020-05-23 10:04:13,943 INFO [10.2] Epoch 147: loss = 87.7856
2020-05-23 10:04:23,802 INFO [9.9] Epoch 148: loss = 87.2712
2020-05-23 10:04:33,975 INFO [10.2] Epoch 149: loss = 87.7105
2020-05-23 10:04:33,976 INFO Start Evaling...
2020-05-23 10:05:32,795 INFO Head: mr:6452.7 mrr:39.16 hits10:43.64 hits3:39.85 hits1:36.88
2020-05-23 10:05:32,795 INFO Tail: mr:4837.8 mrr:44.28 hits10:48.78 hits3:45.48 hits1:41.73
2020-05-23 10:05:32,795 INFO All: mr:5645.2 mrr:41.72 hits10:46.21 hits3:42.67 hits1:39.30
2020-05-23 10:05:32,798 INFO Start Evaling...
2020-05-23 10:06:33,280 INFO Head: mr:6106.2 mrr:38.69 hits10:44.00 hits3:39.41 hits1:36.25
2020-05-23 10:06:33,280 INFO Tail: mr:4663.4 mrr:44.46 hits10:49.78 hits3:45.56 hits1:41.61
2020-05-23 10:06:33,280 INFO All: mr:5384.8 mrr:41.57 hits10:46.89 hits3:42.49 hits1:38.93
2020-05-23 10:06:33,282 INFO Improved and model saved
2020-05-23 10:06:43,089 INFO [9.8] Epoch 150: loss = 86.1217
2020-05-23 10:06:53,221 INFO [10.1] Epoch 151: loss = 87.3108
2020-05-23 10:07:03,007 INFO [9.8] Epoch 152: loss = 87.5870
2020-05-23 10:07:13,124 INFO [10.1] Epoch 153: loss = 87.7933
2020-05-23 10:07:22,930 INFO [9.8] Epoch 154: loss = 86.0637
2020-05-23 10:07:33,151 INFO [10.2] Epoch 155: loss = 86.9226
2020-05-23 10:07:43,254 INFO [10.1] Epoch 156: loss = 86.3510
2020-05-23 10:07:53,476 INFO [10.2] Epoch 157: loss = 85.9485
2020-05-23 10:08:03,587 INFO [10.1] Epoch 158: loss = 86.7725
2020-05-23 10:08:13,398 INFO [9.8] Epoch 159: loss = 87.6195
2020-05-23 10:08:13,398 INFO Start Evaling...
2020-05-23 10:09:12,023 INFO Head: mr:6380.7 mrr:39.26 hits10:43.74 hits3:40.08 hits1:36.98
2020-05-23 10:09:12,023 INFO Tail: mr:4888.5 mrr:44.18 hits10:48.75 hits3:45.58 hits1:41.46
2020-05-23 10:09:12,023 INFO All: mr:5634.6 mrr:41.72 hits10:46.24 hits3:42.83 hits1:39.22
2020-05-23 10:09:12,025 INFO Start Evaling...
2020-05-23 10:10:12,308 INFO Head: mr:6121.6 mrr:38.45 hits10:43.55 hits3:39.06 hits1:35.96
2020-05-23 10:10:12,308 INFO Tail: mr:4643.8 mrr:44.58 hits10:49.74 hits3:46.23 hits1:41.58
2020-05-23 10:10:12,308 INFO All: mr:5382.7 mrr:41.52 hits10:46.65 hits3:42.65 hits1:38.77
2020-05-23 10:10:12,310 INFO Improved and model saved
2020-05-23 10:10:22,419 INFO [10.1] Epoch 160: loss = 85.4426
2020-05-23 10:10:32,243 INFO [9.8] Epoch 161: loss = 85.6029
2020-05-23 10:10:42,384 INFO [10.1] Epoch 162: loss = 84.8419
2020-05-23 10:10:52,214 INFO [9.8] Epoch 163: loss = 84.4148
2020-05-23 10:11:02,326 INFO [10.1] Epoch 164: loss = 85.0708
2020-05-23 10:11:12,114 INFO [9.8] Epoch 165: loss = 84.4384
2020-05-23 10:11:22,257 INFO [10.1] Epoch 166: loss = 84.6591
2020-05-23 10:11:32,079 INFO [9.8] Epoch 167: loss = 84.3837
2020-05-23 10:11:42,304 INFO [10.2] Epoch 168: loss = 85.3665
2020-05-23 10:11:52,429 INFO [10.1] Epoch 169: loss = 84.9450
2020-05-23 10:11:52,430 INFO Start Evaling...
2020-05-23 10:12:51,242 INFO Head: mr:6392.0 mrr:39.04 hits10:43.44 hits3:39.68 hits1:36.75
2020-05-23 10:12:51,242 INFO Tail: mr:4821.0 mrr:44.42 hits10:48.71 hits3:45.22 hits1:41.96
2020-05-23 10:12:51,242 INFO All: mr:5606.5 mrr:41.73 hits10:46.08 hits3:42.45 hits1:39.35
2020-05-23 10:12:51,245 INFO Start Evaling...
2020-05-23 10:13:51,717 INFO Head: mr:6069.1 mrr:38.80 hits10:43.59 hits3:39.41 hits1:36.53
2020-05-23 10:13:51,717 INFO Tail: mr:4581.4 mrr:44.52 hits10:49.43 hits3:45.98 hits1:41.58
2020-05-23 10:13:51,717 INFO All: mr:5325.3 mrr:41.66 hits10:46.51 hits3:42.69 hits1:39.06
2020-05-23 10:13:51,719 INFO Improved and model saved
2020-05-23 10:14:01,567 INFO [9.8] Epoch 170: loss = 83.5434
2020-05-23 10:14:11,727 INFO [10.2] Epoch 171: loss = 83.9899
2020-05-23 10:14:21,617 INFO [9.9] Epoch 172: loss = 83.9552
2020-05-23 10:14:31,740 INFO [10.1] Epoch 173: loss = 83.6608
2020-05-23 10:14:41,601 INFO [9.9] Epoch 174: loss = 83.9693
2020-05-23 10:14:51,758 INFO [10.2] Epoch 175: loss = 82.9550
2020-05-23 10:15:01,579 INFO [9.8] Epoch 176: loss = 82.9866
2020-05-23 10:15:11,752 INFO [10.2] Epoch 177: loss = 83.0597
2020-05-23 10:15:21,573 INFO [9.8] Epoch 178: loss = 82.6859
2020-05-23 10:15:31,728 INFO [10.2] Epoch 179: loss = 84.0628
2020-05-23 10:15:31,729 INFO Start Evaling...
2020-05-23 10:16:30,481 INFO Head: mr:6417.3 mrr:39.31 hits10:43.61 hits3:39.85 hits1:37.15
2020-05-23 10:16:30,481 INFO Tail: mr:4792.4 mrr:44.36 hits10:49.24 hits3:45.65 hits1:41.69
2020-05-23 10:16:30,481 INFO All: mr:5604.8 mrr:41.83 hits10:46.42 hits3:42.75 hits1:39.42
2020-05-23 10:16:30,484 INFO Start Evaling...
2020-05-23 10:17:30,900 INFO Head: mr:6077.5 mrr:38.80 hits10:43.84 hits3:39.47 hits1:36.41
2020-05-23 10:17:30,900 INFO Tail: mr:4520.3 mrr:44.61 hits10:49.94 hits3:46.08 hits1:41.58
2020-05-23 10:17:30,900 INFO All: mr:5298.9 mrr:41.71 hits10:46.89 hits3:42.77 hits1:38.99
2020-05-23 10:17:30,902 INFO Improved and model saved
2020-05-23 10:17:40,774 INFO [9.8] Epoch 180: loss = 83.1071
2020-05-23 10:17:50,609 INFO [9.8] Epoch 181: loss = 83.5941
2020-05-23 10:18:00,792 INFO [10.2] Epoch 182: loss = 82.3571
2020-05-23 10:18:10,664 INFO [9.9] Epoch 183: loss = 83.1337
2020-05-23 10:18:20,819 INFO [10.2] Epoch 184: loss = 81.5852
2020-05-23 10:18:30,672 INFO [9.9] Epoch 185: loss = 81.4940
2020-05-23 10:18:40,835 INFO [10.2] Epoch 186: loss = 82.2261
2020-05-23 10:18:50,673 INFO [9.8] Epoch 187: loss = 82.2452
2020-05-23 10:19:00,821 INFO [10.1] Epoch 188: loss = 81.4076
2020-05-23 10:19:10,667 INFO [9.8] Epoch 189: loss = 80.7521
2020-05-23 10:19:10,667 INFO Start Evaling...
2020-05-23 10:20:09,424 INFO Head: mr:6425.4 mrr:39.25 hits10:43.77 hits3:39.88 hits1:36.88
2020-05-23 10:20:09,424 INFO Tail: mr:4797.7 mrr:44.54 hits10:49.14 hits3:45.48 hits1:41.96
2020-05-23 10:20:09,424 INFO All: mr:5611.6 mrr:41.89 hits10:46.46 hits3:42.68 hits1:39.42
2020-05-23 10:20:09,427 INFO Start Evaling...
2020-05-23 10:21:09,839 INFO Head: mr:6073.6 mrr:38.83 hits10:43.94 hits3:39.41 hits1:36.38
2020-05-23 10:21:09,840 INFO Tail: mr:4509.4 mrr:44.64 hits10:49.81 hits3:46.01 hits1:41.77
2020-05-23 10:21:09,840 INFO All: mr:5291.5 mrr:41.74 hits10:46.87 hits3:42.71 hits1:39.07
2020-05-23 10:21:09,842 INFO Improved and model saved
2020-05-23 10:21:19,994 INFO [10.1] Epoch 190: loss = 81.0883
2020-05-23 10:21:29,774 INFO [9.8] Epoch 191: loss = 82.1659
2020-05-23 10:21:39,990 INFO [10.2] Epoch 192: loss = 81.7101
2020-05-23 10:21:50,128 INFO [10.1] Epoch 193: loss = 81.6369
2020-05-23 10:21:59,933 INFO [9.8] Epoch 194: loss = 80.8436
2020-05-23 10:22:10,070 INFO [10.1] Epoch 195: loss = 80.7193
2020-05-23 10:22:19,866 INFO [9.8] Epoch 196: loss = 81.3043
2020-05-23 10:22:29,983 INFO [10.1] Epoch 197: loss = 81.0711
2020-05-23 10:22:39,778 INFO [9.8] Epoch 198: loss = 80.4376
2020-05-23 10:22:49,905 INFO [10.1] Epoch 199: loss = 80.8833
2020-05-23 10:22:49,905 INFO Start Evaling...
2020-05-23 10:23:48,671 INFO Head: mr:6393.5 mrr:39.08 hits10:44.17 hits3:39.65 hits1:36.65
2020-05-23 10:23:48,671 INFO Tail: mr:4809.3 mrr:44.68 hits10:49.04 hits3:45.81 hits1:42.12
2020-05-23 10:23:48,671 INFO All: mr:5601.4 mrr:41.88 hits10:46.61 hits3:42.73 hits1:39.39
2020-05-23 10:23:48,674 INFO Start Evaling...
2020-05-23 10:24:49,092 INFO Head: mr:6108.7 mrr:38.96 hits10:43.78 hits3:39.66 hits1:36.57
2020-05-23 10:24:49,092 INFO Tail: mr:4463.0 mrr:44.50 hits10:50.10 hits3:46.14 hits1:41.35
2020-05-23 10:24:49,092 INFO All: mr:5285.8 mrr:41.73 hits10:46.94 hits3:42.90 hits1:38.96
2020-05-23 10:24:49,094 INFO Declined in recent 1 epochs
2020-05-23 10:24:58,884 INFO [9.8] Epoch 200: loss = 80.8028
