2020-04-26 21:42:43,110 INFO EPOCH: 1000
2020-04-26 21:42:43,110 INFO EVERY: 10
2020-04-26 21:42:43,111 INFO LR: 0.001
2020-04-26 21:42:43,111 INFO DIM: 100
2020-04-26 21:42:43,111 INFO BATCH_SIZE: 256
2020-04-26 21:42:43,111 INFO BATCH_SIZE2: 100
2020-04-26 21:42:43,111 INFO P: 1
2020-04-26 21:42:43,111 INFO CLIPPING_MAX_VALUE: 4.0
2020-04-26 21:42:43,111 INFO OPTIM: Adam
2020-04-26 21:42:43,111 INFO N_SAMPLE: 100
2020-04-26 21:42:43,111 INFO MODE: rand
2020-04-26 21:42:43,111 INFO RATE: 0.1
2020-04-26 21:42:43,111 INFO GAMMA: 12.0
2020-04-26 21:42:43,111 INFO BERN: True
2020-04-26 21:42:43,111 INFO MARGIN: 4.0
2020-04-26 21:42:43,111 INFO REG: 1.0
2020-04-26 21:42:43,111 INFO LABEL_SMOOTH_EPS: 0.1
2020-04-26 21:42:43,111 INFO INPUT_DROP: 0.2
2020-04-26 21:42:43,111 INFO FEAT_DROP: 0.2
2020-04-26 21:42:43,111 INFO HIDD_DROP: 0.3
2020-04-26 21:42:43,111 INFO CHANNELS: 50
2020-04-26 21:42:43,111 INFO KERNEL_SIZE: 3
2020-04-26 21:42:43,111 INFO N_POOL: 100
2020-04-26 21:42:43,111 INFO MODEL_D: TransH
2020-04-26 21:42:43,111 INFO MODEL_G: DistMult
2020-04-26 21:42:43,112 INFO SCRATCH: False
2020-04-26 21:42:43,112 INFO D_FILE: None
2020-04-26 21:42:43,112 INFO G_FILE: None
2020-04-26 21:42:43,112 INFO PATH: data
2020-04-26 21:42:43,112 INFO DATA: WN18RR
2020-04-26 21:42:43,112 INFO EXP_PATH: experiment/WN18RR
2020-04-26 21:42:43,112 INFO MODEL: DistMult
2020-04-26 21:42:43,112 INFO V: 100
2020-04-26 21:42:43,112 INFO F: False
2020-04-26 21:42:43,112 INFO EVAL: False
2020-04-26 21:42:43,112 INFO TRAINED: False
2020-04-26 21:42:43,112 INFO PRETRAINED_NAME: None
2020-04-26 21:42:43,112 INFO EXP_NAME: DistMult-WN18RR-rand-100
2020-04-26 21:42:43,112 INFO --------------------------------------
2020-04-26 21:42:45,094 INFO Dataload done
2020-04-26 21:42:45,095 INFO --------------------------------------
2020-04-26 21:42:45,095 INFO N_ENTITY: 40943
2020-04-26 21:42:45,095 INFO N_RELATION: 11
2020-04-26 21:42:45,095 INFO --------------------------------------
2020-04-26 21:42:53,764 INFO Start Training...
2020-04-26 21:43:05,763 INFO [12.0] Epoch 0: loss = 353.9090
2020-04-26 21:43:18,780 INFO [13.0] Epoch 1: loss = 344.7149
2020-04-26 21:43:31,340 INFO [12.6] Epoch 2: loss = 315.2881
2020-04-26 21:43:44,233 INFO [12.9] Epoch 3: loss = 271.3271
2020-04-26 21:43:56,733 INFO [12.5] Epoch 4: loss = 223.0115
2020-04-26 21:44:09,472 INFO [12.7] Epoch 5: loss = 177.6252
2020-04-26 21:44:22,779 INFO [13.3] Epoch 6: loss = 137.3172
2020-04-26 21:44:35,043 INFO [12.3] Epoch 7: loss = 104.5523
2020-04-26 21:44:48,784 INFO [13.7] Epoch 8: loss = 80.1276
2020-04-26 21:45:01,313 INFO [12.5] Epoch 9: loss = 62.7825
2020-04-26 21:45:01,314 INFO Start Evaling...
2020-04-26 21:45:10,069 INFO Head: mr:9180.9 mrr:29.43 hits:39.22
2020-04-26 21:45:10,069 INFO Tail: mr:5389.7 mrr:32.03 hits:41.43
2020-04-26 21:45:10,069 INFO All: mr:7285.3 mrr:30.73 hits:40.33
2020-04-26 21:45:10,071 INFO Start Evaling...
2020-04-26 21:45:18,568 INFO Head: mr:9039.3 mrr:29.35 hits:38.90
2020-04-26 21:45:18,568 INFO Tail: mr:4915.8 mrr:31.61 hits:41.90
2020-04-26 21:45:18,568 INFO All: mr:6977.6 mrr:30.48 hits:40.40
2020-04-26 21:45:18,570 INFO Improved and model saved
2020-04-26 21:45:31,714 INFO [13.1] Epoch 10: loss = 50.7172
2020-04-26 21:45:43,533 INFO [11.8] Epoch 11: loss = 41.9744
2020-04-26 21:45:56,765 INFO [13.2] Epoch 12: loss = 35.9079
2020-04-26 21:46:08,812 INFO [12.0] Epoch 13: loss = 31.5947
2020-04-26 21:46:22,187 INFO [13.4] Epoch 14: loss = 28.2066
2020-04-26 21:46:35,183 INFO [13.0] Epoch 15: loss = 25.6531
2020-04-26 21:46:57,142 INFO [22.0] Epoch 16: loss = 23.5243
2020-04-26 21:47:11,212 INFO [14.1] Epoch 17: loss = 21.8977
2020-04-26 21:47:25,844 INFO [14.6] Epoch 18: loss = 20.6393
2020-04-26 21:47:38,586 INFO [12.7] Epoch 19: loss = 19.6189
2020-04-26 21:47:38,586 INFO Start Evaling...
2020-04-26 21:47:47,581 INFO Head: mr:8773.8 mrr:37.75 hits:41.73
2020-04-26 21:47:47,582 INFO Tail: mr:5150.6 mrr:40.96 hits:44.73
2020-04-26 21:47:47,582 INFO All: mr:6962.2 mrr:39.35 hits:43.23
2020-04-26 21:47:47,583 INFO Start Evaling...
2020-04-26 21:47:55,704 INFO Head: mr:8672.2 mrr:37.47 hits:41.13
2020-04-26 21:47:55,705 INFO Tail: mr:4762.4 mrr:41.10 hits:44.86
2020-04-26 21:47:55,705 INFO All: mr:6717.3 mrr:39.29 hits:43.00
2020-04-26 21:47:55,707 INFO Improved and model saved
2020-04-26 21:48:07,841 INFO [12.1] Epoch 20: loss = 18.8490
2020-04-26 21:48:20,971 INFO [13.1] Epoch 21: loss = 17.9581
2020-04-26 21:48:34,191 INFO [13.2] Epoch 22: loss = 17.5824
2020-04-26 21:48:49,519 INFO [15.3] Epoch 23: loss = 16.9897
2020-04-26 21:49:03,964 INFO [14.4] Epoch 24: loss = 16.6164
2020-04-26 21:49:17,620 INFO [13.7] Epoch 25: loss = 16.1831
2020-04-26 21:49:31,419 INFO [13.8] Epoch 26: loss = 15.7351
2020-04-26 21:49:44,371 INFO [13.0] Epoch 27: loss = 15.6149
2020-04-26 21:49:57,689 INFO [13.3] Epoch 28: loss = 15.3622
2020-04-26 21:50:10,524 INFO [12.8] Epoch 29: loss = 15.2219
2020-04-26 21:50:10,524 INFO Start Evaling...
2020-04-26 21:50:18,971 INFO Head: mr:8486.1 mrr:38.45 hits:42.52
2020-04-26 21:50:18,971 INFO Tail: mr:4988.9 mrr:42.05 hits:45.68
2020-04-26 21:50:18,972 INFO All: mr:6737.5 mrr:40.25 hits:44.10
2020-04-26 21:50:18,975 INFO Start Evaling...
2020-04-26 21:50:27,588 INFO Head: mr:8470.7 mrr:37.98 hits:41.86
2020-04-26 21:50:27,588 INFO Tail: mr:4670.9 mrr:41.89 hits:46.11
2020-04-26 21:50:27,588 INFO All: mr:6570.8 mrr:39.94 hits:43.99
2020-04-26 21:50:27,590 INFO Improved and model saved
2020-04-26 21:50:40,254 INFO [12.6] Epoch 30: loss = 15.2384
2020-04-26 21:51:01,875 INFO [21.6] Epoch 31: loss = 14.8732
2020-04-26 21:51:16,242 INFO [14.4] Epoch 32: loss = 14.8330
2020-04-26 21:51:30,632 INFO [14.4] Epoch 33: loss = 14.6681
2020-04-26 21:51:43,403 INFO [12.8] Epoch 34: loss = 14.8284
2020-04-26 21:51:56,874 INFO [13.5] Epoch 35: loss = 14.6209
2020-04-26 21:52:09,868 INFO [13.0] Epoch 36: loss = 14.2957
2020-04-26 21:52:24,259 INFO [14.4] Epoch 37: loss = 14.3010
2020-04-26 21:52:39,273 INFO [15.0] Epoch 38: loss = 14.3738
2020-04-26 21:52:51,712 INFO [12.4] Epoch 39: loss = 14.2639
2020-04-26 21:52:51,712 INFO Start Evaling...
2020-04-26 21:53:00,320 INFO Head: mr:8331.1 mrr:38.80 hits:43.01
2020-04-26 21:53:00,320 INFO Tail: mr:4902.7 mrr:42.21 hits:46.14
2020-04-26 21:53:00,320 INFO All: mr:6616.9 mrr:40.51 hits:44.58
2020-04-26 21:53:00,323 INFO Start Evaling...
2020-04-26 21:53:09,841 INFO Head: mr:8356.5 mrr:38.35 hits:42.18
2020-04-26 21:53:09,842 INFO Tail: mr:4610.0 mrr:42.19 hits:46.62
2020-04-26 21:53:09,842 INFO All: mr:6483.2 mrr:40.27 hits:44.40
2020-04-26 21:53:09,845 INFO Improved and model saved
2020-04-26 21:53:22,824 INFO [12.9] Epoch 40: loss = 14.2824
2020-04-26 21:53:35,265 INFO [12.4] Epoch 41: loss = 14.2004
2020-04-26 21:53:48,536 INFO [13.3] Epoch 42: loss = 14.2274
2020-04-26 21:54:01,854 INFO [13.3] Epoch 43: loss = 14.1201
2020-04-26 21:54:14,403 INFO [12.5] Epoch 44: loss = 14.2929
2020-04-26 21:54:27,583 INFO [13.2] Epoch 45: loss = 14.1993
2020-04-26 21:54:41,072 INFO [13.5] Epoch 46: loss = 14.0299
2020-04-26 21:54:57,110 INFO [16.0] Epoch 47: loss = 13.9654
2020-04-26 21:55:15,036 INFO [17.9] Epoch 48: loss = 13.9249
2020-04-26 21:55:27,344 INFO [12.3] Epoch 49: loss = 14.1870
2020-04-26 21:55:27,345 INFO Start Evaling...
2020-04-26 21:55:36,770 INFO Head: mr:8284.7 mrr:39.21 hits:43.21
2020-04-26 21:55:36,774 INFO Tail: mr:4874.9 mrr:42.67 hits:46.84
2020-04-26 21:55:36,775 INFO All: mr:6579.8 mrr:40.94 hits:45.02
2020-04-26 21:55:36,780 INFO Start Evaling...
2020-04-26 21:55:46,509 INFO Head: mr:8339.8 mrr:38.65 hits:42.57
2020-04-26 21:55:46,511 INFO Tail: mr:4628.3 mrr:42.66 hits:47.10
2020-04-26 21:55:46,513 INFO All: mr:6484.1 mrr:40.66 hits:44.83
2020-04-26 21:55:46,517 INFO Improved and model saved
2020-04-26 21:55:59,416 INFO [12.9] Epoch 50: loss = 13.9626
2020-04-26 21:56:11,949 INFO [12.5] Epoch 51: loss = 13.9892
2020-04-26 21:56:24,869 INFO [12.9] Epoch 52: loss = 13.8192
2020-04-26 21:56:37,467 INFO [12.6] Epoch 53: loss = 13.7895
2020-04-26 21:56:50,545 INFO [13.1] Epoch 54: loss = 14.0385
2020-04-26 21:57:03,448 INFO [12.9] Epoch 55: loss = 13.8314
2020-04-26 21:57:16,250 INFO [12.8] Epoch 56: loss = 13.8243
2020-04-26 21:57:29,413 INFO [13.2] Epoch 57: loss = 13.8559
2020-04-26 21:57:42,079 INFO [12.7] Epoch 58: loss = 13.9115
2020-04-26 21:57:55,630 INFO [13.6] Epoch 59: loss = 13.6818
2020-04-26 21:57:55,631 INFO Start Evaling...
2020-04-26 21:58:04,002 INFO Head: mr:8192.3 mrr:39.21 hits:43.21
2020-04-26 21:58:04,003 INFO Tail: mr:4773.3 mrr:42.60 hits:47.00
2020-04-26 21:58:04,003 INFO All: mr:6482.8 mrr:40.90 hits:45.11
2020-04-26 21:58:04,006 INFO Start Evaling...
2020-04-26 21:58:13,073 INFO Head: mr:8259.0 mrr:38.74 hits:42.69
2020-04-26 21:58:13,074 INFO Tail: mr:4592.7 mrr:43.07 hits:47.13
2020-04-26 21:58:13,076 INFO All: mr:6425.8 mrr:40.90 hits:44.91
2020-04-26 21:58:13,079 INFO Declined in recent 1 epochs
2020-04-26 21:58:25,420 INFO [12.3] Epoch 60: loss = 13.9093
2020-04-26 21:58:38,344 INFO [12.9] Epoch 61: loss = 13.8713
2020-04-26 21:58:50,896 INFO [12.6] Epoch 62: loss = 13.7973
2020-04-26 21:59:10,508 INFO [19.6] Epoch 63: loss = 13.7350
2020-04-26 21:59:24,822 INFO [14.3] Epoch 64: loss = 14.0379
2020-04-26 21:59:37,937 INFO [13.1] Epoch 65: loss = 13.8207
2020-04-26 21:59:50,576 INFO [12.6] Epoch 66: loss = 13.8341
2020-04-26 22:00:05,154 INFO [14.6] Epoch 67: loss = 13.5803
2020-04-26 22:00:20,002 INFO [14.8] Epoch 68: loss = 13.6970
2020-04-26 22:00:32,212 INFO [12.2] Epoch 69: loss = 13.8009
2020-04-26 22:00:32,212 INFO Start Evaling...
2020-04-26 22:00:40,877 INFO Head: mr:8095.8 mrr:39.44 hits:43.87
2020-04-26 22:00:40,878 INFO Tail: mr:4753.2 mrr:42.82 hits:46.87
2020-04-26 22:00:40,878 INFO All: mr:6424.5 mrr:41.13 hits:45.37
2020-04-26 22:00:40,882 INFO Start Evaling...
2020-04-26 22:00:49,593 INFO Head: mr:8171.8 mrr:38.69 hits:43.04
2020-04-26 22:00:49,597 INFO Tail: mr:4539.4 mrr:43.38 hits:47.70
2020-04-26 22:00:49,597 INFO All: mr:6355.6 mrr:41.03 hits:45.37
2020-04-26 22:00:49,601 INFO Improved and model saved
2020-04-26 22:01:01,971 INFO [12.3] Epoch 70: loss = 13.6346
2020-04-26 22:01:15,283 INFO [13.3] Epoch 71: loss = 13.5384
2020-04-26 22:01:28,531 INFO [13.2] Epoch 72: loss = 13.7052
2020-04-26 22:01:41,757 INFO [13.2] Epoch 73: loss = 13.7498
2020-04-26 22:01:55,582 INFO [13.8] Epoch 74: loss = 13.5100
2020-04-26 22:02:07,940 INFO [12.4] Epoch 75: loss = 13.6247
2020-04-26 22:02:20,840 INFO [12.9] Epoch 76: loss = 13.5165
2020-04-26 22:02:33,776 INFO [12.9] Epoch 77: loss = 13.3491
2020-04-26 22:02:46,695 INFO [12.9] Epoch 78: loss = 13.5471
2020-04-26 22:03:00,092 INFO [13.4] Epoch 79: loss = 13.5228
2020-04-26 22:03:00,092 INFO Start Evaling...
2020-04-26 22:03:12,366 INFO Head: mr:7930.7 mrr:39.43 hits:44.03
2020-04-26 22:03:12,366 INFO Tail: mr:4710.6 mrr:43.24 hits:47.26
2020-04-26 22:03:12,366 INFO All: mr:6320.7 mrr:41.34 hits:45.65
2020-04-26 22:03:12,369 INFO Start Evaling...
2020-04-26 22:03:22,907 INFO Head: mr:7945.9 mrr:38.60 hits:43.27
2020-04-26 22:03:22,907 INFO Tail: mr:4399.6 mrr:43.45 hits:48.05
2020-04-26 22:03:22,907 INFO All: mr:6172.7 mrr:41.02 hits:45.66
2020-04-26 22:03:22,911 INFO Improved and model saved
2020-04-26 22:03:35,455 INFO [12.5] Epoch 80: loss = 13.3504
2020-04-26 22:03:48,350 INFO [12.9] Epoch 81: loss = 13.5164
2020-04-26 22:04:02,074 INFO [13.7] Epoch 82: loss = 13.4362
2020-04-26 22:04:14,723 INFO [12.6] Epoch 83: loss = 13.3387
2020-04-26 22:04:28,475 INFO [13.8] Epoch 84: loss = 13.4357
2020-04-26 22:04:42,816 INFO [14.3] Epoch 85: loss = 13.3797
2020-04-26 22:04:56,180 INFO [13.4] Epoch 86: loss = 13.4311
2020-04-26 22:05:08,484 INFO [12.3] Epoch 87: loss = 13.3309
2020-04-26 22:05:21,167 INFO [12.7] Epoch 88: loss = 13.3714
2020-04-26 22:05:33,604 INFO [12.4] Epoch 89: loss = 13.3530
2020-04-26 22:05:33,604 INFO Start Evaling...
2020-04-26 22:05:42,819 INFO Head: mr:7756.6 mrr:39.55 hits:44.17
2020-04-26 22:05:42,820 INFO Tail: mr:4639.5 mrr:43.40 hits:47.23
2020-04-26 22:05:42,820 INFO All: mr:6198.1 mrr:41.48 hits:45.70
2020-04-26 22:05:42,824 INFO Start Evaling...
2020-04-26 22:05:52,067 INFO Head: mr:7781.5 mrr:38.86 hits:43.24
2020-04-26 22:05:52,069 INFO Tail: mr:4310.3 mrr:43.64 hits:48.05
2020-04-26 22:05:52,070 INFO All: mr:6045.9 mrr:41.25 hits:45.64
2020-04-26 22:05:52,075 INFO Improved and model saved
2020-04-26 22:06:05,006 INFO [12.9] Epoch 90: loss = 13.2603
2020-04-26 22:06:17,394 INFO [12.4] Epoch 91: loss = 13.1178
2020-04-26 22:06:30,221 INFO [12.8] Epoch 92: loss = 13.3158
2020-04-26 22:06:42,998 INFO [12.8] Epoch 93: loss = 13.2284
2020-04-26 22:06:56,013 INFO [13.0] Epoch 94: loss = 13.1220
2020-04-26 22:07:10,809 INFO [14.8] Epoch 95: loss = 13.2539
2020-04-26 22:07:32,086 INFO [21.3] Epoch 96: loss = 13.3873
2020-04-26 22:07:49,358 INFO [17.3] Epoch 97: loss = 13.0364
2020-04-26 22:08:07,573 INFO [18.2] Epoch 98: loss = 13.1748
2020-04-26 22:08:26,816 INFO [19.2] Epoch 99: loss = 13.1394
2020-04-26 22:08:26,817 INFO Start Evaling...
2020-04-26 22:08:38,442 INFO Head: mr:7686.6 mrr:39.56 hits:44.30
2020-04-26 22:08:38,444 INFO Tail: mr:4581.6 mrr:43.55 hits:48.09
2020-04-26 22:08:38,446 INFO All: mr:6134.1 mrr:41.55 hits:46.19
2020-04-26 22:08:38,451 INFO Start Evaling...
2020-04-26 22:08:51,760 INFO Head: mr:7663.4 mrr:39.09 hits:44.16
2020-04-26 22:08:51,762 INFO Tail: mr:4232.8 mrr:43.79 hits:48.34
2020-04-26 22:08:51,764 INFO All: mr:5948.1 mrr:41.44 hits:46.25
2020-04-26 22:08:51,769 INFO Improved and model saved
2020-04-26 22:09:13,934 INFO [22.1] Epoch 100: loss = 13.1568
2020-04-26 22:09:32,807 INFO [18.9] Epoch 101: loss = 13.2343
2020-04-26 22:09:53,562 INFO [20.8] Epoch 102: loss = 12.9796
2020-04-26 22:10:08,766 INFO [15.2] Epoch 103: loss = 13.1238
2020-04-26 22:10:21,291 INFO [12.5] Epoch 104: loss = 12.9699
2020-04-26 22:10:34,439 INFO [13.1] Epoch 105: loss = 13.1321
2020-04-26 22:10:47,435 INFO [13.0] Epoch 106: loss = 13.0162
2020-04-26 22:11:00,894 INFO [13.5] Epoch 107: loss = 13.1217
2020-04-26 22:11:13,484 INFO [12.6] Epoch 108: loss = 12.8699
2020-04-26 22:11:26,776 INFO [13.3] Epoch 109: loss = 12.8794
2020-04-26 22:11:26,776 INFO Start Evaling...
2020-04-26 22:11:36,592 INFO Head: mr:7538.1 mrr:39.67 hits:44.10
2020-04-26 22:11:36,592 INFO Tail: mr:4485.2 mrr:43.56 hits:48.12
2020-04-26 22:11:36,594 INFO All: mr:6011.7 mrr:41.61 hits:46.11
2020-04-26 22:11:36,597 INFO Start Evaling...
2020-04-26 22:11:46,807 INFO Head: mr:7612.5 mrr:39.03 hits:43.78
2020-04-26 22:11:46,807 INFO Tail: mr:4234.0 mrr:44.01 hits:48.76
2020-04-26 22:11:46,807 INFO All: mr:5923.3 mrr:41.52 hits:46.27
2020-04-26 22:11:46,817 INFO Improved and model saved
2020-04-26 22:12:05,807 INFO [19.0] Epoch 110: loss = 12.8935
2020-04-26 22:12:29,227 INFO [23.4] Epoch 111: loss = 12.8686
2020-04-26 22:12:43,506 INFO [14.3] Epoch 112: loss = 13.0219
2020-04-26 22:12:59,725 INFO [16.2] Epoch 113: loss = 12.8669
2020-04-26 22:13:15,880 INFO [16.2] Epoch 114: loss = 12.9751
2020-04-26 22:13:32,410 INFO [16.5] Epoch 115: loss = 12.8956
2020-04-26 22:13:48,920 INFO [16.5] Epoch 116: loss = 12.9207
2020-04-26 22:14:07,724 INFO [18.8] Epoch 117: loss = 12.9407
2020-04-26 22:14:24,115 INFO [16.4] Epoch 118: loss = 12.8043
2020-04-26 22:14:40,562 INFO [16.4] Epoch 119: loss = 12.8408
2020-04-26 22:14:40,562 INFO Start Evaling...
2020-04-26 22:14:50,943 INFO Head: mr:7478.7 mrr:39.71 hits:44.53
2020-04-26 22:14:50,943 INFO Tail: mr:4407.8 mrr:43.75 hits:48.35
2020-04-26 22:14:50,943 INFO All: mr:5943.2 mrr:41.73 hits:46.44
2020-04-26 22:14:50,946 INFO Start Evaling...
2020-04-26 22:15:00,886 INFO Head: mr:7549.1 mrr:39.37 hits:44.16
2020-04-26 22:15:00,886 INFO Tail: mr:4165.2 mrr:44.37 hits:48.92
2020-04-26 22:15:00,886 INFO All: mr:5857.2 mrr:41.87 hits:46.54
2020-04-26 22:15:00,889 INFO Improved and model saved
2020-04-26 22:15:17,091 INFO [16.2] Epoch 120: loss = 12.8857
2020-04-26 22:15:29,755 INFO [12.7] Epoch 121: loss = 12.8511
2020-04-26 22:15:43,258 INFO [13.5] Epoch 122: loss = 12.7700
2020-04-26 22:15:56,076 INFO [12.8] Epoch 123: loss = 12.8260
2020-04-26 22:16:09,386 INFO [13.3] Epoch 124: loss = 12.5896
2020-04-26 22:16:21,910 INFO [12.5] Epoch 125: loss = 12.6135
2020-04-26 22:16:36,247 INFO [14.3] Epoch 126: loss = 12.6727
2020-04-26 22:16:49,845 INFO [13.6] Epoch 127: loss = 12.5370
2020-04-26 22:17:04,672 INFO [14.8] Epoch 128: loss = 12.6943
2020-04-26 22:17:21,933 INFO [17.3] Epoch 129: loss = 12.7043
2020-04-26 22:17:21,934 INFO Start Evaling...
2020-04-26 22:17:30,481 INFO Head: mr:7350.9 mrr:39.85 hits:44.63
2020-04-26 22:17:30,481 INFO Tail: mr:4308.4 mrr:43.64 hits:48.35
2020-04-26 22:17:30,481 INFO All: mr:5829.6 mrr:41.75 hits:46.49
2020-04-26 22:17:30,485 INFO Start Evaling...
2020-04-26 22:17:39,624 INFO Head: mr:7478.0 mrr:39.12 hits:44.32
2020-04-26 22:17:39,625 INFO Tail: mr:4153.7 mrr:44.37 hits:49.20
2020-04-26 22:17:39,625 INFO All: mr:5815.8 mrr:41.75 hits:46.76
2020-04-26 22:17:39,627 INFO Improved and model saved
2020-04-26 22:17:52,241 INFO [12.6] Epoch 130: loss = 12.7494
2020-04-26 22:18:05,632 INFO [13.4] Epoch 131: loss = 12.7321
2020-04-26 22:18:19,452 INFO [13.8] Epoch 132: loss = 12.6037
2020-04-26 22:18:33,398 INFO [13.9] Epoch 133: loss = 12.6055
2020-04-26 22:18:48,182 INFO [14.8] Epoch 134: loss = 12.7162
2020-04-26 22:19:04,237 INFO [16.1] Epoch 135: loss = 12.7232
2020-04-26 22:19:20,393 INFO [16.2] Epoch 136: loss = 12.5216
2020-04-26 22:19:35,882 INFO [15.5] Epoch 137: loss = 12.3238
2020-04-26 22:19:51,290 INFO [15.4] Epoch 138: loss = 12.3946
2020-04-26 22:20:06,660 INFO [15.4] Epoch 139: loss = 12.7010
2020-04-26 22:20:06,661 INFO Start Evaling...
2020-04-26 22:20:17,889 INFO Head: mr:7315.2 mrr:39.88 hits:44.69
2020-04-26 22:20:17,889 INFO Tail: mr:4293.0 mrr:43.94 hits:48.25
2020-04-26 22:20:17,889 INFO All: mr:5804.1 mrr:41.91 hits:46.47
2020-04-26 22:20:17,893 INFO Start Evaling...
2020-04-26 22:20:28,024 INFO Head: mr:7360.1 mrr:39.44 hits:44.10
2020-04-26 22:20:28,024 INFO Tail: mr:4125.8 mrr:44.44 hits:49.59
2020-04-26 22:20:28,025 INFO All: mr:5742.9 mrr:41.94 hits:46.84
2020-04-26 22:20:28,027 INFO Improved and model saved
2020-04-26 22:20:44,093 INFO [16.0] Epoch 140: loss = 12.4235
2020-04-26 22:21:00,882 INFO [16.8] Epoch 141: loss = 12.4380
2020-04-26 22:21:18,063 INFO [17.2] Epoch 142: loss = 12.4047
2020-04-26 22:21:32,800 INFO [14.7] Epoch 143: loss = 12.5115
2020-04-26 22:21:51,196 INFO [18.4] Epoch 144: loss = 12.5206
2020-04-26 22:22:04,573 INFO [13.4] Epoch 145: loss = 12.3717
2020-04-26 22:22:17,474 INFO [12.9] Epoch 146: loss = 12.3737
2020-04-26 22:22:30,765 INFO [13.3] Epoch 147: loss = 12.3704
2020-04-26 22:22:45,230 INFO [14.5] Epoch 148: loss = 12.4771
2020-04-26 22:22:59,911 INFO [14.7] Epoch 149: loss = 12.5037
2020-04-26 22:22:59,911 INFO Start Evaling...
2020-04-26 22:23:09,332 INFO Head: mr:7237.8 mrr:39.86 hits:44.69
2020-04-26 22:23:09,334 INFO Tail: mr:4239.1 mrr:43.85 hits:48.52
2020-04-26 22:23:09,336 INFO All: mr:5738.4 mrr:41.85 hits:46.61
2020-04-26 22:23:09,341 INFO Start Evaling...
2020-04-26 22:23:18,923 INFO Head: mr:7320.4 mrr:39.10 hits:44.42
2020-04-26 22:23:18,925 INFO Tail: mr:4086.0 mrr:44.13 hits:49.74
2020-04-26 22:23:18,927 INFO All: mr:5703.2 mrr:41.62 hits:47.08
2020-04-26 22:23:18,931 INFO Declined in recent 1 epochs
2020-04-26 22:23:31,770 INFO [12.8] Epoch 150: loss = 12.2303
2020-04-26 22:23:45,567 INFO [13.8] Epoch 151: loss = 12.5120
2020-04-26 22:23:59,604 INFO [14.0] Epoch 152: loss = 12.3089
2020-04-26 22:24:13,542 INFO [13.9] Epoch 153: loss = 12.3799
2020-04-26 22:24:26,270 INFO [12.7] Epoch 154: loss = 12.3687
2020-04-26 22:24:39,843 INFO [13.6] Epoch 155: loss = 12.1933
2020-04-26 22:24:53,529 INFO [13.7] Epoch 156: loss = 12.1879
2020-04-26 22:25:08,058 INFO [14.5] Epoch 157: loss = 12.2330
2020-04-26 22:25:24,368 INFO [16.3] Epoch 158: loss = 12.3219
2020-04-26 22:25:40,724 INFO [16.4] Epoch 159: loss = 12.3094
2020-04-26 22:25:40,724 INFO Start Evaling...
2020-04-26 22:25:50,184 INFO Head: mr:7216.8 mrr:40.08 hits:45.15
2020-04-26 22:25:50,188 INFO Tail: mr:4205.1 mrr:44.01 hits:48.95
2020-04-26 22:25:50,190 INFO All: mr:5711.0 mrr:42.05 hits:47.05
2020-04-26 22:25:50,195 INFO Start Evaling...
2020-04-26 22:26:00,686 INFO Head: mr:7302.6 mrr:39.27 hits:44.74
2020-04-26 22:26:00,687 INFO Tail: mr:4018.1 mrr:44.41 hits:49.65
2020-04-26 22:26:00,687 INFO All: mr:5660.3 mrr:41.84 hits:47.19
2020-04-26 22:26:00,690 INFO Improved and model saved
2020-04-26 22:26:21,491 INFO [20.8] Epoch 160: loss = 12.2662
2020-04-26 22:26:35,075 INFO [13.6] Epoch 161: loss = 12.1509
2020-04-26 22:26:49,200 INFO [14.1] Epoch 162: loss = 12.2912
2020-04-26 22:27:02,820 INFO [13.6] Epoch 163: loss = 12.2532
2020-04-26 22:27:15,758 INFO [12.9] Epoch 164: loss = 12.1004
2020-04-26 22:27:29,489 INFO [13.7] Epoch 165: loss = 12.2391
2020-04-26 22:27:42,871 INFO [13.4] Epoch 166: loss = 12.2074
2020-04-26 22:27:56,807 INFO [13.9] Epoch 167: loss = 12.4415
2020-04-26 22:28:15,420 INFO [18.6] Epoch 168: loss = 12.2147
2020-04-26 22:28:29,710 INFO [14.3] Epoch 169: loss = 12.1916
2020-04-26 22:28:29,710 INFO Start Evaling...
2020-04-26 22:28:39,190 INFO Head: mr:7136.4 mrr:40.21 hits:44.89
2020-04-26 22:28:39,190 INFO Tail: mr:4096.9 mrr:43.78 hits:49.01
2020-04-26 22:28:39,190 INFO All: mr:5616.6 mrr:42.00 hits:46.95
2020-04-26 22:28:39,194 INFO Start Evaling...
2020-04-26 22:28:49,123 INFO Head: mr:7217.5 mrr:39.29 hits:44.77
2020-04-26 22:28:49,125 INFO Tail: mr:3954.8 mrr:44.44 hits:49.71
2020-04-26 22:28:49,127 INFO All: mr:5586.1 mrr:41.87 hits:47.24
2020-04-26 22:28:49,130 INFO Declined in recent 1 epochs
2020-04-26 22:29:02,240 INFO [13.1] Epoch 170: loss = 12.1806
2020-04-26 22:29:16,424 INFO [14.2] Epoch 171: loss = 12.1080
2020-04-26 22:29:29,495 INFO [13.1] Epoch 172: loss = 12.3204
2020-04-26 22:29:42,924 INFO [13.4] Epoch 173: loss = 12.2383
2020-04-26 22:29:56,361 INFO [13.4] Epoch 174: loss = 12.2522
2020-04-26 22:30:10,184 INFO [13.8] Epoch 175: loss = 12.1253
2020-04-26 22:30:29,793 INFO [19.6] Epoch 176: loss = 12.2212
2020-04-26 22:30:47,549 INFO [17.8] Epoch 177: loss = 12.0928
2020-04-26 22:31:01,418 INFO [13.9] Epoch 178: loss = 12.1479
2020-04-26 22:31:14,944 INFO [13.5] Epoch 179: loss = 12.0637
2020-04-26 22:31:14,945 INFO Start Evaling...
2020-04-26 22:31:24,566 INFO Head: mr:7074.5 mrr:40.16 hits:45.22
2020-04-26 22:31:24,568 INFO Tail: mr:4042.1 mrr:44.43 hits:49.54
2020-04-26 22:31:24,570 INFO All: mr:5558.3 mrr:42.30 hits:47.38
2020-04-26 22:31:24,575 INFO Start Evaling...
2020-04-26 22:31:34,464 INFO Head: mr:7165.9 mrr:39.19 hits:44.54
2020-04-26 22:31:34,464 INFO Tail: mr:3838.6 mrr:44.73 hits:49.81
2020-04-26 22:31:34,464 INFO All: mr:5502.3 mrr:41.96 hits:47.18
2020-04-26 22:31:34,467 INFO Improved and model saved
2020-04-26 22:31:47,801 INFO [13.3] Epoch 180: loss = 12.1601
2020-04-26 22:32:02,065 INFO [14.3] Epoch 181: loss = 12.1924
2020-04-26 22:32:15,397 INFO [13.3] Epoch 182: loss = 12.0616
2020-04-26 22:32:29,064 INFO [13.7] Epoch 183: loss = 12.0189
2020-04-26 22:32:42,673 INFO [13.6] Epoch 184: loss = 12.1128
2020-04-26 22:32:57,591 INFO [14.9] Epoch 185: loss = 12.1406
2020-04-26 22:33:17,639 INFO [20.0] Epoch 186: loss = 11.9865
2020-04-26 22:33:31,577 INFO [13.9] Epoch 187: loss = 11.9655
2020-04-26 22:33:45,451 INFO [13.9] Epoch 188: loss = 12.1539
2020-04-26 22:33:59,275 INFO [13.8] Epoch 189: loss = 12.1518
2020-04-26 22:33:59,275 INFO Start Evaling...
2020-04-26 22:34:08,705 INFO Head: mr:7052.8 mrr:40.27 hits:45.48
2020-04-26 22:34:08,706 INFO Tail: mr:4003.1 mrr:44.68 hits:49.87
2020-04-26 22:34:08,706 INFO All: mr:5528.0 mrr:42.47 hits:47.68
2020-04-26 22:34:08,709 INFO Start Evaling...
2020-04-26 22:34:18,202 INFO Head: mr:7190.5 mrr:39.39 hits:44.89
2020-04-26 22:34:18,202 INFO Tail: mr:3823.4 mrr:45.00 hits:49.87
2020-04-26 22:34:18,202 INFO All: mr:5507.0 mrr:42.20 hits:47.38
2020-04-26 22:34:18,205 INFO Improved and model saved
2020-04-26 22:34:31,694 INFO [13.5] Epoch 190: loss = 11.8726
2020-04-26 22:34:44,927 INFO [13.2] Epoch 191: loss = 12.0090
2020-04-26 22:35:02,489 INFO [17.6] Epoch 192: loss = 12.1617
2020-04-26 22:35:20,416 INFO [17.9] Epoch 193: loss = 12.1713
2020-04-26 22:35:38,443 INFO [18.0] Epoch 194: loss = 12.1989
2020-04-26 22:35:51,477 INFO [13.0] Epoch 195: loss = 12.0360
2020-04-26 22:36:05,124 INFO [13.6] Epoch 196: loss = 12.2932
2020-04-26 22:36:18,887 INFO [13.8] Epoch 197: loss = 12.0845
2020-04-26 22:36:32,132 INFO [13.2] Epoch 198: loss = 12.0774
2020-04-26 22:36:45,320 INFO [13.2] Epoch 199: loss = 11.8832
2020-04-26 22:36:45,320 INFO Start Evaling...
2020-04-26 22:36:54,546 INFO Head: mr:6949.3 mrr:40.21 hits:45.35
2020-04-26 22:36:54,546 INFO Tail: mr:3936.2 mrr:44.59 hits:49.51
2020-04-26 22:36:54,546 INFO All: mr:5442.8 mrr:42.40 hits:47.43
2020-04-26 22:36:54,549 INFO Start Evaling...
2020-04-26 22:37:04,412 INFO Head: mr:7235.1 mrr:39.36 hits:44.45
2020-04-26 22:37:04,415 INFO Tail: mr:3785.8 mrr:45.19 hits:50.57
2020-04-26 22:37:04,416 INFO All: mr:5510.4 mrr:42.27 hits:47.51
2020-04-26 22:37:04,420 INFO Declined in recent 1 epochs
2020-04-26 22:37:17,833 INFO [13.4] Epoch 200: loss = 12.1142
2020-04-26 22:37:31,043 INFO [13.2] Epoch 201: loss = 11.8891
2020-04-26 22:37:44,750 INFO [13.7] Epoch 202: loss = 11.9483
2020-04-26 22:38:04,797 INFO [20.0] Epoch 203: loss = 12.0395
2020-04-26 22:38:18,064 INFO [13.3] Epoch 204: loss = 11.9118
2020-04-26 22:38:32,034 INFO [14.0] Epoch 205: loss = 12.0848
2020-04-26 22:38:45,451 INFO [13.4] Epoch 206: loss = 11.9308
2020-04-26 22:38:59,428 INFO [14.0] Epoch 207: loss = 11.9411
2020-04-26 22:39:12,812 INFO [13.4] Epoch 208: loss = 11.9774
2020-04-26 22:39:30,447 INFO [17.6] Epoch 209: loss = 12.2373
2020-04-26 22:39:30,447 INFO Start Evaling...
2020-04-26 22:39:42,800 INFO Head: mr:6826.1 mrr:40.44 hits:45.58
2020-04-26 22:39:42,801 INFO Tail: mr:3842.7 mrr:44.80 hits:49.80
2020-04-26 22:39:42,801 INFO All: mr:5334.4 mrr:42.62 hits:47.69
2020-04-26 22:39:42,805 INFO Start Evaling...
2020-04-26 22:39:52,570 INFO Head: mr:7160.6 mrr:39.46 hits:45.02
2020-04-26 22:39:52,573 INFO Tail: mr:3728.6 mrr:45.13 hits:50.54
2020-04-26 22:39:52,574 INFO All: mr:5444.6 mrr:42.29 hits:47.78
2020-04-26 22:39:52,579 INFO Improved and model saved
2020-04-26 22:40:06,372 INFO [13.8] Epoch 210: loss = 12.1617
2020-04-26 22:40:19,581 INFO [13.2] Epoch 211: loss = 11.9760
2020-04-26 22:40:33,470 INFO [13.9] Epoch 212: loss = 11.8487
2020-04-26 22:40:46,750 INFO [13.3] Epoch 213: loss = 12.0357
2020-04-26 22:40:59,703 INFO [13.0] Epoch 214: loss = 11.9539
2020-04-26 22:41:13,230 INFO [13.5] Epoch 215: loss = 12.0094
2020-04-26 22:41:25,613 INFO [12.4] Epoch 216: loss = 11.9435
2020-04-26 22:41:38,786 INFO [13.2] Epoch 217: loss = 11.8468
2020-04-26 22:41:51,298 INFO [12.5] Epoch 218: loss = 11.9872
2020-04-26 22:42:04,926 INFO [13.6] Epoch 219: loss = 11.9793
2020-04-26 22:42:04,927 INFO Start Evaling...
2020-04-26 22:42:14,486 INFO Head: mr:6896.4 mrr:40.29 hits:45.62
2020-04-26 22:42:14,487 INFO Tail: mr:3844.6 mrr:44.60 hits:49.90
2020-04-26 22:42:14,487 INFO All: mr:5370.5 mrr:42.44 hits:47.76
2020-04-26 22:42:14,491 INFO Start Evaling...
2020-04-26 22:42:25,435 INFO Head: mr:7106.7 mrr:39.46 hits:45.05
2020-04-26 22:42:25,436 INFO Tail: mr:3752.4 mrr:45.02 hits:50.73
2020-04-26 22:42:25,436 INFO All: mr:5429.6 mrr:42.24 hits:47.89
2020-04-26 22:42:25,439 INFO Declined in recent 1 epochs
2020-04-26 22:42:44,229 INFO [18.8] Epoch 220: loss = 11.9959
2020-04-26 22:42:58,175 INFO [13.9] Epoch 221: loss = 11.8908
2020-04-26 22:43:11,785 INFO [13.6] Epoch 222: loss = 11.7641
2020-04-26 22:43:25,825 INFO [14.0] Epoch 223: loss = 11.9649
2020-04-26 22:43:39,796 INFO [14.0] Epoch 224: loss = 12.0364
2020-04-26 22:44:02,056 INFO [22.3] Epoch 225: loss = 11.9852
2020-04-26 22:44:15,287 INFO [13.2] Epoch 226: loss = 11.7520
2020-04-26 22:44:28,979 INFO [13.7] Epoch 227: loss = 11.8144
2020-04-26 22:44:42,523 INFO [13.5] Epoch 228: loss = 12.0242
2020-04-26 22:45:01,252 INFO [18.7] Epoch 229: loss = 12.0004
2020-04-26 22:45:01,252 INFO Start Evaling...
2020-04-26 22:45:11,014 INFO Head: mr:6922.1 mrr:40.53 hits:45.58
2020-04-26 22:45:11,017 INFO Tail: mr:3853.7 mrr:44.76 hits:49.87
2020-04-26 22:45:11,018 INFO All: mr:5387.9 mrr:42.64 hits:47.73
2020-04-26 22:45:11,023 INFO Start Evaling...
2020-04-26 22:45:21,396 INFO Head: mr:7097.4 mrr:39.59 hits:45.18
2020-04-26 22:45:21,396 INFO Tail: mr:3684.2 mrr:45.29 hits:51.24
2020-04-26 22:45:21,396 INFO All: mr:5390.8 mrr:42.44 hits:48.21
2020-04-26 22:45:21,399 INFO Improved and model saved
2020-04-26 22:45:34,260 INFO [12.8] Epoch 230: loss = 11.8406
2020-04-26 22:45:48,169 INFO [13.9] Epoch 231: loss = 11.8052
2020-04-26 22:46:01,559 INFO [13.4] Epoch 232: loss = 11.9013
2020-04-26 22:46:15,168 INFO [13.6] Epoch 233: loss = 11.9388
2020-04-26 22:46:29,576 INFO [14.4] Epoch 234: loss = 12.0088
2020-04-26 22:46:42,762 INFO [13.2] Epoch 235: loss = 12.0122
2020-04-26 22:46:56,225 INFO [13.5] Epoch 236: loss = 11.8939
2020-04-26 22:47:16,466 INFO [20.2] Epoch 237: loss = 11.9488
2020-04-26 22:47:31,285 INFO [14.8] Epoch 238: loss = 11.9737
2020-04-26 22:47:44,428 INFO [13.1] Epoch 239: loss = 12.0812
2020-04-26 22:47:44,428 INFO Start Evaling...
2020-04-26 22:47:53,976 INFO Head: mr:6867.3 mrr:40.14 hits:45.06
2020-04-26 22:47:53,979 INFO Tail: mr:3888.9 mrr:44.57 hits:49.90
2020-04-26 22:47:53,981 INFO All: mr:5378.1 mrr:42.36 hits:47.48
2020-04-26 22:47:53,986 INFO Start Evaling...
2020-04-26 22:48:03,385 INFO Head: mr:7017.9 mrr:39.23 hits:44.89
2020-04-26 22:48:03,386 INFO Tail: mr:3708.6 mrr:45.12 hits:50.41
2020-04-26 22:48:03,386 INFO All: mr:5363.2 mrr:42.18 hits:47.65
2020-04-26 22:48:03,389 INFO Declined in recent 1 epochs
2020-04-26 22:48:17,014 INFO [13.6] Epoch 240: loss = 11.8849
2020-04-26 22:48:38,473 INFO [21.5] Epoch 241: loss = 11.9927
2020-04-26 22:48:52,067 INFO [13.6] Epoch 242: loss = 11.9472
2020-04-26 22:49:05,525 INFO [13.5] Epoch 243: loss = 11.9660
2020-04-26 22:49:19,211 INFO [13.7] Epoch 244: loss = 11.9466
2020-04-26 22:49:32,918 INFO [13.7] Epoch 245: loss = 11.9201
2020-04-26 22:49:46,783 INFO [13.9] Epoch 246: loss = 11.9964
2020-04-26 22:50:01,662 INFO [14.9] Epoch 247: loss = 12.1587
2020-04-26 22:50:14,072 INFO [12.4] Epoch 248: loss = 12.0177
2020-04-26 22:50:27,492 INFO [13.4] Epoch 249: loss = 12.0787
2020-04-26 22:50:27,492 INFO Start Evaling...
2020-04-26 22:50:36,335 INFO Head: mr:6811.7 mrr:40.19 hits:45.15
2020-04-26 22:50:36,336 INFO Tail: mr:3799.1 mrr:44.52 hits:49.84
2020-04-26 22:50:36,336 INFO All: mr:5305.4 mrr:42.36 hits:47.50
2020-04-26 22:50:36,338 INFO Start Evaling...
2020-04-26 22:50:45,612 INFO Head: mr:7015.5 mrr:39.43 hits:45.02
2020-04-26 22:50:45,613 INFO Tail: mr:3686.5 mrr:45.41 hits:50.86
2020-04-26 22:50:45,613 INFO All: mr:5351.0 mrr:42.42 hits:47.94
2020-04-26 22:50:45,616 INFO Declined in recent 2 epochs
2020-04-26 22:50:59,254 INFO [13.6] Epoch 250: loss = 11.9460
2020-04-26 22:51:13,057 INFO [13.8] Epoch 251: loss = 11.9383
2020-04-26 22:51:26,473 INFO [13.4] Epoch 252: loss = 11.9674
2020-04-26 22:51:41,384 INFO [14.9] Epoch 253: loss = 11.8775
2020-04-26 22:52:00,856 INFO [19.5] Epoch 254: loss = 11.9553
2020-04-26 22:52:14,381 INFO [13.5] Epoch 255: loss = 11.9117
2020-04-26 22:52:28,201 INFO [13.8] Epoch 256: loss = 11.9736
2020-04-26 22:52:43,240 INFO [15.0] Epoch 257: loss = 11.9253
2020-04-26 22:53:02,836 INFO [19.6] Epoch 258: loss = 11.8762
2020-04-26 22:53:16,992 INFO [14.2] Epoch 259: loss = 11.8901
2020-04-26 22:53:16,992 INFO Start Evaling...
2020-04-26 22:53:26,662 INFO Head: mr:6787.2 mrr:40.31 hits:45.35
2020-04-26 22:53:26,662 INFO Tail: mr:3826.9 mrr:44.49 hits:49.74
2020-04-26 22:53:26,662 INFO All: mr:5307.0 mrr:42.40 hits:47.54
2020-04-26 22:53:26,665 INFO Start Evaling...
2020-04-26 22:53:36,521 INFO Head: mr:6994.2 mrr:39.43 hits:45.02
2020-04-26 22:53:36,523 INFO Tail: mr:3687.3 mrr:45.25 hits:50.35
2020-04-26 22:53:36,523 INFO All: mr:5340.7 mrr:42.34 hits:47.69
2020-04-26 22:53:36,526 INFO Declined in recent 3 epochs
2020-04-26 22:53:50,181 INFO [13.7] Epoch 260: loss = 11.9359
2020-04-26 22:54:02,915 INFO [12.7] Epoch 261: loss = 11.8639
2020-04-26 22:54:17,258 INFO [14.3] Epoch 262: loss = 11.9315
2020-04-26 22:54:30,937 INFO [13.7] Epoch 263: loss = 11.9206
2020-04-26 22:54:50,534 INFO [19.6] Epoch 264: loss = 11.8287
2020-04-26 22:55:03,778 INFO [13.2] Epoch 265: loss = 11.7897
2020-04-26 22:55:17,067 INFO [13.3] Epoch 266: loss = 11.8589
2020-04-26 22:55:30,436 INFO [13.4] Epoch 267: loss = 11.8139
2020-04-26 22:55:43,830 INFO [13.4] Epoch 268: loss = 11.9020
2020-04-26 22:55:58,332 INFO [14.5] Epoch 269: loss = 12.0574
2020-04-26 22:55:58,332 INFO Start Evaling...
2020-04-26 22:56:07,864 INFO Head: mr:6726.4 mrr:40.35 hits:45.45
2020-04-26 22:56:07,866 INFO Tail: mr:3776.4 mrr:44.91 hits:50.00
2020-04-26 22:56:07,868 INFO All: mr:5251.4 mrr:42.63 hits:47.73
2020-04-26 22:56:07,873 INFO Start Evaling...
2020-04-26 22:56:18,005 INFO Head: mr:6922.1 mrr:39.46 hits:45.12
2020-04-26 22:56:18,007 INFO Tail: mr:3629.0 mrr:45.38 hits:50.83
2020-04-26 22:56:18,009 INFO All: mr:5275.5 mrr:42.42 hits:47.97
2020-04-26 22:56:18,013 INFO Declined in recent 4 epochs
2020-04-26 22:56:33,133 INFO [15.1] Epoch 270: loss = 12.0035
2020-04-26 22:56:52,170 INFO [19.0] Epoch 271: loss = 11.8506
2020-04-26 22:57:05,440 INFO [13.3] Epoch 272: loss = 11.9569
2020-04-26 22:57:20,115 INFO [14.7] Epoch 273: loss = 11.8982
2020-04-26 22:57:40,420 INFO [20.3] Epoch 274: loss = 11.8730
2020-04-26 22:57:53,708 INFO [13.3] Epoch 275: loss = 11.8688
2020-04-26 22:58:07,436 INFO [13.7] Epoch 276: loss = 11.8735
2020-04-26 22:58:20,900 INFO [13.5] Epoch 277: loss = 11.9089
2020-04-26 22:58:34,861 INFO [14.0] Epoch 278: loss = 11.9051
2020-04-26 22:58:47,833 INFO [13.0] Epoch 279: loss = 11.8097
2020-04-26 22:58:47,834 INFO Start Evaling...
2020-04-26 22:58:57,207 INFO Head: mr:6724.6 mrr:40.12 hits:45.35
2020-04-26 22:58:57,209 INFO Tail: mr:3780.8 mrr:44.74 hits:50.33
2020-04-26 22:58:57,211 INFO All: mr:5252.7 mrr:42.43 hits:47.84
2020-04-26 22:58:57,216 INFO Start Evaling...
2020-04-26 22:59:06,802 INFO Head: mr:6847.2 mrr:39.62 hits:45.28
2020-04-26 22:59:06,802 INFO Tail: mr:3605.6 mrr:45.58 hits:50.57
2020-04-26 22:59:06,802 INFO All: mr:5226.4 mrr:42.60 hits:47.93
2020-04-26 22:59:06,805 INFO Declined in recent 5 epochs
2020-04-26 22:59:06,805 INFO Early stopping
2020-04-26 22:59:06,806 INFO Train done
2020-04-26 22:59:06,821 INFO Start Evaling...
2020-04-26 22:59:16,462 INFO Head: mr:7097.4 mrr:39.59 hits:45.18
2020-04-26 22:59:16,462 INFO Tail: mr:3684.2 mrr:45.29 hits:51.24
2020-04-26 22:59:16,462 INFO All: mr:5390.8 mrr:42.44 hits:48.21
