2020-04-01 10:21:43,700 INFO EPOCH: 1000
2020-04-01 10:21:43,700 INFO EVERY: 10
2020-04-01 10:21:43,700 INFO LR: 0.001
2020-04-01 10:21:43,700 INFO DIM: 100
2020-04-01 10:21:43,700 INFO BATCH_SIZE: 256
2020-04-01 10:21:43,700 INFO BATCH_SIZE2: 100
2020-04-01 10:21:43,700 INFO P: 1
2020-04-01 10:21:43,700 INFO CLIPPING_MAX_VALUE: 4.0
2020-04-01 10:21:43,700 INFO OPTIM: Adam
2020-04-01 10:21:43,700 INFO N_SAMPLE: 12
2020-04-01 10:21:43,700 INFO MODE: rand
2020-04-01 10:21:43,700 INFO GAMMA: 12.0
2020-04-01 10:21:43,700 INFO BERN: True
2020-04-01 10:21:43,700 INFO MARGIN: 4.0
2020-04-01 10:21:43,701 INFO REG: 1.0
2020-04-01 10:21:43,701 INFO LABEL_SMOOTH_EPS: 0.1
2020-04-01 10:21:43,701 INFO INPUT_DROP: 0.2
2020-04-01 10:21:43,701 INFO FEAT_DROP: 0.2
2020-04-01 10:21:43,701 INFO HIDD_DROP: 0.3
2020-04-01 10:21:43,701 INFO CHANNELS: 50
2020-04-01 10:21:43,701 INFO KERNEL_SIZE: 3
2020-04-01 10:21:43,701 INFO N_POOL: 100
2020-04-01 10:21:43,701 INFO MODEL_D: TransH
2020-04-01 10:21:43,701 INFO MODEL_G: DistMult
2020-04-01 10:21:43,701 INFO SCRATCH: False
2020-04-01 10:21:43,701 INFO D_FILE: None
2020-04-01 10:21:43,701 INFO G_FILE: None
2020-04-01 10:21:43,701 INFO PATH: data
2020-04-01 10:21:43,701 INFO DATA: WN18RR
2020-04-01 10:21:43,701 INFO EXP_PATH: experiment/WN18RR
2020-04-01 10:21:43,701 INFO MODEL: DistMult
2020-04-01 10:21:43,701 INFO V: 0
2020-04-01 10:21:43,701 INFO F: False
2020-04-01 10:21:43,701 INFO EVAL: False
2020-04-01 10:21:43,702 INFO TRAINED: False
2020-04-01 10:21:43,702 INFO PRETRAINED_NAME: None
2020-04-01 10:21:43,702 INFO EXP_NAME: DistMult-WN18RR-rand-0
2020-04-01 10:21:43,702 INFO --------------------------------------
2020-04-01 10:21:46,384 INFO Dataload done
2020-04-01 10:21:46,384 INFO --------------------------------------
2020-04-01 10:21:46,385 INFO N_ENTITY: 40943
2020-04-01 10:21:46,385 INFO N_RELATION: 11
2020-04-01 10:21:46,385 INFO --------------------------------------
2020-04-01 10:21:50,457 INFO Start Evaling...
2020-04-01 10:22:11,532 INFO Head: mr:20792.3 mrr:0.02 hits:0.00
2020-04-01 10:22:11,533 INFO Tail: mr:20795.4 mrr:0.02 hits:0.00
2020-04-01 10:22:11,533 INFO All: mr:20793.9 mrr:0.02 hits:0.00
2020-04-01 10:22:11,537 INFO Start Training...
2020-04-01 10:22:29,391 INFO [17.9] Epoch 0: loss = 353.9876
2020-04-01 10:22:47,614 INFO [18.2] Epoch 1: loss = 350.7149
2020-04-01 10:23:06,678 INFO [19.1] Epoch 2: loss = 332.8760
2020-04-01 10:23:23,731 INFO [17.1] Epoch 3: loss = 300.6777
2020-04-01 10:23:43,142 INFO [19.4] Epoch 4: loss = 264.6352
2020-04-01 10:24:01,804 INFO [18.7] Epoch 5: loss = 235.5708
2020-04-01 10:24:19,530 INFO [17.7] Epoch 6: loss = 216.5119
2020-04-01 10:24:38,064 INFO [18.5] Epoch 7: loss = 204.3518
2020-04-01 10:24:56,852 INFO [18.8] Epoch 8: loss = 191.6929
2020-04-01 10:25:14,971 INFO [18.1] Epoch 9: loss = 170.9798
2020-04-01 10:25:14,971 INFO Start Evaling...
2020-04-01 10:25:32,901 INFO Head: mr:8772.0 mrr:20.80 hits:38.99
2020-04-01 10:25:32,902 INFO Tail: mr:8332.1 mrr:21.82 hits:40.71
2020-04-01 10:25:32,902 INFO All: mr:8552.1 mrr:21.31 hits:39.85
2020-04-01 10:25:32,904 INFO Improved and model saved
2020-04-01 10:25:53,092 INFO [20.1] Epoch 10: loss = 143.8298
2020-04-01 10:26:11,346 INFO [18.3] Epoch 11: loss = 119.4425
2020-04-01 10:26:29,914 INFO [18.6] Epoch 12: loss = 101.1406
2020-04-01 10:26:48,229 INFO [18.3] Epoch 13: loss = 86.8364
2020-04-01 10:27:07,305 INFO [19.1] Epoch 14: loss = 75.7363
2020-04-01 10:27:25,638 INFO [18.3] Epoch 15: loss = 67.0559
2020-04-01 10:27:42,801 INFO [17.2] Epoch 16: loss = 59.7731
2020-04-01 10:28:02,231 INFO [19.4] Epoch 17: loss = 53.9821
2020-04-01 10:28:20,485 INFO [18.3] Epoch 18: loss = 49.0967
2020-04-01 10:28:38,844 INFO [18.4] Epoch 19: loss = 45.2207
2020-04-01 10:28:38,845 INFO Start Evaling...
2020-04-01 10:28:54,795 INFO Head: mr:8846.3 mrr:28.08 hits:40.01
2020-04-01 10:28:54,797 INFO Tail: mr:7173.8 mrr:29.54 hits:41.50
2020-04-01 10:28:54,799 INFO All: mr:8010.1 mrr:28.81 hits:40.75
2020-04-01 10:28:54,804 INFO Improved and model saved
2020-04-01 10:29:14,610 INFO [19.7] Epoch 20: loss = 41.8936
2020-04-01 10:29:32,816 INFO [18.2] Epoch 21: loss = 39.2426
2020-04-01 10:29:50,315 INFO [17.5] Epoch 22: loss = 37.0014
2020-04-01 10:30:09,571 INFO [19.3] Epoch 23: loss = 34.5573
2020-04-01 10:30:28,048 INFO [18.5] Epoch 24: loss = 33.0055
2020-04-01 10:30:47,659 INFO [19.6] Epoch 25: loss = 31.5062
2020-04-01 10:31:07,204 INFO [19.5] Epoch 26: loss = 30.3928
2020-04-01 10:31:26,104 INFO [18.9] Epoch 27: loss = 29.2763
2020-04-01 10:31:44,648 INFO [18.5] Epoch 28: loss = 27.9926
2020-04-01 10:32:05,610 INFO [21.0] Epoch 29: loss = 27.1221
2020-04-01 10:32:05,611 INFO Start Evaling...
2020-04-01 10:32:19,281 INFO Head: mr:8692.4 mrr:32.55 hits:40.74
2020-04-01 10:32:19,283 INFO Tail: mr:6664.8 mrr:34.67 hits:42.49
2020-04-01 10:32:19,285 INFO All: mr:7678.6 mrr:33.61 hits:41.61
2020-04-01 10:32:19,313 INFO Improved and model saved
2020-04-01 10:32:41,183 INFO [21.8] Epoch 30: loss = 25.9910
2020-04-01 10:32:59,129 INFO [17.9] Epoch 31: loss = 25.5855
2020-04-01 10:33:18,142 INFO [19.0] Epoch 32: loss = 24.8936
2020-04-01 10:33:36,736 INFO [18.6] Epoch 33: loss = 23.7844
2020-04-01 10:33:56,339 INFO [19.6] Epoch 34: loss = 23.5693
2020-04-01 10:34:15,268 INFO [18.9] Epoch 35: loss = 22.9636
2020-04-01 10:34:36,081 INFO [20.8] Epoch 36: loss = 22.4846
2020-04-01 10:34:55,491 INFO [19.4] Epoch 37: loss = 22.1517
2020-04-01 10:35:16,196 INFO [20.7] Epoch 38: loss = 21.6841
2020-04-01 10:35:34,763 INFO [18.6] Epoch 39: loss = 21.2147
2020-04-01 10:35:34,763 INFO Start Evaling...
2020-04-01 10:35:48,974 INFO Head: mr:8608.1 mrr:35.53 hits:41.27
2020-04-01 10:35:48,976 INFO Tail: mr:6408.0 mrr:38.07 hits:43.64
2020-04-01 10:35:48,977 INFO All: mr:7508.1 mrr:36.80 hits:42.45
2020-04-01 10:35:48,982 INFO Improved and model saved
2020-04-01 10:36:09,985 INFO [21.0] Epoch 40: loss = 20.7795
2020-04-01 10:36:30,045 INFO [20.1] Epoch 41: loss = 20.3200
2020-04-01 10:36:50,190 INFO [20.1] Epoch 42: loss = 19.9697
2020-04-01 10:37:08,821 INFO [18.6] Epoch 43: loss = 19.9411
2020-04-01 10:37:27,300 INFO [18.5] Epoch 44: loss = 19.6200
2020-04-01 10:37:45,382 INFO [18.1] Epoch 45: loss = 19.4217
2020-04-01 10:38:04,724 INFO [19.3] Epoch 46: loss = 19.1775
2020-04-01 10:38:22,776 INFO [18.1] Epoch 47: loss = 18.9158
2020-04-01 10:38:43,173 INFO [20.4] Epoch 48: loss = 18.5610
2020-04-01 10:39:01,787 INFO [18.6] Epoch 49: loss = 18.5695
2020-04-01 10:39:01,787 INFO Start Evaling...
2020-04-01 10:39:16,106 INFO Head: mr:8494.1 mrr:37.16 hits:41.53
2020-04-01 10:39:16,107 INFO Tail: mr:6050.5 mrr:39.78 hits:44.43
2020-04-01 10:39:16,109 INFO All: mr:7272.3 mrr:38.47 hits:42.98
2020-04-01 10:39:16,114 INFO Improved and model saved
2020-04-01 10:39:36,474 INFO [20.3] Epoch 50: loss = 18.3996
2020-04-01 10:39:57,280 INFO [20.8] Epoch 51: loss = 18.2512
2020-04-01 10:40:15,093 INFO [17.8] Epoch 52: loss = 17.6789
2020-04-01 10:40:34,414 INFO [19.3] Epoch 53: loss = 17.5879
2020-04-01 10:40:52,662 INFO [18.2] Epoch 54: loss = 17.6932
2020-04-01 10:41:12,036 INFO [19.4] Epoch 55: loss = 17.5713
2020-04-01 10:41:31,003 INFO [19.0] Epoch 56: loss = 17.2453
2020-04-01 10:41:50,790 INFO [19.8] Epoch 57: loss = 17.0095
2020-04-01 10:42:11,023 INFO [20.2] Epoch 58: loss = 16.8196
2020-04-01 10:42:30,518 INFO [19.5] Epoch 59: loss = 16.5016
2020-04-01 10:42:30,518 INFO Start Evaling...
2020-04-01 10:42:46,709 INFO Head: mr:8434.0 mrr:37.90 hits:42.12
2020-04-01 10:42:46,709 INFO Tail: mr:5862.3 mrr:40.86 hits:44.53
2020-04-01 10:42:46,709 INFO All: mr:7148.2 mrr:39.38 hits:43.33
2020-04-01 10:42:46,712 INFO Improved and model saved
2020-04-01 10:43:04,801 INFO [18.1] Epoch 60: loss = 16.6782
2020-04-01 10:43:24,308 INFO [19.5] Epoch 61: loss = 16.6235
2020-04-01 10:43:42,351 INFO [18.0] Epoch 62: loss = 16.4866
2020-04-01 10:44:00,625 INFO [18.3] Epoch 63: loss = 16.3863
2020-04-01 10:44:18,673 INFO [18.0] Epoch 64: loss = 16.1808
2020-04-01 10:44:37,028 INFO [18.4] Epoch 65: loss = 16.3405
2020-04-01 10:44:57,012 INFO [20.0] Epoch 66: loss = 16.2963
2020-04-01 10:45:16,940 INFO [19.9] Epoch 67: loss = 15.7270
2020-04-01 10:45:36,277 INFO [19.3] Epoch 68: loss = 15.8078
2020-04-01 10:45:57,006 INFO [20.7] Epoch 69: loss = 15.6105
2020-04-01 10:45:57,007 INFO Start Evaling...
2020-04-01 10:46:10,657 INFO Head: mr:8333.2 mrr:38.41 hits:42.09
2020-04-01 10:46:10,659 INFO Tail: mr:5710.1 mrr:41.68 hits:45.12
2020-04-01 10:46:10,660 INFO All: mr:7021.6 mrr:40.05 hits:43.61
2020-04-01 10:46:10,665 INFO Improved and model saved
2020-04-01 10:46:28,500 INFO [17.8] Epoch 70: loss = 15.9669
2020-04-01 10:46:49,799 INFO [21.3] Epoch 71: loss = 15.5095
2020-04-01 10:47:08,432 INFO [18.6] Epoch 72: loss = 15.2776
2020-04-01 10:47:28,046 INFO [19.6] Epoch 73: loss = 15.5040
2020-04-01 10:47:46,807 INFO [18.8] Epoch 74: loss = 15.2810
2020-04-01 10:48:04,238 INFO [17.4] Epoch 75: loss = 15.3339
2020-04-01 10:48:22,435 INFO [18.2] Epoch 76: loss = 15.1904
2020-04-01 10:48:42,289 INFO [19.9] Epoch 77: loss = 15.0864
2020-04-01 10:49:01,246 INFO [19.0] Epoch 78: loss = 14.8351
2020-04-01 10:49:19,791 INFO [18.5] Epoch 79: loss = 15.1210
2020-04-01 10:49:19,792 INFO Start Evaling...
2020-04-01 10:49:33,936 INFO Head: mr:8259.7 mrr:38.73 hits:42.68
2020-04-01 10:49:33,941 INFO Tail: mr:5573.5 mrr:41.98 hits:45.22
2020-04-01 10:49:33,942 INFO All: mr:6916.6 mrr:40.35 hits:43.95
2020-04-01 10:49:33,951 INFO Improved and model saved
2020-04-01 10:49:53,533 INFO [19.5] Epoch 80: loss = 15.1614
2020-04-01 10:50:13,516 INFO [20.0] Epoch 81: loss = 14.9726
2020-04-01 10:50:32,097 INFO [18.6] Epoch 82: loss = 14.8768
2020-04-01 10:50:49,965 INFO [17.9] Epoch 83: loss = 15.0679
2020-04-01 10:51:10,125 INFO [20.2] Epoch 84: loss = 14.6691
2020-04-01 10:51:28,060 INFO [17.9] Epoch 85: loss = 14.6520
2020-04-01 10:51:48,615 INFO [20.6] Epoch 86: loss = 14.5368
2020-04-01 10:52:06,281 INFO [17.7] Epoch 87: loss = 14.5532
2020-04-01 10:52:27,251 INFO [21.0] Epoch 88: loss = 14.6824
2020-04-01 10:52:45,844 INFO [18.6] Epoch 89: loss = 14.5232
2020-04-01 10:52:45,845 INFO Start Evaling...
2020-04-01 10:53:00,800 INFO Head: mr:8296.8 mrr:38.84 hits:42.98
2020-04-01 10:53:00,805 INFO Tail: mr:5460.5 mrr:42.17 hits:45.48
2020-04-01 10:53:00,805 INFO All: mr:6878.7 mrr:40.51 hits:44.23
2020-04-01 10:53:00,809 INFO Improved and model saved
2020-04-01 10:53:19,402 INFO [18.6] Epoch 90: loss = 14.6689
2020-04-01 10:53:39,489 INFO [20.1] Epoch 91: loss = 14.6870
2020-04-01 10:53:59,820 INFO [20.3] Epoch 92: loss = 14.4459
2020-04-01 10:54:17,061 INFO [17.2] Epoch 93: loss = 14.4153
2020-04-01 10:54:35,112 INFO [18.1] Epoch 94: loss = 14.3056
2020-04-01 10:54:54,896 INFO [19.8] Epoch 95: loss = 14.3929
2020-04-01 10:55:14,108 INFO [19.2] Epoch 96: loss = 14.0010
2020-04-01 10:55:33,099 INFO [19.0] Epoch 97: loss = 14.0934
2020-04-01 10:55:52,633 INFO [19.5] Epoch 98: loss = 14.0340
2020-04-01 10:56:11,374 INFO [18.7] Epoch 99: loss = 14.0983
2020-04-01 10:56:11,375 INFO Start Evaling...
2020-04-01 10:56:25,963 INFO Head: mr:8156.1 mrr:39.17 hits:43.11
2020-04-01 10:56:25,964 INFO Tail: mr:5374.8 mrr:42.67 hits:46.41
2020-04-01 10:56:25,965 INFO All: mr:6765.4 mrr:40.92 hits:44.76
2020-04-01 10:56:25,984 INFO Improved and model saved
2020-04-01 10:56:44,245 INFO [18.2] Epoch 100: loss = 14.2183
2020-04-01 10:57:05,432 INFO [21.2] Epoch 101: loss = 14.2520
2020-04-01 10:57:24,334 INFO [18.9] Epoch 102: loss = 14.1837
2020-04-01 10:57:43,265 INFO [18.9] Epoch 103: loss = 14.0437
2020-04-01 10:58:01,643 INFO [18.4] Epoch 104: loss = 13.9818
2020-04-01 10:58:21,547 INFO [19.9] Epoch 105: loss = 13.9129
2020-04-01 10:58:40,967 INFO [19.4] Epoch 106: loss = 14.1283
2020-04-01 10:59:02,422 INFO [21.5] Epoch 107: loss = 13.8011
2020-04-01 10:59:21,327 INFO [18.9] Epoch 108: loss = 13.9774
2020-04-01 10:59:40,242 INFO [18.9] Epoch 109: loss = 13.8104
2020-04-01 10:59:40,242 INFO Start Evaling...
2020-04-01 10:59:55,100 INFO Head: mr:8162.9 mrr:39.34 hits:43.08
2020-04-01 10:59:55,100 INFO Tail: mr:5349.4 mrr:42.66 hits:46.34
2020-04-01 10:59:55,101 INFO All: mr:6756.1 mrr:41.00 hits:44.71
2020-04-01 10:59:55,105 INFO Declined in recent 1 epochs
2020-04-01 11:00:13,738 INFO [18.6] Epoch 110: loss = 13.9602
2020-04-01 11:00:33,714 INFO [20.0] Epoch 111: loss = 13.7944
2020-04-01 11:00:54,904 INFO [21.2] Epoch 112: loss = 13.8062
2020-04-01 11:01:13,095 INFO [18.2] Epoch 113: loss = 13.6792
2020-04-01 11:01:31,990 INFO [18.9] Epoch 114: loss = 13.9523
2020-04-01 11:01:49,913 INFO [17.9] Epoch 115: loss = 13.3860
2020-04-01 11:02:09,962 INFO [20.0] Epoch 116: loss = 13.6758
2020-04-01 11:02:29,884 INFO [19.9] Epoch 117: loss = 13.6459
2020-04-01 11:02:49,244 INFO [19.4] Epoch 118: loss = 13.7481
2020-04-01 11:03:08,242 INFO [19.0] Epoch 119: loss = 13.6723
2020-04-01 11:03:08,243 INFO Start Evaling...
2020-04-01 11:03:24,300 INFO Head: mr:8118.9 mrr:39.21 hits:43.14
2020-04-01 11:03:24,300 INFO Tail: mr:5292.8 mrr:42.71 hits:46.67
2020-04-01 11:03:24,300 INFO All: mr:6705.9 mrr:40.96 hits:44.91
2020-04-01 11:03:24,303 INFO Improved and model saved
2020-04-01 11:03:44,497 INFO [20.2] Epoch 120: loss = 13.6499
2020-04-01 11:04:05,137 INFO [20.6] Epoch 121: loss = 13.7272
2020-04-01 11:04:24,416 INFO [19.3] Epoch 122: loss = 13.7448
2020-04-01 11:04:42,550 INFO [18.1] Epoch 123: loss = 13.5542
2020-04-01 11:05:00,052 INFO [17.5] Epoch 124: loss = 13.5329
2020-04-01 11:05:19,164 INFO [19.1] Epoch 125: loss = 13.5272
2020-04-01 11:05:40,300 INFO [21.1] Epoch 126: loss = 13.6335
2020-04-01 11:05:58,243 INFO [17.9] Epoch 127: loss = 13.5401
2020-04-01 11:06:17,415 INFO [19.2] Epoch 128: loss = 13.4146
2020-04-01 11:06:37,853 INFO [20.4] Epoch 129: loss = 13.5407
2020-04-01 11:06:37,854 INFO Start Evaling...
2020-04-01 11:06:49,934 INFO Head: mr:8078.2 mrr:39.36 hits:43.77
2020-04-01 11:06:49,936 INFO Tail: mr:5235.4 mrr:42.85 hits:46.90
2020-04-01 11:06:49,948 INFO All: mr:6656.8 mrr:41.10 hits:45.34
2020-04-01 11:06:49,953 INFO Improved and model saved
2020-04-01 11:07:08,270 INFO [18.3] Epoch 130: loss = 13.3811
2020-04-01 11:07:29,053 INFO [20.8] Epoch 131: loss = 13.4292
2020-04-01 11:07:51,552 INFO [22.5] Epoch 132: loss = 13.4318
2020-04-01 11:08:09,645 INFO [18.1] Epoch 133: loss = 13.4441
2020-04-01 11:08:28,750 INFO [19.1] Epoch 134: loss = 13.5880
2020-04-01 11:08:48,007 INFO [19.3] Epoch 135: loss = 13.2209
2020-04-01 11:09:06,230 INFO [18.2] Epoch 136: loss = 13.4573
2020-04-01 11:09:24,691 INFO [18.5] Epoch 137: loss = 13.3615
2020-04-01 11:09:44,787 INFO [20.1] Epoch 138: loss = 13.2381
2020-04-01 11:10:03,737 INFO [18.9] Epoch 139: loss = 13.3516
2020-04-01 11:10:03,737 INFO Start Evaling...
2020-04-01 11:10:17,544 INFO Head: mr:8005.5 mrr:39.24 hits:43.77
2020-04-01 11:10:17,544 INFO Tail: mr:5127.0 mrr:42.96 hits:46.87
2020-04-01 11:10:17,544 INFO All: mr:6566.2 mrr:41.10 hits:45.32
2020-04-01 11:10:17,548 INFO Declined in recent 1 epochs
2020-04-01 11:10:36,078 INFO [18.5] Epoch 140: loss = 13.4506
2020-04-01 11:10:55,790 INFO [19.7] Epoch 141: loss = 13.4332
2020-04-01 11:11:16,036 INFO [20.2] Epoch 142: loss = 13.5063
2020-04-01 11:11:36,101 INFO [20.1] Epoch 143: loss = 13.2414
2020-04-01 11:11:55,166 INFO [19.1] Epoch 144: loss = 13.0814
2020-04-01 11:12:14,765 INFO [19.6] Epoch 145: loss = 13.2962
2020-04-01 11:12:34,817 INFO [20.1] Epoch 146: loss = 13.2407
2020-04-01 11:12:53,668 INFO [18.9] Epoch 147: loss = 13.3096
2020-04-01 11:13:12,405 INFO [18.7] Epoch 148: loss = 13.2996
2020-04-01 11:13:31,831 INFO [19.4] Epoch 149: loss = 13.1468
2020-04-01 11:13:31,831 INFO Start Evaling...
2020-04-01 11:13:46,154 INFO Head: mr:8005.8 mrr:39.40 hits:43.64
2020-04-01 11:13:46,154 INFO Tail: mr:5071.7 mrr:42.90 hits:46.93
2020-04-01 11:13:46,154 INFO All: mr:6538.8 mrr:41.15 hits:45.29
2020-04-01 11:13:46,158 INFO Declined in recent 2 epochs
2020-04-01 11:14:04,559 INFO [18.4] Epoch 150: loss = 13.1880
2020-04-01 11:14:23,867 INFO [19.3] Epoch 151: loss = 13.5324
2020-04-01 11:14:44,611 INFO [20.7] Epoch 152: loss = 13.0679
2020-04-01 11:15:03,570 INFO [19.0] Epoch 153: loss = 13.3173
2020-04-01 11:15:24,194 INFO [20.6] Epoch 154: loss = 13.0529
2020-04-01 11:15:43,057 INFO [18.9] Epoch 155: loss = 13.2477
2020-04-01 11:16:02,314 INFO [19.3] Epoch 156: loss = 12.8656
2020-04-01 11:16:21,873 INFO [19.6] Epoch 157: loss = 13.0497
2020-04-01 11:16:41,216 INFO [19.3] Epoch 158: loss = 13.3963
2020-04-01 11:16:59,625 INFO [18.4] Epoch 159: loss = 13.0462
2020-04-01 11:16:59,625 INFO Start Evaling...
2020-04-01 11:17:14,193 INFO Head: mr:7889.1 mrr:39.63 hits:43.77
2020-04-01 11:17:14,193 INFO Tail: mr:4957.9 mrr:42.79 hits:46.57
2020-04-01 11:17:14,193 INFO All: mr:6423.5 mrr:41.21 hits:45.17
2020-04-01 11:17:14,197 INFO Declined in recent 3 epochs
2020-04-01 11:17:32,575 INFO [18.4] Epoch 160: loss = 12.9512
2020-04-01 11:17:51,481 INFO [18.9] Epoch 161: loss = 13.1977
2020-04-01 11:18:12,701 INFO [21.2] Epoch 162: loss = 13.0485
2020-04-01 11:18:33,960 INFO [21.3] Epoch 163: loss = 13.0429
2020-04-01 11:18:53,643 INFO [19.7] Epoch 164: loss = 13.0221
2020-04-01 11:19:11,388 INFO [17.7] Epoch 165: loss = 13.0682
2020-04-01 11:19:30,987 INFO [19.6] Epoch 166: loss = 13.1388
2020-04-01 11:19:49,408 INFO [18.4] Epoch 167: loss = 13.1524
2020-04-01 11:20:08,409 INFO [19.0] Epoch 168: loss = 13.4708
2020-04-01 11:20:27,898 INFO [19.5] Epoch 169: loss = 13.1559
2020-04-01 11:20:27,898 INFO Start Evaling...
2020-04-01 11:20:41,079 INFO Head: mr:7834.8 mrr:39.62 hits:44.00
2020-04-01 11:20:41,081 INFO Tail: mr:4873.0 mrr:43.27 hits:46.97
2020-04-01 11:20:41,082 INFO All: mr:6353.9 mrr:41.44 hits:45.48
2020-04-01 11:20:41,087 INFO Improved and model saved
2020-04-01 11:20:59,674 INFO [18.6] Epoch 170: loss = 13.1230
2020-04-01 11:21:20,293 INFO [20.6] Epoch 171: loss = 13.1015
2020-04-01 11:21:40,030 INFO [19.7] Epoch 172: loss = 13.2672
2020-04-01 11:21:59,835 INFO [19.8] Epoch 173: loss = 13.1578
2020-04-01 11:22:18,236 INFO [18.4] Epoch 174: loss = 13.0644
2020-04-01 11:22:36,946 INFO [18.7] Epoch 175: loss = 13.2679
2020-04-01 11:22:54,945 INFO [18.0] Epoch 176: loss = 13.0958
2020-04-01 11:23:13,244 INFO [18.3] Epoch 177: loss = 13.0665
2020-04-01 11:23:32,616 INFO [19.4] Epoch 178: loss = 12.9574
2020-04-01 11:23:51,167 INFO [18.6] Epoch 179: loss = 12.9192
2020-04-01 11:23:51,168 INFO Start Evaling...
2020-04-01 11:24:05,703 INFO Head: mr:7788.6 mrr:39.74 hits:44.43
2020-04-01 11:24:05,704 INFO Tail: mr:4814.4 mrr:43.24 hits:47.46
2020-04-01 11:24:05,704 INFO All: mr:6301.5 mrr:41.49 hits:45.95
2020-04-01 11:24:05,708 INFO Improved and model saved
2020-04-01 11:24:25,635 INFO [19.9] Epoch 180: loss = 13.1372
2020-04-01 11:24:43,205 INFO [17.6] Epoch 181: loss = 13.1864
2020-04-01 11:25:03,286 INFO [20.1] Epoch 182: loss = 13.2960
2020-04-01 11:25:25,289 INFO [22.0] Epoch 183: loss = 13.0150
2020-04-01 11:25:43,774 INFO [18.5] Epoch 184: loss = 12.9570
2020-04-01 11:26:02,984 INFO [19.2] Epoch 185: loss = 13.3356
2020-04-01 11:26:23,569 INFO [20.6] Epoch 186: loss = 12.9876
2020-04-01 11:26:42,158 INFO [18.6] Epoch 187: loss = 13.1760
2020-04-01 11:27:00,363 INFO [18.2] Epoch 188: loss = 13.2288
2020-04-01 11:27:20,504 INFO [20.1] Epoch 189: loss = 13.1211
2020-04-01 11:27:20,504 INFO Start Evaling...
2020-04-01 11:27:34,921 INFO Head: mr:7695.3 mrr:39.72 hits:44.59
2020-04-01 11:27:34,922 INFO Tail: mr:4692.5 mrr:43.35 hits:47.43
2020-04-01 11:27:34,922 INFO All: mr:6193.9 mrr:41.53 hits:46.01
2020-04-01 11:27:34,926 INFO Improved and model saved
2020-04-01 11:27:55,021 INFO [20.1] Epoch 190: loss = 13.0127
2020-04-01 11:28:17,116 INFO [22.1] Epoch 191: loss = 13.2541
2020-04-01 11:28:37,297 INFO [20.2] Epoch 192: loss = 13.1244
2020-04-01 11:28:57,176 INFO [19.9] Epoch 193: loss = 13.3471
2020-04-01 11:29:15,416 INFO [18.2] Epoch 194: loss = 12.9977
2020-04-01 11:29:33,063 INFO [17.6] Epoch 195: loss = 13.0097
2020-04-01 11:29:52,377 INFO [19.3] Epoch 196: loss = 12.7790
2020-04-01 11:30:10,159 INFO [17.8] Epoch 197: loss = 13.0247
2020-04-01 11:30:30,866 INFO [20.7] Epoch 198: loss = 12.8728
2020-04-01 11:30:49,889 INFO [19.0] Epoch 199: loss = 12.8515
2020-04-01 11:30:49,889 INFO Start Evaling...
2020-04-01 11:31:03,211 INFO Head: mr:7737.2 mrr:39.89 hits:44.23
2020-04-01 11:31:03,211 INFO Tail: mr:4705.6 mrr:43.38 hits:47.50
2020-04-01 11:31:03,211 INFO All: mr:6221.4 mrr:41.63 hits:45.86
2020-04-01 11:31:03,215 INFO Declined in recent 1 epochs
2020-04-01 11:31:21,666 INFO [18.5] Epoch 200: loss = 12.9622
2020-04-01 11:31:41,829 INFO [20.2] Epoch 201: loss = 12.8599
2020-04-01 11:32:00,681 INFO [18.9] Epoch 202: loss = 13.0531
2020-04-01 11:32:21,949 INFO [21.3] Epoch 203: loss = 12.8411
2020-04-01 11:32:39,620 INFO [17.7] Epoch 204: loss = 13.0632
2020-04-01 11:32:57,979 INFO [18.4] Epoch 205: loss = 12.9223
2020-04-01 11:33:17,591 INFO [19.6] Epoch 206: loss = 12.9061
2020-04-01 11:33:36,167 INFO [18.6] Epoch 207: loss = 12.9080
2020-04-01 11:33:53,626 INFO [17.5] Epoch 208: loss = 12.6458
2020-04-01 11:34:11,282 INFO [17.7] Epoch 209: loss = 13.0463
2020-04-01 11:34:11,283 INFO Start Evaling...
2020-04-01 11:34:25,176 INFO Head: mr:7667.8 mrr:39.70 hits:44.50
2020-04-01 11:34:25,176 INFO Tail: mr:4675.1 mrr:43.20 hits:47.50
2020-04-01 11:34:25,176 INFO All: mr:6171.5 mrr:41.45 hits:46.00
2020-04-01 11:34:25,178 INFO Declined in recent 2 epochs
2020-04-01 11:34:43,851 INFO [18.7] Epoch 210: loss = 13.0497
2020-04-01 11:35:02,757 INFO [18.9] Epoch 211: loss = 12.9243
2020-04-01 11:35:23,845 INFO [21.1] Epoch 212: loss = 12.7576
2020-04-01 11:35:44,114 INFO [20.3] Epoch 213: loss = 12.9359
2020-04-01 11:36:03,828 INFO [19.7] Epoch 214: loss = 12.7118
2020-04-01 11:36:24,886 INFO [21.1] Epoch 215: loss = 12.9423
2020-04-01 11:36:44,508 INFO [19.6] Epoch 216: loss = 12.9928
2020-04-01 11:37:04,068 INFO [19.6] Epoch 217: loss = 13.0056
2020-04-01 11:37:22,689 INFO [18.6] Epoch 218: loss = 12.7982
2020-04-01 11:37:42,289 INFO [19.6] Epoch 219: loss = 12.8594
2020-04-01 11:37:42,289 INFO Start Evaling...
2020-04-01 11:37:56,557 INFO Head: mr:7611.0 mrr:39.90 hits:44.50
2020-04-01 11:37:56,559 INFO Tail: mr:4592.4 mrr:43.61 hits:47.46
2020-04-01 11:37:56,560 INFO All: mr:6101.7 mrr:41.76 hits:45.98
2020-04-01 11:37:56,566 INFO Declined in recent 3 epochs
2020-04-01 11:38:16,020 INFO [19.5] Epoch 220: loss = 12.9155
2020-04-01 11:38:35,792 INFO [19.8] Epoch 221: loss = 12.9453
2020-04-01 11:38:58,258 INFO [22.5] Epoch 222: loss = 12.6753
2020-04-01 11:39:18,659 INFO [20.4] Epoch 223: loss = 12.8494
2020-04-01 11:39:38,613 INFO [20.0] Epoch 224: loss = 12.8555
2020-04-01 11:39:57,905 INFO [19.3] Epoch 225: loss = 12.8602
2020-04-01 11:40:17,895 INFO [20.0] Epoch 226: loss = 12.9536
2020-04-01 11:40:37,851 INFO [20.0] Epoch 227: loss = 12.8194
2020-04-01 11:40:57,900 INFO [20.0] Epoch 228: loss = 12.8878
2020-04-01 11:41:16,736 INFO [18.8] Epoch 229: loss = 12.6848
2020-04-01 11:41:16,737 INFO Start Evaling...
2020-04-01 11:41:30,910 INFO Head: mr:7571.5 mrr:39.76 hits:44.63
2020-04-01 11:41:30,910 INFO Tail: mr:4576.5 mrr:43.49 hits:47.79
2020-04-01 11:41:30,910 INFO All: mr:6074.0 mrr:41.62 hits:46.21
2020-04-01 11:41:30,913 INFO Improved and model saved
2020-04-01 11:41:49,570 INFO [18.6] Epoch 230: loss = 12.9836
2020-04-01 11:42:08,578 INFO [19.0] Epoch 231: loss = 12.8011
2020-04-01 11:42:30,557 INFO [22.0] Epoch 232: loss = 12.6774
2020-04-01 11:42:49,672 INFO [19.1] Epoch 233: loss = 12.9137
2020-04-01 11:43:09,435 INFO [19.8] Epoch 234: loss = 12.8768
2020-04-01 11:43:27,430 INFO [18.0] Epoch 235: loss = 13.0009
2020-04-01 11:43:46,374 INFO [18.9] Epoch 236: loss = 12.7224
2020-04-01 11:44:03,753 INFO [17.4] Epoch 237: loss = 12.9943
2020-04-01 11:44:23,632 INFO [19.9] Epoch 238: loss = 12.9531
2020-04-01 11:44:42,719 INFO [19.1] Epoch 239: loss = 12.6565
2020-04-01 11:44:42,720 INFO Start Evaling...
2020-04-01 11:44:55,258 INFO Head: mr:7595.6 mrr:39.69 hits:44.40
2020-04-01 11:44:55,258 INFO Tail: mr:4563.5 mrr:43.75 hits:47.89
2020-04-01 11:44:55,259 INFO All: mr:6079.5 mrr:41.72 hits:46.14
2020-04-01 11:44:55,263 INFO Declined in recent 1 epochs
2020-04-01 11:45:14,534 INFO [19.3] Epoch 240: loss = 12.8692
2020-04-01 11:45:33,934 INFO [19.4] Epoch 241: loss = 12.7691
2020-04-01 11:45:53,431 INFO [19.5] Epoch 242: loss = 12.8199
2020-04-01 11:46:12,398 INFO [19.0] Epoch 243: loss = 13.0477
2020-04-01 11:46:31,830 INFO [19.4] Epoch 244: loss = 12.5015
2020-04-01 11:46:50,151 INFO [18.3] Epoch 245: loss = 13.0153
2020-04-01 11:47:08,590 INFO [18.4] Epoch 246: loss = 12.8331
2020-04-01 11:47:27,058 INFO [18.5] Epoch 247: loss = 12.7597
2020-04-01 11:47:46,065 INFO [19.0] Epoch 248: loss = 12.8904
2020-04-01 11:48:05,448 INFO [19.4] Epoch 249: loss = 12.8212
2020-04-01 11:48:05,449 INFO Start Evaling...
2020-04-01 11:48:19,998 INFO Head: mr:7563.4 mrr:39.72 hits:44.56
2020-04-01 11:48:20,000 INFO Tail: mr:4517.1 mrr:43.84 hits:48.29
2020-04-01 11:48:20,001 INFO All: mr:6040.3 mrr:41.78 hits:46.42
2020-04-01 11:48:20,006 INFO Improved and model saved
2020-04-01 11:48:37,502 INFO [17.5] Epoch 250: loss = 12.7744
2020-04-01 11:48:55,748 INFO [18.2] Epoch 251: loss = 12.7884
2020-04-01 11:49:15,493 INFO [19.7] Epoch 252: loss = 12.8064
2020-04-01 11:49:33,873 INFO [18.4] Epoch 253: loss = 12.8735
2020-04-01 11:49:53,116 INFO [19.2] Epoch 254: loss = 12.9615
2020-04-01 11:50:11,622 INFO [18.5] Epoch 255: loss = 12.7234
2020-04-01 11:50:31,083 INFO [19.5] Epoch 256: loss = 13.0312
2020-04-01 11:50:51,077 INFO [20.0] Epoch 257: loss = 12.9397
2020-04-01 11:51:09,985 INFO [18.9] Epoch 258: loss = 12.8402
2020-04-01 11:51:28,984 INFO [19.0] Epoch 259: loss = 12.8635
2020-04-01 11:51:28,984 INFO Start Evaling...
2020-04-01 11:51:42,381 INFO Head: mr:7502.1 mrr:39.75 hits:44.92
2020-04-01 11:51:42,383 INFO Tail: mr:4502.9 mrr:43.85 hits:47.99
2020-04-01 11:51:42,383 INFO All: mr:6002.5 mrr:41.80 hits:46.46
2020-04-01 11:51:42,387 INFO Improved and model saved
2020-04-01 11:52:01,423 INFO [19.0] Epoch 260: loss = 13.0331
2020-04-01 11:52:21,805 INFO [20.4] Epoch 261: loss = 13.0354
2020-04-01 11:52:41,131 INFO [19.3] Epoch 262: loss = 12.8932
2020-04-01 11:53:00,106 INFO [19.0] Epoch 263: loss = 12.6182
2020-04-01 11:53:19,903 INFO [19.8] Epoch 264: loss = 12.8427
2020-04-01 11:53:41,329 INFO [21.4] Epoch 265: loss = 12.8213
2020-04-01 11:54:01,486 INFO [20.2] Epoch 266: loss = 12.4697
2020-04-01 11:54:21,501 INFO [20.0] Epoch 267: loss = 13.1745
2020-04-01 11:54:39,403 INFO [17.9] Epoch 268: loss = 12.8647
2020-04-01 11:54:56,401 INFO [17.0] Epoch 269: loss = 12.9640
2020-04-01 11:54:56,402 INFO Start Evaling...
2020-04-01 11:55:10,665 INFO Head: mr:7509.6 mrr:40.00 hits:44.92
2020-04-01 11:55:10,667 INFO Tail: mr:4554.9 mrr:43.65 hits:47.92
2020-04-01 11:55:10,669 INFO All: mr:6032.2 mrr:41.83 hits:46.42
2020-04-01 11:55:10,675 INFO Declined in recent 1 epochs
2020-04-01 11:55:28,819 INFO [18.1] Epoch 270: loss = 12.6601
2020-04-01 11:55:48,843 INFO [20.0] Epoch 271: loss = 12.8251
2020-04-01 11:56:05,535 INFO [16.7] Epoch 272: loss = 12.5618
2020-04-01 11:56:24,934 INFO [19.4] Epoch 273: loss = 12.7368
2020-04-01 11:56:42,782 INFO [17.8] Epoch 274: loss = 12.6695
2020-04-01 11:57:01,750 INFO [19.0] Epoch 275: loss = 12.8285
2020-04-01 11:57:19,709 INFO [18.0] Epoch 276: loss = 12.8768
2020-04-01 11:57:37,698 INFO [18.0] Epoch 277: loss = 12.5233
2020-04-01 11:57:56,413 INFO [18.7] Epoch 278: loss = 12.6465
2020-04-01 11:58:14,064 INFO [17.7] Epoch 279: loss = 12.8949
2020-04-01 11:58:14,064 INFO Start Evaling...
2020-04-01 11:58:27,227 INFO Head: mr:7448.5 mrr:39.76 hits:44.59
2020-04-01 11:58:27,229 INFO Tail: mr:4519.9 mrr:43.52 hits:47.92
2020-04-01 11:58:27,231 INFO All: mr:5984.2 mrr:41.64 hits:46.26
2020-04-01 11:58:27,237 INFO Declined in recent 2 epochs
2020-04-01 11:58:45,357 INFO [18.1] Epoch 280: loss = 12.8711
2020-04-01 11:59:04,199 INFO [18.8] Epoch 281: loss = 13.1332
2020-04-01 11:59:21,606 INFO [17.4] Epoch 282: loss = 12.8243
2020-04-01 11:59:39,994 INFO [18.4] Epoch 283: loss = 12.7346
2020-04-01 11:59:58,998 INFO [19.0] Epoch 284: loss = 12.6754
2020-04-01 12:00:17,982 INFO [19.0] Epoch 285: loss = 12.7602
2020-04-01 12:00:35,441 INFO [17.5] Epoch 286: loss = 12.7064
2020-04-01 12:00:53,170 INFO [17.7] Epoch 287: loss = 12.7934
2020-04-01 12:01:11,436 INFO [18.3] Epoch 288: loss = 12.8166
2020-04-01 12:01:29,740 INFO [18.3] Epoch 289: loss = 12.7612
2020-04-01 12:01:29,740 INFO Start Evaling...
2020-04-01 12:01:42,952 INFO Head: mr:7452.7 mrr:39.83 hits:44.46
2020-04-01 12:01:42,953 INFO Tail: mr:4511.0 mrr:43.69 hits:47.99
2020-04-01 12:01:42,955 INFO All: mr:5981.8 mrr:41.76 hits:46.23
2020-04-01 12:01:42,960 INFO Declined in recent 3 epochs
2020-04-01 12:02:01,049 INFO [18.1] Epoch 290: loss = 12.5552
2020-04-01 12:02:18,977 INFO [17.9] Epoch 291: loss = 12.7834
2020-04-01 12:02:37,757 INFO [18.8] Epoch 292: loss = 12.4769
2020-04-01 12:02:57,028 INFO [19.3] Epoch 293: loss = 12.7925
2020-04-01 12:03:16,206 INFO [19.2] Epoch 294: loss = 12.5339
2020-04-01 12:03:34,779 INFO [18.6] Epoch 295: loss = 12.8041
2020-04-01 12:03:54,989 INFO [20.2] Epoch 296: loss = 12.7444
2020-04-01 12:04:13,560 INFO [18.6] Epoch 297: loss = 12.9296
2020-04-01 12:04:31,797 INFO [18.2] Epoch 298: loss = 12.6949
2020-04-01 12:04:50,062 INFO [18.3] Epoch 299: loss = 12.7949
2020-04-01 12:04:50,063 INFO Start Evaling...
2020-04-01 12:05:02,966 INFO Head: mr:7416.9 mrr:39.94 hits:44.56
2020-04-01 12:05:02,968 INFO Tail: mr:4501.4 mrr:43.76 hits:47.86
2020-04-01 12:05:02,969 INFO All: mr:5959.1 mrr:41.85 hits:46.21
2020-04-01 12:05:02,974 INFO Declined in recent 4 epochs
2020-04-01 12:05:22,807 INFO [19.8] Epoch 300: loss = 12.8768
2020-04-01 12:05:40,715 INFO [17.9] Epoch 301: loss = 12.7067
2020-04-01 12:05:58,349 INFO [17.6] Epoch 302: loss = 12.9600
2020-04-01 12:06:18,163 INFO [19.8] Epoch 303: loss = 12.8524
2020-04-01 12:06:36,183 INFO [18.0] Epoch 304: loss = 12.6547
2020-04-01 12:06:54,076 INFO [17.9] Epoch 305: loss = 12.9705
2020-04-01 12:07:13,047 INFO [19.0] Epoch 306: loss = 12.6171
2020-04-01 12:07:30,453 INFO [17.4] Epoch 307: loss = 12.9348
2020-04-01 12:07:48,584 INFO [18.1] Epoch 308: loss = 12.6769
2020-04-01 12:08:06,778 INFO [18.2] Epoch 309: loss = 12.7439
2020-04-01 12:08:06,779 INFO Start Evaling...
2020-04-01 12:08:21,240 INFO Head: mr:7355.8 mrr:39.94 hits:44.76
2020-04-01 12:08:21,245 INFO Tail: mr:4480.8 mrr:43.71 hits:48.12
2020-04-01 12:08:21,246 INFO All: mr:5918.3 mrr:41.82 hits:46.44
2020-04-01 12:08:21,249 INFO Declined in recent 5 epochs
2020-04-01 12:08:21,249 INFO Early stopping
2020-04-01 12:08:21,249 INFO Train done
2020-04-01 12:08:21,259 INFO Start Evaling...
2020-04-01 12:08:37,831 INFO Head: mr:7625.5 mrr:39.60 hits:44.77
2020-04-01 12:08:37,833 INFO Tail: mr:4557.9 mrr:43.74 hits:48.05
2020-04-01 12:08:37,834 INFO All: mr:6091.7 mrr:41.67 hits:46.41
