2020-04-01 10:21:43,724 INFO EPOCH: 1000
2020-04-01 10:21:43,724 INFO EVERY: 10
2020-04-01 10:21:43,724 INFO LR: 0.001
2020-04-01 10:21:43,724 INFO DIM: 100
2020-04-01 10:21:43,724 INFO BATCH_SIZE: 256
2020-04-01 10:21:43,724 INFO BATCH_SIZE2: 100
2020-04-01 10:21:43,724 INFO P: 1
2020-04-01 10:21:43,724 INFO CLIPPING_MAX_VALUE: 4.0
2020-04-01 10:21:43,724 INFO OPTIM: Adam
2020-04-01 10:21:43,724 INFO N_SAMPLE: 12
2020-04-01 10:21:43,724 INFO MODE: popu
2020-04-01 10:21:43,724 INFO GAMMA: 12.0
2020-04-01 10:21:43,725 INFO BERN: True
2020-04-01 10:21:43,725 INFO MARGIN: 4.0
2020-04-01 10:21:43,725 INFO REG: 1.0
2020-04-01 10:21:43,725 INFO LABEL_SMOOTH_EPS: 0.1
2020-04-01 10:21:43,725 INFO INPUT_DROP: 0.2
2020-04-01 10:21:43,725 INFO FEAT_DROP: 0.2
2020-04-01 10:21:43,725 INFO HIDD_DROP: 0.3
2020-04-01 10:21:43,725 INFO CHANNELS: 50
2020-04-01 10:21:43,725 INFO KERNEL_SIZE: 3
2020-04-01 10:21:43,725 INFO N_POOL: 100
2020-04-01 10:21:43,725 INFO MODEL_D: TransH
2020-04-01 10:21:43,725 INFO MODEL_G: DistMult
2020-04-01 10:21:43,725 INFO SCRATCH: False
2020-04-01 10:21:43,725 INFO D_FILE: None
2020-04-01 10:21:43,725 INFO G_FILE: None
2020-04-01 10:21:43,726 INFO PATH: data
2020-04-01 10:21:43,726 INFO DATA: WN18RR
2020-04-01 10:21:43,726 INFO EXP_PATH: experiment/WN18RR
2020-04-01 10:21:43,726 INFO MODEL: DistMult
2020-04-01 10:21:43,726 INFO V: 0
2020-04-01 10:21:43,726 INFO F: False
2020-04-01 10:21:43,726 INFO EVAL: False
2020-04-01 10:21:43,726 INFO TRAINED: False
2020-04-01 10:21:43,726 INFO PRETRAINED_NAME: None
2020-04-01 10:21:43,726 INFO EXP_NAME: DistMult-WN18RR-popu-0
2020-04-01 10:21:43,726 INFO --------------------------------------
2020-04-01 10:21:46,243 INFO Dataload done
2020-04-01 10:21:46,243 INFO --------------------------------------
2020-04-01 10:21:46,243 INFO N_ENTITY: 40943
2020-04-01 10:21:46,243 INFO N_RELATION: 11
2020-04-01 10:21:46,243 INFO --------------------------------------
2020-04-01 10:21:49,665 INFO Start Evaling...
2020-04-01 10:22:08,890 INFO Head: mr:20174.8 mrr:0.02 hits:0.03
2020-04-01 10:22:08,891 INFO Tail: mr:20153.3 mrr:0.02 hits:0.00
2020-04-01 10:22:08,891 INFO All: mr:20164.0 mrr:0.02 hits:0.02
2020-04-01 10:22:08,908 INFO Start Training...
2020-04-01 10:22:28,305 INFO [19.4] Epoch 0: loss = 353.9870
2020-04-01 10:22:47,512 INFO [19.2] Epoch 1: loss = 350.7175
2020-04-01 10:23:05,872 INFO [18.4] Epoch 2: loss = 333.1177
2020-04-01 10:23:23,945 INFO [18.1] Epoch 3: loss = 301.5663
2020-04-01 10:23:42,611 INFO [18.7] Epoch 4: loss = 266.9489
2020-04-01 10:24:02,535 INFO [19.9] Epoch 5: loss = 239.0371
2020-04-01 10:24:22,620 INFO [20.1] Epoch 6: loss = 220.6073
2020-04-01 10:24:41,117 INFO [18.5] Epoch 7: loss = 207.3064
2020-04-01 10:25:01,084 INFO [20.0] Epoch 8: loss = 191.6381
2020-04-01 10:25:20,578 INFO [19.5] Epoch 9: loss = 169.7597
2020-04-01 10:25:20,579 INFO Start Evaling...
2020-04-01 10:25:37,665 INFO Head: mr:8266.1 mrr:36.92 hits:40.94
2020-04-01 10:25:37,665 INFO Tail: mr:9620.1 mrr:37.96 hits:40.77
2020-04-01 10:25:37,665 INFO All: mr:8943.1 mrr:37.44 hits:40.85
2020-04-01 10:25:37,670 INFO Improved and model saved
2020-04-01 10:25:56,824 INFO [19.1] Epoch 10: loss = 145.5653
2020-04-01 10:26:16,628 INFO [19.8] Epoch 11: loss = 123.6352
2020-04-01 10:26:35,074 INFO [18.4] Epoch 12: loss = 105.2295
2020-04-01 10:26:53,761 INFO [18.7] Epoch 13: loss = 90.7942
2020-04-01 10:27:13,806 INFO [20.0] Epoch 14: loss = 79.2137
2020-04-01 10:27:31,807 INFO [18.0] Epoch 15: loss = 69.8661
2020-04-01 10:27:50,281 INFO [18.5] Epoch 16: loss = 62.5064
2020-04-01 10:28:10,872 INFO [20.6] Epoch 17: loss = 56.4702
2020-04-01 10:28:28,933 INFO [18.1] Epoch 18: loss = 51.6574
2020-04-01 10:28:50,713 INFO [21.8] Epoch 19: loss = 47.6274
2020-04-01 10:28:50,714 INFO Start Evaling...
2020-04-01 10:29:07,159 INFO Head: mr:8119.0 mrr:38.64 hits:42.06
2020-04-01 10:29:07,164 INFO Tail: mr:9070.8 mrr:40.39 hits:42.25
2020-04-01 10:29:07,166 INFO All: mr:8594.9 mrr:39.52 hits:42.16
2020-04-01 10:29:07,171 INFO Improved and model saved
2020-04-01 10:29:26,763 INFO [19.5] Epoch 20: loss = 44.2710
2020-04-01 10:29:46,924 INFO [20.2] Epoch 21: loss = 41.4291
2020-04-01 10:30:06,177 INFO [19.3] Epoch 22: loss = 39.0933
2020-04-01 10:30:25,052 INFO [18.9] Epoch 23: loss = 37.5393
2020-04-01 10:30:44,477 INFO [19.4] Epoch 24: loss = 35.3591
2020-04-01 10:31:04,299 INFO [19.8] Epoch 25: loss = 33.9745
2020-04-01 10:31:23,081 INFO [18.8] Epoch 26: loss = 32.7886
2020-04-01 10:31:41,720 INFO [18.6] Epoch 27: loss = 31.5006
2020-04-01 10:32:01,863 INFO [20.1] Epoch 28: loss = 30.6554
2020-04-01 10:32:20,290 INFO [18.4] Epoch 29: loss = 29.7270
2020-04-01 10:32:20,290 INFO Start Evaling...
2020-04-01 10:32:35,748 INFO Head: mr:8089.5 mrr:39.14 hits:43.01
2020-04-01 10:32:35,750 INFO Tail: mr:8247.3 mrr:41.40 hits:43.51
2020-04-01 10:32:35,752 INFO All: mr:8168.4 mrr:40.27 hits:43.26
2020-04-01 10:32:35,757 INFO Improved and model saved
2020-04-01 10:32:56,897 INFO [21.1] Epoch 30: loss = 28.8185
2020-04-01 10:33:15,941 INFO [19.0] Epoch 31: loss = 28.2280
2020-04-01 10:33:36,010 INFO [20.1] Epoch 32: loss = 27.4408
2020-04-01 10:33:56,989 INFO [21.0] Epoch 33: loss = 26.8143
2020-04-01 10:34:15,953 INFO [19.0] Epoch 34: loss = 26.5655
2020-04-01 10:34:36,540 INFO [20.6] Epoch 35: loss = 26.1453
2020-04-01 10:34:55,215 INFO [18.7] Epoch 36: loss = 25.6478
2020-04-01 10:35:15,085 INFO [19.9] Epoch 37: loss = 25.6862
2020-04-01 10:35:33,900 INFO [18.8] Epoch 38: loss = 24.8740
2020-04-01 10:35:54,913 INFO [21.0] Epoch 39: loss = 24.4493
2020-04-01 10:35:54,913 INFO Start Evaling...
2020-04-01 10:36:10,804 INFO Head: mr:7923.5 mrr:39.49 hits:43.31
2020-04-01 10:36:10,804 INFO Tail: mr:7609.3 mrr:41.94 hits:44.50
2020-04-01 10:36:10,804 INFO All: mr:7766.4 mrr:40.72 hits:43.90
2020-04-01 10:36:10,808 INFO Improved and model saved
2020-04-01 10:36:28,890 INFO [18.0] Epoch 40: loss = 24.4288
2020-04-01 10:36:48,844 INFO [20.0] Epoch 41: loss = 23.9344
2020-04-01 10:37:07,052 INFO [18.2] Epoch 42: loss = 23.5746
2020-04-01 10:37:27,142 INFO [20.1] Epoch 43: loss = 23.3595
2020-04-01 10:37:45,832 INFO [18.7] Epoch 44: loss = 23.5605
2020-04-01 10:38:04,437 INFO [18.6] Epoch 45: loss = 22.8653
2020-04-01 10:38:24,372 INFO [19.9] Epoch 46: loss = 22.5448
2020-04-01 10:38:45,909 INFO [21.5] Epoch 47: loss = 22.6421
2020-04-01 10:39:04,785 INFO [18.9] Epoch 48: loss = 22.3176
2020-04-01 10:39:24,826 INFO [20.0] Epoch 49: loss = 22.3691
2020-04-01 10:39:24,826 INFO Start Evaling...
2020-04-01 10:39:41,557 INFO Head: mr:7892.9 mrr:39.44 hits:43.97
2020-04-01 10:39:41,557 INFO Tail: mr:7145.5 mrr:41.93 hits:44.86
2020-04-01 10:39:41,557 INFO All: mr:7519.2 mrr:40.68 hits:44.41
2020-04-01 10:39:41,559 INFO Improved and model saved
2020-04-01 10:40:01,341 INFO [19.8] Epoch 50: loss = 22.3235
2020-04-01 10:40:19,874 INFO [18.5] Epoch 51: loss = 21.8675
2020-04-01 10:40:38,789 INFO [18.9] Epoch 52: loss = 21.6987
2020-04-01 10:40:56,358 INFO [17.6] Epoch 53: loss = 21.6472
2020-04-01 10:41:14,921 INFO [18.6] Epoch 54: loss = 21.7490
2020-04-01 10:41:34,800 INFO [19.9] Epoch 55: loss = 21.4415
2020-04-01 10:41:53,599 INFO [18.8] Epoch 56: loss = 21.2528
2020-04-01 10:42:14,172 INFO [20.6] Epoch 57: loss = 20.9108
2020-04-01 10:42:32,758 INFO [18.6] Epoch 58: loss = 20.9961
2020-04-01 10:42:54,423 INFO [21.7] Epoch 59: loss = 20.5955
2020-04-01 10:42:54,423 INFO Start Evaling...
2020-04-01 10:43:07,316 INFO Head: mr:7928.7 mrr:39.84 hits:44.17
2020-04-01 10:43:07,318 INFO Tail: mr:6814.1 mrr:42.20 hits:45.32
2020-04-01 10:43:07,319 INFO All: mr:7371.4 mrr:41.02 hits:44.74
2020-04-01 10:43:07,324 INFO Improved and model saved
2020-04-01 10:43:27,145 INFO [19.8] Epoch 60: loss = 20.6731
2020-04-01 10:43:45,237 INFO [18.1] Epoch 61: loss = 20.4493
2020-04-01 10:44:04,283 INFO [19.0] Epoch 62: loss = 20.9758
2020-04-01 10:44:22,893 INFO [18.6] Epoch 63: loss = 20.3369
2020-04-01 10:44:42,814 INFO [19.9] Epoch 64: loss = 20.5629
2020-04-01 10:45:00,830 INFO [18.0] Epoch 65: loss = 20.2495
2020-04-01 10:45:21,086 INFO [20.3] Epoch 66: loss = 19.8984
2020-04-01 10:45:40,491 INFO [19.4] Epoch 67: loss = 20.2716
2020-04-01 10:46:00,480 INFO [20.0] Epoch 68: loss = 19.9929
2020-04-01 10:46:20,870 INFO [20.4] Epoch 69: loss = 19.8655
2020-04-01 10:46:20,870 INFO Start Evaling...
2020-04-01 10:46:37,044 INFO Head: mr:7836.8 mrr:40.08 hits:44.86
2020-04-01 10:46:37,044 INFO Tail: mr:6510.9 mrr:42.43 hits:45.32
2020-04-01 10:46:37,044 INFO All: mr:7173.9 mrr:41.25 hits:45.09
2020-04-01 10:46:37,048 INFO Improved and model saved
2020-04-01 10:46:56,104 INFO [19.0] Epoch 70: loss = 19.9339
2020-04-01 10:47:15,219 INFO [19.1] Epoch 71: loss = 19.5475
2020-04-01 10:47:34,075 INFO [18.9] Epoch 72: loss = 19.4844
2020-04-01 10:47:52,212 INFO [18.1] Epoch 73: loss = 19.7877
2020-04-01 10:48:10,944 INFO [18.7] Epoch 74: loss = 19.3154
2020-04-01 10:48:28,889 INFO [17.9] Epoch 75: loss = 19.4124
2020-04-01 10:48:50,786 INFO [21.9] Epoch 76: loss = 18.9920
2020-04-01 10:49:10,545 INFO [19.8] Epoch 77: loss = 19.1038
2020-04-01 10:49:30,331 INFO [19.8] Epoch 78: loss = 19.1926
2020-04-01 10:49:49,072 INFO [18.7] Epoch 79: loss = 19.2573
2020-04-01 10:49:49,072 INFO Start Evaling...
2020-04-01 10:50:01,921 INFO Head: mr:7819.7 mrr:40.39 hits:44.69
2020-04-01 10:50:01,924 INFO Tail: mr:6221.2 mrr:42.81 hits:46.01
2020-04-01 10:50:01,925 INFO All: mr:7020.5 mrr:41.60 hits:45.35
2020-04-01 10:50:01,931 INFO Improved and model saved
2020-04-01 10:50:22,431 INFO [20.4] Epoch 80: loss = 18.9994
2020-04-01 10:50:40,509 INFO [18.1] Epoch 81: loss = 19.0319
2020-04-01 10:50:59,603 INFO [19.1] Epoch 82: loss = 19.0803
2020-04-01 10:51:18,601 INFO [19.0] Epoch 83: loss = 18.2975
2020-04-01 10:51:38,045 INFO [19.4] Epoch 84: loss = 18.7810
2020-04-01 10:51:57,475 INFO [19.4] Epoch 85: loss = 18.1990
2020-04-01 10:52:17,924 INFO [20.4] Epoch 86: loss = 18.5571
2020-04-01 10:52:36,254 INFO [18.3] Epoch 87: loss = 18.4919
2020-04-01 10:52:55,219 INFO [19.0] Epoch 88: loss = 18.5934
2020-04-01 10:53:16,349 INFO [21.1] Epoch 89: loss = 18.4220
2020-04-01 10:53:16,350 INFO Start Evaling...
2020-04-01 10:53:31,306 INFO Head: mr:7786.1 mrr:40.16 hits:44.89
2020-04-01 10:53:31,312 INFO Tail: mr:6059.3 mrr:42.79 hits:45.91
2020-04-01 10:53:31,313 INFO All: mr:6922.7 mrr:41.48 hits:45.40
2020-04-01 10:53:31,319 INFO Improved and model saved
2020-04-01 10:53:51,132 INFO [19.8] Epoch 90: loss = 18.2537
2020-04-01 10:54:11,222 INFO [20.1] Epoch 91: loss = 18.2481
2020-04-01 10:54:30,045 INFO [18.8] Epoch 92: loss = 17.9095
2020-04-01 10:54:49,957 INFO [19.9] Epoch 93: loss = 17.9240
2020-04-01 10:55:09,826 INFO [19.9] Epoch 94: loss = 18.0654
2020-04-01 10:55:29,448 INFO [19.6] Epoch 95: loss = 17.8825
2020-04-01 10:55:48,180 INFO [18.7] Epoch 96: loss = 17.8697
2020-04-01 10:56:07,782 INFO [19.6] Epoch 97: loss = 18.1134
2020-04-01 10:56:27,415 INFO [19.6] Epoch 98: loss = 17.9229
2020-04-01 10:56:46,120 INFO [18.7] Epoch 99: loss = 17.9602
2020-04-01 10:56:46,120 INFO Start Evaling...
2020-04-01 10:56:59,766 INFO Head: mr:7682.2 mrr:40.28 hits:44.99
2020-04-01 10:56:59,768 INFO Tail: mr:5820.1 mrr:42.91 hits:46.44
2020-04-01 10:56:59,770 INFO All: mr:6751.2 mrr:41.59 hits:45.72
2020-04-01 10:56:59,775 INFO Improved and model saved
2020-04-01 10:57:18,559 INFO [18.8] Epoch 100: loss = 17.6007
2020-04-01 10:57:38,448 INFO [19.9] Epoch 101: loss = 17.9254
2020-04-01 10:57:56,715 INFO [18.3] Epoch 102: loss = 17.7859
2020-04-01 10:58:15,600 INFO [18.9] Epoch 103: loss = 17.6600
2020-04-01 10:58:35,770 INFO [20.2] Epoch 104: loss = 17.6766
2020-04-01 10:58:55,417 INFO [19.6] Epoch 105: loss = 17.6184
2020-04-01 10:59:14,070 INFO [18.7] Epoch 106: loss = 17.3138
2020-04-01 10:59:33,701 INFO [19.6] Epoch 107: loss = 17.4225
2020-04-01 10:59:53,088 INFO [19.4] Epoch 108: loss = 17.2689
2020-04-01 11:00:12,639 INFO [19.6] Epoch 109: loss = 17.5293
2020-04-01 11:00:12,639 INFO Start Evaling...
2020-04-01 11:00:27,105 INFO Head: mr:7685.8 mrr:40.08 hits:44.69
2020-04-01 11:00:27,105 INFO Tail: mr:5706.2 mrr:42.98 hits:46.54
2020-04-01 11:00:27,105 INFO All: mr:6696.0 mrr:41.53 hits:45.62
2020-04-01 11:00:27,120 INFO Declined in recent 1 epochs
2020-04-01 11:00:49,423 INFO [22.3] Epoch 110: loss = 17.3255
2020-04-01 11:01:08,360 INFO [18.9] Epoch 111: loss = 17.3641
2020-04-01 11:01:28,322 INFO [20.0] Epoch 112: loss = 17.6110
2020-04-01 11:01:47,030 INFO [18.7] Epoch 113: loss = 17.3911
2020-04-01 11:02:05,445 INFO [18.4] Epoch 114: loss = 17.2989
2020-04-01 11:02:24,693 INFO [19.2] Epoch 115: loss = 17.3041
2020-04-01 11:02:43,564 INFO [18.9] Epoch 116: loss = 16.9507
2020-04-01 11:03:02,343 INFO [18.8] Epoch 117: loss = 17.3478
2020-04-01 11:03:25,257 INFO [22.9] Epoch 118: loss = 17.1161
2020-04-01 11:03:43,933 INFO [18.7] Epoch 119: loss = 17.1027
2020-04-01 11:03:43,933 INFO Start Evaling...
2020-04-01 11:03:58,526 INFO Head: mr:7526.2 mrr:40.06 hits:44.89
2020-04-01 11:03:58,526 INFO Tail: mr:5530.4 mrr:42.60 hits:46.08
2020-04-01 11:03:58,526 INFO All: mr:6528.3 mrr:41.33 hits:45.48
2020-04-01 11:03:58,533 INFO Declined in recent 2 epochs
2020-04-01 11:04:19,091 INFO [20.6] Epoch 120: loss = 17.3287
2020-04-01 11:04:38,729 INFO [19.6] Epoch 121: loss = 17.1330
2020-04-01 11:04:57,550 INFO [18.8] Epoch 122: loss = 17.2420
2020-04-01 11:05:16,905 INFO [19.4] Epoch 123: loss = 17.3729
2020-04-01 11:05:36,589 INFO [19.7] Epoch 124: loss = 17.0332
2020-04-01 11:05:56,277 INFO [19.7] Epoch 125: loss = 16.9521
2020-04-01 11:06:14,595 INFO [18.3] Epoch 126: loss = 17.2362
2020-04-01 11:06:34,519 INFO [19.9] Epoch 127: loss = 17.2567
2020-04-01 11:06:54,225 INFO [19.7] Epoch 128: loss = 16.8123
2020-04-01 11:07:12,595 INFO [18.4] Epoch 129: loss = 17.0691
2020-04-01 11:07:12,596 INFO Start Evaling...
2020-04-01 11:07:26,505 INFO Head: mr:7508.8 mrr:40.25 hits:45.12
2020-04-01 11:07:26,505 INFO Tail: mr:5395.6 mrr:42.95 hits:46.64
2020-04-01 11:07:26,505 INFO All: mr:6452.2 mrr:41.60 hits:45.88
2020-04-01 11:07:26,508 INFO Improved and model saved
2020-04-01 11:07:47,917 INFO [21.4] Epoch 130: loss = 16.9431
2020-04-01 11:08:08,113 INFO [20.2] Epoch 131: loss = 17.2231
2020-04-01 11:08:26,967 INFO [18.9] Epoch 132: loss = 17.1912
2020-04-01 11:08:45,532 INFO [18.6] Epoch 133: loss = 16.9861
2020-04-01 11:09:05,640 INFO [20.1] Epoch 134: loss = 16.9221
2020-04-01 11:09:25,411 INFO [19.8] Epoch 135: loss = 16.8908
2020-04-01 11:09:45,398 INFO [20.0] Epoch 136: loss = 16.9125
2020-04-01 11:10:05,128 INFO [19.7] Epoch 137: loss = 16.7279
2020-04-01 11:10:26,709 INFO [21.6] Epoch 138: loss = 16.8421
2020-04-01 11:10:45,802 INFO [19.1] Epoch 139: loss = 16.8036
2020-04-01 11:10:45,803 INFO Start Evaling...
2020-04-01 11:10:59,148 INFO Head: mr:7442.5 mrr:40.31 hits:45.42
2020-04-01 11:10:59,148 INFO Tail: mr:5320.4 mrr:42.93 hits:46.84
2020-04-01 11:10:59,148 INFO All: mr:6381.5 mrr:41.62 hits:46.13
2020-04-01 11:10:59,151 INFO Improved and model saved
2020-04-01 11:11:18,728 INFO [19.6] Epoch 140: loss = 16.7953
2020-04-01 11:11:39,567 INFO [20.8] Epoch 141: loss = 16.7213
2020-04-01 11:11:58,726 INFO [19.2] Epoch 142: loss = 17.0000
2020-04-01 11:12:17,808 INFO [19.1] Epoch 143: loss = 16.5004
2020-04-01 11:12:38,078 INFO [20.3] Epoch 144: loss = 16.9702
2020-04-01 11:12:57,510 INFO [19.4] Epoch 145: loss = 16.6098
2020-04-01 11:13:17,991 INFO [20.5] Epoch 146: loss = 16.3309
2020-04-01 11:13:36,618 INFO [18.6] Epoch 147: loss = 16.8275
2020-04-01 11:13:57,960 INFO [21.3] Epoch 148: loss = 16.6871
2020-04-01 11:14:16,886 INFO [18.9] Epoch 149: loss = 16.6033
2020-04-01 11:14:16,886 INFO Start Evaling...
2020-04-01 11:14:30,148 INFO Head: mr:7444.4 mrr:40.46 hits:45.48
2020-04-01 11:14:30,148 INFO Tail: mr:5222.8 mrr:43.04 hits:47.00
2020-04-01 11:14:30,148 INFO All: mr:6333.6 mrr:41.75 hits:46.24
2020-04-01 11:14:30,150 INFO Improved and model saved
2020-04-01 11:14:51,062 INFO [20.9] Epoch 150: loss = 16.5032
2020-04-01 11:15:10,022 INFO [19.0] Epoch 151: loss = 16.7798
2020-04-01 11:15:31,772 INFO [21.7] Epoch 152: loss = 16.8431
2020-04-01 11:15:50,853 INFO [19.1] Epoch 153: loss = 16.4012
2020-04-01 11:16:08,777 INFO [17.9] Epoch 154: loss = 16.6509
2020-04-01 11:16:27,721 INFO [18.9] Epoch 155: loss = 16.4071
2020-04-01 11:16:47,423 INFO [19.7] Epoch 156: loss = 16.5550
2020-04-01 11:17:06,696 INFO [19.3] Epoch 157: loss = 16.3268
2020-04-01 11:17:26,335 INFO [19.6] Epoch 158: loss = 16.1779
2020-04-01 11:17:45,931 INFO [19.6] Epoch 159: loss = 16.4464
2020-04-01 11:17:45,932 INFO Start Evaling...
2020-04-01 11:18:00,643 INFO Head: mr:7373.2 mrr:40.60 hits:45.68
2020-04-01 11:18:00,644 INFO Tail: mr:5180.6 mrr:42.94 hits:47.56
2020-04-01 11:18:00,645 INFO All: mr:6276.9 mrr:41.77 hits:46.62
2020-04-01 11:18:00,649 INFO Improved and model saved
2020-04-01 11:18:22,328 INFO [21.7] Epoch 160: loss = 16.4173
2020-04-01 11:18:41,680 INFO [19.4] Epoch 161: loss = 16.4065
2020-04-01 11:19:01,874 INFO [20.2] Epoch 162: loss = 16.1598
2020-04-01 11:19:20,310 INFO [18.4] Epoch 163: loss = 16.2226
2020-04-01 11:19:38,621 INFO [18.3] Epoch 164: loss = 16.1415
2020-04-01 11:19:57,790 INFO [19.2] Epoch 165: loss = 16.2299
2020-04-01 11:20:16,087 INFO [18.3] Epoch 166: loss = 16.2478
2020-04-01 11:20:34,535 INFO [18.4] Epoch 167: loss = 16.3620
2020-04-01 11:20:54,353 INFO [19.8] Epoch 168: loss = 16.5195
2020-04-01 11:21:13,579 INFO [19.2] Epoch 169: loss = 16.6159
2020-04-01 11:21:13,579 INFO Start Evaling...
2020-04-01 11:21:27,876 INFO Head: mr:7387.9 mrr:40.55 hits:45.98
2020-04-01 11:21:27,876 INFO Tail: mr:5169.6 mrr:43.24 hits:47.86
2020-04-01 11:21:27,876 INFO All: mr:6278.7 mrr:41.90 hits:46.92
2020-04-01 11:21:27,880 INFO Improved and model saved
2020-04-01 11:21:47,913 INFO [20.0] Epoch 170: loss = 16.1681
2020-04-01 11:22:08,703 INFO [20.8] Epoch 171: loss = 16.0031
2020-04-01 11:22:28,012 INFO [19.3] Epoch 172: loss = 16.2610
2020-04-01 11:22:46,376 INFO [18.4] Epoch 173: loss = 15.8930
2020-04-01 11:23:04,715 INFO [18.3] Epoch 174: loss = 16.3299
2020-04-01 11:23:23,413 INFO [18.7] Epoch 175: loss = 16.2307
2020-04-01 11:23:43,498 INFO [20.1] Epoch 176: loss = 16.3851
2020-04-01 11:24:03,046 INFO [19.5] Epoch 177: loss = 16.3640
2020-04-01 11:24:22,804 INFO [19.8] Epoch 178: loss = 16.3390
2020-04-01 11:24:41,025 INFO [18.2] Epoch 179: loss = 16.2019
2020-04-01 11:24:41,026 INFO Start Evaling...
2020-04-01 11:24:55,013 INFO Head: mr:7341.9 mrr:40.46 hits:46.01
2020-04-01 11:24:55,014 INFO Tail: mr:5102.5 mrr:43.20 hits:47.86
2020-04-01 11:24:55,016 INFO All: mr:6222.2 mrr:41.83 hits:46.93
2020-04-01 11:24:55,021 INFO Improved and model saved
2020-04-01 11:25:15,844 INFO [20.8] Epoch 180: loss = 16.1404
2020-04-01 11:25:36,598 INFO [20.8] Epoch 181: loss = 16.0260
2020-04-01 11:25:55,319 INFO [18.7] Epoch 182: loss = 16.0057
2020-04-01 11:26:13,724 INFO [18.4] Epoch 183: loss = 16.0183
2020-04-01 11:26:33,808 INFO [20.1] Epoch 184: loss = 15.9919
2020-04-01 11:26:52,670 INFO [18.9] Epoch 185: loss = 15.7770
2020-04-01 11:27:11,974 INFO [19.3] Epoch 186: loss = 15.7558
2020-04-01 11:27:34,063 INFO [22.1] Epoch 187: loss = 16.0574
2020-04-01 11:27:53,600 INFO [19.5] Epoch 188: loss = 15.9727
2020-04-01 11:28:12,506 INFO [18.9] Epoch 189: loss = 15.9329
2020-04-01 11:28:12,507 INFO Start Evaling...
2020-04-01 11:28:26,637 INFO Head: mr:7244.7 mrr:40.73 hits:45.85
2020-04-01 11:28:26,637 INFO Tail: mr:4994.1 mrr:43.40 hits:48.09
2020-04-01 11:28:26,637 INFO All: mr:6119.4 mrr:42.07 hits:46.97
2020-04-01 11:28:26,641 INFO Improved and model saved
2020-04-01 11:28:49,522 INFO [22.9] Epoch 190: loss = 16.1712
2020-04-01 11:29:07,007 INFO [17.5] Epoch 191: loss = 15.9198
2020-04-01 11:29:25,032 INFO [18.0] Epoch 192: loss = 16.0623
2020-04-01 11:29:44,793 INFO [19.8] Epoch 193: loss = 16.1669
2020-04-01 11:30:02,418 INFO [17.6] Epoch 194: loss = 16.0342
2020-04-01 11:30:22,217 INFO [19.8] Epoch 195: loss = 15.8923
2020-04-01 11:30:41,472 INFO [19.3] Epoch 196: loss = 16.1546
2020-04-01 11:31:00,590 INFO [19.1] Epoch 197: loss = 15.8380
2020-04-01 11:31:20,262 INFO [19.7] Epoch 198: loss = 15.9366
2020-04-01 11:31:38,898 INFO [18.6] Epoch 199: loss = 16.0136
2020-04-01 11:31:38,899 INFO Start Evaling...
2020-04-01 11:31:52,493 INFO Head: mr:7283.1 mrr:40.75 hits:46.04
2020-04-01 11:31:52,494 INFO Tail: mr:4992.4 mrr:43.62 hits:48.02
2020-04-01 11:31:52,496 INFO All: mr:6137.7 mrr:42.18 hits:47.03
2020-04-01 11:31:52,501 INFO Improved and model saved
2020-04-01 11:32:12,779 INFO [20.2] Epoch 200: loss = 15.9533
2020-04-01 11:32:32,342 INFO [19.6] Epoch 201: loss = 16.0460
2020-04-01 11:32:50,555 INFO [18.2] Epoch 202: loss = 15.8192
2020-04-01 11:33:09,176 INFO [18.6] Epoch 203: loss = 15.8713
2020-04-01 11:33:29,551 INFO [20.4] Epoch 204: loss = 15.9485
2020-04-01 11:33:48,499 INFO [18.9] Epoch 205: loss = 15.8282
2020-04-01 11:34:08,367 INFO [19.9] Epoch 206: loss = 15.7870
2020-04-01 11:34:28,531 INFO [20.2] Epoch 207: loss = 15.8391
2020-04-01 11:34:46,524 INFO [18.0] Epoch 208: loss = 15.9475
2020-04-01 11:35:05,526 INFO [19.0] Epoch 209: loss = 15.8823
2020-04-01 11:35:05,527 INFO Start Evaling...
2020-04-01 11:35:19,505 INFO Head: mr:7245.6 mrr:40.93 hits:46.31
2020-04-01 11:35:19,505 INFO Tail: mr:4885.9 mrr:43.51 hits:48.06
2020-04-01 11:35:19,505 INFO All: mr:6065.7 mrr:42.22 hits:47.18
2020-04-01 11:35:19,510 INFO Improved and model saved
2020-04-01 11:35:40,477 INFO [20.9] Epoch 210: loss = 15.9133
2020-04-01 11:35:59,985 INFO [19.5] Epoch 211: loss = 15.7292
2020-04-01 11:36:19,609 INFO [19.6] Epoch 212: loss = 15.8925
2020-04-01 11:36:38,453 INFO [18.8] Epoch 213: loss = 15.7331
2020-04-01 11:36:57,528 INFO [19.1] Epoch 214: loss = 16.1179
2020-04-01 11:37:18,340 INFO [20.8] Epoch 215: loss = 15.8227
2020-04-01 11:37:36,848 INFO [18.5] Epoch 216: loss = 15.7287
2020-04-01 11:37:57,719 INFO [20.9] Epoch 217: loss = 15.7752
2020-04-01 11:38:17,593 INFO [19.9] Epoch 218: loss = 15.6500
2020-04-01 11:38:37,372 INFO [19.8] Epoch 219: loss = 15.5698
2020-04-01 11:38:37,372 INFO Start Evaling...
2020-04-01 11:38:54,044 INFO Head: mr:7194.9 mrr:40.94 hits:46.21
2020-04-01 11:38:54,046 INFO Tail: mr:4911.6 mrr:43.67 hits:48.12
2020-04-01 11:38:54,047 INFO All: mr:6053.2 mrr:42.30 hits:47.17
2020-04-01 11:38:54,052 INFO Declined in recent 1 epochs
2020-04-01 11:39:13,323 INFO [19.3] Epoch 220: loss = 15.4769
2020-04-01 11:39:33,296 INFO [20.0] Epoch 221: loss = 15.7403
2020-04-01 11:39:53,167 INFO [19.9] Epoch 222: loss = 15.7798
2020-04-01 11:40:12,883 INFO [19.7] Epoch 223: loss = 15.5689
2020-04-01 11:40:32,480 INFO [19.6] Epoch 224: loss = 15.8879
2020-04-01 11:40:49,958 INFO [17.5] Epoch 225: loss = 15.8003
2020-04-01 11:41:08,449 INFO [18.5] Epoch 226: loss = 15.4910
2020-04-01 11:41:29,335 INFO [20.9] Epoch 227: loss = 15.5268
2020-04-01 11:41:48,634 INFO [19.3] Epoch 228: loss = 15.5480
2020-04-01 11:42:08,200 INFO [19.6] Epoch 229: loss = 15.5695
2020-04-01 11:42:08,200 INFO Start Evaling...
2020-04-01 11:42:24,302 INFO Head: mr:7161.2 mrr:40.69 hits:46.57
2020-04-01 11:42:24,304 INFO Tail: mr:4866.8 mrr:43.53 hits:48.06
2020-04-01 11:42:24,305 INFO All: mr:6014.0 mrr:42.11 hits:47.31
2020-04-01 11:42:24,311 INFO Improved and model saved
2020-04-01 11:42:42,311 INFO [18.0] Epoch 230: loss = 15.5557
2020-04-01 11:43:01,773 INFO [19.5] Epoch 231: loss = 15.4971
2020-04-01 11:43:20,446 INFO [18.7] Epoch 232: loss = 15.5409
2020-04-01 11:43:39,508 INFO [19.1] Epoch 233: loss = 15.5955
2020-04-01 11:43:57,846 INFO [18.3] Epoch 234: loss = 15.5121
2020-04-01 11:44:16,107 INFO [18.3] Epoch 235: loss = 15.7859
2020-04-01 11:44:34,305 INFO [18.2] Epoch 236: loss = 15.4624
2020-04-01 11:44:53,433 INFO [19.1] Epoch 237: loss = 15.5389
2020-04-01 11:45:13,404 INFO [20.0] Epoch 238: loss = 15.6969
2020-04-01 11:45:33,086 INFO [19.7] Epoch 239: loss = 15.4466
2020-04-01 11:45:33,086 INFO Start Evaling...
2020-04-01 11:45:45,246 INFO Head: mr:7097.9 mrr:40.95 hits:46.34
2020-04-01 11:45:45,248 INFO Tail: mr:4806.7 mrr:43.63 hits:48.45
2020-04-01 11:45:45,249 INFO All: mr:5952.3 mrr:42.29 hits:47.40
2020-04-01 11:45:45,254 INFO Improved and model saved
2020-04-01 11:46:02,922 INFO [17.6] Epoch 240: loss = 15.7294
2020-04-01 11:46:23,215 INFO [20.3] Epoch 241: loss = 15.5359
2020-04-01 11:46:43,028 INFO [19.8] Epoch 242: loss = 15.5072
2020-04-01 11:47:02,267 INFO [19.2] Epoch 243: loss = 15.5966
2020-04-01 11:47:21,181 INFO [18.9] Epoch 244: loss = 15.3212
2020-04-01 11:47:40,755 INFO [19.6] Epoch 245: loss = 15.6505
2020-04-01 11:48:00,097 INFO [19.3] Epoch 246: loss = 15.5489
2020-04-01 11:48:21,833 INFO [21.7] Epoch 247: loss = 15.5316
2020-04-01 11:48:40,074 INFO [18.2] Epoch 248: loss = 15.5594
2020-04-01 11:49:00,261 INFO [20.2] Epoch 249: loss = 15.7768
2020-04-01 11:49:00,262 INFO Start Evaling...
2020-04-01 11:49:14,732 INFO Head: mr:6984.0 mrr:41.11 hits:45.78
2020-04-01 11:49:14,732 INFO Tail: mr:4702.6 mrr:43.50 hits:48.62
2020-04-01 11:49:14,732 INFO All: mr:5843.3 mrr:42.31 hits:47.20
2020-04-01 11:49:14,735 INFO Declined in recent 1 epochs
2020-04-01 11:49:33,088 INFO [18.4] Epoch 250: loss = 15.6287
2020-04-01 11:49:52,909 INFO [19.8] Epoch 251: loss = 15.6541
2020-04-01 11:50:12,886 INFO [20.0] Epoch 252: loss = 15.6380
2020-04-01 11:50:32,410 INFO [19.5] Epoch 253: loss = 15.3656
2020-04-01 11:50:50,762 INFO [18.4] Epoch 254: loss = 15.5095
2020-04-01 11:51:10,515 INFO [19.8] Epoch 255: loss = 15.3465
2020-04-01 11:51:29,621 INFO [19.1] Epoch 256: loss = 15.5156
2020-04-01 11:51:49,806 INFO [20.2] Epoch 257: loss = 15.6358
2020-04-01 11:52:09,652 INFO [19.8] Epoch 258: loss = 15.3244
2020-04-01 11:52:30,716 INFO [21.1] Epoch 259: loss = 15.4408
2020-04-01 11:52:30,717 INFO Start Evaling...
2020-04-01 11:52:45,007 INFO Head: mr:6940.3 mrr:40.86 hits:46.18
2020-04-01 11:52:45,008 INFO Tail: mr:4655.7 mrr:43.57 hits:48.55
2020-04-01 11:52:45,010 INFO All: mr:5798.0 mrr:42.21 hits:47.36
2020-04-01 11:52:45,015 INFO Declined in recent 2 epochs
2020-04-01 11:53:04,258 INFO [19.2] Epoch 260: loss = 15.4338
2020-04-01 11:53:25,238 INFO [21.0] Epoch 261: loss = 15.6180
2020-04-01 11:53:43,271 INFO [18.0] Epoch 262: loss = 15.3836
2020-04-01 11:54:04,117 INFO [20.8] Epoch 263: loss = 15.5104
2020-04-01 11:54:24,845 INFO [20.7] Epoch 264: loss = 15.4165
2020-04-01 11:54:42,669 INFO [17.8] Epoch 265: loss = 15.4154
2020-04-01 11:55:01,795 INFO [19.1] Epoch 266: loss = 15.0077
2020-04-01 11:55:20,876 INFO [19.1] Epoch 267: loss = 15.2706
2020-04-01 11:55:39,785 INFO [18.9] Epoch 268: loss = 15.6154
2020-04-01 11:55:59,531 INFO [19.7] Epoch 269: loss = 15.3956
2020-04-01 11:55:59,531 INFO Start Evaling...
2020-04-01 11:56:12,957 INFO Head: mr:6945.0 mrr:40.88 hits:46.24
2020-04-01 11:56:12,957 INFO Tail: mr:4681.5 mrr:43.41 hits:48.45
2020-04-01 11:56:12,957 INFO All: mr:5813.3 mrr:42.14 hits:47.35
2020-04-01 11:56:12,961 INFO Declined in recent 3 epochs
2020-04-01 11:56:32,048 INFO [19.1] Epoch 270: loss = 15.3313
2020-04-01 11:56:50,499 INFO [18.5] Epoch 271: loss = 15.4780
2020-04-01 11:57:08,727 INFO [18.2] Epoch 272: loss = 15.3041
2020-04-01 11:57:27,811 INFO [19.1] Epoch 273: loss = 15.5025
2020-04-01 11:57:46,746 INFO [18.9] Epoch 274: loss = 15.3485
2020-04-01 11:58:05,235 INFO [18.5] Epoch 275: loss = 15.2503
2020-04-01 11:58:24,926 INFO [19.7] Epoch 276: loss = 15.4989
2020-04-01 11:58:43,298 INFO [18.4] Epoch 277: loss = 15.2362
2020-04-01 11:59:03,661 INFO [20.4] Epoch 278: loss = 15.1980
2020-04-01 11:59:22,533 INFO [18.9] Epoch 279: loss = 15.4618
2020-04-01 11:59:22,533 INFO Start Evaling...
2020-04-01 11:59:35,943 INFO Head: mr:6949.3 mrr:40.60 hits:46.41
2020-04-01 11:59:35,945 INFO Tail: mr:4650.7 mrr:43.58 hits:48.32
2020-04-01 11:59:35,946 INFO All: mr:5800.0 mrr:42.09 hits:47.36
2020-04-01 11:59:35,952 INFO Declined in recent 4 epochs
2020-04-01 11:59:54,604 INFO [18.7] Epoch 280: loss = 15.4809
2020-04-01 12:00:13,570 INFO [19.0] Epoch 281: loss = 15.3844
2020-04-01 12:00:33,300 INFO [19.7] Epoch 282: loss = 15.3290
2020-04-01 12:00:51,287 INFO [18.0] Epoch 283: loss = 15.4370
2020-04-01 12:01:08,947 INFO [17.7] Epoch 284: loss = 15.4809
2020-04-01 12:01:27,315 INFO [18.4] Epoch 285: loss = 15.4214
2020-04-01 12:01:46,474 INFO [19.2] Epoch 286: loss = 15.4286
2020-04-01 12:02:07,016 INFO [20.5] Epoch 287: loss = 15.2279
2020-04-01 12:02:25,047 INFO [18.0] Epoch 288: loss = 15.3281
2020-04-01 12:02:45,815 INFO [20.8] Epoch 289: loss = 15.4196
2020-04-01 12:02:45,815 INFO Start Evaling...
2020-04-01 12:02:59,505 INFO Head: mr:6860.3 mrr:40.72 hits:46.11
2020-04-01 12:02:59,508 INFO Tail: mr:4582.2 mrr:43.86 hits:48.71
2020-04-01 12:02:59,509 INFO All: mr:5721.3 mrr:42.29 hits:47.41
2020-04-01 12:02:59,514 INFO Improved and model saved
2020-04-01 12:03:18,427 INFO [18.9] Epoch 290: loss = 15.0913
2020-04-01 12:03:36,818 INFO [18.4] Epoch 291: loss = 15.1780
2020-04-01 12:03:57,437 INFO [20.6] Epoch 292: loss = 15.2119
2020-04-01 12:04:14,989 INFO [17.6] Epoch 293: loss = 15.2026
2020-04-01 12:04:33,072 INFO [18.1] Epoch 294: loss = 15.2565
2020-04-01 12:04:51,546 INFO [18.5] Epoch 295: loss = 15.4524
2020-04-01 12:05:12,764 INFO [21.2] Epoch 296: loss = 15.2429
2020-04-01 12:05:32,456 INFO [19.7] Epoch 297: loss = 15.1942
2020-04-01 12:05:50,984 INFO [18.5] Epoch 298: loss = 15.2438
2020-04-01 12:06:09,207 INFO [18.2] Epoch 299: loss = 15.2992
2020-04-01 12:06:09,207 INFO Start Evaling...
2020-04-01 12:06:23,172 INFO Head: mr:6842.6 mrr:40.69 hits:46.44
2020-04-01 12:06:23,175 INFO Tail: mr:4542.2 mrr:43.71 hits:48.55
2020-04-01 12:06:23,175 INFO All: mr:5692.4 mrr:42.20 hits:47.50
2020-04-01 12:06:23,179 INFO Improved and model saved
2020-04-01 12:06:40,877 INFO [17.7] Epoch 300: loss = 15.4619
2020-04-01 12:06:59,675 INFO [18.8] Epoch 301: loss = 15.2800
2020-04-01 12:07:17,701 INFO [18.0] Epoch 302: loss = 15.2562
2020-04-01 12:07:35,173 INFO [17.5] Epoch 303: loss = 15.4085
2020-04-01 12:07:53,547 INFO [18.4] Epoch 304: loss = 15.2793
2020-04-01 12:08:12,385 INFO [18.8] Epoch 305: loss = 15.1529
2020-04-01 12:08:33,543 INFO [21.2] Epoch 306: loss = 15.3116
2020-04-01 12:08:52,368 INFO [18.8] Epoch 307: loss = 15.3712
2020-04-01 12:09:10,647 INFO [18.3] Epoch 308: loss = 15.3702
2020-04-01 12:09:28,081 INFO [17.4] Epoch 309: loss = 15.2685
2020-04-01 12:09:28,081 INFO Start Evaling...
2020-04-01 12:09:41,777 INFO Head: mr:6889.6 mrr:40.65 hits:46.24
2020-04-01 12:09:41,778 INFO Tail: mr:4589.1 mrr:43.54 hits:48.65
2020-04-01 12:09:41,780 INFO All: mr:5739.3 mrr:42.10 hits:47.45
2020-04-01 12:09:41,786 INFO Declined in recent 1 epochs
2020-04-01 12:09:59,579 INFO [17.8] Epoch 310: loss = 15.5025
2020-04-01 12:10:18,721 INFO [19.1] Epoch 311: loss = 15.2339
2020-04-01 12:10:37,303 INFO [18.6] Epoch 312: loss = 15.3715
2020-04-01 12:10:56,074 INFO [18.8] Epoch 313: loss = 15.3377
2020-04-01 12:11:12,751 INFO [16.7] Epoch 314: loss = 15.2847
2020-04-01 12:11:31,119 INFO [18.4] Epoch 315: loss = 15.3136
2020-04-01 12:11:51,569 INFO [20.4] Epoch 316: loss = 15.2631
2020-04-01 12:12:10,394 INFO [18.8] Epoch 317: loss = 15.3599
2020-04-01 12:12:28,117 INFO [17.7] Epoch 318: loss = 15.1551
2020-04-01 12:12:47,796 INFO [19.7] Epoch 319: loss = 15.5850
2020-04-01 12:12:47,796 INFO Start Evaling...
2020-04-01 12:13:00,232 INFO Head: mr:6819.6 mrr:40.72 hits:46.34
2020-04-01 12:13:00,236 INFO Tail: mr:4500.9 mrr:43.77 hits:48.52
2020-04-01 12:13:00,236 INFO All: mr:5660.2 mrr:42.25 hits:47.43
2020-04-01 12:13:00,240 INFO Declined in recent 2 epochs
2020-04-01 12:13:18,395 INFO [18.2] Epoch 320: loss = 15.1792
2020-04-01 12:13:37,642 INFO [19.2] Epoch 321: loss = 15.2069
2020-04-01 12:13:56,338 INFO [18.7] Epoch 322: loss = 15.5453
2020-04-01 12:14:14,886 INFO [18.5] Epoch 323: loss = 15.3074
2020-04-01 12:14:33,064 INFO [18.2] Epoch 324: loss = 15.1496
2020-04-01 12:14:51,922 INFO [18.9] Epoch 325: loss = 15.3402
2020-04-01 12:15:11,196 INFO [19.3] Epoch 326: loss = 15.4470
2020-04-01 12:15:29,408 INFO [18.2] Epoch 327: loss = 15.0921
2020-04-01 12:15:48,276 INFO [18.9] Epoch 328: loss = 15.4200
2020-04-01 12:16:06,086 INFO [17.8] Epoch 329: loss = 15.2253
2020-04-01 12:16:06,087 INFO Start Evaling...
2020-04-01 12:16:18,564 INFO Head: mr:6798.9 mrr:40.63 hits:45.98
2020-04-01 12:16:18,565 INFO Tail: mr:4505.0 mrr:43.56 hits:48.78
2020-04-01 12:16:18,565 INFO All: mr:5651.9 mrr:42.09 hits:47.38
2020-04-01 12:16:18,570 INFO Declined in recent 3 epochs
2020-04-01 12:16:35,428 INFO [16.9] Epoch 330: loss = 15.3993
2020-04-01 12:16:53,520 INFO [18.1] Epoch 331: loss = 15.3436
2020-04-01 12:17:12,215 INFO [18.7] Epoch 332: loss = 15.1565
2020-04-01 12:17:29,455 INFO [17.2] Epoch 333: loss = 15.3460
2020-04-01 12:17:47,454 INFO [18.0] Epoch 334: loss = 15.0995
2020-04-01 12:18:06,567 INFO [19.1] Epoch 335: loss = 14.8577
2020-04-01 12:18:24,597 INFO [18.0] Epoch 336: loss = 15.3743
2020-04-01 12:18:42,579 INFO [18.0] Epoch 337: loss = 15.2382
2020-04-01 12:19:00,569 INFO [18.0] Epoch 338: loss = 15.2736
2020-04-01 12:19:18,496 INFO [17.9] Epoch 339: loss = 15.3187
2020-04-01 12:19:18,497 INFO Start Evaling...
2020-04-01 12:19:31,790 INFO Head: mr:6781.3 mrr:40.70 hits:46.67
2020-04-01 12:19:31,792 INFO Tail: mr:4491.8 mrr:43.82 hits:49.04
2020-04-01 12:19:31,793 INFO All: mr:5636.5 mrr:42.26 hits:47.86
2020-04-01 12:19:31,799 INFO Improved and model saved
2020-04-01 12:19:49,858 INFO [18.0] Epoch 340: loss = 15.2926
2020-04-01 12:20:08,095 INFO [18.2] Epoch 341: loss = 15.4334
2020-04-01 12:20:26,528 INFO [18.4] Epoch 342: loss = 15.2126
2020-04-01 12:20:44,604 INFO [18.1] Epoch 343: loss = 15.3023
2020-04-01 12:21:02,630 INFO [18.0] Epoch 344: loss = 15.2285
2020-04-01 12:21:22,008 INFO [19.4] Epoch 345: loss = 15.2335
2020-04-01 12:21:40,146 INFO [18.1] Epoch 346: loss = 15.2635
2020-04-01 12:21:58,207 INFO [18.1] Epoch 347: loss = 15.1973
2020-04-01 12:22:17,272 INFO [19.1] Epoch 348: loss = 15.0242
2020-04-01 12:22:35,516 INFO [18.2] Epoch 349: loss = 15.2955
2020-04-01 12:22:35,517 INFO Start Evaling...
2020-04-01 12:22:49,243 INFO Head: mr:6794.4 mrr:40.82 hits:46.97
2020-04-01 12:22:49,245 INFO Tail: mr:4524.8 mrr:43.82 hits:48.81
2020-04-01 12:22:49,246 INFO All: mr:5659.6 mrr:42.32 hits:47.89
2020-04-01 12:22:49,251 INFO Improved and model saved
2020-04-01 12:23:07,638 INFO [18.3] Epoch 350: loss = 15.2502
2020-04-01 12:23:25,579 INFO [17.9] Epoch 351: loss = 15.2639
2020-04-01 12:23:44,287 INFO [18.7] Epoch 352: loss = 14.9534
2020-04-01 12:24:02,080 INFO [17.8] Epoch 353: loss = 15.3444
2020-04-01 12:24:19,797 INFO [17.7] Epoch 354: loss = 15.2821
2020-04-01 12:24:38,318 INFO [18.5] Epoch 355: loss = 15.4182
2020-04-01 12:24:57,520 INFO [19.2] Epoch 356: loss = 15.4138
2020-04-01 12:25:15,622 INFO [18.1] Epoch 357: loss = 15.2320
2020-04-01 12:25:33,159 INFO [17.5] Epoch 358: loss = 15.3516
2020-04-01 12:25:50,850 INFO [17.7] Epoch 359: loss = 15.2397
2020-04-01 12:25:50,851 INFO Start Evaling...
2020-04-01 12:26:03,607 INFO Head: mr:6776.0 mrr:40.71 hits:47.20
2020-04-01 12:26:03,609 INFO Tail: mr:4464.0 mrr:43.77 hits:48.75
2020-04-01 12:26:03,611 INFO All: mr:5620.0 mrr:42.24 hits:47.97
2020-04-01 12:26:03,616 INFO Improved and model saved
2020-04-01 12:26:20,840 INFO [17.2] Epoch 360: loss = 15.0873
2020-04-01 12:26:39,572 INFO [18.7] Epoch 361: loss = 15.2666
2020-04-01 12:26:59,649 INFO [20.1] Epoch 362: loss = 15.3732
2020-04-01 12:27:18,489 INFO [18.8] Epoch 363: loss = 15.1935
2020-04-01 12:27:38,302 INFO [19.8] Epoch 364: loss = 15.5284
2020-04-01 12:27:55,578 INFO [17.3] Epoch 365: loss = 15.3298
2020-04-01 12:28:14,510 INFO [18.9] Epoch 366: loss = 15.0128
2020-04-01 12:28:32,246 INFO [17.7] Epoch 367: loss = 15.5837
2020-04-01 12:28:51,071 INFO [18.8] Epoch 368: loss = 15.3987
2020-04-01 12:29:08,808 INFO [17.7] Epoch 369: loss = 15.4472
2020-04-01 12:29:08,809 INFO Start Evaling...
2020-04-01 12:29:20,494 INFO Head: mr:6673.5 mrr:41.08 hits:46.57
2020-04-01 12:29:20,495 INFO Tail: mr:4423.2 mrr:43.75 hits:49.11
2020-04-01 12:29:20,495 INFO All: mr:5548.3 mrr:42.42 hits:47.84
2020-04-01 12:29:20,499 INFO Declined in recent 1 epochs
2020-04-01 12:29:40,138 INFO [19.6] Epoch 370: loss = 15.4680
2020-04-01 12:29:58,350 INFO [18.2] Epoch 371: loss = 15.4765
2020-04-01 12:30:17,364 INFO [19.0] Epoch 372: loss = 15.3275
2020-04-01 12:30:35,695 INFO [18.3] Epoch 373: loss = 15.0950
2020-04-01 12:30:54,410 INFO [18.7] Epoch 374: loss = 15.7230
2020-04-01 12:31:12,519 INFO [18.1] Epoch 375: loss = 15.2502
2020-04-01 12:31:31,202 INFO [18.7] Epoch 376: loss = 15.0973
2020-04-01 12:31:49,168 INFO [18.0] Epoch 377: loss = 15.1423
2020-04-01 12:32:07,155 INFO [18.0] Epoch 378: loss = 15.3550
2020-04-01 12:32:26,144 INFO [19.0] Epoch 379: loss = 15.1715
2020-04-01 12:32:26,145 INFO Start Evaling...
2020-04-01 12:32:36,502 INFO Head: mr:6671.7 mrr:40.87 hits:46.57
2020-04-01 12:32:36,503 INFO Tail: mr:4467.4 mrr:43.62 hits:48.55
2020-04-01 12:32:36,505 INFO All: mr:5569.5 mrr:42.25 hits:47.56
2020-04-01 12:32:36,510 INFO Declined in recent 2 epochs
2020-04-01 12:32:55,326 INFO [18.8] Epoch 380: loss = 15.1705
2020-04-01 12:33:13,412 INFO [18.1] Epoch 381: loss = 15.2136
2020-04-01 12:33:33,411 INFO [20.0] Epoch 382: loss = 15.3357
2020-04-01 12:33:52,332 INFO [18.9] Epoch 383: loss = 15.4982
2020-04-01 12:34:10,463 INFO [18.1] Epoch 384: loss = 15.4966
2020-04-01 12:34:28,090 INFO [17.6] Epoch 385: loss = 15.3111
2020-04-01 12:34:46,912 INFO [18.8] Epoch 386: loss = 15.4282
2020-04-01 12:35:05,313 INFO [18.4] Epoch 387: loss = 15.5596
2020-04-01 12:35:24,557 INFO [19.2] Epoch 388: loss = 15.3464
2020-04-01 12:35:42,600 INFO [18.0] Epoch 389: loss = 15.3259
2020-04-01 12:35:42,600 INFO Start Evaling...
2020-04-01 12:35:56,340 INFO Head: mr:6618.4 mrr:40.97 hits:46.93
2020-04-01 12:35:56,341 INFO Tail: mr:4429.6 mrr:43.73 hits:49.04
2020-04-01 12:35:56,343 INFO All: mr:5524.0 mrr:42.35 hits:47.99
2020-04-01 12:35:56,348 INFO Improved and model saved
2020-04-01 12:36:14,413 INFO [18.0] Epoch 390: loss = 15.1696
2020-04-01 12:36:32,798 INFO [18.4] Epoch 391: loss = 15.1260
2020-04-01 12:36:54,239 INFO [21.4] Epoch 392: loss = 15.2285
2020-04-01 12:37:14,875 INFO [20.6] Epoch 393: loss = 15.4547
2020-04-01 12:37:32,115 INFO [17.2] Epoch 394: loss = 15.1631
2020-04-01 12:37:50,381 INFO [18.3] Epoch 395: loss = 15.3763
2020-04-01 12:38:07,617 INFO [17.2] Epoch 396: loss = 15.5412
2020-04-01 12:38:25,146 INFO [17.5] Epoch 397: loss = 15.3218
2020-04-01 12:38:43,154 INFO [18.0] Epoch 398: loss = 15.2808
2020-04-01 12:39:01,036 INFO [17.9] Epoch 399: loss = 15.4102
2020-04-01 12:39:01,036 INFO Start Evaling...
2020-04-01 12:39:14,049 INFO Head: mr:6510.1 mrr:41.06 hits:46.70
2020-04-01 12:39:14,053 INFO Tail: mr:4366.8 mrr:44.18 hits:49.47
2020-04-01 12:39:14,054 INFO All: mr:5438.5 mrr:42.62 hits:48.09
2020-04-01 12:39:14,059 INFO Improved and model saved
2020-04-01 12:39:31,464 INFO [17.4] Epoch 400: loss = 15.4127
2020-04-01 12:39:50,398 INFO [18.9] Epoch 401: loss = 15.4105
2020-04-01 12:40:09,938 INFO [19.5] Epoch 402: loss = 15.3553
2020-04-01 12:40:27,030 INFO [17.1] Epoch 403: loss = 15.4868
2020-04-01 12:40:44,856 INFO [17.8] Epoch 404: loss = 15.7200
2020-04-01 12:41:04,084 INFO [19.2] Epoch 405: loss = 15.4713
2020-04-01 12:41:22,556 INFO [18.5] Epoch 406: loss = 15.4691
2020-04-01 12:41:40,367 INFO [17.8] Epoch 407: loss = 15.4708
2020-04-01 12:41:58,728 INFO [18.4] Epoch 408: loss = 15.3564
2020-04-01 12:42:17,269 INFO [18.5] Epoch 409: loss = 15.4600
2020-04-01 12:42:17,269 INFO Start Evaling...
2020-04-01 12:42:30,512 INFO Head: mr:6484.8 mrr:41.19 hits:47.03
2020-04-01 12:42:30,512 INFO Tail: mr:4312.1 mrr:44.05 hits:49.01
2020-04-01 12:42:30,512 INFO All: mr:5398.5 mrr:42.62 hits:48.02
2020-04-01 12:42:30,519 INFO Declined in recent 1 epochs
2020-04-01 12:42:47,215 INFO [16.7] Epoch 410: loss = 15.3619
2020-04-01 12:43:05,329 INFO [18.1] Epoch 411: loss = 15.2021
2020-04-01 12:43:23,610 INFO [18.3] Epoch 412: loss = 15.3111
2020-04-01 12:43:41,081 INFO [17.5] Epoch 413: loss = 15.4796
2020-04-01 12:43:58,902 INFO [17.8] Epoch 414: loss = 15.3836
2020-04-01 12:44:16,707 INFO [17.8] Epoch 415: loss = 15.3389
2020-04-01 12:44:33,974 INFO [17.3] Epoch 416: loss = 15.2359
2020-04-01 12:44:51,254 INFO [17.3] Epoch 417: loss = 15.2079
2020-04-01 12:45:09,335 INFO [18.1] Epoch 418: loss = 15.6272
2020-04-01 12:45:27,254 INFO [17.9] Epoch 419: loss = 15.0708
2020-04-01 12:45:27,255 INFO Start Evaling...
2020-04-01 12:45:40,502 INFO Head: mr:6479.6 mrr:40.99 hits:46.74
2020-04-01 12:45:40,503 INFO Tail: mr:4369.9 mrr:44.26 hits:49.01
2020-04-01 12:45:40,505 INFO All: mr:5424.7 mrr:42.63 hits:47.87
2020-04-01 12:45:40,510 INFO Declined in recent 2 epochs
2020-04-01 12:45:57,990 INFO [17.5] Epoch 420: loss = 15.4104
2020-04-01 12:46:16,288 INFO [18.3] Epoch 421: loss = 15.3447
2020-04-01 12:46:35,939 INFO [19.7] Epoch 422: loss = 15.5884
2020-04-01 12:46:54,613 INFO [18.7] Epoch 423: loss = 15.4821
2020-04-01 12:47:12,734 INFO [18.1] Epoch 424: loss = 15.5313
2020-04-01 12:47:30,404 INFO [17.7] Epoch 425: loss = 15.2234
2020-04-01 12:47:47,458 INFO [17.1] Epoch 426: loss = 15.5864
2020-04-01 12:48:05,628 INFO [18.2] Epoch 427: loss = 15.2794
2020-04-01 12:48:23,956 INFO [18.3] Epoch 428: loss = 15.5260
2020-04-01 12:48:41,735 INFO [17.8] Epoch 429: loss = 15.6186
2020-04-01 12:48:41,736 INFO Start Evaling...
2020-04-01 12:48:54,430 INFO Head: mr:6438.0 mrr:40.82 hits:46.93
2020-04-01 12:48:54,432 INFO Tail: mr:4340.9 mrr:43.89 hits:48.88
2020-04-01 12:48:54,434 INFO All: mr:5389.4 mrr:42.35 hits:47.91
2020-04-01 12:48:54,438 INFO Declined in recent 3 epochs
2020-04-01 12:49:12,738 INFO [18.3] Epoch 430: loss = 15.2434
2020-04-01 12:49:30,712 INFO [18.0] Epoch 431: loss = 15.4610
2020-04-01 12:49:51,086 INFO [20.4] Epoch 432: loss = 15.4182
2020-04-01 12:50:09,173 INFO [18.1] Epoch 433: loss = 15.3426
2020-04-01 12:50:27,535 INFO [18.4] Epoch 434: loss = 15.6720
2020-04-01 12:50:45,814 INFO [18.3] Epoch 435: loss = 15.2479
2020-04-01 12:51:04,346 INFO [18.5] Epoch 436: loss = 15.7517
2020-04-01 12:51:24,157 INFO [19.8] Epoch 437: loss = 15.2654
2020-04-01 12:51:41,238 INFO [17.1] Epoch 438: loss = 15.3846
2020-04-01 12:51:59,037 INFO [17.8] Epoch 439: loss = 15.4228
2020-04-01 12:51:59,037 INFO Start Evaling...
2020-04-01 12:52:11,801 INFO Head: mr:6467.0 mrr:40.86 hits:46.61
2020-04-01 12:52:11,803 INFO Tail: mr:4346.6 mrr:43.85 hits:49.01
2020-04-01 12:52:11,804 INFO All: mr:5406.8 mrr:42.35 hits:47.81
2020-04-01 12:52:11,810 INFO Declined in recent 4 epochs
2020-04-01 12:52:31,498 INFO [19.7] Epoch 440: loss = 15.4491
2020-04-01 12:52:48,758 INFO [17.3] Epoch 441: loss = 15.6164
2020-04-01 12:53:07,688 INFO [18.9] Epoch 442: loss = 15.2835
2020-04-01 12:53:24,203 INFO [16.5] Epoch 443: loss = 15.5301
2020-04-01 12:53:42,346 INFO [18.1] Epoch 444: loss = 15.3802
2020-04-01 12:53:59,948 INFO [17.6] Epoch 445: loss = 15.4023
2020-04-01 12:54:17,572 INFO [17.6] Epoch 446: loss = 15.5494
2020-04-01 12:54:36,286 INFO [18.7] Epoch 447: loss = 15.5175
2020-04-01 12:54:54,804 INFO [18.5] Epoch 448: loss = 15.4690
2020-04-01 12:55:12,364 INFO [17.6] Epoch 449: loss = 15.0942
2020-04-01 12:55:12,365 INFO Start Evaling...
2020-04-01 12:55:24,108 INFO Head: mr:6467.5 mrr:40.88 hits:46.74
2020-04-01 12:55:24,110 INFO Tail: mr:4319.9 mrr:43.75 hits:49.01
2020-04-01 12:55:24,111 INFO All: mr:5393.7 mrr:42.32 hits:47.87
2020-04-01 12:55:24,116 INFO Declined in recent 5 epochs
2020-04-01 12:55:24,118 INFO Early stopping
2020-04-01 12:55:24,119 INFO Train done
2020-04-01 12:55:24,129 INFO Start Evaling...
2020-04-01 12:55:34,532 INFO Head: mr:6716.4 mrr:40.38 hits:46.55
2020-04-01 12:55:34,536 INFO Tail: mr:4269.9 mrr:44.08 hits:49.33
2020-04-01 12:55:34,537 INFO All: mr:5493.2 mrr:42.23 hits:47.94
