2020-05-23 22:08:34,699 INFO EPOCH: 1000
2020-05-23 22:08:34,699 INFO EVERY: 10
2020-05-23 22:08:34,699 INFO LR: 0.001
2020-05-23 22:08:34,699 INFO DIM: 100
2020-05-23 22:08:34,699 INFO BATCH_SIZE: 256
2020-05-23 22:08:34,699 INFO BATCH_SIZE2: 100
2020-05-23 22:08:34,699 INFO P: 1
2020-05-23 22:08:34,699 INFO CLIPPING_MAX_VALUE: 4.0
2020-05-23 22:08:34,699 INFO OPTIM: Adam
2020-05-23 22:08:34,700 INFO N_SAMPLE: 200
2020-05-23 22:08:34,700 INFO MODE: rand
2020-05-23 22:08:34,700 INFO RATE: 0.1
2020-05-23 22:08:34,700 INFO GAMMA: 12.0
2020-05-23 22:08:34,700 INFO BERN: True
2020-05-23 22:08:34,700 INFO MARGIN: 4.0
2020-05-23 22:08:34,700 INFO REG: 1.0
2020-05-23 22:08:34,700 INFO LABEL_SMOOTH_EPS: 0.1
2020-05-23 22:08:34,700 INFO INPUT_DROP: 0.2
2020-05-23 22:08:34,700 INFO FEAT_DROP: 0.2
2020-05-23 22:08:34,700 INFO HIDD_DROP: 0.3
2020-05-23 22:08:34,700 INFO CHANNELS: 50
2020-05-23 22:08:34,701 INFO KERNEL_SIZE: 3
2020-05-23 22:08:34,701 INFO N_POOL: 100
2020-05-23 22:08:34,701 INFO MODEL_D: TransH
2020-05-23 22:08:34,701 INFO MODEL_G: DistMult
2020-05-23 22:08:34,701 INFO SCRATCH: False
2020-05-23 22:08:34,701 INFO D_FILE: None
2020-05-23 22:08:34,701 INFO G_FILE: None
2020-05-23 22:08:34,701 INFO PATH: data
2020-05-23 22:08:34,701 INFO DATA: WN18RR
2020-05-23 22:08:34,701 INFO EXP_PATH: experiment/WN18RR
2020-05-23 22:08:34,701 INFO MODEL: DistMult
2020-05-23 22:08:34,701 INFO V: 200.0
2020-05-23 22:08:34,702 INFO F: True
2020-05-23 22:08:34,702 INFO ADV: False
2020-05-23 22:08:34,702 INFO EVAL: False
2020-05-23 22:08:34,702 INFO TRAINED: True
2020-05-23 22:08:34,702 INFO PRETRAINED_NAME: DistMult-WN18RR-rand-100.0
2020-05-23 22:08:34,702 INFO EXP_NAME: DistMult-WN18RR-rand-200.0
2020-05-23 22:08:34,702 INFO --------------------------------------
2020-05-23 22:08:37,210 INFO Dataload done
2020-05-23 22:08:37,211 INFO --------------------------------------
2020-05-23 22:08:37,211 INFO N_ENTITY: 40943
2020-05-23 22:08:37,211 INFO N_RELATION: 11
2020-05-23 22:08:37,211 INFO --------------------------------------
2020-05-23 22:08:40,641 INFO Start Training...
2020-05-23 22:09:32,925 INFO [52.3] Epoch 0: loss = 16.8936
2020-05-23 22:10:25,607 INFO [52.7] Epoch 1: loss = 20.6326
2020-05-23 22:11:18,219 INFO [52.6] Epoch 2: loss = 22.2243
2020-05-23 22:12:10,287 INFO [52.1] Epoch 3: loss = 21.6908
2020-05-23 22:13:02,759 INFO [52.5] Epoch 4: loss = 20.7076
2020-05-23 22:13:55,283 INFO [52.5] Epoch 5: loss = 19.5438
2020-05-23 22:14:47,868 INFO [52.6] Epoch 6: loss = 18.5589
2020-05-23 22:15:40,004 INFO [52.1] Epoch 7: loss = 17.6786
2020-05-23 22:16:32,609 INFO [52.6] Epoch 8: loss = 17.0301
2020-05-23 22:17:25,145 INFO [52.5] Epoch 9: loss = 16.3055
2020-05-23 22:17:25,146 INFO Start Evaling...
2020-05-23 22:18:23,528 INFO Head: mr:6779.0 mrr:39.86 hits10:45.32 hits3:40.84 hits1:36.98
2020-05-23 22:18:23,529 INFO Tail: mr:3572.0 mrr:44.40 hits10:50.07 hits3:45.98 hits1:41.07
2020-05-23 22:18:23,529 INFO All: mr:5175.5 mrr:42.13 hits10:47.69 hits3:43.41 hits1:39.02
2020-05-23 22:18:23,531 INFO Start Evaling...
2020-05-23 22:19:23,525 INFO Head: mr:6645.8 mrr:39.11 hits10:44.45 hits3:39.98 hits1:36.34
2020-05-23 22:19:23,525 INFO Tail: mr:3337.9 mrr:44.60 hits10:51.31 hits3:46.43 hits1:40.91
2020-05-23 22:19:23,525 INFO All: mr:4991.8 mrr:41.86 hits10:47.88 hits3:43.20 hits1:38.62
2020-05-23 22:19:23,527 INFO Improved and model saved
2020-05-23 22:20:16,814 INFO [53.3] Epoch 10: loss = 15.7905
2020-05-23 22:21:09,493 INFO [52.7] Epoch 11: loss = 15.4066
2020-05-23 22:22:02,698 INFO [53.2] Epoch 12: loss = 15.2276
2020-05-23 22:22:55,893 INFO [53.2] Epoch 13: loss = 14.9482
2020-05-23 22:23:49,240 INFO [53.3] Epoch 14: loss = 14.6715
2020-05-23 22:24:42,590 INFO [53.3] Epoch 15: loss = 14.6207
2020-05-23 22:25:35,336 INFO [52.7] Epoch 16: loss = 14.2389
2020-05-23 22:26:28,545 INFO [53.2] Epoch 17: loss = 14.2277
2020-05-23 22:27:21,551 INFO [53.0] Epoch 18: loss = 14.2292
2020-05-23 22:28:14,854 INFO [53.3] Epoch 19: loss = 13.9932
2020-05-23 22:28:14,854 INFO Start Evaling...
2020-05-23 22:29:13,050 INFO Head: mr:6777.6 mrr:40.40 hits10:45.78 hits3:41.50 hits1:37.48
2020-05-23 22:29:13,051 INFO Tail: mr:3544.9 mrr:44.80 hits10:50.16 hits3:46.74 hits1:41.43
2020-05-23 22:29:13,051 INFO All: mr:5161.3 mrr:42.60 hits10:47.97 hits3:44.12 hits1:39.45
2020-05-23 22:29:13,053 INFO Start Evaling...
2020-05-23 22:30:12,876 INFO Head: mr:6636.4 mrr:39.48 hits10:45.31 hits3:40.30 hits1:36.44
2020-05-23 22:30:12,876 INFO Tail: mr:3296.9 mrr:45.22 hits10:51.63 hits3:46.68 hits1:41.77
2020-05-23 22:30:12,876 INFO All: mr:4966.7 mrr:42.35 hits10:48.47 hits3:43.49 hits1:39.10
2020-05-23 22:30:12,878 INFO Improved and model saved
2020-05-23 22:31:05,569 INFO [52.7] Epoch 20: loss = 14.0039
2020-05-23 22:31:58,618 INFO [53.0] Epoch 21: loss = 13.8180
2020-05-23 22:32:51,791 INFO [53.2] Epoch 22: loss = 13.7966
2020-05-23 22:33:45,077 INFO [53.3] Epoch 23: loss = 13.8214
2020-05-23 22:34:37,605 INFO [52.5] Epoch 24: loss = 13.7512
2020-05-23 22:35:30,069 INFO [52.5] Epoch 25: loss = 13.7479
2020-05-23 22:36:22,695 INFO [52.6] Epoch 26: loss = 13.4644
2020-05-23 22:37:15,404 INFO [52.7] Epoch 27: loss = 13.7284
2020-05-23 22:38:07,513 INFO [52.1] Epoch 28: loss = 13.5348
2020-05-23 22:39:00,080 INFO [52.6] Epoch 29: loss = 13.4959
2020-05-23 22:39:00,080 INFO Start Evaling...
2020-05-23 22:39:58,286 INFO Head: mr:6642.5 mrr:40.17 hits10:45.98 hits3:41.33 hits1:37.21
2020-05-23 22:39:58,286 INFO Tail: mr:3493.6 mrr:44.82 hits10:50.30 hits3:46.21 hits1:41.69
2020-05-23 22:39:58,286 INFO All: mr:5068.0 mrr:42.50 hits10:48.14 hits3:43.77 hits1:39.45
2020-05-23 22:39:58,288 INFO Start Evaling...
2020-05-23 22:40:58,120 INFO Head: mr:6614.9 mrr:39.69 hits10:45.44 hits3:40.68 hits1:36.73
2020-05-23 22:40:58,120 INFO Tail: mr:3295.2 mrr:45.35 hits10:52.58 hits3:47.03 hits1:41.61
2020-05-23 22:40:58,120 INFO All: mr:4955.0 mrr:42.52 hits10:49.01 hits3:43.86 hits1:39.17
2020-05-23 22:40:58,122 INFO Declined in recent 1 epochs
2020-05-23 22:41:50,992 INFO [52.9] Epoch 30: loss = 13.5538
2020-05-23 22:42:44,155 INFO [53.2] Epoch 31: loss = 13.6873
2020-05-23 22:43:37,184 INFO [53.0] Epoch 32: loss = 13.5679
2020-05-23 22:44:30,176 INFO [53.0] Epoch 33: loss = 13.4693
2020-05-23 22:45:23,060 INFO [52.9] Epoch 34: loss = 13.5175
2020-05-23 22:46:16,190 INFO [53.1] Epoch 35: loss = 13.5352
2020-05-23 22:47:09,260 INFO [53.1] Epoch 36: loss = 13.6878
2020-05-23 22:48:02,435 INFO [53.2] Epoch 37: loss = 13.5737
2020-05-23 22:48:54,790 INFO [52.4] Epoch 38: loss = 13.5687
2020-05-23 22:49:47,790 INFO [53.0] Epoch 39: loss = 13.4637
2020-05-23 22:49:47,791 INFO Start Evaling...
2020-05-23 22:50:46,170 INFO Head: mr:6658.8 mrr:40.05 hits10:46.24 hits3:41.10 hits1:36.98
2020-05-23 22:50:46,171 INFO Tail: mr:3549.4 mrr:44.78 hits10:51.09 hits3:46.41 hits1:41.20
2020-05-23 22:50:46,171 INFO All: mr:5104.1 mrr:42.41 hits10:48.67 hits3:43.75 hits1:39.09
2020-05-23 22:50:46,173 INFO Start Evaling...
2020-05-23 22:51:46,187 INFO Head: mr:6525.3 mrr:39.19 hits10:45.66 hits3:40.33 hits1:35.77
2020-05-23 22:51:46,188 INFO Tail: mr:3221.5 mrr:45.35 hits10:51.88 hits3:47.54 hits1:41.54
2020-05-23 22:51:46,188 INFO All: mr:4873.4 mrr:42.27 hits10:48.77 hits3:43.94 hits1:38.66
2020-05-23 22:51:46,190 INFO Declined in recent 2 epochs
2020-05-23 22:52:38,844 INFO [52.7] Epoch 40: loss = 13.6010
2020-05-23 22:53:31,514 INFO [52.7] Epoch 41: loss = 13.4364
2020-05-23 22:54:23,567 INFO [52.1] Epoch 42: loss = 13.3173
2020-05-23 22:55:16,185 INFO [52.6] Epoch 43: loss = 13.5789
2020-05-23 22:56:08,956 INFO [52.8] Epoch 44: loss = 13.3583
2020-05-23 22:57:01,534 INFO [52.6] Epoch 45: loss = 13.5103
2020-05-23 22:57:53,640 INFO [52.1] Epoch 46: loss = 13.4270
2020-05-23 22:58:46,120 INFO [52.5] Epoch 47: loss = 13.3719
2020-05-23 22:59:38,721 INFO [52.6] Epoch 48: loss = 13.3123
2020-05-23 23:00:31,394 INFO [52.7] Epoch 49: loss = 13.5026
2020-05-23 23:00:31,394 INFO Start Evaling...
2020-05-23 23:01:29,764 INFO Head: mr:6617.3 mrr:40.12 hits10:45.98 hits3:40.97 hits1:37.08
2020-05-23 23:01:29,765 INFO Tail: mr:3552.1 mrr:45.08 hits10:50.86 hits3:47.13 hits1:41.60
2020-05-23 23:01:29,765 INFO All: mr:5084.7 mrr:42.60 hits10:48.42 hits3:44.05 hits1:39.34
2020-05-23 23:01:29,767 INFO Start Evaling...
2020-05-23 23:02:29,773 INFO Head: mr:6539.4 mrr:39.25 hits10:45.37 hits3:40.62 hits1:35.86
2020-05-23 23:02:29,773 INFO Tail: mr:3292.9 mrr:45.24 hits10:51.91 hits3:47.32 hits1:41.32
2020-05-23 23:02:29,773 INFO All: mr:4916.1 mrr:42.25 hits10:48.64 hits3:43.97 hits1:38.59
2020-05-23 23:02:29,775 INFO Declined in recent 3 epochs
2020-05-23 23:03:21,737 INFO [52.0] Epoch 50: loss = 13.3938
2020-05-23 23:04:14,386 INFO [52.6] Epoch 51: loss = 13.4791
2020-05-23 23:05:07,026 INFO [52.6] Epoch 52: loss = 13.4532
2020-05-23 23:05:59,666 INFO [52.6] Epoch 53: loss = 13.5313
2020-05-23 23:06:51,960 INFO [52.3] Epoch 54: loss = 13.2790
2020-05-23 23:07:44,511 INFO [52.6] Epoch 55: loss = 13.4229
2020-05-23 23:08:37,045 INFO [52.5] Epoch 56: loss = 13.3336
2020-05-23 23:09:29,651 INFO [52.6] Epoch 57: loss = 13.2009
2020-05-23 23:10:22,149 INFO [52.5] Epoch 58: loss = 13.3402
2020-05-23 23:11:14,531 INFO [52.4] Epoch 59: loss = 13.2852
2020-05-23 23:11:14,532 INFO Start Evaling...
2020-05-23 23:12:12,907 INFO Head: mr:6617.4 mrr:40.20 hits10:46.04 hits3:41.30 hits1:37.08
2020-05-23 23:12:12,907 INFO Tail: mr:3523.9 mrr:45.28 hits10:50.99 hits3:46.93 hits1:41.89
2020-05-23 23:12:12,907 INFO All: mr:5070.6 mrr:42.74 hits10:48.52 hits3:44.12 hits1:39.49
2020-05-23 23:12:12,909 INFO Start Evaling...
2020-05-23 23:13:13,383 INFO Head: mr:6435.7 mrr:39.39 hits10:45.82 hits3:40.52 hits1:36.12
2020-05-23 23:13:13,384 INFO Tail: mr:3241.4 mrr:45.41 hits10:51.95 hits3:46.81 hits1:41.86
2020-05-23 23:13:13,384 INFO All: mr:4838.5 mrr:42.40 hits10:48.88 hits3:43.67 hits1:38.99
2020-05-23 23:13:13,386 INFO Improved and model saved
2020-05-23 23:14:05,902 INFO [52.5] Epoch 60: loss = 13.3742
2020-05-23 23:14:58,827 INFO [52.9] Epoch 61: loss = 13.2910
2020-05-23 23:15:51,707 INFO [52.9] Epoch 62: loss = 13.2679
2020-05-23 23:16:44,723 INFO [53.0] Epoch 63: loss = 13.3669
2020-05-23 23:17:37,788 INFO [53.1] Epoch 64: loss = 13.3436
2020-05-23 23:18:30,263 INFO [52.5] Epoch 65: loss = 13.2705
2020-05-23 23:19:23,259 INFO [53.0] Epoch 66: loss = 13.3538
2020-05-23 23:20:16,349 INFO [53.1] Epoch 67: loss = 13.2617
2020-05-23 23:21:09,499 INFO [53.1] Epoch 68: loss = 13.2198
2020-05-23 23:22:02,014 INFO [52.5] Epoch 69: loss = 13.1759
2020-05-23 23:22:02,015 INFO Start Evaling...
2020-05-23 23:23:00,207 INFO Head: mr:6582.3 mrr:40.36 hits10:46.18 hits3:41.56 hits1:37.28
2020-05-23 23:23:00,207 INFO Tail: mr:3603.1 mrr:45.23 hits10:51.09 hits3:47.26 hits1:41.66
2020-05-23 23:23:00,207 INFO All: mr:5092.7 mrr:42.80 hits10:48.63 hits3:44.41 hits1:39.47
2020-05-23 23:23:00,210 INFO Start Evaling...
2020-05-23 23:24:00,025 INFO Head: mr:6374.0 mrr:39.70 hits10:45.66 hits3:40.84 hits1:36.57
2020-05-23 23:24:00,025 INFO Tail: mr:3243.7 mrr:45.64 hits10:52.33 hits3:47.51 hits1:41.90
2020-05-23 23:24:00,025 INFO All: mr:4808.9 mrr:42.67 hits10:48.99 hits3:44.18 hits1:39.23
2020-05-23 23:24:00,027 INFO Improved and model saved
2020-05-23 23:24:52,423 INFO [52.4] Epoch 70: loss = 13.3631
2020-05-23 23:25:44,873 INFO [52.4] Epoch 71: loss = 13.2643
2020-05-23 23:26:37,560 INFO [52.7] Epoch 72: loss = 13.2642
2020-05-23 23:27:29,571 INFO [52.0] Epoch 73: loss = 13.2081
2020-05-23 23:28:22,300 INFO [52.7] Epoch 74: loss = 13.3551
2020-05-23 23:29:15,282 INFO [53.0] Epoch 75: loss = 13.2025
2020-05-23 23:30:08,201 INFO [52.9] Epoch 76: loss = 13.2296
2020-05-23 23:31:01,318 INFO [53.1] Epoch 77: loss = 13.1365
2020-05-23 23:31:53,564 INFO [52.2] Epoch 78: loss = 13.2798
2020-05-23 23:32:46,473 INFO [52.9] Epoch 79: loss = 13.0864
2020-05-23 23:32:46,474 INFO Start Evaling...
2020-05-23 23:33:44,874 INFO Head: mr:6545.0 mrr:40.19 hits10:45.88 hits3:41.50 hits1:36.95
2020-05-23 23:33:44,874 INFO Tail: mr:3585.9 mrr:44.93 hits10:51.25 hits3:46.77 hits1:41.46
2020-05-23 23:33:44,874 INFO All: mr:5065.5 mrr:42.56 hits10:48.57 hits3:44.13 hits1:39.21
2020-05-23 23:33:44,876 INFO Start Evaling...
2020-05-23 23:34:44,908 INFO Head: mr:6336.2 mrr:39.50 hits10:45.15 hits3:40.65 hits1:36.38
2020-05-23 23:34:44,909 INFO Tail: mr:3271.3 mrr:45.61 hits10:52.49 hits3:47.93 hits1:41.58
2020-05-23 23:34:44,909 INFO All: mr:4803.8 mrr:42.56 hits10:48.82 hits3:44.29 hits1:38.98
2020-05-23 23:34:44,911 INFO Declined in recent 1 epochs
2020-05-23 23:35:37,487 INFO [52.6] Epoch 80: loss = 13.1209
2020-05-23 23:36:30,130 INFO [52.6] Epoch 81: loss = 13.0377
2020-05-23 23:37:22,045 INFO [51.9] Epoch 82: loss = 13.2854
2020-05-23 23:38:14,481 INFO [52.4] Epoch 83: loss = 13.0693
2020-05-23 23:39:07,063 INFO [52.6] Epoch 84: loss = 13.2481
2020-05-23 23:39:59,701 INFO [52.6] Epoch 85: loss = 13.1315
2020-05-23 23:40:51,968 INFO [52.3] Epoch 86: loss = 13.0335
2020-05-23 23:41:44,362 INFO [52.4] Epoch 87: loss = 13.0704
2020-05-23 23:42:36,901 INFO [52.5] Epoch 88: loss = 12.9498
2020-05-23 23:43:29,355 INFO [52.5] Epoch 89: loss = 13.1293
2020-05-23 23:43:29,355 INFO Start Evaling...
2020-05-23 23:44:27,725 INFO Head: mr:6542.4 mrr:40.33 hits10:46.14 hits3:41.17 hits1:37.34
2020-05-23 23:44:27,725 INFO Tail: mr:3510.6 mrr:45.16 hits10:51.38 hits3:47.17 hits1:41.46
2020-05-23 23:44:27,725 INFO All: mr:5026.5 mrr:42.74 hits10:48.76 hits3:44.17 hits1:39.40
2020-05-23 23:44:27,727 INFO Start Evaling...
2020-05-23 23:45:27,728 INFO Head: mr:6379.7 mrr:39.71 hits10:45.50 hits3:40.87 hits1:36.53
2020-05-23 23:45:27,728 INFO Tail: mr:3228.8 mrr:45.84 hits10:52.23 hits3:47.57 hits1:42.25
2020-05-23 23:45:27,728 INFO All: mr:4804.3 mrr:42.77 hits10:48.87 hits3:44.22 hits1:39.39
2020-05-23 23:45:27,730 INFO Declined in recent 2 epochs
2020-05-23 23:46:20,632 INFO [52.9] Epoch 90: loss = 13.1343
2020-05-23 23:47:13,723 INFO [53.1] Epoch 91: loss = 13.1479
2020-05-23 23:48:05,998 INFO [52.3] Epoch 92: loss = 13.0337
2020-05-23 23:48:58,920 INFO [52.9] Epoch 93: loss = 13.2028
2020-05-23 23:49:51,868 INFO [52.9] Epoch 94: loss = 13.0044
2020-05-23 23:50:44,969 INFO [53.1] Epoch 95: loss = 13.1247
2020-05-23 23:51:37,313 INFO [52.3] Epoch 96: loss = 13.1338
2020-05-23 23:52:30,399 INFO [53.1] Epoch 97: loss = 13.0927
2020-05-23 23:53:23,213 INFO [52.8] Epoch 98: loss = 13.0495
2020-05-23 23:54:16,327 INFO [53.1] Epoch 99: loss = 13.1050
2020-05-23 23:54:16,328 INFO Start Evaling...
2020-05-23 23:55:14,696 INFO Head: mr:6561.7 mrr:40.26 hits10:46.41 hits3:41.69 hits1:36.88
2020-05-23 23:55:14,697 INFO Tail: mr:3607.9 mrr:45.37 hits10:51.48 hits3:47.36 hits1:41.73
2020-05-23 23:55:14,697 INFO All: mr:5084.8 mrr:42.81 hits10:48.95 hits3:44.53 hits1:39.30
2020-05-23 23:55:14,699 INFO Start Evaling...
2020-05-23 23:56:14,707 INFO Head: mr:6356.9 mrr:39.47 hits10:45.47 hits3:40.94 hits1:36.09
2020-05-23 23:56:14,707 INFO Tail: mr:3192.0 mrr:45.67 hits10:52.04 hits3:47.42 hits1:41.96
2020-05-23 23:56:14,708 INFO All: mr:4774.5 mrr:42.57 hits10:48.76 hits3:44.18 hits1:39.02
2020-05-23 23:56:14,709 INFO Improved and model saved
2020-05-23 23:57:07,163 INFO [52.4] Epoch 100: loss = 13.0654
2020-05-23 23:58:00,066 INFO [52.9] Epoch 101: loss = 12.8742
2020-05-23 23:58:53,162 INFO [53.1] Epoch 102: loss = 13.0206
2020-05-23 23:59:46,127 INFO [53.0] Epoch 103: loss = 13.0326
2020-05-24 00:00:38,503 INFO [52.4] Epoch 104: loss = 12.9591
2020-05-24 00:01:31,259 INFO [52.8] Epoch 105: loss = 13.1688
2020-05-24 00:02:24,331 INFO [53.1] Epoch 106: loss = 13.0679
2020-05-24 00:03:17,282 INFO [53.0] Epoch 107: loss = 12.8638
2020-05-24 00:04:09,768 INFO [52.5] Epoch 108: loss = 12.9557
2020-05-24 00:05:02,524 INFO [52.8] Epoch 109: loss = 13.0169
2020-05-24 00:05:02,524 INFO Start Evaling...
2020-05-24 00:06:00,727 INFO Head: mr:6528.5 mrr:40.26 hits10:45.81 hits3:41.63 hits1:37.01
2020-05-24 00:06:00,727 INFO Tail: mr:3527.0 mrr:45.06 hits10:51.38 hits3:46.70 hits1:41.43
2020-05-24 00:06:00,727 INFO All: mr:5027.7 mrr:42.66 hits10:48.60 hits3:44.17 hits1:39.22
2020-05-24 00:06:00,730 INFO Start Evaling...
2020-05-24 00:07:00,558 INFO Head: mr:6391.9 mrr:39.51 hits10:45.34 hits3:40.91 hits1:36.15
2020-05-24 00:07:00,558 INFO Tail: mr:3209.6 mrr:45.38 hits10:51.69 hits3:47.29 hits1:41.58
2020-05-24 00:07:00,559 INFO All: mr:4800.7 mrr:42.44 hits10:48.52 hits3:44.10 hits1:38.86
2020-05-24 00:07:00,560 INFO Declined in recent 1 epochs
2020-05-24 00:07:52,940 INFO [52.4] Epoch 110: loss = 12.9117
2020-05-24 00:08:45,801 INFO [52.9] Epoch 111: loss = 13.1285
2020-05-24 00:09:38,832 INFO [53.0] Epoch 112: loss = 12.9649
2020-05-24 00:10:31,309 INFO [52.5] Epoch 113: loss = 13.0135
