2020-05-24 00:13:59,010 INFO EPOCH: 1000
2020-05-24 00:13:59,010 INFO EVERY: 10
2020-05-24 00:13:59,010 INFO LR: 0.001
2020-05-24 00:13:59,010 INFO DIM: 100
2020-05-24 00:13:59,011 INFO BATCH_SIZE: 256
2020-05-24 00:13:59,011 INFO BATCH_SIZE2: 100
2020-05-24 00:13:59,011 INFO P: 1
2020-05-24 00:13:59,011 INFO CLIPPING_MAX_VALUE: 4.0
2020-05-24 00:13:59,011 INFO OPTIM: Adam
2020-05-24 00:13:59,011 INFO N_SAMPLE: 12
2020-05-24 00:13:59,011 INFO MODE: grap
2020-05-24 00:13:59,011 INFO RATE: 0.01
2020-05-24 00:13:59,011 INFO GAMMA: 12.0
2020-05-24 00:13:59,011 INFO BERN: True
2020-05-24 00:13:59,011 INFO MARGIN: 4.0
2020-05-24 00:13:59,012 INFO REG: 1.0
2020-05-24 00:13:59,012 INFO LABEL_SMOOTH_EPS: 0.1
2020-05-24 00:13:59,012 INFO INPUT_DROP: 0.2
2020-05-24 00:13:59,012 INFO FEAT_DROP: 0.2
2020-05-24 00:13:59,012 INFO HIDD_DROP: 0.3
2020-05-24 00:13:59,012 INFO CHANNELS: 50
2020-05-24 00:13:59,012 INFO KERNEL_SIZE: 3
2020-05-24 00:13:59,012 INFO N_POOL: 100
2020-05-24 00:13:59,012 INFO MODEL_D: TransH
2020-05-24 00:13:59,012 INFO MODEL_G: DistMult
2020-05-24 00:13:59,012 INFO SCRATCH: False
2020-05-24 00:13:59,013 INFO D_FILE: None
2020-05-24 00:13:59,013 INFO G_FILE: None
2020-05-24 00:13:59,013 INFO PATH: data
2020-05-24 00:13:59,013 INFO DATA: WN18RR
2020-05-24 00:13:59,013 INFO EXP_PATH: experiment/WN18RR
2020-05-24 00:13:59,013 INFO MODEL: DistMult
2020-05-24 00:13:59,013 INFO V: 12.0
2020-05-24 00:13:59,013 INFO F: True
2020-05-24 00:13:59,013 INFO ADV: False
2020-05-24 00:13:59,013 INFO EVAL: False
2020-05-24 00:13:59,013 INFO TRAINED: False
2020-05-24 00:13:59,014 INFO PRETRAINED_NAME: None
2020-05-24 00:13:59,014 INFO EXP_NAME: DistMult-WN18RR-grap-12.0
2020-05-24 00:13:59,014 INFO --------------------------------------
2020-05-24 00:14:04,012 INFO Dataload done
2020-05-24 00:14:04,012 INFO --------------------------------------
2020-05-24 00:14:04,012 INFO N_ENTITY: 40943
2020-05-24 00:14:04,012 INFO N_RELATION: 11
2020-05-24 00:14:04,013 INFO --------------------------------------
2020-05-24 00:14:07,434 INFO Start Training...
2020-05-24 00:14:30,640 INFO [23.2] Epoch 0: loss = 353.9814
2020-05-24 00:14:53,451 INFO [22.8] Epoch 1: loss = 350.6267
2020-05-24 00:15:16,687 INFO [23.2] Epoch 2: loss = 332.7159
2020-05-24 00:15:39,689 INFO [23.0] Epoch 3: loss = 300.3027
2020-05-24 00:16:03,299 INFO [23.6] Epoch 4: loss = 264.2961
2020-05-24 00:16:26,500 INFO [23.2] Epoch 5: loss = 235.0635
2020-05-24 00:16:49,382 INFO [22.9] Epoch 6: loss = 215.5348
2020-05-24 00:17:12,421 INFO [23.0] Epoch 7: loss = 202.0712
2020-05-24 00:17:35,031 INFO [22.6] Epoch 8: loss = 185.6368
2020-05-24 00:17:58,520 INFO [23.5] Epoch 9: loss = 160.0921
2020-05-24 00:17:58,521 INFO Start Evaling...
2020-05-24 00:18:57,025 INFO Head: mr:8517.6 mrr:20.78 hits10:39.45 hits3:28.48 hits1:10.55
2020-05-24 00:18:57,026 INFO Tail: mr:7906.8 mrr:21.73 hits10:40.74 hits3:29.60 hits1:11.54
2020-05-24 00:18:57,026 INFO All: mr:8212.2 mrr:21.26 hits10:40.10 hits3:29.04 hits1:11.04
2020-05-24 00:18:57,028 INFO Start Evaling...
2020-05-24 00:19:57,144 INFO Head: mr:8674.8 mrr:20.06 hits10:38.67 hits3:26.04 hits1:10.78
2020-05-24 00:19:57,144 INFO Tail: mr:8177.4 mrr:21.57 hits10:40.87 hits3:29.13 hits1:11.17
2020-05-24 00:19:57,144 INFO All: mr:8426.1 mrr:20.82 hits10:39.77 hits3:27.58 hits1:10.98
2020-05-24 00:19:57,146 INFO Improved and model saved
2020-05-24 00:20:20,372 INFO [23.2] Epoch 10: loss = 131.1487
2020-05-24 00:20:44,216 INFO [23.8] Epoch 11: loss = 107.6465
2020-05-24 00:21:07,486 INFO [23.3] Epoch 12: loss = 90.7512
2020-05-24 00:21:30,508 INFO [23.0] Epoch 13: loss = 77.9453
2020-05-24 00:21:53,458 INFO [22.9] Epoch 14: loss = 68.2356
2020-05-24 00:22:16,408 INFO [23.0] Epoch 15: loss = 60.6890
2020-05-24 00:22:39,687 INFO [23.3] Epoch 16: loss = 54.9314
2020-05-24 00:23:02,958 INFO [23.3] Epoch 17: loss = 49.8365
2020-05-24 00:23:26,016 INFO [23.1] Epoch 18: loss = 45.7676
2020-05-24 00:23:49,464 INFO [23.4] Epoch 19: loss = 42.3663
2020-05-24 00:23:49,465 INFO Start Evaling...
2020-05-24 00:24:47,784 INFO Head: mr:8621.8 mrr:33.88 hits10:40.84 hits3:37.54 hits1:29.27
2020-05-24 00:24:47,784 INFO Tail: mr:6870.9 mrr:35.96 hits10:42.65 hits3:39.62 hits1:31.18
2020-05-24 00:24:47,784 INFO All: mr:7746.3 mrr:34.92 hits10:41.74 hits3:38.58 hits1:30.22
2020-05-24 00:24:47,786 INFO Start Evaling...
2020-05-24 00:25:47,935 INFO Head: mr:8751.9 mrr:33.21 hits10:40.56 hits3:36.95 hits1:28.33
2020-05-24 00:25:47,936 INFO Tail: mr:7148.5 mrr:36.41 hits10:43.46 hits3:40.17 hits1:31.65
2020-05-24 00:25:47,936 INFO All: mr:7950.2 mrr:34.81 hits10:42.01 hits3:38.56 hits1:29.99
2020-05-24 00:25:47,938 INFO Improved and model saved
2020-05-24 00:26:11,448 INFO [23.5] Epoch 20: loss = 39.8045
2020-05-24 00:26:34,806 INFO [23.4] Epoch 21: loss = 37.6323
2020-05-24 00:26:57,842 INFO [23.0] Epoch 22: loss = 35.6706
2020-05-24 00:27:21,328 INFO [23.5] Epoch 23: loss = 34.2046
2020-05-24 00:27:44,634 INFO [23.3] Epoch 24: loss = 32.8588
2020-05-24 00:28:08,081 INFO [23.4] Epoch 25: loss = 31.4184
2020-05-24 00:28:31,500 INFO [23.4] Epoch 26: loss = 30.1372
2020-05-24 00:28:54,803 INFO [23.3] Epoch 27: loss = 29.1239
2020-05-24 00:29:17,873 INFO [23.1] Epoch 28: loss = 28.1718
2020-05-24 00:29:40,886 INFO [23.0] Epoch 29: loss = 27.7415
2020-05-24 00:29:40,887 INFO Start Evaling...
2020-05-24 00:30:39,374 INFO Head: mr:8632.5 mrr:36.54 hits10:41.63 hits3:38.46 hits1:33.42
2020-05-24 00:30:39,374 INFO Tail: mr:6553.0 mrr:38.59 hits10:43.57 hits3:41.23 hits1:34.97
2020-05-24 00:30:39,374 INFO All: mr:7592.7 mrr:37.56 hits10:42.60 hits3:39.85 hits1:34.20
2020-05-24 00:30:39,376 INFO Start Evaling...
2020-05-24 00:31:39,495 INFO Head: mr:8593.4 mrr:35.71 hits10:40.81 hits3:37.87 hits1:32.39
2020-05-24 00:31:39,495 INFO Tail: mr:6592.3 mrr:38.69 hits10:43.68 hits3:41.16 hits1:35.29
2020-05-24 00:31:39,495 INFO All: mr:7592.9 mrr:37.20 hits10:42.25 hits3:39.52 hits1:33.84
2020-05-24 00:31:39,497 INFO Improved and model saved
2020-05-24 00:32:02,816 INFO [23.3] Epoch 30: loss = 27.0211
2020-05-24 00:32:26,196 INFO [23.4] Epoch 31: loss = 26.2828
2020-05-24 00:32:49,808 INFO [23.6] Epoch 32: loss = 25.7693
2020-05-24 00:33:13,284 INFO [23.5] Epoch 33: loss = 24.9582
2020-05-24 00:33:36,372 INFO [23.1] Epoch 34: loss = 24.6969
2020-05-24 00:33:59,478 INFO [23.1] Epoch 35: loss = 23.8574
2020-05-24 00:34:22,376 INFO [22.9] Epoch 36: loss = 23.6384
2020-05-24 00:34:45,749 INFO [23.4] Epoch 37: loss = 23.2076
2020-05-24 00:35:09,313 INFO [23.6] Epoch 38: loss = 22.7159
2020-05-24 00:35:32,436 INFO [23.1] Epoch 39: loss = 22.8513
2020-05-24 00:35:32,436 INFO Start Evaling...
2020-05-24 00:36:30,775 INFO Head: mr:8640.0 mrr:37.50 hits10:42.02 hits3:39.26 hits1:34.71
2020-05-24 00:36:30,775 INFO Tail: mr:6273.8 mrr:40.27 hits10:44.33 hits3:42.02 hits1:37.57
2020-05-24 00:36:30,775 INFO All: mr:7456.9 mrr:38.88 hits10:43.18 hits3:40.64 hits1:36.14
2020-05-24 00:36:30,777 INFO Start Evaling...
2020-05-24 00:37:30,734 INFO Head: mr:8582.2 mrr:36.96 hits10:41.32 hits3:38.58 hits1:34.27
2020-05-24 00:37:30,734 INFO Tail: mr:6376.3 mrr:40.33 hits10:44.38 hits3:42.18 hits1:37.59
2020-05-24 00:37:30,734 INFO All: mr:7479.3 mrr:38.65 hits10:42.85 hits3:40.38 hits1:35.93
2020-05-24 00:37:30,736 INFO Improved and model saved
2020-05-24 00:37:53,658 INFO [22.9] Epoch 40: loss = 22.2266
2020-05-24 00:38:16,892 INFO [23.2] Epoch 41: loss = 22.1421
2020-05-24 00:38:40,425 INFO [23.5] Epoch 42: loss = 21.7008
2020-05-24 00:39:03,414 INFO [23.0] Epoch 43: loss = 21.3626
2020-05-24 00:39:27,012 INFO [23.6] Epoch 44: loss = 21.1941
2020-05-24 00:39:50,501 INFO [23.5] Epoch 45: loss = 21.1230
2020-05-24 00:40:13,542 INFO [23.0] Epoch 46: loss = 20.9972
2020-05-24 00:40:36,431 INFO [22.9] Epoch 47: loss = 20.3066
2020-05-24 00:40:59,541 INFO [23.1] Epoch 48: loss = 20.4159
2020-05-24 00:41:22,084 INFO [22.5] Epoch 49: loss = 20.0655
2020-05-24 00:41:22,085 INFO Start Evaling...
2020-05-24 00:42:20,401 INFO Head: mr:8540.9 mrr:38.50 hits10:42.35 hits3:39.58 hits1:36.22
2020-05-24 00:42:20,401 INFO Tail: mr:6053.6 mrr:41.39 hits10:44.92 hits3:42.55 hits1:39.19
2020-05-24 00:42:20,401 INFO All: mr:7297.3 mrr:39.94 hits10:43.64 hits3:41.07 hits1:37.71
2020-05-24 00:42:20,403 INFO Start Evaling...
2020-05-24 00:43:20,342 INFO Head: mr:8582.6 mrr:37.67 hits10:41.58 hits3:38.86 hits1:35.32
2020-05-24 00:43:20,343 INFO Tail: mr:6126.3 mrr:41.00 hits10:44.70 hits3:42.41 hits1:38.58
2020-05-24 00:43:20,343 INFO All: mr:7354.5 mrr:39.33 hits10:43.14 hits3:40.63 hits1:36.95
2020-05-24 00:43:20,345 INFO Improved and model saved
2020-05-24 00:43:43,332 INFO [23.0] Epoch 50: loss = 20.3505
2020-05-24 00:44:06,876 INFO [23.5] Epoch 51: loss = 19.7671
2020-05-24 00:44:29,961 INFO [23.1] Epoch 52: loss = 19.8463
2020-05-24 00:44:52,953 INFO [23.0] Epoch 53: loss = 19.8929
2020-05-24 00:45:16,343 INFO [23.4] Epoch 54: loss = 19.7836
2020-05-24 00:45:38,924 INFO [22.6] Epoch 55: loss = 19.5250
2020-05-24 00:46:01,975 INFO [23.1] Epoch 56: loss = 19.5501
2020-05-24 00:46:25,548 INFO [23.6] Epoch 57: loss = 19.3260
2020-05-24 00:46:48,648 INFO [23.1] Epoch 58: loss = 19.0989
2020-05-24 00:47:12,093 INFO [23.4] Epoch 59: loss = 19.0885
2020-05-24 00:47:12,093 INFO Start Evaling...
2020-05-24 00:48:10,625 INFO Head: mr:8426.1 mrr:38.64 hits10:42.72 hits3:39.42 hits1:36.55
2020-05-24 00:48:10,625 INFO Tail: mr:5798.8 mrr:41.77 hits10:45.06 hits3:42.75 hits1:39.72
2020-05-24 00:48:10,625 INFO All: mr:7112.4 mrr:40.21 hits10:43.89 hits3:41.08 hits1:38.13
2020-05-24 00:48:10,628 INFO Start Evaling...
2020-05-24 00:49:10,787 INFO Head: mr:8593.2 mrr:38.14 hits10:42.15 hits3:39.06 hits1:36.02
2020-05-24 00:49:10,788 INFO Tail: mr:5928.4 mrr:41.44 hits10:44.99 hits3:42.34 hits1:39.28
2020-05-24 00:49:10,788 INFO All: mr:7260.8 mrr:39.79 hits10:43.57 hits3:40.70 hits1:37.65
2020-05-24 00:49:10,790 INFO Improved and model saved
2020-05-24 00:49:34,366 INFO [23.6] Epoch 60: loss = 19.1462
2020-05-24 00:49:57,422 INFO [23.1] Epoch 61: loss = 18.9238
2020-05-24 00:50:20,832 INFO [23.4] Epoch 62: loss = 18.8423
2020-05-24 00:50:44,429 INFO [23.6] Epoch 63: loss = 19.0399
2020-05-24 00:51:07,571 INFO [23.1] Epoch 64: loss = 18.8123
2020-05-24 00:51:31,016 INFO [23.4] Epoch 65: loss = 18.7130
2020-05-24 00:51:54,193 INFO [23.2] Epoch 66: loss = 18.6161
2020-05-24 00:52:16,929 INFO [22.7] Epoch 67: loss = 18.4940
2020-05-24 00:52:40,535 INFO [23.6] Epoch 68: loss = 18.3074
2020-05-24 00:53:03,948 INFO [23.4] Epoch 69: loss = 18.3789
2020-05-24 00:53:03,948 INFO Start Evaling...
2020-05-24 00:54:02,276 INFO Head: mr:8420.6 mrr:39.06 hits10:43.18 hits3:39.85 hits1:37.01
2020-05-24 00:54:02,277 INFO Tail: mr:5682.4 mrr:42.19 hits10:45.35 hits3:43.08 hits1:40.08
2020-05-24 00:54:02,277 INFO All: mr:7051.5 mrr:40.62 hits10:44.26 hits3:41.46 hits1:38.55
2020-05-24 00:54:02,279 INFO Start Evaling...
2020-05-24 00:55:02,230 INFO Head: mr:8512.7 mrr:38.62 hits10:42.15 hits3:39.34 hits1:36.76
2020-05-24 00:55:02,230 INFO Tail: mr:5705.1 mrr:41.85 hits10:45.34 hits3:42.98 hits1:39.69
2020-05-24 00:55:02,230 INFO All: mr:7108.9 mrr:40.24 hits10:43.75 hits3:41.16 hits1:38.23
2020-05-24 00:55:02,232 INFO Improved and model saved
2020-05-24 00:55:25,292 INFO [23.0] Epoch 70: loss = 18.3537
2020-05-24 00:55:48,400 INFO [23.1] Epoch 71: loss = 18.4580
2020-05-24 00:56:11,907 INFO [23.5] Epoch 72: loss = 18.0098
2020-05-24 00:56:35,053 INFO [23.1] Epoch 73: loss = 18.1188
2020-05-24 00:56:57,921 INFO [22.9] Epoch 74: loss = 17.9274
2020-05-24 00:57:21,449 INFO [23.5] Epoch 75: loss = 17.9017
2020-05-24 00:57:44,797 INFO [23.3] Epoch 76: loss = 17.8055
2020-05-24 00:58:07,748 INFO [23.0] Epoch 77: loss = 17.9862
2020-05-24 00:58:31,241 INFO [23.5] Epoch 78: loss = 17.9244
2020-05-24 00:58:54,877 INFO [23.6] Epoch 79: loss = 17.8468
2020-05-24 00:58:54,877 INFO Start Evaling...
2020-05-24 00:59:53,208 INFO Head: mr:8370.7 mrr:39.35 hits10:43.24 hits3:40.08 hits1:37.34
2020-05-24 00:59:53,208 INFO Tail: mr:5537.7 mrr:42.42 hits10:45.68 hits3:43.31 hits1:40.41
2020-05-24 00:59:53,208 INFO All: mr:6954.2 mrr:40.89 hits10:44.46 hits3:41.69 hits1:38.88
2020-05-24 00:59:53,210 INFO Start Evaling...
2020-05-24 01:00:53,377 INFO Head: mr:8531.9 mrr:38.67 hits10:42.50 hits3:39.44 hits1:36.57
2020-05-24 01:00:53,377 INFO Tail: mr:5578.7 mrr:42.00 hits10:45.88 hits3:42.63 hits1:40.04
2020-05-24 01:00:53,377 INFO All: mr:7055.3 mrr:40.34 hits10:44.19 hits3:41.03 hits1:38.31
2020-05-24 01:00:53,379 INFO Improved and model saved
2020-05-24 01:01:16,346 INFO [22.9] Epoch 80: loss = 18.0979
2020-05-24 01:01:39,747 INFO [23.4] Epoch 81: loss = 17.9021
2020-05-24 01:02:02,928 INFO [23.2] Epoch 82: loss = 17.7152
2020-05-24 01:02:25,440 INFO [22.5] Epoch 83: loss = 17.3824
2020-05-24 01:02:48,777 INFO [23.3] Epoch 84: loss = 17.8678
2020-05-24 01:03:12,065 INFO [23.3] Epoch 85: loss = 17.8190
2020-05-24 01:03:34,699 INFO [22.6] Epoch 86: loss = 17.6641
2020-05-24 01:03:57,644 INFO [22.9] Epoch 87: loss = 17.4057
2020-05-24 01:04:20,738 INFO [23.1] Epoch 88: loss = 17.2552
2020-05-24 01:04:43,233 INFO [22.5] Epoch 89: loss = 17.6426
2020-05-24 01:04:43,233 INFO Start Evaling...
2020-05-24 01:05:41,743 INFO Head: mr:8373.0 mrr:39.25 hits10:43.18 hits3:40.05 hits1:37.18
2020-05-24 01:05:41,743 INFO Tail: mr:5386.8 mrr:42.42 hits10:45.78 hits3:43.44 hits1:40.34
2020-05-24 01:05:41,743 INFO All: mr:6879.9 mrr:40.83 hits10:44.48 hits3:41.74 hits1:38.76
2020-05-24 01:05:41,746 INFO Start Evaling...
2020-05-24 01:06:41,880 INFO Head: mr:8496.3 mrr:38.80 hits10:42.72 hits3:39.31 hits1:36.85
2020-05-24 01:06:41,881 INFO Tail: mr:5476.0 mrr:42.25 hits10:45.98 hits3:43.08 hits1:40.17
2020-05-24 01:06:41,881 INFO All: mr:6986.2 mrr:40.52 hits10:44.35 hits3:41.19 hits1:38.51
2020-05-24 01:06:41,883 INFO Declined in recent 1 epochs
2020-05-24 01:07:05,329 INFO [23.4] Epoch 90: loss = 17.4797
2020-05-24 01:07:28,572 INFO [23.2] Epoch 91: loss = 17.4187
2020-05-24 01:07:51,346 INFO [22.8] Epoch 92: loss = 17.4497
2020-05-24 01:08:14,837 INFO [23.5] Epoch 93: loss = 17.1139
2020-05-24 01:08:38,037 INFO [23.2] Epoch 94: loss = 17.0107
2020-05-24 01:09:01,012 INFO [23.0] Epoch 95: loss = 17.4387
2020-05-24 01:09:24,159 INFO [23.1] Epoch 96: loss = 17.4321
2020-05-24 01:09:47,346 INFO [23.2] Epoch 97: loss = 17.0990
2020-05-24 01:10:10,110 INFO [22.8] Epoch 98: loss = 17.3580
2020-05-24 01:10:33,398 INFO [23.3] Epoch 99: loss = 17.0829
2020-05-24 01:10:33,398 INFO Start Evaling...
2020-05-24 01:11:31,723 INFO Head: mr:8318.8 mrr:39.58 hits10:43.54 hits3:40.28 hits1:37.41
2020-05-24 01:11:31,723 INFO Tail: mr:5353.1 mrr:42.77 hits10:46.64 hits3:43.77 hits1:40.54
2020-05-24 01:11:31,723 INFO All: mr:6836.0 mrr:41.18 hits10:45.09 hits3:42.02 hits1:38.97
2020-05-24 01:11:31,725 INFO Start Evaling...
2020-05-24 01:12:31,667 INFO Head: mr:8488.1 mrr:38.78 hits10:42.88 hits3:39.47 hits1:36.73
2020-05-24 01:12:31,667 INFO Tail: mr:5437.2 mrr:42.49 hits10:46.36 hits3:43.20 hits1:40.46
2020-05-24 01:12:31,667 INFO All: mr:6962.6 mrr:40.64 hits10:44.62 hits3:41.34 hits1:38.59
2020-05-24 01:12:31,669 INFO Improved and model saved
2020-05-24 01:12:54,605 INFO [22.9] Epoch 100: loss = 17.0308
2020-05-24 01:13:17,424 INFO [22.8] Epoch 101: loss = 17.0449
2020-05-24 01:13:40,406 INFO [23.0] Epoch 102: loss = 17.1638
2020-05-24 01:14:03,508 INFO [23.1] Epoch 103: loss = 17.0502
2020-05-24 01:14:26,479 INFO [23.0] Epoch 104: loss = 16.8934
2020-05-24 01:14:49,687 INFO [23.2] Epoch 105: loss = 17.0527
2020-05-24 01:15:12,918 INFO [23.2] Epoch 106: loss = 16.9128
2020-05-24 01:15:35,893 INFO [23.0] Epoch 107: loss = 16.8711
2020-05-24 01:15:59,156 INFO [23.3] Epoch 108: loss = 16.7519
2020-05-24 01:16:22,388 INFO [23.2] Epoch 109: loss = 16.8726
2020-05-24 01:16:22,389 INFO Start Evaling...
2020-05-24 01:17:20,907 INFO Head: mr:8294.8 mrr:39.43 hits10:43.57 hits3:40.15 hits1:37.18
2020-05-24 01:17:20,907 INFO Tail: mr:5250.8 mrr:42.81 hits10:46.67 hits3:43.61 hits1:40.71
2020-05-24 01:17:20,907 INFO All: mr:6772.8 mrr:41.12 hits10:45.12 hits3:41.88 hits1:38.94
2020-05-24 01:17:20,910 INFO Start Evaling...
2020-05-24 01:18:21,054 INFO Head: mr:8406.8 mrr:38.81 hits10:43.11 hits3:39.37 hits1:36.79
2020-05-24 01:18:21,055 INFO Tail: mr:5334.1 mrr:42.53 hits10:46.39 hits3:43.11 hits1:40.52
2020-05-24 01:18:21,055 INFO All: mr:6870.5 mrr:40.67 hits10:44.75 hits3:41.24 hits1:38.66
2020-05-24 01:18:21,057 INFO Declined in recent 1 epochs
2020-05-24 01:18:44,081 INFO [23.0] Epoch 110: loss = 16.5818
2020-05-24 01:19:07,066 INFO [23.0] Epoch 111: loss = 16.8828
2020-05-24 01:19:30,491 INFO [23.4] Epoch 112: loss = 16.7929
2020-05-24 01:19:53,532 INFO [23.0] Epoch 113: loss = 16.9702
2020-05-24 01:20:16,871 INFO [23.3] Epoch 114: loss = 16.8705
2020-05-24 01:20:40,170 INFO [23.3] Epoch 115: loss = 16.9605
2020-05-24 01:21:03,311 INFO [23.1] Epoch 116: loss = 16.8534
2020-05-24 01:21:26,743 INFO [23.4] Epoch 117: loss = 16.8031
2020-05-24 01:21:50,022 INFO [23.3] Epoch 118: loss = 16.6646
2020-05-24 01:22:12,834 INFO [22.8] Epoch 119: loss = 16.5112
2020-05-24 01:22:12,834 INFO Start Evaling...
2020-05-24 01:23:11,319 INFO Head: mr:8225.3 mrr:39.73 hits10:43.70 hits3:40.41 hits1:37.61
2020-05-24 01:23:11,319 INFO Tail: mr:5156.3 mrr:43.07 hits10:46.57 hits3:43.67 hits1:41.03
2020-05-24 01:23:11,320 INFO All: mr:6690.8 mrr:41.40 hits10:45.14 hits3:42.04 hits1:39.32
2020-05-24 01:23:11,322 INFO Start Evaling...
2020-05-24 01:24:11,436 INFO Head: mr:8332.4 mrr:38.60 hits10:43.08 hits3:39.15 hits1:36.57
2020-05-24 01:24:11,437 INFO Tail: mr:5225.0 mrr:42.60 hits10:46.11 hits3:43.20 hits1:40.65
2020-05-24 01:24:11,437 INFO All: mr:6778.7 mrr:40.60 hits10:44.59 hits3:41.18 hits1:38.61
2020-05-24 01:24:11,439 INFO Improved and model saved
2020-05-24 01:24:34,795 INFO [23.3] Epoch 120: loss = 16.4570
2020-05-24 01:24:58,066 INFO [23.3] Epoch 121: loss = 16.6366
2020-05-24 01:25:21,087 INFO [23.0] Epoch 122: loss = 16.4604
2020-05-24 01:25:44,440 INFO [23.4] Epoch 123: loss = 16.5041
2020-05-24 01:26:07,463 INFO [23.0] Epoch 124: loss = 16.5225
2020-05-24 01:26:30,065 INFO [22.6] Epoch 125: loss = 16.6206
2020-05-24 01:26:53,200 INFO [23.1] Epoch 126: loss = 16.5547
2020-05-24 01:27:16,741 INFO [23.5] Epoch 127: loss = 16.3983
2020-05-24 01:27:39,695 INFO [23.0] Epoch 128: loss = 16.1728
2020-05-24 01:28:02,699 INFO [23.0] Epoch 129: loss = 16.1880
2020-05-24 01:28:02,699 INFO Start Evaling...
2020-05-24 01:29:01,192 INFO Head: mr:8180.4 mrr:39.91 hits10:43.67 hits3:40.41 hits1:37.94
2020-05-24 01:29:01,192 INFO Tail: mr:5156.7 mrr:43.34 hits10:47.00 hits3:44.20 hits1:41.30
2020-05-24 01:29:01,192 INFO All: mr:6668.6 mrr:41.62 hits10:45.34 hits3:42.30 hits1:39.62
2020-05-24 01:29:01,195 INFO Start Evaling...
2020-05-24 01:30:01,318 INFO Head: mr:8357.3 mrr:39.04 hits10:43.14 hits3:39.69 hits1:36.95
2020-05-24 01:30:01,318 INFO Tail: mr:5184.1 mrr:42.41 hits10:46.30 hits3:42.92 hits1:40.43
2020-05-24 01:30:01,318 INFO All: mr:6770.7 mrr:40.72 hits10:44.72 hits3:41.31 hits1:38.69
2020-05-24 01:30:01,321 INFO Improved and model saved
2020-05-24 01:30:24,663 INFO [23.3] Epoch 130: loss = 16.4375
2020-05-24 01:30:47,608 INFO [22.9] Epoch 131: loss = 16.3554
2020-05-24 01:31:10,639 INFO [23.0] Epoch 132: loss = 16.1754
2020-05-24 01:31:34,142 INFO [23.5] Epoch 133: loss = 16.6419
2020-05-24 01:31:56,796 INFO [22.7] Epoch 134: loss = 16.3885
2020-05-24 01:32:20,157 INFO [23.4] Epoch 135: loss = 16.4871
2020-05-24 01:32:43,127 INFO [23.0] Epoch 136: loss = 16.5159
2020-05-24 01:33:05,767 INFO [22.6] Epoch 137: loss = 16.2193
2020-05-24 01:33:28,774 INFO [23.0] Epoch 138: loss = 16.0994
2020-05-24 01:33:51,989 INFO [23.2] Epoch 139: loss = 16.2976
2020-05-24 01:33:51,990 INFO Start Evaling...
2020-05-24 01:34:50,329 INFO Head: mr:8099.3 mrr:39.60 hits10:43.74 hits3:40.44 hits1:37.34
2020-05-24 01:34:50,329 INFO Tail: mr:5053.2 mrr:43.12 hits10:46.77 hits3:43.80 hits1:41.07
2020-05-24 01:34:50,329 INFO All: mr:6576.2 mrr:41.36 hits10:45.25 hits3:42.12 hits1:39.21
2020-05-24 01:34:50,331 INFO Start Evaling...
2020-05-24 01:35:50,292 INFO Head: mr:8240.1 mrr:39.08 hits10:43.33 hits3:39.66 hits1:37.01
2020-05-24 01:35:50,292 INFO Tail: mr:5117.6 mrr:42.46 hits10:46.36 hits3:42.98 hits1:40.43
2020-05-24 01:35:50,293 INFO All: mr:6678.8 mrr:40.77 hits10:44.85 hits3:41.32 hits1:38.72
2020-05-24 01:35:50,295 INFO Declined in recent 1 epochs
2020-05-24 01:36:12,925 INFO [22.6] Epoch 140: loss = 16.3608
2020-05-24 01:36:36,208 INFO [23.3] Epoch 141: loss = 16.3802
2020-05-24 01:36:59,713 INFO [23.5] Epoch 142: loss = 16.3517
2020-05-24 01:37:22,285 INFO [22.6] Epoch 143: loss = 16.3093
2020-05-24 01:37:45,467 INFO [23.2] Epoch 144: loss = 16.3141
2020-05-24 01:38:09,002 INFO [23.5] Epoch 145: loss = 15.9103
2020-05-24 01:38:31,614 INFO [22.6] Epoch 146: loss = 16.4284
2020-05-24 01:38:54,967 INFO [23.4] Epoch 147: loss = 16.1297
2020-05-24 01:39:18,409 INFO [23.4] Epoch 148: loss = 16.0447
2020-05-24 01:39:40,965 INFO [22.6] Epoch 149: loss = 16.0814
2020-05-24 01:39:40,966 INFO Start Evaling...
2020-05-24 01:40:39,461 INFO Head: mr:8102.4 mrr:39.88 hits10:44.17 hits3:40.80 hits1:37.67
2020-05-24 01:40:39,462 INFO Tail: mr:5014.8 mrr:43.00 hits10:46.44 hits3:43.70 hits1:40.87
2020-05-24 01:40:39,462 INFO All: mr:6558.6 mrr:41.44 hits10:45.30 hits3:42.25 hits1:39.27
2020-05-24 01:40:39,464 INFO Start Evaling...
2020-05-24 01:41:39,586 INFO Head: mr:8180.4 mrr:38.98 hits10:43.40 hits3:39.66 hits1:36.82
2020-05-24 01:41:39,587 INFO Tail: mr:5022.9 mrr:42.74 hits10:46.78 hits3:43.36 hits1:40.71
2020-05-24 01:41:39,587 INFO All: mr:6601.7 mrr:40.86 hits10:45.09 hits3:41.51 hits1:38.77
2020-05-24 01:41:39,589 INFO Declined in recent 2 epochs
2020-05-24 01:42:02,884 INFO [23.3] Epoch 150: loss = 15.9795
2020-05-24 01:42:26,399 INFO [23.5] Epoch 151: loss = 16.0729
2020-05-24 01:42:49,027 INFO [22.6] Epoch 152: loss = 16.3196
2020-05-24 01:43:12,033 INFO [23.0] Epoch 153: loss = 16.1328
2020-05-24 01:43:35,060 INFO [23.0] Epoch 154: loss = 16.1590
2020-05-24 01:43:58,155 INFO [23.1] Epoch 155: loss = 16.0978
2020-05-24 01:44:21,622 INFO [23.5] Epoch 156: loss = 15.9090
2020-05-24 01:44:44,557 INFO [22.9] Epoch 157: loss = 15.9640
2020-05-24 01:45:07,096 INFO [22.5] Epoch 158: loss = 16.1077
2020-05-24 01:45:30,589 INFO [23.5] Epoch 159: loss = 16.1837
2020-05-24 01:45:30,589 INFO Start Evaling...
2020-05-24 01:46:29,099 INFO Head: mr:8100.8 mrr:40.00 hits10:43.94 hits3:40.80 hits1:37.84
2020-05-24 01:46:29,100 INFO Tail: mr:5002.5 mrr:43.19 hits10:46.54 hits3:43.80 hits1:41.27
2020-05-24 01:46:29,100 INFO All: mr:6551.6 mrr:41.59 hits10:45.24 hits3:42.30 hits1:39.55
2020-05-24 01:46:29,102 INFO Start Evaling...
2020-05-24 01:47:29,240 INFO Head: mr:8094.0 mrr:39.06 hits10:43.49 hits3:39.82 hits1:36.79
2020-05-24 01:47:29,241 INFO Tail: mr:4932.3 mrr:42.97 hits10:46.52 hits3:43.62 hits1:40.97
2020-05-24 01:47:29,241 INFO All: mr:6513.1 mrr:41.01 hits10:45.01 hits3:41.72 hits1:38.88
2020-05-24 01:47:29,243 INFO Declined in recent 3 epochs
2020-05-24 01:47:52,494 INFO [23.3] Epoch 160: loss = 15.8881
2020-05-24 01:48:15,455 INFO [23.0] Epoch 161: loss = 16.2166
2020-05-24 01:48:38,509 INFO [23.1] Epoch 162: loss = 16.0723
2020-05-24 01:49:01,470 INFO [23.0] Epoch 163: loss = 15.7945
2020-05-24 01:49:23,947 INFO [22.5] Epoch 164: loss = 15.8564
2020-05-24 01:49:47,438 INFO [23.5] Epoch 165: loss = 16.0483
2020-05-24 01:50:10,774 INFO [23.3] Epoch 166: loss = 16.0332
2020-05-24 01:50:33,623 INFO [22.8] Epoch 167: loss = 15.9289
2020-05-24 01:50:56,601 INFO [23.0] Epoch 168: loss = 16.0188
2020-05-24 01:51:20,086 INFO [23.5] Epoch 169: loss = 15.8389
2020-05-24 01:51:20,086 INFO Start Evaling...
2020-05-24 01:52:18,611 INFO Head: mr:7979.6 mrr:40.02 hits10:44.00 hits3:40.80 hits1:37.87
2020-05-24 01:52:18,612 INFO Tail: mr:4976.6 mrr:43.03 hits10:46.74 hits3:43.70 hits1:40.94
2020-05-24 01:52:18,612 INFO All: mr:6478.1 mrr:41.52 hits10:45.37 hits3:42.25 hits1:39.40
2020-05-24 01:52:18,614 INFO Start Evaling...
2020-05-24 01:53:18,771 INFO Head: mr:8025.8 mrr:39.03 hits10:43.36 hits3:40.01 hits1:36.69
2020-05-24 01:53:18,771 INFO Tail: mr:4800.1 mrr:43.08 hits10:46.75 hits3:43.52 hits1:41.16
2020-05-24 01:53:18,771 INFO All: mr:6413.0 mrr:41.06 hits10:45.05 hits3:41.77 hits1:38.93
2020-05-24 01:53:18,773 INFO Declined in recent 4 epochs
2020-05-24 01:53:41,906 INFO [23.1] Epoch 170: loss = 15.8008
2020-05-24 01:54:05,132 INFO [23.2] Epoch 171: loss = 15.7970
2020-05-24 01:54:28,077 INFO [22.9] Epoch 172: loss = 15.8575
2020-05-24 01:54:51,022 INFO [22.9] Epoch 173: loss = 15.9962
2020-05-24 01:55:14,508 INFO [23.5] Epoch 174: loss = 15.7945
2020-05-24 01:55:37,963 INFO [23.5] Epoch 175: loss = 15.9348
2020-05-24 01:56:00,804 INFO [22.8] Epoch 176: loss = 15.8761
2020-05-24 01:56:24,091 INFO [23.3] Epoch 177: loss = 15.7034
2020-05-24 01:56:47,593 INFO [23.5] Epoch 178: loss = 15.7526
2020-05-24 01:57:10,463 INFO [22.9] Epoch 179: loss = 15.5853
2020-05-24 01:57:10,464 INFO Start Evaling...
2020-05-24 01:58:08,796 INFO Head: mr:7905.6 mrr:39.55 hits10:43.87 hits3:40.34 hits1:37.34
2020-05-24 01:58:08,796 INFO Tail: mr:4916.7 mrr:43.32 hits10:46.74 hits3:43.84 hits1:41.36
2020-05-24 01:58:08,796 INFO All: mr:6411.2 mrr:41.44 hits10:45.30 hits3:42.09 hits1:39.35
2020-05-24 01:58:08,799 INFO Start Evaling...
2020-05-24 01:59:08,752 INFO Head: mr:7988.0 mrr:39.12 hits10:43.62 hits3:40.17 hits1:36.82
2020-05-24 01:59:08,753 INFO Tail: mr:4763.1 mrr:42.92 hits10:46.81 hits3:43.62 hits1:40.87
2020-05-24 01:59:08,753 INFO All: mr:6375.6 mrr:41.02 hits10:45.21 hits3:41.90 hits1:38.85
2020-05-24 01:59:08,755 INFO Declined in recent 5 epochs
2020-05-24 01:59:08,755 INFO Early stopping
2020-05-24 01:59:08,755 INFO Train done
2020-05-24 01:59:08,768 INFO Start Evaling...
2020-05-24 02:00:08,727 INFO Head: mr:8357.3 mrr:39.04 hits10:43.14 hits3:39.69 hits1:36.95
2020-05-24 02:00:08,727 INFO Tail: mr:5184.1 mrr:42.41 hits10:46.30 hits3:42.92 hits1:40.43
2020-05-24 02:00:08,727 INFO All: mr:6770.7 mrr:40.72 hits10:44.72 hits3:41.31 hits1:38.69
