2020-04-01 10:21:43,674 INFO EPOCH: 1000
2020-04-01 10:21:43,674 INFO EVERY: 10
2020-04-01 10:21:43,675 INFO LR: 0.001
2020-04-01 10:21:43,675 INFO DIM: 100
2020-04-01 10:21:43,675 INFO BATCH_SIZE: 128
2020-04-01 10:21:43,675 INFO BATCH_SIZE2: 50
2020-04-01 10:21:43,675 INFO P: 1
2020-04-01 10:21:43,675 INFO CLIPPING_MAX_VALUE: 4.0
2020-04-01 10:21:43,675 INFO OPTIM: Adam
2020-04-01 10:21:43,675 INFO N_SAMPLE: 12
2020-04-01 10:21:43,675 INFO MODE: kall
2020-04-01 10:21:43,675 INFO GAMMA: 12.0
2020-04-01 10:21:43,675 INFO BERN: True
2020-04-01 10:21:43,675 INFO MARGIN: 4.0
2020-04-01 10:21:43,675 INFO REG: 1.0
2020-04-01 10:21:43,675 INFO LABEL_SMOOTH_EPS: 0.1
2020-04-01 10:21:43,675 INFO INPUT_DROP: 0.2
2020-04-01 10:21:43,675 INFO FEAT_DROP: 0.2
2020-04-01 10:21:43,675 INFO HIDD_DROP: 0.3
2020-04-01 10:21:43,675 INFO CHANNELS: 50
2020-04-01 10:21:43,675 INFO KERNEL_SIZE: 3
2020-04-01 10:21:43,675 INFO N_POOL: 100
2020-04-01 10:21:43,675 INFO MODEL_D: TransH
2020-04-01 10:21:43,675 INFO MODEL_G: DistMult
2020-04-01 10:21:43,675 INFO SCRATCH: False
2020-04-01 10:21:43,675 INFO D_FILE: None
2020-04-01 10:21:43,675 INFO G_FILE: None
2020-04-01 10:21:43,675 INFO PATH: data
2020-04-01 10:21:43,675 INFO DATA: WN18RR
2020-04-01 10:21:43,675 INFO EXP_PATH: experiment/WN18RR
2020-04-01 10:21:43,675 INFO MODEL: DistMult
2020-04-01 10:21:43,676 INFO V: 0
2020-04-01 10:21:43,676 INFO F: False
2020-04-01 10:21:43,676 INFO EVAL: False
2020-04-01 10:21:43,676 INFO TRAINED: False
2020-04-01 10:21:43,676 INFO PRETRAINED_NAME: None
2020-04-01 10:21:43,676 INFO EXP_NAME: DistMult-WN18RR-kall-0
2020-04-01 10:21:43,676 INFO --------------------------------------
2020-04-01 10:21:47,711 INFO Dataload done
2020-04-01 10:21:47,711 INFO --------------------------------------
2020-04-01 10:21:47,711 INFO N_ENTITY: 40943
2020-04-01 10:21:47,711 INFO N_RELATION: 11
2020-04-01 10:21:47,711 INFO --------------------------------------
2020-04-01 10:21:51,980 INFO Start Evaling...
2020-04-01 10:22:12,480 INFO Head: mr:20199.1 mrr:0.03 hits:0.03
2020-04-01 10:22:12,482 INFO Tail: mr:20205.7 mrr:0.06 hits:0.03
2020-04-01 10:22:12,484 INFO All: mr:20202.4 mrr:0.04 hits:0.03
2020-04-01 10:22:12,490 INFO Start Training...
2020-04-01 10:23:42,220 INFO [89.7] Epoch 0: loss = 0.2788
2020-04-01 10:25:14,152 INFO [91.9] Epoch 1: loss = 0.0034
2020-04-01 10:26:47,242 INFO [93.1] Epoch 2: loss = 0.0012
2020-04-01 10:28:17,474 INFO [90.2] Epoch 3: loss = 0.0009
2020-04-01 10:29:51,715 INFO [94.2] Epoch 4: loss = 0.0008
2020-04-01 10:31:24,239 INFO [92.5] Epoch 5: loss = 0.0008
2020-04-01 10:32:57,736 INFO [93.5] Epoch 6: loss = 0.0007
2020-04-01 10:34:30,378 INFO [92.6] Epoch 7: loss = 0.0007
2020-04-01 10:36:02,876 INFO [92.5] Epoch 8: loss = 0.0007
2020-04-01 10:37:35,672 INFO [92.8] Epoch 9: loss = 0.0007
2020-04-01 10:37:35,673 INFO Start Evaling...
2020-04-01 10:37:46,776 INFO Head: mr:17169.2 mrr:0.28 hits:0.63
2020-04-01 10:37:46,778 INFO Tail: mr:11915.9 mrr:1.52 hits:3.23
2020-04-01 10:37:46,778 INFO All: mr:14542.6 mrr:0.90 hits:1.93
2020-04-01 10:37:46,781 INFO Improved and model saved
2020-04-01 10:39:19,359 INFO [92.5] Epoch 10: loss = 0.0007
2020-04-01 10:40:49,917 INFO [90.6] Epoch 11: loss = 0.0007
2020-04-01 10:42:20,541 INFO [90.6] Epoch 12: loss = 0.0007
2020-04-01 10:43:51,528 INFO [91.0] Epoch 13: loss = 0.0007
2020-04-01 10:45:24,088 INFO [92.6] Epoch 14: loss = 0.0007
2020-04-01 10:46:55,640 INFO [91.6] Epoch 15: loss = 0.0007
2020-04-01 10:48:27,814 INFO [92.2] Epoch 16: loss = 0.0007
2020-04-01 10:50:01,043 INFO [93.2] Epoch 17: loss = 0.0007
2020-04-01 10:51:34,800 INFO [93.8] Epoch 18: loss = 0.0007
2020-04-01 10:53:07,210 INFO [92.4] Epoch 19: loss = 0.0007
2020-04-01 10:53:07,210 INFO Start Evaling...
2020-04-01 10:53:18,979 INFO Head: mr:15076.9 mrr:0.79 hits:1.12
2020-04-01 10:53:18,981 INFO Tail: mr:9970.2 mrr:2.04 hits:4.25
2020-04-01 10:53:18,982 INFO All: mr:12523.6 mrr:1.41 hits:2.69
2020-04-01 10:53:18,987 INFO Improved and model saved
2020-04-01 10:54:48,979 INFO [90.0] Epoch 20: loss = 0.0007
2020-04-01 10:56:18,010 INFO [89.0] Epoch 21: loss = 0.0007
2020-04-01 10:57:50,595 INFO [92.6] Epoch 22: loss = 0.0007
2020-04-01 10:59:21,090 INFO [90.5] Epoch 23: loss = 0.0007
2020-04-01 11:00:54,125 INFO [93.0] Epoch 24: loss = 0.0007
2020-04-01 11:02:26,273 INFO [92.1] Epoch 25: loss = 0.0007
2020-04-01 11:03:59,680 INFO [93.4] Epoch 26: loss = 0.0007
2020-04-01 11:05:31,729 INFO [92.0] Epoch 27: loss = 0.0007
2020-04-01 11:07:03,296 INFO [91.6] Epoch 28: loss = 0.0007
2020-04-01 11:08:37,141 INFO [93.8] Epoch 29: loss = 0.0007
2020-04-01 11:08:37,141 INFO Start Evaling...
2020-04-01 11:08:51,937 INFO Head: mr:12296.8 mrr:4.54 hits:6.82
2020-04-01 11:08:51,939 INFO Tail: mr:7875.4 mrr:6.24 hits:11.34
2020-04-01 11:08:51,940 INFO All: mr:10086.1 mrr:5.39 hits:9.08
2020-04-01 11:08:51,946 INFO Improved and model saved
2020-04-01 11:10:22,072 INFO [90.1] Epoch 30: loss = 0.0006
2020-04-01 11:11:54,284 INFO [92.2] Epoch 31: loss = 0.0006
2020-04-01 11:13:24,954 INFO [90.7] Epoch 32: loss = 0.0006
2020-04-01 11:14:58,165 INFO [93.2] Epoch 33: loss = 0.0006
2020-04-01 11:16:30,013 INFO [91.8] Epoch 34: loss = 0.0006
2020-04-01 11:18:01,016 INFO [91.0] Epoch 35: loss = 0.0006
2020-04-01 11:19:32,155 INFO [91.1] Epoch 36: loss = 0.0006
2020-04-01 11:21:01,363 INFO [89.2] Epoch 37: loss = 0.0006
2020-04-01 11:22:35,136 INFO [93.8] Epoch 38: loss = 0.0006
2020-04-01 11:24:09,167 INFO [94.0] Epoch 39: loss = 0.0006
2020-04-01 11:24:09,167 INFO Start Evaling...
2020-04-01 11:24:22,873 INFO Head: mr:9399.8 mrr:22.21 hits:29.24
2020-04-01 11:24:22,873 INFO Tail: mr:6341.3 mrr:24.05 hits:32.43
2020-04-01 11:24:22,873 INFO All: mr:7870.5 mrr:23.13 hits:30.83
2020-04-01 11:24:22,877 INFO Improved and model saved
2020-04-01 11:25:55,296 INFO [92.4] Epoch 40: loss = 0.0006
2020-04-01 11:27:24,245 INFO [88.9] Epoch 41: loss = 0.0006
2020-04-01 11:28:57,567 INFO [93.3] Epoch 42: loss = 0.0006
2020-04-01 11:30:26,971 INFO [89.4] Epoch 43: loss = 0.0006
2020-04-01 11:32:00,360 INFO [93.4] Epoch 44: loss = 0.0006
2020-04-01 11:33:32,375 INFO [92.0] Epoch 45: loss = 0.0006
2020-04-01 11:35:03,514 INFO [91.1] Epoch 46: loss = 0.0006
2020-04-01 11:36:37,323 INFO [93.8] Epoch 47: loss = 0.0006
2020-04-01 11:38:07,733 INFO [90.4] Epoch 48: loss = 0.0006
2020-04-01 11:39:42,243 INFO [94.5] Epoch 49: loss = 0.0006
2020-04-01 11:39:42,243 INFO Start Evaling...
2020-04-01 11:39:53,810 INFO Head: mr:7243.2 mrr:34.05 hits:39.98
2020-04-01 11:39:53,811 INFO Tail: mr:6056.5 mrr:36.53 hits:43.41
2020-04-01 11:39:53,813 INFO All: mr:6649.9 mrr:35.29 hits:41.69
2020-04-01 11:39:53,818 INFO Improved and model saved
2020-04-01 11:41:26,527 INFO [92.7] Epoch 50: loss = 0.0006
2020-04-01 11:42:59,328 INFO [92.8] Epoch 51: loss = 0.0006
2020-04-01 11:44:31,210 INFO [91.9] Epoch 52: loss = 0.0006
2020-04-01 11:46:04,178 INFO [93.0] Epoch 53: loss = 0.0006
2020-04-01 11:47:35,160 INFO [91.0] Epoch 54: loss = 0.0005
2020-04-01 11:49:06,545 INFO [91.4] Epoch 55: loss = 0.0005
2020-04-01 11:50:36,143 INFO [89.6] Epoch 56: loss = 0.0005
2020-04-01 11:52:10,318 INFO [94.2] Epoch 57: loss = 0.0005
2020-04-01 11:53:41,970 INFO [91.7] Epoch 58: loss = 0.0005
2020-04-01 11:55:15,320 INFO [93.3] Epoch 59: loss = 0.0005
2020-04-01 11:55:15,320 INFO Start Evaling...
2020-04-01 11:55:26,918 INFO Head: mr:6217.9 mrr:36.97 hits:42.88
2020-04-01 11:55:26,918 INFO Tail: mr:5992.9 mrr:40.03 hits:45.98
2020-04-01 11:55:26,918 INFO All: mr:6105.4 mrr:38.50 hits:44.43
2020-04-01 11:55:26,923 INFO Improved and model saved
2020-04-01 11:56:58,187 INFO [91.2] Epoch 60: loss = 0.0005
2020-04-01 11:58:30,724 INFO [92.5] Epoch 61: loss = 0.0005
2020-04-01 12:00:02,147 INFO [91.4] Epoch 62: loss = 0.0005
2020-04-01 12:01:33,485 INFO [91.3] Epoch 63: loss = 0.0005
2020-04-01 12:03:05,149 INFO [91.7] Epoch 64: loss = 0.0005
2020-04-01 12:04:36,339 INFO [91.2] Epoch 65: loss = 0.0005
2020-04-01 12:06:08,593 INFO [92.3] Epoch 66: loss = 0.0005
2020-04-01 12:07:40,371 INFO [91.8] Epoch 67: loss = 0.0005
2020-04-01 12:09:10,490 INFO [90.1] Epoch 68: loss = 0.0005
2020-04-01 12:10:41,237 INFO [90.7] Epoch 69: loss = 0.0005
2020-04-01 12:10:41,237 INFO Start Evaling...
2020-04-01 12:10:52,152 INFO Head: mr:5839.5 mrr:38.12 hits:44.73
2020-04-01 12:10:52,154 INFO Tail: mr:6092.8 mrr:41.75 hits:47.59
2020-04-01 12:10:52,155 INFO All: mr:5966.2 mrr:39.94 hits:46.16
2020-04-01 12:10:52,161 INFO Improved and model saved
2020-04-01 12:12:22,356 INFO [90.2] Epoch 70: loss = 0.0005
2020-04-01 12:13:53,520 INFO [91.2] Epoch 71: loss = 0.0005
2020-04-01 12:15:25,307 INFO [91.8] Epoch 72: loss = 0.0005
2020-04-01 12:16:56,453 INFO [91.1] Epoch 73: loss = 0.0005
2020-04-01 12:18:26,504 INFO [90.1] Epoch 74: loss = 0.0005
2020-04-01 12:19:56,351 INFO [89.8] Epoch 75: loss = 0.0005
2020-04-01 12:21:28,395 INFO [92.0] Epoch 76: loss = 0.0005
2020-04-01 12:22:59,771 INFO [91.4] Epoch 77: loss = 0.0005
2020-04-01 12:24:31,240 INFO [91.5] Epoch 78: loss = 0.0005
2020-04-01 12:26:01,739 INFO [90.5] Epoch 79: loss = 0.0005
2020-04-01 12:26:01,739 INFO Start Evaling...
2020-04-01 12:26:13,933 INFO Head: mr:5684.3 mrr:38.50 hits:45.12
2020-04-01 12:26:13,935 INFO Tail: mr:6360.9 mrr:42.20 hits:48.22
2020-04-01 12:26:13,936 INFO All: mr:6022.6 mrr:40.35 hits:46.67
2020-04-01 12:26:13,941 INFO Improved and model saved
2020-04-01 12:27:44,326 INFO [90.3] Epoch 80: loss = 0.0005
2020-04-01 12:29:12,717 INFO [88.4] Epoch 81: loss = 0.0005
2020-04-01 12:30:44,007 INFO [91.3] Epoch 82: loss = 0.0005
2020-04-01 12:32:15,584 INFO [91.6] Epoch 83: loss = 0.0005
2020-04-01 12:33:44,417 INFO [88.8] Epoch 84: loss = 0.0005
2020-04-01 12:35:16,296 INFO [91.9] Epoch 85: loss = 0.0005
2020-04-01 12:36:46,326 INFO [90.0] Epoch 86: loss = 0.0005
2020-04-01 12:38:19,393 INFO [93.1] Epoch 87: loss = 0.0005
2020-04-01 12:39:52,247 INFO [92.9] Epoch 88: loss = 0.0005
2020-04-01 12:41:20,426 INFO [88.2] Epoch 89: loss = 0.0005
2020-04-01 12:41:20,427 INFO Start Evaling...
2020-04-01 12:41:31,070 INFO Head: mr:5706.6 mrr:38.83 hits:45.88
2020-04-01 12:41:31,070 INFO Tail: mr:6463.2 mrr:42.31 hits:48.85
2020-04-01 12:41:31,070 INFO All: mr:6084.9 mrr:40.57 hits:47.36
2020-04-01 12:41:31,076 INFO Improved and model saved
2020-04-01 12:42:58,688 INFO [87.6] Epoch 90: loss = 0.0005
2020-04-01 12:44:26,795 INFO [88.1] Epoch 91: loss = 0.0005
2020-04-01 12:45:56,045 INFO [89.2] Epoch 92: loss = 0.0005
2020-04-01 12:47:25,789 INFO [89.7] Epoch 93: loss = 0.0005
2020-04-01 12:48:56,653 INFO [90.9] Epoch 94: loss = 0.0005
2020-04-01 12:50:25,050 INFO [88.4] Epoch 95: loss = 0.0005
2020-04-01 12:51:53,529 INFO [88.5] Epoch 96: loss = 0.0005
2020-04-01 12:53:22,749 INFO [89.2] Epoch 97: loss = 0.0005
2020-04-01 12:54:55,218 INFO [92.5] Epoch 98: loss = 0.0005
2020-04-01 12:56:23,740 INFO [88.5] Epoch 99: loss = 0.0005
2020-04-01 12:56:23,741 INFO Start Evaling...
2020-04-01 12:56:33,474 INFO Head: mr:5716.0 mrr:39.08 hits:46.08
2020-04-01 12:56:33,475 INFO Tail: mr:6668.5 mrr:42.21 hits:49.67
2020-04-01 12:56:33,477 INFO All: mr:6192.2 mrr:40.64 hits:47.87
2020-04-01 12:56:33,481 INFO Improved and model saved
2020-04-01 12:58:02,023 INFO [88.5] Epoch 100: loss = 0.0005
2020-04-01 12:59:28,983 INFO [87.0] Epoch 101: loss = 0.0005
2020-04-01 13:00:57,386 INFO [88.4] Epoch 102: loss = 0.0005
2020-04-01 13:02:28,098 INFO [90.7] Epoch 103: loss = 0.0005
2020-04-01 13:04:00,215 INFO [92.1] Epoch 104: loss = 0.0005
2020-04-01 13:05:29,487 INFO [89.3] Epoch 105: loss = 0.0005
2020-04-01 13:06:59,456 INFO [90.0] Epoch 106: loss = 0.0005
2020-04-01 13:08:30,547 INFO [91.1] Epoch 107: loss = 0.0005
2020-04-01 13:10:01,453 INFO [90.9] Epoch 108: loss = 0.0005
2020-04-01 13:11:34,910 INFO [93.5] Epoch 109: loss = 0.0005
2020-04-01 13:11:34,910 INFO Start Evaling...
2020-04-01 13:11:45,720 INFO Head: mr:5669.3 mrr:39.18 hits:45.95
2020-04-01 13:11:45,720 INFO Tail: mr:6724.8 mrr:42.64 hits:49.18
2020-04-01 13:11:45,720 INFO All: mr:6197.1 mrr:40.91 hits:47.56
2020-04-01 13:11:45,737 INFO Declined in recent 1 epochs
2020-04-01 13:13:16,739 INFO [91.0] Epoch 110: loss = 0.0005
2020-04-01 13:14:47,251 INFO [90.5] Epoch 111: loss = 0.0005
2020-04-01 13:16:20,110 INFO [92.9] Epoch 112: loss = 0.0005
2020-04-01 13:17:52,440 INFO [92.3] Epoch 113: loss = 0.0005
2020-04-01 13:19:24,382 INFO [91.9] Epoch 114: loss = 0.0005
2020-04-01 13:20:58,180 INFO [93.8] Epoch 115: loss = 0.0005
2020-04-01 13:22:30,529 INFO [92.3] Epoch 116: loss = 0.0005
2020-04-01 13:23:59,729 INFO [89.2] Epoch 117: loss = 0.0005
2020-04-01 13:25:30,262 INFO [90.5] Epoch 118: loss = 0.0005
2020-04-01 13:26:55,567 INFO [85.3] Epoch 119: loss = 0.0005
2020-04-01 13:26:55,568 INFO Start Evaling...
2020-04-01 13:27:05,468 INFO Head: mr:5727.2 mrr:39.66 hits:46.90
2020-04-01 13:27:05,469 INFO Tail: mr:6903.1 mrr:42.52 hits:49.80
2020-04-01 13:27:05,471 INFO All: mr:6315.1 mrr:41.09 hits:48.35
2020-04-01 13:27:05,476 INFO Improved and model saved
2020-04-01 13:28:35,084 INFO [89.6] Epoch 120: loss = 0.0005
2020-04-01 13:30:02,346 INFO [87.3] Epoch 121: loss = 0.0005
2020-04-01 13:31:32,364 INFO [90.0] Epoch 122: loss = 0.0005
2020-04-01 13:33:02,531 INFO [90.2] Epoch 123: loss = 0.0005
2020-04-01 13:34:29,407 INFO [86.9] Epoch 124: loss = 0.0005
2020-04-01 13:36:00,131 INFO [90.7] Epoch 125: loss = 0.0005
2020-04-01 13:37:27,147 INFO [87.0] Epoch 126: loss = 0.0005
2020-04-01 13:39:01,541 INFO [94.4] Epoch 127: loss = 0.0005
2020-04-01 13:40:29,642 INFO [88.1] Epoch 128: loss = 0.0005
2020-04-01 13:41:59,241 INFO [89.6] Epoch 129: loss = 0.0005
2020-04-01 13:41:59,241 INFO Start Evaling...
2020-04-01 13:42:08,287 INFO Head: mr:5644.5 mrr:39.32 hits:46.67
2020-04-01 13:42:08,287 INFO Tail: mr:7027.0 mrr:42.89 hits:49.74
2020-04-01 13:42:08,287 INFO All: mr:6335.7 mrr:41.11 hits:48.20
2020-04-01 13:42:08,291 INFO Declined in recent 1 epochs
2020-04-01 13:43:33,738 INFO [85.4] Epoch 130: loss = 0.0005
2020-04-01 13:45:02,625 INFO [88.9] Epoch 131: loss = 0.0005
2020-04-01 13:46:30,419 INFO [87.8] Epoch 132: loss = 0.0005
2020-04-01 13:47:57,407 INFO [87.0] Epoch 133: loss = 0.0005
2020-04-01 13:49:25,486 INFO [88.1] Epoch 134: loss = 0.0005
2020-04-01 13:50:52,747 INFO [87.3] Epoch 135: loss = 0.0005
2020-04-01 13:52:21,165 INFO [88.4] Epoch 136: loss = 0.0005
2020-04-01 13:53:48,279 INFO [87.1] Epoch 137: loss = 0.0005
2020-04-01 13:55:19,573 INFO [91.3] Epoch 138: loss = 0.0005
2020-04-01 13:56:47,051 INFO [87.5] Epoch 139: loss = 0.0005
2020-04-01 13:56:47,051 INFO Start Evaling...
2020-04-01 13:56:55,963 INFO Head: mr:5845.5 mrr:39.47 hits:46.74
2020-04-01 13:56:55,965 INFO Tail: mr:7069.0 mrr:42.62 hits:50.00
2020-04-01 13:56:55,966 INFO All: mr:6457.3 mrr:41.05 hits:48.37
2020-04-01 13:56:55,972 INFO Improved and model saved
2020-04-01 13:58:25,426 INFO [89.4] Epoch 140: loss = 0.0005
2020-04-01 13:59:52,292 INFO [86.9] Epoch 141: loss = 0.0005
2020-04-01 14:01:24,722 INFO [92.4] Epoch 142: loss = 0.0005
2020-04-01 14:02:52,994 INFO [88.3] Epoch 143: loss = 0.0005
2020-04-01 14:04:21,377 INFO [88.4] Epoch 144: loss = 0.0005
2020-04-01 14:05:53,271 INFO [91.9] Epoch 145: loss = 0.0005
2020-04-01 14:07:21,554 INFO [88.3] Epoch 146: loss = 0.0005
2020-04-01 14:08:47,681 INFO [86.1] Epoch 147: loss = 0.0005
2020-04-01 14:10:15,619 INFO [87.9] Epoch 148: loss = 0.0005
2020-04-01 14:11:46,300 INFO [90.7] Epoch 149: loss = 0.0005
2020-04-01 14:11:46,300 INFO Start Evaling...
2020-04-01 14:11:55,477 INFO Head: mr:5686.7 mrr:39.40 hits:46.84
2020-04-01 14:11:55,479 INFO Tail: mr:7039.7 mrr:42.84 hits:49.67
2020-04-01 14:11:55,480 INFO All: mr:6363.2 mrr:41.12 hits:48.25
2020-04-01 14:11:55,485 INFO Declined in recent 1 epochs
2020-04-01 14:13:25,684 INFO [90.2] Epoch 150: loss = 0.0005
2020-04-01 14:14:55,101 INFO [89.4] Epoch 151: loss = 0.0005
2020-04-01 14:16:26,001 INFO [90.9] Epoch 152: loss = 0.0005
2020-04-01 14:17:55,085 INFO [89.1] Epoch 153: loss = 0.0005
2020-04-01 14:19:23,215 INFO [88.1] Epoch 154: loss = 0.0005
2020-04-01 14:20:50,836 INFO [87.6] Epoch 155: loss = 0.0005
2020-04-01 14:22:17,861 INFO [87.0] Epoch 156: loss = 0.0005
2020-04-01 14:23:45,441 INFO [87.6] Epoch 157: loss = 0.0005
2020-04-01 14:25:16,405 INFO [91.0] Epoch 158: loss = 0.0005
2020-04-01 14:26:45,470 INFO [89.1] Epoch 159: loss = 0.0005
2020-04-01 14:26:45,471 INFO Start Evaling...
2020-04-01 14:26:54,588 INFO Head: mr:5732.4 mrr:39.30 hits:46.87
2020-04-01 14:26:54,588 INFO Tail: mr:7169.3 mrr:42.45 hits:49.64
2020-04-01 14:26:54,588 INFO All: mr:6450.9 mrr:40.87 hits:48.25
2020-04-01 14:26:54,592 INFO Declined in recent 2 epochs
2020-04-01 14:28:25,459 INFO [90.9] Epoch 160: loss = 0.0005
2020-04-01 14:29:54,492 INFO [89.0] Epoch 161: loss = 0.0005
2020-04-01 14:31:23,274 INFO [88.8] Epoch 162: loss = 0.0005
2020-04-01 14:32:51,297 INFO [88.0] Epoch 163: loss = 0.0005
2020-04-01 14:34:19,413 INFO [88.1] Epoch 164: loss = 0.0005
2020-04-01 14:35:49,351 INFO [89.9] Epoch 165: loss = 0.0005
2020-04-01 14:37:19,224 INFO [89.9] Epoch 166: loss = 0.0005
2020-04-01 14:38:50,622 INFO [91.4] Epoch 167: loss = 0.0005
2020-04-01 14:40:22,910 INFO [92.3] Epoch 168: loss = 0.0005
2020-04-01 14:41:58,755 INFO [95.8] Epoch 169: loss = 0.0005
2020-04-01 14:41:58,756 INFO Start Evaling...
2020-04-01 14:42:08,012 INFO Head: mr:5636.3 mrr:39.62 hits:47.33
2020-04-01 14:42:08,014 INFO Tail: mr:7133.7 mrr:42.61 hits:49.67
2020-04-01 14:42:08,016 INFO All: mr:6385.0 mrr:41.11 hits:48.50
2020-04-01 14:42:08,021 INFO Improved and model saved
2020-04-01 14:43:54,544 INFO [106.5] Epoch 170: loss = 0.0005
2020-04-01 14:45:45,987 INFO [111.4] Epoch 171: loss = 0.0005
2020-04-01 14:47:38,788 INFO [112.8] Epoch 172: loss = 0.0005
2020-04-01 14:49:30,846 INFO [112.1] Epoch 173: loss = 0.0005
2020-04-01 14:51:09,835 INFO [99.0] Epoch 174: loss = 0.0005
2020-04-01 14:52:40,631 INFO [90.8] Epoch 175: loss = 0.0005
2020-04-01 14:54:12,840 INFO [92.2] Epoch 176: loss = 0.0005
2020-04-01 14:55:44,568 INFO [91.7] Epoch 177: loss = 0.0005
2020-04-01 14:57:14,055 INFO [89.5] Epoch 178: loss = 0.0005
2020-04-01 14:58:44,806 INFO [90.8] Epoch 179: loss = 0.0005
2020-04-01 14:58:44,807 INFO Start Evaling...
2020-04-01 14:58:54,490 INFO Head: mr:5661.2 mrr:39.75 hits:47.13
2020-04-01 14:58:54,491 INFO Tail: mr:7193.0 mrr:42.57 hits:49.51
2020-04-01 14:58:54,493 INFO All: mr:6427.1 mrr:41.16 hits:48.32
2020-04-01 14:58:54,498 INFO Declined in recent 1 epochs
2020-04-01 15:00:24,628 INFO [90.1] Epoch 180: loss = 0.0005
2020-04-01 15:01:54,744 INFO [90.1] Epoch 181: loss = 0.0005
2020-04-01 15:03:25,786 INFO [91.0] Epoch 182: loss = 0.0005
2020-04-01 15:04:53,610 INFO [87.8] Epoch 183: loss = 0.0005
2020-04-01 15:06:23,348 INFO [89.7] Epoch 184: loss = 0.0005
2020-04-01 15:07:48,914 INFO [85.6] Epoch 185: loss = 0.0005
2020-04-01 15:09:17,216 INFO [88.3] Epoch 186: loss = 0.0005
2020-04-01 15:10:47,473 INFO [90.3] Epoch 187: loss = 0.0005
2020-04-01 15:12:16,497 INFO [89.0] Epoch 188: loss = 0.0005
2020-04-01 15:13:46,865 INFO [90.4] Epoch 189: loss = 0.0005
2020-04-01 15:13:46,866 INFO Start Evaling...
2020-04-01 15:13:56,275 INFO Head: mr:5644.3 mrr:39.68 hits:47.50
2020-04-01 15:13:56,278 INFO Tail: mr:7139.1 mrr:42.49 hits:50.00
2020-04-01 15:13:56,279 INFO All: mr:6391.7 mrr:41.08 hits:48.75
2020-04-01 15:13:56,284 INFO Improved and model saved
2020-04-01 15:15:26,884 INFO [90.6] Epoch 190: loss = 0.0005
2020-04-01 15:16:55,306 INFO [88.4] Epoch 191: loss = 0.0005
2020-04-01 15:18:26,769 INFO [91.5] Epoch 192: loss = 0.0005
2020-04-01 15:19:54,748 INFO [88.0] Epoch 193: loss = 0.0005
2020-04-01 15:21:24,205 INFO [89.5] Epoch 194: loss = 0.0005
2020-04-01 15:22:54,782 INFO [90.6] Epoch 195: loss = 0.0005
2020-04-01 15:24:23,194 INFO [88.4] Epoch 196: loss = 0.0005
2020-04-01 15:25:54,454 INFO [91.3] Epoch 197: loss = 0.0005
2020-04-01 15:27:23,742 INFO [89.3] Epoch 198: loss = 0.0005
2020-04-01 15:28:52,854 INFO [89.1] Epoch 199: loss = 0.0005
2020-04-01 15:28:52,854 INFO Start Evaling...
2020-04-01 15:29:02,526 INFO Head: mr:5673.8 mrr:39.73 hits:47.92
2020-04-01 15:29:02,527 INFO Tail: mr:7311.0 mrr:42.59 hits:50.07
2020-04-01 15:29:02,529 INFO All: mr:6492.4 mrr:41.16 hits:48.99
2020-04-01 15:29:02,534 INFO Improved and model saved
2020-04-01 15:30:32,435 INFO [89.9] Epoch 200: loss = 0.0005
2020-04-01 15:32:02,419 INFO [90.0] Epoch 201: loss = 0.0005
2020-04-01 15:33:33,443 INFO [91.0] Epoch 202: loss = 0.0005
2020-04-01 15:35:01,654 INFO [88.2] Epoch 203: loss = 0.0005
2020-04-01 15:36:30,979 INFO [89.3] Epoch 204: loss = 0.0005
2020-04-01 15:38:02,030 INFO [91.1] Epoch 205: loss = 0.0005
2020-04-01 15:39:31,116 INFO [89.1] Epoch 206: loss = 0.0005
2020-04-01 15:40:59,023 INFO [87.9] Epoch 207: loss = 0.0005
2020-04-01 15:42:30,892 INFO [91.9] Epoch 208: loss = 0.0005
2020-04-01 15:44:03,142 INFO [92.2] Epoch 209: loss = 0.0005
2020-04-01 15:44:03,142 INFO Start Evaling...
2020-04-01 15:44:11,804 INFO Head: mr:5698.4 mrr:40.06 hits:47.36
2020-04-01 15:44:11,806 INFO Tail: mr:7223.4 mrr:42.86 hits:49.90
2020-04-01 15:44:11,807 INFO All: mr:6460.9 mrr:41.46 hits:48.63
2020-04-01 15:44:11,812 INFO Declined in recent 1 epochs
2020-04-01 15:45:32,740 INFO [80.9] Epoch 210: loss = 0.0005
2020-04-01 15:46:48,197 INFO [75.5] Epoch 211: loss = 0.0005
2020-04-01 15:48:18,105 INFO [89.9] Epoch 212: loss = 0.0005
2020-04-01 15:49:40,419 INFO [82.3] Epoch 213: loss = 0.0005
2020-04-01 15:51:04,015 INFO [83.6] Epoch 214: loss = 0.0005
2020-04-01 15:52:39,282 INFO [95.3] Epoch 215: loss = 0.0005
2020-04-01 15:54:15,628 INFO [96.3] Epoch 216: loss = 0.0005
2020-04-01 15:55:50,956 INFO [95.3] Epoch 217: loss = 0.0005
2020-04-01 15:57:26,160 INFO [95.2] Epoch 218: loss = 0.0005
2020-04-01 15:58:58,496 INFO [92.3] Epoch 219: loss = 0.0005
2020-04-01 15:58:58,496 INFO Start Evaling...
2020-04-01 15:59:08,927 INFO Head: mr:5715.0 mrr:39.70 hits:47.92
2020-04-01 15:59:08,932 INFO Tail: mr:7358.3 mrr:42.59 hits:49.67
2020-04-01 15:59:08,934 INFO All: mr:6536.7 mrr:41.15 hits:48.80
2020-04-01 15:59:08,939 INFO Declined in recent 2 epochs
2020-04-01 16:00:43,870 INFO [94.9] Epoch 220: loss = 0.0005
2020-04-01 16:02:18,451 INFO [94.6] Epoch 221: loss = 0.0005
2020-04-01 16:03:52,169 INFO [93.7] Epoch 222: loss = 0.0005
2020-04-01 16:05:27,660 INFO [95.5] Epoch 223: loss = 0.0005
2020-04-01 16:07:04,741 INFO [97.1] Epoch 224: loss = 0.0005
2020-04-01 16:08:40,859 INFO [96.1] Epoch 225: loss = 0.0005
2020-04-01 16:10:18,300 INFO [97.4] Epoch 226: loss = 0.0005
2020-04-01 16:11:52,009 INFO [93.7] Epoch 227: loss = 0.0005
2020-04-01 16:13:28,032 INFO [96.0] Epoch 228: loss = 0.0005
2020-04-01 16:15:02,657 INFO [94.6] Epoch 229: loss = 0.0005
2020-04-01 16:15:02,657 INFO Start Evaling...
2020-04-01 16:15:15,462 INFO Head: mr:5695.0 mrr:39.71 hits:47.10
2020-04-01 16:15:15,463 INFO Tail: mr:7363.9 mrr:42.52 hits:49.87
2020-04-01 16:15:15,465 INFO All: mr:6529.5 mrr:41.12 hits:48.48
2020-04-01 16:15:15,471 INFO Declined in recent 3 epochs
2020-04-01 16:16:47,297 INFO [91.8] Epoch 230: loss = 0.0005
2020-04-01 16:18:20,015 INFO [92.7] Epoch 231: loss = 0.0005
2020-04-01 16:19:52,636 INFO [92.6] Epoch 232: loss = 0.0005
2020-04-01 16:21:24,881 INFO [92.2] Epoch 233: loss = 0.0005
2020-04-01 16:22:58,607 INFO [93.7] Epoch 234: loss = 0.0005
2020-04-01 16:24:32,998 INFO [94.4] Epoch 235: loss = 0.0005
2020-04-01 16:26:05,634 INFO [92.6] Epoch 236: loss = 0.0005
2020-04-01 16:27:39,607 INFO [94.0] Epoch 237: loss = 0.0005
2020-04-01 16:29:13,519 INFO [93.9] Epoch 238: loss = 0.0005
2020-04-01 16:30:48,306 INFO [94.8] Epoch 239: loss = 0.0005
2020-04-01 16:30:48,306 INFO Start Evaling...
2020-04-01 16:31:01,565 INFO Head: mr:5735.0 mrr:39.67 hits:47.76
2020-04-01 16:31:01,565 INFO Tail: mr:7355.1 mrr:42.66 hits:49.67
2020-04-01 16:31:01,565 INFO All: mr:6545.0 mrr:41.17 hits:48.71
2020-04-01 16:31:01,570 INFO Declined in recent 4 epochs
2020-04-01 16:32:34,274 INFO [92.7] Epoch 240: loss = 0.0005
2020-04-01 16:34:06,002 INFO [91.7] Epoch 241: loss = 0.0005
2020-04-01 16:35:39,439 INFO [93.4] Epoch 242: loss = 0.0005
2020-04-01 16:37:14,292 INFO [94.9] Epoch 243: loss = 0.0005
2020-04-01 16:38:47,385 INFO [93.1] Epoch 244: loss = 0.0005
2020-04-01 16:40:20,615 INFO [93.2] Epoch 245: loss = 0.0005
2020-04-01 16:41:54,390 INFO [93.8] Epoch 246: loss = 0.0005
2020-04-01 16:43:26,419 INFO [92.0] Epoch 247: loss = 0.0005
2020-04-01 16:44:59,152 INFO [92.7] Epoch 248: loss = 0.0005
2020-04-01 16:46:31,229 INFO [92.1] Epoch 249: loss = 0.0005
2020-04-01 16:46:31,230 INFO Start Evaling...
2020-04-01 16:46:46,348 INFO Head: mr:5732.1 mrr:39.62 hits:47.76
2020-04-01 16:46:46,353 INFO Tail: mr:7350.6 mrr:42.69 hits:50.07
2020-04-01 16:46:46,355 INFO All: mr:6541.3 mrr:41.16 hits:48.91
2020-04-01 16:46:46,361 INFO Declined in recent 5 epochs
2020-04-01 16:46:46,364 INFO Early stopping
2020-04-01 16:46:46,365 INFO Train done
2020-04-01 16:46:46,377 INFO Start Evaling...
2020-04-01 16:46:58,411 INFO Head: mr:5653.6 mrr:39.16 hits:46.94
2020-04-01 16:46:58,413 INFO Tail: mr:7273.9 mrr:42.84 hits:50.64
2020-04-01 16:46:58,414 INFO All: mr:6463.8 mrr:41.00 hits:48.79
