2020-04-14 19:35:09,613 INFO EPOCH: 1000
2020-04-14 19:35:09,614 INFO EVERY: 10
2020-04-14 19:35:09,614 INFO LR: 0.001
2020-04-14 19:35:09,614 INFO DIM: 100
2020-04-14 19:35:09,614 INFO BATCH_SIZE: 128
2020-04-14 19:35:09,614 INFO BATCH_SIZE2: 50
2020-04-14 19:35:09,614 INFO P: 1
2020-04-14 19:35:09,614 INFO CLIPPING_MAX_VALUE: 4.0
2020-04-14 19:35:09,614 INFO OPTIM: Adam
2020-04-14 19:35:09,614 INFO N_SAMPLE: 12
2020-04-14 19:35:09,614 INFO MODE: 1all
2020-04-14 19:35:09,614 INFO GAMMA: 12.0
2020-04-14 19:35:09,614 INFO BERN: True
2020-04-14 19:35:09,614 INFO MARGIN: 4.0
2020-04-14 19:35:09,614 INFO REG: 1.0
2020-04-14 19:35:09,614 INFO LABEL_SMOOTH_EPS: 0.1
2020-04-14 19:35:09,614 INFO INPUT_DROP: 0.2
2020-04-14 19:35:09,614 INFO FEAT_DROP: 0.2
2020-04-14 19:35:09,614 INFO HIDD_DROP: 0.3
2020-04-14 19:35:09,614 INFO CHANNELS: 50
2020-04-14 19:35:09,614 INFO KERNEL_SIZE: 3
2020-04-14 19:35:09,614 INFO N_POOL: 100
2020-04-14 19:35:09,614 INFO MODEL_D: TransH
2020-04-14 19:35:09,614 INFO MODEL_G: DistMult
2020-04-14 19:35:09,614 INFO SCRATCH: False
2020-04-14 19:35:09,615 INFO D_FILE: None
2020-04-14 19:35:09,615 INFO G_FILE: None
2020-04-14 19:35:09,615 INFO PATH: data
2020-04-14 19:35:09,615 INFO DATA: WN18RR
2020-04-14 19:35:09,615 INFO EXP_PATH: experiment/WN18RR
2020-04-14 19:35:09,615 INFO MODEL: DistMult
2020-04-14 19:35:09,615 INFO V: 0
2020-04-14 19:35:09,615 INFO F: False
2020-04-14 19:35:09,615 INFO EVAL: False
2020-04-14 19:35:09,615 INFO TRAINED: False
2020-04-14 19:35:09,615 INFO PRETRAINED_NAME: None
2020-04-14 19:35:09,615 INFO EXP_NAME: DistMult-WN18RR-1all-0
2020-04-14 19:35:09,615 INFO --------------------------------------
2020-04-14 19:35:12,034 INFO Dataload done
2020-04-14 19:35:12,034 INFO --------------------------------------
2020-04-14 19:35:12,035 INFO N_ENTITY: 40943
2020-04-14 19:35:12,035 INFO N_RELATION: 11
2020-04-14 19:35:12,035 INFO --------------------------------------
2020-04-14 19:35:21,009 INFO Start Evaling...
2020-04-14 19:35:29,013 INFO Head: mr:20588.5 mrr:0.02 hits:0.00
2020-04-14 19:35:29,013 INFO Tail: mr:20632.1 mrr:0.02 hits:0.00
2020-04-14 19:35:29,013 INFO All: mr:20610.3 mrr:0.02 hits:0.00
2020-04-14 19:35:29,016 INFO Start Training...
2020-04-14 19:37:46,195 INFO [137.2] Epoch 0: loss = 0.1517
2020-04-14 19:40:09,664 INFO [143.5] Epoch 1: loss = 0.0015
2020-04-14 19:42:33,095 INFO [143.4] Epoch 2: loss = 0.0008
2020-04-14 19:44:55,265 INFO [142.2] Epoch 3: loss = 0.0007
2020-04-14 19:47:18,677 INFO [143.4] Epoch 4: loss = 0.0006
2020-04-14 19:49:42,675 INFO [144.0] Epoch 5: loss = 0.0006
2020-04-14 19:52:06,592 INFO [143.9] Epoch 6: loss = 0.0006
2020-04-14 19:54:30,441 INFO [143.8] Epoch 7: loss = 0.0005
2020-04-14 19:56:55,921 INFO [145.5] Epoch 8: loss = 0.0005
2020-04-14 19:59:19,988 INFO [144.1] Epoch 9: loss = 0.0005
2020-04-14 19:59:19,989 INFO Start Evaling...
2020-04-14 19:59:28,219 INFO Head: mr:16245.8 mrr:0.09 hits:0.07
2020-04-14 19:59:28,221 INFO Tail: mr:11056.2 mrr:0.18 hits:0.13
2020-04-14 19:59:28,223 INFO All: mr:13651.0 mrr:0.14 hits:0.10
2020-04-14 19:59:28,228 INFO Improved and model saved
2020-04-14 20:01:50,782 INFO [142.5] Epoch 10: loss = 0.0005
2020-04-14 20:04:10,861 INFO [140.1] Epoch 11: loss = 0.0005
2020-04-14 20:06:35,446 INFO [144.6] Epoch 12: loss = 0.0005
2020-04-14 20:08:56,904 INFO [141.5] Epoch 13: loss = 0.0005
2020-04-14 20:11:18,470 INFO [141.6] Epoch 14: loss = 0.0005
2020-04-14 20:13:39,547 INFO [141.1] Epoch 15: loss = 0.0005
2020-04-14 20:16:02,920 INFO [143.4] Epoch 16: loss = 0.0005
2020-04-14 20:18:25,505 INFO [142.6] Epoch 17: loss = 0.0005
2020-04-14 20:20:51,290 INFO [145.8] Epoch 18: loss = 0.0005
2020-04-14 20:23:12,942 INFO [141.7] Epoch 19: loss = 0.0005
2020-04-14 20:23:12,943 INFO Start Evaling...
2020-04-14 20:23:21,176 INFO Head: mr:13437.6 mrr:2.17 hits:3.69
2020-04-14 20:23:21,178 INFO Tail: mr:8727.1 mrr:2.28 hits:4.58
2020-04-14 20:23:21,180 INFO All: mr:11082.3 mrr:2.22 hits:4.14
2020-04-14 20:23:21,185 INFO Improved and model saved
2020-04-14 20:25:45,574 INFO [144.4] Epoch 20: loss = 0.0005
2020-04-14 20:28:07,438 INFO [141.9] Epoch 21: loss = 0.0005
2020-04-14 20:30:26,705 INFO [139.3] Epoch 22: loss = 0.0005
2020-04-14 20:32:49,872 INFO [143.2] Epoch 23: loss = 0.0005
2020-04-14 20:35:12,662 INFO [142.8] Epoch 24: loss = 0.0005
2020-04-14 20:37:36,201 INFO [143.5] Epoch 25: loss = 0.0005
2020-04-14 20:40:02,257 INFO [146.1] Epoch 26: loss = 0.0005
2020-04-14 20:42:26,583 INFO [144.3] Epoch 27: loss = 0.0005
2020-04-14 20:44:52,288 INFO [145.7] Epoch 28: loss = 0.0005
2020-04-14 20:47:17,589 INFO [145.3] Epoch 29: loss = 0.0005
2020-04-14 20:47:17,590 INFO Start Evaling...
2020-04-14 20:47:25,783 INFO Head: mr:11666.9 mrr:12.87 hits:18.82
2020-04-14 20:47:25,786 INFO Tail: mr:7729.9 mrr:13.29 hits:19.38
2020-04-14 20:47:25,787 INFO All: mr:9698.4 mrr:13.08 hits:19.10
2020-04-14 20:47:25,792 INFO Improved and model saved
2020-04-14 20:49:48,212 INFO [142.4] Epoch 30: loss = 0.0005
2020-04-14 20:52:11,399 INFO [143.2] Epoch 31: loss = 0.0005
2020-04-14 20:54:34,661 INFO [143.3] Epoch 32: loss = 0.0005
2020-04-14 20:56:57,036 INFO [142.4] Epoch 33: loss = 0.0005
2020-04-14 20:59:20,483 INFO [143.4] Epoch 34: loss = 0.0005
2020-04-14 21:01:45,000 INFO [144.5] Epoch 35: loss = 0.0005
2020-04-14 21:04:08,749 INFO [143.7] Epoch 36: loss = 0.0005
2020-04-14 21:06:32,135 INFO [143.4] Epoch 37: loss = 0.0005
2020-04-14 21:08:55,964 INFO [143.8] Epoch 38: loss = 0.0005
2020-04-14 21:11:18,863 INFO [142.9] Epoch 39: loss = 0.0005
2020-04-14 21:11:18,863 INFO Start Evaling...
2020-04-14 21:11:27,073 INFO Head: mr:10435.1 mrr:22.64 hits:30.39
2020-04-14 21:11:27,075 INFO Tail: mr:7734.0 mrr:22.92 hits:30.26
2020-04-14 21:11:27,077 INFO All: mr:9084.6 mrr:22.78 hits:30.32
2020-04-14 21:11:27,082 INFO Improved and model saved
2020-04-14 21:13:49,502 INFO [142.4] Epoch 40: loss = 0.0005
2020-04-14 21:16:14,131 INFO [144.6] Epoch 41: loss = 0.0005
2020-04-14 21:18:37,686 INFO [143.6] Epoch 42: loss = 0.0005
2020-04-14 21:21:00,447 INFO [142.8] Epoch 43: loss = 0.0005
2020-04-14 21:23:21,430 INFO [141.0] Epoch 44: loss = 0.0005
2020-04-14 21:25:48,176 INFO [146.7] Epoch 45: loss = 0.0005
2020-04-14 21:28:16,141 INFO [148.0] Epoch 46: loss = 0.0005
2020-04-14 21:30:41,134 INFO [145.0] Epoch 47: loss = 0.0005
2020-04-14 21:33:08,732 INFO [147.6] Epoch 48: loss = 0.0005
2020-04-14 21:35:32,790 INFO [144.1] Epoch 49: loss = 0.0005
2020-04-14 21:35:32,791 INFO Start Evaling...
2020-04-14 21:35:41,512 INFO Head: mr:9606.7 mrr:26.38 hits:35.27
2020-04-14 21:35:41,515 INFO Tail: mr:8262.7 mrr:26.73 hits:35.56
2020-04-14 21:35:41,517 INFO All: mr:8934.7 mrr:26.56 hits:35.42
2020-04-14 21:35:41,521 INFO Improved and model saved
2020-04-14 21:38:09,905 INFO [148.4] Epoch 50: loss = 0.0005
2020-04-14 21:40:38,907 INFO [149.0] Epoch 51: loss = 0.0005
2020-04-14 21:43:07,269 INFO [148.4] Epoch 52: loss = 0.0005
2020-04-14 21:45:37,368 INFO [150.1] Epoch 53: loss = 0.0005
2020-04-14 21:48:03,061 INFO [145.7] Epoch 54: loss = 0.0005
2020-04-14 21:50:31,708 INFO [148.6] Epoch 55: loss = 0.0005
2020-04-14 21:52:59,112 INFO [147.4] Epoch 56: loss = 0.0005
2020-04-14 21:55:32,117 INFO [153.0] Epoch 57: loss = 0.0005
2020-04-14 21:58:05,511 INFO [153.4] Epoch 58: loss = 0.0005
2020-04-14 22:00:37,567 INFO [152.1] Epoch 59: loss = 0.0005
2020-04-14 22:00:37,567 INFO Start Evaling...
2020-04-14 22:00:46,937 INFO Head: mr:9193.7 mrr:27.42 hits:37.15
2020-04-14 22:00:46,940 INFO Tail: mr:8883.3 mrr:27.84 hits:38.37
2020-04-14 22:00:46,941 INFO All: mr:9038.5 mrr:27.63 hits:37.76
2020-04-14 22:00:46,946 INFO Improved and model saved
2020-04-14 22:03:12,995 INFO [146.0] Epoch 60: loss = 0.0005
2020-04-14 22:05:40,493 INFO [147.5] Epoch 61: loss = 0.0005
2020-04-14 22:08:07,926 INFO [147.4] Epoch 62: loss = 0.0005
2020-04-14 22:10:35,138 INFO [147.2] Epoch 63: loss = 0.0005
2020-04-14 22:13:01,709 INFO [146.6] Epoch 64: loss = 0.0005
2020-04-14 22:15:30,991 INFO [149.3] Epoch 65: loss = 0.0005
2020-04-14 22:18:01,449 INFO [150.5] Epoch 66: loss = 0.0005
2020-04-14 22:20:26,172 INFO [144.7] Epoch 67: loss = 0.0005
2020-04-14 22:22:55,706 INFO [149.5] Epoch 68: loss = 0.0005
2020-04-14 22:25:21,426 INFO [145.7] Epoch 69: loss = 0.0005
2020-04-14 22:25:21,429 INFO Start Evaling...
2020-04-14 22:25:30,688 INFO Head: mr:8931.8 mrr:27.50 hits:38.30
2020-04-14 22:25:30,690 INFO Tail: mr:9250.6 mrr:28.12 hits:39.29
2020-04-14 22:25:30,692 INFO All: mr:9091.2 mrr:27.81 hits:38.79
2020-04-14 22:25:30,695 INFO Improved and model saved
2020-04-14 22:27:59,817 INFO [149.1] Epoch 70: loss = 0.0005
2020-04-14 22:30:34,086 INFO [154.3] Epoch 71: loss = 0.0005
2020-04-14 22:33:11,740 INFO [157.7] Epoch 72: loss = 0.0005
2020-04-14 22:35:53,188 INFO [161.4] Epoch 73: loss = 0.0005
2020-04-14 22:38:30,396 INFO [157.2] Epoch 74: loss = 0.0005
2020-04-14 22:41:11,342 INFO [160.9] Epoch 75: loss = 0.0005
2020-04-14 22:43:50,021 INFO [158.7] Epoch 76: loss = 0.0005
2020-04-14 22:46:31,288 INFO [161.3] Epoch 77: loss = 0.0005
2020-04-14 22:49:09,434 INFO [158.1] Epoch 78: loss = 0.0005
2020-04-14 22:51:37,232 INFO [147.8] Epoch 79: loss = 0.0005
2020-04-14 22:51:37,234 INFO Start Evaling...
2020-04-14 22:51:46,373 INFO Head: mr:8830.6 mrr:27.63 hits:39.32
2020-04-14 22:51:46,375 INFO Tail: mr:9530.6 mrr:28.43 hits:40.01
2020-04-14 22:51:46,377 INFO All: mr:9180.6 mrr:28.03 hits:39.67
2020-04-14 22:51:46,382 INFO Improved and model saved
2020-04-14 22:54:16,446 INFO [150.0] Epoch 80: loss = 0.0005
2020-04-14 22:56:50,867 INFO [154.4] Epoch 81: loss = 0.0005
2020-04-14 22:59:28,482 INFO [157.6] Epoch 82: loss = 0.0005
2020-04-14 23:02:02,922 INFO [154.4] Epoch 83: loss = 0.0005
2020-04-14 23:04:39,415 INFO [156.5] Epoch 84: loss = 0.0005
2020-04-14 23:07:16,145 INFO [156.7] Epoch 85: loss = 0.0005
2020-04-14 23:09:53,838 INFO [157.7] Epoch 86: loss = 0.0005
2020-04-14 23:12:30,812 INFO [157.0] Epoch 87: loss = 0.0005
2020-04-14 23:15:04,013 INFO [153.2] Epoch 88: loss = 0.0005
2020-04-14 23:17:34,526 INFO [150.5] Epoch 89: loss = 0.0005
2020-04-14 23:17:34,526 INFO Start Evaling...
2020-04-14 23:17:49,446 INFO Head: mr:8787.2 mrr:27.81 hits:39.29
2020-04-14 23:17:49,449 INFO Tail: mr:9599.6 mrr:28.43 hits:40.54
2020-04-14 23:17:49,452 INFO All: mr:9193.4 mrr:28.12 hits:39.91
2020-04-14 23:17:49,458 INFO Improved and model saved
2020-04-14 23:20:40,049 INFO [170.6] Epoch 90: loss = 0.0005
2020-04-14 23:23:29,059 INFO [169.0] Epoch 91: loss = 0.0005
2020-04-14 23:26:12,185 INFO [163.1] Epoch 92: loss = 0.0005
2020-04-14 23:28:57,349 INFO [165.2] Epoch 93: loss = 0.0005
2020-04-14 23:31:25,785 INFO [148.4] Epoch 94: loss = 0.0005
2020-04-14 23:33:48,038 INFO [142.3] Epoch 95: loss = 0.0005
2020-04-14 23:36:11,629 INFO [143.6] Epoch 96: loss = 0.0005
2020-04-14 23:38:33,507 INFO [141.9] Epoch 97: loss = 0.0005
2020-04-14 23:40:54,846 INFO [141.3] Epoch 98: loss = 0.0005
2020-04-14 23:43:45,122 INFO [170.3] Epoch 99: loss = 0.0005
2020-04-14 23:43:45,122 INFO Start Evaling...
2020-04-14 23:43:56,301 INFO Head: mr:8745.9 mrr:28.10 hits:40.24
2020-04-14 23:43:56,304 INFO Tail: mr:9847.3 mrr:28.76 hits:40.71
2020-04-14 23:43:56,306 INFO All: mr:9296.6 mrr:28.43 hits:40.47
2020-04-14 23:43:56,311 INFO Improved and model saved
2020-04-14 23:46:46,240 INFO [169.9] Epoch 100: loss = 0.0005
2020-04-14 23:49:37,709 INFO [171.5] Epoch 101: loss = 0.0005
2020-04-14 23:52:36,573 INFO [178.9] Epoch 102: loss = 0.0005
2020-04-14 23:55:24,924 INFO [168.4] Epoch 103: loss = 0.0005
2020-04-14 23:58:24,409 INFO [179.5] Epoch 104: loss = 0.0005
2020-04-15 00:01:27,919 INFO [183.5] Epoch 105: loss = 0.0005
2020-04-15 00:04:25,466 INFO [177.5] Epoch 106: loss = 0.0005
2020-04-15 00:07:24,944 INFO [179.5] Epoch 107: loss = 0.0005
2020-04-15 00:10:19,223 INFO [174.3] Epoch 108: loss = 0.0005
2020-04-15 00:13:16,273 INFO [177.0] Epoch 109: loss = 0.0005
2020-04-15 00:13:16,274 INFO Start Evaling...
2020-04-15 00:13:31,059 INFO Head: mr:8647.5 mrr:28.18 hits:40.64
2020-04-15 00:13:31,062 INFO Tail: mr:9723.3 mrr:29.24 hits:41.03
2020-04-15 00:13:31,063 INFO All: mr:9185.4 mrr:28.71 hits:40.84
2020-04-15 00:13:31,069 INFO Improved and model saved
2020-04-15 00:16:24,784 INFO [173.7] Epoch 110: loss = 0.0005
2020-04-15 00:19:13,902 INFO [169.1] Epoch 111: loss = 0.0005
2020-04-15 00:22:04,361 INFO [170.5] Epoch 112: loss = 0.0005
2020-04-15 00:25:00,012 INFO [175.7] Epoch 113: loss = 0.0005
2020-04-15 00:27:52,938 INFO [172.9] Epoch 114: loss = 0.0005
2020-04-15 00:30:43,425 INFO [170.5] Epoch 115: loss = 0.0005
2020-04-15 00:33:46,416 INFO [183.0] Epoch 116: loss = 0.0005
2020-04-15 00:36:44,898 INFO [178.5] Epoch 117: loss = 0.0005
2020-04-15 00:39:39,287 INFO [174.4] Epoch 118: loss = 0.0005
2020-04-15 00:42:27,701 INFO [168.4] Epoch 119: loss = 0.0005
2020-04-15 00:42:27,701 INFO Start Evaling...
2020-04-15 00:42:44,405 INFO Head: mr:8650.2 mrr:28.26 hits:40.74
2020-04-15 00:42:44,410 INFO Tail: mr:9691.2 mrr:29.03 hits:40.84
2020-04-15 00:42:44,412 INFO All: mr:9170.7 mrr:28.65 hits:40.79
2020-04-15 00:42:44,416 INFO Declined in recent 1 epochs
2020-04-15 00:45:37,088 INFO [172.7] Epoch 120: loss = 0.0005
2020-04-15 00:48:28,845 INFO [171.8] Epoch 121: loss = 0.0005
2020-04-15 00:51:20,928 INFO [172.1] Epoch 122: loss = 0.0005
2020-04-15 00:54:09,069 INFO [168.1] Epoch 123: loss = 0.0005
2020-04-15 00:57:01,478 INFO [172.4] Epoch 124: loss = 0.0005
2020-04-15 00:59:53,596 INFO [172.1] Epoch 125: loss = 0.0005
2020-04-15 01:02:55,757 INFO [182.2] Epoch 126: loss = 0.0005
2020-04-15 01:05:52,497 INFO [176.7] Epoch 127: loss = 0.0005
2020-04-15 01:08:55,293 INFO [182.8] Epoch 128: loss = 0.0005
2020-04-15 01:12:00,154 INFO [184.9] Epoch 129: loss = 0.0005
2020-04-15 01:12:00,155 INFO Start Evaling...
2020-04-15 01:12:16,043 INFO Head: mr:8591.3 mrr:28.43 hits:40.51
2020-04-15 01:12:16,049 INFO Tail: mr:9676.5 mrr:29.00 hits:40.77
2020-04-15 01:12:16,052 INFO All: mr:9133.9 mrr:28.72 hits:40.64
2020-04-15 01:12:16,060 INFO Declined in recent 2 epochs
2020-04-15 01:15:14,474 INFO [178.4] Epoch 130: loss = 0.0005
2020-04-15 01:18:09,550 INFO [175.1] Epoch 131: loss = 0.0005
2020-04-15 01:21:07,024 INFO [177.5] Epoch 132: loss = 0.0005
2020-04-15 01:24:03,661 INFO [176.6] Epoch 133: loss = 0.0005
2020-04-15 01:27:01,030 INFO [177.4] Epoch 134: loss = 0.0005
2020-04-15 01:29:55,466 INFO [174.4] Epoch 135: loss = 0.0005
2020-04-15 01:32:59,135 INFO [183.7] Epoch 136: loss = 0.0005
2020-04-15 01:35:56,964 INFO [177.8] Epoch 137: loss = 0.0005
2020-04-15 01:38:51,835 INFO [174.9] Epoch 138: loss = 0.0005
2020-04-15 01:41:49,358 INFO [177.5] Epoch 139: loss = 0.0005
2020-04-15 01:41:49,359 INFO Start Evaling...
2020-04-15 01:42:04,731 INFO Head: mr:8672.2 mrr:28.26 hits:41.03
2020-04-15 01:42:04,731 INFO Tail: mr:9727.3 mrr:29.10 hits:40.87
2020-04-15 01:42:04,731 INFO All: mr:9199.8 mrr:28.68 hits:40.95
2020-04-15 01:42:04,734 INFO Improved and model saved
2020-04-15 01:44:57,513 INFO [172.7] Epoch 140: loss = 0.0005
2020-04-15 01:47:50,449 INFO [172.9] Epoch 141: loss = 0.0005
2020-04-15 01:50:47,926 INFO [177.5] Epoch 142: loss = 0.0005
2020-04-15 01:53:51,739 INFO [183.8] Epoch 143: loss = 0.0005
2020-04-15 01:56:52,164 INFO [180.4] Epoch 144: loss = 0.0005
2020-04-15 01:59:47,538 INFO [175.4] Epoch 145: loss = 0.0005
2020-04-15 02:02:48,270 INFO [180.7] Epoch 146: loss = 0.0005
2020-04-15 02:05:48,005 INFO [179.7] Epoch 147: loss = 0.0005
2020-04-15 02:08:44,266 INFO [176.3] Epoch 148: loss = 0.0005
2020-04-15 02:11:37,302 INFO [173.0] Epoch 149: loss = 0.0005
2020-04-15 02:11:37,302 INFO Start Evaling...
2020-04-15 02:11:53,946 INFO Head: mr:8661.0 mrr:28.09 hits:40.24
2020-04-15 02:11:53,949 INFO Tail: mr:9628.3 mrr:29.11 hits:41.03
2020-04-15 02:11:53,951 INFO All: mr:9144.6 mrr:28.60 hits:40.64
2020-04-15 02:11:53,956 INFO Declined in recent 1 epochs
2020-04-15 02:14:56,354 INFO [182.4] Epoch 150: loss = 0.0005
2020-04-15 02:17:46,193 INFO [169.8] Epoch 151: loss = 0.0005
2020-04-15 02:20:39,599 INFO [173.4] Epoch 152: loss = 0.0005
2020-04-15 02:23:34,529 INFO [174.9] Epoch 153: loss = 0.0005
2020-04-15 02:26:25,166 INFO [170.6] Epoch 154: loss = 0.0005
2020-04-15 02:29:14,563 INFO [169.4] Epoch 155: loss = 0.0005
2020-04-15 02:32:05,972 INFO [171.4] Epoch 156: loss = 0.0005
2020-04-15 02:34:55,177 INFO [169.2] Epoch 157: loss = 0.0005
2020-04-15 02:37:50,354 INFO [175.2] Epoch 158: loss = 0.0005
2020-04-15 02:40:36,836 INFO [166.5] Epoch 159: loss = 0.0005
2020-04-15 02:40:36,837 INFO Start Evaling...
2020-04-15 02:40:50,018 INFO Head: mr:8662.5 mrr:28.20 hits:40.47
2020-04-15 02:40:50,020 INFO Tail: mr:9824.9 mrr:29.38 hits:40.71
2020-04-15 02:40:50,022 INFO All: mr:9243.7 mrr:28.79 hits:40.59
2020-04-15 02:40:50,026 INFO Declined in recent 2 epochs
2020-04-15 02:43:39,966 INFO [169.9] Epoch 160: loss = 0.0005
2020-04-15 02:46:33,714 INFO [173.7] Epoch 161: loss = 0.0005
2020-04-15 02:49:21,049 INFO [167.3] Epoch 162: loss = 0.0005
2020-04-15 02:52:16,181 INFO [175.1] Epoch 163: loss = 0.0005
2020-04-15 02:55:08,166 INFO [172.0] Epoch 164: loss = 0.0005
2020-04-15 02:57:57,445 INFO [169.3] Epoch 165: loss = 0.0005
2020-04-15 03:00:51,634 INFO [174.2] Epoch 166: loss = 0.0005
2020-04-15 03:03:42,051 INFO [170.4] Epoch 167: loss = 0.0005
2020-04-15 03:06:32,627 INFO [170.6] Epoch 168: loss = 0.0005
2020-04-15 03:09:21,253 INFO [168.6] Epoch 169: loss = 0.0005
2020-04-15 03:09:21,254 INFO Start Evaling...
2020-04-15 03:09:35,756 INFO Head: mr:8657.4 mrr:28.56 hits:41.10
2020-04-15 03:09:35,757 INFO Tail: mr:9755.4 mrr:29.51 hits:40.67
2020-04-15 03:09:35,757 INFO All: mr:9206.4 mrr:29.03 hits:40.89
2020-04-15 03:09:35,764 INFO Declined in recent 3 epochs
2020-04-15 03:12:31,051 INFO [175.3] Epoch 170: loss = 0.0005
2020-04-15 03:15:22,753 INFO [171.7] Epoch 171: loss = 0.0005
2020-04-15 03:18:12,002 INFO [169.2] Epoch 172: loss = 0.0005
2020-04-15 03:21:02,468 INFO [170.5] Epoch 173: loss = 0.0005
2020-04-15 03:23:52,278 INFO [169.8] Epoch 174: loss = 0.0005
2020-04-15 03:26:41,730 INFO [169.5] Epoch 175: loss = 0.0005
2020-04-15 03:29:33,123 INFO [171.4] Epoch 176: loss = 0.0005
2020-04-15 03:32:22,612 INFO [169.5] Epoch 177: loss = 0.0005
2020-04-15 03:35:12,142 INFO [169.5] Epoch 178: loss = 0.0005
2020-04-15 03:38:02,376 INFO [170.2] Epoch 179: loss = 0.0005
2020-04-15 03:38:02,376 INFO Start Evaling...
2020-04-15 03:38:16,804 INFO Head: mr:8600.1 mrr:28.44 hits:40.61
2020-04-15 03:38:16,804 INFO Tail: mr:9783.8 mrr:29.17 hits:40.71
2020-04-15 03:38:16,804 INFO All: mr:9191.9 mrr:28.81 hits:40.66
2020-04-15 03:38:16,807 INFO Declined in recent 4 epochs
2020-04-15 03:41:07,606 INFO [170.8] Epoch 180: loss = 0.0005
2020-04-15 03:43:58,838 INFO [171.2] Epoch 181: loss = 0.0005
2020-04-15 03:46:49,814 INFO [171.0] Epoch 182: loss = 0.0005
2020-04-15 03:49:44,279 INFO [174.5] Epoch 183: loss = 0.0005
2020-04-15 03:52:34,450 INFO [170.2] Epoch 184: loss = 0.0005
2020-04-15 03:55:20,497 INFO [166.0] Epoch 185: loss = 0.0005
2020-04-15 03:58:16,376 INFO [175.9] Epoch 186: loss = 0.0005
2020-04-15 04:01:02,615 INFO [166.2] Epoch 187: loss = 0.0005
2020-04-15 04:03:51,514 INFO [168.9] Epoch 188: loss = 0.0005
2020-04-15 04:06:41,024 INFO [169.5] Epoch 189: loss = 0.0005
2020-04-15 04:06:41,025 INFO Start Evaling...
2020-04-15 04:06:56,860 INFO Head: mr:8502.5 mrr:28.59 hits:40.54
2020-04-15 04:06:56,863 INFO Tail: mr:9683.0 mrr:29.22 hits:40.38
2020-04-15 04:06:56,865 INFO All: mr:9092.7 mrr:28.91 hits:40.46
2020-04-15 04:06:56,870 INFO Declined in recent 5 epochs
2020-04-15 04:06:56,872 INFO Early stopping
2020-04-15 04:06:56,873 INFO Train done
2020-04-15 04:06:56,886 INFO Start Evaling...
2020-04-15 04:07:13,718 INFO Head: mr:8808.3 mrr:27.90 hits:40.75
2020-04-15 04:07:13,718 INFO Tail: mr:9820.2 mrr:28.58 hits:41.38
2020-04-15 04:07:13,718 INFO All: mr:9314.3 mrr:28.24 hits:41.07
