2020-04-26 21:42:43,094 INFO EPOCH: 1000
2020-04-26 21:42:43,095 INFO EVERY: 10
2020-04-26 21:42:43,095 INFO LR: 0.001
2020-04-26 21:42:43,095 INFO DIM: 100
2020-04-26 21:42:43,095 INFO BATCH_SIZE: 256
2020-04-26 21:42:43,095 INFO BATCH_SIZE2: 100
2020-04-26 21:42:43,095 INFO P: 1
2020-04-26 21:42:43,095 INFO CLIPPING_MAX_VALUE: 4.0
2020-04-26 21:42:43,095 INFO OPTIM: Adam
2020-04-26 21:42:43,095 INFO N_SAMPLE: 100
2020-04-26 21:42:43,095 INFO MODE: grap
2020-04-26 21:42:43,095 INFO RATE: 0.05
2020-04-26 21:42:43,095 INFO GAMMA: 12.0
2020-04-26 21:42:43,095 INFO BERN: True
2020-04-26 21:42:43,095 INFO MARGIN: 4.0
2020-04-26 21:42:43,095 INFO REG: 1.0
2020-04-26 21:42:43,095 INFO LABEL_SMOOTH_EPS: 0.1
2020-04-26 21:42:43,095 INFO INPUT_DROP: 0.2
2020-04-26 21:42:43,095 INFO FEAT_DROP: 0.2
2020-04-26 21:42:43,095 INFO HIDD_DROP: 0.3
2020-04-26 21:42:43,095 INFO CHANNELS: 50
2020-04-26 21:42:43,095 INFO KERNEL_SIZE: 3
2020-04-26 21:42:43,095 INFO N_POOL: 100
2020-04-26 21:42:43,095 INFO MODEL_D: TransH
2020-04-26 21:42:43,096 INFO MODEL_G: DistMult
2020-04-26 21:42:43,096 INFO SCRATCH: False
2020-04-26 21:42:43,096 INFO D_FILE: None
2020-04-26 21:42:43,096 INFO G_FILE: None
2020-04-26 21:42:43,096 INFO PATH: data
2020-04-26 21:42:43,096 INFO DATA: WN18RR
2020-04-26 21:42:43,096 INFO EXP_PATH: experiment/WN18RR
2020-04-26 21:42:43,096 INFO MODEL: DistMult
2020-04-26 21:42:43,096 INFO V: 5
2020-04-26 21:42:43,096 INFO F: False
2020-04-26 21:42:43,096 INFO EVAL: False
2020-04-26 21:42:43,096 INFO TRAINED: False
2020-04-26 21:42:43,096 INFO PRETRAINED_NAME: None
2020-04-26 21:42:43,096 INFO EXP_NAME: DistMult-WN18RR-grap-5
2020-04-26 21:42:43,096 INFO --------------------------------------
2020-04-26 21:42:46,432 INFO Dataload done
2020-04-26 21:42:46,432 INFO --------------------------------------
2020-04-26 21:42:46,432 INFO N_ENTITY: 40943
2020-04-26 21:42:46,432 INFO N_RELATION: 11
2020-04-26 21:42:46,432 INFO --------------------------------------
2020-04-26 21:42:53,722 INFO Start Training...
2020-04-26 21:43:15,052 INFO [21.3] Epoch 0: loss = 353.6941
2020-04-26 21:43:36,568 INFO [21.5] Epoch 1: loss = 342.1635
2020-04-26 21:43:58,391 INFO [21.8] Epoch 2: loss = 311.8174
2020-04-26 21:44:21,447 INFO [23.1] Epoch 3: loss = 268.4144
2020-04-26 21:44:43,676 INFO [22.2] Epoch 4: loss = 221.0482
2020-04-26 21:45:05,980 INFO [22.3] Epoch 5: loss = 176.2719
2020-04-26 21:45:29,863 INFO [23.9] Epoch 6: loss = 137.0250
2020-04-26 21:45:52,329 INFO [22.5] Epoch 7: loss = 104.9607
2020-04-26 21:46:14,034 INFO [21.7] Epoch 8: loss = 80.8696
2020-04-26 21:46:39,570 INFO [25.5] Epoch 9: loss = 63.4202
2020-04-26 21:46:39,571 INFO Start Evaling...
2020-04-26 21:46:52,478 INFO Head: mr:10129.7 mrr:30.58 hits:38.33
2020-04-26 21:46:52,479 INFO Tail: mr:5995.0 mrr:32.85 hits:40.67
2020-04-26 21:46:52,479 INFO All: mr:8062.4 mrr:31.72 hits:39.50
2020-04-26 21:46:52,482 INFO Start Evaling...
2020-04-26 21:47:02,900 INFO Head: mr:10103.8 mrr:30.00 hits:38.16
2020-04-26 21:47:02,901 INFO Tail: mr:5756.5 mrr:32.67 hits:40.91
2020-04-26 21:47:02,901 INFO All: mr:7930.1 mrr:31.34 hits:39.53
2020-04-26 21:47:02,904 INFO Improved and model saved
2020-04-26 21:47:24,973 INFO [22.0] Epoch 10: loss = 51.2284
2020-04-26 21:47:48,097 INFO [23.1] Epoch 11: loss = 42.5331
2020-04-26 21:48:12,326 INFO [24.2] Epoch 12: loss = 36.1153
2020-04-26 21:48:36,625 INFO [24.3] Epoch 13: loss = 31.5016
2020-04-26 21:49:00,624 INFO [24.0] Epoch 14: loss = 28.2494
2020-04-26 21:49:23,441 INFO [22.8] Epoch 15: loss = 25.5520
2020-04-26 21:49:47,212 INFO [23.8] Epoch 16: loss = 23.3945
2020-04-26 21:50:09,423 INFO [22.2] Epoch 17: loss = 21.8480
2020-04-26 21:50:35,349 INFO [25.9] Epoch 18: loss = 20.6008
2020-04-26 21:51:06,921 INFO [31.6] Epoch 19: loss = 19.3072
2020-04-26 21:51:06,922 INFO Start Evaling...
2020-04-26 21:51:16,092 INFO Head: mr:9996.3 mrr:37.36 hits:40.87
2020-04-26 21:51:16,093 INFO Tail: mr:5998.9 mrr:40.22 hits:42.85
2020-04-26 21:51:16,093 INFO All: mr:7997.6 mrr:38.79 hits:41.86
2020-04-26 21:51:16,098 INFO Start Evaling...
2020-04-26 21:51:24,751 INFO Head: mr:10021.3 mrr:37.05 hits:40.08
2020-04-26 21:51:24,754 INFO Tail: mr:5872.4 mrr:40.76 hits:43.46
2020-04-26 21:51:24,755 INFO All: mr:7946.9 mrr:38.90 hits:41.77
2020-04-26 21:51:24,759 INFO Improved and model saved
2020-04-26 21:51:48,053 INFO [23.3] Epoch 20: loss = 18.3440
2020-04-26 21:52:11,327 INFO [23.3] Epoch 21: loss = 17.6292
2020-04-26 21:52:32,658 INFO [21.3] Epoch 22: loss = 16.9543
2020-04-26 21:52:57,535 INFO [24.9] Epoch 23: loss = 16.6095
2020-04-26 21:53:22,176 INFO [24.6] Epoch 24: loss = 15.9112
2020-04-26 21:53:45,714 INFO [23.5] Epoch 25: loss = 15.4583
2020-04-26 21:54:10,212 INFO [24.5] Epoch 26: loss = 15.2868
2020-04-26 21:54:35,221 INFO [25.0] Epoch 27: loss = 15.0506
2020-04-26 21:55:05,852 INFO [30.6] Epoch 28: loss = 14.7072
2020-04-26 21:55:28,851 INFO [23.0] Epoch 29: loss = 14.7184
2020-04-26 21:55:28,852 INFO Start Evaling...
2020-04-26 21:55:39,055 INFO Head: mr:9740.9 mrr:37.91 hits:41.27
2020-04-26 21:55:39,057 INFO Tail: mr:5971.9 mrr:40.54 hits:43.47
2020-04-26 21:55:39,059 INFO All: mr:7856.4 mrr:39.22 hits:42.37
2020-04-26 21:55:39,064 INFO Start Evaling...
2020-04-26 21:55:48,701 INFO Head: mr:9898.7 mrr:37.36 hits:40.71
2020-04-26 21:55:48,701 INFO Tail: mr:5819.9 mrr:41.14 hits:43.91
2020-04-26 21:55:48,701 INFO All: mr:7859.3 mrr:39.25 hits:42.31
2020-04-26 21:55:48,705 INFO Improved and model saved
2020-04-26 21:56:12,345 INFO [23.6] Epoch 30: loss = 14.1940
2020-04-26 21:56:35,424 INFO [23.1] Epoch 31: loss = 14.1957
2020-04-26 21:57:00,008 INFO [24.6] Epoch 32: loss = 14.0438
2020-04-26 21:57:24,071 INFO [24.1] Epoch 33: loss = 13.9826
2020-04-26 21:57:48,688 INFO [24.6] Epoch 34: loss = 13.5913
2020-04-26 21:58:13,173 INFO [24.5] Epoch 35: loss = 13.8398
2020-04-26 21:58:34,961 INFO [21.8] Epoch 36: loss = 13.6047
2020-04-26 21:58:58,901 INFO [23.9] Epoch 37: loss = 13.3792
2020-04-26 21:59:28,041 INFO [29.1] Epoch 38: loss = 13.5218
2020-04-26 21:59:51,973 INFO [23.9] Epoch 39: loss = 13.3105
2020-04-26 21:59:51,973 INFO Start Evaling...
2020-04-26 22:00:00,432 INFO Head: mr:9621.2 mrr:38.31 hits:41.92
2020-04-26 22:00:00,432 INFO Tail: mr:5944.4 mrr:40.88 hits:44.10
2020-04-26 22:00:00,432 INFO All: mr:7782.8 mrr:39.60 hits:43.01
2020-04-26 22:00:00,435 INFO Start Evaling...
2020-04-26 22:00:09,552 INFO Head: mr:9813.6 mrr:37.63 hits:41.29
2020-04-26 22:00:09,552 INFO Tail: mr:5789.6 mrr:41.16 hits:44.10
2020-04-26 22:00:09,552 INFO All: mr:7801.6 mrr:39.39 hits:42.69
2020-04-26 22:00:09,555 INFO Improved and model saved
2020-04-26 22:00:31,527 INFO [21.9] Epoch 40: loss = 13.3066
2020-04-26 22:00:57,412 INFO [25.9] Epoch 41: loss = 13.0720
2020-04-26 22:01:22,195 INFO [24.8] Epoch 42: loss = 13.0751
2020-04-26 22:01:45,937 INFO [23.7] Epoch 43: loss = 13.1541
2020-04-26 22:02:08,811 INFO [22.9] Epoch 44: loss = 13.0432
2020-04-26 22:02:32,171 INFO [23.4] Epoch 45: loss = 13.1738
2020-04-26 22:02:55,777 INFO [23.6] Epoch 46: loss = 13.0886
2020-04-26 22:03:30,370 INFO [34.6] Epoch 47: loss = 12.9278
2020-04-26 22:03:54,786 INFO [24.4] Epoch 48: loss = 12.7136
2020-04-26 22:04:18,254 INFO [23.5] Epoch 49: loss = 12.9988
2020-04-26 22:04:18,255 INFO Start Evaling...
2020-04-26 22:04:27,775 INFO Head: mr:9469.0 mrr:38.34 hits:41.89
2020-04-26 22:04:27,777 INFO Tail: mr:5874.5 mrr:40.76 hits:43.67
2020-04-26 22:04:27,778 INFO All: mr:7671.7 mrr:39.55 hits:42.78
2020-04-26 22:04:27,781 INFO Start Evaling...
2020-04-26 22:04:36,370 INFO Head: mr:9782.1 mrr:37.64 hits:41.23
2020-04-26 22:04:36,370 INFO Tail: mr:5761.4 mrr:41.12 hits:44.35
2020-04-26 22:04:36,370 INFO All: mr:7771.8 mrr:39.38 hits:42.79
2020-04-26 22:04:36,374 INFO Declined in recent 1 epochs
2020-04-26 22:04:58,662 INFO [22.3] Epoch 50: loss = 12.7868
2020-04-26 22:05:20,388 INFO [21.7] Epoch 51: loss = 12.7683
2020-04-26 22:05:43,763 INFO [23.4] Epoch 52: loss = 12.8099
2020-04-26 22:06:06,813 INFO [23.0] Epoch 53: loss = 12.9931
2020-04-26 22:06:29,783 INFO [23.0] Epoch 54: loss = 12.8009
2020-04-26 22:06:53,493 INFO [23.7] Epoch 55: loss = 12.8685
2020-04-26 22:07:24,948 INFO [31.5] Epoch 56: loss = 12.7416
2020-04-26 22:07:52,825 INFO [27.9] Epoch 57: loss = 12.7606
2020-04-26 22:08:20,299 INFO [27.5] Epoch 58: loss = 12.7235
2020-04-26 22:08:54,134 INFO [33.8] Epoch 59: loss = 12.6958
2020-04-26 22:08:54,134 INFO Start Evaling...
2020-04-26 22:09:04,262 INFO Head: mr:9295.0 mrr:38.30 hits:42.02
2020-04-26 22:09:04,264 INFO Tail: mr:5817.1 mrr:41.02 hits:44.13
2020-04-26 22:09:04,266 INFO All: mr:7556.1 mrr:39.66 hits:43.08
2020-04-26 22:09:04,271 INFO Start Evaling...
2020-04-26 22:09:14,850 INFO Head: mr:9732.4 mrr:37.67 hits:41.29
2020-04-26 22:09:14,852 INFO Tail: mr:5768.9 mrr:41.44 hits:44.58
2020-04-26 22:09:14,854 INFO All: mr:7750.7 mrr:39.55 hits:42.93
2020-04-26 22:09:14,859 INFO Improved and model saved
2020-04-26 22:09:41,178 INFO [26.3] Epoch 60: loss = 12.6993
2020-04-26 22:10:07,256 INFO [26.1] Epoch 61: loss = 12.6625
2020-04-26 22:10:30,488 INFO [23.2] Epoch 62: loss = 12.6085
2020-04-26 22:10:55,288 INFO [24.8] Epoch 63: loss = 12.6143
2020-04-26 22:11:19,088 INFO [23.8] Epoch 64: loss = 12.5832
2020-04-26 22:11:49,365 INFO [30.3] Epoch 65: loss = 12.4012
2020-04-26 22:12:27,324 INFO [38.0] Epoch 66: loss = 12.3799
2020-04-26 22:12:52,931 INFO [25.6] Epoch 67: loss = 12.5066
2020-04-26 22:13:17,933 INFO [25.0] Epoch 68: loss = 12.4671
2020-04-26 22:13:43,165 INFO [25.2] Epoch 69: loss = 12.4262
2020-04-26 22:13:43,166 INFO Start Evaling...
2020-04-26 22:13:52,973 INFO Head: mr:9194.7 mrr:38.29 hits:42.22
2020-04-26 22:13:52,973 INFO Tail: mr:5764.8 mrr:41.14 hits:44.26
2020-04-26 22:13:52,973 INFO All: mr:7479.7 mrr:39.72 hits:43.24
2020-04-26 22:13:52,978 INFO Start Evaling...
2020-04-26 22:14:03,023 INFO Head: mr:9585.4 mrr:37.71 hits:41.35
2020-04-26 22:14:03,025 INFO Tail: mr:5715.2 mrr:41.58 hits:45.02
2020-04-26 22:14:03,027 INFO All: mr:7650.3 mrr:39.65 hits:43.19
2020-04-26 22:14:03,032 INFO Improved and model saved
2020-04-26 22:14:27,872 INFO [24.8] Epoch 70: loss = 12.5140
2020-04-26 22:14:57,434 INFO [29.6] Epoch 71: loss = 12.3276
2020-04-26 22:15:24,220 INFO [26.8] Epoch 72: loss = 12.3545
2020-04-26 22:15:47,705 INFO [23.5] Epoch 73: loss = 12.3778
2020-04-26 22:16:10,374 INFO [22.7] Epoch 74: loss = 12.4717
2020-04-26 22:16:37,029 INFO [26.7] Epoch 75: loss = 12.3301
2020-04-26 22:17:01,034 INFO [24.0] Epoch 76: loss = 12.4379
2020-04-26 22:17:25,258 INFO [24.2] Epoch 77: loss = 12.4088
2020-04-26 22:17:49,746 INFO [24.5] Epoch 78: loss = 12.3902
2020-04-26 22:18:12,557 INFO [22.8] Epoch 79: loss = 12.0687
2020-04-26 22:18:12,558 INFO Start Evaling...
2020-04-26 22:18:21,675 INFO Head: mr:9107.1 mrr:38.48 hits:42.39
2020-04-26 22:18:21,675 INFO Tail: mr:5786.4 mrr:41.16 hits:44.20
2020-04-26 22:18:21,675 INFO All: mr:7446.8 mrr:39.82 hits:43.29
2020-04-26 22:18:21,679 INFO Start Evaling...
2020-04-26 22:18:31,143 INFO Head: mr:9373.2 mrr:37.79 hits:41.77
2020-04-26 22:18:31,143 INFO Tail: mr:5606.1 mrr:41.72 hits:45.60
2020-04-26 22:18:31,143 INFO All: mr:7489.6 mrr:39.75 hits:43.68
2020-04-26 22:18:31,147 INFO Improved and model saved
2020-04-26 22:18:57,123 INFO [26.0] Epoch 80: loss = 12.2955
2020-04-26 22:19:20,994 INFO [23.9] Epoch 81: loss = 12.1276
2020-04-26 22:19:45,897 INFO [24.9] Epoch 82: loss = 12.2271
2020-04-26 22:20:12,072 INFO [26.2] Epoch 83: loss = 12.0603
2020-04-26 22:20:40,308 INFO [28.2] Epoch 84: loss = 12.2741
2020-04-26 22:21:12,090 INFO [31.8] Epoch 85: loss = 11.9890
2020-04-26 22:21:35,550 INFO [23.5] Epoch 86: loss = 12.1825
2020-04-26 22:21:59,087 INFO [23.5] Epoch 87: loss = 12.2484
2020-04-26 22:22:23,826 INFO [24.7] Epoch 88: loss = 12.1648
2020-04-26 22:22:47,598 INFO [23.8] Epoch 89: loss = 12.2290
2020-04-26 22:22:47,598 INFO Start Evaling...
2020-04-26 22:22:56,527 INFO Head: mr:9048.4 mrr:38.65 hits:42.39
2020-04-26 22:22:56,527 INFO Tail: mr:5780.5 mrr:41.14 hits:44.40
2020-04-26 22:22:56,527 INFO All: mr:7414.5 mrr:39.90 hits:43.39
2020-04-26 22:22:56,530 INFO Start Evaling...
2020-04-26 22:23:06,286 INFO Head: mr:9188.8 mrr:37.93 hits:41.99
2020-04-26 22:23:06,288 INFO Tail: mr:5540.0 mrr:41.74 hits:45.95
2020-04-26 22:23:06,290 INFO All: mr:7364.4 mrr:39.83 hits:43.97
2020-04-26 22:23:06,295 INFO Improved and model saved
2020-04-26 22:23:35,516 INFO [29.2] Epoch 90: loss = 12.0785
2020-04-26 22:24:04,394 INFO [28.9] Epoch 91: loss = 12.0130
2020-04-26 22:24:32,066 INFO [27.7] Epoch 92: loss = 12.1018
2020-04-26 22:25:01,342 INFO [29.3] Epoch 93: loss = 12.0435
2020-04-26 22:25:34,420 INFO [33.1] Epoch 94: loss = 12.1298
2020-04-26 22:26:06,311 INFO [31.9] Epoch 95: loss = 11.9766
2020-04-26 22:26:34,470 INFO [28.2] Epoch 96: loss = 12.1793
2020-04-26 22:27:03,267 INFO [28.8] Epoch 97: loss = 11.8983
2020-04-26 22:27:31,069 INFO [27.8] Epoch 98: loss = 12.0260
2020-04-26 22:27:57,505 INFO [26.4] Epoch 99: loss = 11.8470
2020-04-26 22:27:57,505 INFO Start Evaling...
2020-04-26 22:28:06,348 INFO Head: mr:8898.3 mrr:38.44 hits:42.09
2020-04-26 22:28:06,351 INFO Tail: mr:5621.2 mrr:41.37 hits:44.89
2020-04-26 22:28:06,352 INFO All: mr:7259.7 mrr:39.91 hits:43.49
2020-04-26 22:28:06,357 INFO Start Evaling...
2020-04-26 22:28:15,984 INFO Head: mr:9095.6 mrr:37.93 hits:41.90
2020-04-26 22:28:15,986 INFO Tail: mr:5418.4 mrr:41.90 hits:45.56
2020-04-26 22:28:15,988 INFO All: mr:7257.0 mrr:39.92 hits:43.73
2020-04-26 22:28:15,991 INFO Improved and model saved
2020-04-26 22:28:46,688 INFO [30.7] Epoch 100: loss = 11.9934
2020-04-26 22:29:16,286 INFO [29.6] Epoch 101: loss = 11.9443
2020-04-26 22:29:43,364 INFO [27.1] Epoch 102: loss = 11.7631
2020-04-26 22:30:09,013 INFO [25.6] Epoch 103: loss = 11.8277
2020-04-26 22:30:43,220 INFO [34.2] Epoch 104: loss = 11.7914
2020-04-26 22:31:07,529 INFO [24.3] Epoch 105: loss = 11.8219
2020-04-26 22:31:39,535 INFO [32.0] Epoch 106: loss = 11.6798
2020-04-26 22:32:04,609 INFO [25.1] Epoch 107: loss = 11.7609
2020-04-26 22:32:28,410 INFO [23.8] Epoch 108: loss = 11.6938
2020-04-26 22:32:53,015 INFO [24.6] Epoch 109: loss = 11.6829
2020-04-26 22:32:53,015 INFO Start Evaling...
2020-04-26 22:33:02,537 INFO Head: mr:8787.6 mrr:38.75 hits:42.42
2020-04-26 22:33:02,538 INFO Tail: mr:5574.7 mrr:41.49 hits:44.92
2020-04-26 22:33:02,538 INFO All: mr:7181.2 mrr:40.12 hits:43.67
2020-04-26 22:33:02,542 INFO Start Evaling...
2020-04-26 22:33:12,498 INFO Head: mr:8987.5 mrr:38.01 hits:41.58
2020-04-26 22:33:12,499 INFO Tail: mr:5393.7 mrr:42.05 hits:45.60
2020-04-26 22:33:12,499 INFO All: mr:7190.6 mrr:40.03 hits:43.59
2020-04-26 22:33:12,502 INFO Improved and model saved
2020-04-26 22:33:37,011 INFO [24.5] Epoch 110: loss = 11.6707
2020-04-26 22:34:00,994 INFO [24.0] Epoch 111: loss = 11.5931
2020-04-26 22:34:32,608 INFO [31.6] Epoch 112: loss = 11.7218
2020-04-26 22:34:58,894 INFO [26.3] Epoch 113: loss = 11.7738
2020-04-26 22:35:31,302 INFO [32.4] Epoch 114: loss = 11.5350
2020-04-26 22:35:56,379 INFO [25.1] Epoch 115: loss = 11.5007
2020-04-26 22:36:21,134 INFO [24.8] Epoch 116: loss = 11.4866
2020-04-26 22:36:44,756 INFO [23.6] Epoch 117: loss = 11.7000
2020-04-26 22:37:16,620 INFO [31.9] Epoch 118: loss = 11.5405
2020-04-26 22:37:40,796 INFO [24.2] Epoch 119: loss = 11.6253
2020-04-26 22:37:40,796 INFO Start Evaling...
2020-04-26 22:37:50,120 INFO Head: mr:8649.0 mrr:38.60 hits:42.22
2020-04-26 22:37:50,121 INFO Tail: mr:5497.6 mrr:41.44 hits:44.83
2020-04-26 22:37:50,121 INFO All: mr:7073.3 mrr:40.02 hits:43.52
2020-04-26 22:37:50,123 INFO Start Evaling...
2020-04-26 22:37:59,789 INFO Head: mr:8922.7 mrr:38.07 hits:42.09
2020-04-26 22:37:59,791 INFO Tail: mr:5362.2 mrr:42.10 hits:45.72
2020-04-26 22:37:59,793 INFO All: mr:7142.5 mrr:40.09 hits:43.91
2020-04-26 22:37:59,798 INFO Declined in recent 1 epochs
2020-04-26 22:38:23,731 INFO [23.9] Epoch 120: loss = 11.6899
2020-04-26 22:38:48,176 INFO [24.4] Epoch 121: loss = 11.4672
2020-04-26 22:39:12,390 INFO [24.2] Epoch 122: loss = 11.4578
2020-04-26 22:39:46,831 INFO [34.4] Epoch 123: loss = 11.4781
2020-04-26 22:40:13,361 INFO [26.5] Epoch 124: loss = 11.4675
2020-04-26 22:40:38,976 INFO [25.6] Epoch 125: loss = 11.4407
2020-04-26 22:41:02,254 INFO [23.3] Epoch 126: loss = 11.4394
2020-04-26 22:41:27,270 INFO [25.0] Epoch 127: loss = 11.5196
2020-04-26 22:41:50,555 INFO [23.3] Epoch 128: loss = 11.3566
2020-04-26 22:42:17,512 INFO [27.0] Epoch 129: loss = 11.4638
2020-04-26 22:42:17,513 INFO Start Evaling...
2020-04-26 22:42:28,753 INFO Head: mr:8583.8 mrr:38.61 hits:42.16
2020-04-26 22:42:28,753 INFO Tail: mr:5474.4 mrr:41.65 hits:44.99
2020-04-26 22:42:28,753 INFO All: mr:7029.1 mrr:40.13 hits:43.57
2020-04-26 22:42:28,757 INFO Start Evaling...
2020-04-26 22:42:38,477 INFO Head: mr:8862.4 mrr:37.96 hits:42.28
2020-04-26 22:42:38,477 INFO Tail: mr:5306.6 mrr:41.98 hits:45.82
2020-04-26 22:42:38,477 INFO All: mr:7084.5 mrr:39.97 hits:44.05
2020-04-26 22:42:38,480 INFO Improved and model saved
2020-04-26 22:43:03,407 INFO [24.9] Epoch 130: loss = 11.2587
2020-04-26 22:43:27,357 INFO [23.9] Epoch 131: loss = 11.2822
2020-04-26 22:43:56,449 INFO [29.1] Epoch 132: loss = 11.4482
2020-04-26 22:44:22,048 INFO [25.6] Epoch 133: loss = 11.4481
2020-04-26 22:44:47,125 INFO [25.1] Epoch 134: loss = 11.3656
2020-04-26 22:45:22,273 INFO [35.1] Epoch 135: loss = 11.2972
2020-04-26 22:45:46,704 INFO [24.4] Epoch 136: loss = 11.3580
2020-04-26 22:46:10,559 INFO [23.9] Epoch 137: loss = 11.3373
2020-04-26 22:46:34,654 INFO [24.1] Epoch 138: loss = 11.3638
2020-04-26 22:46:58,923 INFO [24.3] Epoch 139: loss = 11.2158
2020-04-26 22:46:58,923 INFO Start Evaling...
2020-04-26 22:47:07,991 INFO Head: mr:8587.8 mrr:38.62 hits:42.45
2020-04-26 22:47:07,993 INFO Tail: mr:5583.5 mrr:41.53 hits:44.69
2020-04-26 22:47:07,993 INFO All: mr:7085.6 mrr:40.07 hits:43.57
2020-04-26 22:47:07,998 INFO Start Evaling...
2020-04-26 22:47:17,663 INFO Head: mr:8792.2 mrr:37.93 hits:42.02
2020-04-26 22:47:17,663 INFO Tail: mr:5285.1 mrr:42.10 hits:45.53
2020-04-26 22:47:17,663 INFO All: mr:7038.7 mrr:40.02 hits:43.78
2020-04-26 22:47:17,666 INFO Declined in recent 1 epochs
2020-04-26 22:47:41,948 INFO [24.3] Epoch 140: loss = 11.4853
2020-04-26 22:48:12,916 INFO [31.0] Epoch 141: loss = 11.2738
2020-04-26 22:48:44,629 INFO [31.7] Epoch 142: loss = 11.3691
2020-04-26 22:49:09,372 INFO [24.7] Epoch 143: loss = 11.3802
2020-04-26 22:49:33,035 INFO [23.7] Epoch 144: loss = 11.1914
2020-04-26 22:49:57,634 INFO [24.6] Epoch 145: loss = 11.2790
2020-04-26 22:50:20,282 INFO [22.6] Epoch 146: loss = 11.1717
2020-04-26 22:50:47,266 INFO [27.0] Epoch 147: loss = 11.2175
2020-04-26 22:51:11,758 INFO [24.5] Epoch 148: loss = 11.2847
2020-04-26 22:51:36,006 INFO [24.2] Epoch 149: loss = 11.1744
2020-04-26 22:51:36,007 INFO Start Evaling...
2020-04-26 22:51:45,529 INFO Head: mr:8487.9 mrr:38.82 hits:42.25
2020-04-26 22:51:45,530 INFO Tail: mr:5494.4 mrr:41.72 hits:45.12
2020-04-26 22:51:45,530 INFO All: mr:6991.1 mrr:40.27 hits:43.69
2020-04-26 22:51:45,534 INFO Start Evaling...
2020-04-26 22:51:55,030 INFO Head: mr:8682.9 mrr:38.05 hits:42.25
2020-04-26 22:51:55,031 INFO Tail: mr:5189.3 mrr:42.30 hits:46.11
2020-04-26 22:51:55,031 INFO All: mr:6936.1 mrr:40.17 hits:44.18
2020-04-26 22:51:55,034 INFO Improved and model saved
2020-04-26 22:52:19,436 INFO [24.4] Epoch 150: loss = 11.2833
2020-04-26 22:52:46,854 INFO [27.4] Epoch 151: loss = 11.1581
2020-04-26 22:53:14,572 INFO [27.7] Epoch 152: loss = 11.1061
2020-04-26 22:53:47,254 INFO [32.7] Epoch 153: loss = 11.3018
2020-04-26 22:54:11,069 INFO [23.8] Epoch 154: loss = 11.2055
2020-04-26 22:54:37,094 INFO [26.0] Epoch 155: loss = 11.0528
2020-04-26 22:55:05,568 INFO [28.5] Epoch 156: loss = 11.2141
2020-04-26 22:55:29,734 INFO [24.2] Epoch 157: loss = 11.0598
2020-04-26 22:55:53,963 INFO [24.2] Epoch 158: loss = 11.0253
2020-04-26 22:56:25,925 INFO [32.0] Epoch 159: loss = 10.9603
2020-04-26 22:56:25,926 INFO Start Evaling...
2020-04-26 22:56:35,061 INFO Head: mr:8494.8 mrr:38.77 hits:42.19
2020-04-26 22:56:35,061 INFO Tail: mr:5479.6 mrr:41.94 hits:45.58
2020-04-26 22:56:35,062 INFO All: mr:6987.2 mrr:40.35 hits:43.89
2020-04-26 22:56:35,065 INFO Start Evaling...
2020-04-26 22:56:44,696 INFO Head: mr:8647.1 mrr:37.95 hits:41.96
2020-04-26 22:56:44,698 INFO Tail: mr:5123.3 mrr:42.46 hits:46.17
2020-04-26 22:56:44,700 INFO All: mr:6885.2 mrr:40.20 hits:44.07
2020-04-26 22:56:44,705 INFO Improved and model saved
2020-04-26 22:57:08,821 INFO [24.1] Epoch 160: loss = 11.0831
2020-04-26 22:57:39,660 INFO [30.8] Epoch 161: loss = 11.0240
2020-04-26 22:58:04,145 INFO [24.5] Epoch 162: loss = 11.0388
2020-04-26 22:58:28,087 INFO [23.9] Epoch 163: loss = 11.1096
2020-04-26 22:58:55,124 INFO [27.0] Epoch 164: loss = 11.0828
2020-04-26 22:59:27,447 INFO [32.3] Epoch 165: loss = 10.9301
2020-04-26 22:59:56,233 INFO [28.8] Epoch 166: loss = 10.9825
2020-04-26 23:00:19,534 INFO [23.3] Epoch 167: loss = 11.0109
2020-04-26 23:00:42,759 INFO [23.2] Epoch 168: loss = 10.8728
2020-04-26 23:01:06,004 INFO [23.2] Epoch 169: loss = 10.9483
2020-04-26 23:01:06,004 INFO Start Evaling...
2020-04-26 23:01:15,496 INFO Head: mr:8442.5 mrr:38.92 hits:42.58
2020-04-26 23:01:15,496 INFO Tail: mr:5418.0 mrr:41.97 hits:45.58
2020-04-26 23:01:15,497 INFO All: mr:6930.2 mrr:40.44 hits:44.08
2020-04-26 23:01:15,500 INFO Start Evaling...
2020-04-26 23:01:24,858 INFO Head: mr:8613.7 mrr:38.01 hits:41.99
2020-04-26 23:01:24,861 INFO Tail: mr:5139.8 mrr:42.26 hits:46.55
2020-04-26 23:01:24,862 INFO All: mr:6876.8 mrr:40.14 hits:44.27
2020-04-26 23:01:24,867 INFO Improved and model saved
2020-04-26 23:01:50,557 INFO [25.7] Epoch 170: loss = 11.1273
2020-04-26 23:02:19,497 INFO [28.9] Epoch 171: loss = 10.9579
2020-04-26 23:02:44,167 INFO [24.7] Epoch 172: loss = 10.9860
2020-04-26 23:03:08,296 INFO [24.1] Epoch 173: loss = 11.0260
2020-04-26 23:03:31,563 INFO [23.3] Epoch 174: loss = 11.0113
2020-04-26 23:03:55,815 INFO [24.3] Epoch 175: loss = 11.1121
2020-04-26 23:04:19,435 INFO [23.6] Epoch 176: loss = 10.8998
2020-04-26 23:04:49,369 INFO [29.9] Epoch 177: loss = 10.9635
2020-04-26 23:05:12,381 INFO [23.0] Epoch 178: loss = 10.9142
2020-04-26 23:05:36,263 INFO [23.9] Epoch 179: loss = 10.8314
2020-04-26 23:05:36,263 INFO Start Evaling...
2020-04-26 23:05:45,372 INFO Head: mr:8456.4 mrr:38.83 hits:42.29
2020-04-26 23:05:45,374 INFO Tail: mr:5414.4 mrr:41.97 hits:45.55
2020-04-26 23:05:45,376 INFO All: mr:6935.4 mrr:40.40 hits:43.92
2020-04-26 23:05:45,381 INFO Start Evaling...
2020-04-26 23:05:55,153 INFO Head: mr:8560.3 mrr:38.06 hits:42.15
2020-04-26 23:05:55,155 INFO Tail: mr:5079.0 mrr:42.50 hits:46.49
2020-04-26 23:05:55,157 INFO All: mr:6819.6 mrr:40.28 hits:44.32
2020-04-26 23:05:55,162 INFO Declined in recent 1 epochs
2020-04-26 23:06:25,914 INFO [30.8] Epoch 180: loss = 10.9998
2020-04-26 23:06:49,570 INFO [23.7] Epoch 181: loss = 10.8267
2020-04-26 23:07:12,782 INFO [23.2] Epoch 182: loss = 10.9200
2020-04-26 23:07:36,405 INFO [23.6] Epoch 183: loss = 10.9061
2020-04-26 23:08:00,648 INFO [24.2] Epoch 184: loss = 10.9459
2020-04-26 23:08:23,670 INFO [23.0] Epoch 185: loss = 10.9367
2020-04-26 23:08:47,293 INFO [23.6] Epoch 186: loss = 10.9003
2020-04-26 23:09:10,884 INFO [23.6] Epoch 187: loss = 10.7692
2020-04-26 23:09:40,782 INFO [29.9] Epoch 188: loss = 10.8813
2020-04-26 23:10:05,282 INFO [24.5] Epoch 189: loss = 10.9333
2020-04-26 23:10:05,282 INFO Start Evaling...
2020-04-26 23:10:16,203 INFO Head: mr:8411.0 mrr:38.91 hits:42.81
2020-04-26 23:10:16,206 INFO Tail: mr:5351.1 mrr:41.98 hits:45.39
2020-04-26 23:10:16,208 INFO All: mr:6881.0 mrr:40.45 hits:44.10
2020-04-26 23:10:16,213 INFO Start Evaling...
2020-04-26 23:10:26,972 INFO Head: mr:8466.4 mrr:37.80 hits:42.15
2020-04-26 23:10:26,974 INFO Tail: mr:4983.9 mrr:42.37 hits:46.68
2020-04-26 23:10:26,974 INFO All: mr:6725.1 mrr:40.09 hits:44.42
2020-04-26 23:10:26,978 INFO Improved and model saved
2020-04-26 23:10:51,209 INFO [24.2] Epoch 190: loss = 11.0616
2020-04-26 23:11:14,873 INFO [23.7] Epoch 191: loss = 11.0001
2020-04-26 23:11:38,740 INFO [23.9] Epoch 192: loss = 10.7767
2020-04-26 23:12:02,309 INFO [23.6] Epoch 193: loss = 10.8373
2020-04-26 23:12:26,338 INFO [24.0] Epoch 194: loss = 10.8781
2020-04-26 23:12:50,792 INFO [24.5] Epoch 195: loss = 10.9927
2020-04-26 23:13:14,855 INFO [24.1] Epoch 196: loss = 10.9912
2020-04-26 23:13:38,110 INFO [23.3] Epoch 197: loss = 10.9302
2020-04-26 23:14:02,237 INFO [24.1] Epoch 198: loss = 10.8592
2020-04-26 23:14:35,363 INFO [33.1] Epoch 199: loss = 10.6627
2020-04-26 23:14:35,364 INFO Start Evaling...
2020-04-26 23:14:44,697 INFO Head: mr:8333.2 mrr:38.86 hits:42.52
2020-04-26 23:14:44,699 INFO Tail: mr:5283.1 mrr:42.09 hits:46.21
2020-04-26 23:14:44,701 INFO All: mr:6808.2 mrr:40.48 hits:44.36
2020-04-26 23:14:44,707 INFO Start Evaling...
2020-04-26 23:14:54,290 INFO Head: mr:8508.5 mrr:37.99 hits:42.09
2020-04-26 23:14:54,293 INFO Tail: mr:5013.8 mrr:42.48 hits:46.94
2020-04-26 23:14:54,295 INFO All: mr:6761.1 mrr:40.24 hits:44.51
2020-04-26 23:14:54,300 INFO Improved and model saved
2020-04-26 23:15:17,697 INFO [23.4] Epoch 200: loss = 10.9011
2020-04-26 23:15:42,250 INFO [24.6] Epoch 201: loss = 10.9224
2020-04-26 23:16:06,468 INFO [24.2] Epoch 202: loss = 10.7893
2020-04-26 23:16:30,269 INFO [23.8] Epoch 203: loss = 10.9697
2020-04-26 23:16:52,649 INFO [22.4] Epoch 204: loss = 10.8131
2020-04-26 23:17:15,051 INFO [22.4] Epoch 205: loss = 10.9692
2020-04-26 23:17:37,224 INFO [22.2] Epoch 206: loss = 10.8868
2020-04-26 23:17:59,015 INFO [21.8] Epoch 207: loss = 10.7677
2020-04-26 23:18:21,077 INFO [22.1] Epoch 208: loss = 10.8983
2020-04-26 23:18:48,950 INFO [27.9] Epoch 209: loss = 10.6810
2020-04-26 23:18:48,950 INFO Start Evaling...
2020-04-26 23:18:58,070 INFO Head: mr:8281.7 mrr:38.96 hits:42.72
2020-04-26 23:18:58,071 INFO Tail: mr:5205.7 mrr:42.18 hits:46.08
2020-04-26 23:18:58,071 INFO All: mr:6743.7 mrr:40.57 hits:44.40
2020-04-26 23:18:58,074 INFO Start Evaling...
2020-04-26 23:19:06,192 INFO Head: mr:8502.1 mrr:38.12 hits:42.34
2020-04-26 23:19:06,193 INFO Tail: mr:5006.6 mrr:42.70 hits:47.00
2020-04-26 23:19:06,193 INFO All: mr:6754.3 mrr:40.41 hits:44.67
2020-04-26 23:19:06,195 INFO Improved and model saved
2020-04-26 23:19:28,659 INFO [22.4] Epoch 210: loss = 10.7665
2020-04-26 23:19:50,599 INFO [21.9] Epoch 211: loss = 10.8163
2020-04-26 23:20:13,043 INFO [22.4] Epoch 212: loss = 10.8392
2020-04-26 23:20:35,629 INFO [22.6] Epoch 213: loss = 10.7367
2020-04-26 23:20:58,935 INFO [23.3] Epoch 214: loss = 10.6117
2020-04-26 23:21:21,459 INFO [22.5] Epoch 215: loss = 10.7084
2020-04-26 23:21:42,247 INFO [20.8] Epoch 216: loss = 10.8247
2020-04-26 23:22:04,148 INFO [21.9] Epoch 217: loss = 10.6881
2020-04-26 23:22:32,579 INFO [28.4] Epoch 218: loss = 10.7293
2020-04-26 23:22:56,360 INFO [23.8] Epoch 219: loss = 10.6953
2020-04-26 23:22:56,361 INFO Start Evaling...
2020-04-26 23:23:04,500 INFO Head: mr:8276.2 mrr:38.87 hits:42.81
2020-04-26 23:23:04,500 INFO Tail: mr:5276.6 mrr:42.32 hits:45.95
2020-04-26 23:23:04,501 INFO All: mr:6776.4 mrr:40.60 hits:44.38
2020-04-26 23:23:04,504 INFO Start Evaling...
2020-04-26 23:23:12,503 INFO Head: mr:8469.4 mrr:38.38 hits:42.12
2020-04-26 23:23:12,503 INFO Tail: mr:5031.2 mrr:42.64 hits:46.75
2020-04-26 23:23:12,503 INFO All: mr:6750.3 mrr:40.51 hits:44.43
2020-04-26 23:23:12,506 INFO Improved and model saved
2020-04-26 23:23:34,042 INFO [21.5] Epoch 220: loss = 10.8094
2020-04-26 23:23:56,594 INFO [22.6] Epoch 221: loss = 10.7202
2020-04-26 23:24:18,862 INFO [22.3] Epoch 222: loss = 10.8264
2020-04-26 23:24:40,652 INFO [21.8] Epoch 223: loss = 10.7004
2020-04-26 23:25:03,867 INFO [23.2] Epoch 224: loss = 10.8482
2020-04-26 23:25:26,780 INFO [22.9] Epoch 225: loss = 10.6137
2020-04-26 23:25:49,988 INFO [23.2] Epoch 226: loss = 10.7441
2020-04-26 23:26:12,376 INFO [22.4] Epoch 227: loss = 10.6528
2020-04-26 23:26:44,280 INFO [31.9] Epoch 228: loss = 10.6503
2020-04-26 23:27:07,336 INFO [23.1] Epoch 229: loss = 10.7386
2020-04-26 23:27:07,337 INFO Start Evaling...
2020-04-26 23:27:15,874 INFO Head: mr:8219.7 mrr:38.83 hits:42.39
2020-04-26 23:27:15,874 INFO Tail: mr:5220.1 mrr:42.28 hits:46.11
2020-04-26 23:27:15,874 INFO All: mr:6719.9 mrr:40.56 hits:44.25
2020-04-26 23:27:15,877 INFO Start Evaling...
2020-04-26 23:27:24,450 INFO Head: mr:8447.1 mrr:37.97 hits:42.15
2020-04-26 23:27:24,451 INFO Tail: mr:5070.2 mrr:42.67 hits:46.78
2020-04-26 23:27:24,451 INFO All: mr:6758.7 mrr:40.32 hits:44.46
2020-04-26 23:27:24,453 INFO Declined in recent 1 epochs
2020-04-26 23:27:45,727 INFO [21.3] Epoch 230: loss = 10.6658
2020-04-26 23:28:07,053 INFO [21.3] Epoch 231: loss = 10.7689
2020-04-26 23:28:28,602 INFO [21.5] Epoch 232: loss = 10.7357
2020-04-26 23:28:51,597 INFO [23.0] Epoch 233: loss = 10.6854
2020-04-26 23:29:15,032 INFO [23.4] Epoch 234: loss = 10.7497
2020-04-26 23:29:37,949 INFO [22.9] Epoch 235: loss = 10.7124
2020-04-26 23:30:00,798 INFO [22.8] Epoch 236: loss = 10.8899
2020-04-26 23:30:31,134 INFO [30.3] Epoch 237: loss = 10.8689
2020-04-26 23:30:53,632 INFO [22.5] Epoch 238: loss = 10.4976
2020-04-26 23:31:16,479 INFO [22.8] Epoch 239: loss = 10.6294
2020-04-26 23:31:16,480 INFO Start Evaling...
2020-04-26 23:31:24,597 INFO Head: mr:8233.6 mrr:39.08 hits:42.55
2020-04-26 23:31:24,597 INFO Tail: mr:5167.7 mrr:42.22 hits:46.08
2020-04-26 23:31:24,597 INFO All: mr:6700.6 mrr:40.65 hits:44.31
2020-04-26 23:31:24,601 INFO Start Evaling...
2020-04-26 23:31:34,003 INFO Head: mr:8380.0 mrr:38.34 hits:42.44
2020-04-26 23:31:34,004 INFO Tail: mr:5047.8 mrr:42.81 hits:46.94
2020-04-26 23:31:34,004 INFO All: mr:6713.9 mrr:40.58 hits:44.69
2020-04-26 23:31:34,007 INFO Improved and model saved
2020-04-26 23:31:56,621 INFO [22.6] Epoch 240: loss = 10.7156
2020-04-26 23:32:19,309 INFO [22.7] Epoch 241: loss = 10.6663
2020-04-26 23:32:41,540 INFO [22.2] Epoch 242: loss = 10.6945
2020-04-26 23:33:04,076 INFO [22.5] Epoch 243: loss = 10.8064
2020-04-26 23:33:26,478 INFO [22.4] Epoch 244: loss = 10.5961
2020-04-26 23:33:49,409 INFO [22.9] Epoch 245: loss = 10.6311
2020-04-26 23:34:20,166 INFO [30.8] Epoch 246: loss = 10.5673
2020-04-26 23:34:41,874 INFO [21.7] Epoch 247: loss = 10.7792
2020-04-26 23:35:03,977 INFO [22.1] Epoch 248: loss = 10.8606
2020-04-26 23:35:26,252 INFO [22.3] Epoch 249: loss = 10.6240
2020-04-26 23:35:26,253 INFO Start Evaling...
2020-04-26 23:35:34,816 INFO Head: mr:8184.3 mrr:39.10 hits:42.95
2020-04-26 23:35:34,816 INFO Tail: mr:5170.6 mrr:42.69 hits:46.41
2020-04-26 23:35:34,816 INFO All: mr:6677.4 mrr:40.89 hits:44.68
2020-04-26 23:35:34,821 INFO Start Evaling...
2020-04-26 23:35:43,212 INFO Head: mr:8361.6 mrr:38.14 hits:42.57
2020-04-26 23:35:43,212 INFO Tail: mr:5055.3 mrr:42.96 hits:47.06
2020-04-26 23:35:43,212 INFO All: mr:6708.4 mrr:40.55 hits:44.81
2020-04-26 23:35:43,215 INFO Improved and model saved
2020-04-26 23:36:06,115 INFO [22.9] Epoch 250: loss = 10.6280
2020-04-26 23:36:27,368 INFO [21.3] Epoch 251: loss = 10.6498
2020-04-26 23:36:49,929 INFO [22.6] Epoch 252: loss = 10.6927
2020-04-26 23:37:11,933 INFO [22.0] Epoch 253: loss = 10.7752
2020-04-26 23:37:33,922 INFO [22.0] Epoch 254: loss = 10.6436
2020-04-26 23:37:55,944 INFO [22.0] Epoch 255: loss = 10.6663
2020-04-26 23:38:25,337 INFO [29.4] Epoch 256: loss = 10.5346
2020-04-26 23:38:48,922 INFO [23.6] Epoch 257: loss = 10.5755
2020-04-26 23:39:11,109 INFO [22.2] Epoch 258: loss = 10.6890
2020-04-26 23:39:33,223 INFO [22.1] Epoch 259: loss = 10.6210
2020-04-26 23:39:33,224 INFO Start Evaling...
2020-04-26 23:39:41,572 INFO Head: mr:8150.2 mrr:39.07 hits:42.78
2020-04-26 23:39:41,572 INFO Tail: mr:5176.5 mrr:42.46 hits:46.21
2020-04-26 23:39:41,572 INFO All: mr:6663.3 mrr:40.77 hits:44.50
2020-04-26 23:39:41,576 INFO Start Evaling...
2020-04-26 23:39:49,690 INFO Head: mr:8250.7 mrr:38.07 hits:42.15
2020-04-26 23:39:49,691 INFO Tail: mr:5011.4 mrr:42.58 hits:46.71
2020-04-26 23:39:49,691 INFO All: mr:6631.1 mrr:40.32 hits:44.43
2020-04-26 23:39:49,693 INFO Declined in recent 1 epochs
2020-04-26 23:40:11,869 INFO [22.2] Epoch 260: loss = 10.5873
2020-04-26 23:40:33,873 INFO [22.0] Epoch 261: loss = 10.6318
2020-04-26 23:40:56,111 INFO [22.2] Epoch 262: loss = 10.5515
2020-04-26 23:41:17,888 INFO [21.8] Epoch 263: loss = 10.7661
2020-04-26 23:41:40,299 INFO [22.4] Epoch 264: loss = 10.6947
2020-04-26 23:42:06,883 INFO [26.6] Epoch 265: loss = 10.6551
2020-04-26 23:42:30,143 INFO [23.3] Epoch 266: loss = 10.6173
2020-04-26 23:42:52,966 INFO [22.8] Epoch 267: loss = 10.6482
2020-04-26 23:43:14,741 INFO [21.8] Epoch 268: loss = 10.7318
2020-04-26 23:43:36,816 INFO [22.1] Epoch 269: loss = 10.7499
2020-04-26 23:43:36,817 INFO Start Evaling...
2020-04-26 23:43:44,747 INFO Head: mr:8094.1 mrr:39.11 hits:42.81
2020-04-26 23:43:44,748 INFO Tail: mr:5210.1 mrr:42.59 hits:46.47
2020-04-26 23:43:44,748 INFO All: mr:6652.1 mrr:40.85 hits:44.64
2020-04-26 23:43:44,750 INFO Start Evaling...
2020-04-26 23:43:53,430 INFO Head: mr:8201.6 mrr:38.07 hits:42.28
2020-04-26 23:43:53,431 INFO Tail: mr:4955.2 mrr:42.87 hits:46.84
2020-04-26 23:43:53,431 INFO All: mr:6578.4 mrr:40.47 hits:44.56
2020-04-26 23:43:53,433 INFO Declined in recent 2 epochs
2020-04-26 23:44:15,580 INFO [22.1] Epoch 270: loss = 10.7601
2020-04-26 23:44:38,134 INFO [22.6] Epoch 271: loss = 10.7645
2020-04-26 23:44:59,430 INFO [21.3] Epoch 272: loss = 10.7050
2020-04-26 23:45:21,754 INFO [22.3] Epoch 273: loss = 10.8680
2020-04-26 23:45:43,917 INFO [22.2] Epoch 274: loss = 10.6727
2020-04-26 23:46:10,532 INFO [26.6] Epoch 275: loss = 10.6490
2020-04-26 23:46:32,990 INFO [22.5] Epoch 276: loss = 10.8329
2020-04-26 23:46:55,253 INFO [22.3] Epoch 277: loss = 10.5695
2020-04-26 23:47:16,902 INFO [21.6] Epoch 278: loss = 10.7659
2020-04-26 23:47:39,051 INFO [22.1] Epoch 279: loss = 10.5575
2020-04-26 23:47:39,052 INFO Start Evaling...
2020-04-26 23:47:47,082 INFO Head: mr:7969.0 mrr:39.22 hits:43.01
2020-04-26 23:47:47,083 INFO Tail: mr:5209.5 mrr:42.58 hits:46.41
2020-04-26 23:47:47,083 INFO All: mr:6589.2 mrr:40.90 hits:44.71
2020-04-26 23:47:47,086 INFO Start Evaling...
2020-04-26 23:47:55,297 INFO Head: mr:8081.9 mrr:38.20 hits:42.44
2020-04-26 23:47:55,297 INFO Tail: mr:4967.5 mrr:42.95 hits:47.16
2020-04-26 23:47:55,297 INFO All: mr:6524.7 mrr:40.58 hits:44.80
2020-04-26 23:47:55,301 INFO Improved and model saved
2020-04-26 23:48:17,751 INFO [22.4] Epoch 280: loss = 10.6248
2020-04-26 23:48:39,709 INFO [22.0] Epoch 281: loss = 10.7108
2020-04-26 23:49:03,129 INFO [23.4] Epoch 282: loss = 10.7595
2020-04-26 23:49:25,957 INFO [22.8] Epoch 283: loss = 10.6249
2020-04-26 23:49:50,086 INFO [24.1] Epoch 284: loss = 10.6954
2020-04-26 23:50:15,406 INFO [25.3] Epoch 285: loss = 10.7021
2020-04-26 23:50:38,005 INFO [22.6] Epoch 286: loss = 10.6924
2020-04-26 23:51:00,711 INFO [22.7] Epoch 287: loss = 10.7069
2020-04-26 23:51:23,531 INFO [22.8] Epoch 288: loss = 10.7158
2020-04-26 23:51:47,532 INFO [24.0] Epoch 289: loss = 10.5543
2020-04-26 23:51:47,533 INFO Start Evaling...
2020-04-26 23:51:55,892 INFO Head: mr:7959.2 mrr:39.10 hits:42.75
2020-04-26 23:51:55,894 INFO Tail: mr:5100.9 mrr:42.41 hits:46.44
2020-04-26 23:51:55,896 INFO All: mr:6530.0 mrr:40.76 hits:44.59
2020-04-26 23:51:55,902 INFO Start Evaling...
2020-04-26 23:52:04,387 INFO Head: mr:8125.3 mrr:38.08 hits:42.15
2020-04-26 23:52:04,388 INFO Tail: mr:4989.9 mrr:42.83 hits:47.42
2020-04-26 23:52:04,388 INFO All: mr:6557.6 mrr:40.45 hits:44.78
2020-04-26 23:52:04,391 INFO Declined in recent 1 epochs
2020-04-26 23:52:26,136 INFO [21.7] Epoch 290: loss = 10.6680
2020-04-26 23:52:48,307 INFO [22.2] Epoch 291: loss = 10.8123
2020-04-26 23:53:11,369 INFO [23.1] Epoch 292: loss = 10.7190
2020-04-26 23:53:34,297 INFO [22.9] Epoch 293: loss = 10.6196
2020-04-26 23:54:00,378 INFO [26.1] Epoch 294: loss = 10.8437
2020-04-26 23:54:22,268 INFO [21.9] Epoch 295: loss = 10.6855
2020-04-26 23:54:43,266 INFO [21.0] Epoch 296: loss = 10.6263
2020-04-26 23:55:04,753 INFO [21.5] Epoch 297: loss = 10.6726
2020-04-26 23:55:27,235 INFO [22.5] Epoch 298: loss = 10.5559
2020-04-26 23:55:48,574 INFO [21.3] Epoch 299: loss = 10.6055
2020-04-26 23:55:48,575 INFO Start Evaling...
2020-04-26 23:55:56,478 INFO Head: mr:7891.7 mrr:39.02 hits:43.05
2020-04-26 23:55:56,478 INFO Tail: mr:5061.5 mrr:42.50 hits:46.80
2020-04-26 23:55:56,478 INFO All: mr:6476.6 mrr:40.76 hits:44.92
2020-04-26 23:55:56,481 INFO Start Evaling...
2020-04-26 23:56:04,665 INFO Head: mr:8030.6 mrr:38.24 hits:42.37
2020-04-26 23:56:04,666 INFO Tail: mr:4940.6 mrr:43.22 hits:47.32
2020-04-26 23:56:04,666 INFO All: mr:6485.6 mrr:40.73 hits:44.85
2020-04-26 23:56:04,672 INFO Declined in recent 2 epochs
2020-04-26 23:56:27,631 INFO [23.0] Epoch 300: loss = 10.5517
2020-04-26 23:56:50,197 INFO [22.6] Epoch 301: loss = 10.5964
2020-04-26 23:57:12,054 INFO [21.9] Epoch 302: loss = 10.8087
2020-04-26 23:57:35,619 INFO [23.6] Epoch 303: loss = 10.6831
2020-04-26 23:58:02,116 INFO [26.5] Epoch 304: loss = 10.6623
2020-04-26 23:58:22,920 INFO [20.8] Epoch 305: loss = 10.6845
2020-04-26 23:58:45,444 INFO [22.5] Epoch 306: loss = 10.5605
2020-04-26 23:59:08,165 INFO [22.7] Epoch 307: loss = 10.9476
2020-04-26 23:59:29,586 INFO [21.4] Epoch 308: loss = 10.6690
2020-04-26 23:59:51,385 INFO [21.8] Epoch 309: loss = 10.7430
2020-04-26 23:59:51,386 INFO Start Evaling...
2020-04-26 23:59:59,196 INFO Head: mr:7882.4 mrr:39.02 hits:43.11
2020-04-26 23:59:59,196 INFO Tail: mr:5097.6 mrr:42.60 hits:46.70
2020-04-26 23:59:59,196 INFO All: mr:6490.0 mrr:40.81 hits:44.91
2020-04-26 23:59:59,200 INFO Start Evaling...
2020-04-27 00:00:07,385 INFO Head: mr:8010.7 mrr:38.35 hits:42.47
2020-04-27 00:00:07,385 INFO Tail: mr:4996.0 mrr:43.05 hits:47.54
2020-04-27 00:00:07,385 INFO All: mr:6503.3 mrr:40.70 hits:45.01
2020-04-27 00:00:07,388 INFO Declined in recent 3 epochs
2020-04-27 00:00:29,606 INFO [22.2] Epoch 310: loss = 10.5307
2020-04-27 00:00:51,063 INFO [21.5] Epoch 311: loss = 10.6888
2020-04-27 00:01:13,446 INFO [22.4] Epoch 312: loss = 10.6881
2020-04-27 00:01:37,093 INFO [23.6] Epoch 313: loss = 10.5501
2020-04-27 00:02:02,782 INFO [25.7] Epoch 314: loss = 10.5127
2020-04-27 00:02:24,952 INFO [22.2] Epoch 315: loss = 10.5895
2020-04-27 00:02:47,306 INFO [22.4] Epoch 316: loss = 10.7464
2020-04-27 00:03:08,898 INFO [21.6] Epoch 317: loss = 10.4904
2020-04-27 00:03:30,862 INFO [22.0] Epoch 318: loss = 10.6561
2020-04-27 00:03:53,670 INFO [22.8] Epoch 319: loss = 10.6647
2020-04-27 00:03:53,670 INFO Start Evaling...
2020-04-27 00:04:01,726 INFO Head: mr:7921.4 mrr:38.71 hits:42.95
2020-04-27 00:04:01,726 INFO Tail: mr:5135.8 mrr:42.42 hits:46.41
2020-04-27 00:04:01,726 INFO All: mr:6528.6 mrr:40.57 hits:44.68
2020-04-27 00:04:01,731 INFO Start Evaling...
2020-04-27 00:04:10,204 INFO Head: mr:8014.8 mrr:38.37 hits:42.69
2020-04-27 00:04:10,205 INFO Tail: mr:5024.6 mrr:43.02 hits:47.32
2020-04-27 00:04:10,205 INFO All: mr:6519.7 mrr:40.70 hits:45.01
2020-04-27 00:04:10,209 INFO Declined in recent 4 epochs
2020-04-27 00:04:30,887 INFO [20.7] Epoch 320: loss = 10.6701
2020-04-27 00:04:52,770 INFO [21.9] Epoch 321: loss = 10.5618
2020-04-27 00:05:15,318 INFO [22.5] Epoch 322: loss = 10.6102
2020-04-27 00:05:39,206 INFO [23.9] Epoch 323: loss = 10.7186
2020-04-27 00:06:04,859 INFO [25.7] Epoch 324: loss = 10.6268
2020-04-27 00:06:26,919 INFO [22.1] Epoch 325: loss = 10.6477
2020-04-27 00:06:48,241 INFO [21.3] Epoch 326: loss = 10.6253
2020-04-27 00:07:10,260 INFO [22.0] Epoch 327: loss = 10.6386
2020-04-27 00:07:33,005 INFO [22.7] Epoch 328: loss = 10.7312
2020-04-27 00:07:54,894 INFO [21.9] Epoch 329: loss = 10.8380
2020-04-27 00:07:54,895 INFO Start Evaling...
2020-04-27 00:08:02,807 INFO Head: mr:7853.7 mrr:38.93 hits:42.98
2020-04-27 00:08:02,809 INFO Tail: mr:5178.5 mrr:42.34 hits:46.54
2020-04-27 00:08:02,811 INFO All: mr:6516.1 mrr:40.63 hits:44.76
2020-04-27 00:08:02,815 INFO Start Evaling...
2020-04-27 00:08:11,734 INFO Head: mr:7980.4 mrr:38.38 hits:42.37
2020-04-27 00:08:11,735 INFO Tail: mr:4951.6 mrr:42.92 hits:47.03
2020-04-27 00:08:11,735 INFO All: mr:6466.0 mrr:40.65 hits:44.70
2020-04-27 00:08:11,736 INFO Declined in recent 5 epochs
2020-04-27 00:08:11,736 INFO Early stopping
2020-04-27 00:08:11,736 INFO Train done
2020-04-27 00:08:11,745 INFO Start Evaling...
2020-04-27 00:08:19,900 INFO Head: mr:8081.9 mrr:38.20 hits:42.44
2020-04-27 00:08:19,900 INFO Tail: mr:4967.5 mrr:42.95 hits:47.16
2020-04-27 00:08:19,900 INFO All: mr:6524.7 mrr:40.58 hits:44.80
