2020-04-26 21:42:43,154 INFO EPOCH: 1000
2020-04-26 21:42:43,154 INFO EVERY: 10
2020-04-26 21:42:43,154 INFO LR: 0.001
2020-04-26 21:42:43,154 INFO DIM: 100
2020-04-26 21:42:43,155 INFO BATCH_SIZE: 256
2020-04-26 21:42:43,155 INFO BATCH_SIZE2: 100
2020-04-26 21:42:43,155 INFO P: 1
2020-04-26 21:42:43,155 INFO CLIPPING_MAX_VALUE: 4.0
2020-04-26 21:42:43,155 INFO OPTIM: Adam
2020-04-26 21:42:43,155 INFO N_SAMPLE: 100
2020-04-26 21:42:43,155 INFO MODE: grap
2020-04-26 21:42:43,155 INFO RATE: 0.1
2020-04-26 21:42:43,155 INFO GAMMA: 12.0
2020-04-26 21:42:43,155 INFO BERN: True
2020-04-26 21:42:43,155 INFO MARGIN: 4.0
2020-04-26 21:42:43,155 INFO REG: 1.0
2020-04-26 21:42:43,155 INFO LABEL_SMOOTH_EPS: 0.1
2020-04-26 21:42:43,155 INFO INPUT_DROP: 0.2
2020-04-26 21:42:43,155 INFO FEAT_DROP: 0.2
2020-04-26 21:42:43,155 INFO HIDD_DROP: 0.3
2020-04-26 21:42:43,155 INFO CHANNELS: 50
2020-04-26 21:42:43,155 INFO KERNEL_SIZE: 3
2020-04-26 21:42:43,155 INFO N_POOL: 100
2020-04-26 21:42:43,155 INFO MODEL_D: TransH
2020-04-26 21:42:43,155 INFO MODEL_G: DistMult
2020-04-26 21:42:43,155 INFO SCRATCH: False
2020-04-26 21:42:43,156 INFO D_FILE: None
2020-04-26 21:42:43,156 INFO G_FILE: None
2020-04-26 21:42:43,156 INFO PATH: data
2020-04-26 21:42:43,156 INFO DATA: WN18RR
2020-04-26 21:42:43,156 INFO EXP_PATH: experiment/WN18RR
2020-04-26 21:42:43,156 INFO MODEL: DistMult
2020-04-26 21:42:43,156 INFO V: 10
2020-04-26 21:42:43,156 INFO F: False
2020-04-26 21:42:43,156 INFO EVAL: False
2020-04-26 21:42:43,156 INFO TRAINED: False
2020-04-26 21:42:43,156 INFO PRETRAINED_NAME: None
2020-04-26 21:42:43,156 INFO EXP_NAME: DistMult-WN18RR-grap-10
2020-04-26 21:42:43,156 INFO --------------------------------------
2020-04-26 21:42:46,673 INFO Dataload done
2020-04-26 21:42:46,673 INFO --------------------------------------
2020-04-26 21:42:46,673 INFO N_ENTITY: 40943
2020-04-26 21:42:46,673 INFO N_RELATION: 11
2020-04-26 21:42:46,673 INFO --------------------------------------
2020-04-26 21:42:53,705 INFO Start Training...
2020-04-26 21:43:13,766 INFO [20.1] Epoch 0: loss = 353.7439
2020-04-26 21:43:33,983 INFO [20.2] Epoch 1: loss = 341.2288
2020-04-26 21:43:55,624 INFO [21.6] Epoch 2: loss = 309.2506
2020-04-26 21:44:17,255 INFO [21.6] Epoch 3: loss = 265.2022
2020-04-26 21:44:39,166 INFO [21.9] Epoch 4: loss = 217.0799
2020-04-26 21:45:00,730 INFO [21.6] Epoch 5: loss = 172.2209
2020-04-26 21:45:27,268 INFO [26.5] Epoch 6: loss = 133.7079
2020-04-26 21:45:48,544 INFO [21.3] Epoch 7: loss = 102.3864
2020-04-26 21:46:09,430 INFO [20.9] Epoch 8: loss = 79.0515
2020-04-26 21:46:31,034 INFO [21.6] Epoch 9: loss = 62.0460
2020-04-26 21:46:31,035 INFO Start Evaling...
2020-04-26 21:46:40,934 INFO Head: mr:10520.8 mrr:29.71 hits:37.38
2020-04-26 21:46:40,937 INFO Tail: mr:6448.0 mrr:31.80 hits:39.82
2020-04-26 21:46:40,939 INFO All: mr:8484.4 mrr:30.75 hits:38.60
2020-04-26 21:46:40,944 INFO Start Evaling...
2020-04-26 21:46:51,273 INFO Head: mr:10503.9 mrr:28.59 hits:36.89
2020-04-26 21:46:51,276 INFO Tail: mr:6108.0 mrr:31.06 hits:39.09
2020-04-26 21:46:51,277 INFO All: mr:8305.9 mrr:29.82 hits:37.99
2020-04-26 21:46:51,282 INFO Improved and model saved
2020-04-26 21:47:16,148 INFO [24.8] Epoch 10: loss = 49.9883
2020-04-26 21:47:38,408 INFO [22.3] Epoch 11: loss = 41.5408
2020-04-26 21:48:04,487 INFO [26.1] Epoch 12: loss = 35.3350
2020-04-26 21:48:28,409 INFO [23.9] Epoch 13: loss = 30.7158
2020-04-26 21:48:50,186 INFO [21.8] Epoch 14: loss = 27.0495
2020-04-26 21:49:11,249 INFO [21.1] Epoch 15: loss = 24.4192
2020-04-26 21:49:33,050 INFO [21.8] Epoch 16: loss = 22.2446
2020-04-26 21:49:54,996 INFO [21.9] Epoch 17: loss = 20.7273
2020-04-26 21:50:18,277 INFO [23.3] Epoch 18: loss = 19.2745
2020-04-26 21:50:42,602 INFO [24.3] Epoch 19: loss = 17.9623
2020-04-26 21:50:42,603 INFO Start Evaling...
2020-04-26 21:50:52,304 INFO Head: mr:10467.2 mrr:36.99 hits:40.08
2020-04-26 21:50:52,307 INFO Tail: mr:6469.6 mrr:40.07 hits:42.95
2020-04-26 21:50:52,309 INFO All: mr:8468.4 mrr:38.53 hits:41.51
2020-04-26 21:50:52,314 INFO Start Evaling...
2020-04-26 21:51:02,749 INFO Head: mr:10454.8 mrr:36.61 hits:39.79
2020-04-26 21:51:02,752 INFO Tail: mr:6093.2 mrr:39.80 hits:42.79
2020-04-26 21:51:02,753 INFO All: mr:8274.0 mrr:38.20 hits:41.29
2020-04-26 21:51:02,758 INFO Improved and model saved
2020-04-26 21:51:27,037 INFO [24.2] Epoch 20: loss = 17.1492
2020-04-26 21:51:48,216 INFO [21.2] Epoch 21: loss = 16.3381
2020-04-26 21:52:09,248 INFO [21.0] Epoch 22: loss = 15.8051
2020-04-26 21:52:31,277 INFO [22.0] Epoch 23: loss = 15.3471
2020-04-26 21:52:52,952 INFO [21.7] Epoch 24: loss = 14.6094
2020-04-26 21:53:20,229 INFO [27.3] Epoch 25: loss = 14.3902
2020-04-26 21:53:44,090 INFO [23.9] Epoch 26: loss = 13.8081
2020-04-26 21:54:06,010 INFO [21.9] Epoch 27: loss = 13.5285
2020-04-26 21:54:28,569 INFO [22.6] Epoch 28: loss = 13.4334
2020-04-26 21:54:50,360 INFO [21.8] Epoch 29: loss = 13.1933
2020-04-26 21:54:50,361 INFO Start Evaling...
2020-04-26 21:54:59,907 INFO Head: mr:10305.9 mrr:37.81 hits:41.33
2020-04-26 21:54:59,909 INFO Tail: mr:6399.6 mrr:40.84 hits:43.24
2020-04-26 21:54:59,911 INFO All: mr:8352.7 mrr:39.32 hits:42.29
2020-04-26 21:54:59,916 INFO Start Evaling...
2020-04-26 21:55:09,163 INFO Head: mr:10299.5 mrr:37.24 hits:40.30
2020-04-26 21:55:09,163 INFO Tail: mr:6087.9 mrr:40.71 hits:43.62
2020-04-26 21:55:09,163 INFO All: mr:8193.7 mrr:38.98 hits:41.96
2020-04-26 21:55:09,166 INFO Improved and model saved
2020-04-26 21:55:31,547 INFO [22.4] Epoch 30: loss = 12.9748
2020-04-26 21:56:00,134 INFO [28.6] Epoch 31: loss = 12.8227
2020-04-26 21:56:22,565 INFO [22.4] Epoch 32: loss = 12.5318
2020-04-26 21:56:44,328 INFO [21.8] Epoch 33: loss = 12.3375
2020-04-26 21:57:06,031 INFO [21.7] Epoch 34: loss = 12.4086
2020-04-26 21:57:27,310 INFO [21.3] Epoch 35: loss = 12.2094
2020-04-26 21:57:48,007 INFO [20.7] Epoch 36: loss = 11.8568
2020-04-26 21:58:12,473 INFO [24.5] Epoch 37: loss = 11.9412
2020-04-26 21:58:33,969 INFO [21.5] Epoch 38: loss = 11.7410
2020-04-26 21:58:54,609 INFO [20.6] Epoch 39: loss = 11.6366
2020-04-26 21:58:54,611 INFO Start Evaling...
2020-04-26 21:59:04,466 INFO Head: mr:10159.5 mrr:37.89 hits:41.33
2020-04-26 21:59:04,469 INFO Tail: mr:6362.7 mrr:40.96 hits:43.54
2020-04-26 21:59:04,470 INFO All: mr:8261.1 mrr:39.42 hits:42.44
2020-04-26 21:59:04,475 INFO Start Evaling...
2020-04-26 21:59:14,172 INFO Head: mr:10176.7 mrr:37.42 hits:40.68
2020-04-26 21:59:14,172 INFO Tail: mr:6028.9 mrr:41.02 hits:43.81
2020-04-26 21:59:14,172 INFO All: mr:8102.8 mrr:39.22 hits:42.25
2020-04-26 21:59:14,175 INFO Improved and model saved
2020-04-26 21:59:35,211 INFO [21.0] Epoch 40: loss = 11.7469
2020-04-26 21:59:56,769 INFO [21.6] Epoch 41: loss = 11.5541
2020-04-26 22:00:20,890 INFO [24.1] Epoch 42: loss = 11.5465
2020-04-26 22:00:44,242 INFO [23.4] Epoch 43: loss = 11.4463
2020-04-26 22:01:09,224 INFO [25.0] Epoch 44: loss = 11.5248
2020-04-26 22:01:31,215 INFO [22.0] Epoch 45: loss = 11.3655
2020-04-26 22:01:53,297 INFO [22.1] Epoch 46: loss = 11.2996
2020-04-26 22:02:15,795 INFO [22.5] Epoch 47: loss = 11.4205
2020-04-26 22:02:37,829 INFO [22.0] Epoch 48: loss = 11.3235
2020-04-26 22:02:59,621 INFO [21.8] Epoch 49: loss = 11.2122
2020-04-26 22:02:59,622 INFO Start Evaling...
2020-04-26 22:03:12,102 INFO Head: mr:10026.0 mrr:38.15 hits:41.43
2020-04-26 22:03:12,104 INFO Tail: mr:6320.5 mrr:41.07 hits:43.97
2020-04-26 22:03:12,104 INFO All: mr:8173.3 mrr:39.61 hits:42.70
2020-04-26 22:03:12,108 INFO Start Evaling...
2020-04-26 22:03:22,641 INFO Head: mr:10079.4 mrr:37.45 hits:40.71
2020-04-26 22:03:22,643 INFO Tail: mr:5949.5 mrr:40.95 hits:43.81
2020-04-26 22:03:22,645 INFO All: mr:8014.5 mrr:39.20 hits:42.26
2020-04-26 22:03:22,650 INFO Improved and model saved
2020-04-26 22:03:44,593 INFO [21.9] Epoch 50: loss = 11.0635
2020-04-26 22:04:06,618 INFO [22.0] Epoch 51: loss = 11.1155
2020-04-26 22:04:29,416 INFO [22.8] Epoch 52: loss = 11.2258
2020-04-26 22:04:50,857 INFO [21.4] Epoch 53: loss = 10.9940
2020-04-26 22:05:12,821 INFO [22.0] Epoch 54: loss = 10.8920
2020-04-26 22:05:34,432 INFO [21.6] Epoch 55: loss = 11.1778
2020-04-26 22:06:01,434 INFO [27.0] Epoch 56: loss = 11.1164
2020-04-26 22:06:22,841 INFO [21.4] Epoch 57: loss = 11.0684
2020-04-26 22:06:44,735 INFO [21.9] Epoch 58: loss = 10.8455
2020-04-26 22:07:06,327 INFO [21.6] Epoch 59: loss = 10.9813
2020-04-26 22:07:06,327 INFO Start Evaling...
2020-04-26 22:07:16,156 INFO Head: mr:9919.9 mrr:38.22 hits:41.50
2020-04-26 22:07:16,158 INFO Tail: mr:6218.4 mrr:41.24 hits:44.00
2020-04-26 22:07:16,160 INFO All: mr:8069.2 mrr:39.73 hits:42.75
2020-04-26 22:07:16,165 INFO Start Evaling...
2020-04-26 22:07:26,075 INFO Head: mr:10005.0 mrr:37.38 hits:41.10
2020-04-26 22:07:26,077 INFO Tail: mr:5926.1 mrr:41.13 hits:44.10
2020-04-26 22:07:26,078 INFO All: mr:7965.6 mrr:39.25 hits:42.60
2020-04-26 22:07:26,084 INFO Improved and model saved
2020-04-26 22:07:52,910 INFO [26.8] Epoch 60: loss = 10.9065
2020-04-26 22:08:24,500 INFO [31.6] Epoch 61: loss = 10.6551
2020-04-26 22:09:01,563 INFO [37.1] Epoch 62: loss = 10.9141
2020-04-26 22:09:34,472 INFO [32.9] Epoch 63: loss = 10.8241
2020-04-26 22:10:04,002 INFO [29.5] Epoch 64: loss = 10.7902
2020-04-26 22:10:25,726 INFO [21.7] Epoch 65: loss = 10.8509
2020-04-26 22:10:47,238 INFO [21.5] Epoch 66: loss = 10.6526
2020-04-26 22:11:08,840 INFO [21.6] Epoch 67: loss = 10.8206
2020-04-26 22:11:31,916 INFO [23.1] Epoch 68: loss = 10.7044
2020-04-26 22:12:05,967 INFO [34.1] Epoch 69: loss = 11.0393
2020-04-26 22:12:05,968 INFO Start Evaling...
2020-04-26 22:12:16,757 INFO Head: mr:9845.8 mrr:38.50 hits:41.83
2020-04-26 22:12:16,760 INFO Tail: mr:6163.3 mrr:41.19 hits:43.90
2020-04-26 22:12:16,761 INFO All: mr:8004.5 mrr:39.85 hits:42.86
2020-04-26 22:12:16,767 INFO Start Evaling...
2020-04-26 22:12:26,523 INFO Head: mr:9960.6 mrr:37.61 hits:40.84
2020-04-26 22:12:26,523 INFO Tail: mr:5900.4 mrr:40.99 hits:44.74
2020-04-26 22:12:26,523 INFO All: mr:7930.5 mrr:39.30 hits:42.79
2020-04-26 22:12:26,526 INFO Improved and model saved
2020-04-26 22:12:52,057 INFO [25.5] Epoch 70: loss = 10.6903
2020-04-26 22:13:19,326 INFO [27.3] Epoch 71: loss = 10.7559
2020-04-26 22:13:47,490 INFO [28.2] Epoch 72: loss = 10.6524
2020-04-26 22:14:17,009 INFO [29.5] Epoch 73: loss = 10.8399
2020-04-26 22:14:48,473 INFO [31.5] Epoch 74: loss = 10.7805
2020-04-26 22:15:16,287 INFO [27.8] Epoch 75: loss = 10.7609
2020-04-26 22:15:39,971 INFO [23.7] Epoch 76: loss = 10.6086
2020-04-26 22:16:04,438 INFO [24.5] Epoch 77: loss = 10.5277
2020-04-26 22:16:28,838 INFO [24.4] Epoch 78: loss = 10.4997
2020-04-26 22:16:56,005 INFO [27.2] Epoch 79: loss = 10.5870
2020-04-26 22:16:56,006 INFO Start Evaling...
2020-04-26 22:17:04,777 INFO Head: mr:9775.9 mrr:38.01 hits:41.33
2020-04-26 22:17:04,777 INFO Tail: mr:6092.6 mrr:41.38 hits:44.30
2020-04-26 22:17:04,777 INFO All: mr:7934.2 mrr:39.69 hits:42.81
2020-04-26 22:17:04,779 INFO Start Evaling...
2020-04-26 22:17:13,547 INFO Head: mr:9862.1 mrr:37.86 hits:41.19
2020-04-26 22:17:13,550 INFO Tail: mr:5879.4 mrr:41.46 hits:44.51
2020-04-26 22:17:13,551 INFO All: mr:7870.7 mrr:39.66 hits:42.85
2020-04-26 22:17:13,557 INFO Declined in recent 1 epochs
2020-04-26 22:17:40,669 INFO [27.1] Epoch 80: loss = 10.6277
2020-04-26 22:18:00,915 INFO [20.2] Epoch 81: loss = 10.6420
2020-04-26 22:18:23,454 INFO [22.5] Epoch 82: loss = 10.3881
2020-04-26 22:18:49,766 INFO [26.3] Epoch 83: loss = 10.5135
2020-04-26 22:19:16,240 INFO [26.5] Epoch 84: loss = 10.6137
2020-04-26 22:19:43,115 INFO [26.9] Epoch 85: loss = 10.4625
2020-04-26 22:20:11,716 INFO [28.6] Epoch 86: loss = 10.4386
2020-04-26 22:20:42,212 INFO [30.5] Epoch 87: loss = 10.5479
2020-04-26 22:21:11,952 INFO [29.7] Epoch 88: loss = 10.2925
2020-04-26 22:21:36,687 INFO [24.7] Epoch 89: loss = 10.4432
2020-04-26 22:21:36,688 INFO Start Evaling...
2020-04-26 22:21:45,373 INFO Head: mr:9701.9 mrr:38.22 hits:41.92
2020-04-26 22:21:45,374 INFO Tail: mr:6068.8 mrr:41.21 hits:44.23
2020-04-26 22:21:45,374 INFO All: mr:7885.4 mrr:39.72 hits:43.08
2020-04-26 22:21:45,378 INFO Start Evaling...
2020-04-26 22:21:53,795 INFO Head: mr:9805.3 mrr:37.76 hits:41.32
2020-04-26 22:21:53,796 INFO Tail: mr:5873.5 mrr:41.25 hits:44.70
2020-04-26 22:21:53,796 INFO All: mr:7839.4 mrr:39.51 hits:43.01
2020-04-26 22:21:53,799 INFO Declined in recent 2 epochs
2020-04-26 22:22:15,221 INFO [21.4] Epoch 90: loss = 10.6189
2020-04-26 22:22:36,663 INFO [21.4] Epoch 91: loss = 10.3558
2020-04-26 22:22:58,950 INFO [22.3] Epoch 92: loss = 10.1733
2020-04-26 22:23:29,016 INFO [30.1] Epoch 93: loss = 10.4142
2020-04-26 22:23:52,329 INFO [23.3] Epoch 94: loss = 10.5081
2020-04-26 22:24:16,105 INFO [23.8] Epoch 95: loss = 10.2211
2020-04-26 22:24:38,334 INFO [22.2] Epoch 96: loss = 10.3817
2020-04-26 22:25:01,460 INFO [23.1] Epoch 97: loss = 10.3036
2020-04-26 22:25:28,686 INFO [27.2] Epoch 98: loss = 10.3367
2020-04-26 22:25:58,140 INFO [29.5] Epoch 99: loss = 10.3132
2020-04-26 22:25:58,141 INFO Start Evaling...
2020-04-26 22:26:08,104 INFO Head: mr:9588.2 mrr:38.49 hits:42.02
2020-04-26 22:26:08,105 INFO Tail: mr:6007.3 mrr:41.24 hits:44.36
2020-04-26 22:26:08,105 INFO All: mr:7797.8 mrr:39.87 hits:43.19
2020-04-26 22:26:08,109 INFO Start Evaling...
2020-04-26 22:26:17,263 INFO Head: mr:9697.3 mrr:37.69 hits:41.80
2020-04-26 22:26:17,265 INFO Tail: mr:5812.0 mrr:41.23 hits:44.67
2020-04-26 22:26:17,265 INFO All: mr:7754.7 mrr:39.46 hits:43.24
2020-04-26 22:26:17,268 INFO Improved and model saved
2020-04-26 22:26:40,762 INFO [23.5] Epoch 100: loss = 10.3016
2020-04-26 22:27:03,287 INFO [22.5] Epoch 101: loss = 10.3448
2020-04-26 22:27:24,747 INFO [21.5] Epoch 102: loss = 10.0657
2020-04-26 22:27:47,739 INFO [23.0] Epoch 103: loss = 10.2685
2020-04-26 22:28:15,668 INFO [27.9] Epoch 104: loss = 10.2586
2020-04-26 22:28:43,074 INFO [27.4] Epoch 105: loss = 10.1922
2020-04-26 22:29:08,361 INFO [25.3] Epoch 106: loss = 10.1818
2020-04-26 22:29:31,815 INFO [23.5] Epoch 107: loss = 10.1991
2020-04-26 22:29:54,081 INFO [22.3] Epoch 108: loss = 10.0971
2020-04-26 22:30:18,920 INFO [24.8] Epoch 109: loss = 9.9534
2020-04-26 22:30:18,921 INFO Start Evaling...
2020-04-26 22:30:29,121 INFO Head: mr:9539.2 mrr:38.43 hits:42.22
2020-04-26 22:30:29,124 INFO Tail: mr:5978.3 mrr:41.12 hits:44.23
2020-04-26 22:30:29,126 INFO All: mr:7758.8 mrr:39.77 hits:43.23
2020-04-26 22:30:29,131 INFO Start Evaling...
2020-04-26 22:30:38,951 INFO Head: mr:9603.8 mrr:37.77 hits:41.67
2020-04-26 22:30:38,952 INFO Tail: mr:5799.8 mrr:41.29 hits:44.58
2020-04-26 22:30:38,952 INFO All: mr:7701.8 mrr:39.53 hits:43.12
2020-04-26 22:30:38,954 INFO Declined in recent 1 epochs
2020-04-26 22:31:01,896 INFO [22.9] Epoch 110: loss = 9.9976
2020-04-26 22:31:28,816 INFO [26.9] Epoch 111: loss = 10.0907
2020-04-26 22:31:54,651 INFO [25.8] Epoch 112: loss = 10.1349
2020-04-26 22:32:17,892 INFO [23.2] Epoch 113: loss = 9.9667
2020-04-26 22:32:41,057 INFO [23.2] Epoch 114: loss = 10.0554
2020-04-26 22:33:09,871 INFO [28.8] Epoch 115: loss = 10.0086
2020-04-26 22:33:34,404 INFO [24.5] Epoch 116: loss = 9.8785
2020-04-26 22:33:56,997 INFO [22.6] Epoch 117: loss = 9.8630
2020-04-26 22:34:27,939 INFO [30.9] Epoch 118: loss = 10.0176
2020-04-26 22:34:51,040 INFO [23.1] Epoch 119: loss = 9.8849
2020-04-26 22:34:51,040 INFO Start Evaling...
2020-04-26 22:35:00,326 INFO Head: mr:9486.2 mrr:38.44 hits:42.22
2020-04-26 22:35:00,327 INFO Tail: mr:5993.0 mrr:41.30 hits:43.90
2020-04-26 22:35:00,327 INFO All: mr:7739.6 mrr:39.87 hits:43.06
2020-04-26 22:35:00,330 INFO Start Evaling...
2020-04-26 22:35:09,708 INFO Head: mr:9608.1 mrr:37.85 hits:41.38
2020-04-26 22:35:09,709 INFO Tail: mr:5807.0 mrr:41.36 hits:44.80
2020-04-26 22:35:09,709 INFO All: mr:7707.6 mrr:39.61 hits:43.09
2020-04-26 22:35:09,712 INFO Improved and model saved
2020-04-26 22:35:38,804 INFO [29.1] Epoch 120: loss = 10.0214
2020-04-26 22:36:01,868 INFO [23.1] Epoch 121: loss = 10.0419
2020-04-26 22:36:25,172 INFO [23.3] Epoch 122: loss = 9.9666
2020-04-26 22:36:48,256 INFO [23.1] Epoch 123: loss = 10.0071
2020-04-26 22:37:17,845 INFO [29.6] Epoch 124: loss = 9.9635
2020-04-26 22:37:40,649 INFO [22.8] Epoch 125: loss = 10.0139
2020-04-26 22:38:10,883 INFO [30.2] Epoch 126: loss = 9.8257
2020-04-26 22:38:33,857 INFO [23.0] Epoch 127: loss = 9.8321
2020-04-26 22:38:56,967 INFO [23.1] Epoch 128: loss = 9.8300
2020-04-26 22:39:19,129 INFO [22.2] Epoch 129: loss = 9.7766
2020-04-26 22:39:19,129 INFO Start Evaling...
2020-04-26 22:39:28,519 INFO Head: mr:9438.3 mrr:38.68 hits:42.52
2020-04-26 22:39:28,519 INFO Tail: mr:5933.6 mrr:41.35 hits:44.86
2020-04-26 22:39:28,519 INFO All: mr:7685.9 mrr:40.01 hits:43.69
2020-04-26 22:39:28,524 INFO Start Evaling...
2020-04-26 22:39:40,079 INFO Head: mr:9485.4 mrr:38.05 hits:41.77
2020-04-26 22:39:40,080 INFO Tail: mr:5774.1 mrr:41.39 hits:44.74
2020-04-26 22:39:40,080 INFO All: mr:7629.7 mrr:39.72 hits:43.25
2020-04-26 22:39:40,086 INFO Improved and model saved
2020-04-26 22:40:07,893 INFO [27.8] Epoch 130: loss = 9.8392
2020-04-26 22:40:30,363 INFO [22.5] Epoch 131: loss = 9.9373
2020-04-26 22:40:52,441 INFO [22.1] Epoch 132: loss = 9.9085
2020-04-26 22:41:14,094 INFO [21.7] Epoch 133: loss = 9.8152
2020-04-26 22:41:35,645 INFO [21.6] Epoch 134: loss = 9.7649
2020-04-26 22:41:56,374 INFO [20.7] Epoch 135: loss = 9.9135
2020-04-26 22:42:25,933 INFO [29.6] Epoch 136: loss = 9.8240
2020-04-26 22:42:54,253 INFO [28.3] Epoch 137: loss = 9.5872
2020-04-26 22:43:17,519 INFO [23.3] Epoch 138: loss = 9.7157
2020-04-26 22:43:40,857 INFO [23.3] Epoch 139: loss = 9.7428
2020-04-26 22:43:40,858 INFO Start Evaling...
2020-04-26 22:43:50,433 INFO Head: mr:9345.4 mrr:38.65 hits:42.52
2020-04-26 22:43:50,433 INFO Tail: mr:5913.1 mrr:41.39 hits:44.79
2020-04-26 22:43:50,433 INFO All: mr:7629.3 mrr:40.02 hits:43.66
2020-04-26 22:43:50,442 INFO Start Evaling...
2020-04-26 22:44:00,592 INFO Head: mr:9401.7 mrr:37.97 hits:41.90
2020-04-26 22:44:00,594 INFO Tail: mr:5740.6 mrr:41.46 hits:45.21
2020-04-26 22:44:00,595 INFO All: mr:7571.1 mrr:39.71 hits:43.55
2020-04-26 22:44:00,598 INFO Improved and model saved
2020-04-26 22:44:23,523 INFO [22.9] Epoch 140: loss = 9.6661
2020-04-26 22:44:47,288 INFO [23.8] Epoch 141: loss = 9.7811
2020-04-26 22:45:21,333 INFO [34.0] Epoch 142: loss = 9.5970
2020-04-26 22:45:44,461 INFO [23.1] Epoch 143: loss = 9.7969
2020-04-26 22:46:07,602 INFO [23.1] Epoch 144: loss = 9.5976
2020-04-26 22:46:30,433 INFO [22.8] Epoch 145: loss = 9.6368
2020-04-26 22:46:53,252 INFO [22.8] Epoch 146: loss = 9.6968
2020-04-26 22:47:24,021 INFO [30.8] Epoch 147: loss = 9.6065
2020-04-26 22:47:48,269 INFO [24.2] Epoch 148: loss = 9.5079
2020-04-26 22:48:17,211 INFO [28.9] Epoch 149: loss = 9.6059
2020-04-26 22:48:17,212 INFO Start Evaling...
2020-04-26 22:48:26,453 INFO Head: mr:9318.2 mrr:38.43 hits:42.68
2020-04-26 22:48:26,453 INFO Tail: mr:5935.9 mrr:41.19 hits:44.66
2020-04-26 22:48:26,453 INFO All: mr:7627.1 mrr:39.81 hits:43.67
2020-04-26 22:48:26,458 INFO Start Evaling...
2020-04-26 22:48:36,004 INFO Head: mr:9291.7 mrr:37.92 hits:41.77
2020-04-26 22:48:36,004 INFO Tail: mr:5676.0 mrr:41.38 hits:45.41
2020-04-26 22:48:36,005 INFO All: mr:7483.8 mrr:39.65 hits:43.59
2020-04-26 22:48:36,008 INFO Declined in recent 1 epochs
2020-04-26 22:48:59,155 INFO [23.1] Epoch 150: loss = 9.6194
2020-04-26 22:49:22,682 INFO [23.5] Epoch 151: loss = 9.6200
2020-04-26 22:49:43,539 INFO [20.9] Epoch 152: loss = 9.6390
2020-04-26 22:50:08,200 INFO [24.7] Epoch 153: loss = 9.6022
2020-04-26 22:50:31,210 INFO [23.0] Epoch 154: loss = 9.7435
2020-04-26 22:50:57,784 INFO [26.6] Epoch 155: loss = 9.6090
2020-04-26 22:51:20,975 INFO [23.2] Epoch 156: loss = 9.5629
2020-04-26 22:51:48,641 INFO [27.7] Epoch 157: loss = 9.5203
2020-04-26 22:52:14,088 INFO [25.4] Epoch 158: loss = 9.5018
2020-04-26 22:52:37,039 INFO [23.0] Epoch 159: loss = 9.6449
2020-04-26 22:52:37,040 INFO Start Evaling...
2020-04-26 22:52:46,860 INFO Head: mr:9238.8 mrr:38.26 hits:42.32
2020-04-26 22:52:46,861 INFO Tail: mr:5906.0 mrr:41.49 hits:45.02
2020-04-26 22:52:46,861 INFO All: mr:7572.4 mrr:39.88 hits:43.67
2020-04-26 22:52:46,865 INFO Start Evaling...
2020-04-26 22:52:56,383 INFO Head: mr:9330.7 mrr:37.89 hits:41.70
2020-04-26 22:52:56,383 INFO Tail: mr:5730.3 mrr:41.69 hits:44.99
2020-04-26 22:52:56,383 INFO All: mr:7530.5 mrr:39.79 hits:43.35
2020-04-26 22:52:56,386 INFO Declined in recent 2 epochs
2020-04-26 22:53:20,679 INFO [24.3] Epoch 160: loss = 9.6732
2020-04-26 22:53:50,581 INFO [29.9] Epoch 161: loss = 9.6213
2020-04-26 22:54:14,065 INFO [23.5] Epoch 162: loss = 9.5717
2020-04-26 22:54:39,340 INFO [25.3] Epoch 163: loss = 9.5016
2020-04-26 22:55:05,315 INFO [26.0] Epoch 164: loss = 9.7518
2020-04-26 22:55:27,748 INFO [22.4] Epoch 165: loss = 9.6568
2020-04-26 22:55:50,238 INFO [22.5] Epoch 166: loss = 9.5469
2020-04-26 22:56:21,643 INFO [31.4] Epoch 167: loss = 9.4558
2020-04-26 22:56:52,798 INFO [31.2] Epoch 168: loss = 9.6660
2020-04-26 22:57:14,954 INFO [22.2] Epoch 169: loss = 9.5432
2020-04-26 22:57:14,955 INFO Start Evaling...
2020-04-26 22:57:24,387 INFO Head: mr:9175.8 mrr:38.62 hits:42.49
2020-04-26 22:57:24,389 INFO Tail: mr:5878.0 mrr:41.54 hits:44.86
2020-04-26 22:57:24,390 INFO All: mr:7526.9 mrr:40.08 hits:43.67
2020-04-26 22:57:24,395 INFO Start Evaling...
2020-04-26 22:57:33,815 INFO Head: mr:9267.1 mrr:38.02 hits:42.15
2020-04-26 22:57:33,817 INFO Tail: mr:5666.7 mrr:41.42 hits:45.05
2020-04-26 22:57:33,819 INFO All: mr:7466.9 mrr:39.72 hits:43.60
2020-04-26 22:57:33,822 INFO Improved and model saved
2020-04-26 22:57:56,842 INFO [23.0] Epoch 170: loss = 9.4846
2020-04-26 22:58:20,031 INFO [23.2] Epoch 171: loss = 9.5479
2020-04-26 22:58:44,028 INFO [24.0] Epoch 172: loss = 9.5683
2020-04-26 22:59:16,810 INFO [32.8] Epoch 173: loss = 9.6192
2020-04-26 22:59:43,620 INFO [26.8] Epoch 174: loss = 9.4271
2020-04-26 23:00:06,313 INFO [22.7] Epoch 175: loss = 9.3924
2020-04-26 23:00:28,318 INFO [22.0] Epoch 176: loss = 9.4768
2020-04-26 23:00:50,548 INFO [22.2] Epoch 177: loss = 9.5849
2020-04-26 23:01:16,636 INFO [26.1] Epoch 178: loss = 9.5713
2020-04-26 23:01:42,725 INFO [26.1] Epoch 179: loss = 9.3471
2020-04-26 23:01:42,725 INFO Start Evaling...
2020-04-26 23:01:52,127 INFO Head: mr:9160.0 mrr:38.47 hits:42.62
2020-04-26 23:01:52,127 INFO Tail: mr:5876.9 mrr:41.33 hits:44.89
2020-04-26 23:01:52,127 INFO All: mr:7518.4 mrr:39.90 hits:43.75
2020-04-26 23:01:52,130 INFO Start Evaling...
2020-04-26 23:02:01,478 INFO Head: mr:9258.5 mrr:37.92 hits:41.99
2020-04-26 23:02:01,480 INFO Tail: mr:5705.7 mrr:41.49 hits:45.63
2020-04-26 23:02:01,482 INFO All: mr:7482.1 mrr:39.70 hits:43.81
2020-04-26 23:02:01,486 INFO Declined in recent 1 epochs
2020-04-26 23:02:23,296 INFO [21.8] Epoch 180: loss = 9.5569
2020-04-26 23:02:45,362 INFO [22.1] Epoch 181: loss = 9.4786
2020-04-26 23:03:08,140 INFO [22.8] Epoch 182: loss = 9.3798
2020-04-26 23:03:29,386 INFO [21.2] Epoch 183: loss = 9.4601
2020-04-26 23:03:51,654 INFO [22.3] Epoch 184: loss = 9.4973
2020-04-26 23:04:13,792 INFO [22.1] Epoch 185: loss = 9.5484
2020-04-26 23:04:40,899 INFO [27.1] Epoch 186: loss = 9.6122
2020-04-26 23:05:03,730 INFO [22.8] Epoch 187: loss = 9.4218
2020-04-26 23:05:26,247 INFO [22.5] Epoch 188: loss = 9.5212
2020-04-26 23:05:54,299 INFO [28.1] Epoch 189: loss = 9.4830
2020-04-26 23:05:54,302 INFO Start Evaling...
2020-04-26 23:06:03,590 INFO Head: mr:9112.9 mrr:38.57 hits:42.49
2020-04-26 23:06:03,593 INFO Tail: mr:5885.5 mrr:41.71 hits:45.12
2020-04-26 23:06:03,595 INFO All: mr:7499.2 mrr:40.14 hits:43.80
2020-04-26 23:06:03,600 INFO Start Evaling...
2020-04-26 23:06:12,879 INFO Head: mr:9237.9 mrr:38.06 hits:42.05
2020-04-26 23:06:12,881 INFO Tail: mr:5730.9 mrr:41.83 hits:45.66
2020-04-26 23:06:12,883 INFO All: mr:7484.4 mrr:39.95 hits:43.86
2020-04-26 23:06:12,888 INFO Improved and model saved
2020-04-26 23:06:36,097 INFO [23.2] Epoch 190: loss = 9.4759
2020-04-26 23:06:58,346 INFO [22.2] Epoch 191: loss = 9.6094
2020-04-26 23:07:20,013 INFO [21.7] Epoch 192: loss = 9.5568
2020-04-26 23:07:42,585 INFO [22.6] Epoch 193: loss = 9.4518
2020-04-26 23:08:05,178 INFO [22.6] Epoch 194: loss = 9.5211
2020-04-26 23:08:26,793 INFO [21.6] Epoch 195: loss = 9.3876
2020-04-26 23:08:48,798 INFO [22.0] Epoch 196: loss = 9.4721
2020-04-26 23:09:10,747 INFO [21.9] Epoch 197: loss = 9.3299
2020-04-26 23:09:38,624 INFO [27.9] Epoch 198: loss = 9.5441
2020-04-26 23:10:00,719 INFO [22.1] Epoch 199: loss = 9.5809
2020-04-26 23:10:00,719 INFO Start Evaling...
2020-04-26 23:10:10,773 INFO Head: mr:9131.9 mrr:38.63 hits:42.72
2020-04-26 23:10:10,775 INFO Tail: mr:5913.2 mrr:41.67 hits:45.02
2020-04-26 23:10:10,777 INFO All: mr:7522.6 mrr:40.15 hits:43.87
2020-04-26 23:10:10,782 INFO Start Evaling...
2020-04-26 23:10:22,370 INFO Head: mr:9155.0 mrr:38.10 hits:42.25
2020-04-26 23:10:22,371 INFO Tail: mr:5702.8 mrr:41.77 hits:45.56
2020-04-26 23:10:22,371 INFO All: mr:7428.9 mrr:39.94 hits:43.91
2020-04-26 23:10:22,374 INFO Improved and model saved
2020-04-26 23:10:47,012 INFO [24.6] Epoch 200: loss = 9.5995
2020-04-26 23:11:08,941 INFO [21.9] Epoch 201: loss = 9.3474
2020-04-26 23:11:31,462 INFO [22.5] Epoch 202: loss = 9.4081
2020-04-26 23:11:53,662 INFO [22.2] Epoch 203: loss = 9.3769
2020-04-26 23:12:15,699 INFO [22.0] Epoch 204: loss = 9.2718
2020-04-26 23:12:37,734 INFO [22.0] Epoch 205: loss = 9.2520
2020-04-26 23:13:00,490 INFO [22.8] Epoch 206: loss = 9.4266
2020-04-26 23:13:22,762 INFO [22.3] Epoch 207: loss = 9.3354
2020-04-26 23:13:45,320 INFO [22.6] Epoch 208: loss = 9.3649
2020-04-26 23:14:09,894 INFO [24.6] Epoch 209: loss = 9.3500
2020-04-26 23:14:09,894 INFO Start Evaling...
2020-04-26 23:14:19,330 INFO Head: mr:9064.4 mrr:38.52 hits:42.45
2020-04-26 23:14:19,332 INFO Tail: mr:5923.2 mrr:41.53 hits:45.15
2020-04-26 23:14:19,334 INFO All: mr:7493.8 mrr:40.03 hits:43.80
2020-04-26 23:14:19,339 INFO Start Evaling...
2020-04-26 23:14:28,774 INFO Head: mr:9139.9 mrr:38.02 hits:42.18
2020-04-26 23:14:28,774 INFO Tail: mr:5678.8 mrr:41.63 hits:45.50
2020-04-26 23:14:28,774 INFO All: mr:7409.4 mrr:39.82 hits:43.84
2020-04-26 23:14:28,777 INFO Declined in recent 1 epochs
2020-04-26 23:14:58,438 INFO [29.7] Epoch 210: loss = 9.4904
2020-04-26 23:15:20,575 INFO [22.1] Epoch 211: loss = 9.2351
2020-04-26 23:15:43,960 INFO [23.4] Epoch 212: loss = 9.4070
2020-04-26 23:16:05,907 INFO [21.9] Epoch 213: loss = 9.3389
2020-04-26 23:16:28,404 INFO [22.5] Epoch 214: loss = 9.4416
2020-04-26 23:16:50,537 INFO [22.1] Epoch 215: loss = 9.4183
2020-04-26 23:17:11,632 INFO [21.1] Epoch 216: loss = 9.2565
2020-04-26 23:17:33,934 INFO [22.3] Epoch 217: loss = 9.4113
2020-04-26 23:17:55,450 INFO [21.5] Epoch 218: loss = 9.3524
2020-04-26 23:18:17,464 INFO [22.0] Epoch 219: loss = 9.4645
2020-04-26 23:18:17,464 INFO Start Evaling...
2020-04-26 23:18:25,540 INFO Head: mr:9057.0 mrr:38.57 hits:42.72
2020-04-26 23:18:25,541 INFO Tail: mr:5912.2 mrr:41.56 hits:45.22
2020-04-26 23:18:25,541 INFO All: mr:7484.6 mrr:40.06 hits:43.97
2020-04-26 23:18:25,543 INFO Start Evaling...
2020-04-26 23:18:33,603 INFO Head: mr:9067.6 mrr:38.10 hits:41.99
2020-04-26 23:18:33,603 INFO Tail: mr:5621.7 mrr:41.65 hits:45.63
2020-04-26 23:18:33,603 INFO All: mr:7344.7 mrr:39.88 hits:43.81
2020-04-26 23:18:33,605 INFO Declined in recent 2 epochs
2020-04-26 23:18:59,692 INFO [26.1] Epoch 220: loss = 9.3653
2020-04-26 23:19:22,102 INFO [22.4] Epoch 221: loss = 9.3991
2020-04-26 23:19:43,343 INFO [21.2] Epoch 222: loss = 9.3998
2020-04-26 23:20:05,552 INFO [22.2] Epoch 223: loss = 9.3105
2020-04-26 23:20:27,012 INFO [21.5] Epoch 224: loss = 9.3343
2020-04-26 23:20:48,393 INFO [21.4] Epoch 225: loss = 9.4873
2020-04-26 23:21:10,201 INFO [21.8] Epoch 226: loss = 9.2861
2020-04-26 23:21:31,686 INFO [21.5] Epoch 227: loss = 9.2585
2020-04-26 23:21:52,724 INFO [21.0] Epoch 228: loss = 9.3122
2020-04-26 23:22:13,968 INFO [21.2] Epoch 229: loss = 9.2738
2020-04-26 23:22:13,969 INFO Start Evaling...
2020-04-26 23:22:21,967 INFO Head: mr:8961.0 mrr:38.73 hits:43.05
2020-04-26 23:22:21,967 INFO Tail: mr:5964.4 mrr:41.62 hits:45.22
2020-04-26 23:22:21,967 INFO All: mr:7462.7 mrr:40.17 hits:44.13
2020-04-26 23:22:21,969 INFO Start Evaling...
2020-04-26 23:22:31,797 INFO Head: mr:9050.9 mrr:38.15 hits:42.09
2020-04-26 23:22:31,799 INFO Tail: mr:5682.4 mrr:41.66 hits:45.79
2020-04-26 23:22:31,800 INFO All: mr:7366.6 mrr:39.90 hits:43.94
2020-04-26 23:22:31,806 INFO Improved and model saved
2020-04-26 23:22:55,060 INFO [23.2] Epoch 230: loss = 9.5649
2020-04-26 23:23:20,193 INFO [25.1] Epoch 231: loss = 9.3159
2020-04-26 23:23:42,479 INFO [22.3] Epoch 232: loss = 9.5044
2020-04-26 23:24:04,101 INFO [21.6] Epoch 233: loss = 9.6222
2020-04-26 23:24:25,884 INFO [21.8] Epoch 234: loss = 9.3399
2020-04-26 23:24:48,219 INFO [22.3] Epoch 235: loss = 9.4104
2020-04-26 23:25:10,521 INFO [22.3] Epoch 236: loss = 9.4719
2020-04-26 23:25:31,423 INFO [20.9] Epoch 237: loss = 9.3350
2020-04-26 23:25:52,875 INFO [21.5] Epoch 238: loss = 9.4250
2020-04-26 23:26:14,425 INFO [21.5] Epoch 239: loss = 9.4531
2020-04-26 23:26:14,426 INFO Start Evaling...
2020-04-26 23:26:22,939 INFO Head: mr:8944.1 mrr:38.67 hits:42.58
2020-04-26 23:26:22,941 INFO Tail: mr:6009.7 mrr:41.72 hits:45.12
2020-04-26 23:26:22,943 INFO All: mr:7476.9 mrr:40.20 hits:43.85
2020-04-26 23:26:22,948 INFO Start Evaling...
2020-04-26 23:26:33,051 INFO Head: mr:8991.5 mrr:38.13 hits:42.12
2020-04-26 23:26:33,053 INFO Tail: mr:5732.6 mrr:41.93 hits:46.11
2020-04-26 23:26:33,055 INFO All: mr:7362.1 mrr:40.03 hits:44.11
2020-04-26 23:26:33,061 INFO Improved and model saved
2020-04-26 23:26:53,936 INFO [20.8] Epoch 240: loss = 9.2559
2020-04-26 23:27:17,483 INFO [23.5] Epoch 241: loss = 9.4758
2020-04-26 23:27:39,644 INFO [22.2] Epoch 242: loss = 9.3904
2020-04-26 23:27:59,982 INFO [20.3] Epoch 243: loss = 9.4255
2020-04-26 23:28:21,247 INFO [21.3] Epoch 244: loss = 9.5634
2020-04-26 23:28:43,001 INFO [21.8] Epoch 245: loss = 9.4639
2020-04-26 23:29:03,593 INFO [20.6] Epoch 246: loss = 9.4734
2020-04-26 23:29:24,687 INFO [21.1] Epoch 247: loss = 9.5507
2020-04-26 23:29:46,185 INFO [21.5] Epoch 248: loss = 9.4340
2020-04-26 23:30:06,134 INFO [19.9] Epoch 249: loss = 9.5213
2020-04-26 23:30:06,136 INFO Start Evaling...
2020-04-26 23:30:15,194 INFO Head: mr:8884.6 mrr:38.78 hits:42.45
2020-04-26 23:30:15,196 INFO Tail: mr:5967.1 mrr:41.42 hits:44.86
2020-04-26 23:30:15,198 INFO All: mr:7425.9 mrr:40.10 hits:43.66
2020-04-26 23:30:15,201 INFO Start Evaling...
2020-04-26 23:30:24,722 INFO Head: mr:8884.7 mrr:38.00 hits:41.93
2020-04-26 23:30:24,725 INFO Tail: mr:5725.2 mrr:41.85 hits:45.98
2020-04-26 23:30:24,727 INFO All: mr:7305.0 mrr:39.93 hits:43.95
2020-04-26 23:30:24,732 INFO Declined in recent 1 epochs
2020-04-26 23:30:46,641 INFO [21.9] Epoch 250: loss = 9.3205
2020-04-26 23:31:07,844 INFO [21.2] Epoch 251: loss = 9.4213
2020-04-26 23:31:31,400 INFO [23.6] Epoch 252: loss = 9.2929
2020-04-26 23:31:52,285 INFO [20.9] Epoch 253: loss = 9.1730
2020-04-26 23:32:13,968 INFO [21.7] Epoch 254: loss = 9.5361
2020-04-26 23:32:34,737 INFO [20.8] Epoch 255: loss = 9.4348
2020-04-26 23:32:56,361 INFO [21.6] Epoch 256: loss = 9.3132
2020-04-26 23:33:17,323 INFO [21.0] Epoch 257: loss = 9.5143
2020-04-26 23:33:38,335 INFO [21.0] Epoch 258: loss = 9.3988
2020-04-26 23:33:59,762 INFO [21.4] Epoch 259: loss = 9.5513
2020-04-26 23:33:59,763 INFO Start Evaling...
2020-04-26 23:34:09,668 INFO Head: mr:8822.2 mrr:38.75 hits:42.29
2020-04-26 23:34:09,671 INFO Tail: mr:5971.4 mrr:41.76 hits:45.39
2020-04-26 23:34:09,672 INFO All: mr:7396.8 mrr:40.25 hits:43.84
2020-04-26 23:34:09,678 INFO Start Evaling...
2020-04-26 23:34:18,420 INFO Head: mr:8839.9 mrr:38.10 hits:42.05
2020-04-26 23:34:18,420 INFO Tail: mr:5673.5 mrr:41.96 hits:46.20
2020-04-26 23:34:18,420 INFO All: mr:7256.7 mrr:40.03 hits:44.13
2020-04-26 23:34:18,422 INFO Improved and model saved
2020-04-26 23:34:39,916 INFO [21.5] Epoch 260: loss = 9.4295
2020-04-26 23:35:00,304 INFO [20.4] Epoch 261: loss = 9.3906
2020-04-26 23:35:21,081 INFO [20.8] Epoch 262: loss = 9.2915
2020-04-26 23:35:48,044 INFO [27.0] Epoch 263: loss = 9.3845
2020-04-26 23:36:08,883 INFO [20.8] Epoch 264: loss = 9.3681
2020-04-26 23:36:30,309 INFO [21.4] Epoch 265: loss = 9.3886
2020-04-26 23:36:51,995 INFO [21.7] Epoch 266: loss = 9.3435
2020-04-26 23:37:13,810 INFO [21.8] Epoch 267: loss = 9.3965
2020-04-26 23:37:35,807 INFO [22.0] Epoch 268: loss = 9.3969
2020-04-26 23:37:56,998 INFO [21.2] Epoch 269: loss = 9.4988
2020-04-26 23:37:56,998 INFO Start Evaling...
2020-04-26 23:38:06,425 INFO Head: mr:8804.7 mrr:38.80 hits:42.45
2020-04-26 23:38:06,427 INFO Tail: mr:5995.8 mrr:41.72 hits:44.96
2020-04-26 23:38:06,428 INFO All: mr:7400.3 mrr:40.26 hits:43.70
2020-04-26 23:38:06,433 INFO Start Evaling...
2020-04-26 23:38:15,056 INFO Head: mr:8861.8 mrr:38.24 hits:42.25
2020-04-26 23:38:15,057 INFO Tail: mr:5724.3 mrr:41.95 hits:46.33
2020-04-26 23:38:15,057 INFO All: mr:7293.1 mrr:40.10 hits:44.29
2020-04-26 23:38:15,059 INFO Improved and model saved
2020-04-26 23:38:37,089 INFO [22.0] Epoch 270: loss = 9.4542
2020-04-26 23:38:58,786 INFO [21.7] Epoch 271: loss = 9.4172
2020-04-26 23:39:19,442 INFO [20.7] Epoch 272: loss = 9.3824
2020-04-26 23:39:41,894 INFO [22.5] Epoch 273: loss = 9.3270
2020-04-26 23:40:04,278 INFO [22.4] Epoch 274: loss = 9.4695
2020-04-26 23:40:25,350 INFO [21.1] Epoch 275: loss = 9.3401
2020-04-26 23:40:46,958 INFO [21.6] Epoch 276: loss = 9.4827
2020-04-26 23:41:09,657 INFO [22.7] Epoch 277: loss = 9.3245
2020-04-26 23:41:31,194 INFO [21.5] Epoch 278: loss = 9.4090
2020-04-26 23:41:54,372 INFO [23.2] Epoch 279: loss = 9.4629
2020-04-26 23:41:54,373 INFO Start Evaling...
2020-04-26 23:42:03,062 INFO Head: mr:8839.0 mrr:38.93 hits:42.81
2020-04-26 23:42:03,062 INFO Tail: mr:6041.9 mrr:41.68 hits:45.52
2020-04-26 23:42:03,062 INFO All: mr:7440.5 mrr:40.30 hits:44.17
2020-04-26 23:42:03,065 INFO Start Evaling...
2020-04-26 23:42:11,296 INFO Head: mr:8798.0 mrr:38.34 hits:42.44
2020-04-26 23:42:11,297 INFO Tail: mr:5728.1 mrr:42.12 hits:46.55
2020-04-26 23:42:11,297 INFO All: mr:7263.1 mrr:40.23 hits:44.50
2020-04-26 23:42:11,300 INFO Improved and model saved
2020-04-26 23:42:32,768 INFO [21.4] Epoch 280: loss = 9.4409
2020-04-26 23:42:53,617 INFO [20.8] Epoch 281: loss = 9.4056
2020-04-26 23:43:15,305 INFO [21.7] Epoch 282: loss = 9.4838
2020-04-26 23:43:37,247 INFO [21.9] Epoch 283: loss = 9.5332
2020-04-26 23:44:04,393 INFO [27.1] Epoch 284: loss = 9.3467
2020-04-26 23:44:26,334 INFO [21.9] Epoch 285: loss = 9.5710
2020-04-26 23:44:49,026 INFO [22.7] Epoch 286: loss = 9.3586
2020-04-26 23:45:10,677 INFO [21.7] Epoch 287: loss = 9.3508
2020-04-26 23:45:31,608 INFO [20.9] Epoch 288: loss = 9.4808
2020-04-26 23:45:55,158 INFO [23.5] Epoch 289: loss = 9.3595
2020-04-26 23:45:55,158 INFO Start Evaling...
2020-04-26 23:46:03,294 INFO Head: mr:8696.1 mrr:38.83 hits:42.72
2020-04-26 23:46:03,294 INFO Tail: mr:5986.1 mrr:41.82 hits:45.39
2020-04-26 23:46:03,294 INFO All: mr:7341.1 mrr:40.33 hits:44.05
2020-04-26 23:46:03,298 INFO Start Evaling...
2020-04-26 23:46:11,334 INFO Head: mr:8766.3 mrr:38.25 hits:41.96
2020-04-26 23:46:11,335 INFO Tail: mr:5731.5 mrr:42.19 hits:46.23
2020-04-26 23:46:11,335 INFO All: mr:7248.9 mrr:40.22 hits:44.10
2020-04-26 23:46:11,339 INFO Improved and model saved
2020-04-26 23:46:32,431 INFO [21.1] Epoch 290: loss = 9.2985
2020-04-26 23:46:54,167 INFO [21.7] Epoch 291: loss = 9.5351
2020-04-26 23:47:15,396 INFO [21.2] Epoch 292: loss = 9.3689
2020-04-26 23:47:37,373 INFO [22.0] Epoch 293: loss = 9.4163
2020-04-26 23:48:01,666 INFO [24.3] Epoch 294: loss = 9.4266
2020-04-26 23:48:22,748 INFO [21.1] Epoch 295: loss = 9.4054
2020-04-26 23:48:44,365 INFO [21.6] Epoch 296: loss = 9.3171
2020-04-26 23:49:05,910 INFO [21.5] Epoch 297: loss = 9.4428
2020-04-26 23:49:26,558 INFO [20.6] Epoch 298: loss = 9.6459
2020-04-26 23:49:49,953 INFO [23.4] Epoch 299: loss = 9.5900
2020-04-26 23:49:49,954 INFO Start Evaling...
2020-04-26 23:49:59,040 INFO Head: mr:8695.4 mrr:38.96 hits:42.72
2020-04-26 23:49:59,041 INFO Tail: mr:5971.5 mrr:41.77 hits:45.09
2020-04-26 23:49:59,041 INFO All: mr:7333.4 mrr:40.36 hits:43.90
2020-04-26 23:49:59,044 INFO Start Evaling...
2020-04-26 23:50:07,029 INFO Head: mr:8803.0 mrr:38.22 hits:42.37
2020-04-26 23:50:07,030 INFO Tail: mr:5784.2 mrr:41.93 hits:45.88
2020-04-26 23:50:07,030 INFO All: mr:7293.6 mrr:40.08 hits:44.13
2020-04-26 23:50:07,032 INFO Improved and model saved
2020-04-26 23:50:28,384 INFO [21.3] Epoch 300: loss = 9.3781
2020-04-26 23:50:50,318 INFO [21.9] Epoch 301: loss = 9.4198
2020-04-26 23:51:10,619 INFO [20.3] Epoch 302: loss = 9.4646
2020-04-26 23:51:31,174 INFO [20.6] Epoch 303: loss = 9.4226
2020-04-26 23:51:52,368 INFO [21.2] Epoch 304: loss = 9.4461
2020-04-26 23:52:15,343 INFO [23.0] Epoch 305: loss = 9.4450
2020-04-26 23:52:36,842 INFO [21.5] Epoch 306: loss = 9.2345
2020-04-26 23:52:58,091 INFO [21.2] Epoch 307: loss = 9.3761
2020-04-26 23:53:17,923 INFO [19.8] Epoch 308: loss = 9.2845
2020-04-26 23:53:41,615 INFO [23.7] Epoch 309: loss = 9.3610
2020-04-26 23:53:41,615 INFO Start Evaling...
2020-04-26 23:53:49,515 INFO Head: mr:8743.9 mrr:38.84 hits:42.81
2020-04-26 23:53:49,516 INFO Tail: mr:6082.0 mrr:41.92 hits:45.52
2020-04-26 23:53:49,516 INFO All: mr:7413.0 mrr:40.38 hits:44.17
2020-04-26 23:53:49,520 INFO Start Evaling...
2020-04-26 23:53:57,515 INFO Head: mr:8710.5 mrr:38.30 hits:42.09
2020-04-26 23:53:57,515 INFO Tail: mr:5769.8 mrr:42.26 hits:46.20
2020-04-26 23:53:57,515 INFO All: mr:7240.2 mrr:40.28 hits:44.14
2020-04-26 23:53:57,519 INFO Improved and model saved
2020-04-26 23:54:18,590 INFO [21.1] Epoch 310: loss = 9.4335
2020-04-26 23:54:39,544 INFO [21.0] Epoch 311: loss = 9.5836
2020-04-26 23:55:00,249 INFO [20.7] Epoch 312: loss = 9.5151
2020-04-26 23:55:21,286 INFO [21.0] Epoch 313: loss = 9.4535
2020-04-26 23:55:43,582 INFO [22.3] Epoch 314: loss = 9.4425
2020-04-26 23:56:09,660 INFO [26.1] Epoch 315: loss = 9.5021
2020-04-26 23:56:31,541 INFO [21.9] Epoch 316: loss = 9.4430
2020-04-26 23:56:53,239 INFO [21.7] Epoch 317: loss = 9.3823
2020-04-26 23:57:14,874 INFO [21.6] Epoch 318: loss = 9.4278
2020-04-26 23:57:37,917 INFO [23.0] Epoch 319: loss = 9.3250
2020-04-26 23:57:37,917 INFO Start Evaling...
2020-04-26 23:57:47,146 INFO Head: mr:8621.6 mrr:38.85 hits:42.49
2020-04-26 23:57:47,148 INFO Tail: mr:6044.2 mrr:41.81 hits:45.55
2020-04-26 23:57:47,149 INFO All: mr:7332.9 mrr:40.33 hits:44.02
2020-04-26 23:57:47,154 INFO Start Evaling...
2020-04-26 23:57:55,204 INFO Head: mr:8692.6 mrr:38.32 hits:42.15
2020-04-26 23:57:55,204 INFO Tail: mr:5763.9 mrr:42.03 hits:46.17
2020-04-26 23:57:55,204 INFO All: mr:7228.3 mrr:40.18 hits:44.16
2020-04-26 23:57:55,207 INFO Declined in recent 1 epochs
2020-04-26 23:58:16,735 INFO [21.5] Epoch 320: loss = 9.4668
2020-04-26 23:58:38,690 INFO [22.0] Epoch 321: loss = 9.5128
2020-04-26 23:59:00,750 INFO [22.1] Epoch 322: loss = 9.4516
2020-04-26 23:59:22,164 INFO [21.4] Epoch 323: loss = 9.5035
2020-04-26 23:59:44,518 INFO [22.4] Epoch 324: loss = 9.5978
2020-04-27 00:00:09,968 INFO [25.4] Epoch 325: loss = 9.4173
2020-04-27 00:00:31,642 INFO [21.7] Epoch 326: loss = 9.5084
2020-04-27 00:00:53,437 INFO [21.8] Epoch 327: loss = 9.5818
2020-04-27 00:01:15,572 INFO [22.1] Epoch 328: loss = 9.4840
2020-04-27 00:01:38,570 INFO [23.0] Epoch 329: loss = 9.4824
2020-04-27 00:01:38,570 INFO Start Evaling...
2020-04-27 00:01:46,970 INFO Head: mr:8586.7 mrr:38.87 hits:42.45
2020-04-27 00:01:46,971 INFO Tail: mr:6049.2 mrr:41.64 hits:45.25
2020-04-27 00:01:46,971 INFO All: mr:7318.0 mrr:40.25 hits:43.85
2020-04-27 00:01:46,974 INFO Start Evaling...
2020-04-27 00:01:55,046 INFO Head: mr:8635.9 mrr:38.29 hits:42.25
2020-04-27 00:01:55,046 INFO Tail: mr:5775.0 mrr:42.01 hits:46.33
2020-04-27 00:01:55,046 INFO All: mr:7205.4 mrr:40.15 hits:44.29
2020-04-27 00:01:55,047 INFO Declined in recent 2 epochs
2020-04-27 00:02:16,541 INFO [21.5] Epoch 330: loss = 9.3922
2020-04-27 00:02:38,295 INFO [21.8] Epoch 331: loss = 9.5016
2020-04-27 00:02:59,685 INFO [21.4] Epoch 332: loss = 9.2541
2020-04-27 00:03:20,218 INFO [20.5] Epoch 333: loss = 9.3204
2020-04-27 00:03:42,202 INFO [22.0] Epoch 334: loss = 9.4770
2020-04-27 00:04:07,975 INFO [25.8] Epoch 335: loss = 9.4622
2020-04-27 00:04:28,760 INFO [20.8] Epoch 336: loss = 9.5426
2020-04-27 00:04:49,630 INFO [20.9] Epoch 337: loss = 9.3803
2020-04-27 00:05:10,536 INFO [20.9] Epoch 338: loss = 9.5517
2020-04-27 00:05:33,412 INFO [22.9] Epoch 339: loss = 9.4616
2020-04-27 00:05:33,412 INFO Start Evaling...
2020-04-27 00:05:41,886 INFO Head: mr:8472.0 mrr:38.83 hits:42.52
2020-04-27 00:05:41,887 INFO Tail: mr:6025.5 mrr:41.76 hits:45.48
2020-04-27 00:05:41,887 INFO All: mr:7248.7 mrr:40.29 hits:44.00
2020-04-27 00:05:41,889 INFO Start Evaling...
2020-04-27 00:05:49,969 INFO Head: mr:8591.0 mrr:38.13 hits:41.83
2020-04-27 00:05:49,969 INFO Tail: mr:5810.4 mrr:42.24 hits:46.65
2020-04-27 00:05:49,969 INFO All: mr:7200.7 mrr:40.19 hits:44.24
2020-04-27 00:05:49,971 INFO Declined in recent 3 epochs
2020-04-27 00:06:11,144 INFO [21.2] Epoch 340: loss = 9.4529
2020-04-27 00:06:32,654 INFO [21.5] Epoch 341: loss = 9.2059
2020-04-27 00:06:54,584 INFO [21.9] Epoch 342: loss = 9.3704
2020-04-27 00:07:16,179 INFO [21.6] Epoch 343: loss = 9.4085
2020-04-27 00:07:38,498 INFO [22.3] Epoch 344: loss = 9.3298
2020-04-27 00:08:00,858 INFO [22.4] Epoch 345: loss = 9.2274
2020-04-27 00:08:26,581 INFO [25.7] Epoch 346: loss = 9.3074
2020-04-27 00:08:47,164 INFO [20.6] Epoch 347: loss = 9.3019
2020-04-27 00:09:08,650 INFO [21.5] Epoch 348: loss = 9.4234
2020-04-27 00:09:28,901 INFO [20.3] Epoch 349: loss = 9.3820
2020-04-27 00:09:28,902 INFO Start Evaling...
2020-04-27 00:09:37,015 INFO Head: mr:8535.2 mrr:38.78 hits:42.42
2020-04-27 00:09:37,016 INFO Tail: mr:6124.3 mrr:41.67 hits:45.55
2020-04-27 00:09:37,016 INFO All: mr:7329.8 mrr:40.22 hits:43.98
2020-04-27 00:09:37,020 INFO Start Evaling...
2020-04-27 00:09:45,035 INFO Head: mr:8489.3 mrr:38.22 hits:42.05
2020-04-27 00:09:45,036 INFO Tail: mr:5826.0 mrr:42.16 hits:46.46
2020-04-27 00:09:45,036 INFO All: mr:7157.6 mrr:40.19 hits:44.26
2020-04-27 00:09:45,037 INFO Declined in recent 4 epochs
2020-04-27 00:10:05,113 INFO [20.1] Epoch 350: loss = 9.4371
2020-04-27 00:10:25,856 INFO [20.7] Epoch 351: loss = 9.6353
2020-04-27 00:10:46,504 INFO [20.6] Epoch 352: loss = 9.3352
2020-04-27 00:11:06,633 INFO [20.1] Epoch 353: loss = 9.2716
2020-04-27 00:11:27,608 INFO [21.0] Epoch 354: loss = 9.3801
2020-04-27 00:11:47,998 INFO [20.4] Epoch 355: loss = 9.2839
2020-04-27 00:12:07,971 INFO [20.0] Epoch 356: loss = 9.2976
2020-04-27 00:12:28,500 INFO [20.5] Epoch 357: loss = 9.4525
2020-04-27 00:12:48,633 INFO [20.1] Epoch 358: loss = 9.5053
2020-04-27 00:13:11,134 INFO [22.5] Epoch 359: loss = 9.5349
2020-04-27 00:13:11,135 INFO Start Evaling...
2020-04-27 00:13:19,623 INFO Head: mr:8540.6 mrr:39.02 hits:42.62
2020-04-27 00:13:19,624 INFO Tail: mr:6108.8 mrr:41.60 hits:45.42
2020-04-27 00:13:19,624 INFO All: mr:7324.7 mrr:40.31 hits:44.02
2020-04-27 00:13:19,628 INFO Start Evaling...
2020-04-27 00:13:28,056 INFO Head: mr:8447.2 mrr:38.28 hits:42.12
2020-04-27 00:13:28,056 INFO Tail: mr:5763.8 mrr:42.01 hits:46.20
2020-04-27 00:13:28,057 INFO All: mr:7105.5 mrr:40.14 hits:44.16
2020-04-27 00:13:28,061 INFO Declined in recent 5 epochs
2020-04-27 00:13:28,061 INFO Early stopping
2020-04-27 00:13:28,062 INFO Train done
2020-04-27 00:13:28,071 INFO Start Evaling...
2020-04-27 00:13:36,026 INFO Head: mr:8710.5 mrr:38.30 hits:42.09
2020-04-27 00:13:36,027 INFO Tail: mr:5769.8 mrr:42.26 hits:46.20
2020-04-27 00:13:36,030 INFO All: mr:7240.2 mrr:40.28 hits:44.14
