2020-05-23 21:09:42,161 INFO EPOCH: 1000
2020-05-23 21:09:42,161 INFO EVERY: 10
2020-05-23 21:09:42,161 INFO LR: 0.001
2020-05-23 21:09:42,161 INFO DIM: 100
2020-05-23 21:09:42,161 INFO BATCH_SIZE: 256
2020-05-23 21:09:42,162 INFO BATCH_SIZE2: 100
2020-05-23 21:09:42,162 INFO P: 1
2020-05-23 21:09:42,162 INFO CLIPPING_MAX_VALUE: 4.0
2020-05-23 21:09:42,162 INFO OPTIM: Adam
2020-05-23 21:09:42,162 INFO N_SAMPLE: 100
2020-05-23 21:09:42,162 INFO MODE: rand
2020-05-23 21:09:42,162 INFO RATE: 0.1
2020-05-23 21:09:42,162 INFO GAMMA: 12.0
2020-05-23 21:09:42,162 INFO BERN: True
2020-05-23 21:09:42,162 INFO MARGIN: 4.0
2020-05-23 21:09:42,162 INFO REG: 1.0
2020-05-23 21:09:42,162 INFO LABEL_SMOOTH_EPS: 0.1
2020-05-23 21:09:42,163 INFO INPUT_DROP: 0.2
2020-05-23 21:09:42,163 INFO FEAT_DROP: 0.2
2020-05-23 21:09:42,163 INFO HIDD_DROP: 0.3
2020-05-23 21:09:42,163 INFO CHANNELS: 50
2020-05-23 21:09:42,163 INFO KERNEL_SIZE: 3
2020-05-23 21:09:42,163 INFO N_POOL: 100
2020-05-23 21:09:42,163 INFO MODEL_D: TransH
2020-05-23 21:09:42,163 INFO MODEL_G: DistMult
2020-05-23 21:09:42,163 INFO SCRATCH: False
2020-05-23 21:09:42,163 INFO D_FILE: None
2020-05-23 21:09:42,163 INFO G_FILE: None
2020-05-23 21:09:42,163 INFO PATH: data
2020-05-23 21:09:42,164 INFO DATA: WN18RR
2020-05-23 21:09:42,164 INFO EXP_PATH: experiment/WN18RR
2020-05-23 21:09:42,164 INFO MODEL: DistMult
2020-05-23 21:09:42,164 INFO V: 100.0
2020-05-23 21:09:42,164 INFO F: True
2020-05-23 21:09:42,164 INFO ADV: False
2020-05-23 21:09:42,164 INFO EVAL: False
2020-05-23 21:09:42,164 INFO TRAINED: True
2020-05-23 21:09:42,164 INFO PRETRAINED_NAME: DistMult-WN18RR-rand-50.0
2020-05-23 21:09:42,164 INFO EXP_NAME: DistMult-WN18RR-rand-100.0
2020-05-23 21:09:42,164 INFO --------------------------------------
2020-05-23 21:09:44,664 INFO Dataload done
2020-05-23 21:09:44,665 INFO --------------------------------------
2020-05-23 21:09:44,665 INFO N_ENTITY: 40943
2020-05-23 21:09:44,665 INFO N_RELATION: 11
2020-05-23 21:09:44,665 INFO --------------------------------------
2020-05-23 21:09:48,102 INFO Start Training...
2020-05-23 21:10:18,072 INFO [30.0] Epoch 0: loss = 15.0132
2020-05-23 21:10:48,227 INFO [30.2] Epoch 1: loss = 16.9940
2020-05-23 21:11:18,410 INFO [30.2] Epoch 2: loss = 18.1278
2020-05-23 21:11:48,244 INFO [29.8] Epoch 3: loss = 18.5291
2020-05-23 21:12:18,464 INFO [30.2] Epoch 4: loss = 18.2567
2020-05-23 21:12:48,622 INFO [30.2] Epoch 5: loss = 17.7764
2020-05-23 21:13:18,867 INFO [30.2] Epoch 6: loss = 17.0473
2020-05-23 21:13:48,713 INFO [29.8] Epoch 7: loss = 16.5417
2020-05-23 21:14:18,938 INFO [30.2] Epoch 8: loss = 16.4564
2020-05-23 21:14:49,213 INFO [30.3] Epoch 9: loss = 15.7724
2020-05-23 21:14:49,213 INFO Start Evaling...
2020-05-23 21:15:47,497 INFO Head: mr:6843.8 mrr:39.92 hits10:45.32 hits3:40.87 hits1:36.98
2020-05-23 21:15:47,497 INFO Tail: mr:3622.2 mrr:44.58 hits10:49.57 hits3:46.11 hits1:41.50
2020-05-23 21:15:47,497 INFO All: mr:5233.0 mrr:42.25 hits10:47.45 hits3:43.49 hits1:39.24
2020-05-23 21:15:47,499 INFO Start Evaling...
2020-05-23 21:16:47,396 INFO Head: mr:6636.0 mrr:39.58 hits10:44.93 hits3:40.71 hits1:36.76
2020-05-23 21:16:47,396 INFO Tail: mr:3375.3 mrr:45.04 hits10:51.08 hits3:46.78 hits1:41.67
2020-05-23 21:16:47,396 INFO All: mr:5005.7 mrr:42.31 hits10:48.01 hits3:43.75 hits1:39.22
2020-05-23 21:16:47,398 INFO Improved and model saved
2020-05-23 21:17:17,895 INFO [30.5] Epoch 10: loss = 15.6238
2020-05-23 21:17:47,838 INFO [29.9] Epoch 11: loss = 15.1946
2020-05-23 21:18:18,219 INFO [30.4] Epoch 12: loss = 14.8729
2020-05-23 21:18:48,687 INFO [30.5] Epoch 13: loss = 14.7741
2020-05-23 21:19:19,198 INFO [30.5] Epoch 14: loss = 14.4797
2020-05-23 21:19:49,649 INFO [30.5] Epoch 15: loss = 14.2713
2020-05-23 21:20:19,667 INFO [30.0] Epoch 16: loss = 14.1235
2020-05-23 21:20:50,200 INFO [30.5] Epoch 17: loss = 14.1017
2020-05-23 21:21:20,559 INFO [30.4] Epoch 18: loss = 13.8046
2020-05-23 21:21:51,109 INFO [30.5] Epoch 19: loss = 14.0463
2020-05-23 21:21:51,109 INFO Start Evaling...
2020-05-23 21:22:49,563 INFO Head: mr:6768.7 mrr:40.35 hits10:45.39 hits3:41.10 hits1:37.71
2020-05-23 21:22:49,563 INFO Tail: mr:3568.1 mrr:44.95 hits10:50.26 hits3:46.21 hits1:41.86
2020-05-23 21:22:49,563 INFO All: mr:5168.4 mrr:42.65 hits10:47.82 hits3:43.66 hits1:39.78
2020-05-23 21:22:49,565 INFO Start Evaling...
2020-05-23 21:23:49,654 INFO Head: mr:6562.2 mrr:39.52 hits10:44.96 hits3:40.56 hits1:36.66
2020-05-23 21:23:49,655 INFO Tail: mr:3324.1 mrr:45.21 hits10:51.53 hits3:46.65 hits1:41.67
2020-05-23 21:23:49,655 INFO All: mr:4943.2 mrr:42.37 hits10:48.25 hits3:43.60 hits1:39.17
2020-05-23 21:23:49,657 INFO Improved and model saved
2020-05-23 21:24:19,554 INFO [29.9] Epoch 20: loss = 13.6747
2020-05-23 21:24:50,025 INFO [30.5] Epoch 21: loss = 13.5928
2020-05-23 21:25:20,373 INFO [30.3] Epoch 22: loss = 13.8138
2020-05-23 21:25:50,904 INFO [30.5] Epoch 23: loss = 13.6326
2020-05-23 21:26:20,946 INFO [30.0] Epoch 24: loss = 13.6093
2020-05-23 21:26:51,211 INFO [30.3] Epoch 25: loss = 13.5809
2020-05-23 21:27:21,347 INFO [30.1] Epoch 26: loss = 13.6904
2020-05-23 21:27:51,666 INFO [30.3] Epoch 27: loss = 13.4879
2020-05-23 21:28:21,530 INFO [29.9] Epoch 28: loss = 13.3881
2020-05-23 21:28:51,753 INFO [30.2] Epoch 29: loss = 13.6277
2020-05-23 21:28:51,754 INFO Start Evaling...
2020-05-23 21:29:50,041 INFO Head: mr:6757.6 mrr:40.40 hits10:45.62 hits3:41.73 hits1:37.48
2020-05-23 21:29:50,041 INFO Tail: mr:3563.4 mrr:44.87 hits10:50.82 hits3:46.37 hits1:41.60
2020-05-23 21:29:50,042 INFO All: mr:5160.5 mrr:42.63 hits10:48.22 hits3:44.05 hits1:39.54
2020-05-23 21:29:50,044 INFO Start Evaling...
2020-05-23 21:30:49,957 INFO Head: mr:6615.0 mrr:39.67 hits10:45.41 hits3:40.52 hits1:36.69
2020-05-23 21:30:49,957 INFO Tail: mr:3310.1 mrr:45.31 hits10:51.60 hits3:46.68 hits1:41.83
2020-05-23 21:30:49,957 INFO All: mr:4962.5 mrr:42.49 hits10:48.50 hits3:43.60 hits1:39.26
2020-05-23 21:30:49,959 INFO Declined in recent 1 epochs
2020-05-23 21:31:20,214 INFO [30.3] Epoch 30: loss = 13.1611
2020-05-23 21:31:50,588 INFO [30.4] Epoch 31: loss = 13.2503
2020-05-23 21:32:20,819 INFO [30.2] Epoch 32: loss = 13.3445
2020-05-23 21:32:51,289 INFO [30.5] Epoch 33: loss = 13.2730
2020-05-23 21:33:21,609 INFO [30.3] Epoch 34: loss = 13.3983
2020-05-23 21:33:52,052 INFO [30.4] Epoch 35: loss = 13.3077
2020-05-23 21:34:22,383 INFO [30.3] Epoch 36: loss = 13.3015
2020-05-23 21:34:52,785 INFO [30.4] Epoch 37: loss = 13.2510
2020-05-23 21:35:22,709 INFO [29.9] Epoch 38: loss = 13.3641
2020-05-23 21:35:53,069 INFO [30.4] Epoch 39: loss = 13.4010
2020-05-23 21:35:53,070 INFO Start Evaling...
2020-05-23 21:36:51,501 INFO Head: mr:6768.9 mrr:40.18 hits10:45.78 hits3:41.36 hits1:37.18
2020-05-23 21:36:51,502 INFO Tail: mr:3564.4 mrr:45.05 hits10:50.30 hits3:46.64 hits1:41.99
2020-05-23 21:36:51,502 INFO All: mr:5166.6 mrr:42.61 hits10:48.04 hits3:44.00 hits1:39.58
2020-05-23 21:36:51,504 INFO Start Evaling...
2020-05-23 21:37:51,559 INFO Head: mr:6540.6 mrr:39.42 hits10:45.37 hits3:40.20 hits1:36.44
2020-05-23 21:37:51,559 INFO Tail: mr:3307.1 mrr:45.59 hits10:52.14 hits3:47.29 hits1:42.05
2020-05-23 21:37:51,559 INFO All: mr:4923.8 mrr:42.51 hits10:48.76 hits3:43.75 hits1:39.25
2020-05-23 21:37:51,561 INFO Declined in recent 2 epochs
2020-05-23 21:38:21,740 INFO [30.2] Epoch 40: loss = 13.3342
2020-05-23 21:38:52,029 INFO [30.3] Epoch 41: loss = 13.4601
2020-05-23 21:39:21,856 INFO [29.8] Epoch 42: loss = 13.5322
2020-05-23 21:39:52,021 INFO [30.2] Epoch 43: loss = 13.2401
2020-05-23 21:40:22,188 INFO [30.2] Epoch 44: loss = 13.1901
2020-05-23 21:40:52,446 INFO [30.3] Epoch 45: loss = 13.2428
2020-05-23 21:41:22,144 INFO [29.7] Epoch 46: loss = 13.4089
2020-05-23 21:41:52,337 INFO [30.2] Epoch 47: loss = 13.2516
2020-05-23 21:42:22,572 INFO [30.2] Epoch 48: loss = 13.4895
2020-05-23 21:42:52,894 INFO [30.3] Epoch 49: loss = 13.3424
2020-05-23 21:42:52,895 INFO Start Evaling...
2020-05-23 21:43:51,360 INFO Head: mr:6642.4 mrr:40.10 hits10:45.72 hits3:40.90 hits1:37.21
2020-05-23 21:43:51,360 INFO Tail: mr:3456.9 mrr:44.74 hits10:50.33 hits3:46.18 hits1:41.53
2020-05-23 21:43:51,361 INFO All: mr:5049.6 mrr:42.42 hits10:48.02 hits3:43.54 hits1:39.37
2020-05-23 21:43:51,363 INFO Start Evaling...
2020-05-23 21:44:51,421 INFO Head: mr:6593.0 mrr:39.67 hits10:45.05 hits3:40.20 hits1:36.98
2020-05-23 21:44:51,422 INFO Tail: mr:3301.9 mrr:45.43 hits10:51.72 hits3:47.19 hits1:41.99
2020-05-23 21:44:51,422 INFO All: mr:4947.4 mrr:42.55 hits10:48.39 hits3:43.70 hits1:39.49
2020-05-23 21:44:51,424 INFO Declined in recent 3 epochs
2020-05-23 21:45:21,196 INFO [29.8] Epoch 50: loss = 13.2665
2020-05-23 21:45:51,444 INFO [30.2] Epoch 51: loss = 13.1742
2020-05-23 21:46:21,659 INFO [30.2] Epoch 52: loss = 13.2374
2020-05-23 21:46:51,939 INFO [30.3] Epoch 53: loss = 13.1126
2020-05-23 21:47:22,062 INFO [30.1] Epoch 54: loss = 13.2714
2020-05-23 21:47:52,305 INFO [30.2] Epoch 55: loss = 13.2457
2020-05-23 21:48:22,574 INFO [30.3] Epoch 56: loss = 13.1864
2020-05-23 21:48:52,784 INFO [30.2] Epoch 57: loss = 13.1918
2020-05-23 21:49:22,909 INFO [30.1] Epoch 58: loss = 13.2285
2020-05-23 21:49:53,126 INFO [30.2] Epoch 59: loss = 13.3621
2020-05-23 21:49:53,127 INFO Start Evaling...
2020-05-23 21:50:51,580 INFO Head: mr:6649.4 mrr:39.93 hits10:45.85 hits3:40.80 hits1:36.88
2020-05-23 21:50:51,580 INFO Tail: mr:3522.9 mrr:45.19 hits10:50.43 hits3:46.64 hits1:42.06
2020-05-23 21:50:51,581 INFO All: mr:5086.2 mrr:42.56 hits10:48.14 hits3:43.72 hits1:39.47
2020-05-23 21:50:51,583 INFO Start Evaling...
2020-05-23 21:51:52,069 INFO Head: mr:6518.6 mrr:39.51 hits10:44.99 hits3:40.17 hits1:36.73
2020-05-23 21:51:52,069 INFO Tail: mr:3281.8 mrr:45.48 hits10:51.91 hits3:47.38 hits1:41.86
2020-05-23 21:51:52,069 INFO All: mr:4900.2 mrr:42.50 hits10:48.45 hits3:43.78 hits1:39.29
2020-05-23 21:51:52,071 INFO Declined in recent 4 epochs
2020-05-23 21:52:22,012 INFO [29.9] Epoch 60: loss = 13.3220
2020-05-23 21:52:52,449 INFO [30.4] Epoch 61: loss = 13.2230
2020-05-23 21:53:22,882 INFO [30.4] Epoch 62: loss = 13.1519
2020-05-23 21:53:53,432 INFO [30.5] Epoch 63: loss = 13.0667
2020-05-23 21:54:23,893 INFO [30.5] Epoch 64: loss = 13.2343
2020-05-23 21:54:54,016 INFO [30.1] Epoch 65: loss = 13.1273
2020-05-23 21:55:24,448 INFO [30.4] Epoch 66: loss = 13.0030
2020-05-23 21:55:54,877 INFO [30.4] Epoch 67: loss = 13.0686
2020-05-23 21:56:25,205 INFO [30.3] Epoch 68: loss = 13.2725
2020-05-23 21:56:55,147 INFO [29.9] Epoch 69: loss = 13.1536
2020-05-23 21:56:55,147 INFO Start Evaling...
2020-05-23 21:57:53,578 INFO Head: mr:6622.7 mrr:40.07 hits10:46.44 hits3:41.10 hits1:36.91
2020-05-23 21:57:53,579 INFO Tail: mr:3564.7 mrr:44.99 hits10:50.66 hits3:46.57 hits1:41.79
2020-05-23 21:57:53,579 INFO All: mr:5093.7 mrr:42.53 hits10:48.55 hits3:43.84 hits1:39.35
2020-05-23 21:57:53,581 INFO Start Evaling...
2020-05-23 21:58:53,487 INFO Head: mr:6498.2 mrr:39.38 hits10:45.05 hits3:40.46 hits1:36.44
2020-05-23 21:58:53,487 INFO Tail: mr:3339.3 mrr:45.40 hits10:52.04 hits3:47.48 hits1:41.74
2020-05-23 21:58:53,487 INFO All: mr:4918.7 mrr:42.39 hits10:48.55 hits3:43.97 hits1:39.09
2020-05-23 21:58:53,489 INFO Declined in recent 5 epochs
2020-05-23 21:58:53,489 INFO Early stopping
2020-05-23 21:58:53,489 INFO Train done
2020-05-23 21:58:53,504 INFO Start Evaling...
2020-05-23 21:59:53,426 INFO Head: mr:6562.2 mrr:39.52 hits10:44.96 hits3:40.56 hits1:36.66
2020-05-23 21:59:53,427 INFO Tail: mr:3324.1 mrr:45.21 hits10:51.53 hits3:46.65 hits1:41.67
2020-05-23 21:59:53,427 INFO All: mr:4943.2 mrr:42.37 hits10:48.25 hits3:43.60 hits1:39.17
