2020-04-01 09:55:16,024 INFO EPOCH: 1000
2020-04-01 09:55:16,024 INFO EVERY: 10
2020-04-01 09:55:16,024 INFO LR: 0.001
2020-04-01 09:55:16,024 INFO DIM: 86
2020-04-01 09:55:16,024 INFO BATCH_SIZE: 128
2020-04-01 09:55:16,024 INFO BATCH_SIZE2: 64
2020-04-01 09:55:16,024 INFO P: 1
2020-04-01 09:55:16,024 INFO CLIPPING_MAX_VALUE: 4.0
2020-04-01 09:55:16,024 INFO OPTIM: Adam
2020-04-01 09:55:16,024 INFO N_SAMPLE: 12
2020-04-01 09:55:16,024 INFO MODE: rand
2020-04-01 09:55:16,024 INFO GAMMA: 12.0
2020-04-01 09:55:16,024 INFO BERN: False
2020-04-01 09:55:16,024 INFO MARGIN: 4.0
2020-04-01 09:55:16,024 INFO REG: 1.0
2020-04-01 09:55:16,024 INFO LABEL_SMOOTH_EPS: 0.1
2020-04-01 09:55:16,024 INFO INPUT_DROP: 0.2
2020-04-01 09:55:16,024 INFO FEAT_DROP: 0.2
2020-04-01 09:55:16,024 INFO HIDD_DROP: 0.3
2020-04-01 09:55:16,024 INFO CHANNELS: 50
2020-04-01 09:55:16,024 INFO KERNEL_SIZE: 3
2020-04-01 09:55:16,024 INFO N_POOL: 100
2020-04-01 09:55:16,024 INFO MODEL_D: TransH
2020-04-01 09:55:16,025 INFO MODEL_G: DistMult
2020-04-01 09:55:16,025 INFO SCRATCH: True
2020-04-01 09:55:16,025 INFO D_FILE: None
2020-04-01 09:55:16,025 INFO G_FILE: None
2020-04-01 09:55:16,025 INFO PATH: data
2020-04-01 09:55:16,025 INFO DATA: WN18RR
2020-04-01 09:55:16,025 INFO EXP_PATH: experiment/WN18RR
2020-04-01 09:55:16,025 INFO MODEL: Kbgan
2020-04-01 09:55:16,025 INFO V: 0
2020-04-01 09:55:16,025 INFO F: False
2020-04-01 09:55:16,025 INFO EVAL: False
2020-04-01 09:55:16,025 INFO TRAINED: False
2020-04-01 09:55:16,025 INFO PRETRAINED_NAME: None
2020-04-01 09:55:16,025 INFO EXP_NAME: Kbgan-WN18RR-rand-0
2020-04-01 09:55:16,025 INFO --------------------------------------
2020-04-01 09:55:18,055 INFO Dataload done
2020-04-01 09:55:18,056 INFO --------------------------------------
2020-04-01 09:55:18,056 INFO N_ENTITY: 40943
2020-04-01 09:55:18,056 INFO N_RELATION: 11
2020-04-01 09:55:18,056 INFO --------------------------------------
2020-04-01 09:55:20,839 INFO Start Evaling...
2020-04-01 09:55:30,410 INFO Head: mr:20367.0 mrr:0.08 hits:0.13
2020-04-01 09:55:30,410 INFO Tail: mr:20558.8 mrr:0.03 hits:0.07
2020-04-01 09:55:30,410 INFO All: mr:20462.9 mrr:0.05 hits:0.10
2020-04-01 09:55:30,414 INFO Start Training...
2020-04-01 09:55:39,182 INFO [8.8] Epoch 0: loss = 175.2046
2020-04-01 09:55:48,433 INFO [9.2] Epoch 1: loss = 156.3202
2020-04-01 09:55:57,443 INFO [9.0] Epoch 2: loss = 130.6377
2020-04-01 09:56:06,097 INFO [8.7] Epoch 3: loss = 105.5803
2020-04-01 09:56:14,832 INFO [8.7] Epoch 4: loss = 83.7416
2020-04-01 09:56:25,537 INFO [10.7] Epoch 5: loss = 64.6468
2020-04-01 09:56:34,484 INFO [8.9] Epoch 6: loss = 48.9240
2020-04-01 09:56:42,776 INFO [8.3] Epoch 7: loss = 36.5516
2020-04-01 09:56:51,595 INFO [8.8] Epoch 8: loss = 27.2194
2020-04-01 09:57:01,008 INFO [9.4] Epoch 9: loss = 20.5575
2020-04-01 09:57:01,008 INFO Start Evaling...
2020-04-01 09:57:10,668 INFO Head: mr:9316.0 mrr:13.74 hits:35.10
2020-04-01 09:57:10,668 INFO Tail: mr:3897.1 mrr:15.02 hits:37.28
2020-04-01 09:57:10,668 INFO All: mr:6606.6 mrr:14.38 hits:36.19
2020-04-01 09:57:10,672 INFO Improved and model saved
2020-04-01 09:57:19,734 INFO [9.0] Epoch 10: loss = 15.7856
2020-04-01 09:57:28,198 INFO [8.5] Epoch 11: loss = 12.4274
2020-04-01 09:57:36,934 INFO [8.7] Epoch 12: loss = 10.0209
2020-04-01 09:57:45,983 INFO [9.0] Epoch 13: loss = 8.2188
2020-04-01 09:57:54,741 INFO [8.8] Epoch 14: loss = 6.9008
2020-04-01 09:58:03,680 INFO [8.9] Epoch 15: loss = 5.9451
2020-04-01 09:58:12,390 INFO [8.7] Epoch 16: loss = 5.1341
2020-04-01 09:58:21,277 INFO [8.9] Epoch 17: loss = 4.5335
2020-04-01 09:58:31,696 INFO [10.4] Epoch 18: loss = 4.0378
2020-04-01 09:58:40,936 INFO [9.2] Epoch 19: loss = 3.6602
2020-04-01 09:58:40,936 INFO Start Evaling...
2020-04-01 09:58:50,658 INFO Head: mr:6991.8 mrr:18.86 hits:43.87
2020-04-01 09:58:50,659 INFO Tail: mr:3064.8 mrr:20.60 hits:46.87
2020-04-01 09:58:50,661 INFO All: mr:5028.3 mrr:19.73 hits:45.37
2020-04-01 09:58:50,665 INFO Improved and model saved
2020-04-01 09:58:59,672 INFO [9.0] Epoch 20: loss = 3.3294
2020-04-01 09:59:08,472 INFO [8.8] Epoch 21: loss = 3.0390
2020-04-01 09:59:17,509 INFO [9.0] Epoch 22: loss = 2.8001
2020-04-01 09:59:26,506 INFO [9.0] Epoch 23: loss = 2.6264
2020-04-01 09:59:34,831 INFO [8.3] Epoch 24: loss = 2.4668
2020-04-01 09:59:43,705 INFO [8.9] Epoch 25: loss = 2.3550
2020-04-01 09:59:53,347 INFO [9.6] Epoch 26: loss = 2.2624
2020-04-01 10:00:02,640 INFO [9.3] Epoch 27: loss = 2.1310
2020-04-01 10:00:12,851 INFO [10.2] Epoch 28: loss = 2.0706
2020-04-01 10:00:22,230 INFO [9.4] Epoch 29: loss = 2.0218
2020-04-01 10:00:22,231 INFO Start Evaling...
2020-04-01 10:00:32,088 INFO Head: mr:6284.9 mrr:19.91 hits:45.22
2020-04-01 10:00:32,089 INFO Tail: mr:2834.5 mrr:21.18 hits:48.09
2020-04-01 10:00:32,090 INFO All: mr:4559.7 mrr:20.55 hits:46.65
2020-04-01 10:00:32,096 INFO Improved and model saved
2020-04-01 10:00:41,551 INFO [9.4] Epoch 30: loss = 1.9600
2020-04-01 10:00:51,434 INFO [9.9] Epoch 31: loss = 1.8983
2020-04-01 10:01:01,124 INFO [9.7] Epoch 32: loss = 1.8328
2020-04-01 10:01:11,030 INFO [9.9] Epoch 33: loss = 1.7632
2020-04-01 10:01:20,130 INFO [9.1] Epoch 34: loss = 1.7294
2020-04-01 10:01:29,270 INFO [9.1] Epoch 35: loss = 1.6801
2020-04-01 10:01:38,217 INFO [8.9] Epoch 36: loss = 1.6760
2020-04-01 10:01:47,457 INFO [9.2] Epoch 37: loss = 1.6270
2020-04-01 10:01:57,453 INFO [10.0] Epoch 38: loss = 1.5937
2020-04-01 10:02:06,470 INFO [9.0] Epoch 39: loss = 1.5569
2020-04-01 10:02:06,470 INFO Start Evaling...
2020-04-01 10:02:16,251 INFO Head: mr:5971.3 mrr:19.91 hits:46.24
2020-04-01 10:02:16,253 INFO Tail: mr:2711.5 mrr:21.09 hits:48.58
2020-04-01 10:02:16,254 INFO All: mr:4341.4 mrr:20.50 hits:47.41
2020-04-01 10:02:16,259 INFO Improved and model saved
2020-04-01 10:02:25,131 INFO [8.8] Epoch 40: loss = 1.5730
2020-04-01 10:02:34,549 INFO [9.4] Epoch 41: loss = 1.5210
2020-04-01 10:02:43,088 INFO [8.5] Epoch 42: loss = 1.5259
2020-04-01 10:02:52,133 INFO [9.0] Epoch 43: loss = 1.5017
2020-04-01 10:03:01,358 INFO [9.2] Epoch 44: loss = 1.5196
2020-04-01 10:03:11,208 INFO [9.8] Epoch 45: loss = 1.4477
2020-04-01 10:03:21,231 INFO [10.0] Epoch 46: loss = 1.4455
2020-04-01 10:03:30,645 INFO [9.4] Epoch 47: loss = 1.4491
2020-04-01 10:03:39,976 INFO [9.3] Epoch 48: loss = 1.4137
2020-04-01 10:03:49,273 INFO [9.3] Epoch 49: loss = 1.4118
2020-04-01 10:03:49,273 INFO Start Evaling...
2020-04-01 10:03:59,005 INFO Head: mr:5803.7 mrr:20.03 hits:45.72
2020-04-01 10:03:59,007 INFO Tail: mr:2634.0 mrr:20.87 hits:48.95
2020-04-01 10:03:59,008 INFO All: mr:4218.9 mrr:20.45 hits:47.33
2020-04-01 10:03:59,013 INFO Declined in recent 1 epochs
2020-04-01 10:04:08,368 INFO [9.4] Epoch 50: loss = 1.3561
2020-04-01 10:04:17,630 INFO [9.3] Epoch 51: loss = 1.3671
2020-04-01 10:04:27,577 INFO [9.9] Epoch 52: loss = 1.3738
2020-04-01 10:04:37,220 INFO [9.6] Epoch 53: loss = 1.3278
2020-04-01 10:04:47,053 INFO [9.8] Epoch 54: loss = 1.3389
2020-04-01 10:04:56,215 INFO [9.2] Epoch 55: loss = 1.3538
2020-04-01 10:05:05,699 INFO [9.5] Epoch 56: loss = 1.3180
2020-04-01 10:05:15,728 INFO [10.0] Epoch 57: loss = 1.3042
2020-04-01 10:05:25,145 INFO [9.4] Epoch 58: loss = 1.2695
2020-04-01 10:05:34,267 INFO [9.1] Epoch 59: loss = 1.2540
2020-04-01 10:05:34,268 INFO Start Evaling...
2020-04-01 10:05:43,981 INFO Head: mr:5711.8 mrr:19.90 hits:45.88
2020-04-01 10:05:43,983 INFO Tail: mr:2594.0 mrr:21.05 hits:48.55
2020-04-01 10:05:43,984 INFO All: mr:4152.9 mrr:20.47 hits:47.21
2020-04-01 10:05:43,989 INFO Declined in recent 2 epochs
2020-04-01 10:05:53,296 INFO [9.3] Epoch 60: loss = 1.2585
2020-04-01 10:06:02,548 INFO [9.3] Epoch 61: loss = 1.2915
2020-04-01 10:06:12,350 INFO [9.8] Epoch 62: loss = 1.2382
2020-04-01 10:06:22,130 INFO [9.8] Epoch 63: loss = 1.2666
2020-04-01 10:06:31,928 INFO [9.8] Epoch 64: loss = 1.2649
2020-04-01 10:06:41,109 INFO [9.2] Epoch 65: loss = 1.2297
2020-04-01 10:06:51,088 INFO [10.0] Epoch 66: loss = 1.2406
2020-04-01 10:06:59,883 INFO [8.8] Epoch 67: loss = 1.2188
2020-04-01 10:07:09,577 INFO [9.7] Epoch 68: loss = 1.2111
2020-04-01 10:07:18,947 INFO [9.4] Epoch 69: loss = 1.2044
2020-04-01 10:07:18,948 INFO Start Evaling...
2020-04-01 10:07:28,808 INFO Head: mr:5672.9 mrr:20.07 hits:45.85
2020-04-01 10:07:28,809 INFO Tail: mr:2561.6 mrr:20.92 hits:48.68
2020-04-01 10:07:28,810 INFO All: mr:4117.3 mrr:20.50 hits:47.26
2020-04-01 10:07:28,816 INFO Declined in recent 3 epochs
2020-04-01 10:07:38,095 INFO [9.3] Epoch 70: loss = 1.2351
2020-04-01 10:07:47,874 INFO [9.8] Epoch 71: loss = 1.2122
2020-04-01 10:07:56,911 INFO [9.0] Epoch 72: loss = 1.1885
2020-04-01 10:08:06,288 INFO [9.4] Epoch 73: loss = 1.1683
2020-04-01 10:08:16,251 INFO [10.0] Epoch 74: loss = 1.1885
2020-04-01 10:08:26,220 INFO [10.0] Epoch 75: loss = 1.1854
2020-04-01 10:08:35,549 INFO [9.3] Epoch 76: loss = 1.1882
2020-04-01 10:08:44,808 INFO [9.3] Epoch 77: loss = 1.1652
2020-04-01 10:08:54,843 INFO [10.0] Epoch 78: loss = 1.1729
2020-04-01 10:09:04,038 INFO [9.2] Epoch 79: loss = 1.1821
2020-04-01 10:09:04,039 INFO Start Evaling...
2020-04-01 10:09:13,895 INFO Head: mr:5688.1 mrr:19.92 hits:45.62
2020-04-01 10:09:13,897 INFO Tail: mr:2564.9 mrr:20.96 hits:48.68
2020-04-01 10:09:13,898 INFO All: mr:4126.5 mrr:20.44 hits:47.15
2020-04-01 10:09:13,903 INFO Declined in recent 4 epochs
2020-04-01 10:09:22,947 INFO [9.0] Epoch 80: loss = 1.1792
2020-04-01 10:09:32,381 INFO [9.4] Epoch 81: loss = 1.1750
2020-04-01 10:09:41,847 INFO [9.5] Epoch 82: loss = 1.1669
2020-04-01 10:09:50,673 INFO [8.8] Epoch 83: loss = 1.1376
2020-04-01 10:10:00,718 INFO [10.0] Epoch 84: loss = 1.1321
2020-04-01 10:10:10,875 INFO [10.2] Epoch 85: loss = 1.1581
2020-04-01 10:10:20,333 INFO [9.5] Epoch 86: loss = 1.1605
2020-04-01 10:10:29,148 INFO [8.8] Epoch 87: loss = 1.1279
2020-04-01 10:10:38,406 INFO [9.3] Epoch 88: loss = 1.1088
2020-04-01 10:10:49,491 INFO [11.1] Epoch 89: loss = 1.1098
2020-04-01 10:10:49,491 INFO Start Evaling...
2020-04-01 10:10:59,398 INFO Head: mr:5713.9 mrr:19.99 hits:45.52
2020-04-01 10:10:59,401 INFO Tail: mr:2559.3 mrr:21.01 hits:48.29
2020-04-01 10:10:59,402 INFO All: mr:4136.6 mrr:20.50 hits:46.90
2020-04-01 10:10:59,407 INFO Declined in recent 5 epochs
2020-04-01 10:10:59,409 INFO Early stopping
2020-04-01 10:10:59,410 INFO Train done
2020-04-01 10:10:59,425 INFO Start Evaling...
2020-04-01 10:11:09,665 INFO Head: mr:6107.9 mrr:19.60 hits:44.74
2020-04-01 10:11:09,666 INFO Tail: mr:2882.6 mrr:21.35 hits:49.71
2020-04-01 10:11:09,669 INFO All: mr:4495.3 mrr:20.47 hits:47.22
