2020-05-16 21:55:11,564 INFO EPOCH: 1000
2020-05-16 21:55:11,564 INFO EVERY: 10
2020-05-16 21:55:11,564 INFO LR: 0.001
2020-05-16 21:55:11,564 INFO DIM: 100
2020-05-16 21:55:11,564 INFO BATCH_SIZE: 256
2020-05-16 21:55:11,564 INFO BATCH_SIZE2: 100
2020-05-16 21:55:11,564 INFO P: 1
2020-05-16 21:55:11,565 INFO CLIPPING_MAX_VALUE: 4.0
2020-05-16 21:55:11,565 INFO OPTIM: Adam
2020-05-16 21:55:11,565 INFO N_SAMPLE: 10
2020-05-16 21:55:11,565 INFO MODE: grap
2020-05-16 21:55:11,565 INFO RATE: 0.001
2020-05-16 21:55:11,565 INFO GAMMA: 12.0
2020-05-16 21:55:11,565 INFO BERN: True
2020-05-16 21:55:11,565 INFO MARGIN: 4.0
2020-05-16 21:55:11,565 INFO REG: 1.0
2020-05-16 21:55:11,565 INFO LABEL_SMOOTH_EPS: 0.1
2020-05-16 21:55:11,565 INFO INPUT_DROP: 0.2
2020-05-16 21:55:11,565 INFO FEAT_DROP: 0.2
2020-05-16 21:55:11,566 INFO HIDD_DROP: 0.3
2020-05-16 21:55:11,566 INFO CHANNELS: 50
2020-05-16 21:55:11,566 INFO KERNEL_SIZE: 3
2020-05-16 21:55:11,566 INFO N_POOL: 100
2020-05-16 21:55:11,566 INFO MODEL_D: TransH
2020-05-16 21:55:11,566 INFO MODEL_G: DistMult
2020-05-16 21:55:11,566 INFO SCRATCH: False
2020-05-16 21:55:11,566 INFO D_FILE: None
2020-05-16 21:55:11,566 INFO G_FILE: None
2020-05-16 21:55:11,566 INFO PATH: data
2020-05-16 21:55:11,566 INFO DATA: WN18RR
2020-05-16 21:55:11,566 INFO EXP_PATH: experiment/WN18RR
2020-05-16 21:55:11,567 INFO MODEL: TransH
2020-05-16 21:55:11,567 INFO V: -10
2020-05-16 21:55:11,567 INFO F: True
2020-05-16 21:55:11,567 INFO EVAL: False
2020-05-16 21:55:11,567 INFO TRAINED: False
2020-05-16 21:55:11,567 INFO PRETRAINED_NAME: None
2020-05-16 21:55:11,567 INFO EXP_NAME: TransH-WN18RR-grap--10
2020-05-16 21:55:11,567 INFO --------------------------------------
2020-05-16 21:55:16,579 INFO Dataload done
2020-05-16 21:55:16,580 INFO --------------------------------------
2020-05-16 21:55:16,580 INFO N_ENTITY: 40943
2020-05-16 21:55:16,580 INFO N_RELATION: 11
2020-05-16 21:55:16,580 INFO --------------------------------------
2020-05-16 21:55:20,045 INFO Start Training...
2020-05-16 21:55:32,401 INFO [12.4] Epoch 0: loss = 326.0600
2020-05-16 21:55:44,438 INFO [12.0] Epoch 1: loss = 279.6188
2020-05-16 21:55:56,985 INFO [12.5] Epoch 2: loss = 239.7645
2020-05-16 21:56:09,359 INFO [12.4] Epoch 3: loss = 203.2121
2020-05-16 21:56:22,008 INFO [12.6] Epoch 4: loss = 169.9109
2020-05-16 21:56:34,515 INFO [12.5] Epoch 5: loss = 140.1237
2020-05-16 21:56:47,039 INFO [12.5] Epoch 6: loss = 113.8221
2020-05-16 21:56:59,483 INFO [12.4] Epoch 7: loss = 91.7540
2020-05-16 21:57:11,571 INFO [12.1] Epoch 8: loss = 73.5883
2020-05-16 21:57:24,091 INFO [12.5] Epoch 9: loss = 58.9198
2020-05-16 21:57:24,092 INFO Start Evaling...
2020-05-16 21:58:28,813 INFO Head: mr:9305.7 mrr:12.97 hits:32.66
2020-05-16 21:58:28,813 INFO Tail: mr:4071.2 mrr:14.60 hits:35.17
2020-05-16 21:58:28,813 INFO All: mr:6688.5 mrr:13.78 hits:33.92
2020-05-16 21:58:28,815 INFO Start Evaling...
2020-05-16 21:59:35,348 INFO Head: mr:9992.0 mrr:12.14 hits:30.86
2020-05-16 21:59:35,348 INFO Tail: mr:3993.5 mrr:14.12 hits:35.13
2020-05-16 21:59:35,349 INFO All: mr:6992.7 mrr:13.13 hits:32.99
2020-05-16 21:59:35,350 INFO Improved and model saved
2020-05-16 21:59:47,966 INFO [12.6] Epoch 10: loss = 47.0003
2020-05-16 22:00:00,536 INFO [12.6] Epoch 11: loss = 37.7914
2020-05-16 22:00:13,026 INFO [12.5] Epoch 12: loss = 30.5161
2020-05-16 22:00:25,453 INFO [12.4] Epoch 13: loss = 24.7776
2020-05-16 22:00:38,005 INFO [12.6] Epoch 14: loss = 20.3799
2020-05-16 22:00:50,126 INFO [12.1] Epoch 15: loss = 16.8270
2020-05-16 22:01:02,513 INFO [12.4] Epoch 16: loss = 14.2312
2020-05-16 22:01:15,053 INFO [12.5] Epoch 17: loss = 12.2887
2020-05-16 22:01:27,743 INFO [12.7] Epoch 18: loss = 10.7129
2020-05-16 22:01:40,175 INFO [12.4] Epoch 19: loss = 9.3945
2020-05-16 22:01:40,175 INFO Start Evaling...
2020-05-16 22:02:44,696 INFO Head: mr:6779.4 mrr:17.64 hits:42.16
2020-05-16 22:02:44,697 INFO Tail: mr:3106.1 mrr:19.41 hits:45.85
2020-05-16 22:02:44,697 INFO All: mr:4942.8 mrr:18.52 hits:44.00
2020-05-16 22:02:44,699 INFO Start Evaling...
2020-05-16 22:03:51,043 INFO Head: mr:7548.1 mrr:17.26 hits:41.80
2020-05-16 22:03:51,043 INFO Tail: mr:3403.7 mrr:19.68 hits:46.30
2020-05-16 22:03:51,043 INFO All: mr:5475.9 mrr:18.47 hits:44.05
2020-05-16 22:03:51,045 INFO Improved and model saved
2020-05-16 22:04:03,463 INFO [12.4] Epoch 20: loss = 8.4638
2020-05-16 22:04:16,042 INFO [12.6] Epoch 21: loss = 7.7296
2020-05-16 22:04:28,188 INFO [12.1] Epoch 22: loss = 6.9885
2020-05-16 22:04:40,602 INFO [12.4] Epoch 23: loss = 6.4847
2020-05-16 22:04:53,174 INFO [12.6] Epoch 24: loss = 6.0055
2020-05-16 22:05:05,724 INFO [12.6] Epoch 25: loss = 5.6547
2020-05-16 22:05:18,102 INFO [12.4] Epoch 26: loss = 5.2812
2020-05-16 22:05:30,578 INFO [12.5] Epoch 27: loss = 5.0411
2020-05-16 22:05:43,105 INFO [12.5] Epoch 28: loss = 4.8227
2020-05-16 22:05:55,250 INFO [12.1] Epoch 29: loss = 4.5115
2020-05-16 22:05:55,250 INFO Start Evaling...
2020-05-16 22:06:59,970 INFO Head: mr:6021.1 mrr:19.77 hits:45.58
2020-05-16 22:06:59,970 INFO Tail: mr:2762.4 mrr:21.86 hits:49.31
2020-05-16 22:06:59,970 INFO All: mr:4391.8 mrr:20.81 hits:47.45
2020-05-16 22:06:59,973 INFO Start Evaling...
2020-05-16 22:08:06,516 INFO Head: mr:6652.6 mrr:19.67 hits:45.28
2020-05-16 22:08:06,516 INFO Tail: mr:3190.9 mrr:21.91 hits:49.94
2020-05-16 22:08:06,516 INFO All: mr:4921.8 mrr:20.79 hits:47.61
2020-05-16 22:08:06,518 INFO Improved and model saved
2020-05-16 22:08:19,157 INFO [12.6] Epoch 30: loss = 4.3871
2020-05-16 22:08:31,749 INFO [12.6] Epoch 31: loss = 4.1505
2020-05-16 22:08:43,825 INFO [12.1] Epoch 32: loss = 4.0006
2020-05-16 22:08:56,378 INFO [12.6] Epoch 33: loss = 3.9007
2020-05-16 22:09:08,798 INFO [12.4] Epoch 34: loss = 3.7746
2020-05-16 22:09:21,403 INFO [12.6] Epoch 35: loss = 3.6443
2020-05-16 22:09:33,547 INFO [12.1] Epoch 36: loss = 3.6305
2020-05-16 22:09:46,136 INFO [12.6] Epoch 37: loss = 3.5322
2020-05-16 22:09:58,621 INFO [12.5] Epoch 38: loss = 3.4093
2020-05-16 22:10:10,772 INFO [12.2] Epoch 39: loss = 3.3615
2020-05-16 22:10:10,773 INFO Start Evaling...
2020-05-16 22:11:15,487 INFO Head: mr:5756.9 mrr:20.66 hits:46.90
2020-05-16 22:11:15,487 INFO Tail: mr:2651.8 mrr:22.52 hits:50.53
2020-05-16 22:11:15,487 INFO All: mr:4204.4 mrr:21.59 hits:48.71
2020-05-16 22:11:15,489 INFO Start Evaling...
2020-05-16 22:12:22,029 INFO Head: mr:6240.4 mrr:20.64 hits:46.39
2020-05-16 22:12:22,029 INFO Tail: mr:3067.2 mrr:22.77 hits:51.37
2020-05-16 22:12:22,029 INFO All: mr:4653.8 mrr:21.71 hits:48.88
2020-05-16 22:12:22,032 INFO Improved and model saved
2020-05-16 22:12:34,516 INFO [12.5] Epoch 40: loss = 3.2883
2020-05-16 22:12:46,985 INFO [12.5] Epoch 41: loss = 3.2350
2020-05-16 22:12:59,067 INFO [12.1] Epoch 42: loss = 3.2296
2020-05-16 22:13:11,423 INFO [12.4] Epoch 43: loss = 3.1579
2020-05-16 22:13:23,926 INFO [12.5] Epoch 44: loss = 3.0657
2020-05-16 22:13:35,872 INFO [11.9] Epoch 45: loss = 3.0125
2020-05-16 22:13:48,293 INFO [12.4] Epoch 46: loss = 2.9524
2020-05-16 22:14:00,785 INFO [12.5] Epoch 47: loss = 2.9918
2020-05-16 22:14:12,919 INFO [12.1] Epoch 48: loss = 2.9465
2020-05-16 22:14:25,307 INFO [12.4] Epoch 49: loss = 2.8150
2020-05-16 22:14:25,307 INFO Start Evaling...
2020-05-16 22:15:30,021 INFO Head: mr:5617.2 mrr:21.18 hits:47.40
2020-05-16 22:15:30,021 INFO Tail: mr:2586.2 mrr:22.84 hits:51.15
2020-05-16 22:15:30,021 INFO All: mr:4101.7 mrr:22.01 hits:49.27
2020-05-16 22:15:30,023 INFO Start Evaling...
2020-05-16 22:16:36,566 INFO Head: mr:6031.9 mrr:20.81 hits:46.68
2020-05-16 22:16:36,566 INFO Tail: mr:2995.1 mrr:22.95 hits:51.63
2020-05-16 22:16:36,566 INFO All: mr:4513.5 mrr:21.88 hits:49.15
2020-05-16 22:16:36,568 INFO Improved and model saved
2020-05-16 22:16:49,109 INFO [12.5] Epoch 50: loss = 2.8538
2020-05-16 22:17:01,178 INFO [12.1] Epoch 51: loss = 2.7500
2020-05-16 22:17:13,531 INFO [12.4] Epoch 52: loss = 2.8374
2020-05-16 22:17:26,080 INFO [12.5] Epoch 53: loss = 2.7258
2020-05-16 22:17:38,193 INFO [12.1] Epoch 54: loss = 2.7788
2020-05-16 22:17:50,541 INFO [12.3] Epoch 55: loss = 2.6798
2020-05-16 22:18:03,048 INFO [12.5] Epoch 56: loss = 2.6963
2020-05-16 22:18:15,100 INFO [12.1] Epoch 57: loss = 2.6148
2020-05-16 22:18:27,466 INFO [12.4] Epoch 58: loss = 2.6726
2020-05-16 22:18:40,006 INFO [12.5] Epoch 59: loss = 2.6119
2020-05-16 22:18:40,007 INFO Start Evaling...
2020-05-16 22:19:44,533 INFO Head: mr:5505.8 mrr:21.36 hits:46.93
2020-05-16 22:19:44,533 INFO Tail: mr:2588.1 mrr:23.04 hits:51.32
2020-05-16 22:19:44,533 INFO All: mr:4046.9 mrr:22.20 hits:49.13
2020-05-16 22:19:44,536 INFO Start Evaling...
2020-05-16 22:20:50,882 INFO Head: mr:5886.5 mrr:21.44 hits:47.51
2020-05-16 22:20:50,882 INFO Tail: mr:2930.0 mrr:23.29 hits:52.23
2020-05-16 22:20:50,882 INFO All: mr:4408.2 mrr:22.37 hits:49.87
2020-05-16 22:20:50,884 INFO Improved and model saved
2020-05-16 22:21:03,432 INFO [12.5] Epoch 60: loss = 2.6023
2020-05-16 22:21:15,842 INFO [12.4] Epoch 61: loss = 2.6079
2020-05-16 22:21:28,291 INFO [12.4] Epoch 62: loss = 2.5953
2020-05-16 22:21:40,871 INFO [12.6] Epoch 63: loss = 2.5326
2020-05-16 22:21:52,868 INFO [12.0] Epoch 64: loss = 2.5573
2020-05-16 22:22:05,244 INFO [12.4] Epoch 65: loss = 2.5276
2020-05-16 22:22:17,686 INFO [12.4] Epoch 66: loss = 2.4184
2020-05-16 22:22:30,322 INFO [12.6] Epoch 67: loss = 2.5240
2020-05-16 22:22:42,716 INFO [12.4] Epoch 68: loss = 2.4589
2020-05-16 22:22:55,191 INFO [12.5] Epoch 69: loss = 2.4535
2020-05-16 22:22:55,191 INFO Start Evaling...
2020-05-16 22:23:59,920 INFO Head: mr:5493.5 mrr:21.37 hits:47.03
2020-05-16 22:23:59,921 INFO Tail: mr:2577.9 mrr:22.82 hits:51.42
2020-05-16 22:23:59,921 INFO All: mr:4035.7 mrr:22.09 hits:49.23
2020-05-16 22:23:59,923 INFO Start Evaling...
2020-05-16 22:25:06,476 INFO Head: mr:5802.9 mrr:21.39 hits:47.38
2020-05-16 22:25:06,476 INFO Tail: mr:2929.0 mrr:23.42 hits:51.95
2020-05-16 22:25:06,476 INFO All: mr:4366.0 mrr:22.41 hits:49.66
2020-05-16 22:25:06,478 INFO Declined in recent 1 epochs
2020-05-16 22:25:19,009 INFO [12.5] Epoch 70: loss = 2.5159
2020-05-16 22:25:31,092 INFO [12.1] Epoch 71: loss = 2.4764
2020-05-16 22:25:43,599 INFO [12.5] Epoch 72: loss = 2.3911
2020-05-16 22:25:56,025 INFO [12.4] Epoch 73: loss = 2.3961
2020-05-16 22:26:08,478 INFO [12.5] Epoch 74: loss = 2.4043
2020-05-16 22:26:20,837 INFO [12.4] Epoch 75: loss = 2.3541
2020-05-16 22:26:33,340 INFO [12.5] Epoch 76: loss = 2.3860
2020-05-16 22:26:45,845 INFO [12.5] Epoch 77: loss = 2.3862
2020-05-16 22:26:57,834 INFO [12.0] Epoch 78: loss = 2.3464
2020-05-16 22:27:10,326 INFO [12.5] Epoch 79: loss = 2.3583
2020-05-16 22:27:10,327 INFO Start Evaling...
2020-05-16 22:28:15,056 INFO Head: mr:5419.7 mrr:21.52 hits:47.13
2020-05-16 22:28:15,056 INFO Tail: mr:2558.4 mrr:22.98 hits:51.19
2020-05-16 22:28:15,056 INFO All: mr:3989.0 mrr:22.25 hits:49.16
2020-05-16 22:28:15,058 INFO Start Evaling...
2020-05-16 22:29:21,611 INFO Head: mr:5785.6 mrr:21.48 hits:47.61
2020-05-16 22:29:21,611 INFO Tail: mr:2912.2 mrr:23.59 hits:52.43
2020-05-16 22:29:21,612 INFO All: mr:4348.9 mrr:22.54 hits:50.02
2020-05-16 22:29:21,614 INFO Improved and model saved
2020-05-16 22:29:34,211 INFO [12.6] Epoch 80: loss = 2.3701
2020-05-16 22:29:47,212 INFO [13.0] Epoch 81: loss = 2.3021
2020-05-16 22:29:59,720 INFO [12.5] Epoch 82: loss = 2.3046
2020-05-16 22:30:12,147 INFO [12.4] Epoch 83: loss = 2.3071
2020-05-16 22:30:24,681 INFO [12.5] Epoch 84: loss = 2.2767
2020-05-16 22:30:36,783 INFO [12.1] Epoch 85: loss = 2.2447
2020-05-16 22:30:49,345 INFO [12.6] Epoch 86: loss = 2.3352
2020-05-16 22:31:01,897 INFO [12.6] Epoch 87: loss = 2.2926
2020-05-16 22:31:13,885 INFO [12.0] Epoch 88: loss = 2.2481
2020-05-16 22:31:26,415 INFO [12.5] Epoch 89: loss = 2.2350
2020-05-16 22:31:26,415 INFO Start Evaling...
2020-05-16 22:32:30,960 INFO Head: mr:5399.8 mrr:21.78 hits:47.63
2020-05-16 22:32:30,960 INFO Tail: mr:2566.1 mrr:23.12 hits:51.12
2020-05-16 22:32:30,960 INFO All: mr:3983.0 mrr:22.45 hits:49.37
2020-05-16 22:32:30,962 INFO Start Evaling...
2020-05-16 22:33:37,330 INFO Head: mr:5741.7 mrr:21.81 hits:47.35
2020-05-16 22:33:37,330 INFO Tail: mr:2947.1 mrr:23.74 hits:52.65
2020-05-16 22:33:37,331 INFO All: mr:4344.4 mrr:22.78 hits:50.00
2020-05-16 22:33:37,333 INFO Improved and model saved
2020-05-16 22:33:49,691 INFO [12.3] Epoch 90: loss = 2.2076
2020-05-16 22:34:02,148 INFO [12.5] Epoch 91: loss = 2.2536
2020-05-16 22:34:14,214 INFO [12.1] Epoch 92: loss = 2.1856
2020-05-16 22:34:26,695 INFO [12.5] Epoch 93: loss = 2.2355
2020-05-16 22:34:39,156 INFO [12.5] Epoch 94: loss = 2.2017
2020-05-16 22:34:51,149 INFO [12.0] Epoch 95: loss = 2.1995
2020-05-16 22:35:03,560 INFO [12.4] Epoch 96: loss = 2.2745
2020-05-16 22:35:16,062 INFO [12.5] Epoch 97: loss = 2.1574
2020-05-16 22:35:27,983 INFO [11.9] Epoch 98: loss = 2.2023
2020-05-16 22:35:40,405 INFO [12.4] Epoch 99: loss = 2.1538
2020-05-16 22:35:40,405 INFO Start Evaling...
2020-05-16 22:36:44,950 INFO Head: mr:5388.3 mrr:21.72 hits:47.76
2020-05-16 22:36:44,950 INFO Tail: mr:2592.5 mrr:23.05 hits:51.45
2020-05-16 22:36:44,950 INFO All: mr:3990.4 mrr:22.38 hits:49.60
2020-05-16 22:36:44,953 INFO Start Evaling...
2020-05-16 22:37:51,321 INFO Head: mr:5711.7 mrr:21.37 hits:47.13
2020-05-16 22:37:51,322 INFO Tail: mr:2939.1 mrr:23.74 hits:52.14
2020-05-16 22:37:51,322 INFO All: mr:4325.4 mrr:22.56 hits:49.63
2020-05-16 22:37:51,324 INFO Declined in recent 1 epochs
2020-05-16 22:38:03,690 INFO [12.4] Epoch 100: loss = 2.1498
2020-05-16 22:38:15,734 INFO [12.0] Epoch 101: loss = 2.1679
2020-05-16 22:38:28,231 INFO [12.5] Epoch 102: loss = 2.1780
2020-05-16 22:38:40,718 INFO [12.5] Epoch 103: loss = 2.1312
2020-05-16 22:38:52,735 INFO [12.0] Epoch 104: loss = 2.1392
2020-05-16 22:39:05,190 INFO [12.5] Epoch 105: loss = 2.0934
2020-05-16 22:39:17,687 INFO [12.5] Epoch 106: loss = 2.1295
2020-05-16 22:39:29,644 INFO [12.0] Epoch 107: loss = 2.0985
2020-05-16 22:39:42,165 INFO [12.5] Epoch 108: loss = 2.1298
2020-05-16 22:39:54,531 INFO [12.4] Epoch 109: loss = 2.1495
2020-05-16 22:39:54,531 INFO Start Evaling...
2020-05-16 22:40:59,248 INFO Head: mr:5429.1 mrr:21.49 hits:47.56
2020-05-16 22:40:59,248 INFO Tail: mr:2637.7 mrr:22.82 hits:51.22
2020-05-16 22:40:59,248 INFO All: mr:4033.4 mrr:22.16 hits:49.39
2020-05-16 22:40:59,250 INFO Start Evaling...
2020-05-16 22:42:05,794 INFO Head: mr:5719.0 mrr:21.52 hits:47.29
2020-05-16 22:42:05,794 INFO Tail: mr:2968.3 mrr:23.85 hits:52.07
2020-05-16 22:42:05,795 INFO All: mr:4343.7 mrr:22.68 hits:49.68
2020-05-16 22:42:05,796 INFO Declined in recent 2 epochs
2020-05-16 22:42:17,803 INFO [12.0] Epoch 110: loss = 2.1305
2020-05-16 22:42:30,139 INFO [12.3] Epoch 111: loss = 2.0895
2020-05-16 22:42:42,582 INFO [12.4] Epoch 112: loss = 2.1131
2020-05-16 22:42:54,493 INFO [11.9] Epoch 113: loss = 2.1554
2020-05-16 22:43:06,971 INFO [12.5] Epoch 114: loss = 2.0662
2020-05-16 22:43:19,482 INFO [12.5] Epoch 115: loss = 2.1112
2020-05-16 22:43:31,551 INFO [12.1] Epoch 116: loss = 2.0418
2020-05-16 22:43:43,978 INFO [12.4] Epoch 117: loss = 2.1066
2020-05-16 22:43:56,444 INFO [12.5] Epoch 118: loss = 2.1455
2020-05-16 22:44:08,431 INFO [12.0] Epoch 119: loss = 2.0502
2020-05-16 22:44:08,431 INFO Start Evaling...
2020-05-16 22:45:13,145 INFO Head: mr:5439.6 mrr:21.89 hits:47.36
2020-05-16 22:45:13,146 INFO Tail: mr:2659.7 mrr:23.16 hits:51.58
2020-05-16 22:45:13,146 INFO All: mr:4049.7 mrr:22.52 hits:49.47
2020-05-16 22:45:13,148 INFO Start Evaling...
2020-05-16 22:46:19,690 INFO Head: mr:5736.3 mrr:21.84 hits:47.35
2020-05-16 22:46:19,690 INFO Tail: mr:2976.5 mrr:23.87 hits:52.11
2020-05-16 22:46:19,690 INFO All: mr:4356.4 mrr:22.85 hits:49.73
2020-05-16 22:46:19,692 INFO Improved and model saved
2020-05-16 22:46:32,133 INFO [12.4] Epoch 120: loss = 2.0000
2020-05-16 22:46:44,588 INFO [12.5] Epoch 121: loss = 2.0423
2020-05-16 22:46:56,555 INFO [12.0] Epoch 122: loss = 2.0223
2020-05-16 22:47:09,048 INFO [12.5] Epoch 123: loss = 1.9875
2020-05-16 22:47:21,438 INFO [12.4] Epoch 124: loss = 2.0243
2020-05-16 22:47:33,494 INFO [12.1] Epoch 125: loss = 1.9872
2020-05-16 22:47:46,006 INFO [12.5] Epoch 126: loss = 1.9812
2020-05-16 22:47:58,464 INFO [12.5] Epoch 127: loss = 2.0684
2020-05-16 22:48:10,513 INFO [12.0] Epoch 128: loss = 2.0637
2020-05-16 22:48:22,873 INFO [12.4] Epoch 129: loss = 2.0292
2020-05-16 22:48:22,874 INFO Start Evaling...
2020-05-16 22:49:27,591 INFO Head: mr:5441.4 mrr:21.72 hits:47.30
2020-05-16 22:49:27,591 INFO Tail: mr:2678.9 mrr:23.14 hits:51.19
2020-05-16 22:49:27,591 INFO All: mr:4060.1 mrr:22.43 hits:49.24
2020-05-16 22:49:27,593 INFO Start Evaling...
2020-05-16 22:50:34,136 INFO Head: mr:5748.5 mrr:21.69 hits:47.19
2020-05-16 22:50:34,136 INFO Tail: mr:2999.7 mrr:23.84 hits:51.72
2020-05-16 22:50:34,136 INFO All: mr:4374.1 mrr:22.76 hits:49.46
2020-05-16 22:50:34,138 INFO Declined in recent 1 epochs
2020-05-16 22:50:46,639 INFO [12.5] Epoch 130: loss = 2.0691
2020-05-16 22:50:58,554 INFO [11.9] Epoch 131: loss = 2.0263
2020-05-16 22:51:10,990 INFO [12.4] Epoch 132: loss = 2.0466
2020-05-16 22:51:23,353 INFO [12.4] Epoch 133: loss = 2.0275
2020-05-16 22:51:35,279 INFO [11.9] Epoch 134: loss = 1.9920
2020-05-16 22:51:47,756 INFO [12.5] Epoch 135: loss = 2.0336
2020-05-16 22:52:00,247 INFO [12.5] Epoch 136: loss = 1.9604
2020-05-16 22:52:12,285 INFO [12.0] Epoch 137: loss = 1.9874
2020-05-16 22:52:24,737 INFO [12.5] Epoch 138: loss = 2.0149
2020-05-16 22:52:37,131 INFO [12.4] Epoch 139: loss = 1.9682
2020-05-16 22:52:37,131 INFO Start Evaling...
2020-05-16 22:53:41,682 INFO Head: mr:5471.6 mrr:21.84 hits:47.26
2020-05-16 22:53:41,682 INFO Tail: mr:2719.1 mrr:23.08 hits:50.99
2020-05-16 22:53:41,682 INFO All: mr:4095.4 mrr:22.46 hits:49.13
2020-05-16 22:53:41,684 INFO Start Evaling...
2020-05-16 22:54:48,052 INFO Head: mr:5771.2 mrr:21.74 hits:47.00
2020-05-16 22:54:48,053 INFO Tail: mr:3055.5 mrr:23.73 hits:52.01
2020-05-16 22:54:48,053 INFO All: mr:4413.4 mrr:22.74 hits:49.51
2020-05-16 22:54:48,055 INFO Declined in recent 2 epochs
2020-05-16 22:54:59,978 INFO [11.9] Epoch 140: loss = 2.0350
2020-05-16 22:55:12,353 INFO [12.4] Epoch 141: loss = 1.9542
2020-05-16 22:55:24,836 INFO [12.5] Epoch 142: loss = 2.0320
2020-05-16 22:55:36,791 INFO [12.0] Epoch 143: loss = 1.9627
2020-05-16 22:55:49,223 INFO [12.4] Epoch 144: loss = 1.9473
2020-05-16 22:56:01,699 INFO [12.5] Epoch 145: loss = 1.9214
2020-05-16 22:56:13,774 INFO [12.1] Epoch 146: loss = 1.9647
2020-05-16 22:56:26,130 INFO [12.4] Epoch 147: loss = 1.9480
2020-05-16 22:56:38,551 INFO [12.4] Epoch 148: loss = 1.9326
2020-05-16 22:56:50,477 INFO [11.9] Epoch 149: loss = 2.0016
2020-05-16 22:56:50,478 INFO Start Evaling...
2020-05-16 22:57:55,207 INFO Head: mr:5531.7 mrr:21.67 hits:47.40
2020-05-16 22:57:55,207 INFO Tail: mr:2771.8 mrr:23.02 hits:50.63
2020-05-16 22:57:55,208 INFO All: mr:4151.8 mrr:22.34 hits:49.01
2020-05-16 22:57:55,210 INFO Start Evaling...
2020-05-16 22:59:01,762 INFO Head: mr:5830.6 mrr:21.79 hits:47.29
2020-05-16 22:59:01,763 INFO Tail: mr:3102.4 mrr:23.73 hits:51.85
2020-05-16 22:59:01,763 INFO All: mr:4466.5 mrr:22.76 hits:49.57
2020-05-16 22:59:01,765 INFO Declined in recent 3 epochs
2020-05-16 22:59:14,263 INFO [12.5] Epoch 150: loss = 1.9620
2020-05-16 22:59:26,737 INFO [12.5] Epoch 151: loss = 1.9281
2020-05-16 22:59:38,742 INFO [12.0] Epoch 152: loss = 1.9106
2020-05-16 22:59:51,264 INFO [12.5] Epoch 153: loss = 1.9613
2020-05-16 23:00:03,747 INFO [12.5] Epoch 154: loss = 2.0011
2020-05-16 23:00:15,731 INFO [12.0] Epoch 155: loss = 1.9490
2020-05-16 23:00:28,101 INFO [12.4] Epoch 156: loss = 2.0084
2020-05-16 23:00:40,570 INFO [12.5] Epoch 157: loss = 1.9257
2020-05-16 23:00:52,567 INFO [12.0] Epoch 158: loss = 1.9675
2020-05-16 23:01:04,895 INFO [12.3] Epoch 159: loss = 1.8975
2020-05-16 23:01:04,895 INFO Start Evaling...
2020-05-16 23:02:09,609 INFO Head: mr:5583.3 mrr:21.65 hits:47.07
2020-05-16 23:02:09,610 INFO Tail: mr:2804.3 mrr:23.12 hits:50.79
2020-05-16 23:02:09,610 INFO All: mr:4193.8 mrr:22.39 hits:48.93
2020-05-16 23:02:09,612 INFO Start Evaling...
2020-05-16 23:03:16,153 INFO Head: mr:5856.9 mrr:21.68 hits:46.78
2020-05-16 23:03:16,153 INFO Tail: mr:3109.0 mrr:23.84 hits:51.31
2020-05-16 23:03:16,153 INFO All: mr:4482.9 mrr:22.76 hits:49.04
2020-05-16 23:03:16,155 INFO Declined in recent 4 epochs
2020-05-16 23:03:28,618 INFO [12.5] Epoch 160: loss = 1.8861
2020-05-16 23:03:40,661 INFO [12.0] Epoch 161: loss = 1.9105
2020-05-16 23:03:53,100 INFO [12.4] Epoch 162: loss = 1.8385
2020-05-16 23:04:05,624 INFO [12.5] Epoch 163: loss = 1.8431
2020-05-16 23:04:17,576 INFO [12.0] Epoch 164: loss = 1.9131
2020-05-16 23:04:30,039 INFO [12.5] Epoch 165: loss = 1.8912
2020-05-16 23:04:42,360 INFO [12.3] Epoch 166: loss = 1.8919
2020-05-16 23:04:54,260 INFO [11.9] Epoch 167: loss = 1.8614
2020-05-16 23:05:06,697 INFO [12.4] Epoch 168: loss = 1.8913
2020-05-16 23:05:19,145 INFO [12.4] Epoch 169: loss = 1.8599
2020-05-16 23:05:19,145 INFO Start Evaling...
2020-05-16 23:06:23,864 INFO Head: mr:5589.9 mrr:21.81 hits:47.17
2020-05-16 23:06:23,865 INFO Tail: mr:2850.0 mrr:23.06 hits:50.40
2020-05-16 23:06:23,865 INFO All: mr:4219.9 mrr:22.44 hits:48.78
2020-05-16 23:06:23,867 INFO Start Evaling...
2020-05-16 23:07:30,409 INFO Head: mr:5875.9 mrr:21.70 hits:46.75
2020-05-16 23:07:30,410 INFO Tail: mr:3179.2 mrr:23.64 hits:51.08
2020-05-16 23:07:30,410 INFO All: mr:4527.6 mrr:22.67 hits:48.92
2020-05-16 23:07:30,412 INFO Declined in recent 5 epochs
2020-05-16 23:07:30,412 INFO Early stopping
2020-05-16 23:07:30,412 INFO Train done
2020-05-16 23:07:30,426 INFO Start Evaling...
2020-05-16 23:08:36,956 INFO Head: mr:5736.3 mrr:21.84 hits:47.35
2020-05-16 23:08:36,957 INFO Tail: mr:2976.5 mrr:23.87 hits:52.11
2020-05-16 23:08:36,957 INFO All: mr:4356.4 mrr:22.85 hits:49.73
