2020-04-01 01:30:55,685 INFO EPOCH: 1000
2020-04-01 01:30:55,685 INFO EVERY: 10
2020-04-01 01:30:55,685 INFO LR: 0.001
2020-04-01 01:30:55,685 INFO DIM: 100
2020-04-01 01:30:55,685 INFO BATCH_SIZE: 256
2020-04-01 01:30:55,685 INFO BATCH_SIZE2: 100
2020-04-01 01:30:55,685 INFO P: 1
2020-04-01 01:30:55,685 INFO CLIPPING_MAX_VALUE: 4.0
2020-04-01 01:30:55,685 INFO OPTIM: Adam
2020-04-01 01:30:55,685 INFO N_SAMPLE: 12
2020-04-01 01:30:55,685 INFO MODE: rand
2020-04-01 01:30:55,685 INFO GAMMA: 12.0
2020-04-01 01:30:55,685 INFO BERN: True
2020-04-01 01:30:55,686 INFO MARGIN: 4.0
2020-04-01 01:30:55,686 INFO REG: 1.0
2020-04-01 01:30:55,686 INFO LABEL_SMOOTH_EPS: 0.1
2020-04-01 01:30:55,686 INFO INPUT_DROP: 0.2
2020-04-01 01:30:55,686 INFO FEAT_DROP: 0.2
2020-04-01 01:30:55,686 INFO HIDD_DROP: 0.3
2020-04-01 01:30:55,686 INFO CHANNELS: 50
2020-04-01 01:30:55,686 INFO KERNEL_SIZE: 3
2020-04-01 01:30:55,686 INFO N_POOL: 100
2020-04-01 01:30:55,686 INFO MODEL_D: TransH
2020-04-01 01:30:55,686 INFO MODEL_G: DistMult
2020-04-01 01:30:55,686 INFO D_FILE: None
2020-04-01 01:30:55,686 INFO G_FILE: None
2020-04-01 01:30:55,686 INFO PATH: data
2020-04-01 01:30:55,686 INFO DATA: WN18RR
2020-04-01 01:30:55,686 INFO EXP_PATH: experiment/WN18RR
2020-04-01 01:30:55,686 INFO MODEL: TransH
2020-04-01 01:30:55,686 INFO V: 0
2020-04-01 01:30:55,686 INFO F: False
2020-04-01 01:30:55,686 INFO EVAL: False
2020-04-01 01:30:55,686 INFO TRAINED: False
2020-04-01 01:30:55,686 INFO PRETRAINED_NAME: None
2020-04-01 01:30:55,686 INFO EXP_NAME: TransH-WN18RR-rand-0
2020-04-01 01:30:55,686 INFO --------------------------------------
2020-04-01 01:30:57,907 INFO Dataload done
2020-04-01 01:30:57,907 INFO --------------------------------------
2020-04-01 01:30:57,907 INFO N_ENTITY: 40943
2020-04-01 01:30:57,907 INFO N_RELATION: 11
2020-04-01 01:30:57,907 INFO --------------------------------------
2020-04-01 01:31:02,290 INFO Start Evaling...
2020-04-01 01:31:18,521 INFO Head: mr:20682.9 mrr:0.03 hits:0.03
2020-04-01 01:31:18,522 INFO Tail: mr:20846.7 mrr:0.02 hits:0.00
2020-04-01 01:31:18,523 INFO All: mr:20764.8 mrr:0.02 hits:0.02
2020-04-01 01:31:18,527 INFO Start Training...
2020-04-01 01:31:36,320 INFO [17.8] Epoch 0: loss = 326.3289
2020-04-01 01:31:51,502 INFO [15.2] Epoch 1: loss = 278.8675
2020-04-01 01:32:07,767 INFO [16.3] Epoch 2: loss = 240.7291
2020-04-01 01:32:24,669 INFO [16.9] Epoch 3: loss = 204.3914
2020-04-01 01:32:41,548 INFO [16.9] Epoch 4: loss = 170.5638
2020-04-01 01:32:56,923 INFO [15.4] Epoch 5: loss = 139.5106
2020-04-01 01:33:14,342 INFO [17.4] Epoch 6: loss = 111.8733
2020-04-01 01:33:30,230 INFO [15.9] Epoch 7: loss = 88.8718
2020-04-01 01:33:46,822 INFO [16.6] Epoch 8: loss = 69.9592
2020-04-01 01:34:05,483 INFO [18.7] Epoch 9: loss = 55.1677
2020-04-01 01:34:05,484 INFO Start Evaling...
2020-04-01 01:34:18,264 INFO Head: mr:9338.1 mrr:13.00 hits:32.63
2020-04-01 01:34:18,265 INFO Tail: mr:3975.6 mrr:14.40 hits:35.56
2020-04-01 01:34:18,266 INFO All: mr:6656.9 mrr:13.70 hits:34.10
2020-04-01 01:34:18,271 INFO Improved and model saved
2020-04-01 01:34:37,098 INFO [18.8] Epoch 10: loss = 43.6591
2020-04-01 01:34:53,611 INFO [16.5] Epoch 11: loss = 34.5288
2020-04-01 01:35:10,352 INFO [16.7] Epoch 12: loss = 27.3992
2020-04-01 01:35:27,087 INFO [16.7] Epoch 13: loss = 22.1089
2020-04-01 01:35:43,576 INFO [16.5] Epoch 14: loss = 17.9809
2020-04-01 01:36:02,303 INFO [18.7] Epoch 15: loss = 14.8509
2020-04-01 01:36:18,305 INFO [16.0] Epoch 16: loss = 12.5235
2020-04-01 01:36:34,658 INFO [16.4] Epoch 17: loss = 10.7220
2020-04-01 01:36:52,248 INFO [17.6] Epoch 18: loss = 9.2587
2020-04-01 01:37:11,591 INFO [19.3] Epoch 19: loss = 8.1976
2020-04-01 01:37:11,591 INFO Start Evaling...
2020-04-01 01:37:23,017 INFO Head: mr:6747.9 mrr:17.82 hits:43.21
2020-04-01 01:37:23,023 INFO Tail: mr:3122.2 mrr:19.90 hits:46.87
2020-04-01 01:37:23,024 INFO All: mr:4935.0 mrr:18.86 hits:45.04
2020-04-01 01:37:23,028 INFO Improved and model saved
2020-04-01 01:37:39,768 INFO [16.7] Epoch 20: loss = 7.3073
2020-04-01 01:37:56,816 INFO [17.0] Epoch 21: loss = 6.5676
2020-04-01 01:38:13,753 INFO [16.9] Epoch 22: loss = 6.0293
2020-04-01 01:38:31,331 INFO [17.6] Epoch 23: loss = 5.5160
2020-04-01 01:38:49,122 INFO [17.8] Epoch 24: loss = 5.0950
2020-04-01 01:39:06,605 INFO [17.5] Epoch 25: loss = 4.7518
2020-04-01 01:39:23,595 INFO [17.0] Epoch 26: loss = 4.4234
2020-04-01 01:39:42,425 INFO [18.8] Epoch 27: loss = 4.1945
2020-04-01 01:40:00,145 INFO [17.7] Epoch 28: loss = 3.9567
2020-04-01 01:40:21,049 INFO [20.9] Epoch 29: loss = 3.7606
2020-04-01 01:40:21,050 INFO Start Evaling...
2020-04-01 01:40:32,462 INFO Head: mr:6048.5 mrr:19.95 hits:46.41
2020-04-01 01:40:32,463 INFO Tail: mr:2902.3 mrr:22.23 hits:49.67
2020-04-01 01:40:32,465 INFO All: mr:4475.4 mrr:21.09 hits:48.04
2020-04-01 01:40:32,470 INFO Improved and model saved
2020-04-01 01:40:49,441 INFO [16.9] Epoch 30: loss = 3.5631
2020-04-01 01:41:07,875 INFO [18.4] Epoch 31: loss = 3.4431
2020-04-01 01:41:25,459 INFO [17.6] Epoch 32: loss = 3.3552
2020-04-01 01:41:41,582 INFO [16.1] Epoch 33: loss = 3.1544
2020-04-01 01:42:00,368 INFO [18.8] Epoch 34: loss = 3.0649
2020-04-01 01:42:16,469 INFO [16.1] Epoch 35: loss = 2.9855
2020-04-01 01:42:34,028 INFO [17.6] Epoch 36: loss = 2.9004
2020-04-01 01:42:51,608 INFO [17.6] Epoch 37: loss = 2.7894
2020-04-01 01:43:10,656 INFO [19.0] Epoch 38: loss = 2.7568
2020-04-01 01:43:28,697 INFO [18.0] Epoch 39: loss = 2.7324
2020-04-01 01:43:28,698 INFO Start Evaling...
2020-04-01 01:43:39,708 INFO Head: mr:5797.5 mrr:20.86 hits:47.53
2020-04-01 01:43:39,709 INFO Tail: mr:2825.8 mrr:22.55 hits:50.86
2020-04-01 01:43:39,710 INFO All: mr:4311.7 mrr:21.71 hits:49.19
2020-04-01 01:43:39,714 INFO Improved and model saved
2020-04-01 01:43:58,062 INFO [18.3] Epoch 40: loss = 2.7057
2020-04-01 01:44:14,804 INFO [16.7] Epoch 41: loss = 2.5471
2020-04-01 01:44:31,359 INFO [16.6] Epoch 42: loss = 2.5359
2020-04-01 01:44:47,976 INFO [16.6] Epoch 43: loss = 2.5110
2020-04-01 01:45:04,296 INFO [16.3] Epoch 44: loss = 2.4962
2020-04-01 01:45:20,899 INFO [16.6] Epoch 45: loss = 2.4020
2020-04-01 01:45:38,117 INFO [17.2] Epoch 46: loss = 2.4130
2020-04-01 01:45:56,222 INFO [18.1] Epoch 47: loss = 2.3951
2020-04-01 01:46:15,089 INFO [18.9] Epoch 48: loss = 2.3294
2020-04-01 01:46:31,719 INFO [16.6] Epoch 49: loss = 2.3317
2020-04-01 01:46:31,720 INFO Start Evaling...
2020-04-01 01:46:42,050 INFO Head: mr:5662.1 mrr:21.10 hits:48.45
2020-04-01 01:46:42,050 INFO Tail: mr:2792.8 mrr:22.52 hits:51.05
2020-04-01 01:46:42,050 INFO All: mr:4227.5 mrr:21.81 hits:49.75
2020-04-01 01:46:42,054 INFO Improved and model saved
2020-04-01 01:46:58,364 INFO [16.3] Epoch 50: loss = 2.2598
2020-04-01 01:47:15,076 INFO [16.7] Epoch 51: loss = 2.2216
2020-04-01 01:47:32,428 INFO [17.4] Epoch 52: loss = 2.1971
2020-04-01 01:47:47,733 INFO [15.3] Epoch 53: loss = 2.2127
2020-04-01 01:48:05,563 INFO [17.8] Epoch 54: loss = 2.1687
2020-04-01 01:48:23,116 INFO [17.6] Epoch 55: loss = 2.1313
2020-04-01 01:48:40,655 INFO [17.5] Epoch 56: loss = 2.1536
2020-04-01 01:48:59,475 INFO [18.8] Epoch 57: loss = 2.1007
2020-04-01 01:49:16,970 INFO [17.5] Epoch 58: loss = 2.0884
2020-04-01 01:49:35,187 INFO [18.2] Epoch 59: loss = 2.0868
2020-04-01 01:49:35,187 INFO Start Evaling...
2020-04-01 01:49:45,091 INFO Head: mr:5563.7 mrr:21.29 hits:48.35
2020-04-01 01:49:45,092 INFO Tail: mr:2729.4 mrr:22.58 hits:51.19
2020-04-01 01:49:45,092 INFO All: mr:4146.6 mrr:21.94 hits:49.77
2020-04-01 01:49:45,096 INFO Improved and model saved
2020-04-01 01:50:03,898 INFO [18.8] Epoch 60: loss = 2.0254
2020-04-01 01:50:21,192 INFO [17.3] Epoch 61: loss = 2.0596
2020-04-01 01:50:37,725 INFO [16.5] Epoch 62: loss = 2.0152
2020-04-01 01:50:53,381 INFO [15.7] Epoch 63: loss = 1.9685
2020-04-01 01:51:11,679 INFO [18.3] Epoch 64: loss = 1.9781
2020-04-01 01:51:29,276 INFO [17.6] Epoch 65: loss = 1.9378
2020-04-01 01:51:46,356 INFO [17.1] Epoch 66: loss = 1.9770
2020-04-01 01:52:05,245 INFO [18.9] Epoch 67: loss = 1.9777
2020-04-01 01:52:23,109 INFO [17.9] Epoch 68: loss = 1.9528
2020-04-01 01:52:40,991 INFO [17.9] Epoch 69: loss = 1.9394
2020-04-01 01:52:40,992 INFO Start Evaling...
2020-04-01 01:52:51,878 INFO Head: mr:5457.3 mrr:21.27 hits:48.81
2020-04-01 01:52:51,879 INFO Tail: mr:2717.8 mrr:22.51 hits:51.25
2020-04-01 01:52:51,879 INFO All: mr:4087.6 mrr:21.89 hits:50.03
2020-04-01 01:52:51,882 INFO Improved and model saved
2020-04-01 01:53:09,015 INFO [17.1] Epoch 70: loss = 1.8910
2020-04-01 01:53:26,234 INFO [17.2] Epoch 71: loss = 1.9182
2020-04-01 01:53:43,991 INFO [17.8] Epoch 72: loss = 1.9381
2020-04-01 01:54:00,765 INFO [16.8] Epoch 73: loss = 1.8706
2020-04-01 01:54:18,113 INFO [17.3] Epoch 74: loss = 1.9076
2020-04-01 01:54:35,174 INFO [17.1] Epoch 75: loss = 1.8761
2020-04-01 01:54:53,781 INFO [18.6] Epoch 76: loss = 1.8643
2020-04-01 01:55:11,165 INFO [17.4] Epoch 77: loss = 1.8121
2020-04-01 01:55:29,029 INFO [17.9] Epoch 78: loss = 1.8124
2020-04-01 01:55:44,442 INFO [15.4] Epoch 79: loss = 1.8487
2020-04-01 01:55:44,442 INFO Start Evaling...
2020-04-01 01:55:54,105 INFO Head: mr:5445.4 mrr:21.32 hits:48.52
2020-04-01 01:55:54,106 INFO Tail: mr:2726.4 mrr:22.48 hits:51.02
2020-04-01 01:55:54,107 INFO All: mr:4085.9 mrr:21.90 hits:49.77
2020-04-01 01:55:54,112 INFO Declined in recent 1 epochs
2020-04-01 01:56:13,032 INFO [18.9] Epoch 80: loss = 1.8037
2020-04-01 01:56:30,265 INFO [17.2] Epoch 81: loss = 1.7613
2020-04-01 01:56:48,764 INFO [18.5] Epoch 82: loss = 1.7561
2020-04-01 01:57:06,349 INFO [17.6] Epoch 83: loss = 1.7648
2020-04-01 01:57:23,852 INFO [17.5] Epoch 84: loss = 1.8302
2020-04-01 01:57:41,671 INFO [17.8] Epoch 85: loss = 1.7976
2020-04-01 01:57:59,492 INFO [17.8] Epoch 86: loss = 1.7560
2020-04-01 01:58:16,363 INFO [16.9] Epoch 87: loss = 1.7718
2020-04-01 01:58:33,776 INFO [17.4] Epoch 88: loss = 1.7517
2020-04-01 01:58:52,093 INFO [18.3] Epoch 89: loss = 1.7202
2020-04-01 01:58:52,094 INFO Start Evaling...
2020-04-01 01:59:01,206 INFO Head: mr:5423.2 mrr:21.48 hits:48.55
2020-04-01 01:59:01,207 INFO Tail: mr:2721.4 mrr:22.62 hits:51.15
2020-04-01 01:59:01,207 INFO All: mr:4072.3 mrr:22.05 hits:49.85
2020-04-01 01:59:01,211 INFO Declined in recent 2 epochs
2020-04-01 01:59:20,379 INFO [19.2] Epoch 90: loss = 1.7708
2020-04-01 01:59:37,944 INFO [17.6] Epoch 91: loss = 1.7033
2020-04-01 01:59:55,768 INFO [17.8] Epoch 92: loss = 1.7662
2020-04-01 02:00:13,496 INFO [17.7] Epoch 93: loss = 1.7057
2020-04-01 02:00:32,054 INFO [18.6] Epoch 94: loss = 1.6962
2020-04-01 02:00:50,539 INFO [18.5] Epoch 95: loss = 1.6998
2020-04-01 02:01:08,721 INFO [18.2] Epoch 96: loss = 1.6632
2020-04-01 02:01:26,633 INFO [17.9] Epoch 97: loss = 1.6692
2020-04-01 02:01:44,131 INFO [17.5] Epoch 98: loss = 1.7143
2020-04-01 02:02:02,191 INFO [18.1] Epoch 99: loss = 1.7053
2020-04-01 02:02:02,192 INFO Start Evaling...
2020-04-01 02:02:12,400 INFO Head: mr:5438.4 mrr:21.65 hits:48.48
2020-04-01 02:02:12,401 INFO Tail: mr:2746.9 mrr:22.72 hits:51.48
2020-04-01 02:02:12,402 INFO All: mr:4092.7 mrr:22.19 hits:49.98
2020-04-01 02:02:12,407 INFO Declined in recent 3 epochs
2020-04-01 02:02:30,356 INFO [17.9] Epoch 100: loss = 1.6704
2020-04-01 02:02:47,456 INFO [17.1] Epoch 101: loss = 1.7040
2020-04-01 02:03:05,448 INFO [18.0] Epoch 102: loss = 1.6478
2020-04-01 02:03:23,513 INFO [18.1] Epoch 103: loss = 1.6250
2020-04-01 02:03:42,746 INFO [19.2] Epoch 104: loss = 1.6262
2020-04-01 02:03:59,676 INFO [16.9] Epoch 105: loss = 1.6627
2020-04-01 02:04:16,566 INFO [16.9] Epoch 106: loss = 1.6414
2020-04-01 02:04:33,852 INFO [17.3] Epoch 107: loss = 1.6355
2020-04-01 02:04:51,017 INFO [17.2] Epoch 108: loss = 1.6952
2020-04-01 02:05:08,145 INFO [17.1] Epoch 109: loss = 1.7288
2020-04-01 02:05:08,146 INFO Start Evaling...
2020-04-01 02:05:18,183 INFO Head: mr:5471.0 mrr:21.50 hits:48.71
2020-04-01 02:05:18,184 INFO Tail: mr:2730.4 mrr:22.82 hits:51.29
2020-04-01 02:05:18,184 INFO All: mr:4100.7 mrr:22.16 hits:50.00
2020-04-01 02:05:18,188 INFO Declined in recent 4 epochs
2020-04-01 02:05:38,012 INFO [19.8] Epoch 110: loss = 1.6911
2020-04-01 02:05:55,930 INFO [17.9] Epoch 111: loss = 1.5962
2020-04-01 02:06:14,774 INFO [18.8] Epoch 112: loss = 1.6539
2020-04-01 02:06:33,762 INFO [19.0] Epoch 113: loss = 1.5847
2020-04-01 02:06:51,707 INFO [17.9] Epoch 114: loss = 1.6813
2020-04-01 02:07:10,192 INFO [18.5] Epoch 115: loss = 1.6083
2020-04-01 02:07:28,486 INFO [18.3] Epoch 116: loss = 1.6064
2020-04-01 02:07:45,564 INFO [17.1] Epoch 117: loss = 1.6242
2020-04-01 02:08:03,012 INFO [17.4] Epoch 118: loss = 1.6028
2020-04-01 02:08:21,553 INFO [18.5] Epoch 119: loss = 1.5813
2020-04-01 02:08:21,553 INFO Start Evaling...
2020-04-01 02:08:31,103 INFO Head: mr:5469.4 mrr:21.42 hits:48.45
2020-04-01 02:08:31,105 INFO Tail: mr:2770.4 mrr:22.91 hits:51.32
2020-04-01 02:08:31,106 INFO All: mr:4119.9 mrr:22.17 hits:49.88
2020-04-01 02:08:31,111 INFO Declined in recent 5 epochs
2020-04-01 02:08:31,112 INFO Early stopping
2020-04-01 02:08:31,113 INFO Train done
2020-04-01 02:08:31,125 INFO Start Evaling...
2020-04-01 02:08:43,078 INFO Head: mr:5564.6 mrr:20.97 hits:47.57
2020-04-01 02:08:43,079 INFO Tail: mr:2798.9 mrr:23.26 hits:52.74
2020-04-01 02:08:43,080 INFO All: mr:4181.7 mrr:22.12 hits:50.16
