2020-04-26 19:11:48,814 INFO EPOCH: 1000
2020-04-26 19:11:48,814 INFO EVERY: 10
2020-04-26 19:11:48,814 INFO LR: 0.001
2020-04-26 19:11:48,814 INFO DIM: 100
2020-04-26 19:11:48,814 INFO BATCH_SIZE: 256
2020-04-26 19:11:48,814 INFO BATCH_SIZE2: 100
2020-04-26 19:11:48,814 INFO P: 1
2020-04-26 19:11:48,815 INFO CLIPPING_MAX_VALUE: 4.0
2020-04-26 19:11:48,815 INFO OPTIM: Adam
2020-04-26 19:11:48,815 INFO N_SAMPLE: 100
2020-04-26 19:11:48,815 INFO MODE: grap
2020-04-26 19:11:48,815 INFO RATE: 0.1
2020-04-26 19:11:48,815 INFO GAMMA: 12.0
2020-04-26 19:11:48,815 INFO BERN: True
2020-04-26 19:11:48,815 INFO MARGIN: 4.0
2020-04-26 19:11:48,815 INFO REG: 1.0
2020-04-26 19:11:48,815 INFO LABEL_SMOOTH_EPS: 0.1
2020-04-26 19:11:48,815 INFO INPUT_DROP: 0.2
2020-04-26 19:11:48,815 INFO FEAT_DROP: 0.2
2020-04-26 19:11:48,815 INFO HIDD_DROP: 0.3
2020-04-26 19:11:48,815 INFO CHANNELS: 50
2020-04-26 19:11:48,815 INFO KERNEL_SIZE: 3
2020-04-26 19:11:48,815 INFO N_POOL: 100
2020-04-26 19:11:48,815 INFO MODEL_D: TransH
2020-04-26 19:11:48,815 INFO MODEL_G: DistMult
2020-04-26 19:11:48,815 INFO SCRATCH: False
2020-04-26 19:11:48,815 INFO D_FILE: None
2020-04-26 19:11:48,815 INFO G_FILE: None
2020-04-26 19:11:48,815 INFO PATH: data
2020-04-26 19:11:48,815 INFO DATA: WN18RR
2020-04-26 19:11:48,815 INFO EXP_PATH: experiment/WN18RR
2020-04-26 19:11:48,816 INFO MODEL: TransH
2020-04-26 19:11:48,816 INFO V: 10
2020-04-26 19:11:48,816 INFO F: False
2020-04-26 19:11:48,816 INFO EVAL: False
2020-04-26 19:11:48,816 INFO TRAINED: False
2020-04-26 19:11:48,816 INFO PRETRAINED_NAME: None
2020-04-26 19:11:48,816 INFO EXP_NAME: TransH-WN18RR-grap-10
2020-04-26 19:11:48,816 INFO --------------------------------------
2020-04-26 19:11:52,328 INFO Dataload done
2020-04-26 19:11:52,328 INFO --------------------------------------
2020-04-26 19:11:52,328 INFO N_ENTITY: 40943
2020-04-26 19:11:52,328 INFO N_RELATION: 11
2020-04-26 19:11:52,328 INFO --------------------------------------
2020-04-26 19:11:59,839 INFO Start Training...
2020-04-26 19:12:25,302 INFO [25.5] Epoch 0: loss = 326.1161
2020-04-26 19:12:48,540 INFO [23.2] Epoch 1: loss = 268.7432
2020-04-26 19:13:18,492 INFO [30.0] Epoch 2: loss = 226.6838
2020-04-26 19:13:44,249 INFO [25.8] Epoch 3: loss = 189.6487
2020-04-26 19:14:08,454 INFO [24.2] Epoch 4: loss = 158.2000
2020-04-26 19:14:33,677 INFO [25.2] Epoch 5: loss = 130.7384
2020-04-26 19:14:59,022 INFO [25.3] Epoch 6: loss = 107.5677
2020-04-26 19:15:22,969 INFO [23.9] Epoch 7: loss = 88.7513
2020-04-26 19:15:49,237 INFO [26.3] Epoch 8: loss = 73.9898
2020-04-26 19:16:16,114 INFO [26.9] Epoch 9: loss = 62.6944
2020-04-26 19:16:16,114 INFO Start Evaling...
2020-04-26 19:16:28,771 INFO Head: mr:10261.8 mrr:9.13 hits:23.07
2020-04-26 19:16:28,771 INFO Tail: mr:4276.4 mrr:10.51 hits:26.04
2020-04-26 19:16:28,771 INFO All: mr:7269.1 mrr:9.82 hits:24.56
2020-04-26 19:16:28,773 INFO Start Evaling...
2020-04-26 19:16:40,945 INFO Head: mr:10649.5 mrr:8.84 hits:22.37
2020-04-26 19:16:40,946 INFO Tail: mr:3967.2 mrr:10.43 hits:25.94
2020-04-26 19:16:40,946 INFO All: mr:7308.3 mrr:9.63 hits:24.15
2020-04-26 19:16:40,949 INFO Improved and model saved
2020-04-26 19:17:07,528 INFO [26.5] Epoch 10: loss = 54.0084
2020-04-26 19:17:33,910 INFO [26.4] Epoch 11: loss = 47.4348
2020-04-26 19:18:00,005 INFO [26.1] Epoch 12: loss = 42.4041
2020-04-26 19:18:26,881 INFO [26.9] Epoch 13: loss = 38.5722
2020-04-26 19:18:54,750 INFO [27.9] Epoch 14: loss = 35.4336
2020-04-26 19:19:20,290 INFO [25.5] Epoch 15: loss = 33.0637
2020-04-26 19:19:46,722 INFO [26.4] Epoch 16: loss = 31.0808
2020-04-26 19:20:12,843 INFO [26.1] Epoch 17: loss = 29.5289
2020-04-26 19:20:40,440 INFO [27.6] Epoch 18: loss = 28.2079
2020-04-26 19:21:13,870 INFO [33.4] Epoch 19: loss = 27.1202
2020-04-26 19:21:13,870 INFO Start Evaling...
2020-04-26 19:21:23,036 INFO Head: mr:8071.5 mrr:14.88 hits:36.12
2020-04-26 19:21:23,036 INFO Tail: mr:3287.1 mrr:16.71 hits:39.78
2020-04-26 19:21:23,036 INFO All: mr:5679.3 mrr:15.80 hits:37.95
2020-04-26 19:21:23,038 INFO Start Evaling...
2020-04-26 19:21:32,558 INFO Head: mr:8531.1 mrr:14.66 hits:35.67
2020-04-26 19:21:32,559 INFO Tail: mr:3211.2 mrr:16.91 hits:39.85
2020-04-26 19:21:32,559 INFO All: mr:5871.2 mrr:15.78 hits:37.76
2020-04-26 19:21:32,561 INFO Improved and model saved
2020-04-26 19:21:59,645 INFO [27.1] Epoch 20: loss = 26.1732
2020-04-26 19:22:23,878 INFO [24.2] Epoch 21: loss = 25.3533
2020-04-26 19:22:48,961 INFO [25.1] Epoch 22: loss = 24.6306
2020-04-26 19:23:14,729 INFO [25.8] Epoch 23: loss = 24.0713
2020-04-26 19:23:39,154 INFO [24.4] Epoch 24: loss = 23.5541
2020-04-26 19:24:04,818 INFO [25.7] Epoch 25: loss = 22.9053
2020-04-26 19:24:31,058 INFO [26.2] Epoch 26: loss = 22.5610
2020-04-26 19:24:57,460 INFO [26.4] Epoch 27: loss = 22.1185
2020-04-26 19:25:23,987 INFO [26.5] Epoch 28: loss = 21.7505
2020-04-26 19:25:57,208 INFO [33.2] Epoch 29: loss = 21.4565
2020-04-26 19:25:57,209 INFO Start Evaling...
2020-04-26 19:26:07,158 INFO Head: mr:7459.5 mrr:16.75 hits:39.82
2020-04-26 19:26:07,158 INFO Tail: mr:3061.0 mrr:19.21 hits:43.97
2020-04-26 19:26:07,158 INFO All: mr:5260.3 mrr:17.98 hits:41.89
2020-04-26 19:26:07,160 INFO Start Evaling...
2020-04-26 19:26:16,804 INFO Head: mr:7973.9 mrr:16.29 hits:38.83
2020-04-26 19:26:16,804 INFO Tail: mr:3053.2 mrr:19.31 hits:43.59
2020-04-26 19:26:16,804 INFO All: mr:5513.5 mrr:17.80 hits:41.21
2020-04-26 19:26:16,808 INFO Improved and model saved
2020-04-26 19:26:42,057 INFO [25.2] Epoch 30: loss = 21.1663
2020-04-26 19:27:08,487 INFO [26.4] Epoch 31: loss = 20.8900
2020-04-26 19:27:34,649 INFO [26.2] Epoch 32: loss = 20.5784
2020-04-26 19:28:00,089 INFO [25.4] Epoch 33: loss = 20.2777
2020-04-26 19:28:25,034 INFO [24.9] Epoch 34: loss = 20.0656
2020-04-26 19:28:51,850 INFO [26.8] Epoch 35: loss = 19.8896
2020-04-26 19:29:15,540 INFO [23.7] Epoch 36: loss = 19.6195
2020-04-26 19:29:42,399 INFO [26.9] Epoch 37: loss = 19.4522
2020-04-26 19:30:07,200 INFO [24.8] Epoch 38: loss = 19.3402
2020-04-26 19:30:42,290 INFO [35.1] Epoch 39: loss = 19.0609
2020-04-26 19:30:42,290 INFO Start Evaling...
2020-04-26 19:30:52,349 INFO Head: mr:7195.4 mrr:17.00 hits:40.94
2020-04-26 19:30:52,350 INFO Tail: mr:2967.5 mrr:20.03 hits:45.35
2020-04-26 19:30:52,352 INFO All: mr:5081.5 mrr:18.52 hits:43.14
2020-04-26 19:30:52,355 INFO Start Evaling...
2020-04-26 19:31:01,905 INFO Head: mr:7751.2 mrr:16.54 hits:39.82
2020-04-26 19:31:01,905 INFO Tail: mr:3009.9 mrr:20.07 hits:44.96
2020-04-26 19:31:01,905 INFO All: mr:5380.6 mrr:18.31 hits:42.39
2020-04-26 19:31:01,907 INFO Improved and model saved
2020-04-26 19:31:26,735 INFO [24.8] Epoch 40: loss = 18.9085
2020-04-26 19:31:51,451 INFO [24.7] Epoch 41: loss = 18.7356
2020-04-26 19:32:16,374 INFO [24.9] Epoch 42: loss = 18.5893
2020-04-26 19:32:41,896 INFO [25.5] Epoch 43: loss = 18.4988
2020-04-26 19:33:08,336 INFO [26.4] Epoch 44: loss = 18.3580
2020-04-26 19:33:35,659 INFO [27.3] Epoch 45: loss = 18.1796
2020-04-26 19:34:00,578 INFO [24.9] Epoch 46: loss = 18.0591
2020-04-26 19:34:26,860 INFO [26.3] Epoch 47: loss = 17.9569
2020-04-26 19:34:54,697 INFO [27.8] Epoch 48: loss = 17.8819
2020-04-26 19:35:26,930 INFO [32.2] Epoch 49: loss = 17.7234
2020-04-26 19:35:26,930 INFO Start Evaling...
2020-04-26 19:35:36,480 INFO Head: mr:7026.9 mrr:16.86 hits:40.74
2020-04-26 19:35:36,480 INFO Tail: mr:2982.0 mrr:19.69 hits:45.75
2020-04-26 19:35:36,480 INFO All: mr:5004.4 mrr:18.28 hits:43.24
2020-04-26 19:35:36,482 INFO Start Evaling...
2020-04-26 19:35:46,078 INFO Head: mr:7578.0 mrr:16.36 hits:39.92
2020-04-26 19:35:46,081 INFO Tail: mr:3045.2 mrr:20.01 hits:45.05
2020-04-26 19:35:46,082 INFO All: mr:5311.6 mrr:18.19 hits:42.49
2020-04-26 19:35:46,087 INFO Declined in recent 1 epochs
2020-04-26 19:36:11,864 INFO [25.8] Epoch 50: loss = 17.6019
2020-04-26 19:36:38,092 INFO [26.2] Epoch 51: loss = 17.4877
2020-04-26 19:37:03,637 INFO [25.5] Epoch 52: loss = 17.4315
2020-04-26 19:37:30,111 INFO [26.5] Epoch 53: loss = 17.4108
2020-04-26 19:37:55,901 INFO [25.8] Epoch 54: loss = 17.2125
2020-04-26 19:38:22,013 INFO [26.1] Epoch 55: loss = 17.1482
2020-04-26 19:38:47,130 INFO [25.1] Epoch 56: loss = 17.1085
2020-04-26 19:39:12,652 INFO [25.5] Epoch 57: loss = 17.0204
2020-04-26 19:39:49,394 INFO [36.7] Epoch 58: loss = 16.8696
2020-04-26 19:40:17,651 INFO [28.3] Epoch 59: loss = 16.7882
2020-04-26 19:40:17,651 INFO Start Evaling...
2020-04-26 19:40:27,312 INFO Head: mr:6962.8 mrr:16.44 hits:40.08
2020-04-26 19:40:27,313 INFO Tail: mr:2971.2 mrr:19.21 hits:45.39
2020-04-26 19:40:27,315 INFO All: mr:4967.0 mrr:17.82 hits:42.73
2020-04-26 19:40:27,318 INFO Start Evaling...
2020-04-26 19:40:37,197 INFO Head: mr:7538.9 mrr:16.02 hits:39.95
2020-04-26 19:40:37,198 INFO Tail: mr:3074.2 mrr:19.71 hits:45.02
2020-04-26 19:40:37,198 INFO All: mr:5306.5 mrr:17.86 hits:42.49
2020-04-26 19:40:37,199 INFO Declined in recent 2 epochs
2020-04-26 19:41:02,107 INFO [24.9] Epoch 60: loss = 16.7324
2020-04-26 19:41:28,326 INFO [26.2] Epoch 61: loss = 16.6518
2020-04-26 19:41:54,760 INFO [26.4] Epoch 62: loss = 16.6213
2020-04-26 19:42:20,069 INFO [25.3] Epoch 63: loss = 16.5059
2020-04-26 19:42:47,009 INFO [26.9] Epoch 64: loss = 16.4874
2020-04-26 19:43:12,403 INFO [25.4] Epoch 65: loss = 16.3823
2020-04-26 19:43:37,453 INFO [25.0] Epoch 66: loss = 16.3333
2020-04-26 19:44:04,146 INFO [26.7] Epoch 67: loss = 16.3081
2020-04-26 19:44:33,496 INFO [29.3] Epoch 68: loss = 16.1957
2020-04-26 19:44:57,674 INFO [24.2] Epoch 69: loss = 16.1038
2020-04-26 19:44:57,675 INFO Start Evaling...
2020-04-26 19:45:07,203 INFO Head: mr:6906.4 mrr:15.89 hits:39.09
2020-04-26 19:45:07,204 INFO Tail: mr:3005.1 mrr:19.05 hits:44.96
2020-04-26 19:45:07,204 INFO All: mr:4955.8 mrr:17.47 hits:42.02
2020-04-26 19:45:07,207 INFO Start Evaling...
2020-04-26 19:45:17,841 INFO Head: mr:7471.2 mrr:15.57 hits:39.53
2020-04-26 19:45:17,841 INFO Tail: mr:3076.0 mrr:19.34 hits:44.80
2020-04-26 19:45:17,842 INFO All: mr:5273.6 mrr:17.45 hits:42.17
2020-04-26 19:45:17,845 INFO Declined in recent 3 epochs
2020-04-26 19:45:42,081 INFO [24.2] Epoch 70: loss = 16.0954
2020-04-26 19:46:07,253 INFO [25.2] Epoch 71: loss = 15.9698
2020-04-26 19:46:31,637 INFO [24.4] Epoch 72: loss = 15.9317
2020-04-26 19:46:57,390 INFO [25.8] Epoch 73: loss = 15.9162
2020-04-26 19:47:23,122 INFO [25.7] Epoch 74: loss = 15.8854
2020-04-26 19:47:47,570 INFO [24.4] Epoch 75: loss = 15.7506
2020-04-26 19:48:13,407 INFO [25.8] Epoch 76: loss = 15.7677
2020-04-26 19:48:39,716 INFO [26.3] Epoch 77: loss = 15.7476
2020-04-26 19:49:06,441 INFO [26.7] Epoch 78: loss = 15.6759
2020-04-26 19:49:35,243 INFO [28.8] Epoch 79: loss = 15.6269
2020-04-26 19:49:35,243 INFO Start Evaling...
2020-04-26 19:49:44,797 INFO Head: mr:6865.6 mrr:15.95 hits:39.29
2020-04-26 19:49:44,799 INFO Tail: mr:3064.1 mrr:18.54 hits:44.33
2020-04-26 19:49:44,800 INFO All: mr:4964.9 mrr:17.24 hits:41.81
2020-04-26 19:49:44,805 INFO Start Evaling...
2020-04-26 19:49:54,943 INFO Head: mr:7438.0 mrr:15.32 hits:38.83
2020-04-26 19:49:54,943 INFO Tail: mr:3146.2 mrr:19.03 hits:44.38
2020-04-26 19:49:54,943 INFO All: mr:5292.1 mrr:17.17 hits:41.61
2020-04-26 19:49:54,945 INFO Declined in recent 4 epochs
2020-04-26 19:50:20,471 INFO [25.5] Epoch 80: loss = 15.5357
2020-04-26 19:50:45,332 INFO [24.9] Epoch 81: loss = 15.5450
2020-04-26 19:51:09,829 INFO [24.5] Epoch 82: loss = 15.4329
2020-04-26 19:51:36,664 INFO [26.8] Epoch 83: loss = 15.3893
2020-04-26 19:52:02,248 INFO [25.6] Epoch 84: loss = 15.4925
2020-04-26 19:52:29,116 INFO [26.9] Epoch 85: loss = 15.3817
2020-04-26 19:52:56,141 INFO [27.0] Epoch 86: loss = 15.2715
2020-04-26 19:53:19,607 INFO [23.5] Epoch 87: loss = 15.2496
2020-04-26 19:53:46,757 INFO [27.1] Epoch 88: loss = 15.2405
2020-04-26 19:54:12,454 INFO [25.7] Epoch 89: loss = 15.1538
2020-04-26 19:54:12,455 INFO Start Evaling...
2020-04-26 19:54:21,788 INFO Head: mr:6869.0 mrr:15.27 hits:38.69
2020-04-26 19:54:21,788 INFO Tail: mr:3137.9 mrr:18.21 hits:43.41
2020-04-26 19:54:21,789 INFO All: mr:5003.4 mrr:16.74 hits:41.05
2020-04-26 19:54:21,791 INFO Start Evaling...
2020-04-26 19:54:31,040 INFO Head: mr:7400.8 mrr:14.99 hits:38.29
2020-04-26 19:54:31,040 INFO Tail: mr:3219.1 mrr:18.60 hits:43.43
2020-04-26 19:54:31,040 INFO All: mr:5310.0 mrr:16.79 hits:40.86
2020-04-26 19:54:31,043 INFO Declined in recent 5 epochs
2020-04-26 19:54:31,043 INFO Early stopping
2020-04-26 19:54:31,043 INFO Train done
2020-04-26 19:54:31,062 INFO Start Evaling...
2020-04-26 19:54:40,766 INFO Head: mr:7751.2 mrr:16.54 hits:39.82
2020-04-26 19:54:40,767 INFO Tail: mr:3009.9 mrr:20.07 hits:44.96
2020-04-26 19:54:40,767 INFO All: mr:5380.6 mrr:18.31 hits:42.39
