2020-04-01 01:30:55,703 INFO EPOCH: 1000
2020-04-01 01:30:55,703 INFO EVERY: 10
2020-04-01 01:30:55,703 INFO LR: 0.001
2020-04-01 01:30:55,703 INFO DIM: 100
2020-04-01 01:30:55,703 INFO BATCH_SIZE: 256
2020-04-01 01:30:55,703 INFO BATCH_SIZE2: 100
2020-04-01 01:30:55,703 INFO P: 1
2020-04-01 01:30:55,703 INFO CLIPPING_MAX_VALUE: 4.0
2020-04-01 01:30:55,703 INFO OPTIM: Adam
2020-04-01 01:30:55,703 INFO N_SAMPLE: 12
2020-04-01 01:30:55,703 INFO MODE: rela
2020-04-01 01:30:55,703 INFO GAMMA: 12.0
2020-04-01 01:30:55,703 INFO BERN: True
2020-04-01 01:30:55,703 INFO MARGIN: 4.0
2020-04-01 01:30:55,703 INFO REG: 1.0
2020-04-01 01:30:55,704 INFO LABEL_SMOOTH_EPS: 0.1
2020-04-01 01:30:55,704 INFO INPUT_DROP: 0.2
2020-04-01 01:30:55,704 INFO FEAT_DROP: 0.2
2020-04-01 01:30:55,704 INFO HIDD_DROP: 0.3
2020-04-01 01:30:55,704 INFO CHANNELS: 50
2020-04-01 01:30:55,704 INFO KERNEL_SIZE: 3
2020-04-01 01:30:55,704 INFO N_POOL: 100
2020-04-01 01:30:55,704 INFO MODEL_D: TransH
2020-04-01 01:30:55,704 INFO MODEL_G: DistMult
2020-04-01 01:30:55,704 INFO D_FILE: None
2020-04-01 01:30:55,704 INFO G_FILE: None
2020-04-01 01:30:55,704 INFO PATH: data
2020-04-01 01:30:55,704 INFO DATA: WN18RR
2020-04-01 01:30:55,704 INFO EXP_PATH: experiment/WN18RR
2020-04-01 01:30:55,704 INFO MODEL: TransH
2020-04-01 01:30:55,704 INFO V: 0
2020-04-01 01:30:55,704 INFO F: False
2020-04-01 01:30:55,704 INFO EVAL: False
2020-04-01 01:30:55,704 INFO TRAINED: False
2020-04-01 01:30:55,704 INFO PRETRAINED_NAME: None
2020-04-01 01:30:55,704 INFO EXP_NAME: TransH-WN18RR-rela-0
2020-04-01 01:30:55,704 INFO --------------------------------------
2020-04-01 01:30:57,617 INFO Dataload done
2020-04-01 01:30:57,617 INFO --------------------------------------
2020-04-01 01:30:57,617 INFO N_ENTITY: 40943
2020-04-01 01:30:57,617 INFO N_RELATION: 11
2020-04-01 01:30:57,617 INFO --------------------------------------
2020-04-01 01:31:01,363 INFO Start Evaling...
2020-04-01 01:31:15,116 INFO Head: mr:20158.3 mrr:0.02 hits:0.00
2020-04-01 01:31:15,117 INFO Tail: mr:20489.9 mrr:0.07 hits:0.10
2020-04-01 01:31:15,118 INFO All: mr:20324.1 mrr:0.05 hits:0.05
2020-04-01 01:31:15,122 INFO Start Training...
2020-04-01 01:31:32,938 INFO [17.8] Epoch 0: loss = 204.6620
2020-04-01 01:31:48,793 INFO [15.9] Epoch 1: loss = 147.0547
2020-04-01 01:32:06,729 INFO [17.9] Epoch 2: loss = 118.3627
2020-04-01 01:32:22,384 INFO [15.7] Epoch 3: loss = 98.9123
2020-04-01 01:32:37,996 INFO [15.6] Epoch 4: loss = 83.1628
2020-04-01 01:32:54,437 INFO [16.4] Epoch 5: loss = 69.7348
2020-04-01 01:33:11,188 INFO [16.7] Epoch 6: loss = 58.9811
2020-04-01 01:33:26,942 INFO [15.8] Epoch 7: loss = 49.9035
2020-04-01 01:33:43,389 INFO [16.4] Epoch 8: loss = 42.3196
2020-04-01 01:33:58,785 INFO [15.4] Epoch 9: loss = 35.8067
2020-04-01 01:33:58,786 INFO Start Evaling...
2020-04-01 01:34:10,687 INFO Head: mr:10537.7 mrr:9.60 hits:23.80
2020-04-01 01:34:10,688 INFO Tail: mr:5107.3 mrr:10.79 hits:26.10
2020-04-01 01:34:10,688 INFO All: mr:7822.5 mrr:10.19 hits:24.95
2020-04-01 01:34:10,692 INFO Improved and model saved
2020-04-01 01:34:32,265 INFO [21.5] Epoch 10: loss = 30.3835
2020-04-01 01:34:49,333 INFO [17.1] Epoch 11: loss = 25.7952
2020-04-01 01:35:04,417 INFO [15.1] Epoch 12: loss = 21.9616
2020-04-01 01:35:20,893 INFO [16.5] Epoch 13: loss = 18.8231
2020-04-01 01:35:37,141 INFO [16.2] Epoch 14: loss = 16.3178
2020-04-01 01:35:52,547 INFO [15.4] Epoch 15: loss = 14.0926
2020-04-01 01:36:07,812 INFO [15.3] Epoch 16: loss = 12.3760
2020-04-01 01:36:24,226 INFO [16.4] Epoch 17: loss = 10.8175
2020-04-01 01:36:40,131 INFO [15.9] Epoch 18: loss = 9.6368
2020-04-01 01:36:56,684 INFO [16.6] Epoch 19: loss = 8.5284
2020-04-01 01:36:56,684 INFO Start Evaling...
2020-04-01 01:37:06,314 INFO Head: mr:7875.1 mrr:15.12 hits:36.09
2020-04-01 01:37:06,315 INFO Tail: mr:3610.8 mrr:16.64 hits:41.13
2020-04-01 01:37:06,316 INFO All: mr:5742.9 mrr:15.88 hits:38.61
2020-04-01 01:37:06,321 INFO Improved and model saved
2020-04-01 01:37:27,952 INFO [21.6] Epoch 20: loss = 7.6955
2020-04-01 01:37:42,439 INFO [14.5] Epoch 21: loss = 6.9166
2020-04-01 01:37:59,950 INFO [17.5] Epoch 22: loss = 6.2880
2020-04-01 01:38:16,401 INFO [16.4] Epoch 23: loss = 5.7543
2020-04-01 01:38:33,530 INFO [17.1] Epoch 24: loss = 5.2191
2020-04-01 01:38:50,018 INFO [16.5] Epoch 25: loss = 4.8270
2020-04-01 01:39:05,413 INFO [15.4] Epoch 26: loss = 4.4390
2020-04-01 01:39:21,524 INFO [16.1] Epoch 27: loss = 4.0774
2020-04-01 01:39:37,409 INFO [15.9] Epoch 28: loss = 3.8206
2020-04-01 01:39:53,036 INFO [15.6] Epoch 29: loss = 3.5419
2020-04-01 01:39:53,037 INFO Start Evaling...
2020-04-01 01:40:02,124 INFO Head: mr:6695.0 mrr:18.89 hits:43.84
2020-04-01 01:40:02,124 INFO Tail: mr:3148.9 mrr:20.67 hits:47.07
2020-04-01 01:40:02,124 INFO All: mr:4921.9 mrr:19.78 hits:45.45
2020-04-01 01:40:02,129 INFO Improved and model saved
2020-04-01 01:40:19,321 INFO [17.2] Epoch 30: loss = 3.3310
2020-04-01 01:40:39,722 INFO [20.4] Epoch 31: loss = 3.1198
2020-04-01 01:40:56,547 INFO [16.8] Epoch 32: loss = 2.9516
2020-04-01 01:41:12,593 INFO [16.0] Epoch 33: loss = 2.7880
2020-04-01 01:41:29,047 INFO [16.5] Epoch 34: loss = 2.6582
2020-04-01 01:41:45,071 INFO [16.0] Epoch 35: loss = 2.5012
2020-04-01 01:42:01,674 INFO [16.6] Epoch 36: loss = 2.3965
2020-04-01 01:42:18,088 INFO [16.4] Epoch 37: loss = 2.3270
2020-04-01 01:42:34,107 INFO [16.0] Epoch 38: loss = 2.2252
2020-04-01 01:42:50,787 INFO [16.7] Epoch 39: loss = 2.1303
2020-04-01 01:42:50,787 INFO Start Evaling...
2020-04-01 01:43:00,140 INFO Head: mr:6158.8 mrr:20.25 hits:45.65
2020-04-01 01:43:00,141 INFO Tail: mr:2956.5 mrr:22.05 hits:49.87
2020-04-01 01:43:00,141 INFO All: mr:4557.7 mrr:21.15 hits:47.76
2020-04-01 01:43:00,145 INFO Improved and model saved
2020-04-01 01:43:17,079 INFO [16.9] Epoch 40: loss = 2.0938
2020-04-01 01:43:36,068 INFO [19.0] Epoch 41: loss = 2.0505
2020-04-01 01:43:55,052 INFO [19.0] Epoch 42: loss = 1.9696
2020-04-01 01:44:11,691 INFO [16.6] Epoch 43: loss = 1.9232
2020-04-01 01:44:28,622 INFO [16.9] Epoch 44: loss = 1.8444
2020-04-01 01:44:45,681 INFO [17.1] Epoch 45: loss = 1.8004
2020-04-01 01:45:01,788 INFO [16.1] Epoch 46: loss = 1.7636
2020-04-01 01:45:17,678 INFO [15.9] Epoch 47: loss = 1.7296
2020-04-01 01:45:34,412 INFO [16.7] Epoch 48: loss = 1.6437
2020-04-01 01:45:50,271 INFO [15.9] Epoch 49: loss = 1.6194
2020-04-01 01:45:50,272 INFO Start Evaling...
2020-04-01 01:46:00,383 INFO Head: mr:5896.3 mrr:20.81 hits:46.64
2020-04-01 01:46:00,384 INFO Tail: mr:2855.8 mrr:22.57 hits:50.86
2020-04-01 01:46:00,384 INFO All: mr:4376.1 mrr:21.69 hits:48.75
2020-04-01 01:46:00,388 INFO Improved and model saved
2020-04-01 01:46:15,389 INFO [15.0] Epoch 50: loss = 1.6071
2020-04-01 01:46:33,424 INFO [18.0] Epoch 51: loss = 1.5840
2020-04-01 01:46:54,143 INFO [20.7] Epoch 52: loss = 1.5581
2020-04-01 01:47:11,989 INFO [17.8] Epoch 53: loss = 1.5355
2020-04-01 01:47:29,261 INFO [17.3] Epoch 54: loss = 1.4957
2020-04-01 01:47:45,621 INFO [16.4] Epoch 55: loss = 1.4611
2020-04-01 01:48:02,035 INFO [16.4] Epoch 56: loss = 1.4523
2020-04-01 01:48:19,798 INFO [17.8] Epoch 57: loss = 1.4362
2020-04-01 01:48:37,406 INFO [17.6] Epoch 58: loss = 1.4103
2020-04-01 01:48:54,694 INFO [17.3] Epoch 59: loss = 1.3614
2020-04-01 01:48:54,694 INFO Start Evaling...
2020-04-01 01:49:04,424 INFO Head: mr:5747.3 mrr:21.20 hits:47.46
2020-04-01 01:49:04,424 INFO Tail: mr:2819.3 mrr:22.65 hits:50.69
2020-04-01 01:49:04,424 INFO All: mr:4283.3 mrr:21.92 hits:49.08
2020-04-01 01:49:04,428 INFO Improved and model saved
2020-04-01 01:49:20,198 INFO [15.7] Epoch 60: loss = 1.3570
2020-04-01 01:49:37,218 INFO [17.0] Epoch 61: loss = 1.3559
2020-04-01 01:49:57,311 INFO [20.1] Epoch 62: loss = 1.3185
2020-04-01 01:50:16,055 INFO [18.7] Epoch 63: loss = 1.2920
2020-04-01 01:50:32,510 INFO [16.5] Epoch 64: loss = 1.2997
2020-04-01 01:50:50,518 INFO [18.0] Epoch 65: loss = 1.2625
2020-04-01 01:51:06,530 INFO [16.0] Epoch 66: loss = 1.2848
2020-04-01 01:51:22,861 INFO [16.3] Epoch 67: loss = 1.2571
2020-04-01 01:51:38,640 INFO [15.8] Epoch 68: loss = 1.2449
2020-04-01 01:51:55,898 INFO [17.3] Epoch 69: loss = 1.2355
2020-04-01 01:51:55,898 INFO Start Evaling...
2020-04-01 01:52:05,184 INFO Head: mr:5657.3 mrr:21.42 hits:47.99
2020-04-01 01:52:05,186 INFO Tail: mr:2807.3 mrr:22.62 hits:50.76
2020-04-01 01:52:05,186 INFO All: mr:4232.3 mrr:22.02 hits:49.37
2020-04-01 01:52:05,191 INFO Improved and model saved
2020-04-01 01:52:21,518 INFO [16.3] Epoch 70: loss = 1.2232
2020-04-01 01:52:37,224 INFO [15.7] Epoch 71: loss = 1.2194
2020-04-01 01:52:56,521 INFO [19.3] Epoch 72: loss = 1.2280
2020-04-01 01:53:15,717 INFO [19.2] Epoch 73: loss = 1.1940
2020-04-01 01:53:32,637 INFO [16.9] Epoch 74: loss = 1.1787
2020-04-01 01:53:49,988 INFO [17.4] Epoch 75: loss = 1.1809
2020-04-01 01:54:06,455 INFO [16.5] Epoch 76: loss = 1.1336
2020-04-01 01:54:24,769 INFO [18.3] Epoch 77: loss = 1.1445
2020-04-01 01:54:41,104 INFO [16.3] Epoch 78: loss = 1.1615
2020-04-01 01:54:58,280 INFO [17.2] Epoch 79: loss = 1.1313
2020-04-01 01:54:58,281 INFO Start Evaling...
2020-04-01 01:55:07,453 INFO Head: mr:5644.7 mrr:21.47 hits:47.63
2020-04-01 01:55:07,455 INFO Tail: mr:2789.2 mrr:22.89 hits:50.86
2020-04-01 01:55:07,455 INFO All: mr:4217.0 mrr:22.18 hits:49.24
2020-04-01 01:55:07,459 INFO Declined in recent 1 epochs
2020-04-01 01:55:22,904 INFO [15.4] Epoch 80: loss = 1.1334
2020-04-01 01:55:39,502 INFO [16.6] Epoch 81: loss = 1.1197
2020-04-01 01:55:57,438 INFO [17.9] Epoch 82: loss = 1.1112
2020-04-01 01:56:15,927 INFO [18.5] Epoch 83: loss = 1.1150
2020-04-01 01:56:32,943 INFO [17.0] Epoch 84: loss = 1.0895
2020-04-01 01:56:49,154 INFO [16.2] Epoch 85: loss = 1.0714
2020-04-01 01:57:06,950 INFO [17.8] Epoch 86: loss = 1.0976
2020-04-01 01:57:25,031 INFO [18.1] Epoch 87: loss = 1.0749
2020-04-01 01:57:42,493 INFO [17.5] Epoch 88: loss = 1.0783
2020-04-01 01:58:00,500 INFO [18.0] Epoch 89: loss = 1.0809
2020-04-01 01:58:00,501 INFO Start Evaling...
2020-04-01 01:58:10,026 INFO Head: mr:5695.2 mrr:21.29 hits:47.13
2020-04-01 01:58:10,027 INFO Tail: mr:2807.1 mrr:22.62 hits:50.13
2020-04-01 01:58:10,027 INFO All: mr:4251.2 mrr:21.95 hits:48.63
2020-04-01 01:58:10,030 INFO Declined in recent 2 epochs
2020-04-01 01:58:26,904 INFO [16.9] Epoch 90: loss = 1.1007
2020-04-01 01:58:43,475 INFO [16.6] Epoch 91: loss = 1.0409
2020-04-01 01:59:00,476 INFO [17.0] Epoch 92: loss = 1.0508
2020-04-01 01:59:19,663 INFO [19.2] Epoch 93: loss = 1.0367
2020-04-01 01:59:35,937 INFO [16.3] Epoch 94: loss = 1.0676
2020-04-01 01:59:51,782 INFO [15.8] Epoch 95: loss = 1.0359
2020-04-01 02:00:08,377 INFO [16.6] Epoch 96: loss = 1.0193
2020-04-01 02:00:24,115 INFO [15.7] Epoch 97: loss = 1.0296
2020-04-01 02:00:42,250 INFO [18.1] Epoch 98: loss = 1.0117
2020-04-01 02:01:00,393 INFO [18.1] Epoch 99: loss = 1.0195
2020-04-01 02:01:00,393 INFO Start Evaling...
2020-04-01 02:01:09,554 INFO Head: mr:5684.5 mrr:21.28 hits:46.90
2020-04-01 02:01:09,554 INFO Tail: mr:2830.6 mrr:22.49 hits:49.97
2020-04-01 02:01:09,554 INFO All: mr:4257.6 mrr:21.89 hits:48.43
2020-04-01 02:01:09,557 INFO Declined in recent 3 epochs
2020-04-01 02:01:26,767 INFO [17.2] Epoch 100: loss = 0.9931
2020-04-01 02:01:43,488 INFO [16.7] Epoch 101: loss = 1.0038
2020-04-01 02:01:59,607 INFO [16.1] Epoch 102: loss = 1.0237
2020-04-01 02:02:17,743 INFO [18.1] Epoch 103: loss = 0.9838
2020-04-01 02:02:35,508 INFO [17.8] Epoch 104: loss = 0.9757
2020-04-01 02:02:52,873 INFO [17.4] Epoch 105: loss = 1.0056
2020-04-01 02:03:10,137 INFO [17.3] Epoch 106: loss = 1.0101
2020-04-01 02:03:27,501 INFO [17.4] Epoch 107: loss = 0.9924
2020-04-01 02:03:44,518 INFO [17.0] Epoch 108: loss = 0.9765
2020-04-01 02:04:00,722 INFO [16.2] Epoch 109: loss = 0.9821
2020-04-01 02:04:00,723 INFO Start Evaling...
2020-04-01 02:04:10,043 INFO Head: mr:5760.6 mrr:21.34 hits:46.80
2020-04-01 02:04:10,044 INFO Tail: mr:2872.5 mrr:22.51 hits:50.13
2020-04-01 02:04:10,044 INFO All: mr:4316.6 mrr:21.93 hits:48.47
2020-04-01 02:04:10,046 INFO Declined in recent 4 epochs
2020-04-01 02:04:26,086 INFO [16.0] Epoch 110: loss = 0.9642
2020-04-01 02:04:41,849 INFO [15.8] Epoch 111: loss = 0.9567
2020-04-01 02:04:58,053 INFO [16.2] Epoch 112: loss = 0.9583
2020-04-01 02:05:14,686 INFO [16.6] Epoch 113: loss = 0.9745
2020-04-01 02:05:33,321 INFO [18.6] Epoch 114: loss = 0.9783
2020-04-01 02:05:51,179 INFO [17.9] Epoch 115: loss = 0.9567
2020-04-01 02:06:08,486 INFO [17.3] Epoch 116: loss = 0.9313
2020-04-01 02:06:26,148 INFO [17.7] Epoch 117: loss = 0.9280
2020-04-01 02:06:41,710 INFO [15.6] Epoch 118: loss = 0.9575
2020-04-01 02:06:57,671 INFO [16.0] Epoch 119: loss = 0.9409
2020-04-01 02:06:57,672 INFO Start Evaling...
2020-04-01 02:07:07,152 INFO Head: mr:5831.4 mrr:21.25 hits:46.87
2020-04-01 02:07:07,152 INFO Tail: mr:2913.8 mrr:22.39 hits:50.16
2020-04-01 02:07:07,152 INFO All: mr:4372.6 mrr:21.82 hits:48.52
2020-04-01 02:07:07,155 INFO Declined in recent 5 epochs
2020-04-01 02:07:07,155 INFO Early stopping
2020-04-01 02:07:07,155 INFO Train done
2020-04-01 02:07:07,167 INFO Start Evaling...
2020-04-01 02:07:16,712 INFO Head: mr:6022.7 mrr:21.50 hits:46.43
2020-04-01 02:07:16,714 INFO Tail: mr:2881.9 mrr:22.90 hits:51.31
2020-04-01 02:07:16,715 INFO All: mr:4452.3 mrr:22.20 hits:48.87
