2020-05-15 21:59:46,915 INFO EPOCH: 1000
2020-05-15 21:59:46,915 INFO EVERY: 10
2020-05-15 21:59:46,915 INFO LR: 0.001
2020-05-15 21:59:46,916 INFO DIM: 100
2020-05-15 21:59:46,916 INFO BATCH_SIZE: 256
2020-05-15 21:59:46,916 INFO BATCH_SIZE2: 100
2020-05-15 21:59:46,916 INFO P: 1
2020-05-15 21:59:46,916 INFO CLIPPING_MAX_VALUE: 4.0
2020-05-15 21:59:46,916 INFO OPTIM: Adam
2020-05-15 21:59:46,916 INFO N_SAMPLE: 100
2020-05-15 21:59:46,916 INFO MODE: grap
2020-05-15 21:59:46,916 INFO RATE: 0.01
2020-05-15 21:59:46,916 INFO GAMMA: 12.0
2020-05-15 21:59:46,916 INFO BERN: True
2020-05-15 21:59:46,916 INFO MARGIN: 4.0
2020-05-15 21:59:46,917 INFO REG: 1.0
2020-05-15 21:59:46,917 INFO LABEL_SMOOTH_EPS: 0.1
2020-05-15 21:59:46,917 INFO INPUT_DROP: 0.2
2020-05-15 21:59:46,917 INFO FEAT_DROP: 0.2
2020-05-15 21:59:46,917 INFO HIDD_DROP: 0.3
2020-05-15 21:59:46,917 INFO CHANNELS: 50
2020-05-15 21:59:46,917 INFO KERNEL_SIZE: 3
2020-05-15 21:59:46,917 INFO N_POOL: 100
2020-05-15 21:59:46,917 INFO MODEL_D: TransH
2020-05-15 21:59:46,917 INFO MODEL_G: DistMult
2020-05-15 21:59:46,917 INFO SCRATCH: False
2020-05-15 21:59:46,917 INFO D_FILE: None
2020-05-15 21:59:46,918 INFO G_FILE: None
2020-05-15 21:59:46,918 INFO PATH: data
2020-05-15 21:59:46,918 INFO DATA: WN18RR
2020-05-15 21:59:46,918 INFO EXP_PATH: experiment/WN18RR
2020-05-15 21:59:46,918 INFO MODEL: TransH
2020-05-15 21:59:46,918 INFO V: 1
2020-05-15 21:59:46,918 INFO F: True
2020-05-15 21:59:46,918 INFO EVAL: False
2020-05-15 21:59:46,918 INFO TRAINED: False
2020-05-15 21:59:46,918 INFO PRETRAINED_NAME: None
2020-05-15 21:59:46,918 INFO EXP_NAME: TransH-WN18RR-grap-1
2020-05-15 21:59:46,918 INFO --------------------------------------
2020-05-15 21:59:51,773 INFO Dataload done
2020-05-15 21:59:51,773 INFO --------------------------------------
2020-05-15 21:59:51,773 INFO N_ENTITY: 40943
2020-05-15 21:59:51,773 INFO N_RELATION: 11
2020-05-15 21:59:51,773 INFO --------------------------------------
2020-05-15 21:59:55,226 INFO Start Training...
2020-05-15 22:00:49,335 INFO [54.1] Epoch 0: loss = 323.2515
2020-05-15 22:01:43,206 INFO [53.9] Epoch 1: loss = 263.7872
2020-05-15 22:02:38,011 INFO [54.8] Epoch 2: loss = 220.6326
2020-05-15 22:03:32,550 INFO [54.5] Epoch 3: loss = 182.3177
2020-05-15 22:04:27,743 INFO [55.2] Epoch 4: loss = 148.0851
2020-05-15 22:05:22,662 INFO [54.9] Epoch 5: loss = 118.7104
2020-05-15 22:06:17,753 INFO [55.1] Epoch 6: loss = 94.2990
2020-05-15 22:07:12,149 INFO [54.4] Epoch 7: loss = 73.7670
2020-05-15 22:08:06,548 INFO [54.4] Epoch 8: loss = 57.5257
2020-05-15 22:09:01,388 INFO [54.8] Epoch 9: loss = 44.7517
2020-05-15 22:09:01,389 INFO Start Evaling...
2020-05-15 22:10:06,030 INFO Head: mr:9306.4 mrr:12.17 hits:31.74
2020-05-15 22:10:06,030 INFO Tail: mr:3752.9 mrr:13.98 hits:34.44
2020-05-15 22:10:06,030 INFO All: mr:6529.6 mrr:13.08 hits:33.09
2020-05-15 22:10:06,033 INFO Start Evaling...
2020-05-15 22:11:12,296 INFO Head: mr:9620.8 mrr:11.67 hits:30.70
2020-05-15 22:11:12,296 INFO Tail: mr:3511.3 mrr:13.77 hits:33.89
2020-05-15 22:11:12,296 INFO All: mr:6566.1 mrr:12.72 hits:32.29
2020-05-15 22:11:12,298 INFO Improved and model saved
2020-05-15 22:12:06,997 INFO [54.7] Epoch 10: loss = 35.1223
2020-05-15 22:13:02,294 INFO [55.3] Epoch 11: loss = 28.0631
2020-05-15 22:13:57,413 INFO [55.1] Epoch 12: loss = 22.9008
2020-05-15 22:14:52,262 INFO [54.8] Epoch 13: loss = 19.1214
2020-05-15 22:15:47,479 INFO [55.2] Epoch 14: loss = 16.3336
2020-05-15 22:16:41,552 INFO [54.1] Epoch 15: loss = 14.2607
2020-05-15 22:17:36,185 INFO [54.6] Epoch 16: loss = 12.6782
2020-05-15 22:18:31,392 INFO [55.2] Epoch 17: loss = 11.4622
2020-05-15 22:19:26,052 INFO [54.7] Epoch 18: loss = 10.5206
2020-05-15 22:20:20,445 INFO [54.4] Epoch 19: loss = 9.8061
2020-05-15 22:20:20,445 INFO Start Evaling...
2020-05-15 22:21:25,079 INFO Head: mr:6656.9 mrr:18.84 hits:43.64
2020-05-15 22:21:25,079 INFO Tail: mr:2879.4 mrr:20.91 hits:47.82
2020-05-15 22:21:25,079 INFO All: mr:4768.2 mrr:19.88 hits:45.73
2020-05-15 22:21:25,082 INFO Start Evaling...
2020-05-15 22:22:31,519 INFO Head: mr:7181.4 mrr:18.82 hits:43.91
2020-05-15 22:22:31,519 INFO Tail: mr:2909.6 mrr:21.51 hits:48.44
2020-05-15 22:22:31,519 INFO All: mr:5045.5 mrr:20.16 hits:46.17
2020-05-15 22:22:31,521 INFO Improved and model saved
2020-05-15 22:23:26,252 INFO [54.7] Epoch 20: loss = 9.2027
2020-05-15 22:24:21,176 INFO [54.9] Epoch 21: loss = 8.6943
2020-05-15 22:25:15,317 INFO [54.1] Epoch 22: loss = 8.3071
2020-05-15 22:26:10,300 INFO [55.0] Epoch 23: loss = 7.9097
2020-05-15 22:27:05,322 INFO [55.0] Epoch 24: loss = 7.6504
2020-05-15 22:28:00,309 INFO [55.0] Epoch 25: loss = 7.3772
2020-05-15 22:28:55,596 INFO [55.3] Epoch 26: loss = 7.1106
2020-05-15 22:29:50,213 INFO [54.6] Epoch 27: loss = 6.9510
2020-05-15 22:30:44,796 INFO [54.6] Epoch 28: loss = 6.7625
2020-05-15 22:31:38,658 INFO [53.9] Epoch 29: loss = 6.5859
2020-05-15 22:31:38,658 INFO Start Evaling...
2020-05-15 22:32:43,309 INFO Head: mr:6255.8 mrr:20.69 hits:46.11
2020-05-15 22:32:43,309 INFO Tail: mr:2701.0 mrr:22.90 hits:50.43
2020-05-15 22:32:43,310 INFO All: mr:4478.4 mrr:21.79 hits:48.27
2020-05-15 22:32:43,312 INFO Start Evaling...
2020-05-15 22:33:49,768 INFO Head: mr:6707.1 mrr:20.64 hits:46.62
2020-05-15 22:33:49,769 INFO Tail: mr:2754.9 mrr:23.55 hits:51.18
2020-05-15 22:33:49,769 INFO All: mr:4731.0 mrr:22.09 hits:48.90
2020-05-15 22:33:49,771 INFO Improved and model saved
2020-05-15 22:34:44,988 INFO [55.2] Epoch 30: loss = 6.4369
2020-05-15 22:35:40,138 INFO [55.1] Epoch 31: loss = 6.2805
2020-05-15 22:36:34,909 INFO [54.8] Epoch 32: loss = 6.1845
2020-05-15 22:37:29,967 INFO [55.1] Epoch 33: loss = 6.0638
2020-05-15 22:38:24,665 INFO [54.7] Epoch 34: loss = 5.9441
2020-05-15 22:39:19,321 INFO [54.7] Epoch 35: loss = 5.8657
2020-05-15 22:40:13,641 INFO [54.3] Epoch 36: loss = 5.7860
2020-05-15 22:41:08,406 INFO [54.8] Epoch 37: loss = 5.7032
2020-05-15 22:42:03,038 INFO [54.6] Epoch 38: loss = 5.6163
2020-05-15 22:42:57,698 INFO [54.7] Epoch 39: loss = 5.5399
2020-05-15 22:42:57,698 INFO Start Evaling...
2020-05-15 22:44:02,339 INFO Head: mr:6111.6 mrr:21.41 hits:46.74
2020-05-15 22:44:02,339 INFO Tail: mr:2625.3 mrr:23.48 hits:51.48
2020-05-15 22:44:02,339 INFO All: mr:4368.4 mrr:22.44 hits:49.11
2020-05-15 22:44:02,342 INFO Start Evaling...
2020-05-15 22:45:08,781 INFO Head: mr:6552.8 mrr:21.32 hits:46.78
2020-05-15 22:45:08,781 INFO Tail: mr:2697.8 mrr:24.46 hits:51.98
2020-05-15 22:45:08,781 INFO All: mr:4625.3 mrr:22.89 hits:49.38
2020-05-15 22:45:08,783 INFO Improved and model saved
2020-05-15 22:46:03,191 INFO [54.4] Epoch 40: loss = 5.4618
2020-05-15 22:46:57,882 INFO [54.7] Epoch 41: loss = 5.3966
2020-05-15 22:47:52,291 INFO [54.4] Epoch 42: loss = 5.3450
2020-05-15 22:48:46,502 INFO [54.2] Epoch 43: loss = 5.2837
2020-05-15 22:49:41,704 INFO [55.2] Epoch 44: loss = 5.2252
2020-05-15 22:50:36,134 INFO [54.4] Epoch 45: loss = 5.1602
2020-05-15 22:51:30,315 INFO [54.2] Epoch 46: loss = 5.0966
2020-05-15 22:52:24,612 INFO [54.3] Epoch 47: loss = 5.0957
2020-05-15 22:53:19,210 INFO [54.6] Epoch 48: loss = 5.0710
2020-05-15 22:54:13,261 INFO [54.1] Epoch 49: loss = 4.9998
2020-05-15 22:54:13,261 INFO Start Evaling...
2020-05-15 22:55:17,885 INFO Head: mr:6080.4 mrr:21.43 hits:47.17
2020-05-15 22:55:17,885 INFO Tail: mr:2623.0 mrr:23.89 hits:51.91
2020-05-15 22:55:17,886 INFO All: mr:4351.7 mrr:22.66 hits:49.54
2020-05-15 22:55:17,888 INFO Start Evaling...
2020-05-15 22:56:24,308 INFO Head: mr:6489.2 mrr:21.61 hits:46.84
2020-05-15 22:56:24,308 INFO Tail: mr:2706.3 mrr:24.93 hits:52.23
2020-05-15 22:56:24,308 INFO All: mr:4597.8 mrr:23.27 hits:49.54
2020-05-15 22:56:24,310 INFO Improved and model saved
2020-05-15 22:57:19,605 INFO [55.3] Epoch 50: loss = 4.9683
2020-05-15 22:58:14,595 INFO [55.0] Epoch 51: loss = 4.9407
2020-05-15 22:59:08,458 INFO [53.9] Epoch 52: loss = 4.9227
2020-05-15 23:00:02,863 INFO [54.4] Epoch 53: loss = 4.8841
2020-05-15 23:00:57,822 INFO [55.0] Epoch 54: loss = 4.8156
2020-05-15 23:01:51,956 INFO [54.1] Epoch 55: loss = 4.8096
2020-05-15 23:02:46,627 INFO [54.7] Epoch 56: loss = 4.7226
2020-05-15 23:03:41,232 INFO [54.6] Epoch 57: loss = 4.7225
2020-05-15 23:04:35,395 INFO [54.2] Epoch 58: loss = 4.7128
2020-05-15 23:05:29,698 INFO [54.3] Epoch 59: loss = 4.7046
2020-05-15 23:05:29,698 INFO Start Evaling...
2020-05-15 23:06:34,143 INFO Head: mr:6051.6 mrr:22.20 hits:47.10
2020-05-15 23:06:34,143 INFO Tail: mr:2624.7 mrr:23.94 hits:51.68
2020-05-15 23:06:34,143 INFO All: mr:4338.1 mrr:23.07 hits:49.39
2020-05-15 23:06:34,145 INFO Start Evaling...
2020-05-15 23:07:40,568 INFO Head: mr:6448.8 mrr:21.72 hits:46.97
2020-05-15 23:07:40,568 INFO Tail: mr:2755.2 mrr:24.74 hits:52.30
2020-05-15 23:07:40,568 INFO All: mr:4602.0 mrr:23.23 hits:49.63
2020-05-15 23:07:40,570 INFO Improved and model saved
2020-05-15 23:08:35,620 INFO [55.0] Epoch 60: loss = 4.6537
2020-05-15 23:09:29,571 INFO [54.0] Epoch 61: loss = 4.6322
2020-05-15 23:10:24,040 INFO [54.5] Epoch 62: loss = 4.6055
2020-05-15 23:11:18,601 INFO [54.6] Epoch 63: loss = 4.5301
2020-05-15 23:12:13,136 INFO [54.5] Epoch 64: loss = 4.5725
2020-05-15 23:13:08,022 INFO [54.9] Epoch 65: loss = 4.5058
2020-05-15 23:14:03,268 INFO [55.2] Epoch 66: loss = 4.4915
2020-05-15 23:14:57,543 INFO [54.3] Epoch 67: loss = 4.5173
2020-05-15 23:15:51,793 INFO [54.2] Epoch 68: loss = 4.4366
2020-05-15 23:16:46,518 INFO [54.7] Epoch 69: loss = 4.4231
2020-05-15 23:16:46,519 INFO Start Evaling...
2020-05-15 23:17:51,143 INFO Head: mr:6038.3 mrr:22.17 hits:47.50
2020-05-15 23:17:51,143 INFO Tail: mr:2651.1 mrr:23.98 hits:51.98
2020-05-15 23:17:51,143 INFO All: mr:4344.7 mrr:23.08 hits:49.74
2020-05-15 23:17:51,146 INFO Start Evaling...
2020-05-15 23:18:57,581 INFO Head: mr:6430.1 mrr:21.64 hits:46.87
2020-05-15 23:18:57,581 INFO Tail: mr:2809.1 mrr:24.78 hits:52.01
2020-05-15 23:18:57,581 INFO All: mr:4619.6 mrr:23.21 hits:49.44
2020-05-15 23:18:57,583 INFO Improved and model saved
2020-05-15 23:19:52,895 INFO [55.3] Epoch 70: loss = 4.4328
2020-05-15 23:20:47,846 INFO [55.0] Epoch 71: loss = 4.4274
2020-05-15 23:21:42,920 INFO [55.1] Epoch 72: loss = 4.3847
2020-05-15 23:22:38,096 INFO [55.2] Epoch 73: loss = 4.3706
2020-05-15 23:23:32,597 INFO [54.5] Epoch 74: loss = 4.3776
2020-05-15 23:24:27,608 INFO [55.0] Epoch 75: loss = 4.3648
2020-05-15 23:25:22,661 INFO [55.1] Epoch 76: loss = 4.3462
2020-05-15 23:26:17,422 INFO [54.8] Epoch 77: loss = 4.3195
2020-05-15 23:27:12,391 INFO [55.0] Epoch 78: loss = 4.3183
2020-05-15 23:28:07,379 INFO [55.0] Epoch 79: loss = 4.2794
2020-05-15 23:28:07,380 INFO Start Evaling...
2020-05-15 23:29:12,006 INFO Head: mr:6031.7 mrr:22.11 hits:46.54
2020-05-15 23:29:12,006 INFO Tail: mr:2683.0 mrr:24.07 hits:51.78
2020-05-15 23:29:12,007 INFO All: mr:4357.3 mrr:23.09 hits:49.16
2020-05-15 23:29:12,009 INFO Start Evaling...
2020-05-15 23:30:18,443 INFO Head: mr:6465.6 mrr:21.65 hits:46.27
2020-05-15 23:30:18,444 INFO Tail: mr:2872.5 mrr:24.70 hits:52.17
2020-05-15 23:30:18,444 INFO All: mr:4669.0 mrr:23.18 hits:49.22
2020-05-15 23:30:18,446 INFO Improved and model saved
2020-05-15 23:31:13,266 INFO [54.8] Epoch 80: loss = 4.2414
2020-05-15 23:32:07,051 INFO [53.8] Epoch 81: loss = 4.2115
2020-05-15 23:33:01,655 INFO [54.6] Epoch 82: loss = 4.2306
2020-05-15 23:33:56,474 INFO [54.8] Epoch 83: loss = 4.2194
2020-05-15 23:34:51,187 INFO [54.7] Epoch 84: loss = 4.2317
2020-05-15 23:35:46,045 INFO [54.9] Epoch 85: loss = 4.2245
2020-05-15 23:36:41,018 INFO [55.0] Epoch 86: loss = 4.1887
2020-05-15 23:37:35,609 INFO [54.6] Epoch 87: loss = 4.1626
2020-05-15 23:38:30,050 INFO [54.4] Epoch 88: loss = 4.1440
2020-05-15 23:39:24,868 INFO [54.8] Epoch 89: loss = 4.1585
2020-05-15 23:39:24,868 INFO Start Evaling...
2020-05-15 23:40:29,300 INFO Head: mr:6043.9 mrr:22.25 hits:46.80
2020-05-15 23:40:29,300 INFO Tail: mr:2798.4 mrr:24.35 hits:52.24
2020-05-15 23:40:29,300 INFO All: mr:4421.2 mrr:23.30 hits:49.52
2020-05-15 23:40:29,303 INFO Start Evaling...
2020-05-15 23:41:35,537 INFO Head: mr:6461.2 mrr:21.78 hits:46.01
2020-05-15 23:41:35,537 INFO Tail: mr:2958.2 mrr:24.75 hits:51.69
2020-05-15 23:41:35,537 INFO All: mr:4709.7 mrr:23.27 hits:48.85
2020-05-15 23:41:35,539 INFO Improved and model saved
2020-05-15 23:42:30,391 INFO [54.8] Epoch 90: loss = 4.1098
2020-05-15 23:43:24,806 INFO [54.4] Epoch 91: loss = 4.1303
2020-05-15 23:44:20,012 INFO [55.2] Epoch 92: loss = 4.1419
2020-05-15 23:45:15,176 INFO [55.2] Epoch 93: loss = 4.0981
2020-05-15 23:46:10,232 INFO [55.1] Epoch 94: loss = 4.0883
2020-05-15 23:47:04,768 INFO [54.5] Epoch 95: loss = 4.0723
2020-05-15 23:48:00,127 INFO [55.4] Epoch 96: loss = 4.0923
2020-05-15 23:48:55,211 INFO [55.1] Epoch 97: loss = 4.0684
2020-05-15 23:49:49,610 INFO [54.4] Epoch 98: loss = 4.0664
2020-05-15 23:50:44,616 INFO [55.0] Epoch 99: loss = 4.0328
2020-05-15 23:50:44,616 INFO Start Evaling...
2020-05-15 23:51:49,261 INFO Head: mr:6104.3 mrr:22.21 hits:46.70
2020-05-15 23:51:49,262 INFO Tail: mr:2854.2 mrr:24.08 hits:51.62
2020-05-15 23:51:49,262 INFO All: mr:4479.2 mrr:23.14 hits:49.16
2020-05-15 23:51:49,264 INFO Start Evaling...
2020-05-15 23:52:55,713 INFO Head: mr:6468.3 mrr:21.67 hits:45.63
2020-05-15 23:52:55,713 INFO Tail: mr:3022.7 mrr:24.70 hits:51.66
2020-05-15 23:52:55,714 INFO All: mr:4745.5 mrr:23.18 hits:48.64
2020-05-15 23:52:55,716 INFO Declined in recent 1 epochs
2020-05-15 23:53:50,931 INFO [55.2] Epoch 100: loss = 4.0403
2020-05-15 23:54:45,414 INFO [54.5] Epoch 101: loss = 4.0560
2020-05-15 23:55:40,317 INFO [54.9] Epoch 102: loss = 4.0002
2020-05-15 23:56:34,906 INFO [54.6] Epoch 103: loss = 3.9932
2020-05-15 23:57:29,307 INFO [54.4] Epoch 104: loss = 4.0047
2020-05-15 23:58:24,342 INFO [55.0] Epoch 105: loss = 3.9568
2020-05-15 23:59:19,641 INFO [55.3] Epoch 106: loss = 3.9806
2020-05-16 00:00:14,968 INFO [55.3] Epoch 107: loss = 3.9327
2020-05-16 00:01:09,960 INFO [55.0] Epoch 108: loss = 3.9580
2020-05-16 00:02:04,953 INFO [55.0] Epoch 109: loss = 3.9867
2020-05-16 00:02:04,953 INFO Start Evaling...
2020-05-16 00:03:09,433 INFO Head: mr:6125.1 mrr:22.11 hits:46.47
2020-05-16 00:03:09,433 INFO Tail: mr:2911.2 mrr:24.19 hits:51.22
2020-05-16 00:03:09,434 INFO All: mr:4518.1 mrr:23.15 hits:48.85
2020-05-16 00:03:09,436 INFO Start Evaling...
2020-05-16 00:04:15,718 INFO Head: mr:6502.2 mrr:21.65 hits:45.63
2020-05-16 00:04:15,718 INFO Tail: mr:3086.8 mrr:24.48 hits:51.21
2020-05-16 00:04:15,718 INFO All: mr:4794.5 mrr:23.06 hits:48.42
2020-05-16 00:04:15,720 INFO Declined in recent 2 epochs
2020-05-16 00:05:10,439 INFO [54.7] Epoch 110: loss = 3.9330
2020-05-16 00:06:04,353 INFO [53.9] Epoch 111: loss = 3.9172
2020-05-16 00:06:59,433 INFO [55.1] Epoch 112: loss = 3.9402
2020-05-16 00:07:54,324 INFO [54.9] Epoch 113: loss = 3.9116
2020-05-16 00:08:49,680 INFO [55.4] Epoch 114: loss = 3.9225
2020-05-16 00:09:44,994 INFO [55.3] Epoch 115: loss = 3.8536
2020-05-16 00:10:39,903 INFO [54.9] Epoch 116: loss = 3.8802
2020-05-16 00:11:34,766 INFO [54.9] Epoch 117: loss = 3.9145
2020-05-16 00:12:29,292 INFO [54.5] Epoch 118: loss = 3.9317
2020-05-16 00:13:23,869 INFO [54.6] Epoch 119: loss = 3.8598
2020-05-16 00:13:23,870 INFO Start Evaling...
2020-05-16 00:14:28,515 INFO Head: mr:6152.3 mrr:22.05 hits:46.11
2020-05-16 00:14:28,515 INFO Tail: mr:2966.7 mrr:24.21 hits:50.99
2020-05-16 00:14:28,515 INFO All: mr:4559.5 mrr:23.13 hits:48.55
2020-05-16 00:14:28,517 INFO Start Evaling...
2020-05-16 00:15:34,975 INFO Head: mr:6563.9 mrr:21.56 hits:45.25
2020-05-16 00:15:34,976 INFO Tail: mr:3167.3 mrr:24.47 hits:51.08
2020-05-16 00:15:34,976 INFO All: mr:4865.6 mrr:23.02 hits:48.17
2020-05-16 00:15:34,978 INFO Declined in recent 3 epochs
2020-05-16 00:16:29,929 INFO [55.0] Epoch 120: loss = 3.8697
2020-05-16 00:17:24,355 INFO [54.4] Epoch 121: loss = 3.8594
2020-05-16 00:18:19,014 INFO [54.7] Epoch 122: loss = 3.8390
2020-05-16 00:19:13,669 INFO [54.7] Epoch 123: loss = 3.8351
2020-05-16 00:20:08,773 INFO [55.1] Epoch 124: loss = 3.8663
2020-05-16 00:21:03,034 INFO [54.3] Epoch 125: loss = 3.8341
2020-05-16 00:21:57,437 INFO [54.4] Epoch 126: loss = 3.8266
2020-05-16 00:22:52,468 INFO [55.0] Epoch 127: loss = 3.8121
2020-05-16 00:23:46,954 INFO [54.5] Epoch 128: loss = 3.8024
2020-05-16 00:24:41,460 INFO [54.5] Epoch 129: loss = 3.8002
2020-05-16 00:24:41,460 INFO Start Evaling...
2020-05-16 00:25:46,105 INFO Head: mr:6201.3 mrr:22.21 hits:45.81
2020-05-16 00:25:46,105 INFO Tail: mr:3047.4 mrr:24.01 hits:50.73
2020-05-16 00:25:46,105 INFO All: mr:4624.3 mrr:23.11 hits:48.27
2020-05-16 00:25:46,107 INFO Start Evaling...
2020-05-16 00:26:52,572 INFO Head: mr:6587.6 mrr:21.53 hits:45.05
2020-05-16 00:26:52,572 INFO Tail: mr:3238.1 mrr:24.20 hits:50.86
2020-05-16 00:26:52,572 INFO All: mr:4912.9 mrr:22.86 hits:47.96
2020-05-16 00:26:52,574 INFO Declined in recent 4 epochs
2020-05-16 00:27:47,285 INFO [54.7] Epoch 130: loss = 3.8109
2020-05-16 00:28:42,218 INFO [54.9] Epoch 131: loss = 3.7798
2020-05-16 00:29:36,282 INFO [54.1] Epoch 132: loss = 3.8060
2020-05-16 00:30:30,894 INFO [54.6] Epoch 133: loss = 3.8092
2020-05-16 00:31:25,722 INFO [54.8] Epoch 134: loss = 3.7738
2020-05-16 00:32:20,312 INFO [54.6] Epoch 135: loss = 3.7703
2020-05-16 00:33:14,974 INFO [54.7] Epoch 136: loss = 3.7550
2020-05-16 00:34:09,853 INFO [54.9] Epoch 137: loss = 3.7571
2020-05-16 00:35:04,069 INFO [54.2] Epoch 138: loss = 3.7208
2020-05-16 00:35:58,366 INFO [54.3] Epoch 139: loss = 3.7667
2020-05-16 00:35:58,366 INFO Start Evaling...
2020-05-16 00:37:02,847 INFO Head: mr:6248.6 mrr:21.98 hits:46.01
2020-05-16 00:37:02,847 INFO Tail: mr:3131.3 mrr:24.04 hits:50.43
2020-05-16 00:37:02,847 INFO All: mr:4690.0 mrr:23.01 hits:48.22
2020-05-16 00:37:02,850 INFO Start Evaling...
2020-05-16 00:38:09,135 INFO Head: mr:6635.8 mrr:21.50 hits:45.25
2020-05-16 00:38:09,135 INFO Tail: mr:3324.6 mrr:24.11 hits:50.48
2020-05-16 00:38:09,135 INFO All: mr:4980.2 mrr:22.81 hits:47.86
2020-05-16 00:38:09,137 INFO Declined in recent 5 epochs
2020-05-16 00:38:09,137 INFO Early stopping
2020-05-16 00:38:09,137 INFO Train done
2020-05-16 00:38:09,151 INFO Start Evaling...
2020-05-16 00:39:15,437 INFO Head: mr:6461.2 mrr:21.78 hits:46.01
2020-05-16 00:39:15,438 INFO Tail: mr:2958.2 mrr:24.75 hits:51.69
2020-05-16 00:39:15,438 INFO All: mr:4709.7 mrr:23.27 hits:48.85
