2020-05-17 00:52:57,239 INFO EPOCH: 1000
2020-05-17 00:52:57,240 INFO EVERY: 10
2020-05-17 00:52:57,240 INFO LR: 0.001
2020-05-17 00:52:57,240 INFO DIM: 100
2020-05-17 00:52:57,240 INFO BATCH_SIZE: 256
2020-05-17 00:52:57,240 INFO BATCH_SIZE2: 100
2020-05-17 00:52:57,240 INFO P: 1
2020-05-17 00:52:57,240 INFO CLIPPING_MAX_VALUE: 4.0
2020-05-17 00:52:57,240 INFO OPTIM: Adam
2020-05-17 00:52:57,240 INFO N_SAMPLE: 10
2020-05-17 00:52:57,240 INFO MODE: grap
2020-05-17 00:52:57,241 INFO RATE: 0.01
2020-05-17 00:52:57,241 INFO GAMMA: 12.0
2020-05-17 00:52:57,241 INFO BERN: True
2020-05-17 00:52:57,241 INFO MARGIN: 4.0
2020-05-17 00:52:57,241 INFO REG: 1.0
2020-05-17 00:52:57,241 INFO LABEL_SMOOTH_EPS: 0.1
2020-05-17 00:52:57,241 INFO INPUT_DROP: 0.2
2020-05-17 00:52:57,241 INFO FEAT_DROP: 0.2
2020-05-17 00:52:57,241 INFO HIDD_DROP: 0.3
2020-05-17 00:52:57,241 INFO CHANNELS: 50
2020-05-17 00:52:57,241 INFO KERNEL_SIZE: 3
2020-05-17 00:52:57,241 INFO N_POOL: 100
2020-05-17 00:52:57,242 INFO MODEL_D: TransH
2020-05-17 00:52:57,242 INFO MODEL_G: DistMult
2020-05-17 00:52:57,242 INFO SCRATCH: False
2020-05-17 00:52:57,242 INFO D_FILE: None
2020-05-17 00:52:57,242 INFO G_FILE: None
2020-05-17 00:52:57,242 INFO PATH: data
2020-05-17 00:52:57,242 INFO DATA: WN18RR
2020-05-17 00:52:57,242 INFO EXP_PATH: experiment/WN18RR
2020-05-17 00:52:57,242 INFO MODEL: TransH
2020-05-17 00:52:57,242 INFO V: -10.01
2020-05-17 00:52:57,242 INFO F: True
2020-05-17 00:52:57,243 INFO EVAL: False
2020-05-17 00:52:57,243 INFO TRAINED: False
2020-05-17 00:52:57,243 INFO PRETRAINED_NAME: None
2020-05-17 00:52:57,243 INFO EXP_NAME: TransH-WN18RR-grap--10.01
2020-05-17 00:52:57,243 INFO --------------------------------------
2020-05-17 00:53:02,087 INFO Dataload done
2020-05-17 00:53:02,087 INFO --------------------------------------
2020-05-17 00:53:02,087 INFO N_ENTITY: 40943
2020-05-17 00:53:02,087 INFO N_RELATION: 11
2020-05-17 00:53:02,087 INFO --------------------------------------
2020-05-17 00:53:05,533 INFO Start Training...
2020-05-17 00:53:28,759 INFO [23.2] Epoch 0: loss = 327.0685
2020-05-17 00:53:51,826 INFO [23.1] Epoch 1: loss = 280.7967
2020-05-17 00:54:15,518 INFO [23.7] Epoch 2: loss = 242.7456
2020-05-17 00:54:39,214 INFO [23.7] Epoch 3: loss = 206.8387
2020-05-17 00:55:03,250 INFO [24.0] Epoch 4: loss = 173.8205
2020-05-17 00:55:27,058 INFO [23.8] Epoch 5: loss = 144.2084
2020-05-17 00:55:50,841 INFO [23.8] Epoch 6: loss = 117.9548
2020-05-17 00:56:14,699 INFO [23.9] Epoch 7: loss = 95.8744
2020-05-17 00:56:37,914 INFO [23.2] Epoch 8: loss = 77.5048
2020-05-17 00:57:01,822 INFO [23.9] Epoch 9: loss = 62.3764
2020-05-17 00:57:01,823 INFO Start Evaling...
2020-05-17 00:58:06,492 INFO Head: mr:9248.9 mrr:12.21 hits:31.11
2020-05-17 00:58:06,492 INFO Tail: mr:4031.5 mrr:14.13 hits:34.08
2020-05-17 00:58:06,492 INFO All: mr:6640.2 mrr:13.17 hits:32.60
2020-05-17 00:58:06,494 INFO Start Evaling...
2020-05-17 00:59:12,980 INFO Head: mr:9691.2 mrr:11.84 hits:30.06
2020-05-17 00:59:12,980 INFO Tail: mr:3904.9 mrr:13.76 hits:33.92
2020-05-17 00:59:12,980 INFO All: mr:6798.0 mrr:12.80 hits:31.99
2020-05-17 00:59:12,982 INFO Improved and model saved
2020-05-17 00:59:36,741 INFO [23.7] Epoch 10: loss = 50.3326
2020-05-17 01:00:01,197 INFO [24.5] Epoch 11: loss = 40.8493
2020-05-17 01:00:25,055 INFO [23.9] Epoch 12: loss = 33.3772
2020-05-17 01:00:48,517 INFO [23.5] Epoch 13: loss = 27.7874
2020-05-17 01:01:12,230 INFO [23.7] Epoch 14: loss = 23.3911
2020-05-17 01:01:35,426 INFO [23.2] Epoch 15: loss = 20.1008
2020-05-17 01:01:58,953 INFO [23.5] Epoch 16: loss = 17.5981
2020-05-17 01:02:22,482 INFO [23.5] Epoch 17: loss = 15.5057
2020-05-17 01:02:46,468 INFO [24.0] Epoch 18: loss = 13.9769
2020-05-17 01:03:10,013 INFO [23.5] Epoch 19: loss = 12.7029
2020-05-17 01:03:10,014 INFO Start Evaling...
2020-05-17 01:04:14,526 INFO Head: mr:6901.7 mrr:17.27 hits:42.25
2020-05-17 01:04:14,526 INFO Tail: mr:3277.5 mrr:18.93 hits:45.32
2020-05-17 01:04:14,526 INFO All: mr:5089.6 mrr:18.10 hits:43.79
2020-05-17 01:04:14,529 INFO Start Evaling...
2020-05-17 01:05:20,870 INFO Head: mr:7486.3 mrr:16.82 hits:41.51
2020-05-17 01:05:20,871 INFO Tail: mr:3331.1 mrr:19.41 hits:45.79
2020-05-17 01:05:20,871 INFO All: mr:5408.7 mrr:18.11 hits:43.65
2020-05-17 01:05:20,873 INFO Improved and model saved
2020-05-17 01:05:44,349 INFO [23.4] Epoch 20: loss = 11.7078
2020-05-17 01:06:08,256 INFO [23.9] Epoch 21: loss = 11.1548
2020-05-17 01:06:31,661 INFO [23.4] Epoch 22: loss = 10.4355
2020-05-17 01:06:55,521 INFO [23.9] Epoch 23: loss = 9.8705
2020-05-17 01:07:19,406 INFO [23.9] Epoch 24: loss = 9.3698
2020-05-17 01:07:43,399 INFO [24.0] Epoch 25: loss = 8.9994
2020-05-17 01:08:06,917 INFO [23.5] Epoch 26: loss = 8.6504
2020-05-17 01:08:30,916 INFO [24.0] Epoch 27: loss = 8.3382
2020-05-17 01:08:54,836 INFO [23.9] Epoch 28: loss = 8.1587
2020-05-17 01:09:17,876 INFO [23.0] Epoch 29: loss = 7.9179
2020-05-17 01:09:17,876 INFO Start Evaling...
2020-05-17 01:10:22,397 INFO Head: mr:6233.4 mrr:19.50 hits:45.15
2020-05-17 01:10:22,397 INFO Tail: mr:3000.6 mrr:21.53 hits:49.21
2020-05-17 01:10:22,397 INFO All: mr:4617.0 mrr:20.52 hits:47.18
2020-05-17 01:10:22,400 INFO Start Evaling...
2020-05-17 01:11:28,744 INFO Head: mr:6689.8 mrr:19.27 hits:45.09
2020-05-17 01:11:28,744 INFO Tail: mr:3149.1 mrr:21.73 hits:49.52
2020-05-17 01:11:28,744 INFO All: mr:4919.4 mrr:20.50 hits:47.30
2020-05-17 01:11:28,746 INFO Improved and model saved
2020-05-17 01:11:52,268 INFO [23.5] Epoch 30: loss = 7.6915
2020-05-17 01:12:15,802 INFO [23.5] Epoch 31: loss = 7.5432
2020-05-17 01:12:39,820 INFO [24.0] Epoch 32: loss = 7.3956
2020-05-17 01:13:03,853 INFO [24.0] Epoch 33: loss = 7.1915
2020-05-17 01:13:27,731 INFO [23.9] Epoch 34: loss = 7.0276
2020-05-17 01:13:51,722 INFO [24.0] Epoch 35: loss = 6.9783
2020-05-17 01:14:14,954 INFO [23.2] Epoch 36: loss = 6.9516
2020-05-17 01:14:39,022 INFO [24.1] Epoch 37: loss = 6.6894
2020-05-17 01:15:02,974 INFO [24.0] Epoch 38: loss = 6.6073
2020-05-17 01:15:26,045 INFO [23.1] Epoch 39: loss = 6.5926
2020-05-17 01:15:26,045 INFO Start Evaling...
2020-05-17 01:16:30,732 INFO Head: mr:6048.0 mrr:20.59 hits:46.64
2020-05-17 01:16:30,732 INFO Tail: mr:2881.0 mrr:22.54 hits:50.53
2020-05-17 01:16:30,733 INFO All: mr:4464.5 mrr:21.56 hits:48.58
2020-05-17 01:16:30,735 INFO Start Evaling...
2020-05-17 01:17:37,244 INFO Head: mr:6453.8 mrr:20.39 hits:45.63
2020-05-17 01:17:37,244 INFO Tail: mr:3047.7 mrr:22.91 hits:50.89
2020-05-17 01:17:37,244 INFO All: mr:4750.7 mrr:21.65 hits:48.26
2020-05-17 01:17:37,247 INFO Improved and model saved
2020-05-17 01:18:01,044 INFO [23.8] Epoch 40: loss = 6.5066
2020-05-17 01:18:24,783 INFO [23.7] Epoch 41: loss = 6.4635
2020-05-17 01:18:48,640 INFO [23.9] Epoch 42: loss = 6.3483
2020-05-17 01:19:11,606 INFO [23.0] Epoch 43: loss = 6.3325
2020-05-17 01:19:35,609 INFO [24.0] Epoch 44: loss = 6.2390
2020-05-17 01:19:59,125 INFO [23.5] Epoch 45: loss = 6.1112
2020-05-17 01:20:22,159 INFO [23.0] Epoch 46: loss = 6.0452
2020-05-17 01:20:45,872 INFO [23.7] Epoch 47: loss = 5.8566
2020-05-17 01:21:09,244 INFO [23.4] Epoch 48: loss = 6.0434
2020-05-17 01:21:32,257 INFO [23.0] Epoch 49: loss = 6.0493
2020-05-17 01:21:32,257 INFO Start Evaling...
2020-05-17 01:22:36,772 INFO Head: mr:6025.4 mrr:21.44 hits:46.74
2020-05-17 01:22:36,772 INFO Tail: mr:2844.3 mrr:23.03 hits:50.92
2020-05-17 01:22:36,772 INFO All: mr:4434.8 mrr:22.24 hits:48.83
2020-05-17 01:22:36,774 INFO Start Evaling...
2020-05-17 01:23:43,270 INFO Head: mr:6309.0 mrr:21.05 hits:46.55
2020-05-17 01:23:43,270 INFO Tail: mr:2973.9 mrr:23.23 hits:51.75
2020-05-17 01:23:43,270 INFO All: mr:4641.4 mrr:22.14 hits:49.15
2020-05-17 01:23:43,272 INFO Improved and model saved
2020-05-17 01:24:07,069 INFO [23.8] Epoch 50: loss = 5.9036
2020-05-17 01:24:30,619 INFO [23.6] Epoch 51: loss = 5.8209
2020-05-17 01:24:54,032 INFO [23.4] Epoch 52: loss = 5.7354
2020-05-17 01:25:17,886 INFO [23.9] Epoch 53: loss = 5.6588
2020-05-17 01:25:41,681 INFO [23.8] Epoch 54: loss = 5.6512
2020-05-17 01:26:05,181 INFO [23.5] Epoch 55: loss = 5.6780
2020-05-17 01:26:29,040 INFO [23.9] Epoch 56: loss = 5.5686
2020-05-17 01:26:53,047 INFO [24.0] Epoch 57: loss = 5.4520
2020-05-17 01:27:16,113 INFO [23.1] Epoch 58: loss = 5.5141
2020-05-17 01:27:40,021 INFO [23.9] Epoch 59: loss = 5.4728
2020-05-17 01:27:40,022 INFO Start Evaling...
2020-05-17 01:28:44,552 INFO Head: mr:5963.4 mrr:21.65 hits:47.46
2020-05-17 01:28:44,552 INFO Tail: mr:2815.5 mrr:23.16 hits:50.96
2020-05-17 01:28:44,552 INFO All: mr:4389.4 mrr:22.40 hits:49.21
2020-05-17 01:28:44,555 INFO Start Evaling...
2020-05-17 01:29:50,910 INFO Head: mr:6249.5 mrr:21.23 hits:46.71
2020-05-17 01:29:50,911 INFO Tail: mr:2989.7 mrr:23.67 hits:51.98
2020-05-17 01:29:50,911 INFO All: mr:4619.6 mrr:22.45 hits:49.35
2020-05-17 01:29:50,913 INFO Improved and model saved
2020-05-17 01:30:14,461 INFO [23.5] Epoch 60: loss = 5.4485
2020-05-17 01:30:37,880 INFO [23.4] Epoch 61: loss = 5.4086
2020-05-17 01:31:01,750 INFO [23.9] Epoch 62: loss = 5.3641
2020-05-17 01:31:25,766 INFO [24.0] Epoch 63: loss = 5.4314
2020-05-17 01:31:49,152 INFO [23.4] Epoch 64: loss = 5.3994
2020-05-17 01:32:12,591 INFO [23.4] Epoch 65: loss = 5.3216
2020-05-17 01:32:36,618 INFO [24.0] Epoch 66: loss = 5.2136
2020-05-17 01:32:59,745 INFO [23.1] Epoch 67: loss = 5.3500
2020-05-17 01:33:23,238 INFO [23.5] Epoch 68: loss = 5.1592
2020-05-17 01:33:47,158 INFO [23.9] Epoch 69: loss = 5.2904
2020-05-17 01:33:47,158 INFO Start Evaling...
2020-05-17 01:34:51,848 INFO Head: mr:5941.9 mrr:21.94 hits:47.46
2020-05-17 01:34:51,848 INFO Tail: mr:2832.0 mrr:23.58 hits:51.09
2020-05-17 01:34:51,849 INFO All: mr:4386.9 mrr:22.76 hits:49.27
2020-05-17 01:34:51,851 INFO Start Evaling...
2020-05-17 01:35:58,370 INFO Head: mr:6270.8 mrr:21.55 hits:47.13
2020-05-17 01:35:58,371 INFO Tail: mr:3022.0 mrr:24.09 hits:51.85
2020-05-17 01:35:58,371 INFO All: mr:4646.4 mrr:22.82 hits:49.49
2020-05-17 01:35:58,373 INFO Improved and model saved
2020-05-17 01:36:21,819 INFO [23.4] Epoch 70: loss = 5.3539
2020-05-17 01:36:45,364 INFO [23.5] Epoch 71: loss = 5.1021
2020-05-17 01:37:09,255 INFO [23.9] Epoch 72: loss = 5.1487
2020-05-17 01:37:32,673 INFO [23.4] Epoch 73: loss = 5.0963
2020-05-17 01:37:56,599 INFO [23.9] Epoch 74: loss = 5.1566
2020-05-17 01:38:20,486 INFO [23.9] Epoch 75: loss = 5.2223
2020-05-17 01:38:44,024 INFO [23.5] Epoch 76: loss = 4.9680
2020-05-17 01:39:07,820 INFO [23.8] Epoch 77: loss = 5.0010
2020-05-17 01:39:31,369 INFO [23.5] Epoch 78: loss = 5.0915
2020-05-17 01:39:54,918 INFO [23.5] Epoch 79: loss = 4.9728
2020-05-17 01:39:54,918 INFO Start Evaling...
2020-05-17 01:40:59,767 INFO Head: mr:5969.3 mrr:21.69 hits:47.82
2020-05-17 01:40:59,768 INFO Tail: mr:2853.0 mrr:23.34 hits:51.29
2020-05-17 01:40:59,768 INFO All: mr:4411.2 mrr:22.52 hits:49.56
2020-05-17 01:40:59,770 INFO Start Evaling...
2020-05-17 01:42:06,452 INFO Head: mr:6186.7 mrr:21.63 hits:47.29
2020-05-17 01:42:06,452 INFO Tail: mr:3071.4 mrr:24.03 hits:52.11
2020-05-17 01:42:06,452 INFO All: mr:4629.0 mrr:22.83 hits:49.70
2020-05-17 01:42:06,454 INFO Declined in recent 1 epochs
2020-05-17 01:42:30,313 INFO [23.9] Epoch 80: loss = 4.9236
2020-05-17 01:42:54,164 INFO [23.9] Epoch 81: loss = 4.9328
2020-05-17 01:43:17,635 INFO [23.5] Epoch 82: loss = 4.9589
2020-05-17 01:43:41,108 INFO [23.5] Epoch 83: loss = 4.9876
2020-05-17 01:44:04,937 INFO [23.8] Epoch 84: loss = 4.7381
2020-05-17 01:44:28,427 INFO [23.5] Epoch 85: loss = 4.8235
2020-05-17 01:44:52,365 INFO [23.9] Epoch 86: loss = 4.8153
2020-05-17 01:45:15,866 INFO [23.5] Epoch 87: loss = 4.8340
2020-05-17 01:45:39,279 INFO [23.4] Epoch 88: loss = 4.7643
2020-05-17 01:46:03,273 INFO [24.0] Epoch 89: loss = 4.7757
2020-05-17 01:46:03,273 INFO Start Evaling...
2020-05-17 01:47:07,811 INFO Head: mr:5908.4 mrr:21.79 hits:47.53
2020-05-17 01:47:07,811 INFO Tail: mr:2877.0 mrr:23.37 hits:51.45
2020-05-17 01:47:07,811 INFO All: mr:4392.7 mrr:22.58 hits:49.49
2020-05-17 01:47:07,814 INFO Start Evaling...
2020-05-17 01:48:14,174 INFO Head: mr:6184.5 mrr:21.79 hits:47.22
2020-05-17 01:48:14,174 INFO Tail: mr:3090.4 mrr:24.17 hits:51.95
2020-05-17 01:48:14,174 INFO All: mr:4637.4 mrr:22.98 hits:49.59
2020-05-17 01:48:14,176 INFO Declined in recent 2 epochs
2020-05-17 01:48:37,673 INFO [23.5] Epoch 90: loss = 4.7729
2020-05-17 01:49:00,778 INFO [23.1] Epoch 91: loss = 4.8044
2020-05-17 01:49:24,680 INFO [23.9] Epoch 92: loss = 4.7316
2020-05-17 01:49:48,272 INFO [23.6] Epoch 93: loss = 4.7133
2020-05-17 01:50:11,783 INFO [23.5] Epoch 94: loss = 4.7623
2020-05-17 01:50:35,703 INFO [23.9] Epoch 95: loss = 4.7935
2020-05-17 01:50:59,646 INFO [23.9] Epoch 96: loss = 4.7146
2020-05-17 01:51:22,754 INFO [23.1] Epoch 97: loss = 4.5877
2020-05-17 01:51:46,144 INFO [23.4] Epoch 98: loss = 4.7134
2020-05-17 01:52:10,070 INFO [23.9] Epoch 99: loss = 4.7192
2020-05-17 01:52:10,070 INFO Start Evaling...
2020-05-17 01:53:14,772 INFO Head: mr:5929.2 mrr:21.63 hits:47.30
2020-05-17 01:53:14,772 INFO Tail: mr:2898.9 mrr:23.93 hits:51.78
2020-05-17 01:53:14,772 INFO All: mr:4414.1 mrr:22.78 hits:49.54
2020-05-17 01:53:14,774 INFO Start Evaling...
2020-05-17 01:54:21,304 INFO Head: mr:6187.0 mrr:22.00 hits:47.32
2020-05-17 01:54:21,304 INFO Tail: mr:3095.2 mrr:24.57 hits:51.98
2020-05-17 01:54:21,304 INFO All: mr:4641.1 mrr:23.28 hits:49.65
2020-05-17 01:54:21,306 INFO Improved and model saved
2020-05-17 01:54:44,709 INFO [23.4] Epoch 100: loss = 4.6729
2020-05-17 01:55:08,456 INFO [23.7] Epoch 101: loss = 4.6520
2020-05-17 01:55:32,243 INFO [23.8] Epoch 102: loss = 4.7032
2020-05-17 01:55:55,706 INFO [23.5] Epoch 103: loss = 4.6996
2020-05-17 01:56:19,468 INFO [23.8] Epoch 104: loss = 4.6374
2020-05-17 01:56:43,156 INFO [23.7] Epoch 105: loss = 4.6329
2020-05-17 01:57:06,474 INFO [23.3] Epoch 106: loss = 4.6201
2020-05-17 01:57:30,263 INFO [23.8] Epoch 107: loss = 4.5896
2020-05-17 01:57:54,002 INFO [23.7] Epoch 108: loss = 4.5812
2020-05-17 01:58:17,355 INFO [23.4] Epoch 109: loss = 4.5454
2020-05-17 01:58:17,356 INFO Start Evaling...
2020-05-17 01:59:22,047 INFO Head: mr:5932.5 mrr:21.64 hits:47.33
2020-05-17 01:59:22,047 INFO Tail: mr:2965.9 mrr:23.70 hits:51.48
2020-05-17 01:59:22,048 INFO All: mr:4449.2 mrr:22.67 hits:49.41
2020-05-17 01:59:22,050 INFO Start Evaling...
2020-05-17 02:00:28,563 INFO Head: mr:6171.4 mrr:21.96 hits:47.16
2020-05-17 02:00:28,564 INFO Tail: mr:3157.3 mrr:24.49 hits:51.91
2020-05-17 02:00:28,564 INFO All: mr:4664.4 mrr:23.23 hits:49.54
2020-05-17 02:00:28,566 INFO Declined in recent 1 epochs
2020-05-17 02:00:52,483 INFO [23.9] Epoch 110: loss = 4.5476
2020-05-17 02:01:15,989 INFO [23.5] Epoch 111: loss = 4.5405
2020-05-17 02:01:39,300 INFO [23.3] Epoch 112: loss = 4.4758
2020-05-17 02:02:03,137 INFO [23.8] Epoch 113: loss = 4.5376
2020-05-17 02:02:26,664 INFO [23.5] Epoch 114: loss = 4.6392
2020-05-17 02:02:49,610 INFO [22.9] Epoch 115: loss = 4.5591
2020-05-17 02:03:13,369 INFO [23.8] Epoch 116: loss = 4.4981
2020-05-17 02:03:37,210 INFO [23.8] Epoch 117: loss = 4.3862
2020-05-17 02:04:00,546 INFO [23.3] Epoch 118: loss = 4.4565
2020-05-17 02:04:24,389 INFO [23.8] Epoch 119: loss = 4.5114
2020-05-17 02:04:24,389 INFO Start Evaling...
2020-05-17 02:05:29,076 INFO Head: mr:5950.1 mrr:21.60 hits:47.30
2020-05-17 02:05:29,076 INFO Tail: mr:3004.7 mrr:23.55 hits:51.65
2020-05-17 02:05:29,077 INFO All: mr:4477.4 mrr:22.58 hits:49.47
2020-05-17 02:05:29,079 INFO Start Evaling...
2020-05-17 02:06:35,588 INFO Head: mr:6179.3 mrr:21.86 hits:47.03
2020-05-17 02:06:35,589 INFO Tail: mr:3183.9 mrr:24.64 hits:52.01
2020-05-17 02:06:35,589 INFO All: mr:4681.6 mrr:23.25 hits:49.52
2020-05-17 02:06:35,591 INFO Declined in recent 2 epochs
2020-05-17 02:06:59,469 INFO [23.9] Epoch 120: loss = 4.4780
2020-05-17 02:07:22,942 INFO [23.5] Epoch 121: loss = 4.4277
2020-05-17 02:07:46,735 INFO [23.8] Epoch 122: loss = 4.4758
2020-05-17 02:08:10,600 INFO [23.9] Epoch 123: loss = 4.4136
2020-05-17 02:08:33,971 INFO [23.4] Epoch 124: loss = 4.4854
2020-05-17 02:08:57,269 INFO [23.3] Epoch 125: loss = 4.4079
2020-05-17 02:09:21,139 INFO [23.9] Epoch 126: loss = 4.3553
2020-05-17 02:09:44,580 INFO [23.4] Epoch 127: loss = 4.5274
2020-05-17 02:10:08,462 INFO [23.9] Epoch 128: loss = 4.4634
2020-05-17 02:10:31,895 INFO [23.4] Epoch 129: loss = 4.3058
2020-05-17 02:10:31,896 INFO Start Evaling...
2020-05-17 02:11:36,594 INFO Head: mr:5991.1 mrr:21.73 hits:47.36
2020-05-17 02:11:36,595 INFO Tail: mr:3070.1 mrr:23.86 hits:51.15
2020-05-17 02:11:36,595 INFO All: mr:4530.6 mrr:22.79 hits:49.26
2020-05-17 02:11:36,597 INFO Start Evaling...
2020-05-17 02:12:43,118 INFO Head: mr:6193.0 mrr:22.09 hits:47.42
2020-05-17 02:12:43,119 INFO Tail: mr:3250.6 mrr:24.70 hits:51.88
2020-05-17 02:12:43,119 INFO All: mr:4721.8 mrr:23.39 hits:49.65
2020-05-17 02:12:43,121 INFO Improved and model saved
2020-05-17 02:13:06,603 INFO [23.5] Epoch 130: loss = 4.4462
2020-05-17 02:13:30,072 INFO [23.5] Epoch 131: loss = 4.3917
2020-05-17 02:13:53,394 INFO [23.3] Epoch 132: loss = 4.3820
2020-05-17 02:14:16,409 INFO [23.0] Epoch 133: loss = 4.3574
2020-05-17 02:14:40,162 INFO [23.8] Epoch 134: loss = 4.2930
2020-05-17 02:15:03,962 INFO [23.8] Epoch 135: loss = 4.4042
2020-05-17 02:15:26,966 INFO [23.0] Epoch 136: loss = 4.3610
2020-05-17 02:15:50,884 INFO [23.9] Epoch 137: loss = 4.3348
2020-05-17 02:16:14,717 INFO [23.8] Epoch 138: loss = 4.2573
2020-05-17 02:16:37,689 INFO [23.0] Epoch 139: loss = 4.3525
2020-05-17 02:16:37,689 INFO Start Evaling...
2020-05-17 02:17:42,371 INFO Head: mr:5972.2 mrr:21.63 hits:47.10
2020-05-17 02:17:42,371 INFO Tail: mr:3131.8 mrr:23.58 hits:51.42
2020-05-17 02:17:42,372 INFO All: mr:4552.0 mrr:22.60 hits:49.26
2020-05-17 02:17:42,374 INFO Start Evaling...
2020-05-17 02:18:48,882 INFO Head: mr:6212.1 mrr:22.00 hits:47.00
2020-05-17 02:18:48,883 INFO Tail: mr:3315.9 mrr:24.25 hits:51.44
2020-05-17 02:18:48,883 INFO All: mr:4764.0 mrr:23.13 hits:49.22
2020-05-17 02:18:48,885 INFO Declined in recent 1 epochs
2020-05-17 02:19:12,646 INFO [23.8] Epoch 140: loss = 4.1597
2020-05-17 02:19:36,413 INFO [23.8] Epoch 141: loss = 4.3072
2020-05-17 02:19:59,458 INFO [23.0] Epoch 142: loss = 4.3497
2020-05-17 02:20:22,856 INFO [23.4] Epoch 143: loss = 4.2486
2020-05-17 02:20:46,328 INFO [23.5] Epoch 144: loss = 4.3335
2020-05-17 02:21:09,743 INFO [23.4] Epoch 145: loss = 4.2451
2020-05-17 02:21:33,578 INFO [23.8] Epoch 146: loss = 4.2597
2020-05-17 02:21:57,113 INFO [23.5] Epoch 147: loss = 4.2074
2020-05-17 02:22:20,451 INFO [23.3] Epoch 148: loss = 4.3275
2020-05-17 02:22:44,249 INFO [23.8] Epoch 149: loss = 4.3915
2020-05-17 02:22:44,250 INFO Start Evaling...
2020-05-17 02:23:48,945 INFO Head: mr:6035.6 mrr:21.70 hits:46.97
2020-05-17 02:23:48,945 INFO Tail: mr:3146.5 mrr:23.76 hits:51.12
2020-05-17 02:23:48,945 INFO All: mr:4591.0 mrr:22.73 hits:49.04
2020-05-17 02:23:48,948 INFO Start Evaling...
2020-05-17 02:24:55,473 INFO Head: mr:6250.2 mrr:21.96 hits:47.48
2020-05-17 02:24:55,474 INFO Tail: mr:3346.5 mrr:24.40 hits:51.79
2020-05-17 02:24:55,474 INFO All: mr:4798.4 mrr:23.18 hits:49.63
2020-05-17 02:24:55,476 INFO Declined in recent 2 epochs
