2020-05-16 03:32:10,055 INFO EPOCH: 1000
2020-05-16 03:32:10,055 INFO EVERY: 10
2020-05-16 03:32:10,055 INFO LR: 0.001
2020-05-16 03:32:10,055 INFO DIM: 100
2020-05-16 03:32:10,056 INFO BATCH_SIZE: 256
2020-05-16 03:32:10,056 INFO BATCH_SIZE2: 100
2020-05-16 03:32:10,056 INFO P: 1
2020-05-16 03:32:10,056 INFO CLIPPING_MAX_VALUE: 4.0
2020-05-16 03:32:10,056 INFO OPTIM: Adam
2020-05-16 03:32:10,056 INFO N_SAMPLE: 100
2020-05-16 03:32:10,056 INFO MODE: grap
2020-05-16 03:32:10,056 INFO RATE: 0.02
2020-05-16 03:32:10,056 INFO GAMMA: 12.0
2020-05-16 03:32:10,056 INFO BERN: True
2020-05-16 03:32:10,056 INFO MARGIN: 4.0
2020-05-16 03:32:10,056 INFO REG: 1.0
2020-05-16 03:32:10,057 INFO LABEL_SMOOTH_EPS: 0.1
2020-05-16 03:32:10,057 INFO INPUT_DROP: 0.2
2020-05-16 03:32:10,057 INFO FEAT_DROP: 0.2
2020-05-16 03:32:10,057 INFO HIDD_DROP: 0.3
2020-05-16 03:32:10,057 INFO CHANNELS: 50
2020-05-16 03:32:10,057 INFO KERNEL_SIZE: 3
2020-05-16 03:32:10,057 INFO N_POOL: 100
2020-05-16 03:32:10,057 INFO MODEL_D: TransH
2020-05-16 03:32:10,057 INFO MODEL_G: DistMult
2020-05-16 03:32:10,057 INFO SCRATCH: False
2020-05-16 03:32:10,057 INFO D_FILE: None
2020-05-16 03:32:10,057 INFO G_FILE: None
2020-05-16 03:32:10,058 INFO PATH: data
2020-05-16 03:32:10,058 INFO DATA: WN18RR
2020-05-16 03:32:10,058 INFO EXP_PATH: experiment/WN18RR
2020-05-16 03:32:10,058 INFO MODEL: TransH
2020-05-16 03:32:10,058 INFO V: 2
2020-05-16 03:32:10,058 INFO F: True
2020-05-16 03:32:10,058 INFO EVAL: False
2020-05-16 03:32:10,058 INFO TRAINED: False
2020-05-16 03:32:10,058 INFO PRETRAINED_NAME: None
2020-05-16 03:32:10,058 INFO EXP_NAME: TransH-WN18RR-grap-2
2020-05-16 03:32:10,058 INFO --------------------------------------
2020-05-16 03:32:15,084 INFO Dataload done
2020-05-16 03:32:15,084 INFO --------------------------------------
2020-05-16 03:32:15,084 INFO N_ENTITY: 40943
2020-05-16 03:32:15,084 INFO N_RELATION: 11
2020-05-16 03:32:15,084 INFO --------------------------------------
2020-05-16 03:32:18,541 INFO Start Training...
2020-05-16 03:33:12,161 INFO [53.6] Epoch 0: loss = 321.5930
2020-05-16 03:34:05,872 INFO [53.7] Epoch 1: loss = 261.7951
2020-05-16 03:35:00,162 INFO [54.3] Epoch 2: loss = 219.8689
2020-05-16 03:35:54,028 INFO [53.9] Epoch 3: loss = 181.9494
2020-05-16 03:36:48,128 INFO [54.1] Epoch 4: loss = 148.2019
2020-05-16 03:37:41,947 INFO [53.8] Epoch 5: loss = 119.4484
2020-05-16 03:38:36,303 INFO [54.4] Epoch 6: loss = 95.3458
2020-05-16 03:39:30,096 INFO [53.8] Epoch 7: loss = 75.2141
2020-05-16 03:40:23,325 INFO [53.2] Epoch 8: loss = 59.1695
2020-05-16 03:41:17,093 INFO [53.8] Epoch 9: loss = 46.6019
2020-05-16 03:41:17,093 INFO Start Evaling...
2020-05-16 03:42:21,676 INFO Head: mr:9377.2 mrr:11.36 hits:28.87
2020-05-16 03:42:21,676 INFO Tail: mr:3956.9 mrr:12.89 hits:31.97
2020-05-16 03:42:21,676 INFO All: mr:6667.1 mrr:12.13 hits:30.42
2020-05-16 03:42:21,679 INFO Start Evaling...
2020-05-16 03:43:28,059 INFO Head: mr:9853.5 mrr:10.42 hits:27.73
2020-05-16 03:43:28,059 INFO Tail: mr:3683.9 mrr:12.61 hits:32.32
2020-05-16 03:43:28,060 INFO All: mr:6768.7 mrr:11.51 hits:30.03
2020-05-16 03:43:28,061 INFO Improved and model saved
2020-05-16 03:44:22,786 INFO [54.7] Epoch 10: loss = 37.2443
2020-05-16 03:45:17,081 INFO [54.3] Epoch 11: loss = 30.3452
2020-05-16 03:46:11,589 INFO [54.5] Epoch 12: loss = 25.2923
2020-05-16 03:47:06,263 INFO [54.7] Epoch 13: loss = 21.5820
2020-05-16 03:48:00,762 INFO [54.5] Epoch 14: loss = 18.8380
2020-05-16 03:48:54,814 INFO [54.1] Epoch 15: loss = 16.7407
2020-05-16 03:49:49,019 INFO [54.2] Epoch 16: loss = 15.1812
2020-05-16 03:50:43,969 INFO [55.0] Epoch 17: loss = 13.9431
2020-05-16 03:51:38,075 INFO [54.1] Epoch 18: loss = 12.9807
2020-05-16 03:52:32,310 INFO [54.2] Epoch 19: loss = 12.1862
2020-05-16 03:52:32,311 INFO Start Evaling...
2020-05-16 03:53:36,906 INFO Head: mr:6964.4 mrr:18.31 hits:42.98
2020-05-16 03:53:36,906 INFO Tail: mr:3037.0 mrr:20.53 hits:47.50
2020-05-16 03:53:36,906 INFO All: mr:5000.7 mrr:19.42 hits:45.24
2020-05-16 03:53:36,909 INFO Start Evaling...
2020-05-16 03:54:43,303 INFO Head: mr:7407.5 mrr:18.01 hits:43.11
2020-05-16 03:54:43,303 INFO Tail: mr:2931.4 mrr:20.78 hits:47.29
2020-05-16 03:54:43,304 INFO All: mr:5169.4 mrr:19.40 hits:45.20
2020-05-16 03:54:43,306 INFO Improved and model saved
2020-05-16 03:55:37,706 INFO [54.4] Epoch 20: loss = 11.5856
2020-05-16 03:56:32,295 INFO [54.6] Epoch 21: loss = 11.0498
2020-05-16 03:57:26,258 INFO [54.0] Epoch 22: loss = 10.5972
2020-05-16 03:58:20,701 INFO [54.4] Epoch 23: loss = 10.1781
2020-05-16 03:59:15,142 INFO [54.4] Epoch 24: loss = 9.8948
2020-05-16 04:00:09,339 INFO [54.2] Epoch 25: loss = 9.5732
2020-05-16 04:01:03,952 INFO [54.6] Epoch 26: loss = 9.3460
2020-05-16 04:01:58,228 INFO [54.3] Epoch 27: loss = 9.1321
2020-05-16 04:02:52,638 INFO [54.4] Epoch 28: loss = 8.9300
2020-05-16 04:03:46,106 INFO [53.5] Epoch 29: loss = 8.7387
2020-05-16 04:03:46,107 INFO Start Evaling...
2020-05-16 04:04:50,507 INFO Head: mr:6448.6 mrr:20.17 hits:45.09
2020-05-16 04:04:50,508 INFO Tail: mr:2811.5 mrr:22.63 hits:49.47
2020-05-16 04:04:50,508 INFO All: mr:4630.1 mrr:21.40 hits:47.28
2020-05-16 04:04:50,510 INFO Start Evaling...
2020-05-16 04:05:56,704 INFO Head: mr:6959.2 mrr:20.16 hits:45.72
2020-05-16 04:05:56,704 INFO Tail: mr:2783.3 mrr:22.80 hits:50.22
2020-05-16 04:05:56,705 INFO All: mr:4871.2 mrr:21.48 hits:47.97
2020-05-16 04:05:56,707 INFO Improved and model saved
2020-05-16 04:06:50,851 INFO [54.1] Epoch 30: loss = 8.5377
2020-05-16 04:07:45,594 INFO [54.7] Epoch 31: loss = 8.4249
2020-05-16 04:08:39,367 INFO [53.8] Epoch 32: loss = 8.2638
2020-05-16 04:09:33,892 INFO [54.5] Epoch 33: loss = 8.1716
2020-05-16 04:10:28,377 INFO [54.5] Epoch 34: loss = 7.9926
2020-05-16 04:11:22,932 INFO [54.6] Epoch 35: loss = 7.9517
2020-05-16 04:12:17,114 INFO [54.2] Epoch 36: loss = 7.7645
2020-05-16 04:13:11,784 INFO [54.7] Epoch 37: loss = 7.7466
2020-05-16 04:14:06,490 INFO [54.7] Epoch 38: loss = 7.6416
2020-05-16 04:14:59,846 INFO [53.4] Epoch 39: loss = 7.5526
2020-05-16 04:14:59,846 INFO Start Evaling...
2020-05-16 04:16:04,433 INFO Head: mr:6261.0 mrr:21.05 hits:46.24
2020-05-16 04:16:04,433 INFO Tail: mr:2720.0 mrr:23.28 hits:50.33
2020-05-16 04:16:04,433 INFO All: mr:4490.5 mrr:22.16 hits:48.29
2020-05-16 04:16:04,436 INFO Start Evaling...
2020-05-16 04:17:10,822 INFO Head: mr:6797.7 mrr:20.69 hits:45.60
2020-05-16 04:17:10,822 INFO Tail: mr:2735.2 mrr:23.57 hits:50.29
2020-05-16 04:17:10,823 INFO All: mr:4766.4 mrr:22.13 hits:47.94
2020-05-16 04:17:10,825 INFO Improved and model saved
2020-05-16 04:18:05,184 INFO [54.3] Epoch 40: loss = 7.5054
2020-05-16 04:18:59,538 INFO [54.4] Epoch 41: loss = 7.3737
2020-05-16 04:19:53,100 INFO [53.6] Epoch 42: loss = 7.3242
2020-05-16 04:20:47,280 INFO [54.2] Epoch 43: loss = 7.2635
2020-05-16 04:21:41,359 INFO [54.1] Epoch 44: loss = 7.1929
2020-05-16 04:22:35,339 INFO [54.0] Epoch 45: loss = 7.0948
2020-05-16 04:23:29,346 INFO [54.0] Epoch 46: loss = 7.0960
2020-05-16 04:24:23,773 INFO [54.4] Epoch 47: loss = 7.0318
2020-05-16 04:25:17,509 INFO [53.7] Epoch 48: loss = 6.9446
2020-05-16 04:26:11,608 INFO [54.1] Epoch 49: loss = 6.8776
2020-05-16 04:26:11,609 INFO Start Evaling...
2020-05-16 04:27:16,021 INFO Head: mr:6214.3 mrr:21.15 hits:46.44
2020-05-16 04:27:16,021 INFO Tail: mr:2679.3 mrr:23.62 hits:50.46
2020-05-16 04:27:16,021 INFO All: mr:4446.8 mrr:22.39 hits:48.45
2020-05-16 04:27:16,023 INFO Start Evaling...
2020-05-16 04:28:22,229 INFO Head: mr:6723.0 mrr:20.90 hits:45.95
2020-05-16 04:28:22,229 INFO Tail: mr:2737.0 mrr:23.82 hits:50.73
2020-05-16 04:28:22,229 INFO All: mr:4730.0 mrr:22.36 hits:48.34
2020-05-16 04:28:22,231 INFO Improved and model saved
2020-05-16 04:29:16,062 INFO [53.8] Epoch 50: loss = 6.8550
2020-05-16 04:30:09,920 INFO [53.9] Epoch 51: loss = 6.8296
2020-05-16 04:31:04,383 INFO [54.5] Epoch 52: loss = 6.7637
2020-05-16 04:31:58,767 INFO [54.4] Epoch 53: loss = 6.7206
2020-05-16 04:32:52,395 INFO [53.6] Epoch 54: loss = 6.7100
2020-05-16 04:33:46,158 INFO [53.8] Epoch 55: loss = 6.6673
2020-05-16 04:34:40,175 INFO [54.0] Epoch 56: loss = 6.6747
2020-05-16 04:35:34,306 INFO [54.1] Epoch 57: loss = 6.5824
2020-05-16 04:36:28,208 INFO [53.9] Epoch 58: loss = 6.5074
2020-05-16 04:37:22,533 INFO [54.3] Epoch 59: loss = 6.5011
2020-05-16 04:37:22,533 INFO Start Evaling...
2020-05-16 04:38:27,114 INFO Head: mr:6202.7 mrr:21.54 hits:46.70
2020-05-16 04:38:27,114 INFO Tail: mr:2665.1 mrr:23.75 hits:50.36
2020-05-16 04:38:27,114 INFO All: mr:4433.9 mrr:22.64 hits:48.53
2020-05-16 04:38:27,116 INFO Start Evaling...
2020-05-16 04:39:33,498 INFO Head: mr:6742.6 mrr:21.19 hits:45.95
2020-05-16 04:39:33,498 INFO Tail: mr:2742.6 mrr:24.17 hits:50.96
2020-05-16 04:39:33,499 INFO All: mr:4742.6 mrr:22.68 hits:48.45
2020-05-16 04:39:33,501 INFO Improved and model saved
2020-05-16 04:40:27,279 INFO [53.8] Epoch 60: loss = 6.4731
2020-05-16 04:41:21,758 INFO [54.5] Epoch 61: loss = 6.4139
2020-05-16 04:42:15,802 INFO [54.0] Epoch 62: loss = 6.3788
2020-05-16 04:43:09,467 INFO [53.7] Epoch 63: loss = 6.4118
2020-05-16 04:44:03,915 INFO [54.4] Epoch 64: loss = 6.3087
2020-05-16 04:44:58,084 INFO [54.2] Epoch 65: loss = 6.3167
2020-05-16 04:45:51,519 INFO [53.4] Epoch 66: loss = 6.2546
2020-05-16 04:46:45,664 INFO [54.1] Epoch 67: loss = 6.2518
2020-05-16 04:47:39,747 INFO [54.1] Epoch 68: loss = 6.2155
2020-05-16 04:48:33,206 INFO [53.5] Epoch 69: loss = 6.1971
2020-05-16 04:48:33,206 INFO Start Evaling...
2020-05-16 04:49:37,636 INFO Head: mr:6203.8 mrr:21.62 hits:46.54
2020-05-16 04:49:37,636 INFO Tail: mr:2668.3 mrr:23.83 hits:50.59
2020-05-16 04:49:37,636 INFO All: mr:4436.0 mrr:22.72 hits:48.57
2020-05-16 04:49:37,638 INFO Start Evaling...
2020-05-16 04:50:43,862 INFO Head: mr:6770.0 mrr:21.07 hits:45.63
2020-05-16 04:50:43,862 INFO Tail: mr:2762.4 mrr:24.01 hits:50.89
2020-05-16 04:50:43,862 INFO All: mr:4766.2 mrr:22.54 hits:48.26
2020-05-16 04:50:43,864 INFO Improved and model saved
2020-05-16 04:51:38,037 INFO [54.2] Epoch 70: loss = 6.1527
2020-05-16 04:52:32,364 INFO [54.3] Epoch 71: loss = 6.0952
2020-05-16 04:53:25,955 INFO [53.6] Epoch 72: loss = 6.1374
2020-05-16 04:54:20,599 INFO [54.6] Epoch 73: loss = 6.0791
2020-05-16 04:55:15,234 INFO [54.6] Epoch 74: loss = 6.0677
2020-05-16 04:56:09,330 INFO [54.1] Epoch 75: loss = 6.0094
2020-05-16 04:57:03,351 INFO [54.0] Epoch 76: loss = 6.0323
2020-05-16 04:57:57,677 INFO [54.3] Epoch 77: loss = 6.0070
2020-05-16 04:58:51,687 INFO [54.0] Epoch 78: loss = 5.9961
2020-05-16 04:59:45,830 INFO [54.1] Epoch 79: loss = 5.9555
2020-05-16 04:59:45,831 INFO Start Evaling...
2020-05-16 05:00:50,416 INFO Head: mr:6224.9 mrr:21.74 hits:46.34
2020-05-16 05:00:50,416 INFO Tail: mr:2679.5 mrr:23.91 hits:50.20
2020-05-16 05:00:50,416 INFO All: mr:4452.2 mrr:22.82 hits:48.27
2020-05-16 05:00:50,419 INFO Start Evaling...
2020-05-16 05:01:56,809 INFO Head: mr:6777.1 mrr:21.03 hits:45.69
2020-05-16 05:01:56,810 INFO Tail: mr:2815.1 mrr:24.06 hits:51.15
2020-05-16 05:01:56,810 INFO All: mr:4796.1 mrr:22.54 hits:48.42
2020-05-16 05:01:56,812 INFO Improved and model saved
2020-05-16 05:02:50,874 INFO [54.0] Epoch 80: loss = 5.9374
2020-05-16 05:03:44,461 INFO [53.6] Epoch 81: loss = 5.9384
2020-05-16 05:04:38,032 INFO [53.6] Epoch 82: loss = 5.9090
2020-05-16 05:05:31,770 INFO [53.7] Epoch 83: loss = 5.9085
2020-05-16 05:06:25,723 INFO [54.0] Epoch 84: loss = 5.8317
2020-05-16 05:07:20,152 INFO [54.4] Epoch 85: loss = 5.8227
2020-05-16 05:08:14,429 INFO [54.3] Epoch 86: loss = 5.8160
2020-05-16 05:09:08,288 INFO [53.9] Epoch 87: loss = 5.8037
2020-05-16 05:10:01,934 INFO [53.6] Epoch 88: loss = 5.7835
2020-05-16 05:10:55,667 INFO [53.7] Epoch 89: loss = 5.7801
2020-05-16 05:10:55,667 INFO Start Evaling...
2020-05-16 05:12:00,253 INFO Head: mr:6269.4 mrr:21.72 hits:46.31
2020-05-16 05:12:00,253 INFO Tail: mr:2716.5 mrr:23.94 hits:50.20
2020-05-16 05:12:00,253 INFO All: mr:4492.9 mrr:22.83 hits:48.25
2020-05-16 05:12:00,256 INFO Start Evaling...
2020-05-16 05:13:06,642 INFO Head: mr:6840.4 mrr:21.08 hits:45.28
2020-05-16 05:13:06,643 INFO Tail: mr:2861.5 mrr:23.88 hits:50.51
2020-05-16 05:13:06,643 INFO All: mr:4851.0 mrr:22.48 hits:47.89
2020-05-16 05:13:06,645 INFO Improved and model saved
2020-05-16 05:14:00,834 INFO [54.2] Epoch 90: loss = 5.7716
2020-05-16 05:14:55,435 INFO [54.6] Epoch 91: loss = 5.7465
2020-05-16 05:15:49,626 INFO [54.2] Epoch 92: loss = 5.7243
2020-05-16 05:16:43,703 INFO [54.1] Epoch 93: loss = 5.6574
2020-05-16 05:17:37,681 INFO [54.0] Epoch 94: loss = 5.6998
2020-05-16 05:18:32,065 INFO [54.4] Epoch 95: loss = 5.6532
2020-05-16 05:19:25,310 INFO [53.2] Epoch 96: loss = 5.6660
2020-05-16 05:20:19,568 INFO [54.3] Epoch 97: loss = 5.6541
2020-05-16 05:21:14,206 INFO [54.6] Epoch 98: loss = 5.6489
2020-05-16 05:22:07,794 INFO [53.6] Epoch 99: loss = 5.6533
2020-05-16 05:22:07,794 INFO Start Evaling...
2020-05-16 05:23:12,207 INFO Head: mr:6297.5 mrr:21.66 hits:46.04
2020-05-16 05:23:12,207 INFO Tail: mr:2775.7 mrr:23.85 hits:50.16
2020-05-16 05:23:12,207 INFO All: mr:4536.6 mrr:22.75 hits:48.10
2020-05-16 05:23:12,209 INFO Start Evaling...
2020-05-16 05:24:18,416 INFO Head: mr:6859.4 mrr:21.04 hits:44.93
2020-05-16 05:24:18,416 INFO Tail: mr:2914.6 mrr:23.89 hits:50.45
2020-05-16 05:24:18,416 INFO All: mr:4887.0 mrr:22.46 hits:47.69
2020-05-16 05:24:18,418 INFO Declined in recent 1 epochs
2020-05-16 05:25:12,442 INFO [54.0] Epoch 100: loss = 5.6654
2020-05-16 05:26:06,579 INFO [54.1] Epoch 101: loss = 5.5878
2020-05-16 05:27:00,479 INFO [53.9] Epoch 102: loss = 5.5651
2020-05-16 05:27:54,436 INFO [54.0] Epoch 103: loss = 5.5599
2020-05-16 05:28:48,915 INFO [54.5] Epoch 104: loss = 5.5971
2020-05-16 05:29:42,948 INFO [54.0] Epoch 105: loss = 5.5180
2020-05-16 05:30:37,397 INFO [54.4] Epoch 106: loss = 5.4856
2020-05-16 05:31:31,760 INFO [54.4] Epoch 107: loss = 5.5409
2020-05-16 05:32:25,328 INFO [53.6] Epoch 108: loss = 5.5384
2020-05-16 05:33:19,831 INFO [54.5] Epoch 109: loss = 5.5001
2020-05-16 05:33:19,831 INFO Start Evaling...
2020-05-16 05:34:24,228 INFO Head: mr:6340.2 mrr:21.51 hits:46.08
2020-05-16 05:34:24,228 INFO Tail: mr:2786.5 mrr:23.85 hits:50.30
2020-05-16 05:34:24,229 INFO All: mr:4563.4 mrr:22.68 hits:48.19
2020-05-16 05:34:24,231 INFO Start Evaling...
2020-05-16 05:35:30,429 INFO Head: mr:6887.2 mrr:20.91 hits:44.67
2020-05-16 05:35:30,430 INFO Tail: mr:2972.7 mrr:23.91 hits:50.54
2020-05-16 05:35:30,430 INFO All: mr:4929.9 mrr:22.41 hits:47.61
2020-05-16 05:35:30,432 INFO Declined in recent 2 epochs
2020-05-16 05:36:24,515 INFO [54.1] Epoch 110: loss = 5.4271
2020-05-16 05:37:18,018 INFO [53.5] Epoch 111: loss = 5.4275
2020-05-16 05:38:12,060 INFO [54.0] Epoch 112: loss = 5.4447
2020-05-16 05:39:06,650 INFO [54.6] Epoch 113: loss = 5.4428
2020-05-16 05:40:00,491 INFO [53.8] Epoch 114: loss = 5.4360
2020-05-16 05:40:54,631 INFO [54.1] Epoch 115: loss = 5.4367
2020-05-16 05:41:48,649 INFO [54.0] Epoch 116: loss = 5.4255
2020-05-16 05:42:42,266 INFO [53.6] Epoch 117: loss = 5.3996
2020-05-16 05:43:36,606 INFO [54.3] Epoch 118: loss = 5.4275
2020-05-16 05:44:31,039 INFO [54.4] Epoch 119: loss = 5.3729
2020-05-16 05:44:31,040 INFO Start Evaling...
2020-05-16 05:45:35,610 INFO Head: mr:6378.8 mrr:21.37 hits:45.52
2020-05-16 05:45:35,610 INFO Tail: mr:2835.2 mrr:23.59 hits:50.00
2020-05-16 05:45:35,610 INFO All: mr:4607.0 mrr:22.48 hits:47.76
2020-05-16 05:45:35,613 INFO Start Evaling...
2020-05-16 05:46:41,982 INFO Head: mr:6931.7 mrr:20.77 hits:44.74
2020-05-16 05:46:41,982 INFO Tail: mr:3043.4 mrr:23.75 hits:50.16
2020-05-16 05:46:41,982 INFO All: mr:4987.5 mrr:22.26 hits:47.45
2020-05-16 05:46:41,984 INFO Declined in recent 3 epochs
2020-05-16 05:47:36,038 INFO [54.1] Epoch 120: loss = 5.3705
2020-05-16 05:48:30,533 INFO [54.5] Epoch 121: loss = 5.3534
2020-05-16 05:49:24,627 INFO [54.1] Epoch 122: loss = 5.3656
2020-05-16 05:50:18,665 INFO [54.0] Epoch 123: loss = 5.3515
2020-05-16 05:51:13,129 INFO [54.5] Epoch 124: loss = 5.3539
2020-05-16 05:52:07,659 INFO [54.5] Epoch 125: loss = 5.2796
2020-05-16 05:53:01,290 INFO [53.6] Epoch 126: loss = 5.3205
2020-05-16 05:53:55,908 INFO [54.6] Epoch 127: loss = 5.2876
2020-05-16 05:54:50,331 INFO [54.4] Epoch 128: loss = 5.2840
2020-05-16 05:55:44,278 INFO [53.9] Epoch 129: loss = 5.3062
2020-05-16 05:55:44,279 INFO Start Evaling...
2020-05-16 05:56:48,857 INFO Head: mr:6411.5 mrr:21.17 hits:45.52
2020-05-16 05:56:48,858 INFO Tail: mr:2905.8 mrr:23.49 hits:50.00
2020-05-16 05:56:48,858 INFO All: mr:4658.7 mrr:22.33 hits:47.76
2020-05-16 05:56:48,860 INFO Start Evaling...
2020-05-16 05:57:55,242 INFO Head: mr:6956.3 mrr:20.73 hits:44.51
2020-05-16 05:57:55,242 INFO Tail: mr:3104.5 mrr:23.58 hits:49.87
2020-05-16 05:57:55,243 INFO All: mr:5030.4 mrr:22.15 hits:47.19
2020-05-16 05:57:55,245 INFO Declined in recent 4 epochs
2020-05-16 05:58:49,807 INFO [54.6] Epoch 130: loss = 5.2953
2020-05-16 05:59:43,918 INFO [54.1] Epoch 131: loss = 5.2951
2020-05-16 06:00:37,872 INFO [54.0] Epoch 132: loss = 5.2969
2020-05-16 06:01:31,835 INFO [54.0] Epoch 133: loss = 5.2449
2020-05-16 06:02:26,443 INFO [54.6] Epoch 134: loss = 5.2646
2020-05-16 06:03:19,874 INFO [53.4] Epoch 135: loss = 5.2175
2020-05-16 06:04:14,274 INFO [54.4] Epoch 136: loss = 5.2657
2020-05-16 06:05:08,261 INFO [54.0] Epoch 137: loss = 5.2177
2020-05-16 06:06:02,124 INFO [53.9] Epoch 138: loss = 5.2424
2020-05-16 06:06:56,063 INFO [53.9] Epoch 139: loss = 5.2317
2020-05-16 06:06:56,063 INFO Start Evaling...
2020-05-16 06:08:00,656 INFO Head: mr:6462.2 mrr:21.01 hits:45.12
2020-05-16 06:08:00,656 INFO Tail: mr:2968.0 mrr:23.40 hits:49.77
2020-05-16 06:08:00,656 INFO All: mr:4715.1 mrr:22.20 hits:47.45
2020-05-16 06:08:00,659 INFO Start Evaling...
2020-05-16 06:09:07,054 INFO Head: mr:7007.8 mrr:20.79 hits:44.35
2020-05-16 06:09:07,054 INFO Tail: mr:3175.5 mrr:23.41 hits:49.39
2020-05-16 06:09:07,054 INFO All: mr:5091.7 mrr:22.10 hits:46.87
2020-05-16 06:09:07,056 INFO Declined in recent 5 epochs
2020-05-16 06:09:07,056 INFO Early stopping
2020-05-16 06:09:07,056 INFO Train done
2020-05-16 06:09:07,070 INFO Start Evaling...
2020-05-16 06:10:13,477 INFO Head: mr:6840.4 mrr:21.08 hits:45.28
2020-05-16 06:10:13,477 INFO Tail: mr:2861.5 mrr:23.88 hits:50.51
2020-05-16 06:10:13,477 INFO All: mr:4851.0 mrr:22.48 hits:47.89
