2020-04-01 09:35:03,734 INFO EPOCH: 1000
2020-04-01 09:35:03,734 INFO EVERY: 10
2020-04-01 09:35:03,734 INFO LR: 0.001
2020-04-01 09:35:03,734 INFO DIM: 100
2020-04-01 09:35:03,734 INFO BATCH_SIZE: 100
2020-04-01 09:35:03,734 INFO BATCH_SIZE2: 100
2020-04-01 09:35:03,734 INFO P: 1
2020-04-01 09:35:03,734 INFO CLIPPING_MAX_VALUE: 4.0
2020-04-01 09:35:03,734 INFO OPTIM: Adam
2020-04-01 09:35:03,734 INFO N_SAMPLE: 12
2020-04-01 09:35:03,734 INFO MODE: kall
2020-04-01 09:35:03,734 INFO GAMMA: 12.0
2020-04-01 09:35:03,735 INFO BERN: True
2020-04-01 09:35:03,735 INFO MARGIN: 4.0
2020-04-01 09:35:03,735 INFO REG: 1.0
2020-04-01 09:35:03,735 INFO LABEL_SMOOTH_EPS: 0.1
2020-04-01 09:35:03,735 INFO INPUT_DROP: 0.2
2020-04-01 09:35:03,735 INFO FEAT_DROP: 0.2
2020-04-01 09:35:03,735 INFO HIDD_DROP: 0.3
2020-04-01 09:35:03,735 INFO CHANNELS: 50
2020-04-01 09:35:03,735 INFO KERNEL_SIZE: 3
2020-04-01 09:35:03,735 INFO N_POOL: 100
2020-04-01 09:35:03,735 INFO MODEL_D: TransH
2020-04-01 09:35:03,735 INFO MODEL_G: DistMult
2020-04-01 09:35:03,735 INFO SCRATCH: False
2020-04-01 09:35:03,735 INFO D_FILE: None
2020-04-01 09:35:03,735 INFO G_FILE: None
2020-04-01 09:35:03,736 INFO PATH: data
2020-04-01 09:35:03,736 INFO DATA: WN18RR
2020-04-01 09:35:03,736 INFO EXP_PATH: experiment/WN18RR
2020-04-01 09:35:03,736 INFO MODEL: TransH
2020-04-01 09:35:03,736 INFO V: 0
2020-04-01 09:35:03,736 INFO F: False
2020-04-01 09:35:03,736 INFO EVAL: False
2020-04-01 09:35:03,736 INFO TRAINED: False
2020-04-01 09:35:03,736 INFO PRETRAINED_NAME: None
2020-04-01 09:35:03,736 INFO EXP_NAME: TransH-WN18RR-kall-0
2020-04-01 09:35:03,736 INFO --------------------------------------
2020-04-01 09:35:06,213 INFO Dataload done
2020-04-01 09:35:06,213 INFO --------------------------------------
2020-04-01 09:35:06,214 INFO N_ENTITY: 40943
2020-04-01 09:35:06,214 INFO N_RELATION: 11
2020-04-01 09:35:06,214 INFO --------------------------------------
2020-04-01 09:35:08,653 INFO Start Evaling...
2020-04-01 09:35:18,299 INFO Head: mr:20792.4 mrr:0.02 hits:0.00
2020-04-01 09:35:18,300 INFO Tail: mr:20388.7 mrr:0.02 hits:0.00
2020-04-01 09:35:18,300 INFO All: mr:20590.6 mrr:0.02 hits:0.00
2020-04-01 09:35:18,305 INFO Start Training...
2020-04-01 09:37:51,953 INFO [153.6] Epoch 0: loss = 0.0168
2020-04-01 09:40:25,266 INFO [153.3] Epoch 1: loss = 0.0008
2020-04-01 09:42:58,868 INFO [153.6] Epoch 2: loss = 0.0007
2020-04-01 09:45:32,286 INFO [153.4] Epoch 3: loss = 0.0007
2020-04-01 09:48:05,496 INFO [153.2] Epoch 4: loss = 0.0006
2020-04-01 09:50:39,013 INFO [153.5] Epoch 5: loss = 0.0006
2020-04-01 09:53:13,346 INFO [154.3] Epoch 6: loss = 0.0006
2020-04-01 09:55:46,862 INFO [153.5] Epoch 7: loss = 0.0006
2020-04-01 09:58:21,250 INFO [154.4] Epoch 8: loss = 0.0006
2020-04-01 10:00:56,262 INFO [155.0] Epoch 9: loss = 0.0006
2020-04-01 10:00:56,263 INFO Start Evaling...
2020-04-01 10:01:04,846 INFO Head: mr:18548.2 mrr:1.31 hits:2.27
2020-04-01 10:01:04,846 INFO Tail: mr:12769.2 mrr:3.03 hits:5.74
2020-04-01 10:01:04,846 INFO All: mr:15658.7 mrr:2.17 hits:4.00
2020-04-01 10:01:04,849 INFO Improved and model saved
2020-04-01 10:03:38,377 INFO [153.5] Epoch 10: loss = 0.0006
2020-04-01 10:06:12,493 INFO [154.1] Epoch 11: loss = 0.0006
2020-04-01 10:08:46,521 INFO [154.0] Epoch 12: loss = 0.0006
2020-04-01 10:11:21,261 INFO [154.7] Epoch 13: loss = 0.0006
2020-04-01 10:13:55,870 INFO [154.6] Epoch 14: loss = 0.0006
2020-04-01 10:16:29,820 INFO [153.9] Epoch 15: loss = 0.0006
2020-04-01 10:19:03,522 INFO [153.7] Epoch 16: loss = 0.0006
2020-04-01 10:21:39,470 INFO [155.9] Epoch 17: loss = 0.0006
2020-04-01 10:24:31,796 INFO [172.3] Epoch 18: loss = 0.0005
2020-04-01 10:27:28,076 INFO [176.3] Epoch 19: loss = 0.0005
2020-04-01 10:27:28,076 INFO Start Evaling...
2020-04-01 10:27:39,495 INFO Head: mr:8268.1 mrr:11.49 hits:27.62
2020-04-01 10:27:39,496 INFO Tail: mr:4176.7 mrr:12.71 hits:30.32
2020-04-01 10:27:39,498 INFO All: mr:6222.4 mrr:12.10 hits:28.97
2020-04-01 10:27:39,504 INFO Improved and model saved
2020-04-01 10:30:37,259 INFO [177.7] Epoch 20: loss = 0.0005
2020-04-01 10:33:32,770 INFO [175.5] Epoch 21: loss = 0.0005
2020-04-01 10:36:28,521 INFO [175.8] Epoch 22: loss = 0.0005
2020-04-01 10:39:24,628 INFO [176.1] Epoch 23: loss = 0.0005
2020-04-01 10:42:20,628 INFO [176.0] Epoch 24: loss = 0.0004
2020-04-01 10:45:18,265 INFO [177.6] Epoch 25: loss = 0.0004
2020-04-01 10:48:12,646 INFO [174.4] Epoch 26: loss = 0.0004
2020-04-01 10:51:10,298 INFO [177.7] Epoch 27: loss = 0.0004
2020-04-01 10:54:10,057 INFO [179.8] Epoch 28: loss = 0.0004
2020-04-01 10:57:08,725 INFO [178.7] Epoch 29: loss = 0.0004
2020-04-01 10:57:08,725 INFO Start Evaling...
2020-04-01 10:57:21,272 INFO Head: mr:5174.1 mrr:16.69 hits:41.66
2020-04-01 10:57:21,274 INFO Tail: mr:2876.9 mrr:18.93 hits:44.99
2020-04-01 10:57:21,275 INFO All: mr:4025.5 mrr:17.81 hits:43.33
2020-04-01 10:57:21,281 INFO Improved and model saved
2020-04-01 11:00:18,530 INFO [177.2] Epoch 30: loss = 0.0004
2020-04-01 11:03:16,418 INFO [177.9] Epoch 31: loss = 0.0004
2020-04-01 11:06:13,831 INFO [177.4] Epoch 32: loss = 0.0004
2020-04-01 11:09:11,557 INFO [177.7] Epoch 33: loss = 0.0004
2020-04-01 11:12:05,223 INFO [173.7] Epoch 34: loss = 0.0004
2020-04-01 11:14:59,990 INFO [174.8] Epoch 35: loss = 0.0004
2020-04-01 11:17:53,796 INFO [173.8] Epoch 36: loss = 0.0004
2020-04-01 11:20:50,243 INFO [176.4] Epoch 37: loss = 0.0004
2020-04-01 11:23:46,743 INFO [176.5] Epoch 38: loss = 0.0004
2020-04-01 11:26:44,153 INFO [177.4] Epoch 39: loss = 0.0004
2020-04-01 11:26:44,153 INFO Start Evaling...
2020-04-01 11:26:54,783 INFO Head: mr:4916.9 mrr:15.79 hits:42.91
2020-04-01 11:26:54,785 INFO Tail: mr:2919.5 mrr:17.95 hits:48.02
2020-04-01 11:26:54,787 INFO All: mr:3918.2 mrr:16.87 hits:45.47
2020-04-01 11:26:54,792 INFO Improved and model saved
2020-04-01 11:29:55,365 INFO [180.5] Epoch 40: loss = 0.0004
2020-04-01 11:32:53,560 INFO [178.2] Epoch 41: loss = 0.0004
2020-04-01 11:35:53,482 INFO [179.9] Epoch 42: loss = 0.0004
2020-04-01 11:38:51,422 INFO [177.9] Epoch 43: loss = 0.0004
2020-04-01 11:41:50,247 INFO [178.8] Epoch 44: loss = 0.0004
2020-04-01 11:44:48,200 INFO [178.0] Epoch 45: loss = 0.0003
2020-04-01 11:47:43,649 INFO [175.4] Epoch 46: loss = 0.0003
2020-04-01 11:50:38,579 INFO [174.9] Epoch 47: loss = 0.0003
2020-04-01 11:53:35,065 INFO [176.5] Epoch 48: loss = 0.0003
2020-04-01 11:56:35,772 INFO [180.7] Epoch 49: loss = 0.0003
2020-04-01 11:56:35,773 INFO Start Evaling...
2020-04-01 11:56:47,167 INFO Head: mr:4895.9 mrr:15.36 hits:43.28
2020-04-01 11:56:47,170 INFO Tail: mr:2918.7 mrr:17.11 hits:47.89
2020-04-01 11:56:47,171 INFO All: mr:3907.3 mrr:16.23 hits:45.58
2020-04-01 11:56:47,176 INFO Improved and model saved
2020-04-01 11:59:45,943 INFO [178.7] Epoch 50: loss = 0.0003
2020-04-01 12:02:43,984 INFO [178.0] Epoch 51: loss = 0.0003
2020-04-01 12:05:40,955 INFO [177.0] Epoch 52: loss = 0.0003
2020-04-01 12:08:37,163 INFO [176.2] Epoch 53: loss = 0.0003
2020-04-01 12:11:29,968 INFO [172.8] Epoch 54: loss = 0.0003
2020-04-01 12:14:27,804 INFO [177.8] Epoch 55: loss = 0.0003
2020-04-01 12:17:25,393 INFO [177.6] Epoch 56: loss = 0.0003
2020-04-01 12:20:21,699 INFO [176.3] Epoch 57: loss = 0.0003
2020-04-01 12:23:18,262 INFO [176.6] Epoch 58: loss = 0.0003
2020-04-01 12:26:13,846 INFO [175.6] Epoch 59: loss = 0.0003
2020-04-01 12:26:13,846 INFO Start Evaling...
2020-04-01 12:26:24,883 INFO Head: mr:4848.7 mrr:14.91 hits:43.47
2020-04-01 12:26:24,885 INFO Tail: mr:2872.0 mrr:16.53 hits:47.79
2020-04-01 12:26:24,887 INFO All: mr:3860.3 mrr:15.72 hits:45.63
2020-04-01 12:26:24,891 INFO Improved and model saved
2020-04-01 12:29:21,853 INFO [176.9] Epoch 60: loss = 0.0003
2020-04-01 12:32:17,646 INFO [175.8] Epoch 61: loss = 0.0003
2020-04-01 12:35:15,506 INFO [177.9] Epoch 62: loss = 0.0003
2020-04-01 12:38:13,782 INFO [178.3] Epoch 63: loss = 0.0003
2020-04-01 12:41:09,354 INFO [175.6] Epoch 64: loss = 0.0003
2020-04-01 12:44:07,594 INFO [178.2] Epoch 65: loss = 0.0003
2020-04-01 12:47:06,147 INFO [178.6] Epoch 66: loss = 0.0003
2020-04-01 12:50:02,561 INFO [176.4] Epoch 67: loss = 0.0003
2020-04-01 12:52:56,580 INFO [174.0] Epoch 68: loss = 0.0003
2020-04-01 12:55:49,668 INFO [173.1] Epoch 69: loss = 0.0003
2020-04-01 12:55:49,668 INFO Start Evaling...
2020-04-01 12:55:59,863 INFO Head: mr:4820.6 mrr:14.63 hits:43.24
2020-04-01 12:55:59,865 INFO Tail: mr:2835.0 mrr:16.42 hits:48.02
2020-04-01 12:55:59,865 INFO All: mr:3827.8 mrr:15.53 hits:45.63
2020-04-01 12:55:59,870 INFO Declined in recent 1 epochs
2020-04-01 12:58:49,503 INFO [169.6] Epoch 70: loss = 0.0003
2020-04-01 13:01:41,008 INFO [171.5] Epoch 71: loss = 0.0003
2020-04-01 13:04:33,850 INFO [172.8] Epoch 72: loss = 0.0003
2020-04-01 13:07:23,373 INFO [169.5] Epoch 73: loss = 0.0003
2020-04-01 13:10:11,606 INFO [168.2] Epoch 74: loss = 0.0003
2020-04-01 13:13:00,231 INFO [168.6] Epoch 75: loss = 0.0003
2020-04-01 13:15:50,073 INFO [169.8] Epoch 76: loss = 0.0003
2020-04-01 13:18:36,135 INFO [166.1] Epoch 77: loss = 0.0003
2020-04-01 13:21:23,550 INFO [167.4] Epoch 78: loss = 0.0003
2020-04-01 13:24:11,836 INFO [168.3] Epoch 79: loss = 0.0003
2020-04-01 13:24:11,837 INFO Start Evaling...
2020-04-01 13:24:21,572 INFO Head: mr:4801.1 mrr:14.80 hits:43.08
2020-04-01 13:24:21,574 INFO Tail: mr:2796.6 mrr:16.51 hits:48.85
2020-04-01 13:24:21,575 INFO All: mr:3798.9 mrr:15.65 hits:45.96
2020-04-01 13:24:21,580 INFO Improved and model saved
2020-04-01 13:27:07,114 INFO [165.5] Epoch 80: loss = 0.0003
2020-04-01 13:29:50,449 INFO [163.3] Epoch 81: loss = 0.0003
2020-04-01 13:32:33,907 INFO [163.5] Epoch 82: loss = 0.0003
2020-04-01 13:35:17,308 INFO [163.4] Epoch 83: loss = 0.0003
2020-04-01 13:38:03,414 INFO [166.1] Epoch 84: loss = 0.0003
2020-04-01 13:40:49,407 INFO [166.0] Epoch 85: loss = 0.0003
2020-04-01 13:43:34,523 INFO [165.1] Epoch 86: loss = 0.0003
2020-04-01 13:46:16,825 INFO [162.3] Epoch 87: loss = 0.0003
2020-04-01 13:49:04,009 INFO [167.2] Epoch 88: loss = 0.0003
2020-04-01 13:51:53,929 INFO [169.9] Epoch 89: loss = 0.0003
2020-04-01 13:51:53,929 INFO Start Evaling...
2020-04-01 13:52:03,502 INFO Head: mr:4749.7 mrr:14.58 hits:43.41
2020-04-01 13:52:03,504 INFO Tail: mr:2734.1 mrr:16.30 hits:47.82
2020-04-01 13:52:03,506 INFO All: mr:3741.9 mrr:15.44 hits:45.62
2020-04-01 13:52:03,511 INFO Declined in recent 1 epochs
2020-04-01 13:54:52,652 INFO [169.1] Epoch 90: loss = 0.0003
2020-04-01 13:57:41,113 INFO [168.5] Epoch 91: loss = 0.0003
2020-04-01 14:00:28,007 INFO [166.9] Epoch 92: loss = 0.0003
2020-04-01 14:03:18,006 INFO [170.0] Epoch 93: loss = 0.0003
2020-04-01 14:06:07,938 INFO [169.9] Epoch 94: loss = 0.0003
2020-04-01 14:08:56,626 INFO [168.7] Epoch 95: loss = 0.0003
2020-04-01 14:11:43,279 INFO [166.7] Epoch 96: loss = 0.0003
2020-04-01 14:14:32,225 INFO [168.9] Epoch 97: loss = 0.0003
2020-04-01 14:17:23,896 INFO [171.7] Epoch 98: loss = 0.0003
2020-04-01 14:20:12,855 INFO [169.0] Epoch 99: loss = 0.0003
2020-04-01 14:20:12,855 INFO Start Evaling...
2020-04-01 14:20:22,537 INFO Head: mr:4736.9 mrr:14.49 hits:43.05
2020-04-01 14:20:22,539 INFO Tail: mr:2694.0 mrr:16.41 hits:47.92
2020-04-01 14:20:22,540 INFO All: mr:3715.4 mrr:15.45 hits:45.48
2020-04-01 14:20:22,545 INFO Declined in recent 2 epochs
2020-04-01 14:23:12,069 INFO [169.5] Epoch 100: loss = 0.0003
2020-04-01 14:26:00,839 INFO [168.8] Epoch 101: loss = 0.0003
2020-04-01 14:28:44,793 INFO [164.0] Epoch 102: loss = 0.0003
2020-04-01 14:31:29,302 INFO [164.5] Epoch 103: loss = 0.0003
2020-04-01 14:34:17,373 INFO [168.1] Epoch 104: loss = 0.0003
2020-04-01 14:36:59,294 INFO [161.9] Epoch 105: loss = 0.0003
2020-04-01 14:39:44,775 INFO [165.5] Epoch 106: loss = 0.0003
2020-04-01 14:42:33,393 INFO [168.6] Epoch 107: loss = 0.0003
2020-04-01 14:45:17,099 INFO [163.7] Epoch 108: loss = 0.0003
2020-04-01 14:48:02,239 INFO [165.1] Epoch 109: loss = 0.0003
2020-04-01 14:48:02,240 INFO Start Evaling...
2020-04-01 14:48:12,003 INFO Head: mr:4698.9 mrr:14.50 hits:42.85
2020-04-01 14:48:12,005 INFO Tail: mr:2665.9 mrr:16.29 hits:48.12
2020-04-01 14:48:12,006 INFO All: mr:3682.4 mrr:15.40 hits:45.48
2020-04-01 14:48:12,011 INFO Declined in recent 3 epochs
2020-04-01 14:50:59,091 INFO [167.1] Epoch 110: loss = 0.0003
2020-04-01 14:53:45,593 INFO [166.5] Epoch 111: loss = 0.0003
2020-04-01 14:56:31,849 INFO [166.3] Epoch 112: loss = 0.0003
2020-04-01 14:59:16,319 INFO [164.5] Epoch 113: loss = 0.0003
2020-04-01 15:02:02,967 INFO [166.6] Epoch 114: loss = 0.0003
2020-04-01 15:04:52,654 INFO [169.7] Epoch 115: loss = 0.0003
2020-04-01 15:07:41,588 INFO [168.9] Epoch 116: loss = 0.0003
2020-04-01 15:10:31,281 INFO [169.7] Epoch 117: loss = 0.0003
2020-04-01 15:13:19,463 INFO [168.2] Epoch 118: loss = 0.0003
2020-04-01 15:16:12,890 INFO [173.4] Epoch 119: loss = 0.0003
2020-04-01 15:16:12,890 INFO Start Evaling...
2020-04-01 15:16:22,702 INFO Head: mr:4701.3 mrr:14.60 hits:42.98
2020-04-01 15:16:22,703 INFO Tail: mr:2640.6 mrr:16.37 hits:48.25
2020-04-01 15:16:22,705 INFO All: mr:3671.0 mrr:15.49 hits:45.62
2020-04-01 15:16:22,711 INFO Declined in recent 4 epochs
2020-04-01 15:19:09,140 INFO [166.4] Epoch 120: loss = 0.0003
2020-04-01 15:21:53,936 INFO [164.8] Epoch 121: loss = 0.0003
2020-04-01 15:24:42,952 INFO [169.0] Epoch 122: loss = 0.0003
2020-04-01 15:27:32,224 INFO [169.3] Epoch 123: loss = 0.0003
2020-04-01 15:30:21,100 INFO [168.9] Epoch 124: loss = 0.0003
2020-04-01 15:33:15,714 INFO [174.6] Epoch 125: loss = 0.0003
2020-04-01 15:36:06,319 INFO [170.6] Epoch 126: loss = 0.0003
2020-04-01 15:38:56,794 INFO [170.5] Epoch 127: loss = 0.0003
2020-04-01 15:41:46,235 INFO [169.4] Epoch 128: loss = 0.0003
2020-04-01 15:44:35,354 INFO [169.1] Epoch 129: loss = 0.0003
2020-04-01 15:44:35,355 INFO Start Evaling...
2020-04-01 15:44:45,710 INFO Head: mr:4693.5 mrr:14.55 hits:42.95
2020-04-01 15:44:45,713 INFO Tail: mr:2617.9 mrr:16.43 hits:47.86
2020-04-01 15:44:45,713 INFO All: mr:3655.7 mrr:15.49 hits:45.40
2020-04-01 15:44:45,717 INFO Declined in recent 5 epochs
2020-04-01 15:44:45,717 INFO Early stopping
2020-04-01 15:44:45,717 INFO Train done
2020-04-01 15:44:45,735 INFO Start Evaling...
2020-04-01 15:44:55,771 INFO Head: mr:4951.8 mrr:14.58 hits:42.69
2020-04-01 15:44:55,773 INFO Tail: mr:2886.7 mrr:17.58 hits:49.46
2020-04-01 15:44:55,774 INFO All: mr:3919.2 mrr:16.08 hits:46.08
