2020-05-16 08:23:51,395 INFO EPOCH: 1000
2020-05-16 08:23:51,395 INFO EVERY: 10
2020-05-16 08:23:51,396 INFO LR: 0.001
2020-05-16 08:23:51,396 INFO DIM: 100
2020-05-16 08:23:51,396 INFO BATCH_SIZE: 256
2020-05-16 08:23:51,396 INFO BATCH_SIZE2: 100
2020-05-16 08:23:51,396 INFO P: 1
2020-05-16 08:23:51,396 INFO CLIPPING_MAX_VALUE: 4.0
2020-05-16 08:23:51,396 INFO OPTIM: Adam
2020-05-16 08:23:51,396 INFO N_SAMPLE: 100
2020-05-16 08:23:51,396 INFO MODE: adve
2020-05-16 08:23:51,396 INFO RATE: 0.02
2020-05-16 08:23:51,396 INFO GAMMA: 12.0
2020-05-16 08:23:51,396 INFO BERN: True
2020-05-16 08:23:51,397 INFO MARGIN: 4.0
2020-05-16 08:23:51,397 INFO REG: 1.0
2020-05-16 08:23:51,397 INFO LABEL_SMOOTH_EPS: 0.1
2020-05-16 08:23:51,397 INFO INPUT_DROP: 0.2
2020-05-16 08:23:51,397 INFO FEAT_DROP: 0.2
2020-05-16 08:23:51,397 INFO HIDD_DROP: 0.3
2020-05-16 08:23:51,397 INFO CHANNELS: 50
2020-05-16 08:23:51,397 INFO KERNEL_SIZE: 3
2020-05-16 08:23:51,397 INFO N_POOL: 100
2020-05-16 08:23:51,397 INFO MODEL_D: TransH
2020-05-16 08:23:51,397 INFO MODEL_G: DistMult
2020-05-16 08:23:51,398 INFO SCRATCH: False
2020-05-16 08:23:51,398 INFO D_FILE: None
2020-05-16 08:23:51,398 INFO G_FILE: None
2020-05-16 08:23:51,398 INFO PATH: data
2020-05-16 08:23:51,398 INFO DATA: WN18RR
2020-05-16 08:23:51,398 INFO EXP_PATH: experiment/WN18RR
2020-05-16 08:23:51,398 INFO MODEL: TransH
2020-05-16 08:23:51,398 INFO V: 100
2020-05-16 08:23:51,398 INFO F: True
2020-05-16 08:23:51,398 INFO EVAL: False
2020-05-16 08:23:51,398 INFO TRAINED: False
2020-05-16 08:23:51,398 INFO PRETRAINED_NAME: None
2020-05-16 08:23:51,399 INFO EXP_NAME: TransH-WN18RR-adve-100
2020-05-16 08:23:51,399 INFO --------------------------------------
2020-05-16 08:23:53,900 INFO Dataload done
2020-05-16 08:23:53,900 INFO --------------------------------------
2020-05-16 08:23:53,901 INFO N_ENTITY: 40943
2020-05-16 08:23:53,901 INFO N_RELATION: 11
2020-05-16 08:23:53,901 INFO --------------------------------------
2020-05-16 08:23:57,354 INFO Start Training...
2020-05-16 08:24:35,040 INFO [37.7] Epoch 0: loss = 344.5032
2020-05-16 08:25:13,156 INFO [38.1] Epoch 1: loss = 313.9653
2020-05-16 08:25:51,375 INFO [38.2] Epoch 2: loss = 285.8004
2020-05-16 08:26:29,224 INFO [37.8] Epoch 3: loss = 255.1091
2020-05-16 08:27:07,441 INFO [38.2] Epoch 4: loss = 223.5826
2020-05-16 08:27:45,777 INFO [38.3] Epoch 5: loss = 191.8826
2020-05-16 08:28:23,897 INFO [38.1] Epoch 6: loss = 160.8461
2020-05-16 08:29:01,353 INFO [37.5] Epoch 7: loss = 133.7191
2020-05-16 08:29:39,256 INFO [37.9] Epoch 8: loss = 111.1074
2020-05-16 08:30:17,346 INFO [38.1] Epoch 9: loss = 93.4259
2020-05-16 08:30:17,346 INFO Start Evaling...
2020-05-16 08:31:21,835 INFO Head: mr:8306.4 mrr:14.22 hits:37.01
2020-05-16 08:31:21,835 INFO Tail: mr:3970.3 mrr:15.52 hits:38.43
2020-05-16 08:31:21,835 INFO All: mr:6138.3 mrr:14.87 hits:37.72
2020-05-16 08:31:21,837 INFO Start Evaling...
2020-05-16 08:32:28,126 INFO Head: mr:8721.8 mrr:13.70 hits:36.34
2020-05-16 08:32:28,126 INFO Tail: mr:3913.7 mrr:15.33 hits:38.67
2020-05-16 08:32:28,126 INFO All: mr:6317.8 mrr:14.52 hits:37.51
2020-05-16 08:32:28,128 INFO Improved and model saved
2020-05-16 08:33:06,494 INFO [38.3] Epoch 10: loss = 80.0276
2020-05-16 08:33:44,382 INFO [37.9] Epoch 11: loss = 70.4459
2020-05-16 08:34:22,659 INFO [38.3] Epoch 12: loss = 63.0751
2020-05-16 08:35:00,895 INFO [38.2] Epoch 13: loss = 57.7624
2020-05-16 08:35:39,192 INFO [38.3] Epoch 14: loss = 53.8884
2020-05-16 08:36:17,482 INFO [38.3] Epoch 15: loss = 50.7285
2020-05-16 08:36:55,297 INFO [37.8] Epoch 16: loss = 48.6141
2020-05-16 08:37:33,583 INFO [38.3] Epoch 17: loss = 46.0281
2020-05-16 08:38:11,744 INFO [38.2] Epoch 18: loss = 44.5747
2020-05-16 08:38:49,991 INFO [38.2] Epoch 19: loss = 43.8367
2020-05-16 08:38:49,991 INFO Start Evaling...
2020-05-16 08:39:54,476 INFO Head: mr:6472.3 mrr:17.00 hits:43.05
2020-05-16 08:39:54,476 INFO Tail: mr:3240.1 mrr:18.56 hits:45.06
2020-05-16 08:39:54,476 INFO All: mr:4856.2 mrr:17.78 hits:44.05
2020-05-16 08:39:54,478 INFO Start Evaling...
2020-05-16 08:41:00,774 INFO Head: mr:6888.3 mrr:16.94 hits:42.88
2020-05-16 08:41:00,774 INFO Tail: mr:3392.4 mrr:18.41 hits:45.69
2020-05-16 08:41:00,774 INFO All: mr:5140.4 mrr:17.68 hits:44.29
2020-05-16 08:41:00,776 INFO Improved and model saved
2020-05-16 08:41:38,375 INFO [37.6] Epoch 20: loss = 42.5194
2020-05-16 08:42:16,378 INFO [38.0] Epoch 21: loss = 41.4033
2020-05-16 08:42:54,443 INFO [38.1] Epoch 22: loss = 40.0609
2020-05-16 08:43:32,662 INFO [38.2] Epoch 23: loss = 39.3746
2020-05-16 08:44:10,210 INFO [37.5] Epoch 24: loss = 38.5098
2020-05-16 08:44:48,266 INFO [38.1] Epoch 25: loss = 38.4159
2020-05-16 08:45:26,227 INFO [38.0] Epoch 26: loss = 38.1360
2020-05-16 08:46:04,431 INFO [38.2] Epoch 27: loss = 37.7480
2020-05-16 08:46:42,340 INFO [37.9] Epoch 28: loss = 36.4820
2020-05-16 08:47:20,569 INFO [38.2] Epoch 29: loss = 36.1856
2020-05-16 08:47:20,570 INFO Start Evaling...
2020-05-16 08:48:24,901 INFO Head: mr:6013.5 mrr:18.05 hits:44.07
2020-05-16 08:48:24,901 INFO Tail: mr:2844.0 mrr:19.25 hits:47.53
2020-05-16 08:48:24,901 INFO All: mr:4428.8 mrr:18.65 hits:45.80
2020-05-16 08:48:24,903 INFO Start Evaling...
2020-05-16 08:49:31,039 INFO Head: mr:6471.7 mrr:18.10 hits:44.03
2020-05-16 08:49:31,039 INFO Tail: mr:2959.3 mrr:19.34 hits:48.09
2020-05-16 08:49:31,039 INFO All: mr:4715.5 mrr:18.72 hits:46.06
2020-05-16 08:49:31,041 INFO Improved and model saved
2020-05-16 08:50:09,259 INFO [38.2] Epoch 30: loss = 35.3809
2020-05-16 08:50:47,630 INFO [38.4] Epoch 31: loss = 35.8287
2020-05-16 08:51:25,557 INFO [37.9] Epoch 32: loss = 34.8779
2020-05-16 08:52:03,570 INFO [38.0] Epoch 33: loss = 34.8921
2020-05-16 08:52:41,645 INFO [38.1] Epoch 34: loss = 34.7188
2020-05-16 08:53:19,938 INFO [38.3] Epoch 35: loss = 34.8063
2020-05-16 08:53:58,233 INFO [38.3] Epoch 36: loss = 34.1024
2020-05-16 08:54:36,481 INFO [38.2] Epoch 37: loss = 34.0153
2020-05-16 08:55:14,579 INFO [38.1] Epoch 38: loss = 33.4492
2020-05-16 08:55:52,726 INFO [38.1] Epoch 39: loss = 34.0219
2020-05-16 08:55:52,727 INFO Start Evaling...
2020-05-16 08:56:57,043 INFO Head: mr:5848.9 mrr:18.49 hits:44.86
2020-05-16 08:56:57,043 INFO Tail: mr:2601.7 mrr:19.44 hits:48.29
2020-05-16 08:56:57,043 INFO All: mr:4225.3 mrr:18.96 hits:46.57
2020-05-16 08:56:57,045 INFO Start Evaling...
2020-05-16 08:58:03,168 INFO Head: mr:6176.8 mrr:18.41 hits:44.48
2020-05-16 08:58:03,168 INFO Tail: mr:2726.0 mrr:19.73 hits:48.98
2020-05-16 08:58:03,168 INFO All: mr:4451.4 mrr:19.07 hits:46.73
2020-05-16 08:58:03,170 INFO Improved and model saved
2020-05-16 08:58:41,122 INFO [37.9] Epoch 40: loss = 33.9291
2020-05-16 08:59:19,152 INFO [38.0] Epoch 41: loss = 33.6269
2020-05-16 08:59:57,194 INFO [38.0] Epoch 42: loss = 33.4012
2020-05-16 09:00:34,836 INFO [37.6] Epoch 43: loss = 33.3865
2020-05-16 09:01:12,855 INFO [38.0] Epoch 44: loss = 33.2704
2020-05-16 09:01:50,747 INFO [37.9] Epoch 45: loss = 33.3607
2020-05-16 09:02:28,885 INFO [38.1] Epoch 46: loss = 32.4447
2020-05-16 09:03:06,740 INFO [37.9] Epoch 47: loss = 32.9692
2020-05-16 09:03:44,891 INFO [38.2] Epoch 48: loss = 32.6269
2020-05-16 09:04:23,104 INFO [38.2] Epoch 49: loss = 32.4726
2020-05-16 09:04:23,105 INFO Start Evaling...
2020-05-16 09:05:27,605 INFO Head: mr:5708.5 mrr:18.94 hits:44.96
2020-05-16 09:05:27,605 INFO Tail: mr:2599.3 mrr:19.80 hits:48.78
2020-05-16 09:05:27,605 INFO All: mr:4153.9 mrr:19.37 hits:46.87
2020-05-16 09:05:27,607 INFO Start Evaling...
2020-05-16 09:06:33,909 INFO Head: mr:6020.5 mrr:18.52 hits:44.86
2020-05-16 09:06:33,909 INFO Tail: mr:2593.8 mrr:20.20 hits:49.30
2020-05-16 09:06:33,909 INFO All: mr:4307.1 mrr:19.36 hits:47.08
2020-05-16 09:06:33,911 INFO Improved and model saved
2020-05-16 09:07:12,128 INFO [38.2] Epoch 50: loss = 32.5420
2020-05-16 09:07:50,008 INFO [37.9] Epoch 51: loss = 32.7461
2020-05-16 09:08:28,225 INFO [38.2] Epoch 52: loss = 31.8296
2020-05-16 09:09:06,508 INFO [38.3] Epoch 53: loss = 32.3622
2020-05-16 09:09:44,460 INFO [38.0] Epoch 54: loss = 31.9274
2020-05-16 09:10:22,013 INFO [37.6] Epoch 55: loss = 32.0739
2020-05-16 09:11:00,055 INFO [38.0] Epoch 56: loss = 32.2225
2020-05-16 09:11:38,170 INFO [38.1] Epoch 57: loss = 30.6750
2020-05-16 09:12:16,348 INFO [38.2] Epoch 58: loss = 32.2697
2020-05-16 09:12:54,418 INFO [38.1] Epoch 59: loss = 32.0157
2020-05-16 09:12:54,419 INFO Start Evaling...
2020-05-16 09:13:58,897 INFO Head: mr:5568.4 mrr:18.91 hits:45.55
2020-05-16 09:13:58,897 INFO Tail: mr:2468.4 mrr:20.17 hits:49.21
2020-05-16 09:13:58,897 INFO All: mr:4018.4 mrr:19.54 hits:47.38
2020-05-16 09:13:58,899 INFO Start Evaling...
2020-05-16 09:15:05,005 INFO Head: mr:5963.3 mrr:18.63 hits:44.70
2020-05-16 09:15:05,005 INFO Tail: mr:2502.8 mrr:20.33 hits:49.94
2020-05-16 09:15:05,005 INFO All: mr:4233.1 mrr:19.48 hits:47.32
2020-05-16 09:15:05,007 INFO Improved and model saved
2020-05-16 09:15:42,453 INFO [37.4] Epoch 60: loss = 31.1761
2020-05-16 09:16:20,596 INFO [38.1] Epoch 61: loss = 31.8671
2020-05-16 09:16:58,536 INFO [37.9] Epoch 62: loss = 30.9974
2020-05-16 09:17:36,564 INFO [38.0] Epoch 63: loss = 31.0425
2020-05-16 09:18:14,377 INFO [37.8] Epoch 64: loss = 31.7466
2020-05-16 09:18:52,545 INFO [38.2] Epoch 65: loss = 30.7610
2020-05-16 09:19:30,921 INFO [38.4] Epoch 66: loss = 31.1604
2020-05-16 09:20:09,276 INFO [38.4] Epoch 67: loss = 32.1476
2020-05-16 09:20:47,260 INFO [38.0] Epoch 68: loss = 31.4964
2020-05-16 09:21:25,517 INFO [38.3] Epoch 69: loss = 31.9721
2020-05-16 09:21:25,518 INFO Start Evaling...
2020-05-16 09:22:29,840 INFO Head: mr:5595.5 mrr:18.90 hits:45.48
2020-05-16 09:22:29,841 INFO Tail: mr:2437.0 mrr:20.34 hits:49.74
2020-05-16 09:22:29,841 INFO All: mr:4016.3 mrr:19.62 hits:47.61
2020-05-16 09:22:29,843 INFO Start Evaling...
2020-05-16 09:23:35,969 INFO Head: mr:6002.9 mrr:18.93 hits:44.83
2020-05-16 09:23:35,969 INFO Tail: mr:2424.6 mrr:20.43 hits:50.13
2020-05-16 09:23:35,969 INFO All: mr:4213.8 mrr:19.68 hits:47.48
2020-05-16 09:23:35,971 INFO Improved and model saved
2020-05-16 09:24:14,190 INFO [38.2] Epoch 70: loss = 31.1927
2020-05-16 09:24:52,534 INFO [38.3] Epoch 71: loss = 30.4290
2020-05-16 09:25:30,435 INFO [37.9] Epoch 72: loss = 30.6560
2020-05-16 09:26:08,588 INFO [38.2] Epoch 73: loss = 31.1818
2020-05-16 09:26:46,850 INFO [38.3] Epoch 74: loss = 31.4108
2020-05-16 09:27:25,209 INFO [38.4] Epoch 75: loss = 30.8858
2020-05-16 09:28:03,419 INFO [38.2] Epoch 76: loss = 31.5189
2020-05-16 09:28:41,751 INFO [38.3] Epoch 77: loss = 30.3120
2020-05-16 09:29:20,044 INFO [38.3] Epoch 78: loss = 30.5714
2020-05-16 09:29:58,377 INFO [38.3] Epoch 79: loss = 30.2061
2020-05-16 09:29:58,378 INFO Start Evaling...
2020-05-16 09:31:02,889 INFO Head: mr:5555.9 mrr:19.41 hits:45.78
2020-05-16 09:31:02,889 INFO Tail: mr:2390.5 mrr:20.59 hits:50.03
2020-05-16 09:31:02,889 INFO All: mr:3973.2 mrr:20.00 hits:47.91
2020-05-16 09:31:02,892 INFO Start Evaling...
2020-05-16 09:32:09,211 INFO Head: mr:5835.3 mrr:18.97 hits:45.37
2020-05-16 09:32:09,211 INFO Tail: mr:2392.6 mrr:20.67 hits:50.35
2020-05-16 09:32:09,212 INFO All: mr:4114.0 mrr:19.82 hits:47.86
2020-05-16 09:32:09,214 INFO Improved and model saved
2020-05-16 09:32:47,517 INFO [38.3] Epoch 80: loss = 30.3285
2020-05-16 09:33:25,457 INFO [37.9] Epoch 81: loss = 31.4949
2020-05-16 09:34:02,983 INFO [37.5] Epoch 82: loss = 30.6936
2020-05-16 09:34:40,992 INFO [38.0] Epoch 83: loss = 30.2713
2020-05-16 09:35:19,178 INFO [38.2] Epoch 84: loss = 30.5349
2020-05-16 09:35:57,371 INFO [38.2] Epoch 85: loss = 31.0476
2020-05-16 09:36:34,875 INFO [37.5] Epoch 86: loss = 30.4593
2020-05-16 09:37:13,020 INFO [38.1] Epoch 87: loss = 30.4348
2020-05-16 09:37:51,290 INFO [38.3] Epoch 88: loss = 30.5312
2020-05-16 09:38:29,359 INFO [38.1] Epoch 89: loss = 30.0917
2020-05-16 09:38:29,359 INFO Start Evaling...
2020-05-16 09:39:33,674 INFO Head: mr:5481.7 mrr:19.49 hits:46.01
2020-05-16 09:39:33,674 INFO Tail: mr:2363.6 mrr:20.70 hits:49.80
2020-05-16 09:39:33,674 INFO All: mr:3922.7 mrr:20.10 hits:47.91
2020-05-16 09:39:33,676 INFO Start Evaling...
2020-05-16 09:40:39,787 INFO Head: mr:5784.4 mrr:19.23 hits:45.60
2020-05-16 09:40:39,787 INFO Tail: mr:2370.3 mrr:20.94 hits:50.19
2020-05-16 09:40:39,787 INFO All: mr:4077.4 mrr:20.09 hits:47.89
2020-05-16 09:40:39,789 INFO Improved and model saved
2020-05-16 09:41:17,480 INFO [37.7] Epoch 90: loss = 30.4800
2020-05-16 09:41:55,645 INFO [38.2] Epoch 91: loss = 29.3129
2020-05-16 09:42:33,875 INFO [38.2] Epoch 92: loss = 30.2565
2020-05-16 09:43:12,240 INFO [38.4] Epoch 93: loss = 30.2567
2020-05-16 09:43:49,915 INFO [37.7] Epoch 94: loss = 30.7382
2020-05-16 09:44:28,094 INFO [38.2] Epoch 95: loss = 29.7172
2020-05-16 09:45:06,318 INFO [38.2] Epoch 96: loss = 30.6997
2020-05-16 09:45:44,366 INFO [38.0] Epoch 97: loss = 29.7558
2020-05-16 09:46:22,242 INFO [37.9] Epoch 98: loss = 30.0022
2020-05-16 09:47:00,204 INFO [38.0] Epoch 99: loss = 29.3992
2020-05-16 09:47:00,204 INFO Start Evaling...
2020-05-16 09:48:04,687 INFO Head: mr:5479.1 mrr:19.20 hits:46.01
2020-05-16 09:48:04,688 INFO Tail: mr:2376.7 mrr:20.59 hits:50.33
2020-05-16 09:48:04,688 INFO All: mr:3927.9 mrr:19.89 hits:48.17
2020-05-16 09:48:04,690 INFO Start Evaling...
2020-05-16 09:49:10,965 INFO Head: mr:5703.8 mrr:19.04 hits:45.79
2020-05-16 09:49:10,965 INFO Tail: mr:2388.0 mrr:20.93 hits:50.22
2020-05-16 09:49:10,965 INFO All: mr:4045.9 mrr:19.98 hits:48.01
2020-05-16 09:49:10,967 INFO Declined in recent 1 epochs
2020-05-16 09:49:49,183 INFO [38.2] Epoch 100: loss = 30.3351
2020-05-16 09:50:27,547 INFO [38.4] Epoch 101: loss = 29.9138
2020-05-16 09:51:05,589 INFO [38.0] Epoch 102: loss = 28.8404
2020-05-16 09:51:43,857 INFO [38.3] Epoch 103: loss = 29.8287
2020-05-16 09:52:21,940 INFO [38.1] Epoch 104: loss = 28.8913
2020-05-16 09:53:00,193 INFO [38.3] Epoch 105: loss = 29.7597
2020-05-16 09:53:38,436 INFO [38.2] Epoch 106: loss = 29.2284
2020-05-16 09:54:16,676 INFO [38.2] Epoch 107: loss = 28.7377
2020-05-16 09:54:54,893 INFO [38.2] Epoch 108: loss = 28.8195
2020-05-16 09:55:32,695 INFO [37.8] Epoch 109: loss = 29.5612
2020-05-16 09:55:32,696 INFO Start Evaling...
2020-05-16 09:56:37,186 INFO Head: mr:5370.5 mrr:19.64 hits:46.08
2020-05-16 09:56:37,186 INFO Tail: mr:2344.4 mrr:20.91 hits:50.76
2020-05-16 09:56:37,186 INFO All: mr:3857.5 mrr:20.28 hits:48.42
2020-05-16 09:56:37,188 INFO Start Evaling...
2020-05-16 09:57:43,485 INFO Head: mr:5655.4 mrr:19.52 hits:45.63
2020-05-16 09:57:43,485 INFO Tail: mr:2361.9 mrr:20.96 hits:49.87
2020-05-16 09:57:43,485 INFO All: mr:4008.7 mrr:20.24 hits:47.75
2020-05-16 09:57:43,487 INFO Improved and model saved
2020-05-16 09:58:21,429 INFO [37.9] Epoch 110: loss = 29.1372
2020-05-16 09:58:59,613 INFO [38.2] Epoch 111: loss = 30.1130
2020-05-16 09:59:37,693 INFO [38.1] Epoch 112: loss = 28.8653
2020-05-16 10:00:15,526 INFO [37.8] Epoch 113: loss = 29.9254
2020-05-16 10:00:53,620 INFO [38.1] Epoch 114: loss = 29.1712
2020-05-16 10:01:31,731 INFO [38.1] Epoch 115: loss = 29.5178
2020-05-16 10:02:09,958 INFO [38.2] Epoch 116: loss = 29.3052
2020-05-16 10:02:47,684 INFO [37.7] Epoch 117: loss = 28.4582
2020-05-16 10:03:25,804 INFO [38.1] Epoch 118: loss = 28.8475
2020-05-16 10:04:03,750 INFO [37.9] Epoch 119: loss = 29.9149
2020-05-16 10:04:03,750 INFO Start Evaling...
2020-05-16 10:05:08,226 INFO Head: mr:5419.4 mrr:19.46 hits:45.98
2020-05-16 10:05:08,227 INFO Tail: mr:2359.6 mrr:20.72 hits:49.84
2020-05-16 10:05:08,227 INFO All: mr:3889.5 mrr:20.09 hits:47.91
2020-05-16 10:05:08,229 INFO Start Evaling...
2020-05-16 10:06:14,513 INFO Head: mr:5709.4 mrr:19.20 hits:45.85
2020-05-16 10:06:14,513 INFO Tail: mr:2287.6 mrr:20.91 hits:50.00
2020-05-16 10:06:14,513 INFO All: mr:3998.5 mrr:20.06 hits:47.93
2020-05-16 10:06:14,515 INFO Declined in recent 1 epochs
2020-05-16 10:06:52,398 INFO [37.9] Epoch 120: loss = 29.3646
2020-05-16 10:07:30,012 INFO [37.6] Epoch 121: loss = 29.3183
2020-05-16 10:08:07,887 INFO [37.9] Epoch 122: loss = 29.8078
2020-05-16 10:08:45,909 INFO [38.0] Epoch 123: loss = 29.4696
2020-05-16 10:09:23,886 INFO [38.0] Epoch 124: loss = 29.6616
2020-05-16 10:10:01,905 INFO [38.0] Epoch 125: loss = 29.3251
2020-05-16 10:10:39,743 INFO [37.8] Epoch 126: loss = 29.0918
2020-05-16 10:11:17,744 INFO [38.0] Epoch 127: loss = 29.0734
2020-05-16 10:11:55,718 INFO [38.0] Epoch 128: loss = 29.7687
2020-05-16 10:12:33,624 INFO [37.9] Epoch 129: loss = 29.9460
2020-05-16 10:12:33,624 INFO Start Evaling...
2020-05-16 10:13:38,087 INFO Head: mr:5430.3 mrr:19.37 hits:46.57
2020-05-16 10:13:38,087 INFO Tail: mr:2348.3 mrr:20.86 hits:50.30
2020-05-16 10:13:38,087 INFO All: mr:3889.3 mrr:20.11 hits:48.43
2020-05-16 10:13:38,090 INFO Start Evaling...
2020-05-16 10:14:44,364 INFO Head: mr:5646.1 mrr:18.83 hits:45.69
2020-05-16 10:14:44,364 INFO Tail: mr:2314.1 mrr:20.66 hits:50.19
2020-05-16 10:14:44,365 INFO All: mr:3980.1 mrr:19.74 hits:47.94
2020-05-16 10:14:44,367 INFO Declined in recent 2 epochs
2020-05-16 10:15:22,498 INFO [38.1] Epoch 130: loss = 30.2059
2020-05-16 10:16:00,250 INFO [37.8] Epoch 131: loss = 28.5554
2020-05-16 10:16:38,342 INFO [38.1] Epoch 132: loss = 29.3357
2020-05-16 10:17:16,590 INFO [38.2] Epoch 133: loss = 29.0521
2020-05-16 10:17:54,579 INFO [38.0] Epoch 134: loss = 29.3286
2020-05-16 10:18:32,137 INFO [37.6] Epoch 135: loss = 29.2580
2020-05-16 10:19:09,979 INFO [37.8] Epoch 136: loss = 29.4452
2020-05-16 10:19:48,244 INFO [38.3] Epoch 137: loss = 29.4200
2020-05-16 10:20:26,531 INFO [38.3] Epoch 138: loss = 29.0040
2020-05-16 10:21:04,098 INFO [37.6] Epoch 139: loss = 29.2599
2020-05-16 10:21:04,098 INFO Start Evaling...
2020-05-16 10:22:08,591 INFO Head: mr:5387.7 mrr:19.37 hits:46.70
2020-05-16 10:22:08,591 INFO Tail: mr:2341.3 mrr:20.65 hits:50.03
2020-05-16 10:22:08,591 INFO All: mr:3864.5 mrr:20.01 hits:48.37
2020-05-16 10:22:08,594 INFO Start Evaling...
2020-05-16 10:23:14,897 INFO Head: mr:5663.7 mrr:18.95 hits:45.41
2020-05-16 10:23:14,897 INFO Tail: mr:2300.7 mrr:20.76 hits:50.29
2020-05-16 10:23:14,897 INFO All: mr:3982.2 mrr:19.85 hits:47.85
2020-05-16 10:23:14,899 INFO Declined in recent 3 epochs
2020-05-16 10:23:52,839 INFO [37.9] Epoch 140: loss = 29.5538
2020-05-16 10:24:30,786 INFO [37.9] Epoch 141: loss = 29.9468
2020-05-16 10:25:08,643 INFO [37.9] Epoch 142: loss = 28.8892
2020-05-16 10:25:46,353 INFO [37.7] Epoch 143: loss = 29.1252
2020-05-16 10:26:24,113 INFO [37.8] Epoch 144: loss = 27.9691
2020-05-16 10:27:01,929 INFO [37.8] Epoch 145: loss = 28.8406
2020-05-16 10:27:39,861 INFO [37.9] Epoch 146: loss = 28.6759
2020-05-16 10:28:17,858 INFO [38.0] Epoch 147: loss = 28.8305
2020-05-16 10:28:55,633 INFO [37.8] Epoch 148: loss = 29.5273
2020-05-16 10:29:33,619 INFO [38.0] Epoch 149: loss = 28.8087
2020-05-16 10:29:33,620 INFO Start Evaling...
2020-05-16 10:30:38,108 INFO Head: mr:5253.3 mrr:19.55 hits:45.81
2020-05-16 10:30:38,108 INFO Tail: mr:2329.9 mrr:20.80 hits:50.03
2020-05-16 10:30:38,108 INFO All: mr:3791.6 mrr:20.17 hits:47.92
2020-05-16 10:30:38,111 INFO Start Evaling...
2020-05-16 10:31:44,413 INFO Head: mr:5584.4 mrr:19.15 hits:45.34
2020-05-16 10:31:44,413 INFO Tail: mr:2251.0 mrr:21.09 hits:50.19
2020-05-16 10:31:44,413 INFO All: mr:3917.7 mrr:20.12 hits:47.77
2020-05-16 10:31:44,415 INFO Declined in recent 4 epochs
2020-05-16 10:32:22,350 INFO [37.9] Epoch 150: loss = 29.0700
2020-05-16 10:33:00,271 INFO [37.9] Epoch 151: loss = 29.2069
2020-05-16 10:33:38,404 INFO [38.1] Epoch 152: loss = 28.9814
2020-05-16 10:34:16,357 INFO [38.0] Epoch 153: loss = 28.8990
2020-05-16 10:34:54,265 INFO [37.9] Epoch 154: loss = 28.9019
2020-05-16 10:35:32,182 INFO [37.9] Epoch 155: loss = 28.6412
2020-05-16 10:36:10,090 INFO [37.9] Epoch 156: loss = 28.1519
2020-05-16 10:36:48,045 INFO [38.0] Epoch 157: loss = 29.3552
2020-05-16 10:37:26,068 INFO [38.0] Epoch 158: loss = 29.5296
2020-05-16 10:38:03,632 INFO [37.6] Epoch 159: loss = 28.7067
2020-05-16 10:38:03,632 INFO Start Evaling...
2020-05-16 10:39:08,122 INFO Head: mr:5281.1 mrr:19.50 hits:46.44
2020-05-16 10:39:08,122 INFO Tail: mr:2349.5 mrr:20.58 hits:49.77
2020-05-16 10:39:08,122 INFO All: mr:3815.3 mrr:20.04 hits:48.10
2020-05-16 10:39:08,125 INFO Start Evaling...
2020-05-16 10:40:14,425 INFO Head: mr:5552.1 mrr:19.18 hits:46.04
2020-05-16 10:40:14,425 INFO Tail: mr:2287.3 mrr:21.01 hits:50.45
2020-05-16 10:40:14,426 INFO All: mr:3919.7 mrr:20.09 hits:48.25
2020-05-16 10:40:14,428 INFO Declined in recent 5 epochs
2020-05-16 10:40:14,428 INFO Early stopping
2020-05-16 10:40:14,428 INFO Train done
2020-05-16 10:40:14,442 INFO Start Evaling...
2020-05-16 10:41:20,745 INFO Head: mr:5655.4 mrr:19.52 hits:45.63
2020-05-16 10:41:20,746 INFO Tail: mr:2361.9 mrr:20.96 hits:49.87
2020-05-16 10:41:20,746 INFO All: mr:4008.7 mrr:20.24 hits:47.75
