2020-04-26 19:11:48,822 INFO EPOCH: 1000
2020-04-26 19:11:48,822 INFO EVERY: 10
2020-04-26 19:11:48,822 INFO LR: 0.001
2020-04-26 19:11:48,822 INFO DIM: 100
2020-04-26 19:11:48,822 INFO BATCH_SIZE: 256
2020-04-26 19:11:48,822 INFO BATCH_SIZE2: 100
2020-04-26 19:11:48,822 INFO P: 1
2020-04-26 19:11:48,822 INFO CLIPPING_MAX_VALUE: 4.0
2020-04-26 19:11:48,822 INFO OPTIM: Adam
2020-04-26 19:11:48,822 INFO N_SAMPLE: 100
2020-04-26 19:11:48,822 INFO MODE: grap
2020-04-26 19:11:48,823 INFO RATE: 0.15
2020-04-26 19:11:48,823 INFO GAMMA: 12.0
2020-04-26 19:11:48,823 INFO BERN: True
2020-04-26 19:11:48,823 INFO MARGIN: 4.0
2020-04-26 19:11:48,823 INFO REG: 1.0
2020-04-26 19:11:48,823 INFO LABEL_SMOOTH_EPS: 0.1
2020-04-26 19:11:48,823 INFO INPUT_DROP: 0.2
2020-04-26 19:11:48,823 INFO FEAT_DROP: 0.2
2020-04-26 19:11:48,823 INFO HIDD_DROP: 0.3
2020-04-26 19:11:48,823 INFO CHANNELS: 50
2020-04-26 19:11:48,823 INFO KERNEL_SIZE: 3
2020-04-26 19:11:48,823 INFO N_POOL: 100
2020-04-26 19:11:48,823 INFO MODEL_D: TransH
2020-04-26 19:11:48,823 INFO MODEL_G: DistMult
2020-04-26 19:11:48,823 INFO SCRATCH: False
2020-04-26 19:11:48,823 INFO D_FILE: None
2020-04-26 19:11:48,823 INFO G_FILE: None
2020-04-26 19:11:48,823 INFO PATH: data
2020-04-26 19:11:48,823 INFO DATA: WN18RR
2020-04-26 19:11:48,823 INFO EXP_PATH: experiment/WN18RR
2020-04-26 19:11:48,823 INFO MODEL: TransH
2020-04-26 19:11:48,823 INFO V: 15
2020-04-26 19:11:48,823 INFO F: False
2020-04-26 19:11:48,823 INFO EVAL: False
2020-04-26 19:11:48,823 INFO TRAINED: False
2020-04-26 19:11:48,823 INFO PRETRAINED_NAME: None
2020-04-26 19:11:48,823 INFO EXP_NAME: TransH-WN18RR-grap-15
2020-04-26 19:11:48,823 INFO --------------------------------------
2020-04-26 19:11:52,084 INFO Dataload done
2020-04-26 19:11:52,084 INFO --------------------------------------
2020-04-26 19:11:52,084 INFO N_ENTITY: 40943
2020-04-26 19:11:52,084 INFO N_RELATION: 11
2020-04-26 19:11:52,084 INFO --------------------------------------
2020-04-26 19:11:59,520 INFO Start Training...
2020-04-26 19:12:22,931 INFO [23.4] Epoch 0: loss = 327.1198
2020-04-26 19:12:47,710 INFO [24.8] Epoch 1: loss = 274.2011
2020-04-26 19:13:17,156 INFO [29.4] Epoch 2: loss = 235.0554
2020-04-26 19:13:41,335 INFO [24.2] Epoch 3: loss = 200.2019
2020-04-26 19:14:07,869 INFO [26.5] Epoch 4: loss = 169.8961
2020-04-26 19:14:32,758 INFO [24.9] Epoch 5: loss = 143.5828
2020-04-26 19:14:57,072 INFO [24.3] Epoch 6: loss = 120.9202
2020-04-26 19:15:22,280 INFO [25.2] Epoch 7: loss = 101.3950
2020-04-26 19:15:47,460 INFO [25.2] Epoch 8: loss = 85.5408
2020-04-26 19:16:12,682 INFO [25.2] Epoch 9: loss = 73.0961
2020-04-26 19:16:12,682 INFO Start Evaling...
2020-04-26 19:16:25,142 INFO Head: mr:10690.2 mrr:6.33 hits:16.08
2020-04-26 19:16:25,145 INFO Tail: mr:4810.6 mrr:8.01 hits:19.38
2020-04-26 19:16:25,147 INFO All: mr:7750.4 mrr:7.17 hits:17.73
2020-04-26 19:16:25,152 INFO Start Evaling...
2020-04-26 19:16:37,307 INFO Head: mr:11096.8 mrr:6.33 hits:15.92
2020-04-26 19:16:37,310 INFO Tail: mr:4464.9 mrr:8.61 hits:20.29
2020-04-26 19:16:37,310 INFO All: mr:7780.9 mrr:7.47 hits:18.11
2020-04-26 19:16:37,313 INFO Improved and model saved
2020-04-26 19:17:01,996 INFO [24.6] Epoch 10: loss = 63.5716
2020-04-26 19:17:27,839 INFO [25.8] Epoch 11: loss = 56.4092
2020-04-26 19:17:51,638 INFO [23.8] Epoch 12: loss = 50.8365
2020-04-26 19:18:16,674 INFO [25.0] Epoch 13: loss = 46.5946
2020-04-26 19:18:42,034 INFO [25.4] Epoch 14: loss = 43.2014
2020-04-26 19:19:08,870 INFO [26.8] Epoch 15: loss = 40.6200
2020-04-26 19:19:33,491 INFO [24.6] Epoch 16: loss = 38.3895
2020-04-26 19:19:59,018 INFO [25.5] Epoch 17: loss = 36.5965
2020-04-26 19:20:23,352 INFO [24.3] Epoch 18: loss = 35.0230
2020-04-26 19:20:49,227 INFO [25.9] Epoch 19: loss = 33.7919
2020-04-26 19:20:49,228 INFO Start Evaling...
2020-04-26 19:21:00,066 INFO Head: mr:8582.3 mrr:11.66 hits:29.96
2020-04-26 19:21:00,069 INFO Tail: mr:3579.2 mrr:13.44 hits:31.58
2020-04-26 19:21:00,070 INFO All: mr:6080.7 mrr:12.55 hits:30.77
2020-04-26 19:21:00,076 INFO Start Evaling...
2020-04-26 19:21:10,678 INFO Head: mr:9025.2 mrr:11.75 hits:29.61
2020-04-26 19:21:10,678 INFO Tail: mr:3391.1 mrr:14.37 hits:32.61
2020-04-26 19:21:10,678 INFO All: mr:6208.2 mrr:13.06 hits:31.11
2020-04-26 19:21:10,681 INFO Improved and model saved
2020-04-26 19:21:39,598 INFO [28.9] Epoch 20: loss = 32.7365
2020-04-26 19:22:07,456 INFO [27.9] Epoch 21: loss = 31.7604
2020-04-26 19:22:32,529 INFO [25.1] Epoch 22: loss = 30.9643
2020-04-26 19:22:58,989 INFO [26.5] Epoch 23: loss = 30.2570
2020-04-26 19:23:23,787 INFO [24.8] Epoch 24: loss = 29.5712
2020-04-26 19:23:50,811 INFO [27.0] Epoch 25: loss = 29.0244
2020-04-26 19:24:15,457 INFO [24.6] Epoch 26: loss = 28.4377
2020-04-26 19:24:42,767 INFO [27.3] Epoch 27: loss = 27.8718
2020-04-26 19:25:06,655 INFO [23.9] Epoch 28: loss = 27.4911
2020-04-26 19:25:31,891 INFO [25.2] Epoch 29: loss = 27.1090
2020-04-26 19:25:31,892 INFO Start Evaling...
2020-04-26 19:25:42,312 INFO Head: mr:7966.0 mrr:14.19 hits:35.33
2020-04-26 19:25:42,312 INFO Tail: mr:3247.2 mrr:15.94 hits:36.88
2020-04-26 19:25:42,312 INFO All: mr:5606.6 mrr:15.06 hits:36.11
2020-04-26 19:25:42,315 INFO Start Evaling...
2020-04-26 19:25:52,273 INFO Head: mr:8429.9 mrr:14.04 hits:34.81
2020-04-26 19:25:52,273 INFO Tail: mr:3148.3 mrr:16.69 hits:37.56
2020-04-26 19:25:52,273 INFO All: mr:5789.1 mrr:15.37 hits:36.18
2020-04-26 19:25:52,275 INFO Improved and model saved
2020-04-26 19:26:22,071 INFO [29.8] Epoch 30: loss = 26.7977
2020-04-26 19:26:47,730 INFO [25.7] Epoch 31: loss = 26.4235
2020-04-26 19:27:12,757 INFO [25.0] Epoch 32: loss = 26.0812
2020-04-26 19:27:38,916 INFO [26.2] Epoch 33: loss = 25.7994
2020-04-26 19:28:06,370 INFO [27.5] Epoch 34: loss = 25.5208
2020-04-26 19:28:32,348 INFO [26.0] Epoch 35: loss = 25.2886
2020-04-26 19:28:56,399 INFO [24.1] Epoch 36: loss = 25.0752
2020-04-26 19:29:22,736 INFO [26.3] Epoch 37: loss = 24.8368
2020-04-26 19:29:48,416 INFO [25.7] Epoch 38: loss = 24.6132
2020-04-26 19:30:13,531 INFO [25.1] Epoch 39: loss = 24.3831
2020-04-26 19:30:13,531 INFO Start Evaling...
2020-04-26 19:30:24,198 INFO Head: mr:7660.2 mrr:14.71 hits:36.91
2020-04-26 19:30:24,200 INFO Tail: mr:3143.5 mrr:16.58 hits:38.27
2020-04-26 19:30:24,202 INFO All: mr:5401.8 mrr:15.64 hits:37.59
2020-04-26 19:30:24,207 INFO Start Evaling...
2020-04-26 19:30:34,964 INFO Head: mr:8088.8 mrr:14.77 hits:35.99
2020-04-26 19:30:34,967 INFO Tail: mr:3103.9 mrr:17.15 hits:38.54
2020-04-26 19:30:34,968 INFO All: mr:5596.4 mrr:15.96 hits:37.27
2020-04-26 19:30:34,972 INFO Improved and model saved
2020-04-26 19:31:04,891 INFO [29.9] Epoch 40: loss = 24.1607
2020-04-26 19:31:30,050 INFO [25.2] Epoch 41: loss = 23.9355
2020-04-26 19:31:55,998 INFO [25.9] Epoch 42: loss = 23.8018
2020-04-26 19:32:21,438 INFO [25.4] Epoch 43: loss = 23.5935
2020-04-26 19:32:46,359 INFO [24.9] Epoch 44: loss = 23.4253
2020-04-26 19:33:10,610 INFO [24.3] Epoch 45: loss = 23.3708
2020-04-26 19:33:36,040 INFO [25.4] Epoch 46: loss = 23.0760
2020-04-26 19:34:01,077 INFO [25.0] Epoch 47: loss = 23.0097
2020-04-26 19:34:26,634 INFO [25.6] Epoch 48: loss = 22.8959
2020-04-26 19:34:51,637 INFO [25.0] Epoch 49: loss = 22.7492
2020-04-26 19:34:51,638 INFO Start Evaling...
2020-04-26 19:35:01,916 INFO Head: mr:7526.1 mrr:14.81 hits:36.95
2020-04-26 19:35:01,917 INFO Tail: mr:3147.9 mrr:16.47 hits:38.37
2020-04-26 19:35:01,917 INFO All: mr:5337.0 mrr:15.64 hits:37.66
2020-04-26 19:35:01,920 INFO Start Evaling...
2020-04-26 19:35:11,475 INFO Head: mr:7951.6 mrr:14.80 hits:36.63
2020-04-26 19:35:11,477 INFO Tail: mr:3101.8 mrr:17.40 hits:38.86
2020-04-26 19:35:11,479 INFO All: mr:5526.7 mrr:16.10 hits:37.75
2020-04-26 19:35:11,483 INFO Declined in recent 1 epochs
2020-04-26 19:35:37,305 INFO [25.8] Epoch 50: loss = 22.6404
2020-04-26 19:36:04,740 INFO [27.4] Epoch 51: loss = 22.5602
2020-04-26 19:36:30,776 INFO [26.0] Epoch 52: loss = 22.3711
2020-04-26 19:36:57,397 INFO [26.6] Epoch 53: loss = 22.2044
2020-04-26 19:37:22,517 INFO [25.1] Epoch 54: loss = 22.1640
2020-04-26 19:37:48,468 INFO [26.0] Epoch 55: loss = 22.0517
2020-04-26 19:38:14,436 INFO [26.0] Epoch 56: loss = 21.9085
2020-04-26 19:38:39,272 INFO [24.8] Epoch 57: loss = 21.8067
2020-04-26 19:39:05,317 INFO [26.0] Epoch 58: loss = 21.7680
2020-04-26 19:39:35,277 INFO [30.0] Epoch 59: loss = 21.6428
2020-04-26 19:39:35,278 INFO Start Evaling...
2020-04-26 19:39:46,236 INFO Head: mr:7429.1 mrr:14.49 hits:36.29
2020-04-26 19:39:46,239 INFO Tail: mr:3129.1 mrr:16.46 hits:37.61
2020-04-26 19:39:46,239 INFO All: mr:5279.1 mrr:15.48 hits:36.95
2020-04-26 19:39:46,243 INFO Start Evaling...
2020-04-26 19:39:56,590 INFO Head: mr:7840.2 mrr:14.41 hits:36.06
2020-04-26 19:39:56,591 INFO Tail: mr:3106.3 mrr:17.17 hits:38.48
2020-04-26 19:39:56,591 INFO All: mr:5473.2 mrr:15.79 hits:37.27
2020-04-26 19:39:56,594 INFO Declined in recent 2 epochs
2020-04-26 19:40:21,952 INFO [25.4] Epoch 60: loss = 21.5618
2020-04-26 19:40:51,762 INFO [29.8] Epoch 61: loss = 21.4686
2020-04-26 19:41:17,690 INFO [25.9] Epoch 62: loss = 21.3923
2020-04-26 19:41:41,228 INFO [23.5] Epoch 63: loss = 21.2712
2020-04-26 19:42:06,350 INFO [25.1] Epoch 64: loss = 21.1932
2020-04-26 19:42:30,687 INFO [24.3] Epoch 65: loss = 21.1176
2020-04-26 19:42:54,358 INFO [23.7] Epoch 66: loss = 21.0700
2020-04-26 19:43:19,879 INFO [25.5] Epoch 67: loss = 20.9127
2020-04-26 19:43:43,746 INFO [23.9] Epoch 68: loss = 20.8918
2020-04-26 19:44:10,393 INFO [26.6] Epoch 69: loss = 20.7976
2020-04-26 19:44:10,394 INFO Start Evaling...
2020-04-26 19:44:19,829 INFO Head: mr:7342.7 mrr:14.21 hits:35.96
2020-04-26 19:44:19,829 INFO Tail: mr:3157.0 mrr:16.04 hits:37.61
2020-04-26 19:44:19,829 INFO All: mr:5249.9 mrr:15.12 hits:36.78
2020-04-26 19:44:19,831 INFO Start Evaling...
2020-04-26 19:44:29,936 INFO Head: mr:7808.8 mrr:14.32 hits:35.45
2020-04-26 19:44:29,936 INFO Tail: mr:3145.1 mrr:16.96 hits:38.29
2020-04-26 19:44:29,936 INFO All: mr:5476.9 mrr:15.64 hits:36.87
2020-04-26 19:44:29,940 INFO Declined in recent 3 epochs
2020-04-26 19:44:55,932 INFO [26.0] Epoch 70: loss = 20.7323
2020-04-26 19:45:26,312 INFO [30.4] Epoch 71: loss = 20.6786
2020-04-26 19:45:51,717 INFO [25.4] Epoch 72: loss = 20.5658
2020-04-26 19:46:17,676 INFO [26.0] Epoch 73: loss = 20.5095
2020-04-26 19:46:43,459 INFO [25.8] Epoch 74: loss = 20.4504
2020-04-26 19:47:09,357 INFO [25.9] Epoch 75: loss = 20.3559
2020-04-26 19:47:36,768 INFO [27.4] Epoch 76: loss = 20.3780
2020-04-26 19:48:02,676 INFO [25.9] Epoch 77: loss = 20.2878
2020-04-26 19:48:29,307 INFO [26.6] Epoch 78: loss = 20.1591
2020-04-26 19:48:55,231 INFO [25.9] Epoch 79: loss = 20.1376
2020-04-26 19:48:55,231 INFO Start Evaling...
2020-04-26 19:49:05,489 INFO Head: mr:7313.2 mrr:13.79 hits:35.53
2020-04-26 19:49:05,489 INFO Tail: mr:3234.2 mrr:15.61 hits:36.88
2020-04-26 19:49:05,489 INFO All: mr:5273.7 mrr:14.70 hits:36.21
2020-04-26 19:49:05,493 INFO Start Evaling...
2020-04-26 19:49:14,867 INFO Head: mr:7736.5 mrr:14.07 hits:35.55
2020-04-26 19:49:14,867 INFO Tail: mr:3214.6 mrr:16.52 hits:37.30
2020-04-26 19:49:14,867 INFO All: mr:5475.5 mrr:15.30 hits:36.42
2020-04-26 19:49:14,869 INFO Declined in recent 4 epochs
2020-04-26 19:49:39,834 INFO [25.0] Epoch 80: loss = 20.0694
2020-04-26 19:50:08,417 INFO [28.6] Epoch 81: loss = 20.0202
2020-04-26 19:50:34,169 INFO [25.8] Epoch 82: loss = 19.9836
2020-04-26 19:50:59,388 INFO [25.2] Epoch 83: loss = 19.9176
2020-04-26 19:51:23,704 INFO [24.3] Epoch 84: loss = 19.8652
2020-04-26 19:51:47,978 INFO [24.3] Epoch 85: loss = 19.8175
2020-04-26 19:52:12,989 INFO [25.0] Epoch 86: loss = 19.8039
2020-04-26 19:52:38,342 INFO [25.4] Epoch 87: loss = 19.7306
2020-04-26 19:53:05,085 INFO [26.7] Epoch 88: loss = 19.6268
2020-04-26 19:53:29,509 INFO [24.4] Epoch 89: loss = 19.6443
2020-04-26 19:53:29,510 INFO Start Evaling...
2020-04-26 19:53:39,344 INFO Head: mr:7290.6 mrr:13.56 hits:34.64
2020-04-26 19:53:39,344 INFO Tail: mr:3282.1 mrr:15.53 hits:35.79
2020-04-26 19:53:39,344 INFO All: mr:5286.3 mrr:14.54 hits:35.22
2020-04-26 19:53:39,348 INFO Start Evaling...
2020-04-26 19:53:49,603 INFO Head: mr:7727.0 mrr:13.85 hits:34.94
2020-04-26 19:53:49,604 INFO Tail: mr:3281.7 mrr:16.15 hits:37.17
2020-04-26 19:53:49,604 INFO All: mr:5504.4 mrr:15.00 hits:36.06
2020-04-26 19:53:49,608 INFO Declined in recent 5 epochs
2020-04-26 19:53:49,608 INFO Early stopping
2020-04-26 19:53:49,608 INFO Train done
2020-04-26 19:53:49,621 INFO Start Evaling...
2020-04-26 19:53:59,909 INFO Head: mr:8088.8 mrr:14.77 hits:35.99
2020-04-26 19:53:59,910 INFO Tail: mr:3103.9 mrr:17.15 hits:38.54
2020-04-26 19:53:59,910 INFO All: mr:5596.4 mrr:15.96 hits:37.27
