2020-04-26 19:11:48,761 INFO EPOCH: 1000
2020-04-26 19:11:48,761 INFO EVERY: 10
2020-04-26 19:11:48,761 INFO LR: 0.001
2020-04-26 19:11:48,761 INFO DIM: 100
2020-04-26 19:11:48,761 INFO BATCH_SIZE: 256
2020-04-26 19:11:48,761 INFO BATCH_SIZE2: 100
2020-04-26 19:11:48,761 INFO P: 1
2020-04-26 19:11:48,761 INFO CLIPPING_MAX_VALUE: 4.0
2020-04-26 19:11:48,761 INFO OPTIM: Adam
2020-04-26 19:11:48,761 INFO N_SAMPLE: 100
2020-04-26 19:11:48,761 INFO MODE: grap
2020-04-26 19:11:48,761 INFO RATE: 0.05
2020-04-26 19:11:48,761 INFO GAMMA: 12.0
2020-04-26 19:11:48,761 INFO BERN: True
2020-04-26 19:11:48,761 INFO MARGIN: 4.0
2020-04-26 19:11:48,762 INFO REG: 1.0
2020-04-26 19:11:48,762 INFO LABEL_SMOOTH_EPS: 0.1
2020-04-26 19:11:48,762 INFO INPUT_DROP: 0.2
2020-04-26 19:11:48,762 INFO FEAT_DROP: 0.2
2020-04-26 19:11:48,762 INFO HIDD_DROP: 0.3
2020-04-26 19:11:48,762 INFO CHANNELS: 50
2020-04-26 19:11:48,762 INFO KERNEL_SIZE: 3
2020-04-26 19:11:48,762 INFO N_POOL: 100
2020-04-26 19:11:48,762 INFO MODEL_D: TransH
2020-04-26 19:11:48,762 INFO MODEL_G: DistMult
2020-04-26 19:11:48,762 INFO SCRATCH: False
2020-04-26 19:11:48,762 INFO D_FILE: None
2020-04-26 19:11:48,762 INFO G_FILE: None
2020-04-26 19:11:48,762 INFO PATH: data
2020-04-26 19:11:48,762 INFO DATA: WN18RR
2020-04-26 19:11:48,762 INFO EXP_PATH: experiment/WN18RR
2020-04-26 19:11:48,762 INFO MODEL: TransH
2020-04-26 19:11:48,762 INFO V: 5
2020-04-26 19:11:48,762 INFO F: False
2020-04-26 19:11:48,762 INFO EVAL: False
2020-04-26 19:11:48,762 INFO TRAINED: False
2020-04-26 19:11:48,762 INFO PRETRAINED_NAME: None
2020-04-26 19:11:48,762 INFO EXP_NAME: TransH-WN18RR-grap-5
2020-04-26 19:11:48,762 INFO --------------------------------------
2020-04-26 19:11:52,232 INFO Dataload done
2020-04-26 19:11:52,232 INFO --------------------------------------
2020-04-26 19:11:52,232 INFO N_ENTITY: 40943
2020-04-26 19:11:52,232 INFO N_RELATION: 11
2020-04-26 19:11:52,232 INFO --------------------------------------
2020-04-26 19:11:59,714 INFO Start Training...
2020-04-26 19:12:23,766 INFO [24.1] Epoch 0: loss = 327.0388
2020-04-26 19:12:47,174 INFO [23.4] Epoch 1: loss = 262.6905
2020-04-26 19:13:14,542 INFO [27.4] Epoch 2: loss = 218.1198
2020-04-26 19:13:38,904 INFO [24.4] Epoch 3: loss = 178.7079
2020-04-26 19:14:03,634 INFO [24.7] Epoch 4: loss = 145.2919
2020-04-26 19:14:28,479 INFO [24.8] Epoch 5: loss = 116.9918
2020-04-26 19:14:53,612 INFO [25.1] Epoch 6: loss = 93.5783
2020-04-26 19:15:18,589 INFO [25.0] Epoch 7: loss = 74.9658
2020-04-26 19:15:43,276 INFO [24.7] Epoch 8: loss = 60.6105
2020-04-26 19:16:09,494 INFO [26.2] Epoch 9: loss = 49.8968
2020-04-26 19:16:09,494 INFO Start Evaling...
2020-04-26 19:16:20,048 INFO Head: mr:9603.2 mrr:10.92 hits:27.75
2020-04-26 19:16:20,048 INFO Tail: mr:4049.6 mrr:12.84 hits:30.42
2020-04-26 19:16:20,048 INFO All: mr:6826.4 mrr:11.88 hits:29.09
2020-04-26 19:16:20,052 INFO Start Evaling...
2020-04-26 19:16:32,278 INFO Head: mr:9964.8 mrr:10.31 hits:26.16
2020-04-26 19:16:32,287 INFO Tail: mr:3793.1 mrr:12.60 hits:30.09
2020-04-26 19:16:32,289 INFO All: mr:6879.0 mrr:11.46 hits:28.13
2020-04-26 19:16:32,294 INFO Improved and model saved
2020-04-26 19:16:59,161 INFO [26.8] Epoch 10: loss = 41.9237
2020-04-26 19:17:24,907 INFO [25.7] Epoch 11: loss = 35.9301
2020-04-26 19:17:49,625 INFO [24.7] Epoch 12: loss = 31.6322
2020-04-26 19:18:14,177 INFO [24.6] Epoch 13: loss = 28.2180
2020-04-26 19:18:39,927 INFO [25.8] Epoch 14: loss = 25.6683
2020-04-26 19:19:07,959 INFO [28.0] Epoch 15: loss = 23.6769
2020-04-26 19:19:32,412 INFO [24.5] Epoch 16: loss = 22.0451
2020-04-26 19:19:57,434 INFO [25.0] Epoch 17: loss = 20.7587
2020-04-26 19:20:22,840 INFO [25.4] Epoch 18: loss = 19.7299
2020-04-26 19:20:47,073 INFO [24.2] Epoch 19: loss = 18.8377
2020-04-26 19:20:47,074 INFO Start Evaling...
2020-04-26 19:20:57,882 INFO Head: mr:7507.6 mrr:17.51 hits:41.43
2020-04-26 19:20:57,885 INFO Tail: mr:3111.0 mrr:19.40 hits:44.92
2020-04-26 19:20:57,886 INFO All: mr:5309.3 mrr:18.45 hits:43.18
2020-04-26 19:20:57,892 INFO Start Evaling...
2020-04-26 19:21:08,738 INFO Head: mr:7801.2 mrr:17.37 hits:40.94
2020-04-26 19:21:08,740 INFO Tail: mr:2994.8 mrr:19.80 hits:44.77
2020-04-26 19:21:08,742 INFO All: mr:5398.0 mrr:18.58 hits:42.85
2020-04-26 19:21:08,746 INFO Improved and model saved
2020-04-26 19:21:36,025 INFO [27.2] Epoch 20: loss = 18.1540
2020-04-26 19:22:03,996 INFO [28.0] Epoch 21: loss = 17.5254
2020-04-26 19:22:27,376 INFO [23.4] Epoch 22: loss = 17.0095
2020-04-26 19:22:51,317 INFO [23.9] Epoch 23: loss = 16.5077
2020-04-26 19:23:16,782 INFO [25.5] Epoch 24: loss = 16.0849
2020-04-26 19:23:41,512 INFO [24.7] Epoch 25: loss = 15.7130
2020-04-26 19:24:05,959 INFO [24.4] Epoch 26: loss = 15.4133
2020-04-26 19:24:30,425 INFO [24.5] Epoch 27: loss = 15.0997
2020-04-26 19:24:57,526 INFO [27.1] Epoch 28: loss = 14.8624
2020-04-26 19:25:21,004 INFO [23.5] Epoch 29: loss = 14.6514
2020-04-26 19:25:21,004 INFO Start Evaling...
2020-04-26 19:25:30,612 INFO Head: mr:7002.7 mrr:19.13 hits:43.87
2020-04-26 19:25:30,612 INFO Tail: mr:2877.6 mrr:21.64 hits:47.99
2020-04-26 19:25:30,612 INFO All: mr:4940.2 mrr:20.38 hits:45.93
2020-04-26 19:25:30,614 INFO Start Evaling...
2020-04-26 19:25:40,759 INFO Head: mr:7274.2 mrr:19.12 hits:43.87
2020-04-26 19:25:40,762 INFO Tail: mr:2822.6 mrr:21.88 hits:47.83
2020-04-26 19:25:40,763 INFO All: mr:5048.4 mrr:20.50 hits:45.85
2020-04-26 19:25:40,768 INFO Improved and model saved
2020-04-26 19:26:07,256 INFO [26.4] Epoch 30: loss = 14.4157
2020-04-26 19:26:33,610 INFO [26.4] Epoch 31: loss = 14.2209
2020-04-26 19:26:59,151 INFO [25.5] Epoch 32: loss = 14.0583
2020-04-26 19:27:24,781 INFO [25.6] Epoch 33: loss = 13.8324
2020-04-26 19:27:54,792 INFO [30.0] Epoch 34: loss = 13.6835
2020-04-26 19:28:20,819 INFO [26.0] Epoch 35: loss = 13.5720
2020-04-26 19:28:45,340 INFO [24.5] Epoch 36: loss = 13.4256
2020-04-26 19:29:10,746 INFO [25.4] Epoch 37: loss = 13.2268
2020-04-26 19:29:35,940 INFO [25.2] Epoch 38: loss = 13.1188
2020-04-26 19:30:00,597 INFO [24.7] Epoch 39: loss = 13.0600
2020-04-26 19:30:00,597 INFO Start Evaling...
2020-04-26 19:30:10,461 INFO Head: mr:6844.4 mrr:20.03 hits:45.02
2020-04-26 19:30:10,461 INFO Tail: mr:2828.5 mrr:22.02 hits:48.65
2020-04-26 19:30:10,461 INFO All: mr:4836.4 mrr:21.02 hits:46.84
2020-04-26 19:30:10,463 INFO Start Evaling...
2020-04-26 19:30:20,624 INFO Head: mr:7117.9 mrr:19.51 hits:44.86
2020-04-26 19:30:20,627 INFO Tail: mr:2800.2 mrr:22.45 hits:48.76
2020-04-26 19:30:20,628 INFO All: mr:4959.0 mrr:20.98 hits:46.81
2020-04-26 19:30:20,633 INFO Improved and model saved
2020-04-26 19:30:52,671 INFO [32.0] Epoch 40: loss = 12.9129
2020-04-26 19:31:18,815 INFO [26.1] Epoch 41: loss = 12.8281
2020-04-26 19:31:43,546 INFO [24.7] Epoch 42: loss = 12.7339
2020-04-26 19:32:08,224 INFO [24.7] Epoch 43: loss = 12.6454
2020-04-26 19:32:33,299 INFO [25.1] Epoch 44: loss = 12.5898
2020-04-26 19:32:58,461 INFO [25.2] Epoch 45: loss = 12.4361
2020-04-26 19:33:22,709 INFO [24.2] Epoch 46: loss = 12.3971
2020-04-26 19:33:51,263 INFO [28.6] Epoch 47: loss = 12.2653
2020-04-26 19:34:16,391 INFO [25.1] Epoch 48: loss = 12.2810
2020-04-26 19:34:41,025 INFO [24.6] Epoch 49: loss = 12.1251
2020-04-26 19:34:41,026 INFO Start Evaling...
2020-04-26 19:34:50,622 INFO Head: mr:6712.1 mrr:19.85 hits:45.25
2020-04-26 19:34:50,622 INFO Tail: mr:2812.5 mrr:21.94 hits:49.34
2020-04-26 19:34:50,622 INFO All: mr:4762.3 mrr:20.89 hits:47.30
2020-04-26 19:34:50,624 INFO Start Evaling...
2020-04-26 19:35:01,434 INFO Head: mr:7014.7 mrr:19.52 hits:44.83
2020-04-26 19:35:01,436 INFO Tail: mr:2784.1 mrr:22.17 hits:48.76
2020-04-26 19:35:01,438 INFO All: mr:4899.4 mrr:20.84 hits:46.79
2020-04-26 19:35:01,443 INFO Declined in recent 1 epochs
2020-04-26 19:35:26,060 INFO [24.6] Epoch 50: loss = 12.0704
2020-04-26 19:35:53,644 INFO [27.6] Epoch 51: loss = 12.0430
2020-04-26 19:36:18,714 INFO [25.1] Epoch 52: loss = 11.9112
2020-04-26 19:36:47,633 INFO [28.9] Epoch 53: loss = 11.8794
2020-04-26 19:37:12,402 INFO [24.8] Epoch 54: loss = 11.8120
2020-04-26 19:37:37,590 INFO [25.2] Epoch 55: loss = 11.7369
2020-04-26 19:38:02,459 INFO [24.9] Epoch 56: loss = 11.6333
2020-04-26 19:38:27,318 INFO [24.9] Epoch 57: loss = 11.6099
2020-04-26 19:38:52,031 INFO [24.7] Epoch 58: loss = 11.5211
2020-04-26 19:39:15,887 INFO [23.9] Epoch 59: loss = 11.5195
2020-04-26 19:39:15,887 INFO Start Evaling...
2020-04-26 19:39:26,619 INFO Head: mr:6680.8 mrr:20.04 hits:45.42
2020-04-26 19:39:26,621 INFO Tail: mr:2823.2 mrr:21.93 hits:49.08
2020-04-26 19:39:26,623 INFO All: mr:4752.0 mrr:20.99 hits:47.25
2020-04-26 19:39:26,628 INFO Start Evaling...
2020-04-26 19:39:37,918 INFO Head: mr:7035.7 mrr:19.42 hits:44.89
2020-04-26 19:39:37,918 INFO Tail: mr:2832.6 mrr:22.32 hits:49.30
2020-04-26 19:39:37,918 INFO All: mr:4934.1 mrr:20.87 hits:47.10
2020-04-26 19:39:37,922 INFO Declined in recent 2 epochs
2020-04-26 19:40:08,667 INFO [30.7] Epoch 60: loss = 11.4359
2020-04-26 19:40:34,329 INFO [25.7] Epoch 61: loss = 11.3887
2020-04-26 19:40:57,715 INFO [23.4] Epoch 62: loss = 11.3574
2020-04-26 19:41:21,465 INFO [23.7] Epoch 63: loss = 11.2670
2020-04-26 19:41:44,916 INFO [23.5] Epoch 64: loss = 11.2420
2020-04-26 19:42:08,560 INFO [23.6] Epoch 65: loss = 11.1867
2020-04-26 19:42:32,531 INFO [24.0] Epoch 66: loss = 11.1502
2020-04-26 19:42:56,006 INFO [23.5] Epoch 67: loss = 11.1420
2020-04-26 19:43:18,526 INFO [22.5] Epoch 68: loss = 11.0708
2020-04-26 19:43:42,149 INFO [23.6] Epoch 69: loss = 11.0575
2020-04-26 19:43:42,149 INFO Start Evaling...
2020-04-26 19:43:52,028 INFO Head: mr:6651.1 mrr:19.84 hits:45.48
2020-04-26 19:43:52,028 INFO Tail: mr:2858.8 mrr:21.69 hits:49.27
2020-04-26 19:43:52,028 INFO All: mr:4754.9 mrr:20.76 hits:47.38
2020-04-26 19:43:52,041 INFO Start Evaling...
2020-04-26 19:44:02,071 INFO Head: mr:7001.9 mrr:19.44 hits:44.54
2020-04-26 19:44:02,072 INFO Tail: mr:2876.2 mrr:21.96 hits:49.55
2020-04-26 19:44:02,072 INFO All: mr:4939.0 mrr:20.70 hits:47.05
2020-04-26 19:44:02,074 INFO Declined in recent 3 epochs
2020-04-26 19:44:27,058 INFO [25.0] Epoch 70: loss = 10.9936
2020-04-26 19:44:50,513 INFO [23.5] Epoch 71: loss = 10.9217
2020-04-26 19:45:18,031 INFO [27.5] Epoch 72: loss = 10.8795
2020-04-26 19:45:41,491 INFO [23.5] Epoch 73: loss = 10.9078
2020-04-26 19:46:04,229 INFO [22.7] Epoch 74: loss = 10.8402
2020-04-26 19:46:28,033 INFO [23.8] Epoch 75: loss = 10.8044
2020-04-26 19:46:51,740 INFO [23.7] Epoch 76: loss = 10.7402
2020-04-26 19:47:14,536 INFO [22.8] Epoch 77: loss = 10.7087
2020-04-26 19:47:38,358 INFO [23.8] Epoch 78: loss = 10.6895
2020-04-26 19:48:01,334 INFO [23.0] Epoch 79: loss = 10.6377
2020-04-26 19:48:01,334 INFO Start Evaling...
2020-04-26 19:48:11,347 INFO Head: mr:6655.8 mrr:19.65 hits:45.22
2020-04-26 19:48:11,347 INFO Tail: mr:2890.8 mrr:21.84 hits:49.31
2020-04-26 19:48:11,347 INFO All: mr:4773.3 mrr:20.75 hits:47.26
2020-04-26 19:48:11,351 INFO Start Evaling...
2020-04-26 19:48:21,261 INFO Head: mr:7061.9 mrr:19.34 hits:44.32
2020-04-26 19:48:21,261 INFO Tail: mr:2934.3 mrr:21.82 hits:48.98
2020-04-26 19:48:21,261 INFO All: mr:4998.1 mrr:20.58 hits:46.65
2020-04-26 19:48:21,264 INFO Declined in recent 4 epochs
2020-04-26 19:48:44,577 INFO [23.3] Epoch 80: loss = 10.6628
2020-04-26 19:49:09,383 INFO [24.8] Epoch 81: loss = 10.5833
2020-04-26 19:49:32,992 INFO [23.6] Epoch 82: loss = 10.5885
2020-04-26 19:49:58,859 INFO [25.9] Epoch 83: loss = 10.5448
2020-04-26 19:50:22,541 INFO [23.7] Epoch 84: loss = 10.4503
2020-04-26 19:50:46,219 INFO [23.7] Epoch 85: loss = 10.4816
2020-04-26 19:51:08,636 INFO [22.4] Epoch 86: loss = 10.4098
2020-04-26 19:51:32,342 INFO [23.7] Epoch 87: loss = 10.4282
2020-04-26 19:51:56,239 INFO [23.9] Epoch 88: loss = 10.3545
2020-04-26 19:52:19,764 INFO [23.5] Epoch 89: loss = 10.2880
2020-04-26 19:52:19,765 INFO Start Evaling...
2020-04-26 19:52:29,544 INFO Head: mr:6665.6 mrr:19.59 hits:45.02
2020-04-26 19:52:29,544 INFO Tail: mr:2921.8 mrr:21.61 hits:48.75
2020-04-26 19:52:29,544 INFO All: mr:4793.7 mrr:20.60 hits:46.89
2020-04-26 19:52:29,546 INFO Start Evaling...
2020-04-26 19:52:38,910 INFO Head: mr:7106.6 mrr:18.85 hits:44.03
2020-04-26 19:52:38,910 INFO Tail: mr:3009.9 mrr:21.45 hits:48.60
2020-04-26 19:52:38,910 INFO All: mr:5058.2 mrr:20.15 hits:46.31
2020-04-26 19:52:38,912 INFO Declined in recent 5 epochs
2020-04-26 19:52:38,912 INFO Early stopping
2020-04-26 19:52:38,912 INFO Train done
2020-04-26 19:52:38,921 INFO Start Evaling...
2020-04-26 19:52:48,166 INFO Head: mr:7117.9 mrr:19.51 hits:44.86
2020-04-26 19:52:48,166 INFO Tail: mr:2800.2 mrr:22.45 hits:48.76
2020-04-26 19:52:48,166 INFO All: mr:4959.0 mrr:20.98 hits:46.81
