2020-05-17 07:45:06,934 INFO EPOCH: 1000
2020-05-17 07:45:06,934 INFO EVERY: 10
2020-05-17 07:45:06,934 INFO LR: 0.001
2020-05-17 07:45:06,934 INFO DIM: 100
2020-05-17 07:45:06,935 INFO BATCH_SIZE: 256
2020-05-17 07:45:06,935 INFO BATCH_SIZE2: 100
2020-05-17 07:45:06,935 INFO P: 1
2020-05-17 07:45:06,935 INFO CLIPPING_MAX_VALUE: 4.0
2020-05-17 07:45:06,935 INFO OPTIM: Adam
2020-05-17 07:45:06,935 INFO N_SAMPLE: 10
2020-05-17 07:45:06,935 INFO MODE: grap
2020-05-17 07:45:06,935 INFO RATE: 0.0
2020-05-17 07:45:06,935 INFO GAMMA: 12.0
2020-05-17 07:45:06,935 INFO BERN: True
2020-05-17 07:45:06,935 INFO MARGIN: 4.0
2020-05-17 07:45:06,936 INFO REG: 1.0
2020-05-17 07:45:06,936 INFO LABEL_SMOOTH_EPS: 0.1
2020-05-17 07:45:06,936 INFO INPUT_DROP: 0.2
2020-05-17 07:45:06,936 INFO FEAT_DROP: 0.2
2020-05-17 07:45:06,936 INFO HIDD_DROP: 0.3
2020-05-17 07:45:06,936 INFO CHANNELS: 50
2020-05-17 07:45:06,936 INFO KERNEL_SIZE: 3
2020-05-17 07:45:06,936 INFO N_POOL: 100
2020-05-17 07:45:06,936 INFO MODEL_D: TransH
2020-05-17 07:45:06,936 INFO MODEL_G: DistMult
2020-05-17 07:45:06,936 INFO SCRATCH: False
2020-05-17 07:45:06,937 INFO D_FILE: None
2020-05-17 07:45:06,937 INFO G_FILE: None
2020-05-17 07:45:06,937 INFO PATH: data
2020-05-17 07:45:06,937 INFO DATA: WN18RR
2020-05-17 07:45:06,937 INFO EXP_PATH: experiment/WN18RR
2020-05-17 07:45:06,937 INFO MODEL: TransH
2020-05-17 07:45:06,937 INFO V: 0.0
2020-05-17 07:45:06,937 INFO F: True
2020-05-17 07:45:06,937 INFO EVAL: False
2020-05-17 07:45:06,937 INFO TRAINED: False
2020-05-17 07:45:06,937 INFO PRETRAINED_NAME: None
2020-05-17 07:45:06,937 INFO EXP_NAME: TransH-WN18RR-grap-0.0
2020-05-17 07:45:06,938 INFO --------------------------------------
2020-05-17 07:45:11,861 INFO Dataload done
2020-05-17 07:45:11,862 INFO --------------------------------------
2020-05-17 07:45:11,862 INFO N_ENTITY: 40943
2020-05-17 07:45:11,862 INFO N_RELATION: 11
2020-05-17 07:45:11,862 INFO --------------------------------------
2020-05-17 07:45:15,315 INFO Start Training...
2020-05-17 07:45:40,427 INFO [25.1] Epoch 0: loss = 326.8409
2020-05-17 07:46:05,197 INFO [24.8] Epoch 1: loss = 282.7985
2020-05-17 07:46:30,934 INFO [25.7] Epoch 2: loss = 245.9584
2020-05-17 07:46:56,601 INFO [25.7] Epoch 3: loss = 208.5128
2020-05-17 07:47:22,007 INFO [25.4] Epoch 4: loss = 174.5747
2020-05-17 07:47:47,501 INFO [25.5] Epoch 5: loss = 143.9903
2020-05-17 07:48:13,136 INFO [25.6] Epoch 6: loss = 117.4645
2020-05-17 07:48:38,724 INFO [25.6] Epoch 7: loss = 94.8616
2020-05-17 07:49:03,618 INFO [24.9] Epoch 8: loss = 75.6696
2020-05-17 07:49:29,227 INFO [25.6] Epoch 9: loss = 60.1024
2020-05-17 07:49:29,227 INFO Start Evaling...
2020-05-17 07:50:33,883 INFO Head: mr:9222.6 mrr:12.24 hits:31.21
2020-05-17 07:50:33,883 INFO Tail: mr:4002.5 mrr:13.94 hits:34.01
2020-05-17 07:50:33,883 INFO All: mr:6612.5 mrr:13.09 hits:32.61
2020-05-17 07:50:33,886 INFO Start Evaling...
2020-05-17 07:51:40,346 INFO Head: mr:9465.3 mrr:11.59 hits:29.45
2020-05-17 07:51:40,346 INFO Tail: mr:3876.9 mrr:13.62 hits:33.47
2020-05-17 07:51:40,346 INFO All: mr:6671.1 mrr:12.61 hits:31.46
2020-05-17 07:51:40,348 INFO Improved and model saved
2020-05-17 07:52:06,088 INFO [25.7] Epoch 10: loss = 47.5599
2020-05-17 07:52:32,298 INFO [26.2] Epoch 11: loss = 37.7122
2020-05-17 07:52:58,033 INFO [25.7] Epoch 12: loss = 30.1192
2020-05-17 07:53:23,750 INFO [25.7] Epoch 13: loss = 24.2536
2020-05-17 07:53:49,354 INFO [25.6] Epoch 14: loss = 19.7096
2020-05-17 07:54:14,544 INFO [25.2] Epoch 15: loss = 16.3140
2020-05-17 07:54:39,771 INFO [25.2] Epoch 16: loss = 13.6500
2020-05-17 07:55:05,079 INFO [25.3] Epoch 17: loss = 11.6399
2020-05-17 07:55:30,500 INFO [25.4] Epoch 18: loss = 10.1029
2020-05-17 07:55:56,129 INFO [25.6] Epoch 19: loss = 8.9145
2020-05-17 07:55:56,129 INFO Start Evaling...
2020-05-17 07:57:00,802 INFO Head: mr:6701.5 mrr:17.27 hits:43.05
2020-05-17 07:57:00,802 INFO Tail: mr:3085.4 mrr:19.75 hits:46.51
2020-05-17 07:57:00,802 INFO All: mr:4893.4 mrr:18.51 hits:44.78
2020-05-17 07:57:00,804 INFO Start Evaling...
2020-05-17 07:58:07,305 INFO Head: mr:7097.1 mrr:17.30 hits:42.15
2020-05-17 07:58:07,305 INFO Tail: mr:3146.0 mrr:20.11 hits:47.13
2020-05-17 07:58:07,305 INFO All: mr:5121.6 mrr:18.70 hits:44.64
2020-05-17 07:58:07,307 INFO Improved and model saved
2020-05-17 07:58:33,055 INFO [25.7] Epoch 20: loss = 7.9016
2020-05-17 07:58:58,916 INFO [25.9] Epoch 21: loss = 7.0561
2020-05-17 07:59:23,818 INFO [24.9] Epoch 22: loss = 6.4526
2020-05-17 07:59:49,452 INFO [25.6] Epoch 23: loss = 5.9386
2020-05-17 08:00:15,121 INFO [25.7] Epoch 24: loss = 5.4801
2020-05-17 08:00:40,738 INFO [25.6] Epoch 25: loss = 5.0931
2020-05-17 08:01:06,583 INFO [25.8] Epoch 26: loss = 4.7507
2020-05-17 08:01:32,240 INFO [25.7] Epoch 27: loss = 4.4733
2020-05-17 08:01:58,056 INFO [25.8] Epoch 28: loss = 4.2379
2020-05-17 08:02:23,451 INFO [25.4] Epoch 29: loss = 4.0036
2020-05-17 08:02:23,451 INFO Start Evaling...
2020-05-17 08:03:28,120 INFO Head: mr:6033.0 mrr:19.70 hits:45.68
2020-05-17 08:03:28,120 INFO Tail: mr:2873.6 mrr:21.87 hits:49.27
2020-05-17 08:03:28,120 INFO All: mr:4453.3 mrr:20.78 hits:47.48
2020-05-17 08:03:28,122 INFO Start Evaling...
2020-05-17 08:04:34,620 INFO Head: mr:6246.5 mrr:19.61 hits:45.50
2020-05-17 08:04:34,620 INFO Tail: mr:3002.3 mrr:21.96 hits:50.38
2020-05-17 08:04:34,620 INFO All: mr:4624.4 mrr:20.78 hits:47.94
2020-05-17 08:04:34,622 INFO Improved and model saved
2020-05-17 08:05:00,391 INFO [25.7] Epoch 30: loss = 3.8985
