2020-05-17 05:17:37,555 INFO EPOCH: 1000
2020-05-17 05:17:37,555 INFO EVERY: 10
2020-05-17 05:17:37,555 INFO LR: 0.001
2020-05-17 05:17:37,555 INFO DIM: 100
2020-05-17 05:17:37,555 INFO BATCH_SIZE: 256
2020-05-17 05:17:37,555 INFO BATCH_SIZE2: 100
2020-05-17 05:17:37,555 INFO P: 1
2020-05-17 05:17:37,555 INFO CLIPPING_MAX_VALUE: 4.0
2020-05-17 05:17:37,556 INFO OPTIM: Adam
2020-05-17 05:17:37,556 INFO N_SAMPLE: 10
2020-05-17 05:17:37,556 INFO MODE: grap
2020-05-17 05:17:37,556 INFO RATE: 0.005
2020-05-17 05:17:37,556 INFO GAMMA: 12.0
2020-05-17 05:17:37,556 INFO BERN: True
2020-05-17 05:17:37,556 INFO MARGIN: 4.0
2020-05-17 05:17:37,556 INFO REG: 1.0
2020-05-17 05:17:37,556 INFO LABEL_SMOOTH_EPS: 0.1
2020-05-17 05:17:37,556 INFO INPUT_DROP: 0.2
2020-05-17 05:17:37,556 INFO FEAT_DROP: 0.2
2020-05-17 05:17:37,556 INFO HIDD_DROP: 0.3
2020-05-17 05:17:37,557 INFO CHANNELS: 50
2020-05-17 05:17:37,557 INFO KERNEL_SIZE: 3
2020-05-17 05:17:37,557 INFO N_POOL: 100
2020-05-17 05:17:37,557 INFO MODEL_D: TransH
2020-05-17 05:17:37,557 INFO MODEL_G: DistMult
2020-05-17 05:17:37,557 INFO SCRATCH: False
2020-05-17 05:17:37,557 INFO D_FILE: None
2020-05-17 05:17:37,557 INFO G_FILE: None
2020-05-17 05:17:37,557 INFO PATH: data
2020-05-17 05:17:37,557 INFO DATA: WN18RR
2020-05-17 05:17:37,557 INFO EXP_PATH: experiment/WN18RR
2020-05-17 05:17:37,558 INFO MODEL: TransH
2020-05-17 05:17:37,558 INFO V: -10.005
2020-05-17 05:17:37,558 INFO F: True
2020-05-17 05:17:37,558 INFO EVAL: False
2020-05-17 05:17:37,558 INFO TRAINED: False
2020-05-17 05:17:37,558 INFO PRETRAINED_NAME: None
2020-05-17 05:17:37,558 INFO EXP_NAME: TransH-WN18RR-grap--10.005
2020-05-17 05:17:37,558 INFO --------------------------------------
2020-05-17 05:17:42,394 INFO Dataload done
2020-05-17 05:17:42,395 INFO --------------------------------------
2020-05-17 05:17:42,395 INFO N_ENTITY: 40943
2020-05-17 05:17:42,395 INFO N_RELATION: 11
2020-05-17 05:17:42,395 INFO --------------------------------------
2020-05-17 05:17:45,862 INFO Start Training...
2020-05-17 05:18:10,522 INFO [24.7] Epoch 0: loss = 330.0194
2020-05-17 05:18:35,129 INFO [24.6] Epoch 1: loss = 280.4852
2020-05-17 05:19:00,234 INFO [25.1] Epoch 2: loss = 240.7942
2020-05-17 05:19:25,116 INFO [24.9] Epoch 3: loss = 204.3340
2020-05-17 05:19:50,352 INFO [25.2] Epoch 4: loss = 170.7382
2020-05-17 05:20:15,340 INFO [25.0] Epoch 5: loss = 140.2556
2020-05-17 05:20:39,909 INFO [24.6] Epoch 6: loss = 113.7053
2020-05-17 05:21:04,441 INFO [24.5] Epoch 7: loss = 91.9998
2020-05-17 05:21:28,773 INFO [24.3] Epoch 8: loss = 73.9995
2020-05-17 05:21:53,696 INFO [24.9] Epoch 9: loss = 58.9175
2020-05-17 05:21:53,697 INFO Start Evaling...
2020-05-17 05:22:58,330 INFO Head: mr:9217.1 mrr:12.46 hits:31.94
2020-05-17 05:22:58,330 INFO Tail: mr:4215.8 mrr:14.35 hits:33.98
2020-05-17 05:22:58,330 INFO All: mr:6716.4 mrr:13.41 hits:32.96
2020-05-17 05:22:58,332 INFO Start Evaling...
2020-05-17 05:24:04,777 INFO Head: mr:9459.6 mrr:11.73 hits:30.22
2020-05-17 05:24:04,777 INFO Tail: mr:3907.9 mrr:14.02 hits:34.14
2020-05-17 05:24:04,777 INFO All: mr:6683.7 mrr:12.87 hits:32.18
2020-05-17 05:24:04,779 INFO Improved and model saved
2020-05-17 05:24:30,039 INFO [25.2] Epoch 10: loss = 46.9582
2020-05-17 05:24:55,377 INFO [25.3] Epoch 11: loss = 37.5634
2020-05-17 05:25:20,483 INFO [25.1] Epoch 12: loss = 30.2306
2020-05-17 05:25:45,645 INFO [25.2] Epoch 13: loss = 24.7637
2020-05-17 05:26:10,814 INFO [25.2] Epoch 14: loss = 20.6316
2020-05-17 05:26:35,514 INFO [24.7] Epoch 15: loss = 17.5178
2020-05-17 05:27:00,097 INFO [24.6] Epoch 16: loss = 14.9984
2020-05-17 05:27:25,152 INFO [25.1] Epoch 17: loss = 13.2246
2020-05-17 05:27:50,290 INFO [25.1] Epoch 18: loss = 11.7497
2020-05-17 05:28:15,371 INFO [25.1] Epoch 19: loss = 10.6388
2020-05-17 05:28:15,371 INFO Start Evaling...
2020-05-17 05:29:19,996 INFO Head: mr:6895.8 mrr:17.49 hits:42.55
2020-05-17 05:29:19,997 INFO Tail: mr:3190.7 mrr:19.67 hits:46.47
2020-05-17 05:29:19,997 INFO All: mr:5043.3 mrr:18.58 hits:44.51
2020-05-17 05:29:19,999 INFO Start Evaling...
2020-05-17 05:30:26,449 INFO Head: mr:7204.6 mrr:17.25 hits:42.41
2020-05-17 05:30:26,450 INFO Tail: mr:3133.1 mrr:19.78 hits:47.13
2020-05-17 05:30:26,450 INFO All: mr:5168.8 mrr:18.51 hits:44.77
2020-05-17 05:30:26,452 INFO Improved and model saved
2020-05-17 05:30:51,600 INFO [25.0] Epoch 20: loss = 9.7489
2020-05-17 05:31:16,634 INFO [25.0] Epoch 21: loss = 8.9750
2020-05-17 05:31:41,235 INFO [24.6] Epoch 22: loss = 8.3161
2020-05-17 05:32:06,395 INFO [25.2] Epoch 23: loss = 7.8722
2020-05-17 05:32:31,603 INFO [25.2] Epoch 24: loss = 7.4715
2020-05-17 05:32:56,818 INFO [25.2] Epoch 25: loss = 7.1620
2020-05-17 05:33:21,939 INFO [25.1] Epoch 26: loss = 6.8509
2020-05-17 05:33:46,919 INFO [25.0] Epoch 27: loss = 6.5381
2020-05-17 05:34:11,666 INFO [24.7] Epoch 28: loss = 6.3086
2020-05-17 05:34:36,034 INFO [24.4] Epoch 29: loss = 6.1634
2020-05-17 05:34:36,034 INFO Start Evaling...
2020-05-17 05:35:40,683 INFO Head: mr:6245.6 mrr:19.88 hits:45.68
2020-05-17 05:35:40,683 INFO Tail: mr:2929.4 mrr:21.94 hits:49.84
2020-05-17 05:35:40,683 INFO All: mr:4587.5 mrr:20.91 hits:47.76
2020-05-17 05:35:40,685 INFO Start Evaling...
2020-05-17 05:36:46,958 INFO Head: mr:6474.3 mrr:19.74 hits:45.37
2020-05-17 05:36:46,959 INFO Tail: mr:2996.4 mrr:22.09 hits:49.94
2020-05-17 05:36:46,959 INFO All: mr:4735.3 mrr:20.92 hits:47.65
2020-05-17 05:36:46,961 INFO Improved and model saved
2020-05-17 05:37:11,897 INFO [24.9] Epoch 30: loss = 5.9449
2020-05-17 05:37:36,682 INFO [24.8] Epoch 31: loss = 5.7844
2020-05-17 05:38:02,002 INFO [25.3] Epoch 32: loss = 5.7066
2020-05-17 05:38:26,906 INFO [24.9] Epoch 33: loss = 5.5021
2020-05-17 05:38:52,200 INFO [25.3] Epoch 34: loss = 5.4111
2020-05-17 05:39:16,965 INFO [24.8] Epoch 35: loss = 5.3295
2020-05-17 05:39:41,702 INFO [24.7] Epoch 36: loss = 5.2255
2020-05-17 05:40:06,805 INFO [25.1] Epoch 37: loss = 5.1818
2020-05-17 05:40:31,822 INFO [25.0] Epoch 38: loss = 4.9892
2020-05-17 05:40:56,459 INFO [24.6] Epoch 39: loss = 5.0032
2020-05-17 05:40:56,460 INFO Start Evaling...
2020-05-17 05:42:00,940 INFO Head: mr:6090.7 mrr:20.78 hits:46.80
2020-05-17 05:42:00,940 INFO Tail: mr:2792.6 mrr:22.90 hits:50.92
2020-05-17 05:42:00,940 INFO All: mr:4441.7 mrr:21.84 hits:48.86
2020-05-17 05:42:00,942 INFO Start Evaling...
2020-05-17 05:43:07,241 INFO Head: mr:6236.3 mrr:20.65 hits:46.33
2020-05-17 05:43:07,241 INFO Tail: mr:2913.0 mrr:23.17 hits:51.50
2020-05-17 05:43:07,241 INFO All: mr:4574.6 mrr:21.91 hits:48.92
2020-05-17 05:43:07,243 INFO Improved and model saved
2020-05-17 05:43:32,049 INFO [24.8] Epoch 40: loss = 4.8383
2020-05-17 05:43:57,066 INFO [25.0] Epoch 41: loss = 4.7111
2020-05-17 05:44:22,264 INFO [25.2] Epoch 42: loss = 4.7244
2020-05-17 05:44:46,441 INFO [24.2] Epoch 43: loss = 4.7342
2020-05-17 05:45:11,085 INFO [24.6] Epoch 44: loss = 4.7216
2020-05-17 05:45:35,645 INFO [24.6] Epoch 45: loss = 4.6012
2020-05-17 05:45:59,852 INFO [24.2] Epoch 46: loss = 4.6351
2020-05-17 05:46:24,886 INFO [25.0] Epoch 47: loss = 4.4879
2020-05-17 05:46:49,932 INFO [25.0] Epoch 48: loss = 4.4908
2020-05-17 05:47:14,405 INFO [24.5] Epoch 49: loss = 4.3110
2020-05-17 05:47:14,405 INFO Start Evaling...
2020-05-17 05:48:19,053 INFO Head: mr:5998.5 mrr:21.31 hits:47.20
2020-05-17 05:48:19,053 INFO Tail: mr:2794.7 mrr:23.12 hits:51.75
2020-05-17 05:48:19,053 INFO All: mr:4396.6 mrr:22.22 hits:49.47
2020-05-17 05:48:19,055 INFO Start Evaling...
2020-05-17 05:49:25,524 INFO Head: mr:6103.4 mrr:21.26 hits:46.94
2020-05-17 05:49:25,524 INFO Tail: mr:2880.2 mrr:23.82 hits:52.36
2020-05-17 05:49:25,524 INFO All: mr:4491.8 mrr:22.54 hits:49.65
2020-05-17 05:49:25,526 INFO Improved and model saved
2020-05-17 05:49:50,603 INFO [25.1] Epoch 50: loss = 4.2653
2020-05-17 05:50:15,162 INFO [24.6] Epoch 51: loss = 4.3453
2020-05-17 05:50:39,453 INFO [24.3] Epoch 52: loss = 4.3750
2020-05-17 05:51:04,052 INFO [24.6] Epoch 53: loss = 4.2418
2020-05-17 05:51:29,130 INFO [25.1] Epoch 54: loss = 4.2612
2020-05-17 05:51:53,302 INFO [24.2] Epoch 55: loss = 4.1979
2020-05-17 05:52:17,910 INFO [24.6] Epoch 56: loss = 4.1599
2020-05-17 05:52:42,516 INFO [24.6] Epoch 57: loss = 4.1940
2020-05-17 05:53:06,685 INFO [24.2] Epoch 58: loss = 4.0542
2020-05-17 05:53:31,683 INFO [25.0] Epoch 59: loss = 4.1210
2020-05-17 05:53:31,684 INFO Start Evaling...
2020-05-17 05:54:36,163 INFO Head: mr:5955.5 mrr:21.65 hits:47.56
2020-05-17 05:54:36,163 INFO Tail: mr:2791.5 mrr:23.62 hits:51.85
2020-05-17 05:54:36,163 INFO All: mr:4373.5 mrr:22.63 hits:49.70
2020-05-17 05:54:36,165 INFO Start Evaling...
2020-05-17 05:55:42,465 INFO Head: mr:6032.9 mrr:21.56 hits:46.78
2020-05-17 05:55:42,465 INFO Tail: mr:2927.4 mrr:24.02 hits:52.23
2020-05-17 05:55:42,465 INFO All: mr:4480.2 mrr:22.79 hits:49.51
2020-05-17 05:55:42,467 INFO Improved and model saved
2020-05-17 05:56:07,323 INFO [24.8] Epoch 60: loss = 4.0026
2020-05-17 05:56:31,685 INFO [24.4] Epoch 61: loss = 3.9583
2020-05-17 05:56:56,695 INFO [25.0] Epoch 62: loss = 4.0898
2020-05-17 05:57:21,290 INFO [24.6] Epoch 63: loss = 3.9491
2020-05-17 05:57:46,066 INFO [24.8] Epoch 64: loss = 3.9439
2020-05-17 05:58:11,083 INFO [25.0] Epoch 65: loss = 4.0263
2020-05-17 05:58:36,251 INFO [25.2] Epoch 66: loss = 3.7898
2020-05-17 05:59:00,823 INFO [24.6] Epoch 67: loss = 3.9054
2020-05-17 05:59:25,961 INFO [25.1] Epoch 68: loss = 3.9069
2020-05-17 05:59:50,664 INFO [24.7] Epoch 69: loss = 3.8022
2020-05-17 05:59:50,665 INFO Start Evaling...
2020-05-17 06:00:55,302 INFO Head: mr:5889.3 mrr:22.31 hits:47.50
2020-05-17 06:00:55,302 INFO Tail: mr:2836.8 mrr:24.00 hits:52.11
2020-05-17 06:00:55,302 INFO All: mr:4363.0 mrr:23.16 hits:49.80
2020-05-17 06:00:55,305 INFO Start Evaling...
2020-05-17 06:02:01,773 INFO Head: mr:6017.0 mrr:21.91 hits:46.78
2020-05-17 06:02:01,773 INFO Tail: mr:2931.3 mrr:24.41 hits:52.74
2020-05-17 06:02:01,773 INFO All: mr:4474.1 mrr:23.16 hits:49.76
2020-05-17 06:02:01,775 INFO Improved and model saved
2020-05-17 06:02:26,548 INFO [24.7] Epoch 70: loss = 3.8086
2020-05-17 06:02:51,608 INFO [25.1] Epoch 71: loss = 3.8594
2020-05-17 06:03:16,644 INFO [25.0] Epoch 72: loss = 3.8677
2020-05-17 06:03:41,379 INFO [24.7] Epoch 73: loss = 3.9053
2020-05-17 06:04:06,087 INFO [24.7] Epoch 74: loss = 3.8666
2020-05-17 06:04:31,307 INFO [25.2] Epoch 75: loss = 3.7406
2020-05-17 06:04:56,028 INFO [24.7] Epoch 76: loss = 3.7418
2020-05-17 06:05:21,048 INFO [25.0] Epoch 77: loss = 3.6865
2020-05-17 06:05:46,056 INFO [25.0] Epoch 78: loss = 3.6921
2020-05-17 06:06:10,799 INFO [24.7] Epoch 79: loss = 3.7510
2020-05-17 06:06:10,800 INFO Start Evaling...
2020-05-17 06:07:15,496 INFO Head: mr:5842.5 mrr:22.09 hits:47.43
2020-05-17 06:07:15,496 INFO Tail: mr:2805.7 mrr:24.13 hits:51.81
2020-05-17 06:07:15,496 INFO All: mr:4324.1 mrr:23.11 hits:49.62
2020-05-17 06:07:15,498 INFO Start Evaling...
2020-05-17 06:08:22,004 INFO Head: mr:5956.6 mrr:21.83 hits:46.65
2020-05-17 06:08:22,004 INFO Tail: mr:2916.6 mrr:24.52 hits:52.74
2020-05-17 06:08:22,005 INFO All: mr:4436.6 mrr:23.17 hits:49.70
2020-05-17 06:08:22,007 INFO Declined in recent 1 epochs
2020-05-17 06:08:47,138 INFO [25.1] Epoch 80: loss = 3.5991
2020-05-17 06:09:12,240 INFO [25.1] Epoch 81: loss = 3.6037
2020-05-17 06:09:36,535 INFO [24.3] Epoch 82: loss = 3.6494
2020-05-17 06:10:01,610 INFO [25.1] Epoch 83: loss = 3.7255
2020-05-17 06:10:26,402 INFO [24.8] Epoch 84: loss = 3.6209
2020-05-17 06:10:50,846 INFO [24.4] Epoch 85: loss = 3.6601
2020-05-17 06:11:15,973 INFO [25.1] Epoch 86: loss = 3.5841
2020-05-17 06:11:40,725 INFO [24.8] Epoch 87: loss = 3.5572
2020-05-17 06:12:05,423 INFO [24.7] Epoch 88: loss = 3.5215
2020-05-17 06:12:30,166 INFO [24.7] Epoch 89: loss = 3.5278
2020-05-17 06:12:30,167 INFO Start Evaling...
2020-05-17 06:13:34,854 INFO Head: mr:5876.3 mrr:22.33 hits:47.63
2020-05-17 06:13:34,854 INFO Tail: mr:2833.8 mrr:24.26 hits:52.44
2020-05-17 06:13:34,854 INFO All: mr:4355.0 mrr:23.29 hits:50.03
2020-05-17 06:13:34,857 INFO Start Evaling...
2020-05-17 06:14:41,363 INFO Head: mr:5925.3 mrr:22.13 hits:46.75
2020-05-17 06:14:41,363 INFO Tail: mr:2902.5 mrr:24.75 hits:52.94
2020-05-17 06:14:41,363 INFO All: mr:4413.9 mrr:23.44 hits:49.84
2020-05-17 06:14:41,366 INFO Improved and model saved
2020-05-17 06:15:06,600 INFO [25.2] Epoch 90: loss = 3.6275
2020-05-17 06:15:31,156 INFO [24.6] Epoch 91: loss = 3.5471
2020-05-17 06:15:56,095 INFO [24.9] Epoch 92: loss = 3.5065
2020-05-17 06:16:21,176 INFO [25.1] Epoch 93: loss = 3.4996
2020-05-17 06:16:45,735 INFO [24.6] Epoch 94: loss = 3.4599
2020-05-17 06:17:10,713 INFO [25.0] Epoch 95: loss = 3.4512
2020-05-17 06:17:35,313 INFO [24.6] Epoch 96: loss = 3.5288
2020-05-17 06:17:59,392 INFO [24.1] Epoch 97: loss = 3.5025
2020-05-17 06:18:24,489 INFO [25.1] Epoch 98: loss = 3.4997
2020-05-17 06:18:49,532 INFO [25.0] Epoch 99: loss = 3.4979
2020-05-17 06:18:49,533 INFO Start Evaling...
2020-05-17 06:19:54,209 INFO Head: mr:5855.7 mrr:22.34 hits:47.46
2020-05-17 06:19:54,209 INFO Tail: mr:2883.6 mrr:24.46 hits:52.08
2020-05-17 06:19:54,209 INFO All: mr:4369.7 mrr:23.40 hits:49.77
2020-05-17 06:19:54,212 INFO Start Evaling...
2020-05-17 06:21:00,716 INFO Head: mr:5930.5 mrr:22.20 hits:46.46
2020-05-17 06:21:00,716 INFO Tail: mr:2950.0 mrr:24.49 hits:52.84
2020-05-17 06:21:00,716 INFO All: mr:4440.2 mrr:23.34 hits:49.65
2020-05-17 06:21:00,718 INFO Improved and model saved
2020-05-17 06:21:25,516 INFO [24.8] Epoch 100: loss = 3.3918
2020-05-17 06:21:50,249 INFO [24.7] Epoch 101: loss = 3.4713
2020-05-17 06:22:14,947 INFO [24.7] Epoch 102: loss = 3.3763
2020-05-17 06:22:39,215 INFO [24.3] Epoch 103: loss = 3.3842
2020-05-17 06:23:04,316 INFO [25.1] Epoch 104: loss = 3.3481
2020-05-17 06:23:28,957 INFO [24.6] Epoch 105: loss = 3.4382
2020-05-17 06:23:53,501 INFO [24.5] Epoch 106: loss = 3.4336
2020-05-17 06:24:18,521 INFO [25.0] Epoch 107: loss = 3.3849
2020-05-17 06:24:43,109 INFO [24.6] Epoch 108: loss = 3.3124
2020-05-17 06:25:07,707 INFO [24.6] Epoch 109: loss = 3.2677
2020-05-17 06:25:07,707 INFO Start Evaling...
2020-05-17 06:26:12,185 INFO Head: mr:5867.8 mrr:22.44 hits:47.69
2020-05-17 06:26:12,185 INFO Tail: mr:2927.8 mrr:24.31 hits:51.71
2020-05-17 06:26:12,185 INFO All: mr:4397.8 mrr:23.38 hits:49.70
2020-05-17 06:26:12,188 INFO Start Evaling...
2020-05-17 06:27:18,486 INFO Head: mr:5959.8 mrr:22.21 hits:46.14
2020-05-17 06:27:18,486 INFO Tail: mr:3020.3 mrr:24.48 hits:52.55
2020-05-17 06:27:18,486 INFO All: mr:4490.0 mrr:23.34 hits:49.35
2020-05-17 06:27:18,488 INFO Declined in recent 1 epochs
2020-05-17 06:27:43,117 INFO [24.6] Epoch 110: loss = 3.3435
2020-05-17 06:28:08,223 INFO [25.1] Epoch 111: loss = 3.4434
2020-05-17 06:28:32,496 INFO [24.3] Epoch 112: loss = 3.2459
2020-05-17 06:28:57,780 INFO [25.3] Epoch 113: loss = 3.2416
2020-05-17 06:29:22,961 INFO [25.2] Epoch 114: loss = 3.3233
2020-05-17 06:29:47,798 INFO [24.8] Epoch 115: loss = 3.3633
2020-05-17 06:30:12,970 INFO [25.2] Epoch 116: loss = 3.3290
2020-05-17 06:30:38,083 INFO [25.1] Epoch 117: loss = 3.3073
2020-05-17 06:31:02,646 INFO [24.6] Epoch 118: loss = 3.3889
2020-05-17 06:31:27,694 INFO [25.0] Epoch 119: loss = 3.3632
2020-05-17 06:31:27,694 INFO Start Evaling...
2020-05-17 06:32:32,337 INFO Head: mr:5893.9 mrr:22.36 hits:47.36
2020-05-17 06:32:32,337 INFO Tail: mr:2968.2 mrr:24.18 hits:51.91
2020-05-17 06:32:32,337 INFO All: mr:4431.0 mrr:23.27 hits:49.64
2020-05-17 06:32:32,339 INFO Start Evaling...
2020-05-17 06:33:38,803 INFO Head: mr:5945.8 mrr:22.27 hits:46.30
2020-05-17 06:33:38,804 INFO Tail: mr:3081.7 mrr:24.67 hits:52.33
2020-05-17 06:33:38,804 INFO All: mr:4513.7 mrr:23.47 hits:49.31
2020-05-17 06:33:38,806 INFO Declined in recent 2 epochs
2020-05-17 06:34:03,898 INFO [25.1] Epoch 120: loss = 3.3465
2020-05-17 06:34:28,408 INFO [24.5] Epoch 121: loss = 3.3158
2020-05-17 06:34:53,490 INFO [25.1] Epoch 122: loss = 3.2830
2020-05-17 06:35:18,499 INFO [25.0] Epoch 123: loss = 3.2884
2020-05-17 06:35:42,699 INFO [24.2] Epoch 124: loss = 3.1653
2020-05-17 06:36:07,652 INFO [25.0] Epoch 125: loss = 3.3878
2020-05-17 06:36:32,240 INFO [24.6] Epoch 126: loss = 3.2926
2020-05-17 06:36:56,765 INFO [24.5] Epoch 127: loss = 3.2477
2020-05-17 06:37:21,390 INFO [24.6] Epoch 128: loss = 3.2745
2020-05-17 06:37:45,999 INFO [24.6] Epoch 129: loss = 3.2080
2020-05-17 06:37:46,000 INFO Start Evaling...
2020-05-17 06:38:50,641 INFO Head: mr:5877.7 mrr:22.45 hits:47.23
2020-05-17 06:38:50,641 INFO Tail: mr:2972.1 mrr:24.35 hits:51.88
2020-05-17 06:38:50,641 INFO All: mr:4424.9 mrr:23.40 hits:49.56
2020-05-17 06:38:50,644 INFO Start Evaling...
2020-05-17 06:39:57,108 INFO Head: mr:5997.2 mrr:21.96 hits:45.82
2020-05-17 06:39:57,108 INFO Tail: mr:3114.2 mrr:24.68 hits:52.62
2020-05-17 06:39:57,108 INFO All: mr:4555.7 mrr:23.32 hits:49.22
2020-05-17 06:39:57,110 INFO Declined in recent 3 epochs
2020-05-17 06:40:21,650 INFO [24.5] Epoch 130: loss = 3.2808
2020-05-17 06:40:46,545 INFO [24.9] Epoch 131: loss = 3.2251
2020-05-17 06:41:11,574 INFO [25.0] Epoch 132: loss = 3.1356
2020-05-17 06:41:35,807 INFO [24.2] Epoch 133: loss = 3.1903
2020-05-17 06:42:00,739 INFO [24.9] Epoch 134: loss = 3.2540
2020-05-17 06:42:25,897 INFO [25.2] Epoch 135: loss = 3.3098
2020-05-17 06:42:50,538 INFO [24.6] Epoch 136: loss = 3.1927
2020-05-17 06:43:15,581 INFO [25.0] Epoch 137: loss = 3.1997
2020-05-17 06:43:40,269 INFO [24.7] Epoch 138: loss = 3.1995
2020-05-17 06:44:04,984 INFO [24.7] Epoch 139: loss = 3.1993
2020-05-17 06:44:04,985 INFO Start Evaling...
2020-05-17 06:45:09,622 INFO Head: mr:5939.2 mrr:22.25 hits:47.23
2020-05-17 06:45:09,622 INFO Tail: mr:2992.5 mrr:24.43 hits:51.68
2020-05-17 06:45:09,622 INFO All: mr:4465.9 mrr:23.34 hits:49.46
2020-05-17 06:45:09,624 INFO Start Evaling...
2020-05-17 06:46:15,904 INFO Head: mr:6004.4 mrr:21.88 hits:46.08
2020-05-17 06:46:15,905 INFO Tail: mr:3115.3 mrr:24.63 hits:52.20
2020-05-17 06:46:15,905 INFO All: mr:4559.8 mrr:23.26 hits:49.14
2020-05-17 06:46:15,907 INFO Declined in recent 4 epochs
2020-05-17 06:46:40,544 INFO [24.6] Epoch 140: loss = 3.1886
2020-05-17 06:47:05,203 INFO [24.7] Epoch 141: loss = 3.2547
2020-05-17 06:47:29,740 INFO [24.5] Epoch 142: loss = 3.1001
2020-05-17 06:47:54,758 INFO [25.0] Epoch 143: loss = 3.2069
2020-05-17 06:48:19,802 INFO [25.0] Epoch 144: loss = 3.1973
2020-05-17 06:48:44,433 INFO [24.6] Epoch 145: loss = 3.1693
2020-05-17 06:49:09,534 INFO [25.1] Epoch 146: loss = 3.1957
2020-05-17 06:49:34,716 INFO [25.2] Epoch 147: loss = 3.1288
2020-05-17 06:49:58,869 INFO [24.2] Epoch 148: loss = 3.0801
2020-05-17 06:50:23,946 INFO [25.1] Epoch 149: loss = 3.0423
2020-05-17 06:50:23,947 INFO Start Evaling...
2020-05-17 06:51:28,430 INFO Head: mr:5946.2 mrr:22.51 hits:47.33
2020-05-17 06:51:28,430 INFO Tail: mr:3037.0 mrr:24.39 hits:51.45
2020-05-17 06:51:28,430 INFO All: mr:4491.6 mrr:23.45 hits:49.39
2020-05-17 06:51:28,433 INFO Start Evaling...
2020-05-17 06:52:34,729 INFO Head: mr:6028.3 mrr:22.31 hits:46.30
2020-05-17 06:52:34,729 INFO Tail: mr:3142.4 mrr:24.64 hits:51.82
2020-05-17 06:52:34,730 INFO All: mr:4585.4 mrr:23.47 hits:49.06
2020-05-17 06:52:34,732 INFO Improved and model saved
2020-05-17 06:52:59,570 INFO [24.8] Epoch 150: loss = 3.0759
2020-05-17 06:53:24,110 INFO [24.5] Epoch 151: loss = 3.1497
2020-05-17 06:53:48,710 INFO [24.6] Epoch 152: loss = 3.0993
2020-05-17 06:54:13,808 INFO [25.1] Epoch 153: loss = 3.1292
2020-05-17 06:54:37,958 INFO [24.1] Epoch 154: loss = 3.0875
2020-05-17 06:55:02,662 INFO [24.7] Epoch 155: loss = 3.0983
2020-05-17 06:55:27,967 INFO [25.3] Epoch 156: loss = 3.0381
2020-05-17 06:55:52,580 INFO [24.6] Epoch 157: loss = 3.1942
2020-05-17 06:56:17,271 INFO [24.7] Epoch 158: loss = 3.0060
2020-05-17 06:56:42,454 INFO [25.2] Epoch 159: loss = 3.1290
2020-05-17 06:56:42,454 INFO Start Evaling...
2020-05-17 06:57:46,928 INFO Head: mr:5942.6 mrr:22.32 hits:47.23
2020-05-17 06:57:46,928 INFO Tail: mr:3099.6 mrr:24.20 hits:51.48
2020-05-17 06:57:46,928 INFO All: mr:4521.1 mrr:23.26 hits:49.36
2020-05-17 06:57:46,931 INFO Start Evaling...
2020-05-17 06:58:53,223 INFO Head: mr:6048.8 mrr:21.95 hits:45.88
2020-05-17 06:58:53,223 INFO Tail: mr:3199.5 mrr:24.65 hits:51.75
2020-05-17 06:58:53,224 INFO All: mr:4624.1 mrr:23.30 hits:48.82
2020-05-17 06:58:53,226 INFO Declined in recent 1 epochs
2020-05-17 06:59:18,204 INFO [25.0] Epoch 160: loss = 3.0805
2020-05-17 06:59:43,309 INFO [25.1] Epoch 161: loss = 3.1227
