2020-05-17 02:28:50,354 INFO EPOCH: 1000
2020-05-17 02:28:50,354 INFO EVERY: 10
2020-05-17 02:28:50,354 INFO LR: 0.001
2020-05-17 02:28:50,354 INFO DIM: 100
2020-05-17 02:28:50,354 INFO BATCH_SIZE: 256
2020-05-17 02:28:50,354 INFO BATCH_SIZE2: 100
2020-05-17 02:28:50,354 INFO P: 1
2020-05-17 02:28:50,355 INFO CLIPPING_MAX_VALUE: 4.0
2020-05-17 02:28:50,355 INFO OPTIM: Adam
2020-05-17 02:28:50,355 INFO N_SAMPLE: 10
2020-05-17 02:28:50,355 INFO MODE: grap
2020-05-17 02:28:50,355 INFO RATE: 0.1
2020-05-17 02:28:50,355 INFO GAMMA: 12.0
2020-05-17 02:28:50,355 INFO BERN: True
2020-05-17 02:28:50,355 INFO MARGIN: 4.0
2020-05-17 02:28:50,355 INFO REG: 1.0
2020-05-17 02:28:50,355 INFO LABEL_SMOOTH_EPS: 0.1
2020-05-17 02:28:50,355 INFO INPUT_DROP: 0.2
2020-05-17 02:28:50,356 INFO FEAT_DROP: 0.2
2020-05-17 02:28:50,356 INFO HIDD_DROP: 0.3
2020-05-17 02:28:50,356 INFO CHANNELS: 50
2020-05-17 02:28:50,356 INFO KERNEL_SIZE: 3
2020-05-17 02:28:50,356 INFO N_POOL: 100
2020-05-17 02:28:50,356 INFO MODEL_D: TransH
2020-05-17 02:28:50,356 INFO MODEL_G: DistMult
2020-05-17 02:28:50,356 INFO SCRATCH: False
2020-05-17 02:28:50,356 INFO D_FILE: None
2020-05-17 02:28:50,356 INFO G_FILE: None
2020-05-17 02:28:50,356 INFO PATH: data
2020-05-17 02:28:50,356 INFO DATA: WN18RR
2020-05-17 02:28:50,357 INFO EXP_PATH: experiment/WN18RR
2020-05-17 02:28:50,357 INFO MODEL: TransH
2020-05-17 02:28:50,357 INFO V: -10.1
2020-05-17 02:28:50,357 INFO F: True
2020-05-17 02:28:50,357 INFO EVAL: False
2020-05-17 02:28:50,357 INFO TRAINED: False
2020-05-17 02:28:50,357 INFO PRETRAINED_NAME: None
2020-05-17 02:28:50,357 INFO EXP_NAME: TransH-WN18RR-grap--10.1
2020-05-17 02:28:50,357 INFO --------------------------------------
2020-05-17 02:28:55,201 INFO Dataload done
2020-05-17 02:28:55,201 INFO --------------------------------------
2020-05-17 02:28:55,201 INFO N_ENTITY: 40943
2020-05-17 02:28:55,201 INFO N_RELATION: 11
2020-05-17 02:28:55,201 INFO --------------------------------------
2020-05-17 02:28:58,643 INFO Start Training...
2020-05-17 02:29:23,589 INFO [24.9] Epoch 0: loss = 328.5178
2020-05-17 02:29:48,761 INFO [25.2] Epoch 1: loss = 285.2895
2020-05-17 02:30:14,490 INFO [25.7] Epoch 2: loss = 252.3113
2020-05-17 02:30:40,068 INFO [25.6] Epoch 3: loss = 221.7699
2020-05-17 02:31:05,643 INFO [25.6] Epoch 4: loss = 191.2917
2020-05-17 02:31:30,751 INFO [25.1] Epoch 5: loss = 163.4707
2020-05-17 02:31:56,283 INFO [25.5] Epoch 6: loss = 138.6353
2020-05-17 02:32:21,766 INFO [25.5] Epoch 7: loss = 116.9514
2020-05-17 02:32:46,432 INFO [24.7] Epoch 8: loss = 98.6586
2020-05-17 02:33:11,546 INFO [25.1] Epoch 9: loss = 83.9180
2020-05-17 02:33:11,546 INFO Start Evaling...
2020-05-17 02:34:16,193 INFO Head: mr:10102.0 mrr:9.37 hits:23.01
2020-05-17 02:34:16,193 INFO Tail: mr:4682.2 mrr:10.59 hits:25.54
2020-05-17 02:34:16,193 INFO All: mr:7392.1 mrr:9.98 hits:24.27
2020-05-17 02:34:16,195 INFO Start Evaling...
2020-05-17 02:35:22,655 INFO Head: mr:10540.9 mrr:8.86 hits:22.30
2020-05-17 02:35:22,655 INFO Tail: mr:4400.7 mrr:10.43 hits:25.53
2020-05-17 02:35:22,655 INFO All: mr:7470.8 mrr:9.64 hits:23.92
2020-05-17 02:35:22,657 INFO Improved and model saved
2020-05-17 02:35:48,257 INFO [25.6] Epoch 10: loss = 71.5570
2020-05-17 02:36:13,544 INFO [25.3] Epoch 11: loss = 61.9599
2020-05-17 02:36:38,625 INFO [25.1] Epoch 12: loss = 54.7146
2020-05-17 02:37:04,116 INFO [25.5] Epoch 13: loss = 48.4986
2020-05-17 02:37:29,668 INFO [25.6] Epoch 14: loss = 43.7487
2020-05-17 02:37:54,472 INFO [24.8] Epoch 15: loss = 40.0533
2020-05-17 02:38:19,952 INFO [25.5] Epoch 16: loss = 36.9125
2020-05-17 02:38:45,399 INFO [25.4] Epoch 17: loss = 34.6426
2020-05-17 02:39:11,060 INFO [25.7] Epoch 18: loss = 32.7890
2020-05-17 02:39:36,682 INFO [25.6] Epoch 19: loss = 30.9453
2020-05-17 02:39:36,682 INFO Start Evaling...
2020-05-17 02:40:41,319 INFO Head: mr:8182.7 mrr:13.21 hits:32.93
2020-05-17 02:40:41,319 INFO Tail: mr:3637.7 mrr:15.15 hits:35.46
2020-05-17 02:40:41,319 INFO All: mr:5910.2 mrr:14.18 hits:34.20
2020-05-17 02:40:41,321 INFO Start Evaling...
2020-05-17 02:41:47,780 INFO Head: mr:8525.5 mrr:13.21 hits:33.38
2020-05-17 02:41:47,781 INFO Tail: mr:3470.6 mrr:15.35 hits:35.64
2020-05-17 02:41:47,781 INFO All: mr:5998.1 mrr:14.28 hits:34.51
2020-05-17 02:41:47,783 INFO Improved and model saved
2020-05-17 02:42:12,996 INFO [25.2] Epoch 20: loss = 29.7984
2020-05-17 02:42:38,585 INFO [25.6] Epoch 21: loss = 28.5823
2020-05-17 02:43:03,784 INFO [25.2] Epoch 22: loss = 27.7468
2020-05-17 02:43:29,349 INFO [25.6] Epoch 23: loss = 26.7695
2020-05-17 02:43:55,024 INFO [25.7] Epoch 24: loss = 26.0972
2020-05-17 02:44:20,692 INFO [25.7] Epoch 25: loss = 25.5225
2020-05-17 02:44:46,230 INFO [25.5] Epoch 26: loss = 24.7844
2020-05-17 02:45:11,379 INFO [25.1] Epoch 27: loss = 24.4035
2020-05-17 02:45:36,591 INFO [25.2] Epoch 28: loss = 24.0206
2020-05-17 02:46:01,732 INFO [25.1] Epoch 29: loss = 23.5863
2020-05-17 02:46:01,733 INFO Start Evaling...
2020-05-17 02:47:06,390 INFO Head: mr:7652.6 mrr:15.79 hits:38.20
2020-05-17 02:47:06,390 INFO Tail: mr:3321.8 mrr:17.66 hits:40.97
2020-05-17 02:47:06,390 INFO All: mr:5487.2 mrr:16.73 hits:39.58
2020-05-17 02:47:06,392 INFO Start Evaling...
2020-05-17 02:48:12,875 INFO Head: mr:7994.6 mrr:15.43 hits:38.23
2020-05-17 02:48:12,876 INFO Tail: mr:3219.6 mrr:18.36 hits:41.80
2020-05-17 02:48:12,876 INFO All: mr:5607.1 mrr:16.89 hits:40.01
2020-05-17 02:48:12,878 INFO Improved and model saved
2020-05-17 02:48:38,172 INFO [25.3] Epoch 30: loss = 23.1022
2020-05-17 02:49:03,755 INFO [25.6] Epoch 31: loss = 22.8762
2020-05-17 02:49:29,132 INFO [25.4] Epoch 32: loss = 22.4390
2020-05-17 02:49:54,665 INFO [25.5] Epoch 33: loss = 22.0989
2020-05-17 02:50:20,267 INFO [25.6] Epoch 34: loss = 22.0213
2020-05-17 02:50:45,530 INFO [25.3] Epoch 35: loss = 21.6548
2020-05-17 02:51:10,425 INFO [24.9] Epoch 36: loss = 21.5576
2020-05-17 02:51:35,571 INFO [25.1] Epoch 37: loss = 21.2131
2020-05-17 02:52:01,391 INFO [25.8] Epoch 38: loss = 20.9999
2020-05-17 02:52:26,461 INFO [25.1] Epoch 39: loss = 21.0286
2020-05-17 02:52:26,462 INFO Start Evaling...
2020-05-17 02:53:31,117 INFO Head: mr:7396.2 mrr:16.90 hits:40.11
2020-05-17 02:53:31,117 INFO Tail: mr:3205.4 mrr:18.89 hits:43.34
2020-05-17 02:53:31,117 INFO All: mr:5300.8 mrr:17.89 hits:41.73
2020-05-17 02:53:31,119 INFO Start Evaling...
2020-05-17 02:54:37,600 INFO Head: mr:7765.3 mrr:16.54 hits:40.17
2020-05-17 02:54:37,600 INFO Tail: mr:3121.7 mrr:19.40 hits:44.07
2020-05-17 02:54:37,600 INFO All: mr:5443.5 mrr:17.97 hits:42.12
2020-05-17 02:54:37,602 INFO Improved and model saved
2020-05-17 02:55:02,666 INFO [25.0] Epoch 40: loss = 20.6951
2020-05-17 02:55:28,217 INFO [25.5] Epoch 41: loss = 20.4470
2020-05-17 02:55:53,852 INFO [25.6] Epoch 42: loss = 20.3321
2020-05-17 02:56:18,547 INFO [24.7] Epoch 43: loss = 20.2385
2020-05-17 02:56:44,081 INFO [25.5] Epoch 44: loss = 20.0326
2020-05-17 02:57:09,633 INFO [25.6] Epoch 45: loss = 19.9871
2020-05-17 02:57:34,408 INFO [24.8] Epoch 46: loss = 19.7133
2020-05-17 02:57:59,902 INFO [25.5] Epoch 47: loss = 19.4059
2020-05-17 02:58:25,462 INFO [25.6] Epoch 48: loss = 19.5607
2020-05-17 02:58:50,633 INFO [25.2] Epoch 49: loss = 19.0744
2020-05-17 02:58:50,634 INFO Start Evaling...
2020-05-17 02:59:55,109 INFO Head: mr:7280.8 mrr:17.03 hits:40.24
2020-05-17 02:59:55,109 INFO Tail: mr:3129.4 mrr:19.18 hits:43.90
2020-05-17 02:59:55,109 INFO All: mr:5205.1 mrr:18.10 hits:42.07
2020-05-17 02:59:55,111 INFO Start Evaling...
2020-05-17 03:01:01,409 INFO Head: mr:7638.8 mrr:16.96 hits:40.87
2020-05-17 03:01:01,409 INFO Tail: mr:3068.4 mrr:19.55 hits:44.54
2020-05-17 03:01:01,409 INFO All: mr:5353.6 mrr:18.25 hits:42.71
2020-05-17 03:01:01,411 INFO Improved and model saved
2020-05-17 03:01:26,569 INFO [25.1] Epoch 50: loss = 19.1554
2020-05-17 03:01:52,088 INFO [25.5] Epoch 51: loss = 19.0391
2020-05-17 03:02:17,169 INFO [25.1] Epoch 52: loss = 18.9345
2020-05-17 03:02:42,814 INFO [25.6] Epoch 53: loss = 18.9559
2020-05-17 03:03:08,299 INFO [25.5] Epoch 54: loss = 18.6481
2020-05-17 03:03:32,967 INFO [24.7] Epoch 55: loss = 18.6238
2020-05-17 03:03:58,515 INFO [25.5] Epoch 56: loss = 18.7869
2020-05-17 03:04:24,081 INFO [25.6] Epoch 57: loss = 18.5923
2020-05-17 03:04:49,269 INFO [25.2] Epoch 58: loss = 18.5307
2020-05-17 03:05:14,698 INFO [25.4] Epoch 59: loss = 18.4916
2020-05-17 03:05:14,699 INFO Start Evaling...
2020-05-17 03:06:19,164 INFO Head: mr:7138.3 mrr:17.06 hits:40.54
2020-05-17 03:06:19,164 INFO Tail: mr:3131.2 mrr:19.15 hits:44.56
2020-05-17 03:06:19,164 INFO All: mr:5134.7 mrr:18.11 hits:42.55
2020-05-17 03:06:19,166 INFO Start Evaling...
2020-05-17 03:07:25,452 INFO Head: mr:7519.0 mrr:16.98 hits:41.29
2020-05-17 03:07:25,452 INFO Tail: mr:3082.2 mrr:19.84 hits:45.50
2020-05-17 03:07:25,452 INFO All: mr:5300.6 mrr:18.41 hits:43.40
2020-05-17 03:07:25,454 INFO Improved and model saved
