2020-05-21 18:05:18,563 INFO EPOCH: 1000
2020-05-21 18:05:18,563 INFO EVERY: 10
2020-05-21 18:05:18,563 INFO LR: 0.001
2020-05-21 18:05:18,563 INFO DIM: 100
2020-05-21 18:05:18,563 INFO BATCH_SIZE: 256
2020-05-21 18:05:18,564 INFO BATCH_SIZE2: 100
2020-05-21 18:05:18,564 INFO P: 1
2020-05-21 18:05:18,564 INFO CLIPPING_MAX_VALUE: 4.0
2020-05-21 18:05:18,564 INFO OPTIM: Adam
2020-05-21 18:05:18,564 INFO N_SAMPLE: 12
2020-05-21 18:05:18,564 INFO MODE: grap
2020-05-21 18:05:18,564 INFO RATE: 0.01
2020-05-21 18:05:18,564 INFO GAMMA: 12.0
2020-05-21 18:05:18,564 INFO BERN: True
2020-05-21 18:05:18,564 INFO MARGIN: 4.0
2020-05-21 18:05:18,564 INFO REG: 1.0
2020-05-21 18:05:18,565 INFO LABEL_SMOOTH_EPS: 0.1
2020-05-21 18:05:18,565 INFO INPUT_DROP: 0.2
2020-05-21 18:05:18,565 INFO FEAT_DROP: 0.2
2020-05-21 18:05:18,565 INFO HIDD_DROP: 0.3
2020-05-21 18:05:18,565 INFO CHANNELS: 50
2020-05-21 18:05:18,565 INFO KERNEL_SIZE: 3
2020-05-21 18:05:18,565 INFO N_POOL: 100
2020-05-21 18:05:18,565 INFO MODEL_D: TransH
2020-05-21 18:05:18,565 INFO MODEL_G: DistMult
2020-05-21 18:05:18,565 INFO SCRATCH: False
2020-05-21 18:05:18,565 INFO D_FILE: None
2020-05-21 18:05:18,566 INFO G_FILE: None
2020-05-21 18:05:18,566 INFO PATH: data
2020-05-21 18:05:18,566 INFO DATA: WN18RR
2020-05-21 18:05:18,566 INFO EXP_PATH: experiment/WN18RR
2020-05-21 18:05:18,566 INFO MODEL: TransH
2020-05-21 18:05:18,566 INFO V: 12.01
2020-05-21 18:05:18,566 INFO F: True
2020-05-21 18:05:18,566 INFO ADV: True
2020-05-21 18:05:18,566 INFO EVAL: False
2020-05-21 18:05:18,566 INFO TRAINED: False
2020-05-21 18:05:18,566 INFO PRETRAINED_NAME: None
2020-05-21 18:05:18,567 INFO EXP_NAME: TransH-WN18RR-grap-12.01
2020-05-21 18:05:18,567 INFO --------------------------------------
2020-05-21 18:05:23,350 INFO Dataload done
2020-05-21 18:05:23,350 INFO --------------------------------------
2020-05-21 18:05:23,350 INFO N_ENTITY: 40943
2020-05-21 18:05:23,350 INFO N_RELATION: 11
2020-05-21 18:05:23,350 INFO --------------------------------------
2020-05-21 18:05:26,758 INFO Start Training...
2020-05-21 18:05:50,004 INFO [23.2] Epoch 0: loss = 343.0502
2020-05-21 18:06:12,812 INFO [22.8] Epoch 1: loss = 316.9594
2020-05-21 18:06:36,392 INFO [23.6] Epoch 2: loss = 289.5718
2020-05-21 18:07:00,181 INFO [23.8] Epoch 3: loss = 260.2830
2020-05-21 18:07:23,987 INFO [23.8] Epoch 4: loss = 231.0600
2020-05-21 18:07:47,789 INFO [23.8] Epoch 5: loss = 202.4086
2020-05-21 18:08:11,189 INFO [23.4] Epoch 6: loss = 176.3789
2020-05-21 18:08:34,600 INFO [23.4] Epoch 7: loss = 153.0116
2020-05-21 18:08:58,122 INFO [23.5] Epoch 8: loss = 132.4529
2020-05-21 18:09:21,680 INFO [23.6] Epoch 9: loss = 114.5081
2020-05-21 18:09:21,680 INFO Start Evaling...
2020-05-21 18:10:26,005 INFO Head: mr:8554.0 mrr:13.02 hits10:34.97 hits3:23.24 hits1:0.33
2020-05-21 18:10:26,006 INFO Tail: mr:3988.8 mrr:14.20 hits10:36.42 hits3:24.49 hits1:0.99
2020-05-21 18:10:26,006 INFO All: mr:6271.4 mrr:13.61 hits10:35.70 hits3:23.86 hits1:0.66
2020-05-21 18:10:26,008 INFO Start Evaling...
2020-05-21 18:11:32,124 INFO Head: mr:9048.6 mrr:12.37 hits10:33.06 hits3:21.12 hits1:0.41
2020-05-21 18:11:32,124 INFO Tail: mr:3886.9 mrr:13.67 hits10:35.51 hits3:23.23 hits1:0.83
2020-05-21 18:11:32,124 INFO All: mr:6467.8 mrr:13.02 hits10:34.29 hits3:22.18 hits1:0.62
2020-05-21 18:11:32,126 INFO Improved and model saved
2020-05-21 18:11:55,558 INFO [23.4] Epoch 10: loss = 99.0258
2020-05-21 18:12:19,511 INFO [24.0] Epoch 11: loss = 85.8707
2020-05-21 18:12:43,293 INFO [23.8] Epoch 12: loss = 74.7256
2020-05-21 18:13:06,745 INFO [23.5] Epoch 13: loss = 66.1446
2020-05-21 18:13:30,486 INFO [23.7] Epoch 14: loss = 59.1129
2020-05-21 18:13:53,615 INFO [23.1] Epoch 15: loss = 52.9010
2020-05-21 18:14:17,112 INFO [23.5] Epoch 16: loss = 48.2915
2020-05-21 18:14:41,059 INFO [23.9] Epoch 17: loss = 44.7948
2020-05-21 18:15:04,918 INFO [23.9] Epoch 18: loss = 40.8443
2020-05-21 18:15:28,381 INFO [23.5] Epoch 19: loss = 38.4933
2020-05-21 18:15:28,381 INFO Start Evaling...
2020-05-21 18:16:32,890 INFO Head: mr:6749.4 mrr:16.20 hits10:41.27 hits3:29.10 hits1:0.69
2020-05-21 18:16:32,891 INFO Tail: mr:3179.4 mrr:18.14 hits10:44.43 hits3:31.41 hits1:2.08
2020-05-21 18:16:32,891 INFO All: mr:4964.4 mrr:17.17 hits10:42.85 hits3:30.26 hits1:1.38
2020-05-21 18:16:32,893 INFO Start Evaling...
2020-05-21 18:17:39,207 INFO Head: mr:7162.0 mrr:16.16 hits10:41.13 hits3:28.91 hits1:0.96
2020-05-21 18:17:39,207 INFO Tail: mr:3185.1 mrr:18.45 hits10:44.86 hits3:31.11 hits1:2.27
2020-05-21 18:17:39,207 INFO All: mr:5173.6 mrr:17.31 hits10:43.00 hits3:30.01 hits1:1.61
2020-05-21 18:17:39,209 INFO Improved and model saved
2020-05-21 18:18:03,103 INFO [23.9] Epoch 20: loss = 36.3207
2020-05-21 18:18:26,603 INFO [23.5] Epoch 21: loss = 34.1495
2020-05-21 18:18:50,114 INFO [23.5] Epoch 22: loss = 32.6062
2020-05-21 18:19:14,082 INFO [24.0] Epoch 23: loss = 31.1317
2020-05-21 18:19:37,821 INFO [23.7] Epoch 24: loss = 29.7361
2020-05-21 18:20:01,924 INFO [24.1] Epoch 25: loss = 29.3655
2020-05-21 18:20:25,671 INFO [23.7] Epoch 26: loss = 28.0952
2020-05-21 18:20:49,370 INFO [23.7] Epoch 27: loss = 26.8934
2020-05-21 18:21:12,753 INFO [23.4] Epoch 28: loss = 26.1221
2020-05-21 18:21:36,150 INFO [23.4] Epoch 29: loss = 24.8372
2020-05-21 18:21:36,150 INFO Start Evaling...
2020-05-21 18:22:40,669 INFO Head: mr:6184.4 mrr:16.89 hits10:43.38 hits3:29.50 hits1:0.86
2020-05-21 18:22:40,669 INFO Tail: mr:2791.8 mrr:19.30 hits10:46.67 hits3:32.53 hits1:2.64
2020-05-21 18:22:40,669 INFO All: mr:4488.1 mrr:18.09 hits10:45.02 hits3:31.02 hits1:1.75
2020-05-21 18:22:40,672 INFO Start Evaling...
2020-05-21 18:23:46,995 INFO Head: mr:6682.2 mrr:16.69 hits10:42.72 hits3:29.20 hits1:0.86
2020-05-21 18:23:46,996 INFO Tail: mr:2834.2 mrr:19.32 hits10:47.19 hits3:32.55 hits1:2.55
2020-05-21 18:23:46,996 INFO All: mr:4758.2 mrr:18.00 hits10:44.96 hits3:30.87 hits1:1.71
2020-05-21 18:23:46,998 INFO Improved and model saved
2020-05-21 18:24:10,878 INFO [23.9] Epoch 30: loss = 24.7002
2020-05-21 18:24:34,940 INFO [24.1] Epoch 31: loss = 23.9333
2020-05-21 18:24:59,330 INFO [24.4] Epoch 32: loss = 23.0849
2020-05-21 18:25:22,811 INFO [23.5] Epoch 33: loss = 22.6221
2020-05-21 18:25:46,610 INFO [23.8] Epoch 34: loss = 22.5256
2020-05-21 18:26:10,350 INFO [23.7] Epoch 35: loss = 22.0245
2020-05-21 18:26:33,812 INFO [23.5] Epoch 36: loss = 21.4806
2020-05-21 18:26:57,454 INFO [23.6] Epoch 37: loss = 21.2819
2020-05-21 18:27:20,888 INFO [23.4] Epoch 38: loss = 21.0148
2020-05-21 18:27:44,044 INFO [23.2] Epoch 39: loss = 20.7511
2020-05-21 18:27:44,044 INFO Start Evaling...
2020-05-21 18:28:48,371 INFO Head: mr:5896.4 mrr:17.17 hits10:43.94 hits3:29.14 hits1:1.42
2020-05-21 18:28:48,371 INFO Tail: mr:2588.9 mrr:19.46 hits10:47.33 hits3:31.64 hits1:2.97
2020-05-21 18:28:48,371 INFO All: mr:4242.7 mrr:18.31 hits10:45.63 hits3:30.39 hits1:2.19
2020-05-21 18:28:48,374 INFO Start Evaling...
2020-05-21 18:29:54,505 INFO Head: mr:6495.3 mrr:16.92 hits10:43.36 hits3:28.78 hits1:1.31
2020-05-21 18:29:54,505 INFO Tail: mr:2646.9 mrr:19.75 hits10:48.56 hits3:32.61 hits1:2.94
2020-05-21 18:29:54,505 INFO All: mr:4571.1 mrr:18.33 hits10:45.96 hits3:30.70 hits1:2.12
2020-05-21 18:29:54,507 INFO Improved and model saved
2020-05-21 18:30:17,895 INFO [23.4] Epoch 40: loss = 20.1266
2020-05-21 18:30:41,732 INFO [23.8] Epoch 41: loss = 19.6443
2020-05-21 18:31:05,488 INFO [23.8] Epoch 42: loss = 19.3562
2020-05-21 18:31:28,533 INFO [23.0] Epoch 43: loss = 19.1276
2020-05-21 18:31:52,460 INFO [23.9] Epoch 44: loss = 19.1462
2020-05-21 18:32:16,174 INFO [23.7] Epoch 45: loss = 18.6940
2020-05-21 18:32:39,637 INFO [23.5] Epoch 46: loss = 18.4173
2020-05-21 18:33:03,298 INFO [23.7] Epoch 47: loss = 18.0196
2020-05-21 18:33:26,658 INFO [23.4] Epoch 48: loss = 18.1738
2020-05-21 18:33:50,002 INFO [23.3] Epoch 49: loss = 17.4735
2020-05-21 18:33:50,003 INFO Start Evaling...
2020-05-21 18:34:54,532 INFO Head: mr:5765.9 mrr:17.50 hits10:44.59 hits3:29.30 hits1:1.58
2020-05-21 18:34:54,532 INFO Tail: mr:2503.3 mrr:19.63 hits10:48.38 hits3:32.89 hits1:2.83
2020-05-21 18:34:54,532 INFO All: mr:4134.6 mrr:18.56 hits10:46.49 hits3:31.10 hits1:2.21
2020-05-21 18:34:54,534 INFO Start Evaling...
2020-05-21 18:36:00,846 INFO Head: mr:6339.8 mrr:17.26 hits10:44.32 hits3:29.13 hits1:1.56
2020-05-21 18:36:00,847 INFO Tail: mr:2573.0 mrr:19.87 hits10:49.33 hits3:32.87 hits1:2.78
2020-05-21 18:36:00,847 INFO All: mr:4456.4 mrr:18.56 hits10:46.83 hits3:31.00 hits1:2.17
2020-05-21 18:36:00,849 INFO Improved and model saved
2020-05-21 18:36:24,502 INFO [23.6] Epoch 50: loss = 17.7763
2020-05-21 18:36:47,873 INFO [23.4] Epoch 51: loss = 17.6332
2020-05-21 18:37:10,861 INFO [23.0] Epoch 52: loss = 17.1735
2020-05-21 18:37:34,226 INFO [23.4] Epoch 53: loss = 17.2175
2020-05-21 18:37:57,992 INFO [23.8] Epoch 54: loss = 16.9378
2020-05-21 18:38:21,105 INFO [23.1] Epoch 55: loss = 16.7817
2020-05-21 18:38:44,864 INFO [23.8] Epoch 56: loss = 16.4650
2020-05-21 18:39:08,338 INFO [23.5] Epoch 57: loss = 16.4254
2020-05-21 18:39:31,458 INFO [23.1] Epoch 58: loss = 16.4753
2020-05-21 18:39:55,357 INFO [23.9] Epoch 59: loss = 16.5828
2020-05-21 18:39:55,358 INFO Start Evaling...
2020-05-21 18:40:59,893 INFO Head: mr:5589.5 mrr:17.34 hits10:44.76 hits3:28.71 hits1:1.65
2020-05-21 18:40:59,893 INFO Tail: mr:2406.6 mrr:19.69 hits10:48.68 hits3:32.30 hits1:3.00
2020-05-21 18:40:59,893 INFO All: mr:3998.0 mrr:18.52 hits10:46.72 hits3:30.50 hits1:2.32
2020-05-21 18:40:59,895 INFO Start Evaling...
2020-05-21 18:42:06,238 INFO Head: mr:6204.6 mrr:17.26 hits10:44.48 hits3:28.49 hits1:1.69
2020-05-21 18:42:06,239 INFO Tail: mr:2462.8 mrr:19.89 hits10:49.01 hits3:32.42 hits1:3.03
2020-05-21 18:42:06,239 INFO All: mr:4333.7 mrr:18.57 hits10:46.75 hits3:30.46 hits1:2.36
2020-05-21 18:42:06,241 INFO Declined in recent 1 epochs
2020-05-21 18:42:30,058 INFO [23.8] Epoch 60: loss = 16.3332
2020-05-21 18:42:53,216 INFO [23.2] Epoch 61: loss = 15.9106
2020-05-21 18:43:16,943 INFO [23.7] Epoch 62: loss = 16.1617
2020-05-21 18:43:40,855 INFO [23.9] Epoch 63: loss = 15.8336
2020-05-21 18:44:04,377 INFO [23.5] Epoch 64: loss = 15.6940
2020-05-21 18:44:28,174 INFO [23.8] Epoch 65: loss = 15.5928
2020-05-21 18:44:51,949 INFO [23.8] Epoch 66: loss = 15.5775
2020-05-21 18:45:15,199 INFO [23.3] Epoch 67: loss = 15.2047
2020-05-21 18:45:39,055 INFO [23.9] Epoch 68: loss = 15.2465
2020-05-21 18:46:02,919 INFO [23.9] Epoch 69: loss = 14.9462
2020-05-21 18:46:02,919 INFO Start Evaling...
2020-05-21 18:47:07,252 INFO Head: mr:5591.5 mrr:17.81 hits10:44.83 hits3:29.27 hits1:1.98
2020-05-21 18:47:07,252 INFO Tail: mr:2389.4 mrr:19.98 hits10:49.01 hits3:32.17 hits1:3.26
2020-05-21 18:47:07,252 INFO All: mr:3990.5 mrr:18.90 hits10:46.92 hits3:30.72 hits1:2.62
2020-05-21 18:47:07,255 INFO Start Evaling...
2020-05-21 18:48:13,391 INFO Head: mr:6206.0 mrr:17.23 hits10:44.70 hits3:28.27 hits1:1.60
2020-05-21 18:48:13,391 INFO Tail: mr:2443.6 mrr:19.95 hits10:49.27 hits3:32.48 hits1:3.19
2020-05-21 18:48:13,391 INFO All: mr:4324.8 mrr:18.59 hits10:46.98 hits3:30.38 hits1:2.39
2020-05-21 18:48:13,393 INFO Improved and model saved
2020-05-21 18:48:36,948 INFO [23.5] Epoch 70: loss = 14.8055
2020-05-21 18:49:00,447 INFO [23.5] Epoch 71: loss = 14.6977
2020-05-21 18:49:24,422 INFO [24.0] Epoch 72: loss = 14.9741
2020-05-21 18:49:48,000 INFO [23.6] Epoch 73: loss = 14.6527
2020-05-21 18:50:11,346 INFO [23.3] Epoch 74: loss = 14.6734
2020-05-21 18:50:35,218 INFO [23.9] Epoch 75: loss = 14.8336
2020-05-21 18:50:58,982 INFO [23.8] Epoch 76: loss = 14.2535
2020-05-21 18:51:22,133 INFO [23.2] Epoch 77: loss = 14.0992
2020-05-21 18:51:45,716 INFO [23.6] Epoch 78: loss = 14.2934
2020-05-21 18:52:09,483 INFO [23.8] Epoch 79: loss = 13.7849
2020-05-21 18:52:09,483 INFO Start Evaling...
2020-05-21 18:53:13,823 INFO Head: mr:5448.0 mrr:17.69 hits10:44.56 hits3:29.20 hits1:2.11
2020-05-21 18:53:13,823 INFO Tail: mr:2303.9 mrr:19.71 hits10:48.71 hits3:31.74 hits1:3.00
2020-05-21 18:53:13,823 INFO All: mr:3875.9 mrr:18.70 hits10:46.64 hits3:30.47 hits1:2.55
2020-05-21 18:53:13,825 INFO Start Evaling...
2020-05-21 18:54:19,965 INFO Head: mr:6063.3 mrr:16.99 hits10:44.64 hits3:27.60 hits1:1.56
2020-05-21 18:54:19,965 INFO Tail: mr:2413.7 mrr:19.77 hits10:48.95 hits3:31.94 hits1:3.22
2020-05-21 18:54:19,965 INFO All: mr:4238.5 mrr:18.38 hits10:46.79 hits3:29.77 hits1:2.39
2020-05-21 18:54:19,967 INFO Declined in recent 1 epochs
2020-05-21 18:54:43,093 INFO [23.1] Epoch 80: loss = 14.2517
2020-05-21 18:55:06,976 INFO [23.9] Epoch 81: loss = 13.8734
2020-05-21 18:55:30,532 INFO [23.6] Epoch 82: loss = 13.9881
2020-05-21 18:55:53,582 INFO [23.1] Epoch 83: loss = 14.3027
2020-05-21 18:56:17,124 INFO [23.5] Epoch 84: loss = 13.8808
2020-05-21 18:56:40,625 INFO [23.5] Epoch 85: loss = 13.8866
2020-05-21 18:57:03,818 INFO [23.2] Epoch 86: loss = 13.5225
2020-05-21 18:57:27,529 INFO [23.7] Epoch 87: loss = 13.1484
2020-05-21 18:57:51,371 INFO [23.8] Epoch 88: loss = 13.7793
2020-05-21 18:58:14,470 INFO [23.1] Epoch 89: loss = 13.3220
2020-05-21 18:58:14,471 INFO Start Evaling...
2020-05-21 18:59:18,817 INFO Head: mr:5365.3 mrr:17.67 hits10:45.32 hits3:29.33 hits1:2.01
2020-05-21 18:59:18,818 INFO Tail: mr:2318.8 mrr:19.70 hits10:49.21 hits3:31.64 hits1:2.93
2020-05-21 18:59:18,818 INFO All: mr:3842.1 mrr:18.68 hits10:47.26 hits3:30.49 hits1:2.47
2020-05-21 18:59:18,820 INFO Start Evaling...
2020-05-21 19:00:24,969 INFO Head: mr:5972.7 mrr:17.17 hits10:44.61 hits3:27.86 hits1:1.60
2020-05-21 19:00:24,969 INFO Tail: mr:2355.2 mrr:20.05 hits10:48.92 hits3:32.20 hits1:3.22
2020-05-21 19:00:24,969 INFO All: mr:4164.0 mrr:18.61 hits10:46.76 hits3:30.03 hits1:2.41
2020-05-21 19:00:24,971 INFO Declined in recent 2 epochs
2020-05-21 19:00:48,561 INFO [23.6] Epoch 90: loss = 13.0140
2020-05-21 19:01:12,495 INFO [23.9] Epoch 91: loss = 13.3769
2020-05-21 19:01:35,549 INFO [23.1] Epoch 92: loss = 13.0858
2020-05-21 19:01:59,490 INFO [23.9] Epoch 93: loss = 13.0844
2020-05-21 19:02:23,268 INFO [23.8] Epoch 94: loss = 13.0893
2020-05-21 19:02:46,753 INFO [23.5] Epoch 95: loss = 13.2869
2020-05-21 19:03:10,622 INFO [23.9] Epoch 96: loss = 13.0606
2020-05-21 19:03:34,379 INFO [23.8] Epoch 97: loss = 12.9227
2020-05-21 19:03:57,862 INFO [23.5] Epoch 98: loss = 12.9806
2020-05-21 19:04:21,640 INFO [23.8] Epoch 99: loss = 12.1589
2020-05-21 19:04:21,640 INFO Start Evaling...
2020-05-21 19:05:26,148 INFO Head: mr:5389.2 mrr:17.96 hits10:45.12 hits3:29.70 hits1:2.01
2020-05-21 19:05:26,148 INFO Tail: mr:2320.6 mrr:19.86 hits10:49.21 hits3:31.77 hits1:3.10
2020-05-21 19:05:26,148 INFO All: mr:3854.9 mrr:18.91 hits10:47.17 hits3:30.74 hits1:2.55
2020-05-21 19:05:26,150 INFO Start Evaling...
2020-05-21 19:06:32,462 INFO Head: mr:5907.9 mrr:17.30 hits10:44.96 hits3:28.27 hits1:1.69
2020-05-21 19:06:32,463 INFO Tail: mr:2322.6 mrr:20.10 hits10:49.11 hits3:32.29 hits1:3.16
2020-05-21 19:06:32,463 INFO All: mr:4115.3 mrr:18.70 hits10:47.03 hits3:30.28 hits1:2.43
2020-05-21 19:06:32,465 INFO Improved and model saved
2020-05-21 19:06:56,498 INFO [24.0] Epoch 100: loss = 12.9935
2020-05-21 19:07:19,645 INFO [23.1] Epoch 101: loss = 12.9953
2020-05-21 19:07:43,457 INFO [23.8] Epoch 102: loss = 12.6187
2020-05-21 19:08:07,044 INFO [23.6] Epoch 103: loss = 12.5855
2020-05-21 19:08:30,516 INFO [23.5] Epoch 104: loss = 12.3954
2020-05-21 19:08:53,996 INFO [23.5] Epoch 105: loss = 12.9727
2020-05-21 19:09:18,005 INFO [24.0] Epoch 106: loss = 12.4248
2020-05-21 19:09:41,638 INFO [23.6] Epoch 107: loss = 12.5577
2020-05-21 19:10:05,353 INFO [23.7] Epoch 108: loss = 12.5648
2020-05-21 19:10:29,270 INFO [23.9] Epoch 109: loss = 12.1682
2020-05-21 19:10:29,270 INFO Start Evaling...
2020-05-21 19:11:33,770 INFO Head: mr:5387.6 mrr:17.98 hits10:44.96 hits3:30.09 hits1:2.04
2020-05-21 19:11:33,771 INFO Tail: mr:2257.4 mrr:20.00 hits10:49.97 hits3:32.79 hits1:3.00
2020-05-21 19:11:33,771 INFO All: mr:3822.5 mrr:18.99 hits10:47.46 hits3:31.44 hits1:2.52
2020-05-21 19:11:33,773 INFO Start Evaling...
2020-05-21 19:12:40,079 INFO Head: mr:5921.7 mrr:17.44 hits10:44.99 hits3:28.24 hits1:1.98
2020-05-21 19:12:40,079 INFO Tail: mr:2312.8 mrr:20.31 hits10:49.78 hits3:32.71 hits1:3.29
2020-05-21 19:12:40,080 INFO All: mr:4117.2 mrr:18.87 hits10:47.38 hits3:30.47 hits1:2.63
2020-05-21 19:12:40,082 INFO Improved and model saved
2020-05-21 19:13:03,440 INFO [23.3] Epoch 110: loss = 12.3222
2020-05-21 19:13:27,058 INFO [23.6] Epoch 111: loss = 12.3735
2020-05-21 19:13:50,838 INFO [23.8] Epoch 112: loss = 12.0975
2020-05-21 19:14:14,040 INFO [23.2] Epoch 113: loss = 12.5259
2020-05-21 19:14:37,822 INFO [23.8] Epoch 114: loss = 12.4304
2020-05-21 19:15:01,228 INFO [23.4] Epoch 115: loss = 11.8084
2020-05-21 19:15:24,204 INFO [23.0] Epoch 116: loss = 11.7904
2020-05-21 19:15:48,054 INFO [23.9] Epoch 117: loss = 12.3087
2020-05-21 19:16:11,770 INFO [23.7] Epoch 118: loss = 12.3452
2020-05-21 19:16:35,213 INFO [23.4] Epoch 119: loss = 11.7940
2020-05-21 19:16:35,213 INFO Start Evaling...
2020-05-21 19:17:39,706 INFO Head: mr:5288.1 mrr:17.89 hits10:45.52 hits3:29.30 hits1:1.94
2020-05-21 19:17:39,707 INFO Tail: mr:2246.5 mrr:20.11 hits10:50.00 hits3:32.73 hits1:2.93
2020-05-21 19:17:39,707 INFO All: mr:3767.3 mrr:19.00 hits10:47.76 hits3:31.02 hits1:2.44
2020-05-21 19:17:39,709 INFO Start Evaling...
2020-05-21 19:18:46,036 INFO Head: mr:5783.3 mrr:17.49 hits10:44.54 hits3:28.37 hits1:1.88
2020-05-21 19:18:46,036 INFO Tail: mr:2316.6 mrr:20.30 hits10:49.78 hits3:32.32 hits1:3.41
2020-05-21 19:18:46,036 INFO All: mr:4049.9 mrr:18.90 hits10:47.16 hits3:30.34 hits1:2.65
2020-05-21 19:18:46,038 INFO Improved and model saved
2020-05-21 19:19:09,475 INFO [23.4] Epoch 120: loss = 11.9655
2020-05-21 19:19:33,377 INFO [23.9] Epoch 121: loss = 12.3151
2020-05-21 19:19:56,700 INFO [23.3] Epoch 122: loss = 11.8117
2020-05-21 19:20:20,184 INFO [23.5] Epoch 123: loss = 11.6460
2020-05-21 19:20:43,727 INFO [23.5] Epoch 124: loss = 11.2919
2020-05-21 19:21:07,286 INFO [23.6] Epoch 125: loss = 11.8491
2020-05-21 19:21:30,760 INFO [23.5] Epoch 126: loss = 11.6445
2020-05-21 19:21:54,490 INFO [23.7] Epoch 127: loss = 11.9578
2020-05-21 19:22:17,871 INFO [23.4] Epoch 128: loss = 11.9067
2020-05-21 19:22:41,337 INFO [23.5] Epoch 129: loss = 11.7128
2020-05-21 19:22:41,337 INFO Start Evaling...
2020-05-21 19:23:45,690 INFO Head: mr:5261.3 mrr:17.85 hits10:45.62 hits3:29.89 hits1:1.88
2020-05-21 19:23:45,691 INFO Tail: mr:2266.5 mrr:19.89 hits10:49.87 hits3:32.40 hits1:2.90
2020-05-21 19:23:45,691 INFO All: mr:3763.9 mrr:18.87 hits10:47.74 hits3:31.15 hits1:2.39
2020-05-21 19:23:45,693 INFO Start Evaling...
2020-05-21 19:24:51,848 INFO Head: mr:5788.4 mrr:17.32 hits10:44.45 hits3:28.05 hits1:1.88
2020-05-21 19:24:51,848 INFO Tail: mr:2300.0 mrr:20.28 hits10:49.65 hits3:32.77 hits1:3.38
2020-05-21 19:24:51,848 INFO All: mr:4044.2 mrr:18.80 hits10:47.05 hits3:30.41 hits1:2.63
2020-05-21 19:24:51,850 INFO Declined in recent 1 epochs
2020-05-21 19:25:15,317 INFO [23.5] Epoch 130: loss = 11.7781
2020-05-21 19:25:38,783 INFO [23.5] Epoch 131: loss = 11.6212
2020-05-21 19:26:02,162 INFO [23.4] Epoch 132: loss = 11.4708
2020-05-21 19:26:25,676 INFO [23.5] Epoch 133: loss = 11.4280
2020-05-21 19:26:48,772 INFO [23.1] Epoch 134: loss = 11.7541
2020-05-21 19:27:12,286 INFO [23.5] Epoch 135: loss = 11.8829
2020-05-21 19:27:36,104 INFO [23.8] Epoch 136: loss = 11.5017
2020-05-21 19:27:59,466 INFO [23.4] Epoch 137: loss = 11.4973
2020-05-21 19:28:22,875 INFO [23.4] Epoch 138: loss = 11.5209
2020-05-21 19:28:46,571 INFO [23.7] Epoch 139: loss = 11.3119
2020-05-21 19:28:46,572 INFO Start Evaling...
2020-05-21 19:29:50,930 INFO Head: mr:5209.0 mrr:17.92 hits10:46.31 hits3:29.60 hits1:1.78
2020-05-21 19:29:50,930 INFO Tail: mr:2244.9 mrr:19.98 hits10:49.74 hits3:32.50 hits1:2.90
2020-05-21 19:29:50,931 INFO All: mr:3726.9 mrr:18.95 hits10:48.02 hits3:31.05 hits1:2.34
2020-05-21 19:29:50,933 INFO Start Evaling...
2020-05-21 19:30:57,092 INFO Head: mr:5776.0 mrr:17.35 hits10:44.99 hits3:28.27 hits1:1.85
2020-05-21 19:30:57,092 INFO Tail: mr:2302.6 mrr:20.34 hits10:49.59 hits3:32.87 hits1:3.35
2020-05-21 19:30:57,092 INFO All: mr:4039.3 mrr:18.85 hits10:47.29 hits3:30.57 hits1:2.60
2020-05-21 19:30:57,094 INFO Declined in recent 2 epochs
2020-05-21 19:31:20,127 INFO [23.0] Epoch 140: loss = 11.6359
2020-05-21 19:31:43,789 INFO [23.7] Epoch 141: loss = 11.2748
2020-05-21 19:32:07,426 INFO [23.6] Epoch 142: loss = 11.4105
2020-05-21 19:32:30,663 INFO [23.2] Epoch 143: loss = 11.3640
2020-05-21 19:32:54,555 INFO [23.9] Epoch 144: loss = 11.4107
2020-05-21 19:33:18,346 INFO [23.8] Epoch 145: loss = 11.2924
2020-05-21 19:33:41,745 INFO [23.4] Epoch 146: loss = 11.0586
2020-05-21 19:34:05,117 INFO [23.4] Epoch 147: loss = 11.0405
2020-05-21 19:34:28,739 INFO [23.6] Epoch 148: loss = 11.2383
2020-05-21 19:34:52,004 INFO [23.3] Epoch 149: loss = 11.1110
2020-05-21 19:34:52,005 INFO Start Evaling...
2020-05-21 19:35:56,505 INFO Head: mr:5252.0 mrr:17.80 hits10:45.78 hits3:29.30 hits1:1.98
2020-05-21 19:35:56,505 INFO Tail: mr:2253.7 mrr:19.82 hits10:49.04 hits3:32.17 hits1:2.93
2020-05-21 19:35:56,505 INFO All: mr:3752.8 mrr:18.81 hits10:47.41 hits3:30.74 hits1:2.46
2020-05-21 19:35:56,507 INFO Start Evaling...
2020-05-21 19:37:02,815 INFO Head: mr:5705.9 mrr:17.35 hits10:45.47 hits3:28.11 hits1:1.79
2020-05-21 19:37:02,815 INFO Tail: mr:2314.8 mrr:20.05 hits10:49.01 hits3:32.32 hits1:3.29
2020-05-21 19:37:02,815 INFO All: mr:4010.3 mrr:18.70 hits10:47.24 hits3:30.22 hits1:2.54
2020-05-21 19:37:02,817 INFO Declined in recent 3 epochs
2020-05-21 19:37:26,499 INFO [23.7] Epoch 150: loss = 10.8446
2020-05-21 19:37:50,349 INFO [23.8] Epoch 151: loss = 10.9066
2020-05-21 19:38:13,817 INFO [23.5] Epoch 152: loss = 11.2264
2020-05-21 19:38:37,627 INFO [23.8] Epoch 153: loss = 11.0731
2020-05-21 19:39:01,644 INFO [24.0] Epoch 154: loss = 11.2144
2020-05-21 19:39:25,117 INFO [23.5] Epoch 155: loss = 11.0288
2020-05-21 19:39:48,592 INFO [23.5] Epoch 156: loss = 10.6792
2020-05-21 19:40:12,494 INFO [23.9] Epoch 157: loss = 10.9423
2020-05-21 19:40:35,832 INFO [23.3] Epoch 158: loss = 11.1541
2020-05-21 19:40:59,234 INFO [23.4] Epoch 159: loss = 10.9813
2020-05-21 19:40:59,235 INFO Start Evaling...
2020-05-21 19:42:03,576 INFO Head: mr:5227.3 mrr:17.89 hits10:45.32 hits3:29.30 hits1:1.94
2020-05-21 19:42:03,576 INFO Tail: mr:2255.5 mrr:19.88 hits10:49.51 hits3:32.56 hits1:2.70
2020-05-21 19:42:03,576 INFO All: mr:3741.4 mrr:18.88 hits10:47.41 hits3:30.93 hits1:2.32
2020-05-21 19:42:03,578 INFO Start Evaling...
2020-05-21 19:43:09,723 INFO Head: mr:5728.8 mrr:17.14 hits10:44.38 hits3:28.02 hits1:1.72
2020-05-21 19:43:09,723 INFO Tail: mr:2313.2 mrr:19.80 hits10:49.36 hits3:31.84 hits1:2.94
2020-05-21 19:43:09,723 INFO All: mr:4021.0 mrr:18.47 hits10:46.87 hits3:29.93 hits1:2.33
2020-05-21 19:43:09,725 INFO Declined in recent 4 epochs
2020-05-21 19:43:33,148 INFO [23.4] Epoch 160: loss = 11.6030
2020-05-21 19:43:56,427 INFO [23.3] Epoch 161: loss = 10.6616
2020-05-21 19:44:19,765 INFO [23.3] Epoch 162: loss = 10.6865
2020-05-21 19:44:43,089 INFO [23.3] Epoch 163: loss = 10.9078
2020-05-21 19:45:06,049 INFO [23.0] Epoch 164: loss = 10.8585
2020-05-21 19:45:29,779 INFO [23.7] Epoch 165: loss = 10.4493
2020-05-21 19:45:53,451 INFO [23.7] Epoch 166: loss = 10.6092
2020-05-21 19:46:16,698 INFO [23.2] Epoch 167: loss = 10.7815
2020-05-21 19:46:40,575 INFO [23.9] Epoch 168: loss = 10.6701
2020-05-21 19:47:03,988 INFO [23.4] Epoch 169: loss = 10.6818
2020-05-21 19:47:03,988 INFO Start Evaling...
2020-05-21 19:48:08,519 INFO Head: mr:5289.6 mrr:17.79 hits10:45.68 hits3:29.47 hits1:1.71
2020-05-21 19:48:08,520 INFO Tail: mr:2272.5 mrr:19.71 hits10:49.57 hits3:32.23 hits1:2.67
2020-05-21 19:48:08,520 INFO All: mr:3781.0 mrr:18.75 hits10:47.63 hits3:30.85 hits1:2.19
2020-05-21 19:48:08,522 INFO Start Evaling...
2020-05-21 19:49:14,866 INFO Head: mr:5767.4 mrr:17.05 hits10:44.07 hits3:27.57 hits1:1.79
2020-05-21 19:49:14,866 INFO Tail: mr:2339.4 mrr:19.75 hits10:49.11 hits3:31.59 hits1:3.06
2020-05-21 19:49:14,866 INFO All: mr:4053.4 mrr:18.40 hits10:46.59 hits3:29.58 hits1:2.43
2020-05-21 19:49:14,868 INFO Declined in recent 5 epochs
2020-05-21 19:49:14,869 INFO Early stopping
2020-05-21 19:49:14,869 INFO Train done
2020-05-21 19:49:14,882 INFO Start Evaling...
2020-05-21 19:50:21,040 INFO Head: mr:5783.3 mrr:17.49 hits10:44.54 hits3:28.37 hits1:1.88
2020-05-21 19:50:21,040 INFO Tail: mr:2316.6 mrr:20.30 hits10:49.78 hits3:32.32 hits1:3.41
2020-05-21 19:50:21,040 INFO All: mr:4049.9 mrr:18.90 hits10:47.16 hits3:30.34 hits1:2.65
