2020-05-22 04:58:22,042 INFO EPOCH: 1000
2020-05-22 04:58:22,043 INFO EVERY: 10
2020-05-22 04:58:22,043 INFO LR: 0.001
2020-05-22 04:58:22,043 INFO DIM: 100
2020-05-22 04:58:22,043 INFO BATCH_SIZE: 256
2020-05-22 04:58:22,043 INFO BATCH_SIZE2: 100
2020-05-22 04:58:22,043 INFO P: 1
2020-05-22 04:58:22,043 INFO CLIPPING_MAX_VALUE: 4.0
2020-05-22 04:58:22,043 INFO OPTIM: Adam
2020-05-22 04:58:22,043 INFO N_SAMPLE: 12
2020-05-22 04:58:22,043 INFO MODE: cach
2020-05-22 04:58:22,044 INFO RATE: 0.01
2020-05-22 04:58:22,044 INFO GAMMA: 12.0
2020-05-22 04:58:22,044 INFO BERN: True
2020-05-22 04:58:22,044 INFO MARGIN: 4.0
2020-05-22 04:58:22,044 INFO REG: 1.0
2020-05-22 04:58:22,044 INFO LABEL_SMOOTH_EPS: 0.1
2020-05-22 04:58:22,044 INFO INPUT_DROP: 0.2
2020-05-22 04:58:22,044 INFO FEAT_DROP: 0.2
2020-05-22 04:58:22,044 INFO HIDD_DROP: 0.3
2020-05-22 04:58:22,044 INFO CHANNELS: 50
2020-05-22 04:58:22,044 INFO KERNEL_SIZE: 3
2020-05-22 04:58:22,044 INFO N_POOL: 100
2020-05-22 04:58:22,045 INFO MODEL_D: TransH
2020-05-22 04:58:22,045 INFO MODEL_G: DistMult
2020-05-22 04:58:22,045 INFO SCRATCH: False
2020-05-22 04:58:22,045 INFO D_FILE: None
2020-05-22 04:58:22,045 INFO G_FILE: None
2020-05-22 04:58:22,045 INFO PATH: data
2020-05-22 04:58:22,045 INFO DATA: WN18RR
2020-05-22 04:58:22,045 INFO EXP_PATH: experiment/WN18RR
2020-05-22 04:58:22,045 INFO MODEL: TransH
2020-05-22 04:58:22,045 INFO V: 12.01
2020-05-22 04:58:22,045 INFO F: True
2020-05-22 04:58:22,046 INFO ADV: True
2020-05-22 04:58:22,046 INFO EVAL: False
2020-05-22 04:58:22,046 INFO TRAINED: False
2020-05-22 04:58:22,046 INFO PRETRAINED_NAME: None
2020-05-22 04:58:22,046 INFO EXP_NAME: TransH-WN18RR-cach-12.01
2020-05-22 04:58:22,046 INFO --------------------------------------
2020-05-22 04:58:24,845 INFO Dataload done
2020-05-22 04:58:24,845 INFO --------------------------------------
2020-05-22 04:58:24,845 INFO N_ENTITY: 40943
2020-05-22 04:58:24,846 INFO N_RELATION: 11
2020-05-22 04:58:24,846 INFO --------------------------------------
2020-05-22 04:58:28,250 INFO Start Training...
2020-05-22 04:58:40,404 INFO [12.2] Epoch 0: loss = 347.2666
2020-05-22 04:58:52,306 INFO [11.9] Epoch 1: loss = 325.9488
2020-05-22 04:59:03,916 INFO [11.6] Epoch 2: loss = 305.1769
2020-05-22 04:59:15,850 INFO [11.9] Epoch 3: loss = 280.3031
2020-05-22 04:59:27,427 INFO [11.6] Epoch 4: loss = 254.5751
2020-05-22 04:59:39,355 INFO [11.9] Epoch 5: loss = 226.9409
2020-05-22 04:59:50,965 INFO [11.6] Epoch 6: loss = 199.9566
2020-05-22 05:00:02,898 INFO [11.9] Epoch 7: loss = 175.2254
2020-05-22 05:00:14,500 INFO [11.6] Epoch 8: loss = 152.6385
2020-05-22 05:00:26,440 INFO [11.9] Epoch 9: loss = 132.6906
2020-05-22 05:00:26,440 INFO Start Evaling...
2020-05-22 05:01:31,091 INFO Head: mr:8137.5 mrr:14.25 hits10:36.78 hits3:26.30 hits1:0.33
2020-05-22 05:01:31,092 INFO Tail: mr:4105.3 mrr:16.32 hits10:40.24 hits3:28.58 hits1:1.55
2020-05-22 05:01:31,092 INFO All: mr:6121.4 mrr:15.29 hits10:38.51 hits3:27.44 hits1:0.94
2020-05-22 05:01:31,094 INFO Start Evaling...
2020-05-22 05:02:37,540 INFO Head: mr:8420.5 mrr:14.02 hits10:36.02 hits3:24.92 hits1:0.54
2020-05-22 05:02:37,540 INFO Tail: mr:3791.1 mrr:16.32 hits10:40.52 hits3:28.24 hits1:1.60
2020-05-22 05:02:37,541 INFO All: mr:6105.8 mrr:15.17 hits10:38.27 hits3:26.58 hits1:1.07
2020-05-22 05:02:37,542 INFO Improved and model saved
2020-05-22 05:02:49,191 INFO [11.6] Epoch 10: loss = 115.0705
2020-05-22 05:03:01,137 INFO [11.9] Epoch 11: loss = 100.1367
2020-05-22 05:03:12,773 INFO [11.6] Epoch 12: loss = 87.4514
2020-05-22 05:03:24,409 INFO [11.6] Epoch 13: loss = 76.4661
2020-05-22 05:03:36,346 INFO [11.9] Epoch 14: loss = 67.3414
2020-05-22 05:03:47,968 INFO [11.6] Epoch 15: loss = 59.4975
2020-05-22 05:03:59,914 INFO [11.9] Epoch 16: loss = 52.8375
2020-05-22 05:04:11,539 INFO [11.6] Epoch 17: loss = 47.3975
2020-05-22 05:04:23,475 INFO [11.9] Epoch 18: loss = 42.7015
2020-05-22 05:04:35,110 INFO [11.6] Epoch 19: loss = 39.0788
2020-05-22 05:04:35,110 INFO Start Evaling...
2020-05-22 05:05:39,768 INFO Head: mr:6216.5 mrr:16.56 hits10:41.40 hits3:30.85 hits1:0.56
2020-05-22 05:05:39,768 INFO Tail: mr:3212.8 mrr:19.13 hits10:46.77 hits3:33.09 hits1:2.11
2020-05-22 05:05:39,769 INFO All: mr:4714.6 mrr:17.85 hits10:44.08 hits3:31.97 hits1:1.33
2020-05-22 05:05:39,771 INFO Start Evaling...
2020-05-22 05:06:46,244 INFO Head: mr:6424.3 mrr:16.76 hits10:42.25 hits3:31.37 hits1:0.48
2020-05-22 05:06:46,245 INFO Tail: mr:3089.3 mrr:19.94 hits10:48.40 hits3:34.94 hits1:2.49
2020-05-22 05:06:46,245 INFO All: mr:4756.8 mrr:18.35 hits10:45.33 hits3:33.15 hits1:1.48
2020-05-22 05:06:46,247 INFO Improved and model saved
2020-05-22 05:06:58,220 INFO [12.0] Epoch 20: loss = 36.0691
2020-05-22 05:07:09,882 INFO [11.7] Epoch 21: loss = 33.3448
2020-05-22 05:07:21,856 INFO [12.0] Epoch 22: loss = 31.2687
2020-05-22 05:07:33,515 INFO [11.7] Epoch 23: loss = 29.1701
2020-05-22 05:07:45,481 INFO [12.0] Epoch 24: loss = 27.6383
2020-05-22 05:07:57,117 INFO [11.6] Epoch 25: loss = 26.4423
2020-05-22 05:08:08,755 INFO [11.6] Epoch 26: loss = 25.3466
2020-05-22 05:08:20,740 INFO [12.0] Epoch 27: loss = 24.1677
2020-05-22 05:08:32,399 INFO [11.7] Epoch 28: loss = 23.2168
2020-05-22 05:08:44,387 INFO [12.0] Epoch 29: loss = 22.6501
2020-05-22 05:08:44,388 INFO Start Evaling...
2020-05-22 05:09:48,882 INFO Head: mr:5691.4 mrr:18.02 hits10:43.38 hits3:33.68 hits1:0.89
2020-05-22 05:09:48,882 INFO Tail: mr:2866.6 mrr:20.35 hits10:48.85 hits3:35.20 hits1:2.41
2020-05-22 05:09:48,882 INFO All: mr:4279.0 mrr:19.18 hits10:46.11 hits3:34.44 hits1:1.65
2020-05-22 05:09:48,885 INFO Start Evaling...
2020-05-22 05:10:55,188 INFO Head: mr:5954.0 mrr:18.02 hits10:44.29 hits3:33.47 hits1:0.67
2020-05-22 05:10:55,188 INFO Tail: mr:2761.2 mrr:20.88 hits10:50.03 hits3:36.15 hits1:2.55
2020-05-22 05:10:55,188 INFO All: mr:4357.6 mrr:19.45 hits10:47.16 hits3:34.81 hits1:1.61
2020-05-22 05:10:55,190 INFO Improved and model saved
2020-05-22 05:11:06,869 INFO [11.7] Epoch 30: loss = 21.7240
2020-05-22 05:11:18,894 INFO [12.0] Epoch 31: loss = 21.2271
2020-05-22 05:11:30,574 INFO [11.7] Epoch 32: loss = 21.4378
2020-05-22 05:11:42,575 INFO [12.0] Epoch 33: loss = 20.4511
2020-05-22 05:11:54,223 INFO [11.6] Epoch 34: loss = 20.0293
2020-05-22 05:12:06,257 INFO [12.0] Epoch 35: loss = 20.1974
2020-05-22 05:12:17,939 INFO [11.7] Epoch 36: loss = 19.4734
2020-05-22 05:12:29,626 INFO [11.7] Epoch 37: loss = 19.1185
2020-05-22 05:12:41,645 INFO [12.0] Epoch 38: loss = 19.0125
2020-05-22 05:12:53,327 INFO [11.7] Epoch 39: loss = 18.6449
2020-05-22 05:12:53,327 INFO Start Evaling...
2020-05-22 05:13:57,826 INFO Head: mr:5558.4 mrr:18.75 hits10:44.73 hits3:34.67 hits1:1.09
2020-05-22 05:13:57,826 INFO Tail: mr:2692.0 mrr:20.82 hits10:49.60 hits3:36.65 hits1:2.31
2020-05-22 05:13:57,827 INFO All: mr:4125.2 mrr:19.79 hits10:47.17 hits3:35.66 hits1:1.70
2020-05-22 05:13:57,829 INFO Start Evaling...
2020-05-22 05:15:04,133 INFO Head: mr:5786.9 mrr:18.56 hits10:44.96 hits3:34.52 hits1:0.73
2020-05-22 05:15:04,133 INFO Tail: mr:2652.7 mrr:21.13 hits10:50.86 hits3:36.79 hits1:2.30
2020-05-22 05:15:04,133 INFO All: mr:4219.8 mrr:19.85 hits10:47.91 hits3:35.66 hits1:1.52
2020-05-22 05:15:04,135 INFO Improved and model saved
2020-05-22 05:15:16,073 INFO [11.9] Epoch 40: loss = 19.0992
2020-05-22 05:15:27,710 INFO [11.6] Epoch 41: loss = 18.2839
2020-05-22 05:15:39,664 INFO [12.0] Epoch 42: loss = 17.5518
2020-05-22 05:15:51,312 INFO [11.6] Epoch 43: loss = 17.9367
2020-05-22 05:16:03,298 INFO [12.0] Epoch 44: loss = 17.6675
2020-05-22 05:16:14,928 INFO [11.6] Epoch 45: loss = 17.4945
2020-05-22 05:16:26,911 INFO [12.0] Epoch 46: loss = 17.2429
2020-05-22 05:16:38,523 INFO [11.6] Epoch 47: loss = 17.2008
2020-05-22 05:16:50,562 INFO [12.0] Epoch 48: loss = 17.1839
2020-05-22 05:17:02,484 INFO [11.9] Epoch 49: loss = 17.1338
2020-05-22 05:17:02,484 INFO Start Evaling...
2020-05-22 05:18:07,158 INFO Head: mr:5392.4 mrr:18.96 hits10:45.35 hits3:35.10 hits1:0.92
2020-05-22 05:18:07,158 INFO Tail: mr:2583.7 mrr:20.85 hits10:50.20 hits3:36.68 hits1:1.94
2020-05-22 05:18:07,158 INFO All: mr:3988.1 mrr:19.91 hits10:47.78 hits3:35.89 hits1:1.43
2020-05-22 05:18:07,160 INFO Start Evaling...
2020-05-22 05:19:13,648 INFO Head: mr:5615.7 mrr:18.86 hits10:45.18 hits3:34.43 hits1:0.73
2020-05-22 05:19:13,648 INFO Tail: mr:2590.6 mrr:21.26 hits10:51.21 hits3:37.24 hits1:2.27
2020-05-22 05:19:13,648 INFO All: mr:4103.1 mrr:20.06 hits10:48.20 hits3:35.83 hits1:1.50
2020-05-22 05:19:13,650 INFO Improved and model saved
2020-05-22 05:19:25,329 INFO [11.7] Epoch 50: loss = 16.5090
2020-05-22 05:19:37,260 INFO [11.9] Epoch 51: loss = 16.8876
2020-05-22 05:19:48,906 INFO [11.6] Epoch 52: loss = 16.4256
2020-05-22 05:20:00,850 INFO [11.9] Epoch 53: loss = 16.8052
2020-05-22 05:20:12,591 INFO [11.7] Epoch 54: loss = 17.0421
2020-05-22 05:20:24,539 INFO [11.9] Epoch 55: loss = 16.4194
2020-05-22 05:20:36,206 INFO [11.7] Epoch 56: loss = 15.9683
2020-05-22 05:20:48,197 INFO [12.0] Epoch 57: loss = 15.8611
2020-05-22 05:20:59,848 INFO [11.7] Epoch 58: loss = 16.1359
2020-05-22 05:21:11,836 INFO [12.0] Epoch 59: loss = 16.2187
2020-05-22 05:21:11,836 INFO Start Evaling...
2020-05-22 05:22:16,621 INFO Head: mr:5293.8 mrr:19.02 hits10:45.62 hits3:35.14 hits1:0.92
2020-05-22 05:22:16,621 INFO Tail: mr:2496.7 mrr:21.04 hits10:50.69 hits3:37.08 hits1:2.01
2020-05-22 05:22:16,621 INFO All: mr:3895.3 mrr:20.03 hits10:48.15 hits3:36.11 hits1:1.47
2020-05-22 05:22:16,623 INFO Start Evaling...
2020-05-22 05:23:23,222 INFO Head: mr:5516.4 mrr:19.08 hits10:46.04 hits3:35.51 hits1:0.83
2020-05-22 05:23:23,222 INFO Tail: mr:2495.7 mrr:21.65 hits10:51.95 hits3:37.52 hits1:2.33
2020-05-22 05:23:23,222 INFO All: mr:4006.0 mrr:20.37 hits10:48.99 hits3:36.52 hits1:1.58
2020-05-22 05:23:23,224 INFO Improved and model saved
2020-05-22 05:23:34,907 INFO [11.7] Epoch 60: loss = 15.6265
2020-05-22 05:23:46,564 INFO [11.7] Epoch 61: loss = 15.8503
2020-05-22 05:23:58,551 INFO [12.0] Epoch 62: loss = 15.9405
2020-05-22 05:24:10,205 INFO [11.7] Epoch 63: loss = 15.6850
2020-05-22 05:24:22,194 INFO [12.0] Epoch 64: loss = 15.6209
2020-05-22 05:24:33,902 INFO [11.7] Epoch 65: loss = 15.4773
2020-05-22 05:24:45,903 INFO [12.0] Epoch 66: loss = 15.2206
2020-05-22 05:24:57,579 INFO [11.7] Epoch 67: loss = 15.6637
2020-05-22 05:25:09,552 INFO [12.0] Epoch 68: loss = 15.3367
2020-05-22 05:25:21,236 INFO [11.7] Epoch 69: loss = 15.2978
2020-05-22 05:25:21,237 INFO Start Evaling...
2020-05-22 05:26:25,929 INFO Head: mr:5291.0 mrr:19.14 hits10:45.85 hits3:35.60 hits1:0.89
2020-05-22 05:26:25,929 INFO Tail: mr:2476.8 mrr:21.45 hits10:51.62 hits3:37.80 hits1:2.01
2020-05-22 05:26:25,929 INFO All: mr:3883.9 mrr:20.29 hits10:48.73 hits3:36.70 hits1:1.45
2020-05-22 05:26:25,931 INFO Start Evaling...
2020-05-22 05:27:32,435 INFO Head: mr:5443.0 mrr:19.24 hits10:46.01 hits3:35.93 hits1:0.89
2020-05-22 05:27:32,436 INFO Tail: mr:2455.8 mrr:21.79 hits10:52.17 hits3:38.35 hits1:2.14
2020-05-22 05:27:32,436 INFO All: mr:3949.4 mrr:20.52 hits10:49.09 hits3:37.14 hits1:1.52
2020-05-22 05:27:32,438 INFO Improved and model saved
2020-05-22 05:27:44,494 INFO [12.0] Epoch 70: loss = 14.8991
2020-05-22 05:27:56,201 INFO [11.7] Epoch 71: loss = 14.7849
2020-05-22 05:28:08,272 INFO [12.1] Epoch 72: loss = 14.9071
2020-05-22 05:28:20,230 INFO [12.0] Epoch 73: loss = 15.5604
2020-05-22 05:28:31,886 INFO [11.7] Epoch 74: loss = 14.9965
2020-05-22 05:28:43,862 INFO [12.0] Epoch 75: loss = 14.7334
2020-05-22 05:28:55,530 INFO [11.7] Epoch 76: loss = 15.2593
2020-05-22 05:29:07,537 INFO [12.0] Epoch 77: loss = 14.6896
2020-05-22 05:29:19,222 INFO [11.7] Epoch 78: loss = 15.0469
2020-05-22 05:29:31,217 INFO [12.0] Epoch 79: loss = 14.5820
2020-05-22 05:29:31,218 INFO Start Evaling...
2020-05-22 05:30:35,729 INFO Head: mr:5157.4 mrr:19.25 hits10:46.54 hits3:35.63 hits1:0.76
2020-05-22 05:30:35,729 INFO Tail: mr:2408.1 mrr:21.59 hits10:52.31 hits3:38.23 hits1:2.04
2020-05-22 05:30:35,729 INFO All: mr:3782.7 mrr:20.42 hits10:49.42 hits3:36.93 hits1:1.40
2020-05-22 05:30:35,732 INFO Start Evaling...
2020-05-22 05:31:42,048 INFO Head: mr:5404.5 mrr:19.50 hits10:46.27 hits3:36.02 hits1:1.12
2020-05-22 05:31:42,048 INFO Tail: mr:2442.8 mrr:22.02 hits10:52.52 hits3:38.23 hits1:2.46
2020-05-22 05:31:42,048 INFO All: mr:3923.7 mrr:20.76 hits10:49.39 hits3:37.13 hits1:1.79
2020-05-22 05:31:42,050 INFO Improved and model saved
2020-05-22 05:31:53,720 INFO [11.6] Epoch 80: loss = 14.8792
2020-05-22 05:32:05,715 INFO [12.0] Epoch 81: loss = 14.6867
2020-05-22 05:32:17,351 INFO [11.6] Epoch 82: loss = 14.7997
2020-05-22 05:32:29,345 INFO [12.0] Epoch 83: loss = 14.5471
2020-05-22 05:32:40,979 INFO [11.6] Epoch 84: loss = 14.7808
2020-05-22 05:32:52,644 INFO [11.7] Epoch 85: loss = 14.7797
2020-05-22 05:33:04,620 INFO [12.0] Epoch 86: loss = 15.0685
2020-05-22 05:33:16,290 INFO [11.7] Epoch 87: loss = 14.7141
2020-05-22 05:33:28,271 INFO [12.0] Epoch 88: loss = 14.5923
2020-05-22 05:33:39,917 INFO [11.6] Epoch 89: loss = 14.3709
2020-05-22 05:33:39,917 INFO Start Evaling...
2020-05-22 05:34:44,635 INFO Head: mr:5118.0 mrr:19.16 hits10:46.14 hits3:35.17 hits1:0.92
2020-05-22 05:34:44,636 INFO Tail: mr:2412.8 mrr:21.46 hits10:52.01 hits3:37.84 hits1:1.85
2020-05-22 05:34:44,636 INFO All: mr:3765.4 mrr:20.31 hits10:49.08 hits3:36.50 hits1:1.38
2020-05-22 05:34:44,638 INFO Start Evaling...
2020-05-22 05:35:51,166 INFO Head: mr:5330.2 mrr:19.57 hits10:46.14 hits3:36.06 hits1:1.21
2020-05-22 05:35:51,166 INFO Tail: mr:2393.9 mrr:22.06 hits10:52.78 hits3:38.29 hits1:2.30
2020-05-22 05:35:51,166 INFO All: mr:3862.0 mrr:20.82 hits10:49.46 hits3:37.17 hits1:1.75
2020-05-22 05:35:51,168 INFO Declined in recent 1 epochs
2020-05-22 05:36:03,146 INFO [12.0] Epoch 90: loss = 14.6405
2020-05-22 05:36:14,787 INFO [11.6] Epoch 91: loss = 13.9884
2020-05-22 05:36:26,784 INFO [12.0] Epoch 92: loss = 14.1570
2020-05-22 05:36:38,450 INFO [11.7] Epoch 93: loss = 14.1111
2020-05-22 05:36:50,454 INFO [12.0] Epoch 94: loss = 14.4054
2020-05-22 05:37:02,123 INFO [11.7] Epoch 95: loss = 14.1486
2020-05-22 05:37:14,144 INFO [12.0] Epoch 96: loss = 14.4168
2020-05-22 05:37:26,109 INFO [12.0] Epoch 97: loss = 14.7379
2020-05-22 05:37:37,760 INFO [11.7] Epoch 98: loss = 14.5146
2020-05-22 05:37:49,715 INFO [12.0] Epoch 99: loss = 13.7501
2020-05-22 05:37:49,715 INFO Start Evaling...
2020-05-22 05:38:54,239 INFO Head: mr:5003.5 mrr:19.51 hits10:47.10 hits3:35.96 hits1:0.96
2020-05-22 05:38:54,240 INFO Tail: mr:2371.8 mrr:21.71 hits10:52.18 hits3:38.43 hits1:2.01
2020-05-22 05:38:54,240 INFO All: mr:3687.7 mrr:20.61 hits10:49.64 hits3:37.20 hits1:1.48
2020-05-22 05:38:54,242 INFO Start Evaling...
2020-05-22 05:40:00,571 INFO Head: mr:5293.5 mrr:19.56 hits10:46.46 hits3:35.80 hits1:0.96
2020-05-22 05:40:00,571 INFO Tail: mr:2380.5 mrr:22.33 hits10:52.55 hits3:38.42 hits1:2.65
2020-05-22 05:40:00,571 INFO All: mr:3837.0 mrr:20.94 hits10:49.51 hits3:37.11 hits1:1.80
2020-05-22 05:40:00,573 INFO Improved and model saved
2020-05-22 05:40:12,268 INFO [11.7] Epoch 100: loss = 14.1890
2020-05-22 05:40:24,278 INFO [12.0] Epoch 101: loss = 14.1329
2020-05-22 05:40:35,941 INFO [11.7] Epoch 102: loss = 13.7882
2020-05-22 05:40:47,917 INFO [12.0] Epoch 103: loss = 14.1990
2020-05-22 05:40:59,611 INFO [11.7] Epoch 104: loss = 14.0908
2020-05-22 05:41:11,620 INFO [12.0] Epoch 105: loss = 14.0663
2020-05-22 05:41:23,285 INFO [11.7] Epoch 106: loss = 14.2570
2020-05-22 05:41:35,279 INFO [12.0] Epoch 107: loss = 13.9620
2020-05-22 05:41:46,957 INFO [11.7] Epoch 108: loss = 14.0800
2020-05-22 05:41:58,621 INFO [11.7] Epoch 109: loss = 13.6558
2020-05-22 05:41:58,622 INFO Start Evaling...
2020-05-22 05:43:03,152 INFO Head: mr:4937.0 mrr:19.64 hits10:46.57 hits3:36.09 hits1:1.09
2020-05-22 05:43:03,152 INFO Tail: mr:2363.3 mrr:21.72 hits10:52.41 hits3:38.66 hits1:1.94
2020-05-22 05:43:03,152 INFO All: mr:3650.2 mrr:20.68 hits10:49.49 hits3:37.38 hits1:1.52
2020-05-22 05:43:03,154 INFO Start Evaling...
2020-05-22 05:44:09,489 INFO Head: mr:5234.4 mrr:19.79 hits10:46.23 hits3:36.25 hits1:1.28
2020-05-22 05:44:09,489 INFO Tail: mr:2379.7 mrr:22.38 hits10:53.25 hits3:39.12 hits1:2.52
2020-05-22 05:44:09,489 INFO All: mr:3807.0 mrr:21.09 hits10:49.74 hits3:37.68 hits1:1.90
2020-05-22 05:44:09,491 INFO Improved and model saved
2020-05-22 05:44:21,477 INFO [12.0] Epoch 110: loss = 14.2452
2020-05-22 05:44:33,147 INFO [11.7] Epoch 111: loss = 14.0924
2020-05-22 05:44:45,173 INFO [12.0] Epoch 112: loss = 13.8332
2020-05-22 05:44:56,883 INFO [11.7] Epoch 113: loss = 13.9777
2020-05-22 05:45:08,915 INFO [12.0] Epoch 114: loss = 13.8178
2020-05-22 05:45:20,613 INFO [11.7] Epoch 115: loss = 14.0057
2020-05-22 05:45:32,636 INFO [12.0] Epoch 116: loss = 13.6856
2020-05-22 05:45:44,322 INFO [11.7] Epoch 117: loss = 14.2135
2020-05-22 05:45:56,339 INFO [12.0] Epoch 118: loss = 13.7194
2020-05-22 05:46:08,132 INFO [11.8] Epoch 119: loss = 14.2207
2020-05-22 05:46:08,133 INFO Start Evaling...
2020-05-22 05:47:12,712 INFO Head: mr:4912.9 mrr:19.36 hits10:46.80 hits3:35.99 hits1:0.79
2020-05-22 05:47:12,712 INFO Tail: mr:2342.3 mrr:21.63 hits10:52.74 hits3:38.04 hits1:2.01
2020-05-22 05:47:12,712 INFO All: mr:3627.6 mrr:20.50 hits10:49.77 hits3:37.01 hits1:1.40
2020-05-22 05:47:12,715 INFO Start Evaling...
2020-05-22 05:48:19,101 INFO Head: mr:5167.4 mrr:19.48 hits10:46.27 hits3:35.80 hits1:0.96
2020-05-22 05:48:19,101 INFO Tail: mr:2387.6 mrr:22.13 hits10:52.84 hits3:38.90 hits1:2.55
2020-05-22 05:48:19,101 INFO All: mr:3777.5 mrr:20.80 hits10:49.55 hits3:37.35 hits1:1.75
2020-05-22 05:48:19,104 INFO Declined in recent 1 epochs
2020-05-22 05:48:30,761 INFO [11.7] Epoch 120: loss = 13.6038
2020-05-22 05:48:42,787 INFO [12.0] Epoch 121: loss = 14.3068
2020-05-22 05:48:54,482 INFO [11.7] Epoch 122: loss = 13.6473
2020-05-22 05:49:06,494 INFO [12.0] Epoch 123: loss = 13.8506
2020-05-22 05:49:18,168 INFO [11.7] Epoch 124: loss = 13.9211
2020-05-22 05:49:30,210 INFO [12.0] Epoch 125: loss = 13.4090
2020-05-22 05:49:41,873 INFO [11.7] Epoch 126: loss = 13.7749
2020-05-22 05:49:53,932 INFO [12.1] Epoch 127: loss = 13.6640
2020-05-22 05:50:05,599 INFO [11.7] Epoch 128: loss = 13.6346
2020-05-22 05:50:17,609 INFO [12.0] Epoch 129: loss = 13.7183
2020-05-22 05:50:17,609 INFO Start Evaling...
2020-05-22 05:51:22,133 INFO Head: mr:4887.2 mrr:19.93 hits10:47.07 hits3:36.82 hits1:1.12
2020-05-22 05:51:22,133 INFO Tail: mr:2345.1 mrr:21.99 hits10:53.00 hits3:39.09 hits1:2.08
2020-05-22 05:51:22,134 INFO All: mr:3616.2 mrr:20.96 hits10:50.03 hits3:37.95 hits1:1.60
2020-05-22 05:51:22,136 INFO Start Evaling...
2020-05-22 05:52:28,468 INFO Head: mr:5183.9 mrr:19.80 hits10:46.17 hits3:36.47 hits1:1.15
2020-05-22 05:52:28,469 INFO Tail: mr:2369.9 mrr:22.43 hits10:53.25 hits3:39.18 hits1:2.49
2020-05-22 05:52:28,469 INFO All: mr:3776.9 mrr:21.12 hits10:49.71 hits3:37.83 hits1:1.82
2020-05-22 05:52:28,471 INFO Improved and model saved
2020-05-22 05:52:40,179 INFO [11.7] Epoch 130: loss = 13.7427
2020-05-22 05:52:52,334 INFO [12.2] Epoch 131: loss = 13.4328
2020-05-22 05:53:04,365 INFO [12.0] Epoch 132: loss = 13.8015
2020-05-22 05:53:16,042 INFO [11.7] Epoch 133: loss = 13.6301
2020-05-22 05:53:28,069 INFO [12.0] Epoch 134: loss = 13.5065
2020-05-22 05:53:39,807 INFO [11.7] Epoch 135: loss = 13.0850
2020-05-22 05:53:51,791 INFO [12.0] Epoch 136: loss = 14.1311
2020-05-22 05:54:03,502 INFO [11.7] Epoch 137: loss = 13.6422
2020-05-22 05:54:15,570 INFO [12.1] Epoch 138: loss = 12.7941
2020-05-22 05:54:27,271 INFO [11.7] Epoch 139: loss = 13.3790
2020-05-22 05:54:27,272 INFO Start Evaling...
2020-05-22 05:55:31,980 INFO Head: mr:4870.4 mrr:19.71 hits10:46.84 hits3:36.42 hits1:1.22
2020-05-22 05:55:31,980 INFO Tail: mr:2368.7 mrr:21.87 hits10:52.44 hits3:38.56 hits1:2.11
2020-05-22 05:55:31,981 INFO All: mr:3619.6 mrr:20.79 hits10:49.64 hits3:37.49 hits1:1.66
2020-05-22 05:55:31,983 INFO Start Evaling...
2020-05-22 05:56:38,498 INFO Head: mr:5093.6 mrr:19.50 hits10:45.88 hits3:35.80 hits1:1.05
2020-05-22 05:56:38,498 INFO Tail: mr:2387.2 mrr:22.42 hits10:53.29 hits3:38.83 hits1:2.71
2020-05-22 05:56:38,498 INFO All: mr:3740.4 mrr:20.96 hits10:49.59 hits3:37.32 hits1:1.88
2020-05-22 05:56:38,501 INFO Declined in recent 1 epochs
2020-05-22 05:56:50,506 INFO [12.0] Epoch 140: loss = 13.9326
2020-05-22 05:57:02,219 INFO [11.7] Epoch 141: loss = 13.8312
2020-05-22 05:57:14,256 INFO [12.0] Epoch 142: loss = 13.1918
2020-05-22 05:57:25,960 INFO [11.7] Epoch 143: loss = 12.8581
2020-05-22 05:57:38,084 INFO [12.1] Epoch 144: loss = 13.6567
2020-05-22 05:57:50,110 INFO [12.0] Epoch 145: loss = 13.6674
2020-05-22 05:58:01,795 INFO [11.7] Epoch 146: loss = 13.1372
2020-05-22 05:58:13,795 INFO [12.0] Epoch 147: loss = 13.6896
2020-05-22 05:58:25,504 INFO [11.7] Epoch 148: loss = 13.6153
2020-05-22 05:58:37,507 INFO [12.0] Epoch 149: loss = 13.6920
2020-05-22 05:58:37,507 INFO Start Evaling...
2020-05-22 05:59:42,023 INFO Head: mr:4882.7 mrr:19.76 hits10:47.20 hits3:35.99 hits1:1.38
2020-05-22 05:59:42,023 INFO Tail: mr:2389.7 mrr:21.96 hits10:52.90 hits3:38.50 hits1:2.14
2020-05-22 05:59:42,023 INFO All: mr:3636.2 mrr:20.86 hits10:50.05 hits3:37.24 hits1:1.76
2020-05-22 05:59:42,026 INFO Start Evaling...
2020-05-22 06:00:48,350 INFO Head: mr:5048.1 mrr:19.59 hits10:46.87 hits3:35.93 hits1:1.15
2020-05-22 06:00:48,350 INFO Tail: mr:2372.7 mrr:22.42 hits10:53.03 hits3:39.41 hits1:2.55
2020-05-22 06:00:48,351 INFO All: mr:3710.4 mrr:21.01 hits10:49.95 hits3:37.67 hits1:1.85
2020-05-22 06:00:48,353 INFO Declined in recent 2 epochs
2020-05-22 06:01:00,048 INFO [11.7] Epoch 150: loss = 12.7543
2020-05-22 06:01:12,086 INFO [12.0] Epoch 151: loss = 13.1853
2020-05-22 06:01:23,816 INFO [11.7] Epoch 152: loss = 13.2472
2020-05-22 06:01:35,869 INFO [12.1] Epoch 153: loss = 13.2893
2020-05-22 06:01:47,566 INFO [11.7] Epoch 154: loss = 13.1097
2020-05-22 06:01:59,616 INFO [12.0] Epoch 155: loss = 13.1535
2020-05-22 06:02:11,306 INFO [11.7] Epoch 156: loss = 13.0674
2020-05-22 06:02:23,412 INFO [12.1] Epoch 157: loss = 13.1545
2020-05-22 06:02:35,469 INFO [12.1] Epoch 158: loss = 12.7215
2020-05-22 06:02:47,190 INFO [11.7] Epoch 159: loss = 13.2735
2020-05-22 06:02:47,191 INFO Start Evaling...
2020-05-22 06:03:51,753 INFO Head: mr:4858.5 mrr:19.63 hits10:46.74 hits3:35.89 hits1:1.22
2020-05-22 06:03:51,753 INFO Tail: mr:2395.4 mrr:22.08 hits10:52.93 hits3:38.86 hits1:2.24
2020-05-22 06:03:51,754 INFO All: mr:3627.0 mrr:20.85 hits10:49.84 hits3:37.38 hits1:1.73
2020-05-22 06:03:51,756 INFO Start Evaling...
2020-05-22 06:04:58,128 INFO Head: mr:5002.0 mrr:19.42 hits10:45.88 hits3:35.48 hits1:1.12
2020-05-22 06:04:58,128 INFO Tail: mr:2374.4 mrr:22.20 hits10:52.78 hits3:38.35 hits1:2.65
2020-05-22 06:04:58,128 INFO All: mr:3688.2 mrr:20.81 hits10:49.33 hits3:36.92 hits1:1.88
2020-05-22 06:04:58,130 INFO Declined in recent 3 epochs
2020-05-22 06:05:10,143 INFO [12.0] Epoch 160: loss = 13.0999
2020-05-22 06:05:21,880 INFO [11.7] Epoch 161: loss = 13.5829
2020-05-22 06:05:33,907 INFO [12.0] Epoch 162: loss = 12.9678
2020-05-22 06:05:45,634 INFO [11.7] Epoch 163: loss = 13.5759
2020-05-22 06:05:57,655 INFO [12.0] Epoch 164: loss = 12.8916
2020-05-22 06:06:09,431 INFO [11.8] Epoch 165: loss = 12.9064
2020-05-22 06:06:21,493 INFO [12.1] Epoch 166: loss = 13.4941
2020-05-22 06:06:33,202 INFO [11.7] Epoch 167: loss = 13.2740
2020-05-22 06:06:45,355 INFO [12.2] Epoch 168: loss = 12.9559
2020-05-22 06:06:57,408 INFO [12.1] Epoch 169: loss = 12.4690
2020-05-22 06:06:57,409 INFO Start Evaling...
2020-05-22 06:08:01,956 INFO Head: mr:4864.7 mrr:19.87 hits10:47.10 hits3:36.35 hits1:1.32
2020-05-22 06:08:01,956 INFO Tail: mr:2403.8 mrr:22.30 hits10:52.74 hits3:39.65 hits1:2.31
2020-05-22 06:08:01,957 INFO All: mr:3634.3 mrr:21.08 hits10:49.92 hits3:38.00 hits1:1.81
2020-05-22 06:08:01,959 INFO Start Evaling...
2020-05-22 06:09:08,314 INFO Head: mr:5001.1 mrr:19.88 hits10:46.30 hits3:36.28 hits1:1.18
2020-05-22 06:09:08,315 INFO Tail: mr:2384.8 mrr:22.67 hits10:52.87 hits3:39.79 hits1:2.62
2020-05-22 06:09:08,315 INFO All: mr:3692.9 mrr:21.27 hits10:49.59 hits3:38.03 hits1:1.90
2020-05-22 06:09:08,317 INFO Improved and model saved
2020-05-22 06:09:20,001 INFO [11.7] Epoch 170: loss = 13.2267
2020-05-22 06:09:31,972 INFO [12.0] Epoch 171: loss = 13.3265
2020-05-22 06:09:43,652 INFO [11.7] Epoch 172: loss = 13.2837
2020-05-22 06:09:55,669 INFO [12.0] Epoch 173: loss = 13.1503
2020-05-22 06:10:07,344 INFO [11.7] Epoch 174: loss = 13.0147
2020-05-22 06:10:19,355 INFO [12.0] Epoch 175: loss = 13.3323
2020-05-22 06:10:31,050 INFO [11.7] Epoch 176: loss = 12.9902
2020-05-22 06:10:43,043 INFO [12.0] Epoch 177: loss = 13.3277
2020-05-22 06:10:54,755 INFO [11.7] Epoch 178: loss = 12.7268
2020-05-22 06:11:06,784 INFO [12.0] Epoch 179: loss = 13.0420
2020-05-22 06:11:06,785 INFO Start Evaling...
2020-05-22 06:12:11,490 INFO Head: mr:4887.5 mrr:19.86 hits10:46.67 hits3:36.09 hits1:1.48
2020-05-22 06:12:11,490 INFO Tail: mr:2420.8 mrr:22.17 hits10:52.54 hits3:38.89 hits1:2.37
2020-05-22 06:12:11,490 INFO All: mr:3654.1 mrr:21.01 hits10:49.60 hits3:37.49 hits1:1.93
2020-05-22 06:12:11,493 INFO Start Evaling...
2020-05-22 06:13:18,009 INFO Head: mr:5054.3 mrr:19.60 hits10:45.98 hits3:35.90 hits1:1.24
2020-05-22 06:13:18,009 INFO Tail: mr:2369.0 mrr:22.56 hits10:53.35 hits3:39.22 hits1:2.74
2020-05-22 06:13:18,009 INFO All: mr:3711.7 mrr:21.08 hits10:49.66 hits3:37.56 hits1:1.99
2020-05-22 06:13:18,011 INFO Declined in recent 1 epochs
2020-05-22 06:13:29,686 INFO [11.7] Epoch 180: loss = 12.5139
2020-05-22 06:13:41,755 INFO [12.1] Epoch 181: loss = 12.8849
2020-05-22 06:13:53,783 INFO [12.0] Epoch 182: loss = 12.7522
2020-05-22 06:14:05,448 INFO [11.7] Epoch 183: loss = 13.0239
2020-05-22 06:14:17,444 INFO [12.0] Epoch 184: loss = 13.0622
2020-05-22 06:14:29,127 INFO [11.7] Epoch 185: loss = 12.7943
2020-05-22 06:14:41,142 INFO [12.0] Epoch 186: loss = 12.5174
2020-05-22 06:14:52,820 INFO [11.7] Epoch 187: loss = 12.8343
2020-05-22 06:15:04,806 INFO [12.0] Epoch 188: loss = 13.2449
2020-05-22 06:15:16,448 INFO [11.6] Epoch 189: loss = 12.9606
2020-05-22 06:15:16,448 INFO Start Evaling...
2020-05-22 06:16:21,173 INFO Head: mr:4840.8 mrr:19.73 hits10:46.54 hits3:35.89 hits1:1.38
2020-05-22 06:16:21,173 INFO Tail: mr:2426.4 mrr:22.04 hits10:52.31 hits3:38.69 hits1:2.27
2020-05-22 06:16:21,173 INFO All: mr:3633.6 mrr:20.88 hits10:49.42 hits3:37.29 hits1:1.83
2020-05-22 06:16:21,175 INFO Start Evaling...
2020-05-22 06:17:27,716 INFO Head: mr:5021.7 mrr:19.27 hits10:45.79 hits3:35.19 hits1:1.18
2020-05-22 06:17:27,717 INFO Tail: mr:2406.0 mrr:22.45 hits10:53.29 hits3:38.83 hits1:2.68
2020-05-22 06:17:27,717 INFO All: mr:3713.8 mrr:20.86 hits10:49.54 hits3:37.01 hits1:1.93
2020-05-22 06:17:27,719 INFO Declined in recent 2 epochs
2020-05-22 06:17:39,759 INFO [12.0] Epoch 190: loss = 13.0347
2020-05-22 06:17:51,443 INFO [11.7] Epoch 191: loss = 12.7149
2020-05-22 06:18:03,519 INFO [12.1] Epoch 192: loss = 12.6386
2020-05-22 06:18:15,510 INFO [12.0] Epoch 193: loss = 12.9840
2020-05-22 06:18:27,165 INFO [11.7] Epoch 194: loss = 13.1897
2020-05-22 06:18:39,171 INFO [12.0] Epoch 195: loss = 12.8085
2020-05-22 06:18:50,844 INFO [11.7] Epoch 196: loss = 12.6757
2020-05-22 06:19:02,864 INFO [12.0] Epoch 197: loss = 12.7333
2020-05-22 06:19:14,549 INFO [11.7] Epoch 198: loss = 12.3583
2020-05-22 06:19:26,535 INFO [12.0] Epoch 199: loss = 13.0906
2020-05-22 06:19:26,535 INFO Start Evaling...
2020-05-22 06:20:31,257 INFO Head: mr:4776.6 mrr:19.73 hits10:46.57 hits3:35.56 hits1:1.55
2020-05-22 06:20:31,257 INFO Tail: mr:2460.9 mrr:22.09 hits10:52.18 hits3:38.46 hits1:2.44
2020-05-22 06:20:31,257 INFO All: mr:3618.7 mrr:20.91 hits10:49.37 hits3:37.01 hits1:1.99
2020-05-22 06:20:31,260 INFO Start Evaling...
2020-05-22 06:21:37,790 INFO Head: mr:5025.1 mrr:19.50 hits10:46.30 hits3:35.39 hits1:1.28
2020-05-22 06:21:37,790 INFO Tail: mr:2459.4 mrr:22.46 hits10:52.74 hits3:39.53 hits1:2.74
2020-05-22 06:21:37,790 INFO All: mr:3742.3 mrr:20.98 hits10:49.52 hits3:37.46 hits1:2.01
2020-05-22 06:21:37,792 INFO Declined in recent 3 epochs
2020-05-22 06:21:49,466 INFO [11.7] Epoch 200: loss = 12.3179
2020-05-22 06:22:01,454 INFO [12.0] Epoch 201: loss = 12.6542
2020-05-22 06:22:13,127 INFO [11.7] Epoch 202: loss = 12.9118
2020-05-22 06:22:25,171 INFO [12.0] Epoch 203: loss = 12.6053
2020-05-22 06:22:36,859 INFO [11.7] Epoch 204: loss = 12.9582
2020-05-22 06:22:48,517 INFO [11.7] Epoch 205: loss = 12.1431
2020-05-22 06:23:00,536 INFO [12.0] Epoch 206: loss = 12.3488
2020-05-22 06:23:12,181 INFO [11.6] Epoch 207: loss = 12.7771
2020-05-22 06:23:24,200 INFO [12.0] Epoch 208: loss = 12.7946
2020-05-22 06:23:35,879 INFO [11.7] Epoch 209: loss = 12.5030
2020-05-22 06:23:35,879 INFO Start Evaling...
2020-05-22 06:24:40,410 INFO Head: mr:4866.3 mrr:19.36 hits10:46.18 hits3:34.90 hits1:1.35
2020-05-22 06:24:40,411 INFO Tail: mr:2471.3 mrr:21.77 hits10:52.24 hits3:38.37 hits1:2.34
2020-05-22 06:24:40,411 INFO All: mr:3668.8 mrr:20.56 hits10:49.21 hits3:36.63 hits1:1.85
2020-05-22 06:24:40,413 INFO Start Evaling...
2020-05-22 06:25:46,753 INFO Head: mr:5040.8 mrr:19.24 hits10:45.98 hits3:35.00 hits1:1.24
2020-05-22 06:25:46,753 INFO Tail: mr:2479.5 mrr:22.25 hits10:52.94 hits3:39.09 hits1:2.71
2020-05-22 06:25:46,753 INFO All: mr:3760.1 mrr:20.74 hits10:49.46 hits3:37.05 hits1:1.98
2020-05-22 06:25:46,755 INFO Declined in recent 4 epochs
2020-05-22 06:25:58,731 INFO [12.0] Epoch 210: loss = 12.6772
2020-05-22 06:26:10,401 INFO [11.7] Epoch 211: loss = 12.7999
2020-05-22 06:26:22,421 INFO [12.0] Epoch 212: loss = 12.9344
2020-05-22 06:26:34,117 INFO [11.7] Epoch 213: loss = 12.2961
2020-05-22 06:26:46,141 INFO [12.0] Epoch 214: loss = 12.8040
2020-05-22 06:26:57,849 INFO [11.7] Epoch 215: loss = 12.7749
2020-05-22 06:27:09,959 INFO [12.1] Epoch 216: loss = 12.4796
2020-05-22 06:27:21,968 INFO [12.0] Epoch 217: loss = 12.3925
2020-05-22 06:27:33,669 INFO [11.7] Epoch 218: loss = 12.8709
2020-05-22 06:27:45,669 INFO [12.0] Epoch 219: loss = 12.8345
2020-05-22 06:27:45,670 INFO Start Evaling...
2020-05-22 06:28:50,381 INFO Head: mr:4885.9 mrr:19.76 hits10:46.87 hits3:35.86 hits1:1.48
2020-05-22 06:28:50,381 INFO Tail: mr:2529.5 mrr:22.20 hits10:52.31 hits3:38.73 hits1:2.67
2020-05-22 06:28:50,381 INFO All: mr:3707.7 mrr:20.98 hits10:49.59 hits3:37.29 hits1:2.08
2020-05-22 06:28:50,384 INFO Start Evaling...
2020-05-22 06:29:56,904 INFO Head: mr:5098.7 mrr:19.53 hits10:45.95 hits3:35.77 hits1:1.37
2020-05-22 06:29:56,904 INFO Tail: mr:2485.9 mrr:22.60 hits10:52.90 hits3:39.63 hits1:2.68
2020-05-22 06:29:56,904 INFO All: mr:3792.3 mrr:21.06 hits10:49.43 hits3:37.70 hits1:2.03
2020-05-22 06:29:56,906 INFO Declined in recent 5 epochs
2020-05-22 06:29:56,907 INFO Early stopping
2020-05-22 06:29:56,907 INFO Train done
2020-05-22 06:29:56,920 INFO Start Evaling...
2020-05-22 06:31:03,421 INFO Head: mr:5001.1 mrr:19.88 hits10:46.30 hits3:36.28 hits1:1.18
2020-05-22 06:31:03,422 INFO Tail: mr:2384.8 mrr:22.67 hits10:52.87 hits3:39.79 hits1:2.62
2020-05-22 06:31:03,422 INFO All: mr:3692.9 mrr:21.27 hits10:49.59 hits3:38.03 hits1:1.90
