2020-04-01 01:30:55,742 INFO EPOCH: 1000
2020-04-01 01:30:55,742 INFO EVERY: 10
2020-04-01 01:30:55,743 INFO LR: 0.001
2020-04-01 01:30:55,743 INFO DIM: 100
2020-04-01 01:30:55,743 INFO BATCH_SIZE: 256
2020-04-01 01:30:55,743 INFO BATCH_SIZE2: 100
2020-04-01 01:30:55,743 INFO P: 1
2020-04-01 01:30:55,743 INFO CLIPPING_MAX_VALUE: 4.0
2020-04-01 01:30:55,743 INFO OPTIM: Adam
2020-04-01 01:30:55,743 INFO N_SAMPLE: 12
2020-04-01 01:30:55,743 INFO MODE: cach
2020-04-01 01:30:55,743 INFO GAMMA: 12.0
2020-04-01 01:30:55,743 INFO BERN: True
2020-04-01 01:30:55,743 INFO MARGIN: 4.0
2020-04-01 01:30:55,743 INFO REG: 1.0
2020-04-01 01:30:55,743 INFO LABEL_SMOOTH_EPS: 0.1
2020-04-01 01:30:55,743 INFO INPUT_DROP: 0.2
2020-04-01 01:30:55,743 INFO FEAT_DROP: 0.2
2020-04-01 01:30:55,743 INFO HIDD_DROP: 0.3
2020-04-01 01:30:55,743 INFO CHANNELS: 50
2020-04-01 01:30:55,743 INFO KERNEL_SIZE: 3
2020-04-01 01:30:55,743 INFO N_POOL: 100
2020-04-01 01:30:55,743 INFO MODEL_D: TransH
2020-04-01 01:30:55,743 INFO MODEL_G: DistMult
2020-04-01 01:30:55,743 INFO D_FILE: None
2020-04-01 01:30:55,743 INFO G_FILE: None
2020-04-01 01:30:55,743 INFO PATH: data
2020-04-01 01:30:55,743 INFO DATA: WN18RR
2020-04-01 01:30:55,743 INFO EXP_PATH: experiment/WN18RR
2020-04-01 01:30:55,743 INFO MODEL: TransH
2020-04-01 01:30:55,744 INFO V: 0
2020-04-01 01:30:55,744 INFO F: False
2020-04-01 01:30:55,744 INFO EVAL: False
2020-04-01 01:30:55,744 INFO TRAINED: False
2020-04-01 01:30:55,744 INFO PRETRAINED_NAME: None
2020-04-01 01:30:55,744 INFO EXP_NAME: TransH-WN18RR-cach-0
2020-04-01 01:30:55,744 INFO --------------------------------------
2020-04-01 01:30:58,183 INFO Dataload done
2020-04-01 01:30:58,183 INFO --------------------------------------
2020-04-01 01:30:58,183 INFO N_ENTITY: 40943
2020-04-01 01:30:58,183 INFO N_RELATION: 11
2020-04-01 01:30:58,183 INFO --------------------------------------
2020-04-01 01:31:02,122 INFO Start Evaling...
2020-04-01 01:31:18,036 INFO Head: mr:20767.7 mrr:0.07 hits:0.07
2020-04-01 01:31:18,037 INFO Tail: mr:20256.7 mrr:0.02 hits:0.00
2020-04-01 01:31:18,037 INFO All: mr:20512.2 mrr:0.04 hits:0.03
2020-04-01 01:31:18,041 INFO Start Training...
2020-04-01 01:31:33,228 INFO [15.2] Epoch 0: loss = 326.3028
2020-04-01 01:31:48,885 INFO [15.7] Epoch 1: loss = 308.9446
2020-04-01 01:32:04,452 INFO [15.6] Epoch 2: loss = 274.5749
2020-04-01 01:32:20,190 INFO [15.7] Epoch 3: loss = 254.8936
2020-04-01 01:32:36,528 INFO [16.3] Epoch 4: loss = 221.4154
2020-04-01 01:32:52,868 INFO [16.3] Epoch 5: loss = 196.7184
2020-04-01 01:33:10,107 INFO [17.2] Epoch 6: loss = 168.0170
2020-04-01 01:33:25,632 INFO [15.5] Epoch 7: loss = 144.6610
2020-04-01 01:33:41,863 INFO [16.2] Epoch 8: loss = 122.1488
2020-04-01 01:33:58,343 INFO [16.5] Epoch 9: loss = 103.0933
2020-04-01 01:33:58,344 INFO Start Evaling...
2020-04-01 01:34:11,511 INFO Head: mr:8364.2 mrr:13.13 hits:34.11
2020-04-01 01:34:11,513 INFO Tail: mr:3886.4 mrr:16.02 hits:39.16
2020-04-01 01:34:11,514 INFO All: mr:6125.3 mrr:14.57 hits:36.63
2020-04-01 01:34:11,519 INFO Improved and model saved
2020-04-01 01:34:31,751 INFO [20.2] Epoch 10: loss = 86.2941
2020-04-01 01:34:47,499 INFO [15.7] Epoch 11: loss = 71.8873
2020-04-01 01:35:03,365 INFO [15.9] Epoch 12: loss = 60.0270
2020-04-01 01:35:19,516 INFO [16.2] Epoch 13: loss = 50.8512
2020-04-01 01:35:35,773 INFO [16.3] Epoch 14: loss = 43.1082
2020-04-01 01:35:51,508 INFO [15.7] Epoch 15: loss = 37.2454
2020-04-01 01:36:06,767 INFO [15.3] Epoch 16: loss = 32.6012
2020-04-01 01:36:23,439 INFO [16.7] Epoch 17: loss = 28.8837
2020-04-01 01:36:40,564 INFO [17.1] Epoch 18: loss = 26.1036
2020-04-01 01:36:59,250 INFO [18.7] Epoch 19: loss = 23.3708
2020-04-01 01:36:59,251 INFO Start Evaling...
2020-04-01 01:37:10,097 INFO Head: mr:6708.6 mrr:17.36 hits:42.81
2020-04-01 01:37:10,097 INFO Tail: mr:3083.0 mrr:20.46 hits:47.89
2020-04-01 01:37:10,097 INFO All: mr:4895.8 mrr:18.91 hits:45.35
2020-04-01 01:37:10,100 INFO Improved and model saved
2020-04-01 01:37:30,046 INFO [19.9] Epoch 20: loss = 21.2802
2020-04-01 01:37:47,223 INFO [17.2] Epoch 21: loss = 19.8931
2020-04-01 01:38:05,303 INFO [18.1] Epoch 22: loss = 18.7314
2020-04-01 01:38:22,147 INFO [16.8] Epoch 23: loss = 17.5225
2020-04-01 01:38:40,020 INFO [17.9] Epoch 24: loss = 16.6843
2020-04-01 01:38:57,423 INFO [17.4] Epoch 25: loss = 15.9873
2020-04-01 01:39:14,602 INFO [17.2] Epoch 26: loss = 15.1672
2020-04-01 01:39:29,609 INFO [15.0] Epoch 27: loss = 14.4760
2020-04-01 01:39:45,716 INFO [16.1] Epoch 28: loss = 14.0621
2020-04-01 01:40:02,382 INFO [16.7] Epoch 29: loss = 13.5306
2020-04-01 01:40:02,382 INFO Start Evaling...
2020-04-01 01:40:11,878 INFO Head: mr:6281.8 mrr:18.71 hits:45.12
2020-04-01 01:40:11,878 INFO Tail: mr:2827.1 mrr:21.65 hits:49.80
2020-04-01 01:40:11,878 INFO All: mr:4554.4 mrr:20.18 hits:47.46
2020-04-01 01:40:11,884 INFO Improved and model saved
2020-04-01 01:40:31,101 INFO [19.2] Epoch 30: loss = 13.1615
2020-04-01 01:40:48,067 INFO [17.0] Epoch 31: loss = 13.0162
2020-04-01 01:41:04,755 INFO [16.7] Epoch 32: loss = 12.7004
2020-04-01 01:41:20,250 INFO [15.5] Epoch 33: loss = 12.1154
2020-04-01 01:41:36,230 INFO [16.0] Epoch 34: loss = 12.1232
2020-04-01 01:41:51,636 INFO [15.4] Epoch 35: loss = 12.0645
2020-04-01 01:42:07,996 INFO [16.4] Epoch 36: loss = 11.5765
2020-04-01 01:42:24,204 INFO [16.2] Epoch 37: loss = 11.2708
2020-04-01 01:42:41,229 INFO [17.0] Epoch 38: loss = 11.3665
2020-04-01 01:42:57,946 INFO [16.7] Epoch 39: loss = 11.1450
2020-04-01 01:42:57,946 INFO Start Evaling...
2020-04-01 01:43:07,718 INFO Head: mr:6144.4 mrr:19.23 hits:45.15
2020-04-01 01:43:07,719 INFO Tail: mr:2737.8 mrr:21.98 hits:51.02
2020-04-01 01:43:07,719 INFO All: mr:4441.1 mrr:20.61 hits:48.09
2020-04-01 01:43:07,722 INFO Improved and model saved
2020-04-01 01:43:23,394 INFO [15.7] Epoch 40: loss = 10.6685
2020-04-01 01:43:43,652 INFO [20.3] Epoch 41: loss = 10.7618
2020-04-01 01:43:59,678 INFO [16.0] Epoch 42: loss = 10.5653
2020-04-01 01:44:15,532 INFO [15.9] Epoch 43: loss = 10.4551
2020-04-01 01:44:31,376 INFO [15.8] Epoch 44: loss = 10.3343
2020-04-01 01:44:46,858 INFO [15.5] Epoch 45: loss = 10.1404
2020-04-01 01:45:02,968 INFO [16.1] Epoch 46: loss = 10.4196
2020-04-01 01:45:19,493 INFO [16.5] Epoch 47: loss = 10.0805
2020-04-01 01:45:35,783 INFO [16.3] Epoch 48: loss = 10.0194
2020-04-01 01:45:50,609 INFO [14.8] Epoch 49: loss = 9.9000
2020-04-01 01:45:50,610 INFO Start Evaling...
2020-04-01 01:46:01,289 INFO Head: mr:6055.3 mrr:19.53 hits:45.65
2020-04-01 01:46:01,289 INFO Tail: mr:2672.3 mrr:22.21 hits:51.94
2020-04-01 01:46:01,290 INFO All: mr:4363.8 mrr:20.87 hits:48.80
2020-04-01 01:46:01,294 INFO Improved and model saved
2020-04-01 01:46:17,074 INFO [15.8] Epoch 50: loss = 9.7827
2020-04-01 01:46:32,445 INFO [15.4] Epoch 51: loss = 9.3790
2020-04-01 01:46:51,938 INFO [19.5] Epoch 52: loss = 9.5633
2020-04-01 01:47:08,262 INFO [16.3] Epoch 53: loss = 9.6884
2020-04-01 01:47:24,115 INFO [15.9] Epoch 54: loss = 9.7082
2020-04-01 01:47:40,859 INFO [16.7] Epoch 55: loss = 9.4951
2020-04-01 01:47:55,901 INFO [15.0] Epoch 56: loss = 9.2836
2020-04-01 01:48:11,876 INFO [16.0] Epoch 57: loss = 9.3405
2020-04-01 01:48:28,848 INFO [17.0] Epoch 58: loss = 9.5409
2020-04-01 01:48:44,435 INFO [15.6] Epoch 59: loss = 9.3336
2020-04-01 01:48:44,435 INFO Start Evaling...
2020-04-01 01:48:53,957 INFO Head: mr:6022.2 mrr:19.80 hits:46.57
2020-04-01 01:48:53,957 INFO Tail: mr:2650.2 mrr:22.45 hits:52.21
2020-04-01 01:48:53,957 INFO All: mr:4336.2 mrr:21.12 hits:49.39
2020-04-01 01:48:53,961 INFO Improved and model saved
2020-04-01 01:49:10,270 INFO [16.3] Epoch 60: loss = 9.3925
2020-04-01 01:49:27,543 INFO [17.3] Epoch 61: loss = 9.2193
2020-04-01 01:49:46,091 INFO [18.5] Epoch 62: loss = 9.2603
2020-04-01 01:50:03,024 INFO [16.9] Epoch 63: loss = 9.1718
2020-04-01 01:50:19,779 INFO [16.8] Epoch 64: loss = 9.2439
2020-04-01 01:50:36,166 INFO [16.4] Epoch 65: loss = 9.0765
2020-04-01 01:50:52,181 INFO [16.0] Epoch 66: loss = 9.0588
2020-04-01 01:51:08,051 INFO [15.9] Epoch 67: loss = 8.6654
2020-04-01 01:51:25,446 INFO [17.4] Epoch 68: loss = 8.8365
2020-04-01 01:51:42,715 INFO [17.3] Epoch 69: loss = 8.7247
2020-04-01 01:51:42,715 INFO Start Evaling...
2020-04-01 01:51:52,326 INFO Head: mr:5975.8 mrr:20.03 hits:46.34
2020-04-01 01:51:52,326 INFO Tail: mr:2609.8 mrr:22.67 hits:52.50
2020-04-01 01:51:52,326 INFO All: mr:4292.8 mrr:21.35 hits:49.42
2020-04-01 01:51:52,330 INFO Improved and model saved
2020-04-01 01:52:09,151 INFO [16.8] Epoch 70: loss = 9.0898
2020-04-01 01:52:24,537 INFO [15.4] Epoch 71: loss = 8.6492
2020-04-01 01:52:42,134 INFO [17.6] Epoch 72: loss = 8.4419
2020-04-01 01:53:01,934 INFO [19.8] Epoch 73: loss = 8.4421
2020-04-01 01:53:16,777 INFO [14.8] Epoch 74: loss = 8.4653
2020-04-01 01:53:33,251 INFO [16.5] Epoch 75: loss = 8.4093
2020-04-01 01:53:50,179 INFO [16.9] Epoch 76: loss = 8.3290
2020-04-01 01:54:05,328 INFO [15.1] Epoch 77: loss = 8.5951
2020-04-01 01:54:22,091 INFO [16.8] Epoch 78: loss = 8.5382
2020-04-01 01:54:38,161 INFO [16.1] Epoch 79: loss = 8.4618
2020-04-01 01:54:38,161 INFO Start Evaling...
2020-04-01 01:54:47,689 INFO Head: mr:5904.9 mrr:20.06 hits:46.51
2020-04-01 01:54:47,689 INFO Tail: mr:2570.2 mrr:22.84 hits:53.03
2020-04-01 01:54:47,692 INFO All: mr:4237.6 mrr:21.45 hits:49.77
2020-04-01 01:54:47,697 INFO Improved and model saved
2020-04-01 01:55:04,266 INFO [16.5] Epoch 80: loss = 8.4421
2020-04-01 01:55:21,962 INFO [17.7] Epoch 81: loss = 8.3720
2020-04-01 01:55:37,267 INFO [15.3] Epoch 82: loss = 8.3893
2020-04-01 01:55:54,483 INFO [17.2] Epoch 83: loss = 8.3954
2020-04-01 01:56:11,156 INFO [16.7] Epoch 84: loss = 8.3866
2020-04-01 01:56:27,314 INFO [16.2] Epoch 85: loss = 8.2056
2020-04-01 01:56:43,154 INFO [15.8] Epoch 86: loss = 8.1480
2020-04-01 01:56:57,897 INFO [14.7] Epoch 87: loss = 8.3982
2020-04-01 01:57:14,549 INFO [16.7] Epoch 88: loss = 8.0577
2020-04-01 01:57:30,792 INFO [16.2] Epoch 89: loss = 8.2370
2020-04-01 01:57:30,793 INFO Start Evaling...
2020-04-01 01:57:40,172 INFO Head: mr:5899.2 mrr:20.08 hits:46.80
2020-04-01 01:57:40,173 INFO Tail: mr:2616.1 mrr:22.75 hits:52.67
2020-04-01 01:57:40,173 INFO All: mr:4257.6 mrr:21.42 hits:49.74
2020-04-01 01:57:40,176 INFO Declined in recent 1 epochs
2020-04-01 01:57:55,386 INFO [15.2] Epoch 90: loss = 8.1668
2020-04-01 01:58:11,802 INFO [16.4] Epoch 91: loss = 8.1441
2020-04-01 01:58:27,168 INFO [15.4] Epoch 92: loss = 8.1609
2020-04-01 01:58:43,445 INFO [16.3] Epoch 93: loss = 8.2199
2020-04-01 01:59:00,284 INFO [16.8] Epoch 94: loss = 8.2730
2020-04-01 01:59:19,661 INFO [19.4] Epoch 95: loss = 8.1979
2020-04-01 01:59:34,124 INFO [14.5] Epoch 96: loss = 8.3230
2020-04-01 01:59:50,113 INFO [16.0] Epoch 97: loss = 8.0426
2020-04-01 02:00:06,040 INFO [15.9] Epoch 98: loss = 8.0639
2020-04-01 02:00:22,016 INFO [16.0] Epoch 99: loss = 8.0889
2020-04-01 02:00:22,017 INFO Start Evaling...
2020-04-01 02:00:31,548 INFO Head: mr:5891.2 mrr:20.13 hits:46.87
2020-04-01 02:00:31,548 INFO Tail: mr:2598.7 mrr:23.09 hits:53.20
2020-04-01 02:00:31,548 INFO All: mr:4244.9 mrr:21.61 hits:50.03
2020-04-01 02:00:31,554 INFO Improved and model saved
2020-04-01 02:00:46,782 INFO [15.2] Epoch 100: loss = 7.9264
2020-04-01 02:01:02,869 INFO [16.1] Epoch 101: loss = 7.9268
2020-04-01 02:01:18,465 INFO [15.6] Epoch 102: loss = 7.8636
2020-04-01 02:01:35,182 INFO [16.7] Epoch 103: loss = 7.9884
2020-04-01 02:01:51,868 INFO [16.7] Epoch 104: loss = 8.0293
2020-04-01 02:02:09,961 INFO [18.1] Epoch 105: loss = 7.9776
2020-04-01 02:02:28,986 INFO [19.0] Epoch 106: loss = 7.6886
2020-04-01 02:02:44,498 INFO [15.5] Epoch 107: loss = 8.1206
2020-04-01 02:03:01,567 INFO [17.1] Epoch 108: loss = 7.8549
2020-04-01 02:03:18,904 INFO [17.3] Epoch 109: loss = 7.6492
2020-04-01 02:03:18,904 INFO Start Evaling...
2020-04-01 02:03:28,624 INFO Head: mr:5811.1 mrr:20.43 hits:47.50
2020-04-01 02:03:28,625 INFO Tail: mr:2611.1 mrr:23.17 hits:52.50
2020-04-01 02:03:28,625 INFO All: mr:4211.1 mrr:21.80 hits:50.00
2020-04-01 02:03:28,628 INFO Declined in recent 1 epochs
2020-04-01 02:03:44,432 INFO [15.8] Epoch 110: loss = 7.9050
2020-04-01 02:04:00,233 INFO [15.8] Epoch 111: loss = 7.9569
2020-04-01 02:04:16,049 INFO [15.8] Epoch 112: loss = 7.8502
2020-04-01 02:04:31,227 INFO [15.2] Epoch 113: loss = 7.8917
2020-04-01 02:04:47,881 INFO [16.7] Epoch 114: loss = 7.9991
2020-04-01 02:05:04,281 INFO [16.4] Epoch 115: loss = 7.6060
2020-04-01 02:05:22,750 INFO [18.5] Epoch 116: loss = 7.8551
2020-04-01 02:05:39,482 INFO [16.7] Epoch 117: loss = 7.8670
2020-04-01 02:05:56,347 INFO [16.9] Epoch 118: loss = 7.6833
2020-04-01 02:06:12,812 INFO [16.5] Epoch 119: loss = 7.6800
2020-04-01 02:06:12,813 INFO Start Evaling...
2020-04-01 02:06:22,107 INFO Head: mr:5895.3 mrr:20.34 hits:47.17
2020-04-01 02:06:22,107 INFO Tail: mr:2582.5 mrr:23.47 hits:52.87
2020-04-01 02:06:22,108 INFO All: mr:4238.9 mrr:21.90 hits:50.02
2020-04-01 02:06:22,112 INFO Declined in recent 2 epochs
2020-04-01 02:06:37,525 INFO [15.4] Epoch 120: loss = 7.7065
2020-04-01 02:06:52,903 INFO [15.4] Epoch 121: loss = 7.6842
2020-04-01 02:07:09,267 INFO [16.4] Epoch 122: loss = 7.6071
2020-04-01 02:07:24,954 INFO [15.7] Epoch 123: loss = 7.7264
2020-04-01 02:07:40,984 INFO [16.0] Epoch 124: loss = 7.6751
2020-04-01 02:07:59,088 INFO [18.1] Epoch 125: loss = 7.5457
2020-04-01 02:08:16,793 INFO [17.7] Epoch 126: loss = 7.6681
2020-04-01 02:08:37,024 INFO [20.2] Epoch 127: loss = 7.5346
2020-04-01 02:08:56,874 INFO [19.8] Epoch 128: loss = 7.6773
2020-04-01 02:09:14,487 INFO [17.6] Epoch 129: loss = 7.5802
2020-04-01 02:09:14,487 INFO Start Evaling...
2020-04-01 02:09:24,022 INFO Head: mr:5881.1 mrr:20.23 hits:46.87
2020-04-01 02:09:24,022 INFO Tail: mr:2620.5 mrr:23.65 hits:53.03
2020-04-01 02:09:24,022 INFO All: mr:4250.8 mrr:21.94 hits:49.95
2020-04-01 02:09:24,037 INFO Declined in recent 3 epochs
2020-04-01 02:09:42,370 INFO [18.3] Epoch 130: loss = 7.7339
2020-04-01 02:10:00,729 INFO [18.4] Epoch 131: loss = 7.5952
2020-04-01 02:10:18,459 INFO [17.7] Epoch 132: loss = 7.6150
2020-04-01 02:10:34,513 INFO [16.1] Epoch 133: loss = 7.4573
2020-04-01 02:10:52,775 INFO [18.3] Epoch 134: loss = 7.5493
2020-04-01 02:11:09,681 INFO [16.9] Epoch 135: loss = 7.7147
2020-04-01 02:11:26,590 INFO [16.9] Epoch 136: loss = 7.4531
2020-04-01 02:11:44,646 INFO [18.1] Epoch 137: loss = 7.4879
2020-04-01 02:12:01,263 INFO [16.6] Epoch 138: loss = 7.3946
2020-04-01 02:12:16,557 INFO [15.3] Epoch 139: loss = 7.3399
2020-04-01 02:12:16,558 INFO Start Evaling...
2020-04-01 02:12:25,656 INFO Head: mr:5920.3 mrr:20.49 hits:47.50
2020-04-01 02:12:25,656 INFO Tail: mr:2641.5 mrr:23.83 hits:53.30
2020-04-01 02:12:25,656 INFO All: mr:4280.9 mrr:22.16 hits:50.40
2020-04-01 02:12:25,660 INFO Improved and model saved
2020-04-01 02:12:43,919 INFO [18.2] Epoch 140: loss = 7.2870
2020-04-01 02:13:03,177 INFO [19.3] Epoch 141: loss = 7.4105
2020-04-01 02:13:21,614 INFO [18.4] Epoch 142: loss = 7.3695
2020-04-01 02:13:38,625 INFO [17.0] Epoch 143: loss = 7.4145
2020-04-01 02:13:56,528 INFO [17.9] Epoch 144: loss = 7.3734
2020-04-01 02:14:12,464 INFO [15.9] Epoch 145: loss = 7.4205
2020-04-01 02:14:28,142 INFO [15.7] Epoch 146: loss = 7.4055
2020-04-01 02:14:44,653 INFO [16.5] Epoch 147: loss = 7.5509
2020-04-01 02:15:01,602 INFO [16.9] Epoch 148: loss = 7.5271
2020-04-01 02:15:18,385 INFO [16.8] Epoch 149: loss = 7.3051
2020-04-01 02:15:18,386 INFO Start Evaling...
2020-04-01 02:15:27,550 INFO Head: mr:5852.8 mrr:20.08 hits:47.26
2020-04-01 02:15:27,550 INFO Tail: mr:2653.9 mrr:23.53 hits:53.26
2020-04-01 02:15:27,550 INFO All: mr:4253.4 mrr:21.80 hits:50.26
2020-04-01 02:15:27,553 INFO Declined in recent 1 epochs
2020-04-01 02:15:43,581 INFO [16.0] Epoch 150: loss = 7.3252
2020-04-01 02:16:00,075 INFO [16.5] Epoch 151: loss = 7.4254
2020-04-01 02:16:18,127 INFO [18.1] Epoch 152: loss = 7.5033
2020-04-01 02:16:35,832 INFO [17.7] Epoch 153: loss = 7.6191
2020-04-01 02:16:53,381 INFO [17.5] Epoch 154: loss = 7.0649
2020-04-01 02:17:11,146 INFO [17.8] Epoch 155: loss = 7.4191
2020-04-01 02:17:29,186 INFO [18.0] Epoch 156: loss = 7.3364
2020-04-01 02:17:47,926 INFO [18.7] Epoch 157: loss = 7.1303
2020-04-01 02:18:06,835 INFO [18.9] Epoch 158: loss = 7.4736
2020-04-01 02:18:23,817 INFO [17.0] Epoch 159: loss = 6.9768
2020-04-01 02:18:23,817 INFO Start Evaling...
2020-04-01 02:18:32,802 INFO Head: mr:5848.4 mrr:20.38 hits:47.73
2020-04-01 02:18:32,802 INFO Tail: mr:2668.9 mrr:23.68 hits:53.30
2020-04-01 02:18:32,802 INFO All: mr:4258.6 mrr:22.03 hits:50.51
2020-04-01 02:18:32,807 INFO Improved and model saved
2020-04-01 02:18:51,301 INFO [18.5] Epoch 160: loss = 7.1043
2020-04-01 02:19:08,867 INFO [17.6] Epoch 161: loss = 7.1088
2020-04-01 02:19:27,258 INFO [18.4] Epoch 162: loss = 7.3171
2020-04-01 02:19:42,937 INFO [15.7] Epoch 163: loss = 7.4946
2020-04-01 02:19:59,765 INFO [16.8] Epoch 164: loss = 7.1687
2020-04-01 02:20:15,443 INFO [15.7] Epoch 165: loss = 6.8011
2020-04-01 02:20:32,001 INFO [16.6] Epoch 166: loss = 7.0563
2020-04-01 02:20:49,184 INFO [17.2] Epoch 167: loss = 7.1480
2020-04-01 02:21:05,966 INFO [16.8] Epoch 168: loss = 7.0456
2020-04-01 02:21:23,658 INFO [17.7] Epoch 169: loss = 7.3100
2020-04-01 02:21:23,658 INFO Start Evaling...
2020-04-01 02:21:34,085 INFO Head: mr:5900.5 mrr:20.22 hits:47.59
2020-04-01 02:21:34,086 INFO Tail: mr:2698.7 mrr:23.81 hits:53.56
2020-04-01 02:21:34,087 INFO All: mr:4299.6 mrr:22.01 hits:50.58
2020-04-01 02:21:34,093 INFO Improved and model saved
2020-04-01 02:21:49,519 INFO [15.4] Epoch 170: loss = 7.1312
2020-04-01 02:22:07,483 INFO [18.0] Epoch 171: loss = 6.9255
2020-04-01 02:22:24,615 INFO [17.1] Epoch 172: loss = 6.9897
2020-04-01 02:22:43,020 INFO [18.4] Epoch 173: loss = 7.2188
2020-04-01 02:23:01,914 INFO [18.9] Epoch 174: loss = 7.1374
2020-04-01 02:23:19,371 INFO [17.5] Epoch 175: loss = 7.3940
2020-04-01 02:23:34,550 INFO [15.2] Epoch 176: loss = 7.1006
2020-04-01 02:23:53,441 INFO [18.9] Epoch 177: loss = 7.0719
2020-04-01 02:24:09,964 INFO [16.5] Epoch 178: loss = 7.0537
2020-04-01 02:24:25,820 INFO [15.9] Epoch 179: loss = 7.1004
2020-04-01 02:24:25,821 INFO Start Evaling...
2020-04-01 02:24:35,334 INFO Head: mr:5851.7 mrr:20.54 hits:47.07
2020-04-01 02:24:35,335 INFO Tail: mr:2716.6 mrr:23.87 hits:53.36
2020-04-01 02:24:35,336 INFO All: mr:4284.2 mrr:22.20 hits:50.21
2020-04-01 02:24:35,343 INFO Declined in recent 1 epochs
2020-04-01 02:24:53,220 INFO [17.9] Epoch 180: loss = 7.2187
2020-04-01 02:25:08,022 INFO [14.8] Epoch 181: loss = 6.8178
2020-04-01 02:25:24,868 INFO [16.8] Epoch 182: loss = 7.0335
2020-04-01 02:25:42,073 INFO [17.2] Epoch 183: loss = 7.0502
2020-04-01 02:25:59,636 INFO [17.6] Epoch 184: loss = 7.1552
2020-04-01 02:26:16,479 INFO [16.8] Epoch 185: loss = 7.1520
2020-04-01 02:26:31,702 INFO [15.2] Epoch 186: loss = 7.2080
2020-04-01 02:26:48,959 INFO [17.3] Epoch 187: loss = 7.0665
2020-04-01 02:27:06,195 INFO [17.2] Epoch 188: loss = 7.0450
2020-04-01 02:27:24,787 INFO [18.6] Epoch 189: loss = 7.1070
2020-04-01 02:27:24,788 INFO Start Evaling...
2020-04-01 02:27:34,166 INFO Head: mr:5900.3 mrr:20.28 hits:46.61
2020-04-01 02:27:34,166 INFO Tail: mr:2724.7 mrr:23.91 hits:53.36
2020-04-01 02:27:34,166 INFO All: mr:4312.5 mrr:22.10 hits:49.98
2020-04-01 02:27:34,172 INFO Declined in recent 2 epochs
2020-04-01 02:27:51,267 INFO [17.1] Epoch 190: loss = 7.0407
2020-04-01 02:28:09,144 INFO [17.9] Epoch 191: loss = 7.0596
2020-04-01 02:28:25,764 INFO [16.6] Epoch 192: loss = 7.0108
2020-04-01 02:28:46,054 INFO [20.3] Epoch 193: loss = 7.0664
2020-04-01 02:29:06,036 INFO [20.0] Epoch 194: loss = 6.9279
2020-04-01 02:29:25,797 INFO [19.8] Epoch 195: loss = 6.9276
2020-04-01 02:29:46,092 INFO [20.3] Epoch 196: loss = 7.2090
2020-04-01 02:30:04,894 INFO [18.8] Epoch 197: loss = 6.9605
2020-04-01 02:30:24,657 INFO [19.8] Epoch 198: loss = 6.9364
2020-04-01 02:30:45,359 INFO [20.7] Epoch 199: loss = 7.0632
2020-04-01 02:30:45,361 INFO Start Evaling...
2020-04-01 02:30:55,027 INFO Head: mr:5934.5 mrr:20.01 hits:46.77
2020-04-01 02:30:55,028 INFO Tail: mr:2761.7 mrr:23.75 hits:53.16
2020-04-01 02:30:55,028 INFO All: mr:4348.1 mrr:21.88 hits:49.97
2020-04-01 02:30:55,031 INFO Declined in recent 3 epochs
2020-04-01 02:31:10,533 INFO [15.5] Epoch 200: loss = 7.1681
2020-04-01 02:31:31,389 INFO [20.9] Epoch 201: loss = 6.9107
2020-04-01 02:31:53,217 INFO [21.8] Epoch 202: loss = 7.0882
2020-04-01 02:32:14,472 INFO [21.3] Epoch 203: loss = 6.9536
2020-04-01 02:32:33,495 INFO [19.0] Epoch 204: loss = 7.0672
2020-04-01 02:32:51,895 INFO [18.4] Epoch 205: loss = 6.9648
2020-04-01 02:33:10,078 INFO [18.2] Epoch 206: loss = 7.1648
2020-04-01 02:33:26,475 INFO [16.4] Epoch 207: loss = 6.8241
2020-04-01 02:33:46,293 INFO [19.8] Epoch 208: loss = 6.7605
2020-04-01 02:34:03,968 INFO [17.7] Epoch 209: loss = 7.0614
2020-04-01 02:34:03,969 INFO Start Evaling...
2020-04-01 02:34:13,477 INFO Head: mr:5948.2 mrr:20.14 hits:46.47
2020-04-01 02:34:13,478 INFO Tail: mr:2818.9 mrr:23.39 hits:52.93
2020-04-01 02:34:13,478 INFO All: mr:4383.5 mrr:21.76 hits:49.70
2020-04-01 02:34:13,481 INFO Declined in recent 4 epochs
2020-04-01 02:34:30,518 INFO [17.0] Epoch 210: loss = 6.7929
2020-04-01 02:34:48,003 INFO [17.5] Epoch 211: loss = 7.0717
2020-04-01 02:35:07,971 INFO [20.0] Epoch 212: loss = 7.1555
2020-04-01 02:35:26,080 INFO [18.1] Epoch 213: loss = 6.6340
2020-04-01 02:35:47,103 INFO [21.0] Epoch 214: loss = 7.0336
2020-04-01 02:36:07,315 INFO [20.2] Epoch 215: loss = 7.3307
2020-04-01 02:36:28,482 INFO [21.2] Epoch 216: loss = 6.8519
2020-04-01 02:36:49,125 INFO [20.6] Epoch 217: loss = 6.8253
2020-04-01 02:37:10,657 INFO [21.5] Epoch 218: loss = 7.1122
2020-04-01 02:37:30,767 INFO [20.1] Epoch 219: loss = 6.8886
2020-04-01 02:37:30,767 INFO Start Evaling...
2020-04-01 02:37:39,711 INFO Head: mr:5981.3 mrr:20.20 hits:46.97
2020-04-01 02:37:39,711 INFO Tail: mr:2850.2 mrr:23.71 hits:52.90
2020-04-01 02:37:39,711 INFO All: mr:4415.7 mrr:21.95 hits:49.93
2020-04-01 02:37:39,713 INFO Declined in recent 5 epochs
2020-04-01 02:37:39,714 INFO Early stopping
2020-04-01 02:37:39,714 INFO Train done
2020-04-01 02:37:39,722 INFO Start Evaling...
2020-04-01 02:37:48,784 INFO Head: mr:6098.8 mrr:20.56 hits:46.81
2020-04-01 02:37:48,784 INFO Tail: mr:2941.0 mrr:24.37 hits:53.96
2020-04-01 02:37:48,785 INFO All: mr:4519.9 mrr:22.47 hits:50.38
