2020-05-16 02:51:33,461 INFO EPOCH: 1000
2020-05-16 02:51:33,462 INFO EVERY: 10
2020-05-16 02:51:33,462 INFO LR: 0.001
2020-05-16 02:51:33,462 INFO DIM: 100
2020-05-16 02:51:33,462 INFO BATCH_SIZE: 256
2020-05-16 02:51:33,462 INFO BATCH_SIZE2: 100
2020-05-16 02:51:33,462 INFO P: 1
2020-05-16 02:51:33,462 INFO CLIPPING_MAX_VALUE: 4.0
2020-05-16 02:51:33,462 INFO OPTIM: Adam
2020-05-16 02:51:33,462 INFO N_SAMPLE: 200
2020-05-16 02:51:33,462 INFO MODE: rand
2020-05-16 02:51:33,462 INFO RATE: 0.1
2020-05-16 02:51:33,463 INFO GAMMA: 12.0
2020-05-16 02:51:33,463 INFO BERN: True
2020-05-16 02:51:33,463 INFO MARGIN: 4.0
2020-05-16 02:51:33,463 INFO REG: 1.0
2020-05-16 02:51:33,463 INFO LABEL_SMOOTH_EPS: 0.1
2020-05-16 02:51:33,463 INFO INPUT_DROP: 0.2
2020-05-16 02:51:33,463 INFO FEAT_DROP: 0.2
2020-05-16 02:51:33,463 INFO HIDD_DROP: 0.3
2020-05-16 02:51:33,463 INFO CHANNELS: 50
2020-05-16 02:51:33,463 INFO KERNEL_SIZE: 3
2020-05-16 02:51:33,463 INFO N_POOL: 100
2020-05-16 02:51:33,464 INFO MODEL_D: TransH
2020-05-16 02:51:33,464 INFO MODEL_G: DistMult
2020-05-16 02:51:33,464 INFO SCRATCH: False
2020-05-16 02:51:33,464 INFO D_FILE: None
2020-05-16 02:51:33,464 INFO G_FILE: None
2020-05-16 02:51:33,464 INFO PATH: data
2020-05-16 02:51:33,464 INFO DATA: WN18RR
2020-05-16 02:51:33,464 INFO EXP_PATH: experiment/WN18RR
2020-05-16 02:51:33,464 INFO MODEL: TransH
2020-05-16 02:51:33,464 INFO V: 200
2020-05-16 02:51:33,464 INFO F: True
2020-05-16 02:51:33,464 INFO EVAL: False
2020-05-16 02:51:33,465 INFO TRAINED: False
2020-05-16 02:51:33,465 INFO PRETRAINED_NAME: None
2020-05-16 02:51:33,465 INFO EXP_NAME: TransH-WN18RR-rand-200
2020-05-16 02:51:33,465 INFO --------------------------------------
2020-05-16 02:51:35,957 INFO Dataload done
2020-05-16 02:51:35,957 INFO --------------------------------------
2020-05-16 02:51:35,957 INFO N_ENTITY: 40943
2020-05-16 02:51:35,957 INFO N_RELATION: 11
2020-05-16 02:51:35,958 INFO --------------------------------------
2020-05-16 02:51:39,405 INFO Start Training...
2020-05-16 02:52:47,120 INFO [67.7] Epoch 0: loss = 323.3382
2020-05-16 02:53:55,208 INFO [68.1] Epoch 1: loss = 261.5233
2020-05-16 02:55:03,850 INFO [68.6] Epoch 2: loss = 219.7554
2020-05-16 02:56:11,991 INFO [68.1] Epoch 3: loss = 181.0754
2020-05-16 02:57:20,494 INFO [68.5] Epoch 4: loss = 145.0178
2020-05-16 02:58:29,235 INFO [68.7] Epoch 5: loss = 113.5455
2020-05-16 02:59:37,494 INFO [68.3] Epoch 6: loss = 87.3801
2020-05-16 03:00:45,158 INFO [67.7] Epoch 7: loss = 66.5024
2020-05-16 03:01:53,259 INFO [68.1] Epoch 8: loss = 50.4424
2020-05-16 03:03:01,969 INFO [68.7] Epoch 9: loss = 38.3716
2020-05-16 03:03:01,970 INFO Start Evaling...
2020-05-16 03:04:06,261 INFO Head: mr:9082.1 mrr:12.92 hits:33.03
2020-05-16 03:04:06,261 INFO Tail: mr:3818.5 mrr:14.77 hits:36.09
2020-05-16 03:04:06,261 INFO All: mr:6450.3 mrr:13.85 hits:34.56
2020-05-16 03:04:06,264 INFO Start Evaling...
2020-05-16 03:05:12,338 INFO Head: mr:9620.7 mrr:12.25 hits:32.23
2020-05-16 03:05:12,339 INFO Tail: mr:3587.8 mrr:14.34 hits:35.04
2020-05-16 03:05:12,339 INFO All: mr:6604.3 mrr:13.30 hits:33.63
2020-05-16 03:05:12,341 INFO Improved and model saved
