2020-04-01 01:30:55,685 INFO EPOCH: 1000
2020-04-01 01:30:55,685 INFO EVERY: 10
2020-04-01 01:30:55,685 INFO LR: 0.001
2020-04-01 01:30:55,685 INFO DIM: 100
2020-04-01 01:30:55,685 INFO BATCH_SIZE: 256
2020-04-01 01:30:55,685 INFO BATCH_SIZE2: 100
2020-04-01 01:30:55,685 INFO P: 1
2020-04-01 01:30:55,685 INFO CLIPPING_MAX_VALUE: 4.0
2020-04-01 01:30:55,685 INFO OPTIM: Adam
2020-04-01 01:30:55,685 INFO N_SAMPLE: 12
2020-04-01 01:30:55,685 INFO MODE: adve
2020-04-01 01:30:55,685 INFO GAMMA: 12.0
2020-04-01 01:30:55,685 INFO BERN: True
2020-04-01 01:30:55,685 INFO MARGIN: 4.0
2020-04-01 01:30:55,685 INFO REG: 1.0
2020-04-01 01:30:55,685 INFO LABEL_SMOOTH_EPS: 0.1
2020-04-01 01:30:55,685 INFO INPUT_DROP: 0.2
2020-04-01 01:30:55,685 INFO FEAT_DROP: 0.2
2020-04-01 01:30:55,686 INFO HIDD_DROP: 0.3
2020-04-01 01:30:55,686 INFO CHANNELS: 50
2020-04-01 01:30:55,686 INFO KERNEL_SIZE: 3
2020-04-01 01:30:55,686 INFO N_POOL: 100
2020-04-01 01:30:55,686 INFO MODEL_D: TransH
2020-04-01 01:30:55,686 INFO MODEL_G: DistMult
2020-04-01 01:30:55,686 INFO D_FILE: None
2020-04-01 01:30:55,686 INFO G_FILE: None
2020-04-01 01:30:55,686 INFO PATH: data
2020-04-01 01:30:55,686 INFO DATA: WN18RR
2020-04-01 01:30:55,686 INFO EXP_PATH: experiment/WN18RR
2020-04-01 01:30:55,686 INFO MODEL: TransH
2020-04-01 01:30:55,686 INFO V: 0
2020-04-01 01:30:55,686 INFO F: False
2020-04-01 01:30:55,686 INFO EVAL: False
2020-04-01 01:30:55,686 INFO TRAINED: False
2020-04-01 01:30:55,686 INFO PRETRAINED_NAME: None
2020-04-01 01:30:55,686 INFO EXP_NAME: TransH-WN18RR-adve-0
2020-04-01 01:30:55,686 INFO --------------------------------------
2020-04-01 01:30:57,991 INFO Dataload done
2020-04-01 01:30:57,991 INFO --------------------------------------
2020-04-01 01:30:57,991 INFO N_ENTITY: 40943
2020-04-01 01:30:57,991 INFO N_RELATION: 11
2020-04-01 01:30:57,991 INFO --------------------------------------
2020-04-01 01:31:02,032 INFO Start Evaling...
2020-04-01 01:31:18,664 INFO Head: mr:20234.7 mrr:0.02 hits:0.00
2020-04-01 01:31:18,664 INFO Tail: mr:20665.4 mrr:0.02 hits:0.00
2020-04-01 01:31:18,664 INFO All: mr:20450.0 mrr:0.02 hits:0.00
2020-04-01 01:31:18,666 INFO Start Training...
2020-04-01 01:31:34,527 INFO [15.9] Epoch 0: loss = 344.4675
2020-04-01 01:31:50,226 INFO [15.7] Epoch 1: loss = 318.1786
2020-04-01 01:32:05,656 INFO [15.4] Epoch 2: loss = 293.4062
2020-04-01 01:32:21,803 INFO [16.1] Epoch 3: loss = 266.6475
2020-04-01 01:32:37,086 INFO [15.3] Epoch 4: loss = 237.0773
2020-04-01 01:32:55,398 INFO [18.3] Epoch 5: loss = 208.2427
2020-04-01 01:33:12,312 INFO [16.9] Epoch 6: loss = 180.2104
2020-04-01 01:33:29,868 INFO [17.6] Epoch 7: loss = 154.8114
2020-04-01 01:33:45,819 INFO [16.0] Epoch 8: loss = 132.1250
2020-04-01 01:34:03,513 INFO [17.7] Epoch 9: loss = 112.1305
2020-04-01 01:34:03,513 INFO Start Evaling...
2020-04-01 01:34:16,673 INFO Head: mr:8250.1 mrr:14.52 hits:37.57
2020-04-01 01:34:16,675 INFO Tail: mr:4115.1 mrr:15.92 hits:39.91
2020-04-01 01:34:16,675 INFO All: mr:6182.6 mrr:15.22 hits:38.74
2020-04-01 01:34:16,680 INFO Improved and model saved
2020-04-01 01:34:36,834 INFO [20.1] Epoch 10: loss = 94.8624
2020-04-01 01:34:53,659 INFO [16.8] Epoch 11: loss = 80.2673
2020-04-01 01:35:09,237 INFO [15.6] Epoch 12: loss = 68.0613
2020-04-01 01:35:25,982 INFO [16.7] Epoch 13: loss = 58.1865
2020-04-01 01:35:42,440 INFO [16.5] Epoch 14: loss = 50.1376
2020-04-01 01:35:59,464 INFO [17.0] Epoch 15: loss = 43.4284
2020-04-01 01:36:16,477 INFO [17.0] Epoch 16: loss = 37.9625
2020-04-01 01:36:34,313 INFO [17.8] Epoch 17: loss = 33.5073
2020-04-01 01:36:51,682 INFO [17.4] Epoch 18: loss = 30.4094
2020-04-01 01:37:10,775 INFO [19.1] Epoch 19: loss = 27.1037
2020-04-01 01:37:10,776 INFO Start Evaling...
2020-04-01 01:37:22,335 INFO Head: mr:6350.9 mrr:17.88 hits:43.38
2020-04-01 01:37:22,337 INFO Tail: mr:3329.2 mrr:19.59 hits:46.08
2020-04-01 01:37:22,337 INFO All: mr:4840.1 mrr:18.74 hits:44.73
2020-04-01 01:37:22,342 INFO Improved and model saved
2020-04-01 01:37:41,385 INFO [19.0] Epoch 20: loss = 24.5868
2020-04-01 01:37:58,569 INFO [17.2] Epoch 21: loss = 22.5883
2020-04-01 01:38:15,490 INFO [16.9] Epoch 22: loss = 20.5198
2020-04-01 01:38:32,209 INFO [16.7] Epoch 23: loss = 19.1508
2020-04-01 01:38:49,463 INFO [17.3] Epoch 24: loss = 18.2351
2020-04-01 01:39:06,223 INFO [16.8] Epoch 25: loss = 16.8862
2020-04-01 01:39:22,972 INFO [16.7] Epoch 26: loss = 15.9659
2020-04-01 01:39:39,348 INFO [16.4] Epoch 27: loss = 15.4582
2020-04-01 01:39:56,819 INFO [17.5] Epoch 28: loss = 14.8133
2020-04-01 01:40:15,860 INFO [19.0] Epoch 29: loss = 14.2003
2020-04-01 01:40:15,861 INFO Start Evaling...
2020-04-01 01:40:26,682 INFO Head: mr:5700.7 mrr:19.21 hits:45.72
2020-04-01 01:40:26,683 INFO Tail: mr:2980.2 mrr:20.36 hits:47.56
2020-04-01 01:40:26,683 INFO All: mr:4340.5 mrr:19.78 hits:46.64
2020-04-01 01:40:26,687 INFO Improved and model saved
2020-04-01 01:40:46,150 INFO [19.4] Epoch 30: loss = 13.3895
2020-04-01 01:41:03,085 INFO [16.9] Epoch 31: loss = 13.2613
2020-04-01 01:41:20,266 INFO [17.2] Epoch 32: loss = 12.8669
2020-04-01 01:41:36,805 INFO [16.5] Epoch 33: loss = 12.3917
2020-04-01 01:41:54,624 INFO [17.8] Epoch 34: loss = 11.7963
2020-04-01 01:42:11,647 INFO [17.0] Epoch 35: loss = 12.0498
2020-04-01 01:42:28,808 INFO [17.2] Epoch 36: loss = 11.4307
2020-04-01 01:42:46,181 INFO [17.4] Epoch 37: loss = 11.4679
2020-04-01 01:43:05,055 INFO [18.9] Epoch 38: loss = 11.1119
2020-04-01 01:43:23,277 INFO [18.2] Epoch 39: loss = 10.8750
2020-04-01 01:43:23,277 INFO Start Evaling...
2020-04-01 01:43:33,105 INFO Head: mr:5390.9 mrr:19.66 hits:45.68
2020-04-01 01:43:33,105 INFO Tail: mr:2620.0 mrr:20.63 hits:48.78
2020-04-01 01:43:33,106 INFO All: mr:4005.5 mrr:20.15 hits:47.23
2020-04-01 01:43:33,109 INFO Improved and model saved
2020-04-01 01:43:53,411 INFO [20.3] Epoch 40: loss = 11.1555
2020-04-01 01:44:10,658 INFO [17.2] Epoch 41: loss = 10.5656
2020-04-01 01:44:28,425 INFO [17.8] Epoch 42: loss = 10.4270
2020-04-01 01:44:45,088 INFO [16.7] Epoch 43: loss = 10.1657
2020-04-01 01:45:02,359 INFO [17.3] Epoch 44: loss = 10.1718
2020-04-01 01:45:19,920 INFO [17.6] Epoch 45: loss = 10.4190
2020-04-01 01:45:36,471 INFO [16.6] Epoch 46: loss = 9.7166
2020-04-01 01:45:52,471 INFO [16.0] Epoch 47: loss = 10.1593
2020-04-01 01:46:12,725 INFO [20.3] Epoch 48: loss = 9.7267
2020-04-01 01:46:29,271 INFO [16.5] Epoch 49: loss = 9.7678
2020-04-01 01:46:29,271 INFO Start Evaling...
2020-04-01 01:46:39,518 INFO Head: mr:5190.4 mrr:20.11 hits:46.57
2020-04-01 01:46:39,527 INFO Tail: mr:2434.0 mrr:20.87 hits:49.47
2020-04-01 01:46:39,528 INFO All: mr:3812.2 mrr:20.49 hits:48.02
2020-04-01 01:46:39,533 INFO Improved and model saved
2020-04-01 01:46:57,507 INFO [17.9] Epoch 50: loss = 9.7771
2020-04-01 01:47:15,072 INFO [17.6] Epoch 51: loss = 9.4350
2020-04-01 01:47:33,375 INFO [18.3] Epoch 52: loss = 9.1637
2020-04-01 01:47:51,190 INFO [17.8] Epoch 53: loss = 9.1266
2020-04-01 01:48:07,685 INFO [16.5] Epoch 54: loss = 9.0698
2020-04-01 01:48:25,531 INFO [17.8] Epoch 55: loss = 9.1696
2020-04-01 01:48:42,712 INFO [17.2] Epoch 56: loss = 9.4118
2020-04-01 01:49:03,087 INFO [20.4] Epoch 57: loss = 9.0387
2020-04-01 01:49:20,721 INFO [17.6] Epoch 58: loss = 8.5573
2020-04-01 01:49:38,601 INFO [17.9] Epoch 59: loss = 8.9634
2020-04-01 01:49:38,601 INFO Start Evaling...
2020-04-01 01:49:49,048 INFO Head: mr:5030.4 mrr:20.12 hits:46.51
2020-04-01 01:49:49,049 INFO Tail: mr:2337.4 mrr:21.18 hits:49.70
2020-04-01 01:49:49,050 INFO All: mr:3683.9 mrr:20.65 hits:48.10
2020-04-01 01:49:49,055 INFO Improved and model saved
2020-04-01 01:50:06,645 INFO [17.6] Epoch 60: loss = 9.0659
2020-04-01 01:50:21,402 INFO [14.8] Epoch 61: loss = 8.7390
2020-04-01 01:50:38,714 INFO [17.3] Epoch 62: loss = 8.8508
2020-04-01 01:50:54,365 INFO [15.7] Epoch 63: loss = 8.7905
2020-04-01 01:51:12,412 INFO [18.0] Epoch 64: loss = 8.6698
2020-04-01 01:51:30,665 INFO [18.3] Epoch 65: loss = 8.7066
2020-04-01 01:51:48,970 INFO [18.3] Epoch 66: loss = 9.1175
2020-04-01 01:52:07,290 INFO [18.3] Epoch 67: loss = 8.6850
2020-04-01 01:52:25,414 INFO [18.1] Epoch 68: loss = 8.5245
2020-04-01 01:52:43,490 INFO [18.1] Epoch 69: loss = 8.6403
2020-04-01 01:52:43,491 INFO Start Evaling...
2020-04-01 01:52:53,961 INFO Head: mr:4907.7 mrr:20.39 hits:46.57
2020-04-01 01:52:53,961 INFO Tail: mr:2233.3 mrr:21.34 hits:49.51
2020-04-01 01:52:53,961 INFO All: mr:3570.5 mrr:20.87 hits:48.04
2020-04-01 01:52:53,965 INFO Declined in recent 1 epochs
2020-04-01 01:53:10,379 INFO [16.4] Epoch 70: loss = 8.5624
2020-04-01 01:53:28,121 INFO [17.7] Epoch 71: loss = 8.2819
2020-04-01 01:53:44,962 INFO [16.8] Epoch 72: loss = 8.4365
2020-04-01 01:54:02,371 INFO [17.4] Epoch 73: loss = 8.2818
2020-04-01 01:54:20,596 INFO [18.2] Epoch 74: loss = 8.4149
2020-04-01 01:54:37,666 INFO [17.1] Epoch 75: loss = 8.2669
2020-04-01 01:54:57,355 INFO [19.7] Epoch 76: loss = 8.3643
2020-04-01 01:55:15,042 INFO [17.7] Epoch 77: loss = 8.1881
2020-04-01 01:55:33,200 INFO [18.2] Epoch 78: loss = 8.3107
2020-04-01 01:55:52,461 INFO [19.3] Epoch 79: loss = 7.9201
2020-04-01 01:55:52,461 INFO Start Evaling...
2020-04-01 01:56:01,800 INFO Head: mr:4837.2 mrr:20.59 hits:46.90
2020-04-01 01:56:01,800 INFO Tail: mr:2176.2 mrr:21.54 hits:50.10
2020-04-01 01:56:01,800 INFO All: mr:3506.7 mrr:21.06 hits:48.50
2020-04-01 01:56:01,803 INFO Improved and model saved
2020-04-01 01:56:19,192 INFO [17.4] Epoch 80: loss = 7.7823
2020-04-01 01:56:36,751 INFO [17.6] Epoch 81: loss = 8.1542
2020-04-01 01:56:54,175 INFO [17.4] Epoch 82: loss = 7.8432
2020-04-01 01:57:11,852 INFO [17.7] Epoch 83: loss = 8.3390
2020-04-01 01:57:29,415 INFO [17.6] Epoch 84: loss = 8.0420
2020-04-01 01:57:49,157 INFO [19.7] Epoch 85: loss = 7.8125
2020-04-01 01:58:07,166 INFO [18.0] Epoch 86: loss = 8.1035
2020-04-01 01:58:25,326 INFO [18.2] Epoch 87: loss = 8.0956
2020-04-01 01:58:42,655 INFO [17.3] Epoch 88: loss = 8.4676
2020-04-01 01:59:01,156 INFO [18.5] Epoch 89: loss = 7.9609
2020-04-01 01:59:01,156 INFO Start Evaling...
2020-04-01 01:59:10,763 INFO Head: mr:4796.3 mrr:20.83 hits:47.30
2020-04-01 01:59:10,766 INFO Tail: mr:2197.5 mrr:21.71 hits:50.26
2020-04-01 01:59:10,766 INFO All: mr:3496.9 mrr:21.27 hits:48.78
2020-04-01 01:59:10,770 INFO Improved and model saved
2020-04-01 01:59:28,133 INFO [17.3] Epoch 90: loss = 7.6061
2020-04-01 01:59:45,384 INFO [17.2] Epoch 91: loss = 7.8035
2020-04-01 02:00:01,531 INFO [16.1] Epoch 92: loss = 7.9012
2020-04-01 02:00:19,574 INFO [18.0] Epoch 93: loss = 7.5853
2020-04-01 02:00:37,778 INFO [18.2] Epoch 94: loss = 7.9221
2020-04-01 02:00:55,617 INFO [17.8] Epoch 95: loss = 7.9368
2020-04-01 02:01:13,508 INFO [17.9] Epoch 96: loss = 7.9182
2020-04-01 02:01:29,684 INFO [16.2] Epoch 97: loss = 7.7673
2020-04-01 02:01:47,886 INFO [18.2] Epoch 98: loss = 7.8550
2020-04-01 02:02:04,801 INFO [16.9] Epoch 99: loss = 7.4492
2020-04-01 02:02:04,801 INFO Start Evaling...
2020-04-01 02:02:15,165 INFO Head: mr:4669.7 mrr:20.95 hits:47.13
2020-04-01 02:02:15,166 INFO Tail: mr:2179.6 mrr:22.07 hits:50.46
2020-04-01 02:02:15,167 INFO All: mr:3424.6 mrr:21.51 hits:48.80
2020-04-01 02:02:15,171 INFO Improved and model saved
2020-04-01 02:02:32,229 INFO [17.0] Epoch 100: loss = 8.0654
2020-04-01 02:02:49,333 INFO [17.1] Epoch 101: loss = 7.4447
2020-04-01 02:03:08,039 INFO [18.7] Epoch 102: loss = 7.5091
2020-04-01 02:03:26,647 INFO [18.6] Epoch 103: loss = 7.7820
2020-04-01 02:03:45,031 INFO [18.4] Epoch 104: loss = 7.7065
2020-04-01 02:04:02,516 INFO [17.5] Epoch 105: loss = 7.5255
2020-04-01 02:04:21,151 INFO [18.6] Epoch 106: loss = 7.1915
2020-04-01 02:04:38,330 INFO [17.2] Epoch 107: loss = 7.5140
2020-04-01 02:04:55,014 INFO [16.7] Epoch 108: loss = 7.3872
2020-04-01 02:05:13,615 INFO [18.6] Epoch 109: loss = 7.1756
2020-04-01 02:05:13,616 INFO Start Evaling...
2020-04-01 02:05:24,366 INFO Head: mr:4623.3 mrr:21.06 hits:47.33
2020-04-01 02:05:24,366 INFO Tail: mr:2170.7 mrr:22.16 hits:50.69
2020-04-01 02:05:24,366 INFO All: mr:3397.0 mrr:21.61 hits:49.01
2020-04-01 02:05:24,370 INFO Improved and model saved
2020-04-01 02:05:41,456 INFO [17.1] Epoch 110: loss = 7.4674
2020-04-01 02:05:59,662 INFO [18.2] Epoch 111: loss = 7.9097
2020-04-01 02:06:19,601 INFO [19.9] Epoch 112: loss = 7.5574
2020-04-01 02:06:37,991 INFO [18.4] Epoch 113: loss = 7.8939
2020-04-01 02:06:56,873 INFO [18.9] Epoch 114: loss = 7.8485
2020-04-01 02:07:16,079 INFO [19.2] Epoch 115: loss = 7.4607
2020-04-01 02:07:33,304 INFO [17.2] Epoch 116: loss = 7.3049
2020-04-01 02:07:50,139 INFO [16.8] Epoch 117: loss = 7.8056
2020-04-01 02:08:07,924 INFO [17.8] Epoch 118: loss = 7.5104
2020-04-01 02:08:26,410 INFO [18.5] Epoch 119: loss = 7.1524
2020-04-01 02:08:26,410 INFO Start Evaling...
2020-04-01 02:08:38,659 INFO Head: mr:4703.9 mrr:20.89 hits:47.66
2020-04-01 02:08:38,660 INFO Tail: mr:2129.2 mrr:22.03 hits:50.82
2020-04-01 02:08:38,661 INFO All: mr:3416.5 mrr:21.46 hits:49.24
2020-04-01 02:08:38,666 INFO Improved and model saved
2020-04-01 02:09:00,729 INFO [22.0] Epoch 120: loss = 7.4776
2020-04-01 02:09:19,584 INFO [18.9] Epoch 121: loss = 7.5003
2020-04-01 02:09:41,720 INFO [22.1] Epoch 122: loss = 7.5261
2020-04-01 02:10:01,429 INFO [19.7] Epoch 123: loss = 7.7446
2020-04-01 02:10:20,718 INFO [19.3] Epoch 124: loss = 7.3429
2020-04-01 02:10:38,180 INFO [17.5] Epoch 125: loss = 7.6196
2020-04-01 02:10:55,134 INFO [17.0] Epoch 126: loss = 7.3000
2020-04-01 02:11:13,426 INFO [18.3] Epoch 127: loss = 7.3653
2020-04-01 02:11:31,206 INFO [17.8] Epoch 128: loss = 6.9666
2020-04-01 02:11:49,886 INFO [18.7] Epoch 129: loss = 7.4878
2020-04-01 02:11:49,886 INFO Start Evaling...
2020-04-01 02:11:59,193 INFO Head: mr:4684.8 mrr:21.07 hits:47.63
2020-04-01 02:11:59,193 INFO Tail: mr:2143.1 mrr:22.08 hits:50.82
2020-04-01 02:11:59,193 INFO All: mr:3414.0 mrr:21.58 hits:49.23
2020-04-01 02:11:59,195 INFO Declined in recent 1 epochs
2020-04-01 02:12:16,007 INFO [16.8] Epoch 130: loss = 7.5472
2020-04-01 02:12:34,447 INFO [18.4] Epoch 131: loss = 7.5129
2020-04-01 02:12:53,314 INFO [18.9] Epoch 132: loss = 7.2547
2020-04-01 02:13:11,518 INFO [18.2] Epoch 133: loss = 7.0470
2020-04-01 02:13:31,109 INFO [19.6] Epoch 134: loss = 7.7857
2020-04-01 02:13:48,591 INFO [17.5] Epoch 135: loss = 7.3849
2020-04-01 02:14:09,331 INFO [20.7] Epoch 136: loss = 7.0904
2020-04-01 02:14:26,899 INFO [17.6] Epoch 137: loss = 6.9625
2020-04-01 02:14:45,000 INFO [18.1] Epoch 138: loss = 7.4099
2020-04-01 02:15:03,121 INFO [18.1] Epoch 139: loss = 7.2767
2020-04-01 02:15:03,121 INFO Start Evaling...
2020-04-01 02:15:12,814 INFO Head: mr:4573.3 mrr:21.22 hits:47.69
2020-04-01 02:15:12,815 INFO Tail: mr:2116.3 mrr:22.23 hits:51.09
2020-04-01 02:15:12,815 INFO All: mr:3344.8 mrr:21.72 hits:49.39
2020-04-01 02:15:12,818 INFO Improved and model saved
2020-04-01 02:15:29,770 INFO [16.9] Epoch 140: loss = 7.4687
2020-04-01 02:15:45,273 INFO [15.5] Epoch 141: loss = 7.4291
2020-04-01 02:16:02,643 INFO [17.4] Epoch 142: loss = 7.0312
2020-04-01 02:16:19,814 INFO [17.2] Epoch 143: loss = 7.3812
2020-04-01 02:16:40,149 INFO [20.3] Epoch 144: loss = 7.0507
2020-04-01 02:16:58,459 INFO [18.3] Epoch 145: loss = 7.2391
2020-04-01 02:17:16,682 INFO [18.2] Epoch 146: loss = 7.1014
2020-04-01 02:17:36,877 INFO [20.2] Epoch 147: loss = 7.3108
2020-04-01 02:17:54,548 INFO [17.7] Epoch 148: loss = 7.4955
2020-04-01 02:18:12,477 INFO [17.9] Epoch 149: loss = 7.2462
2020-04-01 02:18:12,477 INFO Start Evaling...
2020-04-01 02:18:21,810 INFO Head: mr:4604.7 mrr:21.45 hits:48.19
2020-04-01 02:18:21,810 INFO Tail: mr:2100.9 mrr:22.53 hits:51.38
2020-04-01 02:18:21,810 INFO All: mr:3352.8 mrr:21.99 hits:49.79
2020-04-01 02:18:21,814 INFO Improved and model saved
2020-04-01 02:18:41,891 INFO [20.1] Epoch 150: loss = 7.0405
2020-04-01 02:19:00,765 INFO [18.9] Epoch 151: loss = 7.4648
2020-04-01 02:19:19,671 INFO [18.9] Epoch 152: loss = 7.4359
2020-04-01 02:19:39,969 INFO [20.3] Epoch 153: loss = 7.0276
2020-04-01 02:19:58,069 INFO [18.1] Epoch 154: loss = 7.7175
2020-04-01 02:20:15,901 INFO [17.8] Epoch 155: loss = 7.0502
2020-04-01 02:20:34,522 INFO [18.6] Epoch 156: loss = 7.1685
2020-04-01 02:20:52,744 INFO [18.2] Epoch 157: loss = 7.0970
2020-04-01 02:21:09,695 INFO [17.0] Epoch 158: loss = 7.0215
2020-04-01 02:21:29,452 INFO [19.8] Epoch 159: loss = 6.9168
2020-04-01 02:21:29,452 INFO Start Evaling...
2020-04-01 02:21:39,071 INFO Head: mr:4638.9 mrr:21.18 hits:47.76
2020-04-01 02:21:39,071 INFO Tail: mr:2107.6 mrr:22.35 hits:51.02
2020-04-01 02:21:39,072 INFO All: mr:3373.3 mrr:21.76 hits:49.39
2020-04-01 02:21:39,074 INFO Declined in recent 1 epochs
2020-04-01 02:21:56,478 INFO [17.4] Epoch 160: loss = 6.5709
2020-04-01 02:22:13,439 INFO [17.0] Epoch 161: loss = 7.6872
2020-04-01 02:22:32,350 INFO [18.9] Epoch 162: loss = 7.0660
2020-04-01 02:22:50,624 INFO [18.3] Epoch 163: loss = 7.2376
2020-04-01 02:23:07,285 INFO [16.7] Epoch 164: loss = 6.7840
2020-04-01 02:23:24,597 INFO [17.3] Epoch 165: loss = 6.9225
2020-04-01 02:23:42,660 INFO [18.1] Epoch 166: loss = 7.4907
2020-04-01 02:24:00,628 INFO [18.0] Epoch 167: loss = 6.7866
2020-04-01 02:24:21,343 INFO [20.7] Epoch 168: loss = 7.1261
2020-04-01 02:24:38,241 INFO [16.9] Epoch 169: loss = 7.4907
2020-04-01 02:24:38,241 INFO Start Evaling...
2020-04-01 02:24:48,320 INFO Head: mr:4563.7 mrr:21.24 hits:47.63
2020-04-01 02:24:48,320 INFO Tail: mr:2069.2 mrr:22.29 hits:51.02
2020-04-01 02:24:48,320 INFO All: mr:3316.4 mrr:21.76 hits:49.32
2020-04-01 02:24:48,323 INFO Declined in recent 2 epochs
2020-04-01 02:25:03,453 INFO [15.1] Epoch 170: loss = 7.0620
2020-04-01 02:25:22,500 INFO [19.0] Epoch 171: loss = 7.1776
2020-04-01 02:25:41,564 INFO [19.1] Epoch 172: loss = 6.8843
2020-04-01 02:25:59,633 INFO [18.1] Epoch 173: loss = 7.2635
2020-04-01 02:26:19,670 INFO [20.0] Epoch 174: loss = 7.0209
2020-04-01 02:26:37,820 INFO [18.2] Epoch 175: loss = 6.7508
2020-04-01 02:26:57,113 INFO [19.3] Epoch 176: loss = 7.2423
2020-04-01 02:27:14,843 INFO [17.7] Epoch 177: loss = 7.3131
2020-04-01 02:27:34,206 INFO [19.4] Epoch 178: loss = 7.0023
2020-04-01 02:27:52,898 INFO [18.7] Epoch 179: loss = 6.9117
2020-04-01 02:27:52,899 INFO Start Evaling...
2020-04-01 02:28:03,539 INFO Head: mr:4525.0 mrr:21.11 hits:47.53
2020-04-01 02:28:03,541 INFO Tail: mr:2070.0 mrr:22.29 hits:50.63
2020-04-01 02:28:03,542 INFO All: mr:3297.5 mrr:21.70 hits:49.08
2020-04-01 02:28:03,546 INFO Declined in recent 3 epochs
2020-04-01 02:28:24,349 INFO [20.8] Epoch 180: loss = 6.9672
2020-04-01 02:28:43,968 INFO [19.6] Epoch 181: loss = 7.2047
2020-04-01 02:29:03,650 INFO [19.7] Epoch 182: loss = 6.9337
2020-04-01 02:29:23,195 INFO [19.5] Epoch 183: loss = 6.6798
2020-04-01 02:29:44,856 INFO [21.7] Epoch 184: loss = 7.0424
2020-04-01 02:30:05,550 INFO [20.7] Epoch 185: loss = 6.6868
2020-04-01 02:30:27,748 INFO [22.2] Epoch 186: loss = 7.1155
2020-04-01 02:30:48,348 INFO [20.6] Epoch 187: loss = 6.9152
2020-04-01 02:31:07,318 INFO [19.0] Epoch 188: loss = 7.0348
2020-04-01 02:31:28,200 INFO [20.9] Epoch 189: loss = 6.7159
2020-04-01 02:31:28,200 INFO Start Evaling...
2020-04-01 02:31:37,380 INFO Head: mr:4562.6 mrr:21.40 hits:47.50
2020-04-01 02:31:37,381 INFO Tail: mr:2107.5 mrr:22.42 hits:51.19
2020-04-01 02:31:37,381 INFO All: mr:3335.0 mrr:21.91 hits:49.34
2020-04-01 02:31:37,383 INFO Declined in recent 4 epochs
2020-04-01 02:31:57,427 INFO [20.0] Epoch 190: loss = 6.9190
2020-04-01 02:32:17,306 INFO [19.9] Epoch 191: loss = 7.1531
2020-04-01 02:32:38,892 INFO [21.6] Epoch 192: loss = 6.5822
2020-04-01 02:32:59,806 INFO [20.9] Epoch 193: loss = 6.5808
2020-04-01 02:33:18,032 INFO [18.2] Epoch 194: loss = 6.8458
2020-04-01 02:33:39,802 INFO [21.8] Epoch 195: loss = 6.7104
2020-04-01 02:34:01,372 INFO [21.6] Epoch 196: loss = 7.0427
2020-04-01 02:34:21,401 INFO [20.0] Epoch 197: loss = 6.6579
2020-04-01 02:34:43,861 INFO [22.5] Epoch 198: loss = 6.5142
2020-04-01 02:35:04,996 INFO [21.1] Epoch 199: loss = 7.0584
2020-04-01 02:35:04,996 INFO Start Evaling...
2020-04-01 02:35:14,022 INFO Head: mr:4564.4 mrr:21.20 hits:47.17
2020-04-01 02:35:14,022 INFO Tail: mr:2104.1 mrr:22.45 hits:51.15
2020-04-01 02:35:14,022 INFO All: mr:3334.3 mrr:21.82 hits:49.16
2020-04-01 02:35:14,025 INFO Declined in recent 5 epochs
2020-04-01 02:35:14,025 INFO Early stopping
2020-04-01 02:35:14,025 INFO Train done
2020-04-01 02:35:14,036 INFO Start Evaling...
2020-04-01 02:35:23,166 INFO Head: mr:4876.2 mrr:20.86 hits:46.81
2020-04-01 02:35:23,167 INFO Tail: mr:2021.4 mrr:22.51 hits:52.20
2020-04-01 02:35:23,167 INFO All: mr:3448.8 mrr:21.69 hits:49.51
