2020-05-13 08:24:56,420 INFO EPOCH: 1000
2020-05-13 08:24:56,420 INFO EVERY: 10
2020-05-13 08:24:56,420 INFO LR: 0.001
2020-05-13 08:24:56,420 INFO DIM: 100
2020-05-13 08:24:56,420 INFO BATCH_SIZE: 256
2020-05-13 08:24:56,420 INFO BATCH_SIZE2: 100
2020-05-13 08:24:56,421 INFO P: 1
2020-05-13 08:24:56,421 INFO CLIPPING_MAX_VALUE: 4.0
2020-05-13 08:24:56,421 INFO OPTIM: Adam
2020-05-13 08:24:56,421 INFO N_SAMPLE: 100
2020-05-13 08:24:56,421 INFO MODE: grap
2020-05-13 08:24:56,421 INFO RATE: 0.25
2020-05-13 08:24:56,421 INFO GAMMA: 12.0
2020-05-13 08:24:56,421 INFO BERN: True
2020-05-13 08:24:56,421 INFO MARGIN: 4.0
2020-05-13 08:24:56,421 INFO REG: 1.0
2020-05-13 08:24:56,421 INFO LABEL_SMOOTH_EPS: 0.1
2020-05-13 08:24:56,421 INFO INPUT_DROP: 0.2
2020-05-13 08:24:56,422 INFO FEAT_DROP: 0.2
2020-05-13 08:24:56,422 INFO HIDD_DROP: 0.3
2020-05-13 08:24:56,422 INFO CHANNELS: 50
2020-05-13 08:24:56,422 INFO KERNEL_SIZE: 3
2020-05-13 08:24:56,422 INFO N_POOL: 100
2020-05-13 08:24:56,422 INFO MODEL_D: TransH
2020-05-13 08:24:56,422 INFO MODEL_G: DistMult
2020-05-13 08:24:56,422 INFO SCRATCH: False
2020-05-13 08:24:56,422 INFO D_FILE: None
2020-05-13 08:24:56,422 INFO G_FILE: None
2020-05-13 08:24:56,422 INFO PATH: data
2020-05-13 08:24:56,422 INFO DATA: WN18RR
2020-05-13 08:24:56,423 INFO EXP_PATH: experiment/WN18RR
2020-05-13 08:24:56,423 INFO MODEL: TransH
2020-05-13 08:24:56,423 INFO V: 25
2020-05-13 08:24:56,423 INFO F: True
2020-05-13 08:24:56,423 INFO EVAL: False
2020-05-13 08:24:56,423 INFO TRAINED: False
2020-05-13 08:24:56,423 INFO PRETRAINED_NAME: None
2020-05-13 08:24:56,423 INFO EXP_NAME: TransH-WN18RR-grap-25
2020-05-13 08:24:56,423 INFO --------------------------------------
2020-05-13 08:25:01,263 INFO Dataload done
2020-05-13 08:25:01,263 INFO --------------------------------------
2020-05-13 08:25:01,264 INFO N_ENTITY: 40943
2020-05-13 08:25:01,264 INFO N_RELATION: 11
2020-05-13 08:25:01,264 INFO --------------------------------------
2020-05-13 08:25:04,718 INFO Start Training...
2020-05-13 08:25:57,653 INFO [52.9] Epoch 0: loss = 329.8647
2020-05-13 08:26:50,706 INFO [53.1] Epoch 1: loss = 278.4840
2020-05-13 08:27:43,810 INFO [53.1] Epoch 2: loss = 241.0000
2020-05-13 08:28:37,310 INFO [53.5] Epoch 3: loss = 207.6049
2020-05-13 08:29:30,600 INFO [53.3] Epoch 4: loss = 178.2545
2020-05-13 08:30:23,635 INFO [53.0] Epoch 5: loss = 153.2174
2020-05-13 08:31:17,207 INFO [53.6] Epoch 6: loss = 131.7149
2020-05-13 08:32:10,701 INFO [53.5] Epoch 7: loss = 113.2336
2020-05-13 08:33:03,650 INFO [52.9] Epoch 8: loss = 98.0924
2020-05-13 08:33:56,676 INFO [53.0] Epoch 9: loss = 86.0774
2020-05-13 08:33:56,676 INFO Start Evaling...
2020-05-13 08:35:01,057 INFO Head: mr:11193.0 mrr:5.44 hits:13.25
2020-05-13 08:35:01,057 INFO Tail: mr:5159.6 mrr:6.52 hits:15.33
2020-05-13 08:35:01,057 INFO All: mr:8176.3 mrr:5.98 hits:14.29
2020-05-13 08:35:01,059 INFO Start Evaling...
2020-05-13 08:36:07,234 INFO Head: mr:11716.0 mrr:5.06 hits:11.93
2020-05-13 08:36:07,234 INFO Tail: mr:5002.1 mrr:6.82 hits:15.22
2020-05-13 08:36:07,234 INFO All: mr:8359.0 mrr:5.94 hits:13.58
2020-05-13 08:36:07,236 INFO Improved and model saved
2020-05-13 08:37:00,679 INFO [53.4] Epoch 10: loss = 76.6302
2020-05-13 08:37:54,441 INFO [53.8] Epoch 11: loss = 69.3423
2020-05-13 08:38:47,480 INFO [53.0] Epoch 12: loss = 63.5640
2020-05-13 08:39:40,544 INFO [53.1] Epoch 13: loss = 59.0490
2020-05-13 08:40:33,884 INFO [53.3] Epoch 14: loss = 55.4097
2020-05-13 08:41:27,121 INFO [53.2] Epoch 15: loss = 52.4442
2020-05-13 08:42:20,835 INFO [53.7] Epoch 16: loss = 49.9466
2020-05-13 08:43:14,725 INFO [53.9] Epoch 17: loss = 47.9760
2020-05-13 08:44:07,638 INFO [52.9] Epoch 18: loss = 46.2029
2020-05-13 08:45:00,775 INFO [53.1] Epoch 19: loss = 44.7296
2020-05-13 08:45:00,775 INFO Start Evaling...
2020-05-13 08:46:05,334 INFO Head: mr:9067.2 mrr:8.64 hits:21.32
2020-05-13 08:46:05,335 INFO Tail: mr:3982.7 mrr:10.55 hits:24.98
2020-05-13 08:46:05,335 INFO All: mr:6525.0 mrr:9.59 hits:23.15
2020-05-13 08:46:05,337 INFO Start Evaling...
2020-05-13 08:47:11,695 INFO Head: mr:9775.2 mrr:8.19 hits:20.36
2020-05-13 08:47:11,695 INFO Tail: mr:3841.6 mrr:10.99 hits:24.57
2020-05-13 08:47:11,696 INFO All: mr:6808.4 mrr:9.59 hits:22.46
2020-05-13 08:47:11,697 INFO Improved and model saved
2020-05-13 08:48:05,643 INFO [53.9] Epoch 20: loss = 43.4595
2020-05-13 08:48:59,608 INFO [54.0] Epoch 21: loss = 42.2901
2020-05-13 08:49:52,872 INFO [53.3] Epoch 22: loss = 41.3482
2020-05-13 08:50:46,672 INFO [53.8] Epoch 23: loss = 40.4365
2020-05-13 08:51:40,218 INFO [53.5] Epoch 24: loss = 39.6514
2020-05-13 08:52:33,425 INFO [53.2] Epoch 25: loss = 38.9384
2020-05-13 08:53:26,704 INFO [53.3] Epoch 26: loss = 38.2566
2020-05-13 08:54:20,540 INFO [53.8] Epoch 27: loss = 37.6697
2020-05-13 08:55:14,487 INFO [53.9] Epoch 28: loss = 37.1729
2020-05-13 08:56:07,809 INFO [53.3] Epoch 29: loss = 36.7002
2020-05-13 08:56:07,809 INFO Start Evaling...
2020-05-13 08:57:12,353 INFO Head: mr:8396.3 mrr:10.79 hits:26.33
2020-05-13 08:57:12,353 INFO Tail: mr:3545.9 mrr:12.95 hits:29.17
2020-05-13 08:57:12,353 INFO All: mr:5971.1 mrr:11.87 hits:27.75
2020-05-13 08:57:12,356 INFO Start Evaling...
2020-05-13 08:58:18,696 INFO Head: mr:9052.5 mrr:10.41 hits:25.62
2020-05-13 08:58:18,696 INFO Tail: mr:3484.0 mrr:13.26 hits:29.32
2020-05-13 08:58:18,696 INFO All: mr:6268.2 mrr:11.83 hits:27.47
2020-05-13 08:58:18,699 INFO Improved and model saved
2020-05-13 08:59:12,739 INFO [54.0] Epoch 30: loss = 36.2007
2020-05-13 09:00:06,256 INFO [53.5] Epoch 31: loss = 35.7884
2020-05-13 09:00:59,620 INFO [53.4] Epoch 32: loss = 35.3416
2020-05-13 09:01:53,511 INFO [53.9] Epoch 33: loss = 34.9768
2020-05-13 09:02:47,395 INFO [53.9] Epoch 34: loss = 34.6435
2020-05-13 09:03:41,184 INFO [53.8] Epoch 35: loss = 34.3682
2020-05-13 09:04:34,566 INFO [53.4] Epoch 36: loss = 34.0215
2020-05-13 09:05:28,279 INFO [53.7] Epoch 37: loss = 33.6987
2020-05-13 09:06:21,426 INFO [53.1] Epoch 38: loss = 33.4074
2020-05-13 09:07:14,883 INFO [53.5] Epoch 39: loss = 33.2294
2020-05-13 09:07:14,884 INFO Start Evaling...
2020-05-13 09:08:19,432 INFO Head: mr:8050.0 mrr:11.70 hits:28.21
2020-05-13 09:08:19,432 INFO Tail: mr:3404.7 mrr:13.93 hits:30.85
2020-05-13 09:08:19,432 INFO All: mr:5727.3 mrr:12.81 hits:29.53
2020-05-13 09:08:19,435 INFO Start Evaling...
2020-05-13 09:09:25,792 INFO Head: mr:8716.6 mrr:11.42 hits:27.82
2020-05-13 09:09:25,792 INFO Tail: mr:3355.3 mrr:13.99 hits:30.79
2020-05-13 09:09:25,792 INFO All: mr:6035.9 mrr:12.70 hits:29.31
2020-05-13 09:09:25,795 INFO Improved and model saved
2020-05-13 09:10:19,409 INFO [53.6] Epoch 40: loss = 32.9460
2020-05-13 09:11:12,475 INFO [53.1] Epoch 41: loss = 32.6467
2020-05-13 09:12:05,395 INFO [52.9] Epoch 42: loss = 32.4961
2020-05-13 09:12:58,714 INFO [53.3] Epoch 43: loss = 32.2068
2020-05-13 09:13:52,249 INFO [53.5] Epoch 44: loss = 32.0313
2020-05-13 09:14:45,476 INFO [53.2] Epoch 45: loss = 31.8285
2020-05-13 09:15:39,087 INFO [53.6] Epoch 46: loss = 31.6123
2020-05-13 09:16:32,534 INFO [53.4] Epoch 47: loss = 31.5230
2020-05-13 09:17:25,596 INFO [53.1] Epoch 48: loss = 31.3011
2020-05-13 09:18:19,199 INFO [53.6] Epoch 49: loss = 31.0789
2020-05-13 09:18:19,199 INFO Start Evaling...
2020-05-13 09:19:23,746 INFO Head: mr:7820.4 mrr:11.91 hits:28.97
2020-05-13 09:19:23,746 INFO Tail: mr:3332.8 mrr:14.06 hits:30.78
2020-05-13 09:19:23,746 INFO All: mr:5576.6 mrr:12.98 hits:29.88
2020-05-13 09:19:23,749 INFO Start Evaling...
2020-05-13 09:20:30,107 INFO Head: mr:8507.4 mrr:11.54 hits:28.08
2020-05-13 09:20:30,107 INFO Tail: mr:3320.3 mrr:13.93 hits:31.05
2020-05-13 09:20:30,107 INFO All: mr:5913.9 mrr:12.74 hits:29.56
2020-05-13 09:20:30,109 INFO Improved and model saved
2020-05-13 09:21:24,046 INFO [53.9] Epoch 50: loss = 30.9541
2020-05-13 09:22:17,183 INFO [53.1] Epoch 51: loss = 30.8013
2020-05-13 09:23:10,332 INFO [53.1] Epoch 52: loss = 30.6186
2020-05-13 09:24:03,929 INFO [53.6] Epoch 53: loss = 30.5675
2020-05-13 09:24:57,024 INFO [53.1] Epoch 54: loss = 30.3600
2020-05-13 09:25:50,677 INFO [53.7] Epoch 55: loss = 30.2167
2020-05-13 09:26:43,906 INFO [53.2] Epoch 56: loss = 30.1647
2020-05-13 09:27:37,062 INFO [53.2] Epoch 57: loss = 30.0016
2020-05-13 09:28:30,321 INFO [53.3] Epoch 58: loss = 29.8094
2020-05-13 09:29:23,586 INFO [53.3] Epoch 59: loss = 29.8097
2020-05-13 09:29:23,586 INFO Start Evaling...
2020-05-13 09:30:27,966 INFO Head: mr:7723.3 mrr:12.09 hits:29.47
2020-05-13 09:30:27,966 INFO Tail: mr:3312.9 mrr:14.06 hits:31.38
2020-05-13 09:30:27,966 INFO All: mr:5518.1 mrr:13.08 hits:30.42
2020-05-13 09:30:27,968 INFO Start Evaling...
2020-05-13 09:31:34,147 INFO Head: mr:8378.4 mrr:11.54 hits:28.11
2020-05-13 09:31:34,147 INFO Tail: mr:3321.1 mrr:14.11 hits:31.33
2020-05-13 09:31:34,147 INFO All: mr:5849.7 mrr:12.83 hits:29.72
2020-05-13 09:31:34,149 INFO Improved and model saved
2020-05-13 09:32:26,812 INFO [52.6] Epoch 60: loss = 29.5515
2020-05-13 09:33:20,038 INFO [53.2] Epoch 61: loss = 29.4556
2020-05-13 09:34:13,606 INFO [53.6] Epoch 62: loss = 29.3887
2020-05-13 09:35:06,304 INFO [52.7] Epoch 63: loss = 29.2805
2020-05-13 09:35:59,835 INFO [53.5] Epoch 64: loss = 29.1318
2020-05-13 09:36:53,209 INFO [53.4] Epoch 65: loss = 29.0690
2020-05-13 09:37:46,474 INFO [53.3] Epoch 66: loss = 28.9221
2020-05-13 09:38:40,220 INFO [53.7] Epoch 67: loss = 28.8421
2020-05-13 09:39:34,063 INFO [53.8] Epoch 68: loss = 28.7233
2020-05-13 09:40:26,923 INFO [52.9] Epoch 69: loss = 28.6051
2020-05-13 09:40:26,923 INFO Start Evaling...
2020-05-13 09:41:31,490 INFO Head: mr:7673.4 mrr:11.73 hits:29.14
2020-05-13 09:41:31,490 INFO Tail: mr:3338.7 mrr:13.97 hits:30.98
2020-05-13 09:41:31,490 INFO All: mr:5506.1 mrr:12.85 hits:30.06
2020-05-13 09:41:31,493 INFO Start Evaling...
2020-05-13 09:42:37,866 INFO Head: mr:8316.4 mrr:11.58 hits:28.21
2020-05-13 09:42:37,866 INFO Tail: mr:3341.6 mrr:14.11 hits:31.75
2020-05-13 09:42:37,867 INFO All: mr:5829.0 mrr:12.84 hits:29.98
2020-05-13 09:42:37,869 INFO Declined in recent 1 epochs
2020-05-13 09:43:31,748 INFO [53.9] Epoch 70: loss = 28.6536
2020-05-13 09:44:25,645 INFO [53.9] Epoch 71: loss = 28.5574
2020-05-13 09:45:18,890 INFO [53.2] Epoch 72: loss = 28.3869
2020-05-13 09:46:12,604 INFO [53.7] Epoch 73: loss = 28.3387
2020-05-13 09:47:06,204 INFO [53.6] Epoch 74: loss = 28.2603
2020-05-13 09:47:59,499 INFO [53.3] Epoch 75: loss = 28.1684
2020-05-13 09:48:53,368 INFO [53.9] Epoch 76: loss = 28.0819
2020-05-13 09:49:46,657 INFO [53.3] Epoch 77: loss = 28.0421
2020-05-13 09:50:39,342 INFO [52.7] Epoch 78: loss = 27.9116
2020-05-13 09:51:32,554 INFO [53.2] Epoch 79: loss = 27.8894
2020-05-13 09:51:32,554 INFO Start Evaling...
2020-05-13 09:52:37,100 INFO Head: mr:7639.1 mrr:11.48 hits:28.18
2020-05-13 09:52:37,100 INFO Tail: mr:3346.2 mrr:13.70 hits:30.85
2020-05-13 09:52:37,100 INFO All: mr:5492.7 mrr:12.59 hits:29.52
2020-05-13 09:52:37,103 INFO Start Evaling...
2020-05-13 09:53:43,454 INFO Head: mr:8295.8 mrr:11.39 hits:28.30
2020-05-13 09:53:43,455 INFO Tail: mr:3377.1 mrr:14.14 hits:31.40
2020-05-13 09:53:43,455 INFO All: mr:5836.4 mrr:12.77 hits:29.85
2020-05-13 09:53:43,457 INFO Declined in recent 2 epochs
2020-05-13 09:54:37,335 INFO [53.9] Epoch 80: loss = 27.8118
2020-05-13 09:55:30,465 INFO [53.1] Epoch 81: loss = 27.7061
2020-05-13 09:56:23,617 INFO [53.2] Epoch 82: loss = 27.6897
2020-05-13 09:57:17,301 INFO [53.7] Epoch 83: loss = 27.5955
2020-05-13 09:58:10,386 INFO [53.1] Epoch 84: loss = 27.5523
2020-05-13 09:59:03,427 INFO [53.0] Epoch 85: loss = 27.4507
2020-05-13 09:59:56,953 INFO [53.5] Epoch 86: loss = 27.4281
2020-05-13 10:00:50,283 INFO [53.3] Epoch 87: loss = 27.3159
2020-05-13 10:01:43,887 INFO [53.6] Epoch 88: loss = 27.2779
2020-05-13 10:02:37,035 INFO [53.1] Epoch 89: loss = 27.1999
2020-05-13 10:02:37,036 INFO Start Evaling...
2020-05-13 10:03:41,592 INFO Head: mr:7581.8 mrr:11.62 hits:27.85
2020-05-13 10:03:41,593 INFO Tail: mr:3402.3 mrr:13.63 hits:30.52
2020-05-13 10:03:41,593 INFO All: mr:5492.0 mrr:12.62 hits:29.19
2020-05-13 10:03:41,595 INFO Start Evaling...
2020-05-13 10:04:47,963 INFO Head: mr:8229.5 mrr:11.38 hits:28.05
2020-05-13 10:04:47,964 INFO Tail: mr:3427.7 mrr:13.82 hits:31.59
2020-05-13 10:04:47,964 INFO All: mr:5828.6 mrr:12.60 hits:29.82
2020-05-13 10:04:47,966 INFO Declined in recent 3 epochs
2020-05-13 10:05:41,538 INFO [53.6] Epoch 90: loss = 27.1776
2020-05-13 10:06:34,881 INFO [53.3] Epoch 91: loss = 27.1570
2020-05-13 10:07:28,706 INFO [53.8] Epoch 92: loss = 27.0688
2020-05-13 10:08:21,190 INFO [52.5] Epoch 93: loss = 26.9733
2020-05-13 10:09:14,525 INFO [53.3] Epoch 94: loss = 26.9337
2020-05-13 10:10:08,307 INFO [53.8] Epoch 95: loss = 26.8823
2020-05-13 10:11:01,481 INFO [53.2] Epoch 96: loss = 26.7988
2020-05-13 10:11:54,714 INFO [53.2] Epoch 97: loss = 26.7889
2020-05-13 10:12:48,493 INFO [53.8] Epoch 98: loss = 26.7298
2020-05-13 10:13:41,297 INFO [52.8] Epoch 99: loss = 26.6688
2020-05-13 10:13:41,297 INFO Start Evaling...
2020-05-13 10:14:45,854 INFO Head: mr:7565.7 mrr:11.39 hits:27.79
2020-05-13 10:14:45,854 INFO Tail: mr:3476.6 mrr:13.35 hits:30.55
2020-05-13 10:14:45,855 INFO All: mr:5521.1 mrr:12.37 hits:29.17
2020-05-13 10:14:45,857 INFO Start Evaling...
2020-05-13 10:15:52,223 INFO Head: mr:8213.9 mrr:11.02 hits:27.63
2020-05-13 10:15:52,224 INFO Tail: mr:3485.0 mrr:13.63 hits:31.27
2020-05-13 10:15:52,224 INFO All: mr:5849.5 mrr:12.32 hits:29.45
2020-05-13 10:15:52,226 INFO Declined in recent 4 epochs
2020-05-13 10:16:45,888 INFO [53.7] Epoch 100: loss = 26.6062
2020-05-13 10:17:39,305 INFO [53.4] Epoch 101: loss = 26.6053
2020-05-13 10:18:32,050 INFO [52.7] Epoch 102: loss = 26.5206
2020-05-13 10:19:25,441 INFO [53.4] Epoch 103: loss = 26.4573
2020-05-13 10:20:19,088 INFO [53.6] Epoch 104: loss = 26.4360
2020-05-13 10:21:11,767 INFO [52.7] Epoch 105: loss = 26.3695
2020-05-13 10:22:04,926 INFO [53.2] Epoch 106: loss = 26.2930
2020-05-13 10:22:58,114 INFO [53.2] Epoch 107: loss = 26.2316
2020-05-13 10:23:51,054 INFO [52.9] Epoch 108: loss = 26.2905
2020-05-13 10:24:44,560 INFO [53.5] Epoch 109: loss = 26.2293
2020-05-13 10:24:44,560 INFO Start Evaling...
2020-05-13 10:25:48,941 INFO Head: mr:7593.9 mrr:11.22 hits:27.65
2020-05-13 10:25:48,941 INFO Tail: mr:3531.8 mrr:13.54 hits:30.52
2020-05-13 10:25:48,941 INFO All: mr:5562.8 mrr:12.38 hits:29.09
2020-05-13 10:25:48,944 INFO Start Evaling...
2020-05-13 10:26:55,126 INFO Head: mr:8221.4 mrr:10.88 hits:27.41
2020-05-13 10:26:55,126 INFO Tail: mr:3538.8 mrr:13.78 hits:31.30
2020-05-13 10:26:55,126 INFO All: mr:5880.1 mrr:12.33 hits:29.36
2020-05-13 10:26:55,128 INFO Declined in recent 5 epochs
2020-05-13 10:26:55,129 INFO Early stopping
2020-05-13 10:26:55,129 INFO Train done
2020-05-13 10:26:55,142 INFO Start Evaling...
2020-05-13 10:28:01,303 INFO Head: mr:8378.4 mrr:11.54 hits:28.11
2020-05-13 10:28:01,303 INFO Tail: mr:3321.1 mrr:14.11 hits:31.33
2020-05-13 10:28:01,303 INFO All: mr:5849.7 mrr:12.83 hits:29.72
