2020-05-23 10:31:46,151 INFO EPOCH: 1000
2020-05-23 10:31:46,151 INFO EVERY: 10
2020-05-23 10:31:46,151 INFO LR: 0.001
2020-05-23 10:31:46,151 INFO DIM: 100
2020-05-23 10:31:46,151 INFO BATCH_SIZE: 256
2020-05-23 10:31:46,151 INFO BATCH_SIZE2: 100
2020-05-23 10:31:46,151 INFO P: 1
2020-05-23 10:31:46,151 INFO CLIPPING_MAX_VALUE: 4.0
2020-05-23 10:31:46,152 INFO OPTIM: Adam
2020-05-23 10:31:46,152 INFO N_SAMPLE: 12
2020-05-23 10:31:46,152 INFO MODE: grap
2020-05-23 10:31:46,152 INFO RATE: 0.01
2020-05-23 10:31:46,152 INFO GAMMA: 12.0
2020-05-23 10:31:46,152 INFO BERN: True
2020-05-23 10:31:46,152 INFO MARGIN: 4.0
2020-05-23 10:31:46,152 INFO REG: 1.0
2020-05-23 10:31:46,152 INFO LABEL_SMOOTH_EPS: 0.1
2020-05-23 10:31:46,152 INFO INPUT_DROP: 0.2
2020-05-23 10:31:46,152 INFO FEAT_DROP: 0.2
2020-05-23 10:31:46,153 INFO HIDD_DROP: 0.3
2020-05-23 10:31:46,153 INFO CHANNELS: 50
2020-05-23 10:31:46,153 INFO KERNEL_SIZE: 3
2020-05-23 10:31:46,153 INFO N_POOL: 100
2020-05-23 10:31:46,153 INFO MODEL_D: TransH
2020-05-23 10:31:46,153 INFO MODEL_G: DistMult
2020-05-23 10:31:46,153 INFO SCRATCH: False
2020-05-23 10:31:46,153 INFO D_FILE: None
2020-05-23 10:31:46,153 INFO G_FILE: None
2020-05-23 10:31:46,153 INFO PATH: data
2020-05-23 10:31:46,153 INFO DATA: WN18RR
2020-05-23 10:31:46,153 INFO EXP_PATH: experiment/WN18RR
2020-05-23 10:31:46,154 INFO MODEL: TransH
2020-05-23 10:31:46,154 INFO V: 524.0
2020-05-23 10:31:46,154 INFO F: True
2020-05-23 10:31:46,154 INFO ADV: True
2020-05-23 10:31:46,154 INFO EVAL: False
2020-05-23 10:31:46,154 INFO TRAINED: False
2020-05-23 10:31:46,154 INFO PRETRAINED_NAME: None
2020-05-23 10:31:46,154 INFO EXP_NAME: TransH-WN18RR-grap-524.0
2020-05-23 10:31:46,154 INFO --------------------------------------
2020-05-23 10:31:50,990 INFO Dataload done
2020-05-23 10:31:50,990 INFO --------------------------------------
2020-05-23 10:31:50,990 INFO N_ENTITY: 40943
2020-05-23 10:31:50,991 INFO N_RELATION: 11
2020-05-23 10:31:50,991 INFO --------------------------------------
2020-05-23 10:31:54,422 INFO Start Training...
2020-05-23 10:32:19,505 INFO [25.1] Epoch 0: loss = 345.3798
2020-05-23 10:32:44,353 INFO [24.8] Epoch 1: loss = 317.1697
2020-05-23 10:33:09,530 INFO [25.2] Epoch 2: loss = 288.7929
2020-05-23 10:33:35,026 INFO [25.5] Epoch 3: loss = 260.5009
2020-05-23 10:34:00,670 INFO [25.6] Epoch 4: loss = 232.5904
2020-05-23 10:34:26,125 INFO [25.5] Epoch 5: loss = 206.4474
2020-05-23 10:34:51,666 INFO [25.5] Epoch 6: loss = 181.9408
2020-05-23 10:35:17,297 INFO [25.6] Epoch 7: loss = 159.3066
2020-05-23 10:35:42,440 INFO [25.1] Epoch 8: loss = 139.3840
2020-05-23 10:36:08,052 INFO [25.6] Epoch 9: loss = 122.0176
2020-05-23 10:36:08,052 INFO Start Evaling...
2020-05-23 10:37:12,551 INFO Head: mr:8506.8 mrr:14.66 hits10:37.97 hits3:26.14 hits1:0.66
2020-05-23 10:37:12,551 INFO Tail: mr:3903.9 mrr:16.12 hits10:39.82 hits3:28.54 hits1:1.25
2020-05-23 10:37:12,551 INFO All: mr:6205.4 mrr:15.39 hits10:38.89 hits3:27.34 hits1:0.96
2020-05-23 10:37:12,554 INFO Start Evaling...
2020-05-23 10:38:18,847 INFO Head: mr:9128.5 mrr:14.12 hits10:36.25 hits3:24.73 hits1:0.45
2020-05-23 10:38:18,847 INFO Tail: mr:3910.9 mrr:15.99 hits10:39.41 hits3:28.30 hits1:1.12
2020-05-23 10:38:18,847 INFO All: mr:6519.7 mrr:15.05 hits10:37.83 hits3:26.52 hits1:0.78
2020-05-23 10:38:18,849 INFO Improved and model saved
2020-05-23 10:38:44,356 INFO [25.5] Epoch 10: loss = 109.0636
2020-05-23 10:39:10,172 INFO [25.8] Epoch 11: loss = 96.8711
2020-05-23 10:39:35,936 INFO [25.8] Epoch 12: loss = 87.4959
2020-05-23 10:40:01,175 INFO [25.2] Epoch 13: loss = 79.7965
2020-05-23 10:40:26,899 INFO [25.7] Epoch 14: loss = 72.7213
2020-05-23 10:40:52,024 INFO [25.1] Epoch 15: loss = 66.9687
2020-05-23 10:41:17,621 INFO [25.6] Epoch 16: loss = 62.2236
2020-05-23 10:41:43,291 INFO [25.7] Epoch 17: loss = 58.1980
2020-05-23 10:42:08,869 INFO [25.6] Epoch 18: loss = 55.1309
2020-05-23 10:42:34,373 INFO [25.5] Epoch 19: loss = 51.6786
2020-05-23 10:42:34,374 INFO Start Evaling...
2020-05-23 10:43:39,176 INFO Head: mr:6967.0 mrr:16.67 hits10:41.66 hits3:31.02 hits1:0.96
2020-05-23 10:43:39,176 INFO Tail: mr:3172.3 mrr:18.22 hits10:44.23 hits3:31.71 hits1:1.91
2020-05-23 10:43:39,176 INFO All: mr:5069.6 mrr:17.45 hits10:42.95 hits3:31.36 hits1:1.43
2020-05-23 10:43:39,178 INFO Start Evaling...
2020-05-23 10:44:45,800 INFO Head: mr:7609.4 mrr:16.30 hits10:41.54 hits3:28.46 hits1:1.12
2020-05-23 10:44:45,801 INFO Tail: mr:3314.4 mrr:18.54 hits10:44.89 hits3:32.29 hits1:2.17
2020-05-23 10:44:45,801 INFO All: mr:5461.9 mrr:17.42 hits10:43.22 hits3:30.38 hits1:1.64
2020-05-23 10:44:45,803 INFO Improved and model saved
2020-05-23 10:45:11,560 INFO [25.7] Epoch 20: loss = 50.4088
2020-05-23 10:45:37,203 INFO [25.6] Epoch 21: loss = 47.5203
2020-05-23 10:46:02,146 INFO [24.9] Epoch 22: loss = 45.6696
2020-05-23 10:46:27,726 INFO [25.6] Epoch 23: loss = 45.2316
2020-05-23 10:46:52,967 INFO [25.2] Epoch 24: loss = 43.5137
2020-05-23 10:47:18,257 INFO [25.3] Epoch 25: loss = 41.4315
2020-05-23 10:47:43,463 INFO [25.2] Epoch 26: loss = 40.7560
2020-05-23 10:48:08,641 INFO [25.2] Epoch 27: loss = 40.0013
2020-05-23 10:48:34,224 INFO [25.6] Epoch 28: loss = 38.6737
2020-05-23 10:48:59,485 INFO [25.3] Epoch 29: loss = 38.5763
2020-05-23 10:48:59,485 INFO Start Evaling...
2020-05-23 10:50:04,127 INFO Head: mr:6467.9 mrr:17.12 hits10:43.44 hits3:29.60 hits1:1.52
2020-05-23 10:50:04,128 INFO Tail: mr:2909.3 mrr:18.98 hits10:46.11 hits3:33.09 hits1:2.31
2020-05-23 10:50:04,128 INFO All: mr:4688.6 mrr:18.05 hits10:44.78 hits3:31.34 hits1:1.91
2020-05-23 10:50:04,130 INFO Start Evaling...
2020-05-23 10:51:10,583 INFO Head: mr:6959.6 mrr:17.12 hits10:43.30 hits3:29.10 hits1:1.79
2020-05-23 10:51:10,583 INFO Tail: mr:2986.8 mrr:19.33 hits10:46.65 hits3:32.45 hits1:3.10
2020-05-23 10:51:10,583 INFO All: mr:4973.2 mrr:18.23 hits10:44.97 hits3:30.78 hits1:2.44
2020-05-23 10:51:10,585 INFO Improved and model saved
2020-05-23 10:51:36,350 INFO [25.7] Epoch 30: loss = 37.4678
2020-05-23 10:52:01,726 INFO [25.4] Epoch 31: loss = 37.0069
2020-05-23 10:52:26,616 INFO [24.9] Epoch 32: loss = 35.0071
2020-05-23 10:52:52,328 INFO [25.7] Epoch 33: loss = 35.8539
2020-05-23 10:53:17,614 INFO [25.3] Epoch 34: loss = 34.9741
2020-05-23 10:53:43,465 INFO [25.9] Epoch 35: loss = 34.2765
2020-05-23 10:54:08,810 INFO [25.3] Epoch 36: loss = 34.8226
2020-05-23 10:54:34,533 INFO [25.7] Epoch 37: loss = 33.5791
2020-05-23 10:55:00,208 INFO [25.7] Epoch 38: loss = 33.6245
2020-05-23 10:55:25,488 INFO [25.3] Epoch 39: loss = 33.3477
2020-05-23 10:55:25,488 INFO Start Evaling...
2020-05-23 10:56:30,158 INFO Head: mr:6255.5 mrr:17.18 hits10:43.67 hits3:29.53 hits1:2.01
2020-05-23 10:56:30,159 INFO Tail: mr:2758.6 mrr:19.01 hits10:46.64 hits3:32.93 hits1:2.41
2020-05-23 10:56:30,159 INFO All: mr:4507.0 mrr:18.09 hits10:45.15 hits3:31.23 hits1:2.21
2020-05-23 10:56:30,161 INFO Start Evaling...
2020-05-23 10:57:36,638 INFO Head: mr:6699.0 mrr:17.38 hits10:44.10 hits3:29.04 hits1:2.27
2020-05-23 10:57:36,638 INFO Tail: mr:2801.7 mrr:19.96 hits10:48.69 hits3:33.02 hits1:3.25
2020-05-23 10:57:36,638 INFO All: mr:4750.3 mrr:18.67 hits10:46.39 hits3:31.03 hits1:2.76
2020-05-23 10:57:36,640 INFO Improved and model saved
2020-05-23 10:58:02,426 INFO [25.8] Epoch 40: loss = 32.3385
2020-05-23 10:58:27,659 INFO [25.2] Epoch 41: loss = 32.4250
2020-05-23 10:58:52,481 INFO [24.8] Epoch 42: loss = 32.2000
2020-05-23 10:59:18,094 INFO [25.6] Epoch 43: loss = 31.1598
2020-05-23 10:59:43,699 INFO [25.6] Epoch 44: loss = 31.0503
2020-05-23 11:00:08,457 INFO [24.8] Epoch 45: loss = 31.8619
2020-05-23 11:00:33,705 INFO [25.2] Epoch 46: loss = 30.1998
2020-05-23 11:00:58,977 INFO [25.3] Epoch 47: loss = 30.0412
2020-05-23 11:01:23,939 INFO [25.0] Epoch 48: loss = 30.1676
2020-05-23 11:01:49,475 INFO [25.5] Epoch 49: loss = 29.9132
2020-05-23 11:01:49,475 INFO Start Evaling...
2020-05-23 11:02:54,133 INFO Head: mr:6023.0 mrr:17.76 hits10:44.66 hits3:29.89 hits1:2.34
2020-05-23 11:02:54,133 INFO Tail: mr:2662.7 mrr:19.42 hits10:47.66 hits3:32.40 hits1:2.93
2020-05-23 11:02:54,133 INFO All: mr:4342.9 mrr:18.59 hits10:46.16 hits3:31.15 hits1:2.64
2020-05-23 11:02:54,135 INFO Start Evaling...
2020-05-23 11:04:00,604 INFO Head: mr:6497.9 mrr:17.62 hits10:44.13 hits3:29.23 hits1:2.49
2020-05-23 11:04:00,604 INFO Tail: mr:2705.0 mrr:19.96 hits10:48.31 hits3:32.93 hits1:3.54
2020-05-23 11:04:00,604 INFO All: mr:4601.5 mrr:18.79 hits10:46.22 hits3:31.08 hits1:3.02
2020-05-23 11:04:00,606 INFO Improved and model saved
2020-05-23 11:04:26,510 INFO [25.9] Epoch 50: loss = 29.6875
2020-05-23 11:04:51,672 INFO [25.2] Epoch 51: loss = 30.2433
2020-05-23 11:05:17,226 INFO [25.6] Epoch 52: loss = 29.8543
2020-05-23 11:05:42,775 INFO [25.5] Epoch 53: loss = 30.0607
2020-05-23 11:06:07,996 INFO [25.2] Epoch 54: loss = 29.6368
2020-05-23 11:06:33,668 INFO [25.7] Epoch 55: loss = 28.6144
2020-05-23 11:06:59,232 INFO [25.6] Epoch 56: loss = 28.8712
2020-05-23 11:07:24,078 INFO [24.8] Epoch 57: loss = 28.9558
2020-05-23 11:07:49,396 INFO [25.3] Epoch 58: loss = 28.7540
2020-05-23 11:08:14,885 INFO [25.5] Epoch 59: loss = 28.8656
2020-05-23 11:08:14,886 INFO Start Evaling...
2020-05-23 11:09:19,535 INFO Head: mr:5985.8 mrr:17.78 hits10:44.86 hits3:29.20 hits1:2.54
2020-05-23 11:09:19,535 INFO Tail: mr:2580.8 mrr:19.38 hits10:47.46 hits3:31.67 hits1:3.36
2020-05-23 11:09:19,535 INFO All: mr:4283.3 mrr:18.58 hits10:46.16 hits3:30.44 hits1:2.95
2020-05-23 11:09:19,537 INFO Start Evaling...
2020-05-23 11:10:25,999 INFO Head: mr:6437.8 mrr:17.53 hits10:44.32 hits3:27.50 hits1:2.84
2020-05-23 11:10:26,000 INFO Tail: mr:2649.8 mrr:19.86 hits10:48.76 hits3:32.48 hits1:3.51
2020-05-23 11:10:26,000 INFO All: mr:4543.8 mrr:18.70 hits10:46.54 hits3:29.99 hits1:3.17
2020-05-23 11:10:26,002 INFO Declined in recent 1 epochs
2020-05-23 11:10:51,237 INFO [25.2] Epoch 60: loss = 28.1334
2020-05-23 11:11:16,544 INFO [25.3] Epoch 61: loss = 28.6500
2020-05-23 11:11:41,831 INFO [25.3] Epoch 62: loss = 28.8360
2020-05-23 11:12:06,572 INFO [24.7] Epoch 63: loss = 27.6517
2020-05-23 11:12:32,160 INFO [25.6] Epoch 64: loss = 28.5303
2020-05-23 11:12:57,421 INFO [25.3] Epoch 65: loss = 28.5554
2020-05-23 11:13:22,544 INFO [25.1] Epoch 66: loss = 27.9387
2020-05-23 11:13:47,722 INFO [25.2] Epoch 67: loss = 28.1659
2020-05-23 11:14:13,015 INFO [25.3] Epoch 68: loss = 27.3565
2020-05-23 11:14:37,830 INFO [24.8] Epoch 69: loss = 27.0487
2020-05-23 11:14:37,830 INFO Start Evaling...
2020-05-23 11:15:42,321 INFO Head: mr:5844.3 mrr:17.48 hits10:44.73 hits3:28.28 hits1:2.64
2020-05-23 11:15:42,321 INFO Tail: mr:2596.9 mrr:19.22 hits10:47.99 hits3:30.78 hits1:3.30
2020-05-23 11:15:42,321 INFO All: mr:4220.6 mrr:18.35 hits10:46.36 hits3:29.53 hits1:2.97
2020-05-23 11:15:42,323 INFO Start Evaling...
2020-05-23 11:16:48,623 INFO Head: mr:6307.6 mrr:17.29 hits10:44.38 hits3:27.60 hits1:2.68
2020-05-23 11:16:48,623 INFO Tail: mr:2602.5 mrr:19.84 hits10:48.66 hits3:32.13 hits1:3.64
2020-05-23 11:16:48,623 INFO All: mr:4455.0 mrr:18.57 hits10:46.52 hits3:29.87 hits1:3.16
2020-05-23 11:16:48,625 INFO Declined in recent 2 epochs
2020-05-23 11:17:14,055 INFO [25.4] Epoch 70: loss = 27.1276
2020-05-23 11:17:39,713 INFO [25.7] Epoch 71: loss = 26.8769
2020-05-23 11:18:04,504 INFO [24.8] Epoch 72: loss = 26.7882
2020-05-23 11:18:30,216 INFO [25.7] Epoch 73: loss = 27.1089
2020-05-23 11:18:55,521 INFO [25.3] Epoch 74: loss = 27.1439
2020-05-23 11:19:20,408 INFO [24.9] Epoch 75: loss = 27.0148
2020-05-23 11:19:46,157 INFO [25.7] Epoch 76: loss = 26.5397
2020-05-23 11:20:11,693 INFO [25.5] Epoch 77: loss = 26.3876
2020-05-23 11:20:36,847 INFO [25.2] Epoch 78: loss = 27.1678
2020-05-23 11:21:02,214 INFO [25.4] Epoch 79: loss = 26.6031
2020-05-23 11:21:02,215 INFO Start Evaling...
2020-05-23 11:22:06,872 INFO Head: mr:5803.0 mrr:17.54 hits10:44.63 hits3:28.41 hits1:2.67
2020-05-23 11:22:06,872 INFO Tail: mr:2547.7 mrr:19.12 hits10:48.55 hits3:30.78 hits1:3.23
2020-05-23 11:22:06,873 INFO All: mr:4175.4 mrr:18.33 hits10:46.59 hits3:29.60 hits1:2.95
2020-05-23 11:22:06,875 INFO Start Evaling...
2020-05-23 11:23:13,340 INFO Head: mr:6292.8 mrr:17.09 hits10:44.38 hits3:26.90 hits1:2.43
2020-05-23 11:23:13,340 INFO Tail: mr:2598.9 mrr:19.66 hits10:48.85 hits3:31.08 hits1:3.70
2020-05-23 11:23:13,340 INFO All: mr:4445.8 mrr:18.38 hits10:46.62 hits3:28.99 hits1:3.06
2020-05-23 11:23:13,342 INFO Declined in recent 3 epochs
2020-05-23 11:23:39,094 INFO [25.8] Epoch 80: loss = 26.3025
2020-05-23 11:24:03,924 INFO [24.8] Epoch 81: loss = 25.7342
2020-05-23 11:24:29,605 INFO [25.7] Epoch 82: loss = 26.2657
2020-05-23 11:24:55,447 INFO [25.8] Epoch 83: loss = 26.1228
2020-05-23 11:25:20,307 INFO [24.9] Epoch 84: loss = 25.6381
2020-05-23 11:25:45,586 INFO [25.3] Epoch 85: loss = 25.9769
2020-05-23 11:26:10,905 INFO [25.3] Epoch 86: loss = 26.3289
2020-05-23 11:26:36,136 INFO [25.2] Epoch 87: loss = 26.3960
2020-05-23 11:27:01,770 INFO [25.6] Epoch 88: loss = 25.7536
2020-05-23 11:27:27,096 INFO [25.3] Epoch 89: loss = 25.9003
2020-05-23 11:27:27,097 INFO Start Evaling...
2020-05-23 11:28:31,776 INFO Head: mr:5743.4 mrr:17.53 hits10:45.25 hits3:27.55 hits1:2.77
2020-05-23 11:28:31,776 INFO Tail: mr:2536.4 mrr:19.22 hits10:48.78 hits3:30.52 hits1:3.39
2020-05-23 11:28:31,776 INFO All: mr:4139.9 mrr:18.37 hits10:47.02 hits3:29.04 hits1:3.08
2020-05-23 11:28:31,778 INFO Start Evaling...
2020-05-23 11:29:38,269 INFO Head: mr:6131.6 mrr:17.56 hits10:44.35 hits3:27.70 hits1:3.03
2020-05-23 11:29:38,269 INFO Tail: mr:2562.9 mrr:19.95 hits10:48.92 hits3:31.59 hits1:4.05
2020-05-23 11:29:38,270 INFO All: mr:4347.2 mrr:18.75 hits10:46.63 hits3:29.64 hits1:3.54
2020-05-23 11:29:38,271 INFO Declined in recent 4 epochs
2020-05-23 11:30:04,637 INFO [26.4] Epoch 90: loss = 25.3960
2020-05-23 11:30:30,257 INFO [25.6] Epoch 91: loss = 26.0871
2020-05-23 11:30:55,511 INFO [25.3] Epoch 92: loss = 25.7330
2020-05-23 11:31:20,865 INFO [25.4] Epoch 93: loss = 25.5771
2020-05-23 11:31:46,157 INFO [25.3] Epoch 94: loss = 25.5378
2020-05-23 11:32:11,788 INFO [25.6] Epoch 95: loss = 25.1442
2020-05-23 11:32:37,456 INFO [25.7] Epoch 96: loss = 25.3029
2020-05-23 11:33:02,939 INFO [25.5] Epoch 97: loss = 25.1202
2020-05-23 11:33:28,211 INFO [25.3] Epoch 98: loss = 24.6010
2020-05-23 11:33:53,433 INFO [25.2] Epoch 99: loss = 25.0128
2020-05-23 11:33:53,433 INFO Start Evaling...
2020-05-23 11:34:57,913 INFO Head: mr:5724.1 mrr:17.21 hits10:45.32 hits3:26.60 hits1:2.87
2020-05-23 11:34:57,913 INFO Tail: mr:2554.7 mrr:19.17 hits10:48.06 hits3:29.56 hits1:3.79
2020-05-23 11:34:57,913 INFO All: mr:4139.4 mrr:18.19 hits10:46.69 hits3:28.08 hits1:3.33
2020-05-23 11:34:57,916 INFO Start Evaling...
2020-05-23 11:36:04,197 INFO Head: mr:6163.6 mrr:17.05 hits10:43.62 hits3:26.36 hits1:2.94
2020-05-23 11:36:04,197 INFO Tail: mr:2577.3 mrr:19.95 hits10:47.86 hits3:31.05 hits1:4.47
2020-05-23 11:36:04,198 INFO All: mr:4370.5 mrr:18.50 hits10:45.74 hits3:28.70 hits1:3.70
2020-05-23 11:36:04,199 INFO Declined in recent 5 epochs
2020-05-23 11:36:04,200 INFO Early stopping
2020-05-23 11:36:04,200 INFO Train done
2020-05-23 11:36:04,213 INFO Start Evaling...
2020-05-23 11:37:10,481 INFO Head: mr:6497.9 mrr:17.62 hits10:44.13 hits3:29.23 hits1:2.49
2020-05-23 11:37:10,481 INFO Tail: mr:2705.0 mrr:19.96 hits10:48.31 hits3:32.93 hits1:3.54
2020-05-23 11:37:10,482 INFO All: mr:4601.5 mrr:18.79 hits10:46.22 hits3:31.08 hits1:3.02
