2020-05-16 07:38:38,587 INFO EPOCH: 1000
2020-05-16 07:38:38,587 INFO EVERY: 10
2020-05-16 07:38:38,587 INFO LR: 0.001
2020-05-16 07:38:38,587 INFO DIM: 100
2020-05-16 07:38:38,587 INFO BATCH_SIZE: 256
2020-05-16 07:38:38,587 INFO BATCH_SIZE2: 100
2020-05-16 07:38:38,587 INFO P: 1
2020-05-16 07:38:38,587 INFO CLIPPING_MAX_VALUE: 4.0
2020-05-16 07:38:38,587 INFO OPTIM: Adam
2020-05-16 07:38:38,588 INFO N_SAMPLE: 100
2020-05-16 07:38:38,588 INFO MODE: grap
2020-05-16 07:38:38,588 INFO RATE: 0.02
2020-05-16 07:38:38,588 INFO GAMMA: 12.0
2020-05-16 07:38:38,588 INFO BERN: True
2020-05-16 07:38:38,588 INFO MARGIN: 4.0
2020-05-16 07:38:38,588 INFO REG: 1.0
2020-05-16 07:38:38,588 INFO LABEL_SMOOTH_EPS: 0.1
2020-05-16 07:38:38,588 INFO INPUT_DROP: 0.2
2020-05-16 07:38:38,588 INFO FEAT_DROP: 0.2
2020-05-16 07:38:38,588 INFO HIDD_DROP: 0.3
2020-05-16 07:38:38,589 INFO CHANNELS: 50
2020-05-16 07:38:38,589 INFO KERNEL_SIZE: 3
2020-05-16 07:38:38,589 INFO N_POOL: 100
2020-05-16 07:38:38,589 INFO MODEL_D: TransH
2020-05-16 07:38:38,589 INFO MODEL_G: DistMult
2020-05-16 07:38:38,589 INFO SCRATCH: False
2020-05-16 07:38:38,589 INFO D_FILE: None
2020-05-16 07:38:38,589 INFO G_FILE: None
2020-05-16 07:38:38,589 INFO PATH: data
2020-05-16 07:38:38,589 INFO DATA: WN18RR
2020-05-16 07:38:38,589 INFO EXP_PATH: experiment/WN18RR
2020-05-16 07:38:38,589 INFO MODEL: TransH
2020-05-16 07:38:38,590 INFO V: -2
2020-05-16 07:38:38,590 INFO F: True
2020-05-16 07:38:38,590 INFO EVAL: False
2020-05-16 07:38:38,590 INFO TRAINED: False
2020-05-16 07:38:38,590 INFO PRETRAINED_NAME: None
2020-05-16 07:38:38,590 INFO EXP_NAME: TransH-WN18RR-grap--2
2020-05-16 07:38:38,590 INFO --------------------------------------
2020-05-16 07:38:43,597 INFO Dataload done
2020-05-16 07:38:43,597 INFO --------------------------------------
2020-05-16 07:38:43,598 INFO N_ENTITY: 40943
2020-05-16 07:38:43,598 INFO N_RELATION: 11
2020-05-16 07:38:43,598 INFO --------------------------------------
2020-05-16 07:38:47,058 INFO Start Training...
2020-05-16 07:39:40,079 INFO [53.0] Epoch 0: loss = 343.6604
2020-05-16 07:40:32,922 INFO [52.8] Epoch 1: loss = 312.8647
2020-05-16 07:41:26,786 INFO [53.9] Epoch 2: loss = 284.8314
2020-05-16 07:42:20,313 INFO [53.5] Epoch 3: loss = 253.9281
2020-05-16 07:43:14,116 INFO [53.8] Epoch 4: loss = 223.9949
2020-05-16 07:44:07,664 INFO [53.5] Epoch 5: loss = 196.6193
2020-05-16 07:45:01,449 INFO [53.8] Epoch 6: loss = 173.5374
2020-05-16 07:45:55,299 INFO [53.8] Epoch 7: loss = 155.3959
2020-05-16 07:46:48,289 INFO [53.0] Epoch 8: loss = 141.4208
2020-05-16 07:47:41,465 INFO [53.2] Epoch 9: loss = 130.8056
2020-05-16 07:47:41,465 INFO Start Evaling...
2020-05-16 07:48:45,918 INFO Head: mr:9031.2 mrr:9.24 hits:24.29
2020-05-16 07:48:45,918 INFO Tail: mr:3890.4 mrr:10.19 hits:26.37
2020-05-16 07:48:45,918 INFO All: mr:6460.8 mrr:9.71 hits:25.33
2020-05-16 07:48:45,920 INFO Start Evaling...
2020-05-16 07:49:52,168 INFO Head: mr:9743.8 mrr:8.46 hits:23.04
2020-05-16 07:49:52,168 INFO Tail: mr:3841.8 mrr:10.03 hits:25.56
2020-05-16 07:49:52,168 INFO All: mr:6792.8 mrr:9.24 hits:24.30
2020-05-16 07:49:52,170 INFO Improved and model saved
2020-05-16 07:50:45,359 INFO [53.2] Epoch 10: loss = 122.9447
2020-05-16 07:51:38,569 INFO [53.2] Epoch 11: loss = 116.8234
2020-05-16 07:52:32,043 INFO [53.5] Epoch 12: loss = 112.0465
2020-05-16 07:53:25,870 INFO [53.8] Epoch 13: loss = 108.4391
2020-05-16 07:54:20,001 INFO [54.1] Epoch 14: loss = 105.1533
2020-05-16 07:55:12,996 INFO [53.0] Epoch 15: loss = 102.4462
2020-05-16 07:56:06,812 INFO [53.8] Epoch 16: loss = 100.5138
2020-05-16 07:57:00,756 INFO [53.9] Epoch 17: loss = 98.7637
2020-05-16 07:57:54,397 INFO [53.6] Epoch 18: loss = 97.1523
2020-05-16 07:58:47,657 INFO [53.3] Epoch 19: loss = 96.1559
2020-05-16 07:58:47,657 INFO Start Evaling...
2020-05-16 07:59:52,285 INFO Head: mr:7644.3 mrr:6.29 hits:16.48
2020-05-16 07:59:52,286 INFO Tail: mr:3620.5 mrr:7.46 hits:17.96
2020-05-16 07:59:52,286 INFO All: mr:5632.4 mrr:6.88 hits:17.22
2020-05-16 07:59:52,288 INFO Start Evaling...
2020-05-16 08:00:58,562 INFO Head: mr:8188.1 mrr:5.93 hits:14.81
2020-05-16 08:00:58,562 INFO Tail: mr:3657.5 mrr:7.64 hits:17.80
2020-05-16 08:00:58,562 INFO All: mr:5922.8 mrr:6.79 hits:16.31
2020-05-16 08:00:58,564 INFO Declined in recent 1 epochs
