2020-05-16 19:36:54,331 INFO EPOCH: 1000
2020-05-16 19:36:54,331 INFO EVERY: 10
2020-05-16 19:36:54,331 INFO LR: 0.001
2020-05-16 19:36:54,331 INFO DIM: 100
2020-05-16 19:36:54,331 INFO BATCH_SIZE: 256
2020-05-16 19:36:54,331 INFO BATCH_SIZE2: 100
2020-05-16 19:36:54,332 INFO P: 1
2020-05-16 19:36:54,332 INFO CLIPPING_MAX_VALUE: 4.0
2020-05-16 19:36:54,332 INFO OPTIM: Adam
2020-05-16 19:36:54,332 INFO N_SAMPLE: 100
2020-05-16 19:36:54,332 INFO MODE: grap
2020-05-16 19:36:54,332 INFO RATE: 0.01
2020-05-16 19:36:54,332 INFO GAMMA: 12.0
2020-05-16 19:36:54,332 INFO BERN: True
2020-05-16 19:36:54,332 INFO MARGIN: 4.0
2020-05-16 19:36:54,332 INFO REG: 1.0
2020-05-16 19:36:54,332 INFO LABEL_SMOOTH_EPS: 0.1
2020-05-16 19:36:54,333 INFO INPUT_DROP: 0.2
2020-05-16 19:36:54,333 INFO FEAT_DROP: 0.2
2020-05-16 19:36:54,333 INFO HIDD_DROP: 0.3
2020-05-16 19:36:54,333 INFO CHANNELS: 50
2020-05-16 19:36:54,333 INFO KERNEL_SIZE: 3
2020-05-16 19:36:54,333 INFO N_POOL: 100
2020-05-16 19:36:54,333 INFO MODEL_D: TransH
2020-05-16 19:36:54,333 INFO MODEL_G: DistMult
2020-05-16 19:36:54,333 INFO SCRATCH: False
2020-05-16 19:36:54,333 INFO D_FILE: None
2020-05-16 19:36:54,333 INFO G_FILE: None
2020-05-16 19:36:54,333 INFO PATH: data
2020-05-16 19:36:54,334 INFO DATA: WN18RR
2020-05-16 19:36:54,334 INFO EXP_PATH: experiment/WN18RR
2020-05-16 19:36:54,334 INFO MODEL: TransH
2020-05-16 19:36:54,334 INFO V: -1
2020-05-16 19:36:54,334 INFO F: True
2020-05-16 19:36:54,334 INFO EVAL: False
2020-05-16 19:36:54,334 INFO TRAINED: False
2020-05-16 19:36:54,334 INFO PRETRAINED_NAME: None
2020-05-16 19:36:54,334 INFO EXP_NAME: TransH-WN18RR-grap--1
2020-05-16 19:36:54,334 INFO --------------------------------------
2020-05-16 19:36:59,352 INFO Dataload done
2020-05-16 19:36:59,353 INFO --------------------------------------
2020-05-16 19:36:59,353 INFO N_ENTITY: 40943
2020-05-16 19:36:59,353 INFO N_RELATION: 11
2020-05-16 19:36:59,353 INFO --------------------------------------
2020-05-16 19:37:02,807 INFO Start Training...
2020-05-16 19:37:52,658 INFO [49.9] Epoch 0: loss = 325.3018
2020-05-16 19:38:42,296 INFO [49.6] Epoch 1: loss = 263.1962
2020-05-16 19:39:32,311 INFO [50.0] Epoch 2: loss = 216.7446
2020-05-16 19:40:22,146 INFO [49.8] Epoch 3: loss = 177.1797
2020-05-16 19:41:12,603 INFO [50.5] Epoch 4: loss = 143.0344
2020-05-16 19:42:02,847 INFO [50.2] Epoch 5: loss = 113.1567
2020-05-16 19:42:53,376 INFO [50.5] Epoch 6: loss = 88.1731
2020-05-16 19:43:43,812 INFO [50.4] Epoch 7: loss = 68.1628
2020-05-16 19:44:33,234 INFO [49.4] Epoch 8: loss = 52.6952
2020-05-16 19:45:23,125 INFO [49.9] Epoch 9: loss = 40.9502
2020-05-16 19:45:23,125 INFO Start Evaling...
2020-05-16 19:46:27,786 INFO Head: mr:9277.5 mrr:11.92 hits:30.88
2020-05-16 19:46:27,786 INFO Tail: mr:3880.5 mrr:13.93 hits:34.61
2020-05-16 19:46:27,786 INFO All: mr:6579.0 mrr:12.92 hits:32.75
2020-05-16 19:46:27,788 INFO Start Evaling...
2020-05-16 19:47:34,259 INFO Head: mr:9644.5 mrr:11.65 hits:30.50
2020-05-16 19:47:34,259 INFO Tail: mr:3551.8 mrr:13.88 hits:34.84
2020-05-16 19:47:34,259 INFO All: mr:6598.1 mrr:12.77 hits:32.67
2020-05-16 19:47:34,261 INFO Improved and model saved
2020-05-16 19:48:24,519 INFO [50.2] Epoch 10: loss = 32.2279
2020-05-16 19:49:14,788 INFO [50.3] Epoch 11: loss = 25.8420
2020-05-16 19:50:05,189 INFO [50.4] Epoch 12: loss = 21.2118
2020-05-16 19:50:55,333 INFO [50.1] Epoch 13: loss = 17.7980
2020-05-16 19:51:45,763 INFO [50.4] Epoch 14: loss = 15.3112
2020-05-16 19:52:35,363 INFO [49.6] Epoch 15: loss = 13.4563
2020-05-16 19:53:26,021 INFO [50.7] Epoch 16: loss = 12.0507
2020-05-16 19:54:16,514 INFO [50.5] Epoch 17: loss = 10.9095
2020-05-16 19:55:06,460 INFO [49.9] Epoch 18: loss = 10.0984
2020-05-16 19:55:57,027 INFO [50.6] Epoch 19: loss = 9.3615
2020-05-16 19:55:57,028 INFO Start Evaling...
2020-05-16 19:57:01,827 INFO Head: mr:6776.7 mrr:19.27 hits:44.20
2020-05-16 19:57:01,827 INFO Tail: mr:2954.4 mrr:21.15 hits:48.32
2020-05-16 19:57:01,827 INFO All: mr:4865.6 mrr:20.21 hits:46.26
2020-05-16 19:57:01,829 INFO Start Evaling...
2020-05-16 19:58:08,448 INFO Head: mr:7106.5 mrr:19.01 hits:44.26
2020-05-16 19:58:08,449 INFO Tail: mr:2730.5 mrr:21.95 hits:49.11
2020-05-16 19:58:08,449 INFO All: mr:4918.5 mrr:20.48 hits:46.68
2020-05-16 19:58:08,451 INFO Improved and model saved
2020-05-16 19:58:58,959 INFO [50.5] Epoch 20: loss = 8.8015
2020-05-16 19:59:49,272 INFO [50.3] Epoch 21: loss = 8.3362
2020-05-16 20:00:39,418 INFO [50.1] Epoch 22: loss = 7.9561
2020-05-16 20:01:29,940 INFO [50.5] Epoch 23: loss = 7.6173
2020-05-16 20:02:20,516 INFO [50.6] Epoch 24: loss = 7.2793
2020-05-16 20:03:10,920 INFO [50.4] Epoch 25: loss = 7.0700
2020-05-16 20:04:01,327 INFO [50.4] Epoch 26: loss = 6.8414
2020-05-16 20:04:51,554 INFO [50.2] Epoch 27: loss = 6.6261
2020-05-16 20:05:42,035 INFO [50.5] Epoch 28: loss = 6.4536
2020-05-16 20:06:32,123 INFO [50.1] Epoch 29: loss = 6.2595
2020-05-16 20:06:32,124 INFO Start Evaling...
2020-05-16 20:07:36,794 INFO Head: mr:6328.9 mrr:21.03 hits:46.57
2020-05-16 20:07:36,794 INFO Tail: mr:2764.6 mrr:23.22 hits:50.40
2020-05-16 20:07:36,794 INFO All: mr:4546.7 mrr:22.13 hits:48.48
2020-05-16 20:07:36,797 INFO Start Evaling...
2020-05-16 20:08:43,282 INFO Head: mr:6534.3 mrr:20.67 hits:46.36
2020-05-16 20:08:43,282 INFO Tail: mr:2580.9 mrr:23.81 hits:51.34
2020-05-16 20:08:43,282 INFO All: mr:4557.6 mrr:22.24 hits:48.85
2020-05-16 20:08:43,284 INFO Improved and model saved
2020-05-16 20:09:33,920 INFO [50.6] Epoch 30: loss = 6.1423
2020-05-16 20:10:24,250 INFO [50.3] Epoch 31: loss = 5.9948
2020-05-16 20:11:14,883 INFO [50.6] Epoch 32: loss = 5.8883
2020-05-16 20:12:05,482 INFO [50.6] Epoch 33: loss = 5.7754
2020-05-16 20:12:56,016 INFO [50.5] Epoch 34: loss = 5.6947
2020-05-16 20:13:46,606 INFO [50.6] Epoch 35: loss = 5.5717
2020-05-16 20:14:36,595 INFO [50.0] Epoch 36: loss = 5.5065
2020-05-16 20:15:27,197 INFO [50.6] Epoch 37: loss = 5.4328
2020-05-16 20:16:17,681 INFO [50.5] Epoch 38: loss = 5.3362
2020-05-16 20:17:07,703 INFO [50.0] Epoch 39: loss = 5.2867
2020-05-16 20:17:07,703 INFO Start Evaling...
2020-05-16 20:18:12,370 INFO Head: mr:6242.9 mrr:21.64 hits:47.07
2020-05-16 20:18:12,370 INFO Tail: mr:2738.6 mrr:23.90 hits:51.22
2020-05-16 20:18:12,371 INFO All: mr:4490.8 mrr:22.77 hits:49.14
2020-05-16 20:18:12,373 INFO Start Evaling...
2020-05-16 20:19:18,852 INFO Head: mr:6384.3 mrr:21.58 hits:46.78
2020-05-16 20:19:18,852 INFO Tail: mr:2585.5 mrr:24.55 hits:52.04
2020-05-16 20:19:18,853 INFO All: mr:4484.9 mrr:23.07 hits:49.41
2020-05-16 20:19:18,855 INFO Improved and model saved
2020-05-16 20:20:09,034 INFO [50.2] Epoch 40: loss = 5.2453
2020-05-16 20:20:59,330 INFO [50.3] Epoch 41: loss = 5.1557
2020-05-16 20:21:49,269 INFO [49.9] Epoch 42: loss = 5.0926
2020-05-16 20:22:39,172 INFO [49.9] Epoch 43: loss = 5.0775
2020-05-16 20:23:29,445 INFO [50.3] Epoch 44: loss = 5.0273
2020-05-16 20:24:19,678 INFO [50.2] Epoch 45: loss = 4.9663
2020-05-16 20:25:09,223 INFO [49.5] Epoch 46: loss = 4.8719
2020-05-16 20:25:59,314 INFO [50.1] Epoch 47: loss = 4.8484
2020-05-16 20:26:49,121 INFO [49.8] Epoch 48: loss = 4.8133
2020-05-16 20:27:39,198 INFO [50.1] Epoch 49: loss = 4.7851
2020-05-16 20:27:39,198 INFO Start Evaling...
2020-05-16 20:28:44,373 INFO Head: mr:6245.0 mrr:22.13 hits:47.50
2020-05-16 20:28:44,373 INFO Tail: mr:2726.1 mrr:24.17 hits:51.48
2020-05-16 20:28:44,374 INFO All: mr:4485.5 mrr:23.15 hits:49.49
2020-05-16 20:28:44,376 INFO Start Evaling...
2020-05-16 20:29:50,859 INFO Head: mr:6318.4 mrr:21.84 hits:46.62
2020-05-16 20:29:50,859 INFO Tail: mr:2590.9 mrr:24.86 hits:52.39
2020-05-16 20:29:50,859 INFO All: mr:4454.6 mrr:23.35 hits:49.51
2020-05-16 20:29:50,861 INFO Improved and model saved
2020-05-16 20:30:40,878 INFO [50.0] Epoch 50: loss = 4.7296
2020-05-16 20:31:31,174 INFO [50.3] Epoch 51: loss = 4.7327
2020-05-16 20:32:21,414 INFO [50.2] Epoch 52: loss = 4.6993
2020-05-16 20:33:11,098 INFO [49.7] Epoch 53: loss = 4.6215
2020-05-16 20:34:01,009 INFO [49.9] Epoch 54: loss = 4.6551
2020-05-16 20:34:50,942 INFO [49.9] Epoch 55: loss = 4.6107
2020-05-16 20:35:41,065 INFO [50.1] Epoch 56: loss = 4.5511
2020-05-16 20:36:31,381 INFO [50.3] Epoch 57: loss = 4.5275
2020-05-16 20:37:21,675 INFO [50.3] Epoch 58: loss = 4.4884
2020-05-16 20:38:11,897 INFO [50.2] Epoch 59: loss = 4.5027
2020-05-16 20:38:11,898 INFO Start Evaling...
2020-05-16 20:39:16,561 INFO Head: mr:6250.9 mrr:22.17 hits:47.13
2020-05-16 20:39:16,561 INFO Tail: mr:2774.9 mrr:24.21 hits:51.55
2020-05-16 20:39:16,562 INFO All: mr:4512.9 mrr:23.19 hits:49.34
2020-05-16 20:39:16,564 INFO Start Evaling...
2020-05-16 20:40:23,040 INFO Head: mr:6307.1 mrr:21.99 hits:46.49
2020-05-16 20:40:23,040 INFO Tail: mr:2638.5 mrr:25.12 hits:52.30
2020-05-16 20:40:23,041 INFO All: mr:4472.8 mrr:23.56 hits:49.39
2020-05-16 20:40:23,043 INFO Improved and model saved
2020-05-16 20:41:12,541 INFO [49.5] Epoch 60: loss = 4.4941
2020-05-16 20:42:02,911 INFO [50.4] Epoch 61: loss = 4.4264
2020-05-16 20:42:53,060 INFO [50.1] Epoch 62: loss = 4.3942
2020-05-16 20:43:43,179 INFO [50.1] Epoch 63: loss = 4.4037
2020-05-16 20:44:33,254 INFO [50.1] Epoch 64: loss = 4.3498
2020-05-16 20:45:23,494 INFO [50.2] Epoch 65: loss = 4.3606
2020-05-16 20:46:13,912 INFO [50.4] Epoch 66: loss = 4.3725
2020-05-16 20:47:03,665 INFO [49.8] Epoch 67: loss = 4.2956
2020-05-16 20:47:54,100 INFO [50.4] Epoch 68: loss = 4.2993
2020-05-16 20:48:44,621 INFO [50.5] Epoch 69: loss = 4.2246
2020-05-16 20:48:44,621 INFO Start Evaling...
2020-05-16 20:49:49,436 INFO Head: mr:6228.6 mrr:22.33 hits:47.50
2020-05-16 20:49:49,437 INFO Tail: mr:2806.1 mrr:24.41 hits:51.85
2020-05-16 20:49:49,437 INFO All: mr:4517.4 mrr:23.37 hits:49.67
2020-05-16 20:49:49,439 INFO Start Evaling...
2020-05-16 20:50:56,071 INFO Head: mr:6297.8 mrr:22.05 hits:46.65
2020-05-16 20:50:56,072 INFO Tail: mr:2715.1 mrr:25.13 hits:52.14
2020-05-16 20:50:56,072 INFO All: mr:4506.4 mrr:23.59 hits:49.39
2020-05-16 20:50:56,074 INFO Improved and model saved
2020-05-16 20:51:46,054 INFO [50.0] Epoch 70: loss = 4.2280
2020-05-16 20:52:36,233 INFO [50.2] Epoch 71: loss = 4.2273
2020-05-16 20:53:26,802 INFO [50.6] Epoch 72: loss = 4.1887
2020-05-16 20:54:17,432 INFO [50.6] Epoch 73: loss = 4.1812
2020-05-16 20:55:07,351 INFO [49.9] Epoch 74: loss = 4.1589
2020-05-16 20:55:57,888 INFO [50.5] Epoch 75: loss = 4.1538
2020-05-16 20:56:48,483 INFO [50.6] Epoch 76: loss = 4.1626
2020-05-16 20:57:37,917 INFO [49.4] Epoch 77: loss = 4.1423
2020-05-16 20:58:28,262 INFO [50.3] Epoch 78: loss = 4.1015
2020-05-16 20:59:18,500 INFO [50.2] Epoch 79: loss = 4.0705
2020-05-16 20:59:18,500 INFO Start Evaling...
2020-05-16 21:00:23,174 INFO Head: mr:6279.1 mrr:22.22 hits:46.70
2020-05-16 21:00:23,175 INFO Tail: mr:2866.9 mrr:24.47 hits:51.45
2020-05-16 21:00:23,175 INFO All: mr:4573.0 mrr:23.35 hits:49.08
2020-05-16 21:00:23,177 INFO Start Evaling...
2020-05-16 21:01:29,659 INFO Head: mr:6343.2 mrr:21.95 hits:46.30
2020-05-16 21:01:29,659 INFO Tail: mr:2772.4 mrr:25.23 hits:51.56
2020-05-16 21:01:29,659 INFO All: mr:4557.8 mrr:23.59 hits:48.93
2020-05-16 21:01:29,661 INFO Declined in recent 1 epochs
2020-05-16 21:02:19,764 INFO [50.1] Epoch 80: loss = 4.0945
2020-05-16 21:03:10,257 INFO [50.5] Epoch 81: loss = 4.0818
2020-05-16 21:04:00,256 INFO [50.0] Epoch 82: loss = 4.0675
2020-05-16 21:04:49,678 INFO [49.4] Epoch 83: loss = 4.0530
2020-05-16 21:05:40,219 INFO [50.5] Epoch 84: loss = 4.0306
2020-05-16 21:06:30,838 INFO [50.6] Epoch 85: loss = 4.0227
2020-05-16 21:07:20,762 INFO [49.9] Epoch 86: loss = 4.0121
2020-05-16 21:08:10,910 INFO [50.1] Epoch 87: loss = 3.9853
2020-05-16 21:09:01,516 INFO [50.6] Epoch 88: loss = 3.9792
2020-05-16 21:09:51,588 INFO [50.1] Epoch 89: loss = 3.9675
2020-05-16 21:09:51,589 INFO Start Evaling...
2020-05-16 21:10:56,271 INFO Head: mr:6304.3 mrr:22.27 hits:46.70
2020-05-16 21:10:56,271 INFO Tail: mr:2913.0 mrr:24.47 hits:51.12
2020-05-16 21:10:56,271 INFO All: mr:4608.6 mrr:23.37 hits:48.91
2020-05-16 21:10:56,274 INFO Start Evaling...
2020-05-16 21:12:02,766 INFO Head: mr:6371.8 mrr:21.90 hits:45.72
2020-05-16 21:12:02,766 INFO Tail: mr:2847.0 mrr:25.06 hits:51.63
2020-05-16 21:12:02,766 INFO All: mr:4609.4 mrr:23.48 hits:48.68
2020-05-16 21:12:02,768 INFO Improved and model saved
2020-05-16 21:12:53,229 INFO [50.4] Epoch 90: loss = 3.9265
2020-05-16 21:13:43,711 INFO [50.5] Epoch 91: loss = 3.9173
2020-05-16 21:14:33,214 INFO [49.5] Epoch 92: loss = 3.9057
2020-05-16 21:15:23,465 INFO [50.3] Epoch 93: loss = 3.9166
2020-05-16 21:16:13,820 INFO [50.4] Epoch 94: loss = 3.9206
2020-05-16 21:17:03,116 INFO [49.3] Epoch 95: loss = 3.8742
2020-05-16 21:17:52,992 INFO [49.9] Epoch 96: loss = 3.8714
2020-05-16 21:18:43,494 INFO [50.5] Epoch 97: loss = 3.9041
2020-05-16 21:19:33,300 INFO [49.8] Epoch 98: loss = 3.8943
2020-05-16 21:20:23,685 INFO [50.4] Epoch 99: loss = 3.8300
2020-05-16 21:20:23,686 INFO Start Evaling...
2020-05-16 21:21:28,346 INFO Head: mr:6332.8 mrr:22.41 hits:46.51
2020-05-16 21:21:28,346 INFO Tail: mr:2952.1 mrr:24.31 hits:50.96
2020-05-16 21:21:28,346 INFO All: mr:4642.5 mrr:23.36 hits:48.73
2020-05-16 21:21:28,349 INFO Start Evaling...
2020-05-16 21:22:34,824 INFO Head: mr:6400.7 mrr:21.91 hits:46.04
2020-05-16 21:22:34,824 INFO Tail: mr:2917.4 mrr:25.07 hits:51.44
2020-05-16 21:22:34,824 INFO All: mr:4659.1 mrr:23.49 hits:48.74
2020-05-16 21:22:34,826 INFO Declined in recent 1 epochs
2020-05-16 21:23:24,993 INFO [50.2] Epoch 100: loss = 3.8556
2020-05-16 21:24:14,976 INFO [50.0] Epoch 101: loss = 3.8154
2020-05-16 21:25:04,982 INFO [50.0] Epoch 102: loss = 3.8448
2020-05-16 21:25:54,791 INFO [49.8] Epoch 103: loss = 3.8102
2020-05-16 21:26:44,435 INFO [49.6] Epoch 104: loss = 3.8052
2020-05-16 21:27:34,594 INFO [50.2] Epoch 105: loss = 3.7863
2020-05-16 21:28:24,592 INFO [50.0] Epoch 106: loss = 3.7867
2020-05-16 21:29:14,475 INFO [49.9] Epoch 107: loss = 3.7847
2020-05-16 21:30:04,205 INFO [49.7] Epoch 108: loss = 3.7836
2020-05-16 21:30:53,950 INFO [49.7] Epoch 109: loss = 3.7911
2020-05-16 21:30:53,950 INFO Start Evaling...
2020-05-16 21:31:58,443 INFO Head: mr:6399.2 mrr:22.40 hits:46.41
2020-05-16 21:31:58,443 INFO Tail: mr:3036.0 mrr:24.41 hits:51.02
2020-05-16 21:31:58,443 INFO All: mr:4717.6 mrr:23.41 hits:48.71
2020-05-16 21:31:58,445 INFO Start Evaling...
2020-05-16 21:33:04,756 INFO Head: mr:6478.1 mrr:21.72 hits:45.66
2020-05-16 21:33:04,756 INFO Tail: mr:3004.8 mrr:24.96 hits:51.21
2020-05-16 21:33:04,756 INFO All: mr:4741.5 mrr:23.34 hits:48.44
2020-05-16 21:33:04,758 INFO Improved and model saved
2020-05-16 21:33:55,025 INFO [50.2] Epoch 110: loss = 3.7528
2020-05-16 21:34:45,101 INFO [50.1] Epoch 111: loss = 3.7714
2020-05-16 21:35:35,124 INFO [50.0] Epoch 112: loss = 3.7739
2020-05-16 21:36:25,469 INFO [50.3] Epoch 113: loss = 3.7658
2020-05-16 21:37:14,973 INFO [49.5] Epoch 114: loss = 3.7538
2020-05-16 21:38:05,495 INFO [50.5] Epoch 115: loss = 3.7205
2020-05-16 21:38:55,356 INFO [49.9] Epoch 116: loss = 3.7320
2020-05-16 21:39:45,377 INFO [50.0] Epoch 117: loss = 3.7336
2020-05-16 21:40:35,825 INFO [50.4] Epoch 118: loss = 3.6980
2020-05-16 21:41:26,141 INFO [50.3] Epoch 119: loss = 3.6745
2020-05-16 21:41:26,142 INFO Start Evaling...
2020-05-16 21:42:30,814 INFO Head: mr:6451.1 mrr:22.47 hits:46.57
2020-05-16 21:42:30,814 INFO Tail: mr:3147.2 mrr:24.23 hits:50.69
2020-05-16 21:42:30,815 INFO All: mr:4799.1 mrr:23.35 hits:48.63
2020-05-16 21:42:30,817 INFO Start Evaling...
2020-05-16 21:43:37,307 INFO Head: mr:6496.2 mrr:21.73 hits:45.37
2020-05-16 21:43:37,307 INFO Tail: mr:3105.7 mrr:24.89 hits:50.99
2020-05-16 21:43:37,307 INFO All: mr:4800.9 mrr:23.31 hits:48.18
2020-05-16 21:43:37,309 INFO Declined in recent 1 epochs
2020-05-16 21:44:27,755 INFO [50.4] Epoch 120: loss = 3.7226
2020-05-16 21:45:17,351 INFO [49.6] Epoch 121: loss = 3.6471
2020-05-16 21:46:07,446 INFO [50.1] Epoch 122: loss = 3.7218
2020-05-16 21:46:57,914 INFO [50.5] Epoch 123: loss = 3.6692
2020-05-16 21:47:48,247 INFO [50.3] Epoch 124: loss = 3.6829
2020-05-16 21:48:38,469 INFO [50.2] Epoch 125: loss = 3.6763
2020-05-16 21:49:28,900 INFO [50.4] Epoch 126: loss = 3.6472
2020-05-16 21:50:19,063 INFO [50.2] Epoch 127: loss = 3.6413
2020-05-16 21:51:08,886 INFO [49.8] Epoch 128: loss = 3.6273
2020-05-16 21:51:59,263 INFO [50.4] Epoch 129: loss = 3.6229
2020-05-16 21:51:59,264 INFO Start Evaling...
2020-05-16 21:53:03,935 INFO Head: mr:6489.7 mrr:22.28 hits:46.04
2020-05-16 21:53:03,936 INFO Tail: mr:3217.4 mrr:24.14 hits:50.63
2020-05-16 21:53:03,936 INFO All: mr:4853.6 mrr:23.21 hits:48.34
2020-05-16 21:53:03,938 INFO Start Evaling...
2020-05-16 21:54:10,424 INFO Head: mr:6547.7 mrr:21.62 hits:45.02
2020-05-16 21:54:10,424 INFO Tail: mr:3186.0 mrr:24.88 hits:50.73
2020-05-16 21:54:10,424 INFO All: mr:4866.9 mrr:23.25 hits:47.88
2020-05-16 21:54:10,426 INFO Declined in recent 2 epochs
