2020-05-16 23:16:01,028 INFO EPOCH: 1000
2020-05-16 23:16:01,028 INFO EVERY: 10
2020-05-16 23:16:01,029 INFO LR: 0.001
2020-05-16 23:16:01,029 INFO DIM: 100
2020-05-16 23:16:01,029 INFO BATCH_SIZE: 256
2020-05-16 23:16:01,029 INFO BATCH_SIZE2: 100
2020-05-16 23:16:01,029 INFO P: 1
2020-05-16 23:16:01,029 INFO CLIPPING_MAX_VALUE: 4.0
2020-05-16 23:16:01,029 INFO OPTIM: Adam
2020-05-16 23:16:01,029 INFO N_SAMPLE: 100
2020-05-16 23:16:01,029 INFO MODE: grap
2020-05-16 23:16:01,029 INFO RATE: 0.01
2020-05-16 23:16:01,029 INFO GAMMA: 12.0
2020-05-16 23:16:01,030 INFO BERN: True
2020-05-16 23:16:01,030 INFO MARGIN: 4.0
2020-05-16 23:16:01,030 INFO REG: 1.0
2020-05-16 23:16:01,030 INFO LABEL_SMOOTH_EPS: 0.1
2020-05-16 23:16:01,030 INFO INPUT_DROP: 0.2
2020-05-16 23:16:01,030 INFO FEAT_DROP: 0.2
2020-05-16 23:16:01,030 INFO HIDD_DROP: 0.3
2020-05-16 23:16:01,030 INFO CHANNELS: 50
2020-05-16 23:16:01,030 INFO KERNEL_SIZE: 3
2020-05-16 23:16:01,030 INFO N_POOL: 100
2020-05-16 23:16:01,030 INFO MODEL_D: TransH
2020-05-16 23:16:01,030 INFO MODEL_G: DistMult
2020-05-16 23:16:01,031 INFO SCRATCH: False
2020-05-16 23:16:01,031 INFO D_FILE: None
2020-05-16 23:16:01,031 INFO G_FILE: None
2020-05-16 23:16:01,031 INFO PATH: data
2020-05-16 23:16:01,031 INFO DATA: WN18RR
2020-05-16 23:16:01,031 INFO EXP_PATH: experiment/WN18RR
2020-05-16 23:16:01,031 INFO MODEL: TransH
2020-05-16 23:16:01,031 INFO V: -100.01
2020-05-16 23:16:01,031 INFO F: True
2020-05-16 23:16:01,031 INFO EVAL: False
2020-05-16 23:16:01,031 INFO TRAINED: False
2020-05-16 23:16:01,032 INFO PRETRAINED_NAME: None
2020-05-16 23:16:01,032 INFO EXP_NAME: TransH-WN18RR-grap--100.01
2020-05-16 23:16:01,032 INFO --------------------------------------
2020-05-16 23:16:05,862 INFO Dataload done
2020-05-16 23:16:05,862 INFO --------------------------------------
2020-05-16 23:16:05,862 INFO N_ENTITY: 40943
2020-05-16 23:16:05,862 INFO N_RELATION: 11
2020-05-16 23:16:05,862 INFO --------------------------------------
2020-05-16 23:16:09,313 INFO Start Training...
2020-05-16 23:16:59,732 INFO [50.4] Epoch 0: loss = 325.5326
2020-05-16 23:17:50,245 INFO [50.5] Epoch 1: loss = 266.0212
2020-05-16 23:18:41,198 INFO [51.0] Epoch 2: loss = 222.9569
2020-05-16 23:19:32,066 INFO [50.9] Epoch 3: loss = 184.6490
2020-05-16 23:20:23,111 INFO [51.0] Epoch 4: loss = 150.2279
2020-05-16 23:21:14,190 INFO [51.1] Epoch 5: loss = 119.6420
2020-05-16 23:22:04,789 INFO [50.6] Epoch 6: loss = 93.5525
2020-05-16 23:22:56,115 INFO [51.3] Epoch 7: loss = 72.1886
2020-05-16 23:23:46,365 INFO [50.2] Epoch 8: loss = 55.5348
2020-05-16 23:24:37,381 INFO [51.0] Epoch 9: loss = 43.0406
2020-05-16 23:24:37,381 INFO Start Evaling...
2020-05-16 23:25:41,919 INFO Head: mr:9123.7 mrr:12.02 hits:29.99
2020-05-16 23:25:41,919 INFO Tail: mr:3851.8 mrr:13.41 hits:32.99
2020-05-16 23:25:41,919 INFO All: mr:6487.7 mrr:12.71 hits:31.49
2020-05-16 23:25:41,921 INFO Start Evaling...
2020-05-16 23:26:48,267 INFO Head: mr:9479.9 mrr:11.42 hits:29.07
2020-05-16 23:26:48,267 INFO Tail: mr:3603.8 mrr:13.77 hits:33.38
2020-05-16 23:26:48,267 INFO All: mr:6541.8 mrr:12.60 hits:31.22
2020-05-16 23:26:48,269 INFO Improved and model saved
2020-05-16 23:27:38,927 INFO [50.6] Epoch 10: loss = 33.7848
2020-05-16 23:28:30,448 INFO [51.5] Epoch 11: loss = 27.0807
2020-05-16 23:29:21,259 INFO [50.8] Epoch 12: loss = 22.1855
2020-05-16 23:30:12,157 INFO [50.9] Epoch 13: loss = 18.5864
2020-05-16 23:31:03,036 INFO [50.9] Epoch 14: loss = 16.0043
2020-05-16 23:31:53,373 INFO [50.3] Epoch 15: loss = 13.9998
2020-05-16 23:32:44,272 INFO [50.9] Epoch 16: loss = 12.5230
2020-05-16 23:33:35,601 INFO [51.3] Epoch 17: loss = 11.4166
2020-05-16 23:34:26,530 INFO [50.9] Epoch 18: loss = 10.4179
2020-05-16 23:35:17,899 INFO [51.4] Epoch 19: loss = 9.7345
2020-05-16 23:35:17,899 INFO Start Evaling...
2020-05-16 23:36:22,620 INFO Head: mr:6636.3 mrr:19.01 hits:43.94
2020-05-16 23:36:22,620 INFO Tail: mr:2807.0 mrr:21.44 hits:47.99
2020-05-16 23:36:22,620 INFO All: mr:4721.6 mrr:20.22 hits:45.96
2020-05-16 23:36:22,622 INFO Start Evaling...
2020-05-16 23:37:29,156 INFO Head: mr:7042.9 mrr:19.21 hits:44.16
2020-05-16 23:37:29,156 INFO Tail: mr:2811.5 mrr:21.32 hits:48.18
2020-05-16 23:37:29,156 INFO All: mr:4927.2 mrr:20.27 hits:46.17
2020-05-16 23:37:29,158 INFO Improved and model saved
2020-05-16 23:38:20,245 INFO [51.1] Epoch 20: loss = 9.1488
2020-05-16 23:39:10,992 INFO [50.7] Epoch 21: loss = 8.6824
2020-05-16 23:40:01,282 INFO [50.3] Epoch 22: loss = 8.2424
2020-05-16 23:40:52,378 INFO [51.1] Epoch 23: loss = 7.9244
2020-05-16 23:41:43,483 INFO [51.1] Epoch 24: loss = 7.6113
2020-05-16 23:42:34,671 INFO [51.2] Epoch 25: loss = 7.3746
2020-05-16 23:43:26,068 INFO [51.4] Epoch 26: loss = 7.1187
2020-05-16 23:44:17,308 INFO [51.2] Epoch 27: loss = 6.9676
2020-05-16 23:45:08,377 INFO [51.1] Epoch 28: loss = 6.8123
2020-05-16 23:45:59,113 INFO [50.7] Epoch 29: loss = 6.5890
2020-05-16 23:45:59,114 INFO Start Evaling...
2020-05-16 23:47:03,833 INFO Head: mr:6183.4 mrr:20.57 hits:46.18
2020-05-16 23:47:03,833 INFO Tail: mr:2583.1 mrr:23.12 hits:50.07
2020-05-16 23:47:03,834 INFO All: mr:4383.2 mrr:21.84 hits:48.12
2020-05-16 23:47:03,836 INFO Start Evaling...
2020-05-16 23:48:10,373 INFO Head: mr:6533.5 mrr:20.83 hits:45.95
2020-05-16 23:48:10,374 INFO Tail: mr:2630.3 mrr:23.50 hits:50.93
2020-05-16 23:48:10,374 INFO All: mr:4581.9 mrr:22.17 hits:48.44
2020-05-16 23:48:10,376 INFO Improved and model saved
2020-05-16 23:49:01,600 INFO [51.2] Epoch 30: loss = 6.4860
2020-05-16 23:49:52,477 INFO [50.9] Epoch 31: loss = 6.3745
2020-05-16 23:50:43,091 INFO [50.6] Epoch 32: loss = 6.2392
2020-05-16 23:51:34,204 INFO [51.1] Epoch 33: loss = 6.0961
2020-05-16 23:52:25,497 INFO [51.3] Epoch 34: loss = 6.0675
2020-05-16 23:53:16,872 INFO [51.4] Epoch 35: loss = 5.9907
2020-05-16 23:54:07,602 INFO [50.7] Epoch 36: loss = 5.8267
2020-05-16 23:54:58,638 INFO [51.0] Epoch 37: loss = 5.8090
2020-05-16 23:55:49,990 INFO [51.4] Epoch 38: loss = 5.7034
2020-05-16 23:56:40,348 INFO [50.4] Epoch 39: loss = 5.5991
2020-05-16 23:56:40,348 INFO Start Evaling...
2020-05-16 23:57:44,879 INFO Head: mr:6123.2 mrr:21.04 hits:47.00
2020-05-16 23:57:44,879 INFO Tail: mr:2533.1 mrr:23.34 hits:51.05
2020-05-16 23:57:44,879 INFO All: mr:4328.2 mrr:22.19 hits:49.03
2020-05-16 23:57:44,881 INFO Start Evaling...
2020-05-16 23:58:51,225 INFO Head: mr:6418.3 mrr:21.17 hits:46.23
2020-05-16 23:58:51,225 INFO Tail: mr:2601.0 mrr:24.03 hits:51.91
2020-05-16 23:58:51,225 INFO All: mr:4509.6 mrr:22.60 hits:49.07
2020-05-16 23:58:51,227 INFO Improved and model saved
2020-05-16 23:59:41,898 INFO [50.6] Epoch 40: loss = 5.5483
2020-05-17 00:00:33,129 INFO [51.2] Epoch 41: loss = 5.5277
2020-05-17 00:01:23,679 INFO [50.5] Epoch 42: loss = 5.4315
2020-05-17 00:02:14,348 INFO [50.7] Epoch 43: loss = 5.3678
2020-05-17 00:03:05,270 INFO [50.9] Epoch 44: loss = 5.3437
2020-05-17 00:03:55,951 INFO [50.7] Epoch 45: loss = 5.2788
2020-05-17 00:04:46,641 INFO [50.7] Epoch 46: loss = 5.2341
2020-05-17 00:05:37,529 INFO [50.9] Epoch 47: loss = 5.2062
2020-05-17 00:06:27,898 INFO [50.4] Epoch 48: loss = 5.1710
2020-05-17 00:07:18,827 INFO [50.9] Epoch 49: loss = 5.1114
2020-05-17 00:07:18,827 INFO Start Evaling...
2020-05-17 00:08:23,532 INFO Head: mr:6057.0 mrr:21.51 hits:46.64
2020-05-17 00:08:23,532 INFO Tail: mr:2523.6 mrr:23.77 hits:51.32
2020-05-17 00:08:23,532 INFO All: mr:4290.3 mrr:22.64 hits:48.98
2020-05-17 00:08:23,534 INFO Start Evaling...
2020-05-17 00:09:30,064 INFO Head: mr:6366.7 mrr:21.74 hits:46.87
2020-05-17 00:09:30,064 INFO Tail: mr:2589.0 mrr:24.52 hits:52.14
2020-05-17 00:09:30,064 INFO All: mr:4477.9 mrr:23.13 hits:49.51
2020-05-17 00:09:30,066 INFO Improved and model saved
2020-05-17 00:10:21,088 INFO [51.0] Epoch 50: loss = 5.0797
2020-05-17 00:11:11,730 INFO [50.6] Epoch 51: loss = 5.0492
2020-05-17 00:12:02,447 INFO [50.7] Epoch 52: loss = 4.9976
2020-05-17 00:12:53,496 INFO [51.0] Epoch 53: loss = 4.9844
2020-05-17 00:13:43,662 INFO [50.2] Epoch 54: loss = 4.8951
2020-05-17 00:14:34,301 INFO [50.6] Epoch 55: loss = 4.8929
2020-05-17 00:15:25,688 INFO [51.4] Epoch 56: loss = 4.8811
2020-05-17 00:16:16,211 INFO [50.5] Epoch 57: loss = 4.8267
2020-05-17 00:17:06,997 INFO [50.8] Epoch 58: loss = 4.8348
2020-05-17 00:17:57,724 INFO [50.7] Epoch 59: loss = 4.7768
2020-05-17 00:17:57,725 INFO Start Evaling...
2020-05-17 00:19:02,272 INFO Head: mr:6088.0 mrr:21.89 hits:46.64
2020-05-17 00:19:02,272 INFO Tail: mr:2557.9 mrr:23.63 hits:51.48
2020-05-17 00:19:02,272 INFO All: mr:4322.9 mrr:22.76 hits:49.06
2020-05-17 00:19:02,275 INFO Start Evaling...
2020-05-17 00:20:08,628 INFO Head: mr:6310.3 mrr:21.85 hits:46.71
2020-05-17 00:20:08,628 INFO Tail: mr:2608.9 mrr:24.59 hits:52.14
2020-05-17 00:20:08,628 INFO All: mr:4459.6 mrr:23.22 hits:49.43
2020-05-17 00:20:08,630 INFO Improved and model saved
2020-05-17 00:20:59,320 INFO [50.7] Epoch 60: loss = 4.7463
2020-05-17 00:21:49,650 INFO [50.3] Epoch 61: loss = 4.7069
2020-05-17 00:22:40,526 INFO [50.9] Epoch 62: loss = 4.7191
2020-05-17 00:23:32,048 INFO [51.5] Epoch 63: loss = 4.6661
2020-05-17 00:24:22,766 INFO [50.7] Epoch 64: loss = 4.6244
2020-05-17 00:25:13,742 INFO [51.0] Epoch 65: loss = 4.6237
2020-05-17 00:26:04,894 INFO [51.2] Epoch 66: loss = 4.5863
2020-05-17 00:26:55,530 INFO [50.6] Epoch 67: loss = 4.5500
2020-05-17 00:27:46,632 INFO [51.1] Epoch 68: loss = 4.5708
2020-05-17 00:28:37,945 INFO [51.3] Epoch 69: loss = 4.5091
2020-05-17 00:28:37,945 INFO Start Evaling...
2020-05-17 00:29:42,657 INFO Head: mr:6164.8 mrr:21.93 hits:46.57
2020-05-17 00:29:42,657 INFO Tail: mr:2572.8 mrr:24.07 hits:51.42
2020-05-17 00:29:42,657 INFO All: mr:4368.8 mrr:23.00 hits:48.99
2020-05-17 00:29:42,660 INFO Start Evaling...
2020-05-17 00:30:49,191 INFO Head: mr:6364.4 mrr:22.07 hits:46.43
2020-05-17 00:30:49,191 INFO Tail: mr:2651.2 mrr:24.78 hits:51.88
2020-05-17 00:30:49,191 INFO All: mr:4507.8 mrr:23.42 hits:49.15
2020-05-17 00:30:49,193 INFO Improved and model saved
2020-05-17 00:31:40,234 INFO [51.0] Epoch 70: loss = 4.5279
2020-05-17 00:32:31,350 INFO [51.1] Epoch 71: loss = 4.4966
2020-05-17 00:33:22,709 INFO [51.4] Epoch 72: loss = 4.4732
2020-05-17 00:34:13,641 INFO [50.9] Epoch 73: loss = 4.4699
2020-05-17 00:35:04,575 INFO [50.9] Epoch 74: loss = 4.4760
2020-05-17 00:35:55,738 INFO [51.2] Epoch 75: loss = 4.4397
2020-05-17 00:36:46,453 INFO [50.7] Epoch 76: loss = 4.4513
2020-05-17 00:37:37,462 INFO [51.0] Epoch 77: loss = 4.3674
2020-05-17 00:38:28,552 INFO [51.1] Epoch 78: loss = 4.3865
2020-05-17 00:39:19,444 INFO [50.9] Epoch 79: loss = 4.3710
2020-05-17 00:39:19,444 INFO Start Evaling...
2020-05-17 00:40:24,293 INFO Head: mr:6200.4 mrr:22.07 hits:46.34
2020-05-17 00:40:24,294 INFO Tail: mr:2631.5 mrr:23.89 hits:51.02
2020-05-17 00:40:24,294 INFO All: mr:4415.9 mrr:22.98 hits:48.68
2020-05-17 00:40:24,296 INFO Start Evaling...
2020-05-17 00:41:30,970 INFO Head: mr:6372.8 mrr:21.84 hits:46.11
2020-05-17 00:41:30,970 INFO Tail: mr:2707.4 mrr:24.55 hits:51.82
2020-05-17 00:41:30,971 INFO All: mr:4540.1 mrr:23.20 hits:48.96
2020-05-17 00:41:30,973 INFO Declined in recent 1 epochs
2020-05-17 00:42:22,163 INFO [51.2] Epoch 80: loss = 4.3661
2020-05-17 00:43:13,169 INFO [51.0] Epoch 81: loss = 4.3299
2020-05-17 00:44:03,703 INFO [50.5] Epoch 82: loss = 4.2964
2020-05-17 00:44:55,180 INFO [51.5] Epoch 83: loss = 4.3262
2020-05-17 00:45:46,776 INFO [51.6] Epoch 84: loss = 4.3045
2020-05-17 00:46:37,299 INFO [50.5] Epoch 85: loss = 4.2972
2020-05-17 00:47:28,693 INFO [51.4] Epoch 86: loss = 4.2667
2020-05-17 00:48:19,811 INFO [51.1] Epoch 87: loss = 4.2769
2020-05-17 00:49:10,517 INFO [50.7] Epoch 88: loss = 4.2736
2020-05-17 00:50:02,022 INFO [51.5] Epoch 89: loss = 4.2709
2020-05-17 00:50:02,022 INFO Start Evaling...
2020-05-17 00:51:06,724 INFO Head: mr:6234.5 mrr:22.09 hits:46.04
2020-05-17 00:51:06,725 INFO Tail: mr:2686.2 mrr:23.80 hits:51.02
2020-05-17 00:51:06,725 INFO All: mr:4460.3 mrr:22.95 hits:48.53
2020-05-17 00:51:06,727 INFO Start Evaling...
2020-05-17 00:52:13,247 INFO Head: mr:6386.5 mrr:21.75 hits:46.08
2020-05-17 00:52:13,247 INFO Tail: mr:2754.7 mrr:24.58 hits:51.44
2020-05-17 00:52:13,247 INFO All: mr:4570.6 mrr:23.16 hits:48.76
2020-05-17 00:52:13,250 INFO Declined in recent 2 epochs
