2020-05-17 03:34:56,281 INFO EPOCH: 1000
2020-05-17 03:34:56,281 INFO EVERY: 10
2020-05-17 03:34:56,281 INFO LR: 0.001
2020-05-17 03:34:56,281 INFO DIM: 100
2020-05-17 03:34:56,281 INFO BATCH_SIZE: 256
2020-05-17 03:34:56,281 INFO BATCH_SIZE2: 100
2020-05-17 03:34:56,282 INFO P: 1
2020-05-17 03:34:56,282 INFO CLIPPING_MAX_VALUE: 4.0
2020-05-17 03:34:56,282 INFO OPTIM: Adam
2020-05-17 03:34:56,282 INFO N_SAMPLE: 10
2020-05-17 03:34:56,282 INFO MODE: grap
2020-05-17 03:34:56,282 INFO RATE: 0.02
2020-05-17 03:34:56,282 INFO GAMMA: 12.0
2020-05-17 03:34:56,282 INFO BERN: True
2020-05-17 03:34:56,282 INFO MARGIN: 4.0
2020-05-17 03:34:56,282 INFO REG: 1.0
2020-05-17 03:34:56,282 INFO LABEL_SMOOTH_EPS: 0.1
2020-05-17 03:34:56,283 INFO INPUT_DROP: 0.2
2020-05-17 03:34:56,283 INFO FEAT_DROP: 0.2
2020-05-17 03:34:56,283 INFO HIDD_DROP: 0.3
2020-05-17 03:34:56,283 INFO CHANNELS: 50
2020-05-17 03:34:56,283 INFO KERNEL_SIZE: 3
2020-05-17 03:34:56,283 INFO N_POOL: 100
2020-05-17 03:34:56,283 INFO MODEL_D: TransH
2020-05-17 03:34:56,283 INFO MODEL_G: DistMult
2020-05-17 03:34:56,283 INFO SCRATCH: False
2020-05-17 03:34:56,283 INFO D_FILE: None
2020-05-17 03:34:56,283 INFO G_FILE: None
2020-05-17 03:34:56,283 INFO PATH: data
2020-05-17 03:34:56,284 INFO DATA: WN18RR
2020-05-17 03:34:56,284 INFO EXP_PATH: experiment/WN18RR
2020-05-17 03:34:56,284 INFO MODEL: TransH
2020-05-17 03:34:56,284 INFO V: -10.02
2020-05-17 03:34:56,284 INFO F: True
2020-05-17 03:34:56,284 INFO EVAL: False
2020-05-17 03:34:56,284 INFO TRAINED: False
2020-05-17 03:34:56,284 INFO PRETRAINED_NAME: None
2020-05-17 03:34:56,284 INFO EXP_NAME: TransH-WN18RR-grap--10.02
2020-05-17 03:34:56,284 INFO --------------------------------------
2020-05-17 03:35:01,134 INFO Dataload done
2020-05-17 03:35:01,134 INFO --------------------------------------
2020-05-17 03:35:01,134 INFO N_ENTITY: 40943
2020-05-17 03:35:01,135 INFO N_RELATION: 11
2020-05-17 03:35:01,135 INFO --------------------------------------
2020-05-17 03:35:04,594 INFO Start Training...
2020-05-17 03:35:29,077 INFO [24.5] Epoch 0: loss = 326.7615
2020-05-17 03:35:52,799 INFO [23.7] Epoch 1: loss = 282.1705
2020-05-17 03:36:17,381 INFO [24.6] Epoch 2: loss = 244.2388
2020-05-17 03:36:41,848 INFO [24.5] Epoch 3: loss = 207.8925
2020-05-17 03:37:06,179 INFO [24.3] Epoch 4: loss = 175.0871
2020-05-17 03:37:30,360 INFO [24.2] Epoch 5: loss = 145.9480
2020-05-17 03:37:54,584 INFO [24.2] Epoch 6: loss = 120.8919
2020-05-17 03:38:19,081 INFO [24.5] Epoch 7: loss = 99.3858
2020-05-17 03:38:43,289 INFO [24.2] Epoch 8: loss = 81.0125
2020-05-17 03:39:07,904 INFO [24.6] Epoch 9: loss = 65.9435
2020-05-17 03:39:07,905 INFO Start Evaling...
2020-05-17 03:40:12,572 INFO Head: mr:9469.2 mrr:11.61 hits:29.50
2020-05-17 03:40:12,572 INFO Tail: mr:4201.7 mrr:13.18 hits:32.70
2020-05-17 03:40:12,573 INFO All: mr:6835.5 mrr:12.39 hits:31.10
2020-05-17 03:40:12,575 INFO Start Evaling...
2020-05-17 03:41:18,861 INFO Head: mr:10144.2 mrr:11.06 hits:28.72
2020-05-17 03:41:18,861 INFO Tail: mr:4061.9 mrr:13.01 hits:31.88
2020-05-17 03:41:18,861 INFO All: mr:7103.0 mrr:12.03 hits:30.30
2020-05-17 03:41:18,863 INFO Improved and model saved
2020-05-17 03:41:43,050 INFO [24.2] Epoch 10: loss = 53.4503
2020-05-17 03:42:07,852 INFO [24.8] Epoch 11: loss = 43.7854
2020-05-17 03:42:32,044 INFO [24.2] Epoch 12: loss = 36.4637
2020-05-17 03:42:56,271 INFO [24.2] Epoch 13: loss = 30.6733
2020-05-17 03:43:20,895 INFO [24.6] Epoch 14: loss = 26.3125
2020-05-17 03:43:45,043 INFO [24.1] Epoch 15: loss = 22.9892
2020-05-17 03:44:09,628 INFO [24.6] Epoch 16: loss = 20.4456
2020-05-17 03:44:34,273 INFO [24.6] Epoch 17: loss = 18.4718
2020-05-17 03:44:58,962 INFO [24.7] Epoch 18: loss = 16.9250
2020-05-17 03:45:23,546 INFO [24.6] Epoch 19: loss = 15.6641
2020-05-17 03:45:23,546 INFO Start Evaling...
2020-05-17 03:46:28,043 INFO Head: mr:7089.5 mrr:16.58 hits:41.00
2020-05-17 03:46:28,043 INFO Tail: mr:3313.9 mrr:18.65 hits:44.96
2020-05-17 03:46:28,043 INFO All: mr:5201.7 mrr:17.62 hits:42.98
2020-05-17 03:46:28,045 INFO Start Evaling...
2020-05-17 03:47:34,361 INFO Head: mr:7772.6 mrr:16.59 hits:41.13
2020-05-17 03:47:34,361 INFO Tail: mr:3284.4 mrr:18.87 hits:44.89
2020-05-17 03:47:34,361 INFO All: mr:5528.5 mrr:17.73 hits:43.01
2020-05-17 03:47:34,363 INFO Improved and model saved
2020-05-17 03:47:58,608 INFO [24.2] Epoch 20: loss = 14.6223
2020-05-17 03:48:22,797 INFO [24.2] Epoch 21: loss = 13.7909
2020-05-17 03:48:46,521 INFO [23.7] Epoch 22: loss = 13.3142
2020-05-17 03:49:10,789 INFO [24.3] Epoch 23: loss = 12.6017
2020-05-17 03:49:35,475 INFO [24.7] Epoch 24: loss = 12.0956
2020-05-17 03:50:00,033 INFO [24.6] Epoch 25: loss = 11.8236
2020-05-17 03:50:24,591 INFO [24.6] Epoch 26: loss = 11.3261
2020-05-17 03:50:48,722 INFO [24.1] Epoch 27: loss = 10.9992
2020-05-17 03:51:13,360 INFO [24.6] Epoch 28: loss = 10.8366
2020-05-17 03:51:37,707 INFO [24.3] Epoch 29: loss = 10.6144
2020-05-17 03:51:37,707 INFO Start Evaling...
2020-05-17 03:52:42,368 INFO Head: mr:6511.7 mrr:19.04 hits:44.03
2020-05-17 03:52:42,368 INFO Tail: mr:3066.6 mrr:20.87 hits:48.22
2020-05-17 03:52:42,368 INFO All: mr:4789.1 mrr:19.96 hits:46.13
2020-05-17 03:52:42,371 INFO Start Evaling...
2020-05-17 03:53:48,857 INFO Head: mr:7032.1 mrr:19.15 hits:44.10
2020-05-17 03:53:48,858 INFO Tail: mr:3112.3 mrr:21.48 hits:48.40
2020-05-17 03:53:48,858 INFO All: mr:5072.2 mrr:20.32 hits:46.25
2020-05-17 03:53:48,860 INFO Improved and model saved
2020-05-17 03:54:13,544 INFO [24.7] Epoch 30: loss = 10.2669
2020-05-17 03:54:38,341 INFO [24.8] Epoch 31: loss = 10.2102
2020-05-17 03:55:03,161 INFO [24.8] Epoch 32: loss = 9.8993
2020-05-17 03:55:27,434 INFO [24.3] Epoch 33: loss = 9.8251
2020-05-17 03:55:52,104 INFO [24.7] Epoch 34: loss = 9.8096
2020-05-17 03:56:16,756 INFO [24.7] Epoch 35: loss = 9.5971
2020-05-17 03:56:40,981 INFO [24.2] Epoch 36: loss = 9.3421
2020-05-17 03:57:05,701 INFO [24.7] Epoch 37: loss = 9.3367
2020-05-17 03:57:30,039 INFO [24.3] Epoch 38: loss = 9.2257
2020-05-17 03:57:54,378 INFO [24.3] Epoch 39: loss = 8.9945
2020-05-17 03:57:54,378 INFO Start Evaling...
2020-05-17 03:58:59,047 INFO Head: mr:6306.3 mrr:19.87 hits:44.63
2020-05-17 03:58:59,047 INFO Tail: mr:2974.4 mrr:21.81 hits:49.87
2020-05-17 03:58:59,047 INFO All: mr:4640.4 mrr:20.84 hits:47.25
2020-05-17 03:58:59,050 INFO Start Evaling...
2020-05-17 04:00:05,544 INFO Head: mr:6785.5 mrr:20.07 hits:45.34
2020-05-17 04:00:05,544 INFO Tail: mr:3030.2 mrr:22.45 hits:49.71
2020-05-17 04:00:05,544 INFO All: mr:4907.9 mrr:21.26 hits:47.53
2020-05-17 04:00:05,546 INFO Improved and model saved
2020-05-17 04:00:30,182 INFO [24.6] Epoch 40: loss = 8.9448
2020-05-17 04:00:54,264 INFO [24.1] Epoch 41: loss = 8.8087
2020-05-17 04:01:18,781 INFO [24.5] Epoch 42: loss = 8.7015
2020-05-17 04:01:42,848 INFO [24.1] Epoch 43: loss = 8.6478
2020-05-17 04:02:06,985 INFO [24.1] Epoch 44: loss = 8.8776
2020-05-17 04:02:31,541 INFO [24.6] Epoch 45: loss = 8.4033
2020-05-17 04:02:55,810 INFO [24.3] Epoch 46: loss = 8.3958
2020-05-17 04:03:20,389 INFO [24.6] Epoch 47: loss = 8.4491
2020-05-17 04:03:44,992 INFO [24.6] Epoch 48: loss = 8.2285
2020-05-17 04:04:09,125 INFO [24.1] Epoch 49: loss = 8.2727
2020-05-17 04:04:09,126 INFO Start Evaling...
2020-05-17 04:05:13,651 INFO Head: mr:6206.6 mrr:20.21 hits:45.75
2020-05-17 04:05:13,651 INFO Tail: mr:2933.9 mrr:22.44 hits:50.33
2020-05-17 04:05:13,651 INFO All: mr:4570.2 mrr:21.32 hits:48.04
2020-05-17 04:05:13,653 INFO Start Evaling...
2020-05-17 04:06:19,993 INFO Head: mr:6699.9 mrr:20.58 hits:46.17
2020-05-17 04:06:19,993 INFO Tail: mr:2985.6 mrr:23.21 hits:50.38
2020-05-17 04:06:19,994 INFO All: mr:4842.7 mrr:21.90 hits:48.28
2020-05-17 04:06:19,995 INFO Improved and model saved
2020-05-17 04:06:44,092 INFO [24.1] Epoch 50: loss = 8.1078
2020-05-17 04:07:08,752 INFO [24.7] Epoch 51: loss = 8.1671
2020-05-17 04:07:32,599 INFO [23.8] Epoch 52: loss = 8.0790
2020-05-17 04:07:57,131 INFO [24.5] Epoch 53: loss = 8.0354
2020-05-17 04:08:21,728 INFO [24.6] Epoch 54: loss = 7.9693
2020-05-17 04:08:45,906 INFO [24.2] Epoch 55: loss = 8.0240
2020-05-17 04:09:10,559 INFO [24.7] Epoch 56: loss = 7.9520
2020-05-17 04:09:35,184 INFO [24.6] Epoch 57: loss = 7.8209
2020-05-17 04:09:59,430 INFO [24.2] Epoch 58: loss = 7.9033
2020-05-17 04:10:23,978 INFO [24.5] Epoch 59: loss = 7.8988
2020-05-17 04:10:23,979 INFO Start Evaling...
2020-05-17 04:11:28,475 INFO Head: mr:6254.5 mrr:20.64 hits:46.28
2020-05-17 04:11:28,475 INFO Tail: mr:2931.9 mrr:22.85 hits:50.20
2020-05-17 04:11:28,475 INFO All: mr:4593.2 mrr:21.75 hits:48.24
2020-05-17 04:11:28,477 INFO Start Evaling...
2020-05-17 04:12:34,794 INFO Head: mr:6650.2 mrr:20.92 hits:46.08
2020-05-17 04:12:34,795 INFO Tail: mr:2965.7 mrr:23.76 hits:50.73
2020-05-17 04:12:34,795 INFO All: mr:4808.0 mrr:22.34 hits:48.40
2020-05-17 04:12:34,797 INFO Improved and model saved
2020-05-17 04:12:59,057 INFO [24.2] Epoch 60: loss = 7.6744
2020-05-17 04:13:23,256 INFO [24.2] Epoch 61: loss = 7.5958
2020-05-17 04:13:47,946 INFO [24.7] Epoch 62: loss = 7.7629
2020-05-17 04:14:12,643 INFO [24.7] Epoch 63: loss = 7.6020
2020-05-17 04:14:36,919 INFO [24.3] Epoch 64: loss = 7.5223
2020-05-17 04:15:01,626 INFO [24.7] Epoch 65: loss = 7.5337
2020-05-17 04:15:26,307 INFO [24.7] Epoch 66: loss = 7.3605
2020-05-17 04:15:50,235 INFO [23.9] Epoch 67: loss = 7.3987
2020-05-17 04:16:14,790 INFO [24.6] Epoch 68: loss = 7.5107
2020-05-17 04:16:39,555 INFO [24.8] Epoch 69: loss = 7.4033
2020-05-17 04:16:39,556 INFO Start Evaling...
2020-05-17 04:17:44,219 INFO Head: mr:6221.9 mrr:20.87 hits:46.70
2020-05-17 04:17:44,219 INFO Tail: mr:2955.8 mrr:22.94 hits:50.07
2020-05-17 04:17:44,219 INFO All: mr:4588.9 mrr:21.90 hits:48.38
2020-05-17 04:17:44,221 INFO Start Evaling...
2020-05-17 04:18:50,710 INFO Head: mr:6614.5 mrr:20.80 hits:46.49
2020-05-17 04:18:50,710 INFO Tail: mr:2955.2 mrr:23.47 hits:50.83
2020-05-17 04:18:50,710 INFO All: mr:4784.9 mrr:22.14 hits:48.66
2020-05-17 04:18:50,713 INFO Improved and model saved
2020-05-17 04:19:14,666 INFO [23.9] Epoch 70: loss = 7.1807
2020-05-17 04:19:39,260 INFO [24.6] Epoch 71: loss = 7.2809
2020-05-17 04:20:03,997 INFO [24.7] Epoch 72: loss = 7.3285
2020-05-17 04:20:27,902 INFO [23.9] Epoch 73: loss = 7.4708
2020-05-17 04:20:52,519 INFO [24.6] Epoch 74: loss = 7.2629
2020-05-17 04:21:17,342 INFO [24.8] Epoch 75: loss = 7.2068
2020-05-17 04:21:41,724 INFO [24.4] Epoch 76: loss = 7.3071
2020-05-17 04:22:06,398 INFO [24.7] Epoch 77: loss = 7.2310
2020-05-17 04:22:30,783 INFO [24.4] Epoch 78: loss = 7.1970
2020-05-17 04:22:54,751 INFO [24.0] Epoch 79: loss = 7.1577
2020-05-17 04:22:54,752 INFO Start Evaling...
2020-05-17 04:23:59,254 INFO Head: mr:6216.6 mrr:20.64 hits:46.47
2020-05-17 04:23:59,254 INFO Tail: mr:2984.4 mrr:23.02 hits:50.36
2020-05-17 04:23:59,255 INFO All: mr:4600.5 mrr:21.83 hits:48.42
2020-05-17 04:23:59,257 INFO Start Evaling...
2020-05-17 04:25:05,583 INFO Head: mr:6540.8 mrr:20.95 hits:46.87
2020-05-17 04:25:05,583 INFO Tail: mr:2996.6 mrr:23.92 hits:51.02
2020-05-17 04:25:05,583 INFO All: mr:4768.7 mrr:22.44 hits:48.95
2020-05-17 04:25:05,585 INFO Declined in recent 1 epochs
2020-05-17 04:25:29,872 INFO [24.3] Epoch 80: loss = 7.0270
2020-05-17 04:25:54,499 INFO [24.6] Epoch 81: loss = 6.9662
2020-05-17 04:26:18,850 INFO [24.4] Epoch 82: loss = 6.9595
2020-05-17 04:26:43,557 INFO [24.7] Epoch 83: loss = 6.9520
2020-05-17 04:27:07,908 INFO [24.4] Epoch 84: loss = 6.9843
2020-05-17 04:27:32,188 INFO [24.3] Epoch 85: loss = 6.9632
2020-05-17 04:27:56,969 INFO [24.8] Epoch 86: loss = 6.7696
2020-05-17 04:28:21,278 INFO [24.3] Epoch 87: loss = 7.0375
2020-05-17 04:28:45,521 INFO [24.2] Epoch 88: loss = 6.8872
2020-05-17 04:29:09,800 INFO [24.3] Epoch 89: loss = 6.8958
2020-05-17 04:29:09,801 INFO Start Evaling...
2020-05-17 04:30:14,467 INFO Head: mr:6170.5 mrr:21.17 hits:46.74
2020-05-17 04:30:14,467 INFO Tail: mr:2983.7 mrr:23.17 hits:50.13
2020-05-17 04:30:14,467 INFO All: mr:4577.1 mrr:22.17 hits:48.43
2020-05-17 04:30:14,469 INFO Start Evaling...
2020-05-17 04:31:20,964 INFO Head: mr:6564.8 mrr:21.04 hits:46.75
2020-05-17 04:31:20,964 INFO Tail: mr:3015.5 mrr:24.03 hits:51.37
2020-05-17 04:31:20,964 INFO All: mr:4790.1 mrr:22.53 hits:49.06
2020-05-17 04:31:20,966 INFO Improved and model saved
2020-05-17 04:31:45,509 INFO [24.5] Epoch 90: loss = 6.8911
2020-05-17 04:32:09,809 INFO [24.3] Epoch 91: loss = 7.0189
2020-05-17 04:32:34,365 INFO [24.6] Epoch 92: loss = 6.7947
2020-05-17 04:32:58,871 INFO [24.5] Epoch 93: loss = 6.8297
2020-05-17 04:33:23,083 INFO [24.2] Epoch 94: loss = 6.6228
2020-05-17 04:33:47,224 INFO [24.1] Epoch 95: loss = 6.6802
2020-05-17 04:34:11,865 INFO [24.6] Epoch 96: loss = 6.7385
2020-05-17 04:34:35,935 INFO [24.1] Epoch 97: loss = 6.6900
2020-05-17 04:35:00,501 INFO [24.6] Epoch 98: loss = 6.7295
2020-05-17 04:35:24,727 INFO [24.2] Epoch 99: loss = 6.6494
2020-05-17 04:35:24,727 INFO Start Evaling...
2020-05-17 04:36:29,219 INFO Head: mr:6175.1 mrr:21.19 hits:46.84
2020-05-17 04:36:29,219 INFO Tail: mr:3020.6 mrr:23.26 hits:50.56
2020-05-17 04:36:29,219 INFO All: mr:4597.8 mrr:22.22 hits:48.70
2020-05-17 04:36:29,221 INFO Start Evaling...
2020-05-17 04:37:35,535 INFO Head: mr:6584.9 mrr:21.14 hits:47.10
2020-05-17 04:37:35,535 INFO Tail: mr:3027.0 mrr:24.48 hits:51.15
2020-05-17 04:37:35,535 INFO All: mr:4805.9 mrr:22.81 hits:49.12
2020-05-17 04:37:35,537 INFO Improved and model saved
2020-05-17 04:37:59,396 INFO [23.8] Epoch 100: loss = 6.6164
2020-05-17 04:38:24,009 INFO [24.6] Epoch 101: loss = 6.7071
2020-05-17 04:38:48,234 INFO [24.2] Epoch 102: loss = 6.6642
2020-05-17 04:39:12,072 INFO [23.8] Epoch 103: loss = 6.5591
2020-05-17 04:39:36,585 INFO [24.5] Epoch 104: loss = 6.5044
2020-05-17 04:40:01,134 INFO [24.5] Epoch 105: loss = 6.5837
2020-05-17 04:40:24,971 INFO [23.8] Epoch 106: loss = 6.4806
2020-05-17 04:40:49,671 INFO [24.7] Epoch 107: loss = 6.5253
2020-05-17 04:41:13,877 INFO [24.2] Epoch 108: loss = 6.4507
2020-05-17 04:41:38,072 INFO [24.2] Epoch 109: loss = 6.4833
2020-05-17 04:41:38,072 INFO Start Evaling...
2020-05-17 04:42:42,556 INFO Head: mr:6174.0 mrr:20.95 hits:46.54
2020-05-17 04:42:42,556 INFO Tail: mr:3032.5 mrr:23.09 hits:50.59
2020-05-17 04:42:42,556 INFO All: mr:4603.2 mrr:22.02 hits:48.57
2020-05-17 04:42:42,558 INFO Start Evaling...
2020-05-17 04:43:48,860 INFO Head: mr:6498.2 mrr:21.04 hits:47.13
2020-05-17 04:43:48,861 INFO Tail: mr:3083.8 mrr:23.93 hits:51.15
2020-05-17 04:43:48,861 INFO All: mr:4791.0 mrr:22.48 hits:49.14
2020-05-17 04:43:48,863 INFO Declined in recent 1 epochs
2020-05-17 04:44:13,053 INFO [24.2] Epoch 110: loss = 6.4771
2020-05-17 04:44:37,525 INFO [24.5] Epoch 111: loss = 6.4877
2020-05-17 04:45:01,583 INFO [24.1] Epoch 112: loss = 6.4274
2020-05-17 04:45:25,718 INFO [24.1] Epoch 113: loss = 6.4318
2020-05-17 04:45:50,334 INFO [24.6] Epoch 114: loss = 6.3514
2020-05-17 04:46:14,566 INFO [24.2] Epoch 115: loss = 6.4924
2020-05-17 04:46:38,738 INFO [24.2] Epoch 116: loss = 6.4446
2020-05-17 04:47:03,273 INFO [24.5] Epoch 117: loss = 6.5688
2020-05-17 04:47:27,368 INFO [24.1] Epoch 118: loss = 6.3435
2020-05-17 04:47:51,553 INFO [24.2] Epoch 119: loss = 6.3556
2020-05-17 04:47:51,554 INFO Start Evaling...
2020-05-17 04:48:56,209 INFO Head: mr:6142.9 mrr:20.53 hits:46.61
2020-05-17 04:48:56,210 INFO Tail: mr:3063.5 mrr:23.03 hits:49.87
2020-05-17 04:48:56,210 INFO All: mr:4603.2 mrr:21.78 hits:48.24
2020-05-17 04:48:56,212 INFO Start Evaling...
2020-05-17 04:50:02,699 INFO Head: mr:6505.0 mrr:20.75 hits:46.65
2020-05-17 04:50:02,700 INFO Tail: mr:3100.3 mrr:24.09 hits:50.99
2020-05-17 04:50:02,700 INFO All: mr:4802.7 mrr:22.42 hits:48.82
2020-05-17 04:50:02,702 INFO Declined in recent 2 epochs
2020-05-17 04:50:27,381 INFO [24.7] Epoch 120: loss = 6.2716
2020-05-17 04:50:51,095 INFO [23.7] Epoch 121: loss = 6.3219
2020-05-17 04:51:15,296 INFO [24.2] Epoch 122: loss = 6.2757
2020-05-17 04:51:39,902 INFO [24.6] Epoch 123: loss = 6.2037
2020-05-17 04:52:04,156 INFO [24.3] Epoch 124: loss = 6.2097
2020-05-17 04:52:28,264 INFO [24.1] Epoch 125: loss = 6.2705
2020-05-17 04:52:52,971 INFO [24.7] Epoch 126: loss = 6.2562
2020-05-17 04:53:16,673 INFO [23.7] Epoch 127: loss = 6.3406
2020-05-17 04:53:41,323 INFO [24.6] Epoch 128: loss = 6.3043
2020-05-17 04:54:05,576 INFO [24.3] Epoch 129: loss = 6.3143
2020-05-17 04:54:05,576 INFO Start Evaling...
2020-05-17 04:55:10,237 INFO Head: mr:6174.1 mrr:20.66 hits:46.37
2020-05-17 04:55:10,237 INFO Tail: mr:3096.3 mrr:22.83 hits:50.13
2020-05-17 04:55:10,237 INFO All: mr:4635.2 mrr:21.75 hits:48.25
2020-05-17 04:55:10,239 INFO Start Evaling...
2020-05-17 04:56:16,726 INFO Head: mr:6515.0 mrr:20.73 hits:46.97
2020-05-17 04:56:16,726 INFO Tail: mr:3139.2 mrr:23.96 hits:50.86
2020-05-17 04:56:16,726 INFO All: mr:4827.1 mrr:22.35 hits:48.92
2020-05-17 04:56:16,728 INFO Declined in recent 3 epochs
2020-05-17 04:56:40,937 INFO [24.2] Epoch 130: loss = 6.1667
2020-05-17 04:57:05,501 INFO [24.6] Epoch 131: loss = 6.2381
2020-05-17 04:57:30,126 INFO [24.6] Epoch 132: loss = 6.2564
2020-05-17 04:57:54,265 INFO [24.1] Epoch 133: loss = 6.0392
2020-05-17 04:58:18,897 INFO [24.6] Epoch 134: loss = 6.1897
2020-05-17 04:58:43,585 INFO [24.7] Epoch 135: loss = 6.2098
2020-05-17 04:59:07,629 INFO [24.0] Epoch 136: loss = 6.2818
2020-05-17 04:59:31,946 INFO [24.3] Epoch 137: loss = 6.1697
2020-05-17 04:59:56,252 INFO [24.3] Epoch 138: loss = 6.0496
2020-05-17 05:00:20,493 INFO [24.2] Epoch 139: loss = 6.1458
2020-05-17 05:00:20,494 INFO Start Evaling...
2020-05-17 05:01:25,163 INFO Head: mr:6134.4 mrr:20.60 hits:46.37
2020-05-17 05:01:25,163 INFO Tail: mr:3104.6 mrr:22.82 hits:49.90
2020-05-17 05:01:25,163 INFO All: mr:4619.5 mrr:21.71 hits:48.14
2020-05-17 05:01:25,165 INFO Start Evaling...
2020-05-17 05:02:31,657 INFO Head: mr:6526.3 mrr:20.61 hits:46.39
2020-05-17 05:02:31,657 INFO Tail: mr:3217.3 mrr:23.97 hits:50.93
2020-05-17 05:02:31,658 INFO All: mr:4871.8 mrr:22.29 hits:48.66
2020-05-17 05:02:31,660 INFO Declined in recent 4 epochs
2020-05-17 05:02:56,274 INFO [24.6] Epoch 140: loss = 5.9885
2020-05-17 05:03:20,516 INFO [24.2] Epoch 141: loss = 6.0490
2020-05-17 05:03:44,300 INFO [23.8] Epoch 142: loss = 6.0804
2020-05-17 05:04:08,490 INFO [24.2] Epoch 143: loss = 5.9968
2020-05-17 05:04:33,177 INFO [24.7] Epoch 144: loss = 6.2700
2020-05-17 05:04:57,464 INFO [24.3] Epoch 145: loss = 6.0742
2020-05-17 05:05:22,020 INFO [24.6] Epoch 146: loss = 6.0675
2020-05-17 05:05:46,545 INFO [24.5] Epoch 147: loss = 6.1528
2020-05-17 05:06:10,770 INFO [24.2] Epoch 148: loss = 6.0531
2020-05-17 05:06:35,414 INFO [24.6] Epoch 149: loss = 6.1420
2020-05-17 05:06:35,414 INFO Start Evaling...
2020-05-17 05:07:40,088 INFO Head: mr:6160.2 mrr:20.49 hits:46.11
2020-05-17 05:07:40,089 INFO Tail: mr:3175.5 mrr:22.55 hits:49.51
2020-05-17 05:07:40,089 INFO All: mr:4667.9 mrr:21.52 hits:47.81
2020-05-17 05:07:40,091 INFO Start Evaling...
2020-05-17 05:08:46,589 INFO Head: mr:6524.5 mrr:20.38 hits:46.01
2020-05-17 05:08:46,589 INFO Tail: mr:3280.3 mrr:23.75 hits:50.77
2020-05-17 05:08:46,589 INFO All: mr:4902.4 mrr:22.06 hits:48.39
2020-05-17 05:08:46,591 INFO Declined in recent 5 epochs
2020-05-17 05:08:46,592 INFO Early stopping
2020-05-17 05:08:46,592 INFO Train done
2020-05-17 05:08:46,605 INFO Start Evaling...
2020-05-17 05:09:53,085 INFO Head: mr:6584.9 mrr:21.14 hits:47.10
2020-05-17 05:09:53,085 INFO Tail: mr:3027.0 mrr:24.48 hits:51.15
2020-05-17 05:09:53,085 INFO All: mr:4805.9 mrr:22.81 hits:49.12
