2020-05-17 07:00:21,004 INFO EPOCH: 1000
2020-05-17 07:00:21,005 INFO EVERY: 10
2020-05-17 07:00:21,005 INFO LR: 0.001
2020-05-17 07:00:21,005 INFO DIM: 100
2020-05-17 07:00:21,005 INFO BATCH_SIZE: 256
2020-05-17 07:00:21,005 INFO BATCH_SIZE2: 100
2020-05-17 07:00:21,005 INFO P: 1
2020-05-17 07:00:21,005 INFO CLIPPING_MAX_VALUE: 4.0
2020-05-17 07:00:21,005 INFO OPTIM: Adam
2020-05-17 07:00:21,005 INFO N_SAMPLE: 10
2020-05-17 07:00:21,005 INFO MODE: rand
2020-05-17 07:00:21,005 INFO RATE: 0.005
2020-05-17 07:00:21,006 INFO GAMMA: 12.0
2020-05-17 07:00:21,006 INFO BERN: True
2020-05-17 07:00:21,006 INFO MARGIN: 4.0
2020-05-17 07:00:21,006 INFO REG: 1.0
2020-05-17 07:00:21,006 INFO LABEL_SMOOTH_EPS: 0.1
2020-05-17 07:00:21,006 INFO INPUT_DROP: 0.2
2020-05-17 07:00:21,006 INFO FEAT_DROP: 0.2
2020-05-17 07:00:21,006 INFO HIDD_DROP: 0.3
2020-05-17 07:00:21,006 INFO CHANNELS: 50
2020-05-17 07:00:21,006 INFO KERNEL_SIZE: 3
2020-05-17 07:00:21,006 INFO N_POOL: 100
2020-05-17 07:00:21,006 INFO MODEL_D: TransH
2020-05-17 07:00:21,007 INFO MODEL_G: DistMult
2020-05-17 07:00:21,007 INFO SCRATCH: False
2020-05-17 07:00:21,007 INFO D_FILE: None
2020-05-17 07:00:21,007 INFO G_FILE: None
2020-05-17 07:00:21,007 INFO PATH: data
2020-05-17 07:00:21,007 INFO DATA: WN18RR
2020-05-17 07:00:21,007 INFO EXP_PATH: experiment/WN18RR
2020-05-17 07:00:21,007 INFO MODEL: TransH
2020-05-17 07:00:21,007 INFO V: -1.0
2020-05-17 07:00:21,007 INFO F: True
2020-05-17 07:00:21,007 INFO EVAL: False
2020-05-17 07:00:21,008 INFO TRAINED: False
2020-05-17 07:00:21,008 INFO PRETRAINED_NAME: None
2020-05-17 07:00:21,008 INFO EXP_NAME: TransH-WN18RR-rand--1.0
2020-05-17 07:00:21,008 INFO --------------------------------------
2020-05-17 07:00:23,498 INFO Dataload done
2020-05-17 07:00:23,498 INFO --------------------------------------
2020-05-17 07:00:23,498 INFO N_ENTITY: 40943
2020-05-17 07:00:23,499 INFO N_RELATION: 11
2020-05-17 07:00:23,499 INFO --------------------------------------
2020-05-17 07:00:26,939 INFO Start Training...
2020-05-17 07:00:38,962 INFO [12.0] Epoch 0: loss = 325.0900
2020-05-17 07:00:51,261 INFO [12.3] Epoch 1: loss = 277.9530
2020-05-17 07:01:03,497 INFO [12.2] Epoch 2: loss = 239.3231
2020-05-17 07:01:15,408 INFO [11.9] Epoch 3: loss = 203.7768
2020-05-17 07:01:27,645 INFO [12.2] Epoch 4: loss = 171.4414
2020-05-17 07:01:39,801 INFO [12.2] Epoch 5: loss = 142.0900
2020-05-17 07:01:52,038 INFO [12.2] Epoch 6: loss = 115.7024
2020-05-17 07:02:03,923 INFO [11.9] Epoch 7: loss = 92.6523
2020-05-17 07:02:16,012 INFO [12.1] Epoch 8: loss = 73.7482
2020-05-17 07:02:28,339 INFO [12.3] Epoch 9: loss = 58.4392
2020-05-17 07:02:28,339 INFO Start Evaling...
2020-05-17 07:03:32,738 INFO Head: mr:9440.8 mrr:12.25 hits:31.38
2020-05-17 07:03:32,738 INFO Tail: mr:3981.2 mrr:13.42 hits:33.78
2020-05-17 07:03:32,739 INFO All: mr:6711.0 mrr:12.83 hits:32.58
2020-05-17 07:03:32,741 INFO Start Evaling...
2020-05-17 07:04:38,941 INFO Head: mr:9671.5 mrr:12.00 hits:29.96
2020-05-17 07:04:38,942 INFO Tail: mr:3671.6 mrr:13.58 hits:33.79
2020-05-17 07:04:38,942 INFO All: mr:6671.6 mrr:12.79 hits:31.88
2020-05-17 07:04:38,944 INFO Improved and model saved
2020-05-17 07:04:51,064 INFO [12.1] Epoch 10: loss = 46.2496
2020-05-17 07:05:02,979 INFO [11.9] Epoch 11: loss = 36.7261
2020-05-17 07:05:15,202 INFO [12.2] Epoch 12: loss = 29.4020
2020-05-17 07:05:27,429 INFO [12.2] Epoch 13: loss = 23.8783
2020-05-17 07:05:39,678 INFO [12.2] Epoch 14: loss = 19.5603
2020-05-17 07:05:51,916 INFO [12.2] Epoch 15: loss = 16.3072
2020-05-17 07:06:03,800 INFO [11.9] Epoch 16: loss = 13.8051
2020-05-17 07:06:15,914 INFO [12.1] Epoch 17: loss = 11.8293
2020-05-17 07:06:28,057 INFO [12.1] Epoch 18: loss = 10.2359
2020-05-17 07:06:40,291 INFO [12.2] Epoch 19: loss = 9.0087
2020-05-17 07:06:40,291 INFO Start Evaling...
2020-05-17 07:07:44,856 INFO Head: mr:6832.9 mrr:17.57 hits:42.78
2020-05-17 07:07:44,856 INFO Tail: mr:3023.7 mrr:19.93 hits:46.44
2020-05-17 07:07:44,856 INFO All: mr:4928.3 mrr:18.75 hits:44.61
2020-05-17 07:07:44,859 INFO Start Evaling...
2020-05-17 07:08:51,249 INFO Head: mr:7219.3 mrr:17.50 hits:42.18
2020-05-17 07:08:51,250 INFO Tail: mr:3140.6 mrr:20.10 hits:46.78
2020-05-17 07:08:51,250 INFO All: mr:5179.9 mrr:18.80 hits:44.48
2020-05-17 07:08:51,252 INFO Improved and model saved
2020-05-17 07:09:03,153 INFO [11.9] Epoch 20: loss = 8.0234
2020-05-17 07:09:15,297 INFO [12.1] Epoch 21: loss = 7.2516
2020-05-17 07:09:27,415 INFO [12.1] Epoch 22: loss = 6.5839
2020-05-17 07:09:39,694 INFO [12.3] Epoch 23: loss = 6.0157
2020-05-17 07:09:51,484 INFO [11.8] Epoch 24: loss = 5.5785
2020-05-17 07:10:03,726 INFO [12.2] Epoch 25: loss = 5.2071
2020-05-17 07:10:15,935 INFO [12.2] Epoch 26: loss = 4.7994
2020-05-17 07:10:28,111 INFO [12.2] Epoch 27: loss = 4.5254
2020-05-17 07:10:39,902 INFO [11.8] Epoch 28: loss = 4.2972
2020-05-17 07:10:52,020 INFO [12.1] Epoch 29: loss = 4.0819
2020-05-17 07:10:52,021 INFO Start Evaling...
2020-05-17 07:11:56,442 INFO Head: mr:5964.9 mrr:19.57 hits:45.52
2020-05-17 07:11:56,443 INFO Tail: mr:2739.0 mrr:22.08 hits:49.67
2020-05-17 07:11:56,443 INFO All: mr:4352.0 mrr:20.82 hits:47.59
2020-05-17 07:11:56,445 INFO Start Evaling...
2020-05-17 07:13:02,681 INFO Head: mr:6348.1 mrr:19.75 hits:45.63
2020-05-17 07:13:02,682 INFO Tail: mr:2877.1 mrr:22.13 hits:49.90
2020-05-17 07:13:02,682 INFO All: mr:4612.6 mrr:20.94 hits:47.77
2020-05-17 07:13:02,684 INFO Improved and model saved
2020-05-17 07:13:14,818 INFO [12.1] Epoch 30: loss = 3.8725
2020-05-17 07:13:27,101 INFO [12.3] Epoch 31: loss = 3.7094
2020-05-17 07:13:39,353 INFO [12.3] Epoch 32: loss = 3.5655
2020-05-17 07:13:51,594 INFO [12.2] Epoch 33: loss = 3.3962
2020-05-17 07:14:03,862 INFO [12.3] Epoch 34: loss = 3.3123
2020-05-17 07:14:16,026 INFO [12.2] Epoch 35: loss = 3.2277
2020-05-17 07:14:28,300 INFO [12.3] Epoch 36: loss = 3.1270
2020-05-17 07:14:40,610 INFO [12.3] Epoch 37: loss = 3.0204
2020-05-17 07:14:52,734 INFO [12.1] Epoch 38: loss = 2.9119
2020-05-17 07:15:05,026 INFO [12.3] Epoch 39: loss = 2.8423
2020-05-17 07:15:05,026 INFO Start Evaling...
2020-05-17 07:16:09,765 INFO Head: mr:5667.2 mrr:20.64 hits:46.67
2020-05-17 07:16:09,766 INFO Tail: mr:2618.9 mrr:22.48 hits:50.46
2020-05-17 07:16:09,766 INFO All: mr:4143.0 mrr:21.56 hits:48.57
2020-05-17 07:16:09,768 INFO Start Evaling...
2020-05-17 07:17:16,338 INFO Head: mr:5963.7 mrr:20.35 hits:46.14
2020-05-17 07:17:16,338 INFO Tail: mr:2720.5 mrr:22.49 hits:50.70
2020-05-17 07:17:16,338 INFO All: mr:4342.1 mrr:21.42 hits:48.42
2020-05-17 07:17:16,340 INFO Improved and model saved
2020-05-17 07:17:28,567 INFO [12.2] Epoch 40: loss = 2.7890
2020-05-17 07:17:40,794 INFO [12.2] Epoch 41: loss = 2.7013
2020-05-17 07:17:53,011 INFO [12.2] Epoch 42: loss = 2.7081
2020-05-17 07:18:04,813 INFO [11.8] Epoch 43: loss = 2.6447
2020-05-17 07:18:16,897 INFO [12.1] Epoch 44: loss = 2.5778
2020-05-17 07:18:28,928 INFO [12.0] Epoch 45: loss = 2.6080
2020-05-17 07:18:41,111 INFO [12.2] Epoch 46: loss = 2.4923
2020-05-17 07:18:52,926 INFO [11.8] Epoch 47: loss = 2.4632
2020-05-17 07:19:05,087 INFO [12.2] Epoch 48: loss = 2.4472
2020-05-17 07:19:17,256 INFO [12.2] Epoch 49: loss = 2.3978
2020-05-17 07:19:17,257 INFO Start Evaling...
2020-05-17 07:20:21,824 INFO Head: mr:5513.5 mrr:20.98 hits:47.17
2020-05-17 07:20:21,824 INFO Tail: mr:2545.4 mrr:22.56 hits:51.02
2020-05-17 07:20:21,824 INFO All: mr:4029.4 mrr:21.77 hits:49.09
2020-05-17 07:20:21,826 INFO Start Evaling...
2020-05-17 07:21:28,219 INFO Head: mr:5764.0 mrr:20.41 hits:46.78
2020-05-17 07:21:28,219 INFO Tail: mr:2679.1 mrr:22.70 hits:51.50
2020-05-17 07:21:28,219 INFO All: mr:4221.5 mrr:21.55 hits:49.14
2020-05-17 07:21:28,221 INFO Improved and model saved
2020-05-17 07:21:40,474 INFO [12.2] Epoch 50: loss = 2.3889
2020-05-17 07:21:52,367 INFO [11.9] Epoch 51: loss = 2.3903
2020-05-17 07:22:04,460 INFO [12.1] Epoch 52: loss = 2.3125
2020-05-17 07:22:16,580 INFO [12.1] Epoch 53: loss = 2.3359
2020-05-17 07:22:28,680 INFO [12.1] Epoch 54: loss = 2.2320
2020-05-17 07:22:40,513 INFO [11.8] Epoch 55: loss = 2.2413
2020-05-17 07:22:52,651 INFO [12.1] Epoch 56: loss = 2.2297
2020-05-17 07:23:04,828 INFO [12.2] Epoch 57: loss = 2.2302
2020-05-17 07:23:17,029 INFO [12.2] Epoch 58: loss = 2.2010
2020-05-17 07:23:29,347 INFO [12.3] Epoch 59: loss = 2.1158
2020-05-17 07:23:29,348 INFO Start Evaling...
2020-05-17 07:24:34,267 INFO Head: mr:5406.2 mrr:21.03 hits:47.56
2020-05-17 07:24:34,267 INFO Tail: mr:2516.5 mrr:22.44 hits:50.82
2020-05-17 07:24:34,267 INFO All: mr:3961.4 mrr:21.73 hits:49.19
2020-05-17 07:24:34,269 INFO Start Evaling...
2020-05-17 07:25:40,662 INFO Head: mr:5598.5 mrr:20.74 hits:47.10
2020-05-17 07:25:40,662 INFO Tail: mr:2637.1 mrr:22.66 hits:51.63
2020-05-17 07:25:40,662 INFO All: mr:4117.8 mrr:21.70 hits:49.36
2020-05-17 07:25:40,664 INFO Declined in recent 1 epochs
2020-05-17 07:25:52,585 INFO [11.9] Epoch 60: loss = 2.1122
2020-05-17 07:26:04,775 INFO [12.2] Epoch 61: loss = 2.1666
2020-05-17 07:26:16,938 INFO [12.2] Epoch 62: loss = 2.0990
2020-05-17 07:26:29,159 INFO [12.2] Epoch 63: loss = 2.0544
2020-05-17 07:26:41,272 INFO [12.1] Epoch 64: loss = 2.0551
2020-05-17 07:26:53,162 INFO [11.9] Epoch 65: loss = 2.0395
2020-05-17 07:27:05,363 INFO [12.2] Epoch 66: loss = 2.1067
2020-05-17 07:27:17,566 INFO [12.2] Epoch 67: loss = 2.0611
2020-05-17 07:27:29,801 INFO [12.2] Epoch 68: loss = 2.0778
2020-05-17 07:27:41,639 INFO [11.8] Epoch 69: loss = 2.0843
2020-05-17 07:27:41,640 INFO Start Evaling...
2020-05-17 07:28:46,221 INFO Head: mr:5361.3 mrr:21.00 hits:47.59
2020-05-17 07:28:46,221 INFO Tail: mr:2506.8 mrr:22.53 hits:51.05
2020-05-17 07:28:46,221 INFO All: mr:3934.0 mrr:21.76 hits:49.32
2020-05-17 07:28:46,224 INFO Start Evaling...
2020-05-17 07:29:52,626 INFO Head: mr:5563.9 mrr:21.00 hits:47.64
2020-05-17 07:29:52,626 INFO Tail: mr:2634.5 mrr:22.63 hits:51.98
2020-05-17 07:29:52,626 INFO All: mr:4099.2 mrr:21.81 hits:49.81
2020-05-17 07:29:52,628 INFO Declined in recent 2 epochs
2020-05-17 07:30:04,795 INFO [12.2] Epoch 70: loss = 1.9636
2020-05-17 07:30:16,959 INFO [12.2] Epoch 71: loss = 2.0069
2020-05-17 07:30:29,161 INFO [12.2] Epoch 72: loss = 1.9853
2020-05-17 07:30:41,049 INFO [11.9] Epoch 73: loss = 1.9242
2020-05-17 07:30:53,151 INFO [12.1] Epoch 74: loss = 1.9740
2020-05-17 07:31:05,317 INFO [12.2] Epoch 75: loss = 1.9584
2020-05-17 07:31:17,381 INFO [12.1] Epoch 76: loss = 2.0007
2020-05-17 07:31:29,639 INFO [12.3] Epoch 77: loss = 1.9460
2020-05-17 07:31:41,830 INFO [12.2] Epoch 78: loss = 1.8987
2020-05-17 07:31:53,872 INFO [12.0] Epoch 79: loss = 1.9097
2020-05-17 07:31:53,872 INFO Start Evaling...
2020-05-17 07:32:58,282 INFO Head: mr:5363.6 mrr:20.98 hits:48.09
2020-05-17 07:32:58,282 INFO Tail: mr:2511.2 mrr:22.54 hits:51.42
2020-05-17 07:32:58,282 INFO All: mr:3937.4 mrr:21.76 hits:49.75
2020-05-17 07:32:58,284 INFO Start Evaling...
2020-05-17 07:34:04,517 INFO Head: mr:5533.1 mrr:20.80 hits:46.90
2020-05-17 07:34:04,517 INFO Tail: mr:2626.1 mrr:22.66 hits:52.36
2020-05-17 07:34:04,517 INFO All: mr:4079.6 mrr:21.73 hits:49.63
2020-05-17 07:34:04,519 INFO Declined in recent 3 epochs
2020-05-17 07:34:16,587 INFO [12.1] Epoch 80: loss = 1.8651
2020-05-17 07:34:28,671 INFO [12.1] Epoch 81: loss = 1.9357
2020-05-17 07:34:40,944 INFO [12.3] Epoch 82: loss = 1.8686
2020-05-17 07:34:52,998 INFO [12.1] Epoch 83: loss = 1.9125
2020-05-17 07:35:05,131 INFO [12.1] Epoch 84: loss = 1.7765
2020-05-17 07:35:17,171 INFO [12.0] Epoch 85: loss = 1.8723
2020-05-17 07:35:29,290 INFO [12.1] Epoch 86: loss = 1.8933
2020-05-17 07:35:41,469 INFO [12.2] Epoch 87: loss = 1.8306
2020-05-17 07:35:53,245 INFO [11.8] Epoch 88: loss = 1.8949
2020-05-17 07:36:05,456 INFO [12.2] Epoch 89: loss = 1.8294
2020-05-17 07:36:05,457 INFO Start Evaling...
2020-05-17 07:37:09,871 INFO Head: mr:5336.3 mrr:21.11 hits:47.86
2020-05-17 07:37:09,871 INFO Tail: mr:2504.4 mrr:22.40 hits:51.19
2020-05-17 07:37:09,871 INFO All: mr:3920.4 mrr:21.75 hits:49.52
2020-05-17 07:37:09,873 INFO Start Evaling...
2020-05-17 07:38:16,099 INFO Head: mr:5509.2 mrr:21.05 hits:47.42
2020-05-17 07:38:16,099 INFO Tail: mr:2617.6 mrr:22.54 hits:52.23
2020-05-17 07:38:16,099 INFO All: mr:4063.4 mrr:21.80 hits:49.82
2020-05-17 07:38:16,101 INFO Declined in recent 4 epochs
2020-05-17 07:38:28,150 INFO [12.0] Epoch 90: loss = 1.8314
2020-05-17 07:38:40,379 INFO [12.2] Epoch 91: loss = 1.7897
2020-05-17 07:38:52,320 INFO [11.9] Epoch 92: loss = 1.8082
2020-05-17 07:39:04,522 INFO [12.2] Epoch 93: loss = 1.7976
2020-05-17 07:39:16,661 INFO [12.1] Epoch 94: loss = 1.8329
2020-05-17 07:39:28,780 INFO [12.1] Epoch 95: loss = 1.7431
2020-05-17 07:39:40,548 INFO [11.8] Epoch 96: loss = 1.7861
2020-05-17 07:39:52,592 INFO [12.0] Epoch 97: loss = 1.7564
2020-05-17 07:40:04,714 INFO [12.1] Epoch 98: loss = 1.7995
2020-05-17 07:40:16,895 INFO [12.2] Epoch 99: loss = 1.7572
2020-05-17 07:40:16,895 INFO Start Evaling...
2020-05-17 07:41:21,328 INFO Head: mr:5366.7 mrr:20.98 hits:47.66
2020-05-17 07:41:21,328 INFO Tail: mr:2482.1 mrr:22.24 hits:51.25
2020-05-17 07:41:21,328 INFO All: mr:3924.4 mrr:21.61 hits:49.46
2020-05-17 07:41:21,330 INFO Start Evaling...
2020-05-17 07:42:27,581 INFO Head: mr:5507.4 mrr:20.89 hits:47.67
2020-05-17 07:42:27,581 INFO Tail: mr:2649.5 mrr:22.63 hits:52.33
2020-05-17 07:42:27,582 INFO All: mr:4078.4 mrr:21.76 hits:50.00
2020-05-17 07:42:27,584 INFO Declined in recent 5 epochs
2020-05-17 07:42:27,584 INFO Early stopping
2020-05-17 07:42:27,584 INFO Train done
2020-05-17 07:42:27,597 INFO Start Evaling...
2020-05-17 07:43:33,835 INFO Head: mr:5764.0 mrr:20.41 hits:46.78
2020-05-17 07:43:33,835 INFO Tail: mr:2679.1 mrr:22.70 hits:51.50
2020-05-17 07:43:33,835 INFO All: mr:4221.5 mrr:21.55 hits:49.14
