2020-05-15 18:44:43,921 INFO EPOCH: 1000
2020-05-15 18:44:43,921 INFO EVERY: 10
2020-05-15 18:44:43,921 INFO LR: 0.001
2020-05-15 18:44:43,921 INFO DIM: 100
2020-05-15 18:44:43,921 INFO BATCH_SIZE: 256
2020-05-15 18:44:43,921 INFO BATCH_SIZE2: 100
2020-05-15 18:44:43,921 INFO P: 1
2020-05-15 18:44:43,921 INFO CLIPPING_MAX_VALUE: 4.0
2020-05-15 18:44:43,922 INFO OPTIM: Adam
2020-05-15 18:44:43,922 INFO N_SAMPLE: 100
2020-05-15 18:44:43,922 INFO MODE: rand
2020-05-15 18:44:43,922 INFO RATE: 0.1
2020-05-15 18:44:43,922 INFO GAMMA: 12.0
2020-05-15 18:44:43,922 INFO BERN: True
2020-05-15 18:44:43,922 INFO MARGIN: 4.0
2020-05-15 18:44:43,922 INFO REG: 1.0
2020-05-15 18:44:43,922 INFO LABEL_SMOOTH_EPS: 0.1
2020-05-15 18:44:43,922 INFO INPUT_DROP: 0.2
2020-05-15 18:44:43,922 INFO FEAT_DROP: 0.2
2020-05-15 18:44:43,922 INFO HIDD_DROP: 0.3
2020-05-15 18:44:43,923 INFO CHANNELS: 50
2020-05-15 18:44:43,923 INFO KERNEL_SIZE: 3
2020-05-15 18:44:43,923 INFO N_POOL: 100
2020-05-15 18:44:43,923 INFO MODEL_D: TransH
2020-05-15 18:44:43,923 INFO MODEL_G: DistMult
2020-05-15 18:44:43,923 INFO SCRATCH: False
2020-05-15 18:44:43,923 INFO D_FILE: None
2020-05-15 18:44:43,923 INFO G_FILE: None
2020-05-15 18:44:43,923 INFO PATH: data
2020-05-15 18:44:43,923 INFO DATA: WN18RR
2020-05-15 18:44:43,923 INFO EXP_PATH: experiment/WN18RR
2020-05-15 18:44:43,924 INFO MODEL: TransH
2020-05-15 18:44:43,924 INFO V: 100
2020-05-15 18:44:43,924 INFO F: True
2020-05-15 18:44:43,924 INFO EVAL: False
2020-05-15 18:44:43,924 INFO TRAINED: False
2020-05-15 18:44:43,924 INFO PRETRAINED_NAME: None
2020-05-15 18:44:43,924 INFO EXP_NAME: TransH-WN18RR-rand-100
2020-05-15 18:44:43,924 INFO --------------------------------------
2020-05-15 18:44:46,457 INFO Dataload done
2020-05-15 18:44:46,458 INFO --------------------------------------
2020-05-15 18:44:46,458 INFO N_ENTITY: 40943
2020-05-15 18:44:46,458 INFO N_RELATION: 11
2020-05-15 18:44:46,458 INFO --------------------------------------
2020-05-15 18:44:49,902 INFO Start Training...
2020-05-15 18:45:28,743 INFO [38.8] Epoch 0: loss = 322.2739
2020-05-15 18:46:07,634 INFO [38.9] Epoch 1: loss = 264.2719
2020-05-15 18:46:46,819 INFO [39.2] Epoch 2: loss = 222.4448
2020-05-15 18:47:25,395 INFO [38.6] Epoch 3: loss = 183.8780
2020-05-15 18:48:04,472 INFO [39.1] Epoch 4: loss = 149.4783
2020-05-15 18:48:43,406 INFO [38.9] Epoch 5: loss = 119.1948
2020-05-15 18:49:22,286 INFO [38.9] Epoch 6: loss = 93.6441
2020-05-15 18:50:00,600 INFO [38.3] Epoch 7: loss = 72.7330
2020-05-15 18:50:39,360 INFO [38.8] Epoch 8: loss = 55.7930
2020-05-15 18:51:18,363 INFO [39.0] Epoch 9: loss = 42.4725
2020-05-15 18:51:18,363 INFO Start Evaling...
2020-05-15 18:52:22,628 INFO Head: mr:9170.5 mrr:10.79 hits:29.04
2020-05-15 18:52:22,628 INFO Tail: mr:3797.5 mrr:12.37 hits:31.61
2020-05-15 18:52:22,628 INFO All: mr:6484.0 mrr:11.58 hits:30.32
2020-05-15 18:52:22,630 INFO Start Evaling...
2020-05-15 18:53:28,669 INFO Head: mr:9658.8 mrr:10.93 hits:28.37
2020-05-15 18:53:28,670 INFO Tail: mr:3635.6 mrr:12.45 hits:31.53
2020-05-15 18:53:28,670 INFO All: mr:6647.2 mrr:11.69 hits:29.95
2020-05-15 18:53:28,671 INFO Improved and model saved
2020-05-15 18:54:07,693 INFO [39.0] Epoch 10: loss = 32.4550
2020-05-15 18:54:46,167 INFO [38.5] Epoch 11: loss = 25.0910
2020-05-15 18:55:24,899 INFO [38.7] Epoch 12: loss = 19.7541
2020-05-15 18:56:03,608 INFO [38.7] Epoch 13: loss = 15.8456
2020-05-15 18:56:42,608 INFO [39.0] Epoch 14: loss = 12.9871
2020-05-15 18:57:21,524 INFO [38.9] Epoch 15: loss = 10.8369
2020-05-15 18:57:59,856 INFO [38.3] Epoch 16: loss = 9.2432
2020-05-15 18:58:38,782 INFO [38.9] Epoch 17: loss = 7.9969
2020-05-15 18:59:17,584 INFO [38.8] Epoch 18: loss = 7.0002
2020-05-15 18:59:56,469 INFO [38.9] Epoch 19: loss = 6.2169
2020-05-15 18:59:56,469 INFO Start Evaling...
2020-05-15 19:01:00,926 INFO Head: mr:6356.2 mrr:18.61 hits:44.26
2020-05-15 19:01:00,927 INFO Tail: mr:2848.6 mrr:21.09 hits:48.91
2020-05-15 19:01:00,927 INFO All: mr:4602.4 mrr:19.85 hits:46.59
2020-05-15 19:01:00,929 INFO Start Evaling...
2020-05-15 19:02:07,176 INFO Head: mr:6700.6 mrr:18.70 hits:44.61
2020-05-15 19:02:07,176 INFO Tail: mr:2730.3 mrr:21.56 hits:49.30
2020-05-15 19:02:07,176 INFO All: mr:4715.4 mrr:20.13 hits:46.95
2020-05-15 19:02:07,178 INFO Improved and model saved
2020-05-15 19:02:45,863 INFO [38.7] Epoch 20: loss = 5.5641
2020-05-15 19:03:24,884 INFO [39.0] Epoch 21: loss = 5.0478
2020-05-15 19:04:04,010 INFO [39.1] Epoch 22: loss = 4.6107
2020-05-15 19:04:43,200 INFO [39.2] Epoch 23: loss = 4.2670
2020-05-15 19:05:21,731 INFO [38.5] Epoch 24: loss = 3.9873
2020-05-15 19:06:00,879 INFO [39.1] Epoch 25: loss = 3.7195
2020-05-15 19:06:39,807 INFO [38.9] Epoch 26: loss = 3.5065
2020-05-15 19:07:18,712 INFO [38.9] Epoch 27: loss = 3.3125
2020-05-15 19:07:57,395 INFO [38.7] Epoch 28: loss = 3.1826
2020-05-15 19:08:36,382 INFO [39.0] Epoch 29: loss = 3.0319
2020-05-15 19:08:36,382 INFO Start Evaling...
2020-05-15 19:09:40,684 INFO Head: mr:5775.5 mrr:20.64 hits:46.90
2020-05-15 19:09:40,684 INFO Tail: mr:2661.0 mrr:22.69 hits:51.15
2020-05-15 19:09:40,684 INFO All: mr:4218.3 mrr:21.67 hits:49.03
2020-05-15 19:09:40,686 INFO Start Evaling...
2020-05-15 19:10:46,767 INFO Head: mr:5990.5 mrr:20.22 hits:46.14
2020-05-15 19:10:46,768 INFO Tail: mr:2515.1 mrr:22.88 hits:51.28
2020-05-15 19:10:46,768 INFO All: mr:4252.8 mrr:21.55 hits:48.71
2020-05-15 19:10:46,770 INFO Improved and model saved
2020-05-15 19:11:25,549 INFO [38.8] Epoch 30: loss = 2.9245
2020-05-15 19:12:04,463 INFO [38.9] Epoch 31: loss = 2.8448
2020-05-15 19:12:43,231 INFO [38.8] Epoch 32: loss = 2.7561
2020-05-15 19:13:22,222 INFO [39.0] Epoch 33: loss = 2.6752
2020-05-15 19:14:01,182 INFO [39.0] Epoch 34: loss = 2.6081
2020-05-15 19:14:40,317 INFO [39.1] Epoch 35: loss = 2.5508
2020-05-15 19:15:19,456 INFO [39.1] Epoch 36: loss = 2.4821
2020-05-15 19:15:58,634 INFO [39.2] Epoch 37: loss = 2.4450
2020-05-15 19:16:37,669 INFO [39.0] Epoch 38: loss = 2.3877
2020-05-15 19:17:16,444 INFO [38.8] Epoch 39: loss = 2.3542
2020-05-15 19:17:16,445 INFO Start Evaling...
2020-05-15 19:18:20,891 INFO Head: mr:5534.5 mrr:20.87 hits:47.10
2020-05-15 19:18:20,891 INFO Tail: mr:2557.8 mrr:22.53 hits:51.75
2020-05-15 19:18:20,891 INFO All: mr:4046.2 mrr:21.70 hits:49.42
2020-05-15 19:18:20,894 INFO Start Evaling...
2020-05-15 19:19:27,136 INFO Head: mr:5754.7 mrr:20.46 hits:46.55
2020-05-15 19:19:27,136 INFO Tail: mr:2442.5 mrr:22.85 hits:51.79
2020-05-15 19:19:27,137 INFO All: mr:4098.6 mrr:21.66 hits:49.17
2020-05-15 19:19:27,139 INFO Improved and model saved
2020-05-15 19:20:06,126 INFO [39.0] Epoch 40: loss = 2.3055
2020-05-15 19:20:45,139 INFO [39.0] Epoch 41: loss = 2.2659
2020-05-15 19:21:23,870 INFO [38.7] Epoch 42: loss = 2.2299
2020-05-15 19:22:02,178 INFO [38.3] Epoch 43: loss = 2.2029
2020-05-15 19:22:40,952 INFO [38.8] Epoch 44: loss = 2.1819
2020-05-15 19:23:19,824 INFO [38.9] Epoch 45: loss = 2.1633
2020-05-15 19:23:59,036 INFO [39.2] Epoch 46: loss = 2.1260
2020-05-15 19:24:37,329 INFO [38.3] Epoch 47: loss = 2.0742
2020-05-15 19:25:16,130 INFO [38.8] Epoch 48: loss = 2.0583
2020-05-15 19:25:54,884 INFO [38.8] Epoch 49: loss = 2.0511
2020-05-15 19:25:54,885 INFO Start Evaling...
2020-05-15 19:26:59,342 INFO Head: mr:5443.2 mrr:21.16 hits:47.66
2020-05-15 19:26:59,342 INFO Tail: mr:2516.8 mrr:22.61 hits:51.65
2020-05-15 19:26:59,342 INFO All: mr:3980.0 mrr:21.89 hits:49.65
2020-05-15 19:26:59,344 INFO Start Evaling...
2020-05-15 19:28:05,588 INFO Head: mr:5592.2 mrr:20.69 hits:46.52
2020-05-15 19:28:05,588 INFO Tail: mr:2391.2 mrr:22.93 hits:52.11
2020-05-15 19:28:05,588 INFO All: mr:3991.7 mrr:21.81 hits:49.31
2020-05-15 19:28:05,590 INFO Improved and model saved
2020-05-15 19:28:44,755 INFO [39.1] Epoch 50: loss = 2.0063
2020-05-15 19:29:23,422 INFO [38.7] Epoch 51: loss = 1.9874
2020-05-15 19:30:02,450 INFO [39.0] Epoch 52: loss = 1.9848
2020-05-15 19:30:41,378 INFO [38.9] Epoch 53: loss = 1.9498
2020-05-15 19:31:20,326 INFO [38.9] Epoch 54: loss = 1.9428
2020-05-15 19:31:58,932 INFO [38.6] Epoch 55: loss = 1.9122
2020-05-15 19:32:37,908 INFO [39.0] Epoch 56: loss = 1.8880
2020-05-15 19:33:16,913 INFO [39.0] Epoch 57: loss = 1.8700
2020-05-15 19:33:55,950 INFO [39.0] Epoch 58: loss = 1.8728
2020-05-15 19:34:34,806 INFO [38.9] Epoch 59: loss = 1.8365
2020-05-15 19:34:34,807 INFO Start Evaling...
2020-05-15 19:35:39,660 INFO Head: mr:5391.0 mrr:21.31 hits:47.59
2020-05-15 19:35:39,660 INFO Tail: mr:2480.0 mrr:22.60 hits:52.04
2020-05-15 19:35:39,660 INFO All: mr:3935.5 mrr:21.96 hits:49.82
2020-05-15 19:35:39,663 INFO Start Evaling...
2020-05-15 19:36:45,907 INFO Head: mr:5551.8 mrr:20.67 hits:46.43
2020-05-15 19:36:45,908 INFO Tail: mr:2384.2 mrr:22.74 hits:52.11
2020-05-15 19:36:45,908 INFO All: mr:3968.0 mrr:21.71 hits:49.27
2020-05-15 19:36:45,910 INFO Improved and model saved
2020-05-15 19:37:24,579 INFO [38.6] Epoch 60: loss = 1.8398
2020-05-15 19:38:03,626 INFO [39.0] Epoch 61: loss = 1.8422
2020-05-15 19:38:42,752 INFO [39.1] Epoch 62: loss = 1.8012
2020-05-15 19:39:21,912 INFO [39.2] Epoch 63: loss = 1.7854
2020-05-15 19:40:00,812 INFO [38.9] Epoch 64: loss = 1.7770
2020-05-15 19:40:39,465 INFO [38.7] Epoch 65: loss = 1.7649
2020-05-15 19:41:18,375 INFO [38.9] Epoch 66: loss = 1.7633
2020-05-15 19:41:57,336 INFO [39.0] Epoch 67: loss = 1.7435
2020-05-15 19:42:36,425 INFO [39.1] Epoch 68: loss = 1.7370
2020-05-15 19:43:14,855 INFO [38.4] Epoch 69: loss = 1.7201
2020-05-15 19:43:14,855 INFO Start Evaling...
2020-05-15 19:44:19,316 INFO Head: mr:5350.0 mrr:21.29 hits:47.56
2020-05-15 19:44:19,317 INFO Tail: mr:2501.3 mrr:22.54 hits:52.08
2020-05-15 19:44:19,317 INFO All: mr:3925.7 mrr:21.91 hits:49.82
2020-05-15 19:44:19,319 INFO Start Evaling...
2020-05-15 19:45:25,564 INFO Head: mr:5534.7 mrr:20.81 hits:46.65
2020-05-15 19:45:25,564 INFO Tail: mr:2402.6 mrr:22.80 hits:52.33
2020-05-15 19:45:25,564 INFO All: mr:3968.6 mrr:21.81 hits:49.49
2020-05-15 19:45:25,566 INFO Declined in recent 1 epochs
2020-05-15 19:46:04,663 INFO [39.1] Epoch 70: loss = 1.6990
2020-05-15 19:46:43,757 INFO [39.1] Epoch 71: loss = 1.7308
2020-05-15 19:47:22,794 INFO [39.0] Epoch 72: loss = 1.7039
2020-05-15 19:48:01,407 INFO [38.6] Epoch 73: loss = 1.6868
2020-05-15 19:48:40,238 INFO [38.8] Epoch 74: loss = 1.6754
2020-05-15 19:49:19,245 INFO [39.0] Epoch 75: loss = 1.6710
2020-05-15 19:49:58,246 INFO [39.0] Epoch 76: loss = 1.6629
2020-05-15 19:50:36,877 INFO [38.6] Epoch 77: loss = 1.6670
2020-05-15 19:51:15,687 INFO [38.8] Epoch 78: loss = 1.6515
2020-05-15 19:51:54,704 INFO [39.0] Epoch 79: loss = 1.6711
2020-05-15 19:51:54,704 INFO Start Evaling...
2020-05-15 19:52:58,980 INFO Head: mr:5351.5 mrr:21.17 hits:47.86
2020-05-15 19:52:58,980 INFO Tail: mr:2481.7 mrr:22.64 hits:52.50
2020-05-15 19:52:58,980 INFO All: mr:3916.6 mrr:21.90 hits:50.18
2020-05-15 19:52:58,983 INFO Start Evaling...
2020-05-15 19:54:05,045 INFO Head: mr:5554.2 mrr:20.69 hits:46.01
2020-05-15 19:54:05,045 INFO Tail: mr:2429.7 mrr:22.67 hits:52.07
2020-05-15 19:54:05,045 INFO All: mr:3991.9 mrr:21.68 hits:49.04
2020-05-15 19:54:05,047 INFO Declined in recent 2 epochs
2020-05-15 19:54:43,984 INFO [38.9] Epoch 80: loss = 1.6342
2020-05-15 19:55:22,804 INFO [38.8] Epoch 81: loss = 1.6014
2020-05-15 19:56:01,749 INFO [38.9] Epoch 82: loss = 1.6189
2020-05-15 19:56:40,899 INFO [39.1] Epoch 83: loss = 1.6338
2020-05-15 19:57:20,159 INFO [39.3] Epoch 84: loss = 1.6278
2020-05-15 19:57:59,258 INFO [39.1] Epoch 85: loss = 1.6066
2020-05-15 19:58:38,437 INFO [39.2] Epoch 86: loss = 1.5942
2020-05-15 19:59:17,107 INFO [38.7] Epoch 87: loss = 1.5762
2020-05-15 19:59:56,061 INFO [39.0] Epoch 88: loss = 1.5964
2020-05-15 20:00:35,219 INFO [39.2] Epoch 89: loss = 1.5785
2020-05-15 20:00:35,219 INFO Start Evaling...
2020-05-15 20:01:39,501 INFO Head: mr:5376.9 mrr:21.30 hits:47.56
2020-05-15 20:01:39,501 INFO Tail: mr:2490.6 mrr:22.70 hits:51.78
2020-05-15 20:01:39,501 INFO All: mr:3933.8 mrr:22.00 hits:49.67
2020-05-15 20:01:39,504 INFO Start Evaling...
2020-05-15 20:02:45,566 INFO Head: mr:5572.9 mrr:20.64 hits:46.04
2020-05-15 20:02:45,566 INFO Tail: mr:2450.0 mrr:22.70 hits:52.43
2020-05-15 20:02:45,566 INFO All: mr:4011.4 mrr:21.67 hits:49.23
2020-05-15 20:02:45,568 INFO Improved and model saved
2020-05-15 20:03:24,328 INFO [38.7] Epoch 90: loss = 1.5856
2020-05-15 20:04:02,899 INFO [38.6] Epoch 91: loss = 1.5590
2020-05-15 20:04:41,622 INFO [38.7] Epoch 92: loss = 1.5705
2020-05-15 20:05:20,394 INFO [38.8] Epoch 93: loss = 1.5622
2020-05-15 20:05:59,443 INFO [39.0] Epoch 94: loss = 1.5373
2020-05-15 20:06:37,969 INFO [38.5] Epoch 95: loss = 1.5382
2020-05-15 20:07:17,029 INFO [39.1] Epoch 96: loss = 1.5452
2020-05-15 20:07:55,802 INFO [38.8] Epoch 97: loss = 1.5420
2020-05-15 20:08:34,807 INFO [39.0] Epoch 98: loss = 1.5178
2020-05-15 20:09:13,474 INFO [38.7] Epoch 99: loss = 1.5154
2020-05-15 20:09:13,475 INFO Start Evaling...
2020-05-15 20:10:17,771 INFO Head: mr:5459.0 mrr:21.28 hits:47.17
2020-05-15 20:10:17,771 INFO Tail: mr:2501.2 mrr:22.71 hits:51.91
2020-05-15 20:10:17,771 INFO All: mr:3980.1 mrr:21.99 hits:49.54
2020-05-15 20:10:17,774 INFO Start Evaling...
2020-05-15 20:11:23,853 INFO Head: mr:5608.9 mrr:20.69 hits:45.88
2020-05-15 20:11:23,853 INFO Tail: mr:2480.2 mrr:22.71 hits:52.11
2020-05-15 20:11:23,853 INFO All: mr:4044.6 mrr:21.70 hits:48.99
2020-05-15 20:11:23,855 INFO Declined in recent 1 epochs
2020-05-15 20:12:02,681 INFO [38.8] Epoch 100: loss = 1.5179
2020-05-15 20:12:41,691 INFO [39.0] Epoch 101: loss = 1.5200
2020-05-15 20:13:20,359 INFO [38.7] Epoch 102: loss = 1.4975
2020-05-15 20:13:59,243 INFO [38.9] Epoch 103: loss = 1.5108
2020-05-15 20:14:38,102 INFO [38.9] Epoch 104: loss = 1.4909
2020-05-15 20:15:17,291 INFO [39.2] Epoch 105: loss = 1.5060
2020-05-15 20:15:56,233 INFO [38.9] Epoch 106: loss = 1.5027
2020-05-15 20:16:35,194 INFO [39.0] Epoch 107: loss = 1.4798
2020-05-15 20:17:14,506 INFO [39.3] Epoch 108: loss = 1.4884
2020-05-15 20:17:53,428 INFO [38.9] Epoch 109: loss = 1.4665
2020-05-15 20:17:53,429 INFO Start Evaling...
2020-05-15 20:18:57,888 INFO Head: mr:5521.7 mrr:21.38 hits:47.36
2020-05-15 20:18:57,889 INFO Tail: mr:2542.0 mrr:22.69 hits:51.75
2020-05-15 20:18:57,889 INFO All: mr:4031.9 mrr:22.03 hits:49.56
2020-05-15 20:18:57,891 INFO Start Evaling...
2020-05-15 20:20:04,143 INFO Head: mr:5672.2 mrr:20.68 hits:45.82
2020-05-15 20:20:04,144 INFO Tail: mr:2532.2 mrr:22.61 hits:52.04
2020-05-15 20:20:04,144 INFO All: mr:4102.2 mrr:21.64 hits:48.93
2020-05-15 20:20:04,146 INFO Improved and model saved
2020-05-15 20:20:43,043 INFO [38.9] Epoch 110: loss = 1.4778
2020-05-15 20:21:21,676 INFO [38.6] Epoch 111: loss = 1.4823
2020-05-15 20:22:00,315 INFO [38.6] Epoch 112: loss = 1.4691
2020-05-15 20:22:38,702 INFO [38.4] Epoch 113: loss = 1.4877
2020-05-15 20:23:17,441 INFO [38.7] Epoch 114: loss = 1.4684
2020-05-15 20:23:56,175 INFO [38.7] Epoch 115: loss = 1.4641
2020-05-15 20:24:34,894 INFO [38.7] Epoch 116: loss = 1.4594
2020-05-15 20:25:13,095 INFO [38.2] Epoch 117: loss = 1.4475
2020-05-15 20:25:51,996 INFO [38.9] Epoch 118: loss = 1.4587
2020-05-15 20:26:30,593 INFO [38.6] Epoch 119: loss = 1.4348
2020-05-15 20:26:30,593 INFO Start Evaling...
2020-05-15 20:27:34,866 INFO Head: mr:5565.2 mrr:21.28 hits:46.90
2020-05-15 20:27:34,866 INFO Tail: mr:2574.4 mrr:22.56 hits:51.38
2020-05-15 20:27:34,866 INFO All: mr:4069.8 mrr:21.92 hits:49.14
2020-05-15 20:27:34,868 INFO Start Evaling...
2020-05-15 20:28:40,922 INFO Head: mr:5721.3 mrr:20.70 hits:45.66
2020-05-15 20:28:40,922 INFO Tail: mr:2593.3 mrr:22.65 hits:51.79
2020-05-15 20:28:40,923 INFO All: mr:4157.3 mrr:21.67 hits:48.72
2020-05-15 20:28:40,924 INFO Declined in recent 1 epochs
2020-05-15 20:29:19,581 INFO [38.7] Epoch 120: loss = 1.4379
2020-05-15 20:29:58,125 INFO [38.5] Epoch 121: loss = 1.4256
2020-05-15 20:30:36,900 INFO [38.8] Epoch 122: loss = 1.4329
2020-05-15 20:31:15,878 INFO [39.0] Epoch 123: loss = 1.4369
2020-05-15 20:31:54,674 INFO [38.8] Epoch 124: loss = 1.4263
2020-05-15 20:32:33,284 INFO [38.6] Epoch 125: loss = 1.4397
2020-05-15 20:33:12,066 INFO [38.8] Epoch 126: loss = 1.4171
2020-05-15 20:33:50,932 INFO [38.9] Epoch 127: loss = 1.4116
2020-05-15 20:34:30,010 INFO [39.1] Epoch 128: loss = 1.4283
2020-05-15 20:35:08,853 INFO [38.8] Epoch 129: loss = 1.4240
2020-05-15 20:35:08,853 INFO Start Evaling...
2020-05-15 20:36:13,117 INFO Head: mr:5616.6 mrr:21.30 hits:47.00
2020-05-15 20:36:13,118 INFO Tail: mr:2598.3 mrr:22.77 hits:51.25
2020-05-15 20:36:13,118 INFO All: mr:4107.4 mrr:22.03 hits:49.13
2020-05-15 20:36:13,120 INFO Start Evaling...
2020-05-15 20:37:19,171 INFO Head: mr:5778.8 mrr:20.56 hits:45.72
2020-05-15 20:37:19,171 INFO Tail: mr:2634.5 mrr:22.51 hits:51.44
2020-05-15 20:37:19,171 INFO All: mr:4206.7 mrr:21.54 hits:48.58
2020-05-15 20:37:19,173 INFO Declined in recent 2 epochs
2020-05-15 20:37:57,789 INFO [38.6] Epoch 130: loss = 1.4063
2020-05-15 20:38:36,193 INFO [38.4] Epoch 131: loss = 1.4294
2020-05-15 20:39:14,874 INFO [38.7] Epoch 132: loss = 1.4215
2020-05-15 20:39:53,611 INFO [38.7] Epoch 133: loss = 1.4203
2020-05-15 20:40:32,594 INFO [39.0] Epoch 134: loss = 1.3999
2020-05-15 20:41:11,255 INFO [38.7] Epoch 135: loss = 1.4054
2020-05-15 20:41:50,028 INFO [38.8] Epoch 136: loss = 1.3945
2020-05-15 20:42:28,787 INFO [38.8] Epoch 137: loss = 1.3972
2020-05-15 20:43:07,605 INFO [38.8] Epoch 138: loss = 1.3923
2020-05-15 20:43:46,031 INFO [38.4] Epoch 139: loss = 1.3886
2020-05-15 20:43:46,031 INFO Start Evaling...
2020-05-15 20:44:50,473 INFO Head: mr:5711.7 mrr:21.25 hits:47.03
2020-05-15 20:44:50,473 INFO Tail: mr:2650.5 mrr:22.58 hits:50.92
2020-05-15 20:44:50,473 INFO All: mr:4181.1 mrr:21.92 hits:48.98
2020-05-15 20:44:50,475 INFO Start Evaling...
2020-05-15 20:45:56,713 INFO Head: mr:5847.5 mrr:20.69 hits:45.76
2020-05-15 20:45:56,713 INFO Tail: mr:2697.6 mrr:22.55 hits:51.31
2020-05-15 20:45:56,713 INFO All: mr:4272.5 mrr:21.62 hits:48.53
2020-05-15 20:45:56,715 INFO Declined in recent 3 epochs
2020-05-15 20:46:35,545 INFO [38.8] Epoch 140: loss = 1.3835
2020-05-15 20:47:14,244 INFO [38.7] Epoch 141: loss = 1.3788
2020-05-15 20:47:52,970 INFO [38.7] Epoch 142: loss = 1.4033
2020-05-15 20:48:31,686 INFO [38.7] Epoch 143: loss = 1.3656
2020-05-15 20:49:10,717 INFO [39.0] Epoch 144: loss = 1.3804
2020-05-15 20:49:49,434 INFO [38.7] Epoch 145: loss = 1.3663
2020-05-15 20:50:28,308 INFO [38.9] Epoch 146: loss = 1.3764
2020-05-15 20:51:07,421 INFO [39.1] Epoch 147: loss = 1.3600
2020-05-15 20:51:46,196 INFO [38.8] Epoch 148: loss = 1.3692
2020-05-15 20:52:24,896 INFO [38.7] Epoch 149: loss = 1.3635
2020-05-15 20:52:24,897 INFO Start Evaling...
2020-05-15 20:53:29,178 INFO Head: mr:5768.8 mrr:21.28 hits:46.93
2020-05-15 20:53:29,178 INFO Tail: mr:2709.0 mrr:22.54 hits:50.92
2020-05-15 20:53:29,178 INFO All: mr:4238.9 mrr:21.91 hits:48.93
2020-05-15 20:53:29,181 INFO Start Evaling...
2020-05-15 20:54:35,252 INFO Head: mr:5917.5 mrr:20.52 hits:45.31
2020-05-15 20:54:35,252 INFO Tail: mr:2747.0 mrr:22.43 hits:51.31
2020-05-15 20:54:35,252 INFO All: mr:4332.2 mrr:21.47 hits:48.31
2020-05-15 20:54:35,254 INFO Declined in recent 4 epochs
2020-05-15 20:55:13,844 INFO [38.6] Epoch 150: loss = 1.3773
2020-05-15 20:55:52,644 INFO [38.8] Epoch 151: loss = 1.3559
2020-05-15 20:56:31,681 INFO [39.0] Epoch 152: loss = 1.3631
2020-05-15 20:57:10,812 INFO [39.1] Epoch 153: loss = 1.3489
2020-05-15 20:57:49,826 INFO [39.0] Epoch 154: loss = 1.3382
2020-05-15 20:58:28,751 INFO [38.9] Epoch 155: loss = 1.3656
2020-05-15 20:59:07,517 INFO [38.8] Epoch 156: loss = 1.3693
2020-05-15 20:59:46,526 INFO [39.0] Epoch 157: loss = 1.3420
2020-05-15 21:00:25,586 INFO [39.1] Epoch 158: loss = 1.3544
2020-05-15 21:01:04,071 INFO [38.5] Epoch 159: loss = 1.3370
2020-05-15 21:01:04,072 INFO Start Evaling...
2020-05-15 21:02:08,523 INFO Head: mr:5826.1 mrr:21.09 hits:46.77
2020-05-15 21:02:08,523 INFO Tail: mr:2764.7 mrr:22.48 hits:50.63
2020-05-15 21:02:08,523 INFO All: mr:4295.4 mrr:21.79 hits:48.70
2020-05-15 21:02:08,525 INFO Start Evaling...
2020-05-15 21:03:14,768 INFO Head: mr:6026.7 mrr:20.54 hits:45.21
2020-05-15 21:03:14,769 INFO Tail: mr:2823.4 mrr:22.37 hits:50.96
2020-05-15 21:03:14,769 INFO All: mr:4425.0 mrr:21.46 hits:48.09
2020-05-15 21:03:14,771 INFO Declined in recent 5 epochs
2020-05-15 21:03:14,771 INFO Early stopping
2020-05-15 21:03:14,771 INFO Train done
2020-05-15 21:03:14,785 INFO Start Evaling...
2020-05-15 21:04:21,010 INFO Head: mr:5672.2 mrr:20.68 hits:45.82
2020-05-15 21:04:21,010 INFO Tail: mr:2532.2 mrr:22.61 hits:52.04
2020-05-15 21:04:21,010 INFO All: mr:4102.2 mrr:21.64 hits:48.93
