2020-04-03 20:35:46,064 INFO EPOCH: 1000
2020-04-03 20:35:46,064 INFO EVERY: 10
2020-04-03 20:35:46,064 INFO LR: 0.001
2020-04-03 20:35:46,064 INFO DIM: 100
2020-04-03 20:35:46,064 INFO BATCH_SIZE: 100
2020-04-03 20:35:46,064 INFO BATCH_SIZE2: 100
2020-04-03 20:35:46,064 INFO P: 1
2020-04-03 20:35:46,064 INFO CLIPPING_MAX_VALUE: 4.0
2020-04-03 20:35:46,064 INFO OPTIM: Adam
2020-04-03 20:35:46,064 INFO N_SAMPLE: 12
2020-04-03 20:35:46,064 INFO MODE: 1all
2020-04-03 20:35:46,064 INFO GAMMA: 12.0
2020-04-03 20:35:46,064 INFO BERN: True
2020-04-03 20:35:46,064 INFO MARGIN: 4.0
2020-04-03 20:35:46,064 INFO REG: 1.0
2020-04-03 20:35:46,065 INFO LABEL_SMOOTH_EPS: 0.1
2020-04-03 20:35:46,065 INFO INPUT_DROP: 0.2
2020-04-03 20:35:46,065 INFO FEAT_DROP: 0.2
2020-04-03 20:35:46,065 INFO HIDD_DROP: 0.3
2020-04-03 20:35:46,065 INFO CHANNELS: 50
2020-04-03 20:35:46,065 INFO KERNEL_SIZE: 3
2020-04-03 20:35:46,065 INFO N_POOL: 100
2020-04-03 20:35:46,065 INFO MODEL_D: TransH
2020-04-03 20:35:46,065 INFO MODEL_G: DistMult
2020-04-03 20:35:46,065 INFO SCRATCH: False
2020-04-03 20:35:46,065 INFO D_FILE: None
2020-04-03 20:35:46,065 INFO G_FILE: None
2020-04-03 20:35:46,065 INFO PATH: data
2020-04-03 20:35:46,065 INFO DATA: WN18RR
2020-04-03 20:35:46,065 INFO EXP_PATH: experiment/WN18RR
2020-04-03 20:35:46,065 INFO MODEL: TransH
2020-04-03 20:35:46,065 INFO V: 1
2020-04-03 20:35:46,065 INFO F: True
2020-04-03 20:35:46,065 INFO EVAL: False
2020-04-03 20:35:46,066 INFO TRAINED: True
2020-04-03 20:35:46,066 INFO PRETRAINED_NAME: TransH-WN18RR-1all-0
2020-04-03 20:35:46,066 INFO EXP_NAME: TransH-WN18RR-1all-1
2020-04-03 20:35:46,066 INFO --------------------------------------
2020-04-03 20:35:48,235 INFO Dataload done
2020-04-03 20:35:48,235 INFO --------------------------------------
2020-04-03 20:35:48,236 INFO N_ENTITY: 40943
2020-04-03 20:35:48,236 INFO N_RELATION: 11
2020-04-03 20:35:48,236 INFO --------------------------------------
2020-04-03 20:36:08,703 INFO Start Evaling...
2020-04-03 20:36:17,391 INFO Head: mr:4884.9 mrr:13.04 hits:40.97
2020-04-03 20:36:17,391 INFO Tail: mr:3610.2 mrr:13.53 hits:42.25
2020-04-03 20:36:17,391 INFO All: mr:4247.6 mrr:13.28 hits:41.61
2020-04-03 20:36:17,396 INFO Start Training...
2020-04-03 20:40:34,439 INFO [257.0] Epoch 0: loss = 0.0004
2020-04-03 20:44:48,894 INFO [254.5] Epoch 1: loss = 0.0004
2020-04-03 20:49:05,382 INFO [256.5] Epoch 2: loss = 0.0004
2020-04-03 20:53:21,838 INFO [256.5] Epoch 3: loss = 0.0004
2020-04-03 20:57:38,030 INFO [256.2] Epoch 4: loss = 0.0004
2020-04-03 21:01:54,742 INFO [256.7] Epoch 5: loss = 0.0004
2020-04-03 21:06:10,610 INFO [255.9] Epoch 6: loss = 0.0004
2020-04-03 21:10:26,220 INFO [255.6] Epoch 7: loss = 0.0004
2020-04-03 21:14:42,101 INFO [255.9] Epoch 8: loss = 0.0004
2020-04-03 21:18:58,711 INFO [256.6] Epoch 9: loss = 0.0004
2020-04-03 21:18:58,711 INFO Start Evaling...
2020-04-03 21:19:07,396 INFO Head: mr:4889.7 mrr:12.99 hits:41.20
2020-04-03 21:19:07,396 INFO Tail: mr:3559.1 mrr:13.46 hits:42.06
2020-04-03 21:19:07,396 INFO All: mr:4224.4 mrr:13.23 hits:41.63
2020-04-03 21:19:07,399 INFO Improved and model saved
2020-04-03 21:23:23,689 INFO [256.3] Epoch 10: loss = 0.0004
2020-04-03 21:27:39,764 INFO [256.1] Epoch 11: loss = 0.0004
2020-04-03 21:31:57,355 INFO [257.6] Epoch 12: loss = 0.0004
2020-04-03 21:36:13,772 INFO [256.4] Epoch 13: loss = 0.0004
2020-04-03 21:40:30,204 INFO [256.4] Epoch 14: loss = 0.0004
2020-04-03 21:44:47,127 INFO [256.9] Epoch 15: loss = 0.0004
2020-04-03 21:49:04,005 INFO [256.9] Epoch 16: loss = 0.0004
2020-04-03 21:53:20,114 INFO [256.1] Epoch 17: loss = 0.0004
2020-04-03 21:57:37,339 INFO [257.2] Epoch 18: loss = 0.0004
2020-04-03 22:01:53,686 INFO [256.3] Epoch 19: loss = 0.0004
2020-04-03 22:01:53,686 INFO Start Evaling...
2020-04-03 22:02:02,181 INFO Head: mr:4880.5 mrr:13.00 hits:41.20
2020-04-03 22:02:02,182 INFO Tail: mr:3507.5 mrr:13.45 hits:42.02
2020-04-03 22:02:02,182 INFO All: mr:4194.0 mrr:13.22 hits:41.61
2020-04-03 22:02:02,186 INFO Declined in recent 1 epochs
2020-04-03 22:06:18,246 INFO [256.1] Epoch 20: loss = 0.0004
2020-04-03 22:10:35,433 INFO [257.2] Epoch 21: loss = 0.0004
2020-04-03 22:14:51,927 INFO [256.5] Epoch 22: loss = 0.0004
2020-04-03 22:19:09,186 INFO [257.3] Epoch 23: loss = 0.0004
2020-04-03 22:23:26,799 INFO [257.6] Epoch 24: loss = 0.0004
2020-04-03 22:27:43,781 INFO [257.0] Epoch 25: loss = 0.0004
2020-04-03 22:32:02,306 INFO [258.5] Epoch 26: loss = 0.0004
2020-04-03 22:36:20,904 INFO [258.6] Epoch 27: loss = 0.0004
2020-04-03 22:40:38,918 INFO [258.0] Epoch 28: loss = 0.0004
2020-04-03 22:44:59,293 INFO [260.4] Epoch 29: loss = 0.0004
2020-04-03 22:44:59,294 INFO Start Evaling...
2020-04-03 22:45:08,717 INFO Head: mr:4860.8 mrr:12.95 hits:41.20
2020-04-03 22:45:08,717 INFO Tail: mr:3471.5 mrr:13.56 hits:42.06
2020-04-03 22:45:08,717 INFO All: mr:4166.2 mrr:13.25 hits:41.63
2020-04-03 22:45:08,720 INFO Declined in recent 2 epochs
2020-04-03 22:49:26,339 INFO [257.6] Epoch 30: loss = 0.0004
2020-04-03 22:53:47,429 INFO [261.1] Epoch 31: loss = 0.0004
2020-04-03 22:58:04,345 INFO [256.9] Epoch 32: loss = 0.0004
2020-04-03 23:02:24,827 INFO [260.5] Epoch 33: loss = 0.0004
2020-04-03 23:06:44,151 INFO [259.3] Epoch 34: loss = 0.0004
2020-04-03 23:11:02,100 INFO [257.9] Epoch 35: loss = 0.0004
2020-04-03 23:15:20,688 INFO [258.6] Epoch 36: loss = 0.0004
2020-04-03 23:19:40,924 INFO [260.2] Epoch 37: loss = 0.0004
2020-04-03 23:23:57,567 INFO [256.6] Epoch 38: loss = 0.0004
2020-04-03 23:28:13,764 INFO [256.2] Epoch 39: loss = 0.0004
2020-04-03 23:28:13,764 INFO Start Evaling...
2020-04-03 23:28:22,382 INFO Head: mr:4916.9 mrr:12.92 hits:40.87
2020-04-03 23:28:22,382 INFO Tail: mr:3466.2 mrr:13.51 hits:41.96
2020-04-03 23:28:22,382 INFO All: mr:4191.5 mrr:13.21 hits:41.41
2020-04-03 23:28:22,384 INFO Declined in recent 3 epochs
2020-04-03 23:32:40,350 INFO [258.0] Epoch 40: loss = 0.0004
2020-04-03 23:36:56,373 INFO [256.0] Epoch 41: loss = 0.0004
2020-04-03 23:41:14,684 INFO [258.3] Epoch 42: loss = 0.0004
2020-04-03 23:45:30,825 INFO [256.1] Epoch 43: loss = 0.0004
2020-04-03 23:49:47,790 INFO [257.0] Epoch 44: loss = 0.0004
2020-04-03 23:54:04,800 INFO [257.0] Epoch 45: loss = 0.0004
2020-04-03 23:58:22,095 INFO [257.3] Epoch 46: loss = 0.0004
2020-04-04 00:02:38,488 INFO [256.4] Epoch 47: loss = 0.0004
2020-04-04 00:06:55,339 INFO [256.9] Epoch 48: loss = 0.0004
2020-04-04 00:11:11,639 INFO [256.3] Epoch 49: loss = 0.0004
2020-04-04 00:11:11,639 INFO Start Evaling...
2020-04-04 00:11:20,136 INFO Head: mr:4901.6 mrr:12.95 hits:40.80
2020-04-04 00:11:20,136 INFO Tail: mr:3475.9 mrr:13.56 hits:42.22
2020-04-04 00:11:20,136 INFO All: mr:4188.7 mrr:13.26 hits:41.51
2020-04-04 00:11:20,139 INFO Declined in recent 4 epochs
2020-04-04 00:15:36,587 INFO [256.4] Epoch 50: loss = 0.0004
2020-04-04 00:19:53,180 INFO [256.6] Epoch 51: loss = 0.0004
2020-04-04 00:24:12,539 INFO [259.4] Epoch 52: loss = 0.0004
2020-04-04 00:28:28,954 INFO [256.4] Epoch 53: loss = 0.0004
2020-04-04 00:32:44,880 INFO [255.9] Epoch 54: loss = 0.0004
2020-04-04 00:37:00,666 INFO [255.8] Epoch 55: loss = 0.0004
2020-04-04 00:41:16,639 INFO [256.0] Epoch 56: loss = 0.0004
2020-04-04 00:45:33,527 INFO [256.9] Epoch 57: loss = 0.0004
2020-04-04 00:49:50,739 INFO [257.2] Epoch 58: loss = 0.0004
2020-04-04 00:54:08,430 INFO [257.7] Epoch 59: loss = 0.0004
2020-04-04 00:54:08,430 INFO Start Evaling...
2020-04-04 00:54:18,106 INFO Head: mr:4896.5 mrr:13.00 hits:41.07
2020-04-04 00:54:18,106 INFO Tail: mr:3433.1 mrr:13.58 hits:42.35
2020-04-04 00:54:18,106 INFO All: mr:4164.8 mrr:13.29 hits:41.71
2020-04-04 00:54:18,111 INFO Improved and model saved
2020-04-04 00:58:41,288 INFO [263.2] Epoch 60: loss = 0.0004
2020-04-04 01:02:58,103 INFO [256.8] Epoch 61: loss = 0.0004
2020-04-04 01:07:14,506 INFO [256.4] Epoch 62: loss = 0.0004
2020-04-04 01:11:31,216 INFO [256.7] Epoch 63: loss = 0.0004
2020-04-04 01:15:47,841 INFO [256.6] Epoch 64: loss = 0.0004
2020-04-04 01:20:03,442 INFO [255.6] Epoch 65: loss = 0.0004
2020-04-04 01:24:19,050 INFO [255.6] Epoch 66: loss = 0.0004
2020-04-04 01:28:34,727 INFO [255.7] Epoch 67: loss = 0.0004
2020-04-04 01:32:50,847 INFO [256.1] Epoch 68: loss = 0.0004
2020-04-04 01:37:09,459 INFO [258.6] Epoch 69: loss = 0.0004
2020-04-04 01:37:09,459 INFO Start Evaling...
2020-04-04 01:37:18,583 INFO Head: mr:4884.9 mrr:12.98 hits:40.97
2020-04-04 01:37:18,583 INFO Tail: mr:3427.5 mrr:13.60 hits:41.96
2020-04-04 01:37:18,583 INFO All: mr:4156.2 mrr:13.29 hits:41.46
2020-04-04 01:37:18,586 INFO Declined in recent 1 epochs
2020-04-04 01:41:37,059 INFO [258.5] Epoch 70: loss = 0.0004
2020-04-04 01:45:56,269 INFO [259.2] Epoch 71: loss = 0.0004
2020-04-04 01:50:14,897 INFO [258.6] Epoch 72: loss = 0.0004
2020-04-04 01:54:34,137 INFO [259.2] Epoch 73: loss = 0.0004
2020-04-04 01:58:49,425 INFO [255.3] Epoch 74: loss = 0.0004
2020-04-04 02:03:05,633 INFO [256.2] Epoch 75: loss = 0.0004
2020-04-04 02:07:21,900 INFO [256.3] Epoch 76: loss = 0.0004
2020-04-04 02:11:38,136 INFO [256.2] Epoch 77: loss = 0.0004
2020-04-04 02:15:54,732 INFO [256.6] Epoch 78: loss = 0.0004
2020-04-04 02:20:10,943 INFO [256.2] Epoch 79: loss = 0.0004
2020-04-04 02:20:10,944 INFO Start Evaling...
2020-04-04 02:20:20,072 INFO Head: mr:4855.8 mrr:13.00 hits:41.07
2020-04-04 02:20:20,072 INFO Tail: mr:3407.1 mrr:13.48 hits:41.86
2020-04-04 02:20:20,072 INFO All: mr:4131.4 mrr:13.24 hits:41.46
2020-04-04 02:20:20,075 INFO Declined in recent 2 epochs
2020-04-04 02:24:36,462 INFO [256.4] Epoch 80: loss = 0.0004
2020-04-04 02:28:52,385 INFO [255.9] Epoch 81: loss = 0.0004
2020-04-04 02:33:08,715 INFO [256.3] Epoch 82: loss = 0.0004
2020-04-04 02:37:24,189 INFO [255.5] Epoch 83: loss = 0.0004
2020-04-04 02:41:40,542 INFO [256.4] Epoch 84: loss = 0.0004
2020-04-04 02:45:56,653 INFO [256.1] Epoch 85: loss = 0.0004
2020-04-04 02:50:13,014 INFO [256.4] Epoch 86: loss = 0.0004
2020-04-04 02:54:29,148 INFO [256.1] Epoch 87: loss = 0.0004
2020-04-04 02:58:45,282 INFO [256.1] Epoch 88: loss = 0.0004
2020-04-04 03:03:01,444 INFO [256.2] Epoch 89: loss = 0.0004
2020-04-04 03:03:01,444 INFO Start Evaling...
2020-04-04 03:03:09,954 INFO Head: mr:4869.7 mrr:12.97 hits:41.13
2020-04-04 03:03:09,954 INFO Tail: mr:3419.9 mrr:13.37 hits:42.12
2020-04-04 03:03:09,954 INFO All: mr:4144.8 mrr:13.17 hits:41.63
2020-04-04 03:03:09,957 INFO Declined in recent 3 epochs
2020-04-04 03:07:26,220 INFO [256.3] Epoch 90: loss = 0.0004
2020-04-04 03:11:42,230 INFO [256.0] Epoch 91: loss = 0.0004
2020-04-04 03:15:58,000 INFO [255.8] Epoch 92: loss = 0.0004
2020-04-04 03:20:14,152 INFO [256.2] Epoch 93: loss = 0.0004
2020-04-04 03:24:30,081 INFO [255.9] Epoch 94: loss = 0.0004
2020-04-04 03:28:47,035 INFO [257.0] Epoch 95: loss = 0.0004
2020-04-04 03:33:03,285 INFO [256.2] Epoch 96: loss = 0.0004
2020-04-04 03:37:20,511 INFO [257.2] Epoch 97: loss = 0.0004
2020-04-04 03:41:36,899 INFO [256.4] Epoch 98: loss = 0.0004
2020-04-04 03:45:53,140 INFO [256.2] Epoch 99: loss = 0.0004
2020-04-04 03:45:53,140 INFO Start Evaling...
2020-04-04 03:46:01,642 INFO Head: mr:4882.2 mrr:13.06 hits:41.07
2020-04-04 03:46:01,642 INFO Tail: mr:3406.5 mrr:13.54 hits:42.06
2020-04-04 03:46:01,643 INFO All: mr:4144.4 mrr:13.30 hits:41.56
2020-04-04 03:46:01,646 INFO Declined in recent 4 epochs
2020-04-04 03:50:17,639 INFO [256.0] Epoch 100: loss = 0.0004
2020-04-04 03:54:33,547 INFO [255.9] Epoch 101: loss = 0.0004
2020-04-04 03:58:49,690 INFO [256.1] Epoch 102: loss = 0.0004
2020-04-04 04:03:05,658 INFO [256.0] Epoch 103: loss = 0.0004
2020-04-04 04:07:22,104 INFO [256.4] Epoch 104: loss = 0.0004
2020-04-04 04:11:38,502 INFO [256.4] Epoch 105: loss = 0.0004
2020-04-04 04:15:54,833 INFO [256.3] Epoch 106: loss = 0.0004
2020-04-04 04:20:10,952 INFO [256.1] Epoch 107: loss = 0.0004
2020-04-04 04:24:27,003 INFO [256.0] Epoch 108: loss = 0.0004
2020-04-04 04:28:43,352 INFO [256.3] Epoch 109: loss = 0.0004
2020-04-04 04:28:43,353 INFO Start Evaling...
2020-04-04 04:28:52,492 INFO Head: mr:4858.1 mrr:13.04 hits:40.87
2020-04-04 04:28:52,492 INFO Tail: mr:3343.5 mrr:13.53 hits:42.02
2020-04-04 04:28:52,492 INFO All: mr:4100.8 mrr:13.29 hits:41.45
2020-04-04 04:28:52,495 INFO Declined in recent 5 epochs
2020-04-04 04:28:52,495 INFO Early stopping
2020-04-04 04:28:52,495 INFO Train done
2020-04-04 04:28:52,504 INFO Start Evaling...
2020-04-04 04:29:01,916 INFO Head: mr:5004.7 mrr:12.72 hits:39.95
2020-04-04 04:29:01,917 INFO Tail: mr:3537.2 mrr:13.28 hits:42.53
2020-04-04 04:29:01,917 INFO All: mr:4270.9 mrr:13.00 hits:41.24
