2020-05-22 09:19:11,296 INFO EPOCH: 1000
2020-05-22 09:19:11,296 INFO EVERY: 10
2020-05-22 09:19:11,296 INFO LR: 0.001
2020-05-22 09:19:11,296 INFO DIM: 100
2020-05-22 09:19:11,296 INFO BATCH_SIZE: 256
2020-05-22 09:19:11,296 INFO BATCH_SIZE2: 100
2020-05-22 09:19:11,296 INFO P: 1
2020-05-22 09:19:11,296 INFO CLIPPING_MAX_VALUE: 4.0
2020-05-22 09:19:11,297 INFO OPTIM: Adam
2020-05-22 09:19:11,297 INFO N_SAMPLE: 50
2020-05-22 09:19:11,297 INFO MODE: rand
2020-05-22 09:19:11,297 INFO RATE: 0.1
2020-05-22 09:19:11,297 INFO GAMMA: 12.0
2020-05-22 09:19:11,297 INFO BERN: True
2020-05-22 09:19:11,297 INFO MARGIN: 4.0
2020-05-22 09:19:11,297 INFO REG: 1.0
2020-05-22 09:19:11,297 INFO LABEL_SMOOTH_EPS: 0.1
2020-05-22 09:19:11,297 INFO INPUT_DROP: 0.2
2020-05-22 09:19:11,297 INFO FEAT_DROP: 0.2
2020-05-22 09:19:11,298 INFO HIDD_DROP: 0.3
2020-05-22 09:19:11,298 INFO CHANNELS: 50
2020-05-22 09:19:11,298 INFO KERNEL_SIZE: 3
2020-05-22 09:19:11,298 INFO N_POOL: 100
2020-05-22 09:19:11,298 INFO MODEL_D: TransH
2020-05-22 09:19:11,298 INFO MODEL_G: DistMult
2020-05-22 09:19:11,298 INFO SCRATCH: False
2020-05-22 09:19:11,298 INFO D_FILE: None
2020-05-22 09:19:11,298 INFO G_FILE: None
2020-05-22 09:19:11,298 INFO PATH: data
2020-05-22 09:19:11,298 INFO DATA: WN18RR
2020-05-22 09:19:11,298 INFO EXP_PATH: experiment/WN18RR
2020-05-22 09:19:11,299 INFO MODEL: TransH
2020-05-22 09:19:11,299 INFO V: 200.0
2020-05-22 09:19:11,299 INFO F: True
2020-05-22 09:19:11,299 INFO ADV: False
2020-05-22 09:19:11,299 INFO EVAL: False
2020-05-22 09:19:11,299 INFO TRAINED: False
2020-05-22 09:19:11,299 INFO PRETRAINED_NAME: None
2020-05-22 09:19:11,299 INFO EXP_NAME: TransH-WN18RR-rand-200.0
2020-05-22 09:19:11,299 INFO --------------------------------------
2020-05-22 09:19:13,790 INFO Dataload done
2020-05-22 09:19:13,791 INFO --------------------------------------
2020-05-22 09:19:13,791 INFO N_ENTITY: 40943
2020-05-22 09:19:13,791 INFO N_RELATION: 11
2020-05-22 09:19:13,791 INFO --------------------------------------
2020-05-22 09:19:17,208 INFO Start Training...
2020-05-22 09:19:40,595 INFO [23.4] Epoch 0: loss = 323.0427
2020-05-22 09:20:04,158 INFO [23.6] Epoch 1: loss = 267.1479
2020-05-22 09:20:27,935 INFO [23.8] Epoch 2: loss = 225.0212
2020-05-22 09:20:51,333 INFO [23.4] Epoch 3: loss = 187.2199
2020-05-22 09:21:15,103 INFO [23.8] Epoch 4: loss = 152.7121
2020-05-22 09:21:38,849 INFO [23.7] Epoch 5: loss = 122.2992
2020-05-22 09:22:02,520 INFO [23.7] Epoch 6: loss = 96.4697
2020-05-22 09:22:25,803 INFO [23.3] Epoch 7: loss = 74.9480
2020-05-22 09:22:49,295 INFO [23.5] Epoch 8: loss = 57.7250
2020-05-22 09:23:13,082 INFO [23.8] Epoch 9: loss = 44.4769
2020-05-22 09:23:13,082 INFO Start Evaling...
2020-05-22 09:24:17,570 INFO Head: mr:9138.9 mrr:12.29 hits10:31.94 hits3:21.23 hits1:0.92
2020-05-22 09:24:17,570 INFO Tail: mr:3729.4 mrr:14.05 hits10:35.83 hits3:23.14 hits1:1.71
2020-05-22 09:24:17,570 INFO All: mr:6434.1 mrr:13.17 hits10:33.88 hits3:22.18 hits1:1.32
2020-05-22 09:24:17,572 INFO Start Evaling...
2020-05-22 09:25:23,850 INFO Head: mr:9621.3 mrr:12.38 hits10:31.43 hits3:21.57 hits1:0.99
2020-05-22 09:25:23,850 INFO Tail: mr:3520.5 mrr:14.50 hits10:35.35 hits3:23.58 hits1:2.30
2020-05-22 09:25:23,850 INFO All: mr:6570.9 mrr:13.44 hits10:33.39 hits3:22.57 hits1:1.64
2020-05-22 09:25:23,852 INFO Improved and model saved
2020-05-22 09:25:47,557 INFO [23.7] Epoch 10: loss = 34.4204
2020-05-22 09:26:10,892 INFO [23.3] Epoch 11: loss = 26.7665
2020-05-22 09:26:34,441 INFO [23.5] Epoch 12: loss = 21.1287
2020-05-22 09:26:57,991 INFO [23.5] Epoch 13: loss = 16.9318
2020-05-22 09:27:21,734 INFO [23.7] Epoch 14: loss = 13.8542
2020-05-22 09:27:45,419 INFO [23.7] Epoch 15: loss = 11.5497
2020-05-22 09:28:08,732 INFO [23.3] Epoch 16: loss = 9.7995
2020-05-22 09:28:32,334 INFO [23.6] Epoch 17: loss = 8.4603
2020-05-22 09:28:56,027 INFO [23.7] Epoch 18: loss = 7.4372
2020-05-22 09:29:19,669 INFO [23.6] Epoch 19: loss = 6.6020
2020-05-22 09:29:19,670 INFO Start Evaling...
2020-05-22 09:30:24,154 INFO Head: mr:6311.8 mrr:18.86 hits10:44.59 hits3:34.77 hits1:1.15
2020-05-22 09:30:24,155 INFO Tail: mr:2829.8 mrr:21.12 hits10:48.81 hits3:38.30 hits1:2.54
2020-05-22 09:30:24,155 INFO All: mr:4570.8 mrr:19.99 hits10:46.70 hits3:36.54 hits1:1.85
2020-05-22 09:30:24,157 INFO Start Evaling...
2020-05-22 09:31:30,444 INFO Head: mr:6776.4 mrr:18.84 hits10:44.86 hits3:35.19 hits1:1.12
2020-05-22 09:31:30,444 INFO Tail: mr:2879.5 mrr:21.31 hits10:48.98 hits3:38.07 hits1:2.65
2020-05-22 09:31:30,444 INFO All: mr:4828.0 mrr:20.07 hits10:46.92 hits3:36.63 hits1:1.88
2020-05-22 09:31:30,446 INFO Improved and model saved
2020-05-22 09:31:53,864 INFO [23.4] Epoch 20: loss = 5.9244
2020-05-22 09:32:17,743 INFO [23.9] Epoch 21: loss = 5.3892
2020-05-22 09:32:41,596 INFO [23.9] Epoch 22: loss = 4.9456
2020-05-22 09:33:05,388 INFO [23.8] Epoch 23: loss = 4.5458
2020-05-22 09:33:28,892 INFO [23.5] Epoch 24: loss = 4.2128
2020-05-22 09:33:52,582 INFO [23.7] Epoch 25: loss = 3.9394
2020-05-22 09:34:16,369 INFO [23.8] Epoch 26: loss = 3.7282
2020-05-22 09:34:40,061 INFO [23.7] Epoch 27: loss = 3.4817
2020-05-22 09:35:03,490 INFO [23.4] Epoch 28: loss = 3.3475
2020-05-22 09:35:27,253 INFO [23.8] Epoch 29: loss = 3.1944
2020-05-22 09:35:27,253 INFO Start Evaling...
2020-05-22 09:36:31,725 INFO Head: mr:5767.1 mrr:20.58 hits10:46.67 hits3:38.86 hits1:1.19
2020-05-22 09:36:31,725 INFO Tail: mr:2622.6 mrr:22.77 hits10:50.63 hits3:40.47 hits1:2.80
2020-05-22 09:36:31,725 INFO All: mr:4194.9 mrr:21.67 hits10:48.65 hits3:39.67 hits1:1.99
2020-05-22 09:36:31,728 INFO Start Evaling...
2020-05-22 09:37:38,002 INFO Head: mr:6110.3 mrr:20.61 hits10:46.81 hits3:38.64 hits1:1.24
2020-05-22 09:37:38,002 INFO Tail: mr:2729.0 mrr:23.01 hits10:51.60 hits3:40.94 hits1:2.84
2020-05-22 09:37:38,003 INFO All: mr:4419.6 mrr:21.81 hits10:49.20 hits3:39.79 hits1:2.04
2020-05-22 09:37:38,005 INFO Improved and model saved
2020-05-22 09:38:01,624 INFO [23.6] Epoch 30: loss = 3.1038
2020-05-22 09:38:25,440 INFO [23.8] Epoch 31: loss = 2.9717
2020-05-22 09:38:49,150 INFO [23.7] Epoch 32: loss = 2.8958
2020-05-22 09:39:12,907 INFO [23.8] Epoch 33: loss = 2.8273
2020-05-22 09:39:36,705 INFO [23.8] Epoch 34: loss = 2.7219
2020-05-22 09:40:00,255 INFO [23.5] Epoch 35: loss = 2.6719
2020-05-22 09:40:23,932 INFO [23.7] Epoch 36: loss = 2.5953
2020-05-22 09:40:47,860 INFO [23.9] Epoch 37: loss = 2.5376
2020-05-22 09:41:11,640 INFO [23.8] Epoch 38: loss = 2.5202
2020-05-22 09:41:35,319 INFO [23.7] Epoch 39: loss = 2.4765
2020-05-22 09:41:35,320 INFO Start Evaling...
2020-05-22 09:42:39,984 INFO Head: mr:5534.8 mrr:20.87 hits10:47.69 hits3:38.93 hits1:1.09
2020-05-22 09:42:39,985 INFO Tail: mr:2537.8 mrr:22.73 hits10:51.09 hits3:40.94 hits1:2.31
2020-05-22 09:42:39,985 INFO All: mr:4036.3 mrr:21.80 hits10:49.39 hits3:39.93 hits1:1.70
2020-05-22 09:42:39,987 INFO Start Evaling...
2020-05-22 09:43:46,461 INFO Head: mr:5789.7 mrr:20.89 hits10:47.22 hits3:39.18 hits1:1.12
2020-05-22 09:43:46,462 INFO Tail: mr:2621.3 mrr:23.19 hits10:52.27 hits3:41.58 hits1:2.55
2020-05-22 09:43:46,462 INFO All: mr:4205.5 mrr:22.04 hits10:49.74 hits3:40.38 hits1:1.83
2020-05-22 09:43:46,464 INFO Improved and model saved
2020-05-22 09:44:10,140 INFO [23.7] Epoch 40: loss = 2.4322
2020-05-22 09:44:33,763 INFO [23.6] Epoch 41: loss = 2.3783
2020-05-22 09:44:57,393 INFO [23.6] Epoch 42: loss = 2.3182
2020-05-22 09:45:20,682 INFO [23.3] Epoch 43: loss = 2.3040
2020-05-22 09:45:44,300 INFO [23.6] Epoch 44: loss = 2.2623
2020-05-22 09:46:07,927 INFO [23.6] Epoch 45: loss = 2.2331
2020-05-22 09:46:31,586 INFO [23.7] Epoch 46: loss = 2.2280
2020-05-22 09:46:54,985 INFO [23.4] Epoch 47: loss = 2.1731
2020-05-22 09:47:18,659 INFO [23.7] Epoch 48: loss = 2.1639
2020-05-22 09:47:42,421 INFO [23.8] Epoch 49: loss = 2.1466
2020-05-22 09:47:42,422 INFO Start Evaling...
2020-05-22 09:48:46,884 INFO Head: mr:5442.3 mrr:21.16 hits10:47.36 hits3:39.29 hits1:1.38
2020-05-22 09:48:46,884 INFO Tail: mr:2532.4 mrr:22.88 hits10:52.01 hits3:40.80 hits1:2.31
2020-05-22 09:48:46,885 INFO All: mr:3987.4 mrr:22.02 hits10:49.69 hits3:40.05 hits1:1.85
2020-05-22 09:48:46,887 INFO Start Evaling...
2020-05-22 09:49:53,156 INFO Head: mr:5657.2 mrr:20.84 hits10:47.13 hits3:38.80 hits1:1.15
2020-05-22 09:49:53,156 INFO Tail: mr:2578.6 mrr:23.19 hits10:52.36 hits3:41.07 hits1:2.46
2020-05-22 09:49:53,156 INFO All: mr:4117.9 mrr:22.02 hits10:49.74 hits3:39.93 hits1:1.80
2020-05-22 09:49:53,158 INFO Improved and model saved
2020-05-22 09:50:16,707 INFO [23.5] Epoch 50: loss = 2.1122
2020-05-22 09:50:40,042 INFO [23.3] Epoch 51: loss = 2.0761
2020-05-22 09:51:03,839 INFO [23.8] Epoch 52: loss = 2.0574
2020-05-22 09:51:27,461 INFO [23.6] Epoch 53: loss = 2.0321
2020-05-22 09:51:51,272 INFO [23.8] Epoch 54: loss = 2.0258
2020-05-22 09:52:14,684 INFO [23.4] Epoch 55: loss = 2.0117
2020-05-22 09:52:38,301 INFO [23.6] Epoch 56: loss = 1.9966
2020-05-22 09:53:01,903 INFO [23.6] Epoch 57: loss = 1.9725
2020-05-22 09:53:25,555 INFO [23.7] Epoch 58: loss = 1.9531
2020-05-22 09:53:49,159 INFO [23.6] Epoch 59: loss = 1.9120
2020-05-22 09:53:49,159 INFO Start Evaling...
2020-05-22 09:54:53,992 INFO Head: mr:5354.8 mrr:21.13 hits10:47.03 hits3:39.52 hits1:1.12
2020-05-22 09:54:53,992 INFO Tail: mr:2509.1 mrr:22.76 hits10:52.18 hits3:40.51 hits1:2.08
2020-05-22 09:54:53,992 INFO All: mr:3932.0 mrr:21.94 hits10:49.60 hits3:40.01 hits1:1.60
2020-05-22 09:54:53,994 INFO Start Evaling...
2020-05-22 09:56:00,263 INFO Head: mr:5578.3 mrr:21.05 hits10:46.90 hits3:39.34 hits1:1.21
2020-05-22 09:56:00,263 INFO Tail: mr:2553.7 mrr:23.24 hits10:52.94 hits3:40.81 hits1:2.30
2020-05-22 09:56:00,263 INFO All: mr:4066.0 mrr:22.14 hits10:49.92 hits3:40.08 hits1:1.75
2020-05-22 09:56:00,265 INFO Declined in recent 1 epochs
2020-05-22 09:56:23,519 INFO [23.3] Epoch 60: loss = 1.9215
2020-05-22 09:56:47,165 INFO [23.6] Epoch 61: loss = 1.9357
2020-05-22 09:57:10,872 INFO [23.7] Epoch 62: loss = 1.9133
2020-05-22 09:57:34,679 INFO [23.8] Epoch 63: loss = 1.8833
2020-05-22 09:57:58,443 INFO [23.8] Epoch 64: loss = 1.8843
2020-05-22 09:58:21,739 INFO [23.3] Epoch 65: loss = 1.8555
2020-05-22 09:58:45,490 INFO [23.8] Epoch 66: loss = 1.8620
2020-05-22 09:59:09,095 INFO [23.6] Epoch 67: loss = 1.8377
2020-05-22 09:59:32,874 INFO [23.8] Epoch 68: loss = 1.8168
2020-05-22 09:59:56,142 INFO [23.3] Epoch 69: loss = 1.8289
2020-05-22 09:59:56,143 INFO Start Evaling...
2020-05-22 10:01:00,808 INFO Head: mr:5306.6 mrr:21.07 hits10:47.36 hits3:39.42 hits1:1.19
2020-05-22 10:01:00,808 INFO Tail: mr:2515.4 mrr:22.54 hits10:51.58 hits3:40.28 hits1:1.75
2020-05-22 10:01:00,808 INFO All: mr:3911.0 mrr:21.80 hits10:49.47 hits3:39.85 hits1:1.47
2020-05-22 10:01:00,810 INFO Start Evaling...
2020-05-22 10:02:07,288 INFO Head: mr:5481.9 mrr:20.91 hits10:46.78 hits3:38.99 hits1:1.12
2020-05-22 10:02:07,288 INFO Tail: mr:2534.7 mrr:23.18 hits10:52.71 hits3:41.42 hits1:2.14
2020-05-22 10:02:07,288 INFO All: mr:4008.3 mrr:22.05 hits10:49.74 hits3:40.20 hits1:1.63
2020-05-22 10:02:07,290 INFO Declined in recent 2 epochs
2020-05-22 10:02:30,918 INFO [23.6] Epoch 70: loss = 1.8079
2020-05-22 10:02:54,537 INFO [23.6] Epoch 71: loss = 1.7881
2020-05-22 10:03:18,201 INFO [23.7] Epoch 72: loss = 1.7957
2020-05-22 10:03:41,516 INFO [23.3] Epoch 73: loss = 1.7920
2020-05-22 10:04:05,231 INFO [23.7] Epoch 74: loss = 1.7587
2020-05-22 10:04:28,966 INFO [23.7] Epoch 75: loss = 1.7564
2020-05-22 10:04:52,672 INFO [23.7] Epoch 76: loss = 1.7644
2020-05-22 10:05:15,928 INFO [23.3] Epoch 77: loss = 1.7495
2020-05-22 10:05:39,693 INFO [23.8] Epoch 78: loss = 1.7600
2020-05-22 10:06:03,327 INFO [23.6] Epoch 79: loss = 1.7220
2020-05-22 10:06:03,327 INFO Start Evaling...
2020-05-22 10:07:07,982 INFO Head: mr:5314.2 mrr:21.18 hits10:47.20 hits3:39.52 hits1:1.32
2020-05-22 10:07:07,982 INFO Tail: mr:2506.7 mrr:22.70 hits10:51.75 hits3:40.74 hits1:1.78
2020-05-22 10:07:07,983 INFO All: mr:3910.4 mrr:21.94 hits10:49.47 hits3:40.13 hits1:1.55
2020-05-22 10:07:07,985 INFO Start Evaling...
2020-05-22 10:08:14,453 INFO Head: mr:5466.0 mrr:21.00 hits10:46.87 hits3:39.37 hits1:1.24
2020-05-22 10:08:14,453 INFO Tail: mr:2529.5 mrr:23.22 hits10:53.00 hits3:41.67 hits1:2.07
2020-05-22 10:08:14,453 INFO All: mr:3997.8 mrr:22.11 hits10:49.94 hits3:40.52 hits1:1.66
2020-05-22 10:08:14,455 INFO Declined in recent 3 epochs
2020-05-22 10:08:38,043 INFO [23.6] Epoch 80: loss = 1.7058
2020-05-22 10:09:01,612 INFO [23.6] Epoch 81: loss = 1.6962
2020-05-22 10:09:25,130 INFO [23.5] Epoch 82: loss = 1.6993
2020-05-22 10:09:48,789 INFO [23.7] Epoch 83: loss = 1.6674
2020-05-22 10:10:12,512 INFO [23.7] Epoch 84: loss = 1.7034
2020-05-22 10:10:36,121 INFO [23.6] Epoch 85: loss = 1.6984
2020-05-22 10:10:59,749 INFO [23.6] Epoch 86: loss = 1.6687
2020-05-22 10:11:23,069 INFO [23.3] Epoch 87: loss = 1.6710
2020-05-22 10:11:46,732 INFO [23.7] Epoch 88: loss = 1.6387
2020-05-22 10:12:10,220 INFO [23.5] Epoch 89: loss = 1.6268
2020-05-22 10:12:10,220 INFO Start Evaling...
2020-05-22 10:13:14,874 INFO Head: mr:5343.2 mrr:21.15 hits10:47.20 hits3:39.29 hits1:1.32
2020-05-22 10:13:14,874 INFO Tail: mr:2501.3 mrr:22.59 hits10:51.65 hits3:41.00 hits1:1.71
2020-05-22 10:13:14,874 INFO All: mr:3922.2 mrr:21.87 hits10:49.42 hits3:40.15 hits1:1.52
2020-05-22 10:13:14,876 INFO Start Evaling...
2020-05-22 10:14:21,339 INFO Head: mr:5451.3 mrr:21.11 hits10:46.81 hits3:39.18 hits1:1.40
2020-05-22 10:14:21,339 INFO Tail: mr:2526.7 mrr:23.24 hits10:52.65 hits3:41.45 hits1:2.07
2020-05-22 10:14:21,339 INFO All: mr:3989.0 mrr:22.18 hits10:49.73 hits3:40.32 hits1:1.74
2020-05-22 10:14:21,341 INFO Declined in recent 4 epochs
2020-05-22 10:14:45,091 INFO [23.7] Epoch 90: loss = 1.6547
2020-05-22 10:15:08,310 INFO [23.2] Epoch 91: loss = 1.6691
2020-05-22 10:15:31,883 INFO [23.6] Epoch 92: loss = 1.6620
2020-05-22 10:15:55,577 INFO [23.7] Epoch 93: loss = 1.6649
2020-05-22 10:16:19,240 INFO [23.7] Epoch 94: loss = 1.6300
2020-05-22 10:16:42,575 INFO [23.3] Epoch 95: loss = 1.6292
2020-05-22 10:17:06,082 INFO [23.5] Epoch 96: loss = 1.6227
2020-05-22 10:17:29,714 INFO [23.6] Epoch 97: loss = 1.5952
2020-05-22 10:17:53,331 INFO [23.6] Epoch 98: loss = 1.6183
2020-05-22 10:18:16,636 INFO [23.3] Epoch 99: loss = 1.5863
2020-05-22 10:18:16,637 INFO Start Evaling...
2020-05-22 10:19:21,310 INFO Head: mr:5368.2 mrr:21.16 hits10:47.26 hits3:39.42 hits1:1.42
2020-05-22 10:19:21,310 INFO Tail: mr:2544.6 mrr:22.66 hits10:51.65 hits3:40.61 hits1:1.94
2020-05-22 10:19:21,311 INFO All: mr:3956.4 mrr:21.91 hits10:49.46 hits3:40.01 hits1:1.68
2020-05-22 10:19:21,313 INFO Start Evaling...
2020-05-22 10:20:27,599 INFO Head: mr:5445.6 mrr:21.02 hits10:46.65 hits3:38.77 hits1:1.37
2020-05-22 10:20:27,599 INFO Tail: mr:2536.1 mrr:23.28 hits10:52.97 hits3:41.42 hits1:2.14
2020-05-22 10:20:27,600 INFO All: mr:3990.9 mrr:22.15 hits10:49.81 hits3:40.09 hits1:1.75
2020-05-22 10:20:27,602 INFO Declined in recent 5 epochs
2020-05-22 10:20:27,602 INFO Early stopping
2020-05-22 10:20:27,602 INFO Train done
2020-05-22 10:20:27,615 INFO Start Evaling...
2020-05-22 10:21:33,880 INFO Head: mr:5657.2 mrr:20.84 hits10:47.13 hits3:38.80 hits1:1.15
2020-05-22 10:21:33,880 INFO Tail: mr:2578.6 mrr:23.19 hits10:52.36 hits3:41.07 hits1:2.46
2020-05-22 10:21:33,881 INFO All: mr:4117.9 mrr:22.02 hits10:49.74 hits3:39.93 hits1:1.80
