2020-05-17 03:07:44,045 INFO EPOCH: 1000
2020-05-17 03:07:44,045 INFO EVERY: 10
2020-05-17 03:07:44,045 INFO LR: 0.001
2020-05-17 03:07:44,045 INFO DIM: 100
2020-05-17 03:07:44,046 INFO BATCH_SIZE: 256
2020-05-17 03:07:44,046 INFO BATCH_SIZE2: 100
2020-05-17 03:07:44,046 INFO P: 1
2020-05-17 03:07:44,046 INFO CLIPPING_MAX_VALUE: 4.0
2020-05-17 03:07:44,046 INFO OPTIM: Adam
2020-05-17 03:07:44,046 INFO N_SAMPLE: 10
2020-05-17 03:07:44,046 INFO MODE: grap
2020-05-17 03:07:44,046 INFO RATE: 0.05
2020-05-17 03:07:44,046 INFO GAMMA: 12.0
2020-05-17 03:07:44,046 INFO BERN: True
2020-05-17 03:07:44,046 INFO MARGIN: 4.0
2020-05-17 03:07:44,047 INFO REG: 1.0
2020-05-17 03:07:44,047 INFO LABEL_SMOOTH_EPS: 0.1
2020-05-17 03:07:44,047 INFO INPUT_DROP: 0.2
2020-05-17 03:07:44,047 INFO FEAT_DROP: 0.2
2020-05-17 03:07:44,047 INFO HIDD_DROP: 0.3
2020-05-17 03:07:44,047 INFO CHANNELS: 50
2020-05-17 03:07:44,047 INFO KERNEL_SIZE: 3
2020-05-17 03:07:44,047 INFO N_POOL: 100
2020-05-17 03:07:44,047 INFO MODEL_D: TransH
2020-05-17 03:07:44,047 INFO MODEL_G: DistMult
2020-05-17 03:07:44,048 INFO SCRATCH: False
2020-05-17 03:07:44,048 INFO D_FILE: None
2020-05-17 03:07:44,048 INFO G_FILE: None
2020-05-17 03:07:44,048 INFO PATH: data
2020-05-17 03:07:44,048 INFO DATA: WN18RR
2020-05-17 03:07:44,048 INFO EXP_PATH: experiment/WN18RR
2020-05-17 03:07:44,048 INFO MODEL: TransH
2020-05-17 03:07:44,048 INFO V: -10.05
2020-05-17 03:07:44,048 INFO F: True
2020-05-17 03:07:44,048 INFO EVAL: False
2020-05-17 03:07:44,048 INFO TRAINED: False
2020-05-17 03:07:44,048 INFO PRETRAINED_NAME: None
2020-05-17 03:07:44,049 INFO EXP_NAME: TransH-WN18RR-grap--10.05
2020-05-17 03:07:44,049 INFO --------------------------------------
2020-05-17 03:07:48,897 INFO Dataload done
2020-05-17 03:07:48,897 INFO --------------------------------------
2020-05-17 03:07:48,897 INFO N_ENTITY: 40943
2020-05-17 03:07:48,897 INFO N_RELATION: 11
2020-05-17 03:07:48,897 INFO --------------------------------------
2020-05-17 03:07:52,363 INFO Start Training...
2020-05-17 03:08:17,977 INFO [25.6] Epoch 0: loss = 327.8688
2020-05-17 03:08:43,261 INFO [25.3] Epoch 1: loss = 284.5693
2020-05-17 03:09:09,045 INFO [25.8] Epoch 2: loss = 248.0948
2020-05-17 03:09:34,784 INFO [25.7] Epoch 3: loss = 212.8559
2020-05-17 03:10:00,249 INFO [25.5] Epoch 4: loss = 181.6060
2020-05-17 03:10:25,545 INFO [25.3] Epoch 5: loss = 153.8158
2020-05-17 03:10:51,461 INFO [25.9] Epoch 6: loss = 128.7397
2020-05-17 03:11:16,883 INFO [25.4] Epoch 7: loss = 106.8616
2020-05-17 03:11:42,424 INFO [25.5] Epoch 8: loss = 88.2888
2020-05-17 03:12:08,394 INFO [26.0] Epoch 9: loss = 73.3884
2020-05-17 03:12:08,394 INFO Start Evaling...
2020-05-17 03:13:13,021 INFO Head: mr:9791.0 mrr:11.45 hits:29.24
2020-05-17 03:13:13,021 INFO Tail: mr:4448.8 mrr:13.28 hits:31.81
2020-05-17 03:13:13,021 INFO All: mr:7119.9 mrr:12.37 hits:30.52
2020-05-17 03:13:13,023 INFO Start Evaling...
2020-05-17 03:14:19,476 INFO Head: mr:9875.2 mrr:11.21 hits:27.76
2020-05-17 03:14:19,476 INFO Tail: mr:4020.7 mrr:12.72 hits:30.66
2020-05-17 03:14:19,477 INFO All: mr:6948.0 mrr:11.96 hits:29.21
2020-05-17 03:14:19,478 INFO Improved and model saved
2020-05-17 03:14:45,274 INFO [25.8] Epoch 10: loss = 61.4923
2020-05-17 03:15:11,566 INFO [26.3] Epoch 11: loss = 51.7872
2020-05-17 03:15:37,522 INFO [26.0] Epoch 12: loss = 44.4033
2020-05-17 03:16:03,043 INFO [25.5] Epoch 13: loss = 38.7014
2020-05-17 03:16:29,093 INFO [26.0] Epoch 14: loss = 34.1620
2020-05-17 03:16:54,446 INFO [25.4] Epoch 15: loss = 30.4005
2020-05-17 03:17:20,426 INFO [26.0] Epoch 16: loss = 27.8778
2020-05-17 03:17:45,862 INFO [25.4] Epoch 17: loss = 25.7581
2020-05-17 03:18:11,904 INFO [26.0] Epoch 18: loss = 23.9080
2020-05-17 03:18:37,358 INFO [25.5] Epoch 19: loss = 22.5591
2020-05-17 03:18:37,359 INFO Start Evaling...
2020-05-17 03:19:41,984 INFO Head: mr:7639.4 mrr:15.41 hits:38.17
2020-05-17 03:19:41,985 INFO Tail: mr:3534.9 mrr:17.64 hits:42.19
2020-05-17 03:19:41,985 INFO All: mr:5587.1 mrr:16.53 hits:40.18
2020-05-17 03:19:41,987 INFO Start Evaling...
2020-05-17 03:20:48,441 INFO Head: mr:7868.1 mrr:15.19 hits:38.16
2020-05-17 03:20:48,442 INFO Tail: mr:3277.2 mrr:17.96 hits:42.47
2020-05-17 03:20:48,442 INFO All: mr:5572.7 mrr:16.57 hits:40.32
2020-05-17 03:20:48,444 INFO Improved and model saved
2020-05-17 03:21:14,418 INFO [26.0] Epoch 20: loss = 21.4273
2020-05-17 03:21:40,451 INFO [26.0] Epoch 21: loss = 20.4586
2020-05-17 03:22:05,554 INFO [25.1] Epoch 22: loss = 19.6270
2020-05-17 03:22:31,515 INFO [26.0] Epoch 23: loss = 19.0612
2020-05-17 03:22:57,004 INFO [25.5] Epoch 24: loss = 18.3443
2020-05-17 03:23:23,014 INFO [26.0] Epoch 25: loss = 17.7500
2020-05-17 03:23:48,883 INFO [25.9] Epoch 26: loss = 17.3051
2020-05-17 03:24:14,872 INFO [26.0] Epoch 27: loss = 16.9951
2020-05-17 03:24:40,781 INFO [25.9] Epoch 28: loss = 16.6197
2020-05-17 03:25:06,241 INFO [25.5] Epoch 29: loss = 16.2341
2020-05-17 03:25:06,241 INFO Start Evaling...
2020-05-17 03:26:10,713 INFO Head: mr:7041.9 mrr:17.45 hits:41.36
2020-05-17 03:26:10,713 INFO Tail: mr:3216.4 mrr:19.93 hits:45.42
2020-05-17 03:26:10,713 INFO All: mr:5129.1 mrr:18.69 hits:43.39
2020-05-17 03:26:10,715 INFO Start Evaling...
2020-05-17 03:27:17,007 INFO Head: mr:7266.3 mrr:17.33 hits:41.96
2020-05-17 03:27:17,008 INFO Tail: mr:3109.6 mrr:20.39 hits:46.20
2020-05-17 03:27:17,008 INFO All: mr:5188.0 mrr:18.86 hits:44.08
2020-05-17 03:27:17,010 INFO Improved and model saved
2020-05-17 03:27:42,600 INFO [25.6] Epoch 30: loss = 15.8245
2020-05-17 03:28:08,115 INFO [25.5] Epoch 31: loss = 15.6182
2020-05-17 03:28:34,365 INFO [26.2] Epoch 32: loss = 15.4011
2020-05-17 03:29:00,275 INFO [25.9] Epoch 33: loss = 15.0863
2020-05-17 03:29:26,382 INFO [26.1] Epoch 34: loss = 15.1567
2020-05-17 03:29:52,471 INFO [26.1] Epoch 35: loss = 14.7947
2020-05-17 03:30:18,081 INFO [25.6] Epoch 36: loss = 14.7419
2020-05-17 03:30:44,114 INFO [26.0] Epoch 37: loss = 14.4859
2020-05-17 03:31:10,144 INFO [26.0] Epoch 38: loss = 14.2729
2020-05-17 03:31:35,425 INFO [25.3] Epoch 39: loss = 14.1557
2020-05-17 03:31:35,426 INFO Start Evaling...
2020-05-17 03:32:39,929 INFO Head: mr:6871.5 mrr:18.43 hits:43.18
2020-05-17 03:32:39,929 INFO Tail: mr:3158.6 mrr:20.75 hits:47.26
2020-05-17 03:32:39,929 INFO All: mr:5015.1 mrr:19.59 hits:45.22
2020-05-17 03:32:39,931 INFO Start Evaling...
2020-05-17 03:33:46,255 INFO Head: mr:7079.4 mrr:18.51 hits:43.59
2020-05-17 03:33:46,256 INFO Tail: mr:3015.2 mrr:21.46 hits:47.89
2020-05-17 03:33:46,256 INFO All: mr:5047.3 mrr:19.98 hits:45.74
2020-05-17 03:33:46,258 INFO Improved and model saved
2020-05-17 03:34:11,749 INFO [25.5] Epoch 40: loss = 14.1334
2020-05-17 03:34:37,801 INFO [26.1] Epoch 41: loss = 13.9167
