2020-05-23 16:51:31,897 INFO EPOCH: 1000
2020-05-23 16:51:31,898 INFO EVERY: 10
2020-05-23 16:51:31,898 INFO LR: 0.001
2020-05-23 16:51:31,898 INFO DIM: 100
2020-05-23 16:51:31,898 INFO BATCH_SIZE: 256
2020-05-23 16:51:31,898 INFO BATCH_SIZE2: 100
2020-05-23 16:51:31,898 INFO P: 1
2020-05-23 16:51:31,898 INFO CLIPPING_MAX_VALUE: 4.0
2020-05-23 16:51:31,898 INFO OPTIM: Adam
2020-05-23 16:51:31,898 INFO N_SAMPLE: 50
2020-05-23 16:51:31,898 INFO MODE: grap
2020-05-23 16:51:31,899 INFO RATE: 0.01
2020-05-23 16:51:31,899 INFO GAMMA: 12.0
2020-05-23 16:51:31,899 INFO BERN: True
2020-05-23 16:51:31,899 INFO MARGIN: 4.0
2020-05-23 16:51:31,899 INFO REG: 1.0
2020-05-23 16:51:31,899 INFO LABEL_SMOOTH_EPS: 0.1
2020-05-23 16:51:31,899 INFO INPUT_DROP: 0.2
2020-05-23 16:51:31,899 INFO FEAT_DROP: 0.2
2020-05-23 16:51:31,899 INFO HIDD_DROP: 0.3
2020-05-23 16:51:31,899 INFO CHANNELS: 50
2020-05-23 16:51:31,899 INFO KERNEL_SIZE: 3
2020-05-23 16:51:31,900 INFO N_POOL: 100
2020-05-23 16:51:31,900 INFO MODEL_D: TransH
2020-05-23 16:51:31,900 INFO MODEL_G: DistMult
2020-05-23 16:51:31,900 INFO SCRATCH: False
2020-05-23 16:51:31,900 INFO D_FILE: None
2020-05-23 16:51:31,900 INFO G_FILE: None
2020-05-23 16:51:31,900 INFO PATH: data
2020-05-23 16:51:31,900 INFO DATA: WN18RR
2020-05-23 16:51:31,900 INFO EXP_PATH: experiment/WN18RR
2020-05-23 16:51:31,900 INFO MODEL: TransH
2020-05-23 16:51:31,900 INFO V: 50.0
2020-05-23 16:51:31,901 INFO F: True
2020-05-23 16:51:31,901 INFO ADV: True
2020-05-23 16:51:31,901 INFO EVAL: False
2020-05-23 16:51:31,901 INFO TRAINED: False
2020-05-23 16:51:31,901 INFO PRETRAINED_NAME: None
2020-05-23 16:51:31,901 INFO EXP_NAME: TransH-WN18RR-grap-50.0
2020-05-23 16:51:31,901 INFO --------------------------------------
2020-05-23 16:51:36,743 INFO Dataload done
2020-05-23 16:51:36,743 INFO --------------------------------------
2020-05-23 16:51:36,744 INFO N_ENTITY: 40943
2020-05-23 16:51:36,744 INFO N_RELATION: 11
2020-05-23 16:51:36,744 INFO --------------------------------------
2020-05-23 16:51:40,149 INFO Start Training...
2020-05-23 16:52:16,600 INFO [36.5] Epoch 0: loss = 344.8328
2020-05-23 16:52:53,054 INFO [36.5] Epoch 1: loss = 316.4918
2020-05-23 16:53:29,891 INFO [36.8] Epoch 2: loss = 290.1284
2020-05-23 16:54:06,515 INFO [36.6] Epoch 3: loss = 262.5089
2020-05-23 16:54:43,705 INFO [37.2] Epoch 4: loss = 233.9690
2020-05-23 16:55:20,069 INFO [36.4] Epoch 5: loss = 205.4914
2020-05-23 16:55:57,215 INFO [37.1] Epoch 6: loss = 178.9028
2020-05-23 16:56:34,246 INFO [37.0] Epoch 7: loss = 155.9339
2020-05-23 16:57:10,521 INFO [36.3] Epoch 8: loss = 137.7359
2020-05-23 16:57:47,099 INFO [36.6] Epoch 9: loss = 123.5866
2020-05-23 16:57:47,099 INFO Start Evaling...
2020-05-23 16:58:51,607 INFO Head: mr:8680.8 mrr:11.48 hits10:29.30 hits3:19.12 hits1:1.05
2020-05-23 16:58:51,607 INFO Tail: mr:3904.7 mrr:12.32 hits10:30.92 hits3:19.71 hits1:1.55
2020-05-23 16:58:51,607 INFO All: mr:6292.8 mrr:11.90 hits10:30.11 hits3:19.41 hits1:1.30
2020-05-23 16:58:51,609 INFO Start Evaling...
2020-05-23 16:59:57,921 INFO Head: mr:9340.9 mrr:11.06 hits10:28.75 hits3:17.33 hits1:1.18
2020-05-23 16:59:57,921 INFO Tail: mr:3792.6 mrr:12.63 hits10:31.75 hits3:19.72 hits1:1.82
2020-05-23 16:59:57,921 INFO All: mr:6566.8 mrr:11.84 hits10:30.25 hits3:18.52 hits1:1.50
2020-05-23 16:59:57,923 INFO Improved and model saved
2020-05-23 17:00:34,675 INFO [36.7] Epoch 10: loss = 113.1732
2020-05-23 17:01:11,910 INFO [37.2] Epoch 11: loss = 104.5118
2020-05-23 17:01:48,606 INFO [36.7] Epoch 12: loss = 98.9821
2020-05-23 17:02:25,696 INFO [37.1] Epoch 13: loss = 93.6985
2020-05-23 17:03:02,867 INFO [37.2] Epoch 14: loss = 89.3516
2020-05-23 17:03:39,079 INFO [36.2] Epoch 15: loss = 87.0879
2020-05-23 17:04:15,684 INFO [36.6] Epoch 16: loss = 83.8657
2020-05-23 17:04:52,198 INFO [36.5] Epoch 17: loss = 81.3757
2020-05-23 17:05:29,304 INFO [37.1] Epoch 18: loss = 78.9872
2020-05-23 17:06:05,909 INFO [36.6] Epoch 19: loss = 77.7685
2020-05-23 17:06:05,909 INFO Start Evaling...
2020-05-23 17:07:10,394 INFO Head: mr:7206.1 mrr:11.85 hits10:31.58 hits3:18.09 hits1:1.55
2020-05-23 17:07:10,394 INFO Tail: mr:3277.2 mrr:13.23 hits10:34.05 hits3:19.58 hits1:2.34
2020-05-23 17:07:10,394 INFO All: mr:5241.7 mrr:12.54 hits10:32.81 hits3:18.84 hits1:1.94
2020-05-23 17:07:10,397 INFO Start Evaling...
2020-05-23 17:08:16,704 INFO Head: mr:7712.0 mrr:11.49 hits10:30.60 hits3:16.85 hits1:1.88
2020-05-23 17:08:16,704 INFO Tail: mr:3307.7 mrr:13.96 hits10:34.46 hits3:20.07 hits1:3.16
2020-05-23 17:08:16,704 INFO All: mr:5509.8 mrr:12.73 hits10:32.53 hits3:18.46 hits1:2.52
2020-05-23 17:08:16,706 INFO Improved and model saved
2020-05-23 17:08:53,391 INFO [36.7] Epoch 20: loss = 75.6568
2020-05-23 17:09:30,479 INFO [37.1] Epoch 21: loss = 74.8069
2020-05-23 17:10:06,792 INFO [36.3] Epoch 22: loss = 73.9738
2020-05-23 17:10:43,847 INFO [37.1] Epoch 23: loss = 73.3785
2020-05-23 17:11:20,519 INFO [36.7] Epoch 24: loss = 71.8580
2020-05-23 17:11:57,502 INFO [37.0] Epoch 25: loss = 69.7888
2020-05-23 17:12:34,492 INFO [37.0] Epoch 26: loss = 69.8461
2020-05-23 17:13:11,045 INFO [36.6] Epoch 27: loss = 68.4786
2020-05-23 17:13:48,105 INFO [37.1] Epoch 28: loss = 67.9560
2020-05-23 17:14:24,161 INFO [36.1] Epoch 29: loss = 68.4499
2020-05-23 17:14:24,162 INFO Start Evaling...
2020-05-23 17:15:28,864 INFO Head: mr:6862.5 mrr:11.48 hits10:32.17 hits3:16.22 hits1:1.71
2020-05-23 17:15:28,864 INFO Tail: mr:3128.5 mrr:12.53 hits10:32.70 hits3:17.90 hits1:2.31
2020-05-23 17:15:28,864 INFO All: mr:4995.5 mrr:12.01 hits10:32.43 hits3:17.06 hits1:2.01
2020-05-23 17:15:28,866 INFO Start Evaling...
2020-05-23 17:16:35,183 INFO Head: mr:7342.2 mrr:11.51 hits10:31.56 hits3:15.60 hits1:2.17
2020-05-23 17:16:35,183 INFO Tail: mr:3145.6 mrr:13.17 hits10:34.14 hits3:18.06 hits1:2.90
2020-05-23 17:16:35,183 INFO All: mr:5243.9 mrr:12.34 hits10:32.85 hits3:16.83 hits1:2.54
2020-05-23 17:16:35,185 INFO Declined in recent 1 epochs
2020-05-23 17:17:11,964 INFO [36.8] Epoch 30: loss = 66.5048
2020-05-23 17:17:48,557 INFO [36.6] Epoch 31: loss = 66.2810
2020-05-23 17:18:25,280 INFO [36.7] Epoch 32: loss = 65.7735
2020-05-23 17:19:02,252 INFO [37.0] Epoch 33: loss = 65.1016
2020-05-23 17:19:39,000 INFO [36.7] Epoch 34: loss = 64.5649
2020-05-23 17:20:15,673 INFO [36.7] Epoch 35: loss = 64.1922
2020-05-23 17:20:51,899 INFO [36.2] Epoch 36: loss = 64.1911
2020-05-23 17:21:28,531 INFO [36.6] Epoch 37: loss = 63.8255
2020-05-23 17:22:05,653 INFO [37.1] Epoch 38: loss = 62.3946
2020-05-23 17:22:42,186 INFO [36.5] Epoch 39: loss = 62.2025
2020-05-23 17:22:42,186 INFO Start Evaling...
2020-05-23 17:23:46,690 INFO Head: mr:6693.2 mrr:12.04 hits10:32.93 hits3:16.55 hits1:2.37
2020-05-23 17:23:46,690 INFO Tail: mr:3001.4 mrr:13.08 hits10:33.72 hits3:18.36 hits1:2.80
2020-05-23 17:23:46,690 INFO All: mr:4847.3 mrr:12.56 hits10:33.32 hits3:17.45 hits1:2.59
2020-05-23 17:23:46,692 INFO Start Evaling...
2020-05-23 17:24:53,011 INFO Head: mr:7119.5 mrr:11.43 hits10:32.00 hits3:15.12 hits1:2.11
2020-05-23 17:24:53,011 INFO Tail: mr:3078.7 mrr:13.64 hits10:34.27 hits3:18.79 hits1:3.35
2020-05-23 17:24:53,012 INFO All: mr:5099.1 mrr:12.54 hits10:33.14 hits3:16.96 hits1:2.73
2020-05-23 17:24:53,013 INFO Improved and model saved
2020-05-23 17:25:29,687 INFO [36.7] Epoch 40: loss = 62.1060
2020-05-23 17:26:06,778 INFO [37.1] Epoch 41: loss = 62.0536
2020-05-23 17:26:43,034 INFO [36.3] Epoch 42: loss = 61.1381
2020-05-23 17:27:19,665 INFO [36.6] Epoch 43: loss = 61.7224
2020-05-23 17:27:56,876 INFO [37.2] Epoch 44: loss = 61.7125
2020-05-23 17:28:33,541 INFO [36.7] Epoch 45: loss = 59.9656
2020-05-23 17:29:10,292 INFO [36.8] Epoch 46: loss = 60.8168
2020-05-23 17:29:47,351 INFO [37.1] Epoch 47: loss = 60.4117
2020-05-23 17:30:24,127 INFO [36.8] Epoch 48: loss = 59.6948
2020-05-23 17:31:01,104 INFO [37.0] Epoch 49: loss = 59.9122
2020-05-23 17:31:01,105 INFO Start Evaling...
2020-05-23 17:32:05,779 INFO Head: mr:6551.6 mrr:12.02 hits10:32.96 hits3:16.48 hits1:2.41
2020-05-23 17:32:05,780 INFO Tail: mr:2935.1 mrr:12.68 hits10:32.83 hits3:17.53 hits1:2.64
2020-05-23 17:32:05,780 INFO All: mr:4743.4 mrr:12.35 hits10:32.89 hits3:17.01 hits1:2.52
2020-05-23 17:32:05,782 INFO Start Evaling...
2020-05-23 17:33:12,280 INFO Head: mr:6954.5 mrr:11.14 hits10:31.62 hits3:14.49 hits1:2.07
2020-05-23 17:33:12,280 INFO Tail: mr:2970.8 mrr:13.38 hits10:34.37 hits3:17.65 hits1:3.48
2020-05-23 17:33:12,280 INFO All: mr:4962.6 mrr:12.26 hits10:32.99 hits3:16.07 hits1:2.78
2020-05-23 17:33:12,282 INFO Declined in recent 1 epochs
2020-05-23 17:33:49,388 INFO [37.1] Epoch 50: loss = 59.5531
2020-05-23 17:34:25,579 INFO [36.2] Epoch 51: loss = 58.6482
2020-05-23 17:35:02,251 INFO [36.7] Epoch 52: loss = 59.7563
2020-05-23 17:35:39,555 INFO [37.3] Epoch 53: loss = 59.2930
2020-05-23 17:36:16,323 INFO [36.8] Epoch 54: loss = 58.9603
2020-05-23 17:36:53,475 INFO [37.2] Epoch 55: loss = 59.0621
2020-05-23 17:37:30,157 INFO [36.7] Epoch 56: loss = 58.3490
2020-05-23 17:38:07,001 INFO [36.8] Epoch 57: loss = 58.0100
2020-05-23 17:38:44,077 INFO [37.1] Epoch 58: loss = 58.5956
2020-05-23 17:39:20,869 INFO [36.8] Epoch 59: loss = 58.0495
2020-05-23 17:39:20,870 INFO Start Evaling...
2020-05-23 17:40:25,350 INFO Head: mr:6308.1 mrr:11.73 hits10:32.17 hits3:15.49 hits1:2.44
2020-05-23 17:40:25,350 INFO Tail: mr:2969.5 mrr:12.37 hits10:33.19 hits3:16.28 hits1:2.64
2020-05-23 17:40:25,351 INFO All: mr:4638.8 mrr:12.05 hits10:32.68 hits3:15.89 hits1:2.54
2020-05-23 17:40:25,353 INFO Start Evaling...
2020-05-23 17:41:31,651 INFO Head: mr:6744.2 mrr:11.01 hits10:30.95 hits3:13.88 hits1:2.30
2020-05-23 17:41:31,651 INFO Tail: mr:2999.1 mrr:12.98 hits10:33.73 hits3:17.07 hits1:3.16
2020-05-23 17:41:31,651 INFO All: mr:4871.7 mrr:11.99 hits10:32.34 hits3:15.48 hits1:2.73
2020-05-23 17:41:31,653 INFO Declined in recent 2 epochs
2020-05-23 17:42:08,435 INFO [36.8] Epoch 60: loss = 58.0655
2020-05-23 17:42:44,901 INFO [36.5] Epoch 61: loss = 57.8176
2020-05-23 17:43:21,780 INFO [36.9] Epoch 62: loss = 57.6062
2020-05-23 17:43:58,935 INFO [37.2] Epoch 63: loss = 56.7756
2020-05-23 17:44:35,671 INFO [36.7] Epoch 64: loss = 56.8586
2020-05-23 17:45:12,951 INFO [37.3] Epoch 65: loss = 56.6812
2020-05-23 17:45:50,082 INFO [37.1] Epoch 66: loss = 57.0793
2020-05-23 17:46:27,421 INFO [37.3] Epoch 67: loss = 56.5487
2020-05-23 17:47:04,563 INFO [37.1] Epoch 68: loss = 55.9805
2020-05-23 17:47:41,721 INFO [37.2] Epoch 69: loss = 56.9157
2020-05-23 17:47:41,721 INFO Start Evaling...
2020-05-23 17:48:46,407 INFO Head: mr:6239.9 mrr:12.05 hits10:32.63 hits3:16.02 hits1:2.74
2020-05-23 17:48:46,407 INFO Tail: mr:2901.3 mrr:12.55 hits10:32.89 hits3:16.78 hits1:2.87
2020-05-23 17:48:46,407 INFO All: mr:4570.6 mrr:12.30 hits10:32.76 hits3:16.40 hits1:2.80
2020-05-23 17:48:46,409 INFO Start Evaling...
2020-05-23 17:49:52,922 INFO Head: mr:6612.9 mrr:11.23 hits10:31.49 hits3:13.66 hits1:2.30
2020-05-23 17:49:52,922 INFO Tail: mr:2905.9 mrr:13.62 hits10:34.72 hits3:18.28 hits1:3.57
2020-05-23 17:49:52,922 INFO All: mr:4759.4 mrr:12.43 hits10:33.10 hits3:15.97 hits1:2.94
2020-05-23 17:49:52,924 INFO Declined in recent 3 epochs
2020-05-23 17:50:30,160 INFO [37.2] Epoch 70: loss = 56.9402
2020-05-23 17:51:06,549 INFO [36.4] Epoch 71: loss = 56.8278
2020-05-23 17:51:43,306 INFO [36.8] Epoch 72: loss = 56.2633
2020-05-23 17:52:20,219 INFO [36.9] Epoch 73: loss = 56.7046
2020-05-23 17:52:57,065 INFO [36.8] Epoch 74: loss = 56.0813
2020-05-23 17:53:34,359 INFO [37.3] Epoch 75: loss = 55.3810
2020-05-23 17:54:11,536 INFO [37.2] Epoch 76: loss = 56.6102
2020-05-23 17:54:48,775 INFO [37.2] Epoch 77: loss = 55.4316
2020-05-23 17:55:25,673 INFO [36.9] Epoch 78: loss = 55.3631
2020-05-23 17:56:02,503 INFO [36.8] Epoch 79: loss = 55.2591
2020-05-23 17:56:02,503 INFO Start Evaling...
2020-05-23 17:57:07,189 INFO Head: mr:6038.1 mrr:11.89 hits10:32.27 hits3:16.05 hits1:2.64
2020-05-23 17:57:07,189 INFO Tail: mr:2926.6 mrr:12.63 hits10:33.39 hits3:16.38 hits1:3.03
2020-05-23 17:57:07,189 INFO All: mr:4482.3 mrr:12.26 hits10:32.83 hits3:16.22 hits1:2.83
2020-05-23 17:57:07,192 INFO Start Evaling...
2020-05-23 17:58:13,701 INFO Head: mr:6473.4 mrr:11.00 hits10:31.24 hits3:14.17 hits1:2.20
2020-05-23 17:58:13,701 INFO Tail: mr:2945.2 mrr:13.09 hits10:33.63 hits3:16.69 hits1:3.61
2020-05-23 17:58:13,701 INFO All: mr:4709.3 mrr:12.05 hits10:32.43 hits3:15.43 hits1:2.90
2020-05-23 17:58:13,703 INFO Declined in recent 4 epochs
2020-05-23 17:58:50,906 INFO [37.2] Epoch 80: loss = 55.6829
2020-05-23 17:59:28,472 INFO [37.6] Epoch 81: loss = 55.3158
2020-05-23 18:00:05,376 INFO [36.9] Epoch 82: loss = 55.8170
2020-05-23 18:00:42,532 INFO [37.2] Epoch 83: loss = 55.4063
2020-05-23 18:01:19,198 INFO [36.7] Epoch 84: loss = 54.6208
2020-05-23 18:01:56,031 INFO [36.8] Epoch 85: loss = 55.4832
2020-05-23 18:02:33,020 INFO [37.0] Epoch 86: loss = 54.3569
2020-05-23 18:03:10,171 INFO [37.2] Epoch 87: loss = 54.2787
2020-05-23 18:03:47,484 INFO [37.3] Epoch 88: loss = 55.1636
2020-05-23 18:04:24,083 INFO [36.6] Epoch 89: loss = 54.1992
2020-05-23 18:04:24,084 INFO Start Evaling...
2020-05-23 18:05:28,575 INFO Head: mr:6008.1 mrr:11.98 hits10:32.04 hits3:15.56 hits1:2.83
2020-05-23 18:05:28,575 INFO Tail: mr:2857.1 mrr:12.34 hits10:32.20 hits3:15.92 hits1:3.13
2020-05-23 18:05:28,575 INFO All: mr:4432.6 mrr:12.16 hits10:32.12 hits3:15.74 hits1:2.98
2020-05-23 18:05:28,578 INFO Start Evaling...
2020-05-23 18:06:34,885 INFO Head: mr:6414.1 mrr:11.17 hits10:30.60 hits3:13.59 hits1:2.68
2020-05-23 18:06:34,885 INFO Tail: mr:2933.3 mrr:13.06 hits10:33.25 hits3:16.59 hits1:3.70
2020-05-23 18:06:34,885 INFO All: mr:4673.7 mrr:12.12 hits10:31.92 hits3:15.09 hits1:3.19
2020-05-23 18:06:34,887 INFO Declined in recent 5 epochs
2020-05-23 18:06:34,887 INFO Early stopping
2020-05-23 18:06:34,888 INFO Train done
2020-05-23 18:06:34,900 INFO Start Evaling...
2020-05-23 18:07:41,202 INFO Head: mr:7119.5 mrr:11.43 hits10:32.00 hits3:15.12 hits1:2.11
2020-05-23 18:07:41,202 INFO Tail: mr:3078.7 mrr:13.64 hits10:34.27 hits3:18.79 hits1:3.35
2020-05-23 18:07:41,203 INFO All: mr:5099.1 mrr:12.54 hits10:33.14 hits3:16.96 hits1:2.73
