2020-04-01 01:30:55,685 INFO EPOCH: 1000
2020-04-01 01:30:55,685 INFO EVERY: 10
2020-04-01 01:30:55,685 INFO LR: 0.001
2020-04-01 01:30:55,685 INFO DIM: 100
2020-04-01 01:30:55,685 INFO BATCH_SIZE: 256
2020-04-01 01:30:55,685 INFO BATCH_SIZE2: 100
2020-04-01 01:30:55,685 INFO P: 1
2020-04-01 01:30:55,685 INFO CLIPPING_MAX_VALUE: 4.0
2020-04-01 01:30:55,685 INFO OPTIM: Adam
2020-04-01 01:30:55,685 INFO N_SAMPLE: 12
2020-04-01 01:30:55,685 INFO MODE: popu
2020-04-01 01:30:55,685 INFO GAMMA: 12.0
2020-04-01 01:30:55,685 INFO BERN: True
2020-04-01 01:30:55,685 INFO MARGIN: 4.0
2020-04-01 01:30:55,685 INFO REG: 1.0
2020-04-01 01:30:55,685 INFO LABEL_SMOOTH_EPS: 0.1
2020-04-01 01:30:55,685 INFO INPUT_DROP: 0.2
2020-04-01 01:30:55,685 INFO FEAT_DROP: 0.2
2020-04-01 01:30:55,686 INFO HIDD_DROP: 0.3
2020-04-01 01:30:55,686 INFO CHANNELS: 50
2020-04-01 01:30:55,686 INFO KERNEL_SIZE: 3
2020-04-01 01:30:55,686 INFO N_POOL: 100
2020-04-01 01:30:55,686 INFO MODEL_D: TransH
2020-04-01 01:30:55,686 INFO MODEL_G: DistMult
2020-04-01 01:30:55,686 INFO D_FILE: None
2020-04-01 01:30:55,686 INFO G_FILE: None
2020-04-01 01:30:55,686 INFO PATH: data
2020-04-01 01:30:55,686 INFO DATA: WN18RR
2020-04-01 01:30:55,686 INFO EXP_PATH: experiment/WN18RR
2020-04-01 01:30:55,686 INFO MODEL: TransH
2020-04-01 01:30:55,686 INFO V: 0
2020-04-01 01:30:55,686 INFO F: False
2020-04-01 01:30:55,686 INFO EVAL: False
2020-04-01 01:30:55,686 INFO TRAINED: False
2020-04-01 01:30:55,686 INFO PRETRAINED_NAME: None
2020-04-01 01:30:55,686 INFO EXP_NAME: TransH-WN18RR-popu-0
2020-04-01 01:30:55,686 INFO --------------------------------------
2020-04-01 01:30:57,638 INFO Dataload done
2020-04-01 01:30:57,638 INFO --------------------------------------
2020-04-01 01:30:57,639 INFO N_ENTITY: 40943
2020-04-01 01:30:57,639 INFO N_RELATION: 11
2020-04-01 01:30:57,639 INFO --------------------------------------
2020-04-01 01:31:01,093 INFO Start Evaling...
2020-04-01 01:31:13,883 INFO Head: mr:20321.7 mrr:0.02 hits:0.00
2020-04-01 01:31:13,883 INFO Tail: mr:20205.5 mrr:0.04 hits:0.10
2020-04-01 01:31:13,883 INFO All: mr:20263.6 mrr:0.03 hits:0.05
2020-04-01 01:31:13,887 INFO Start Training...
2020-04-01 01:31:33,870 INFO [20.0] Epoch 0: loss = 335.2824
2020-04-01 01:31:51,723 INFO [17.9] Epoch 1: loss = 294.6479
2020-04-01 01:32:09,893 INFO [18.2] Epoch 2: loss = 256.4729
2020-04-01 01:32:27,823 INFO [17.9] Epoch 3: loss = 220.9288
2020-04-01 01:32:45,610 INFO [17.8] Epoch 4: loss = 186.5747
2020-04-01 01:33:02,387 INFO [16.8] Epoch 5: loss = 154.3521
2020-04-01 01:33:20,104 INFO [17.7] Epoch 6: loss = 125.3138
2020-04-01 01:33:37,863 INFO [17.8] Epoch 7: loss = 100.0870
2020-04-01 01:33:54,553 INFO [16.7] Epoch 8: loss = 78.9411
2020-04-01 01:34:18,110 INFO [23.6] Epoch 9: loss = 61.2234
2020-04-01 01:34:18,110 INFO Start Evaling...
2020-04-01 01:34:28,501 INFO Head: mr:7282.2 mrr:13.29 hits:33.59
2020-04-01 01:34:28,501 INFO Tail: mr:3745.3 mrr:14.70 hits:35.96
2020-04-01 01:34:28,501 INFO All: mr:5513.7 mrr:13.99 hits:34.77
2020-04-01 01:34:28,503 INFO Improved and model saved
2020-04-01 01:34:44,427 INFO [15.9] Epoch 10: loss = 47.2301
2020-04-01 01:35:01,509 INFO [17.1] Epoch 11: loss = 36.4520
2020-04-01 01:35:17,516 INFO [16.0] Epoch 12: loss = 28.4836
2020-04-01 01:35:34,377 INFO [16.9] Epoch 13: loss = 22.6020
2020-04-01 01:35:49,598 INFO [15.2] Epoch 14: loss = 18.3473
2020-04-01 01:36:05,906 INFO [16.3] Epoch 15: loss = 15.1555
2020-04-01 01:36:22,538 INFO [16.6] Epoch 16: loss = 12.7514
2020-04-01 01:36:39,796 INFO [17.3] Epoch 17: loss = 10.9295
2020-04-01 01:36:55,149 INFO [15.4] Epoch 18: loss = 9.5085
2020-04-01 01:37:16,000 INFO [20.8] Epoch 19: loss = 8.5202
2020-04-01 01:37:16,000 INFO Start Evaling...
2020-04-01 01:37:27,016 INFO Head: mr:5637.4 mrr:18.57 hits:45.35
2020-04-01 01:37:27,017 INFO Tail: mr:2959.8 mrr:20.26 hits:47.00
2020-04-01 01:37:27,017 INFO All: mr:4298.6 mrr:19.42 hits:46.18
2020-04-01 01:37:27,020 INFO Improved and model saved
2020-04-01 01:37:43,984 INFO [16.9] Epoch 20: loss = 7.6683
2020-04-01 01:38:00,099 INFO [16.1] Epoch 21: loss = 7.0100
2020-04-01 01:38:16,561 INFO [16.5] Epoch 22: loss = 6.3592
2020-04-01 01:38:34,243 INFO [17.7] Epoch 23: loss = 5.8883
2020-04-01 01:38:51,159 INFO [16.9] Epoch 24: loss = 5.4928
2020-04-01 01:39:08,736 INFO [17.6] Epoch 25: loss = 5.1903
2020-04-01 01:39:26,447 INFO [17.7] Epoch 26: loss = 4.8756
2020-04-01 01:39:43,538 INFO [17.1] Epoch 27: loss = 4.6902
2020-04-01 01:40:02,646 INFO [19.1] Epoch 28: loss = 4.4668
2020-04-01 01:40:22,146 INFO [19.5] Epoch 29: loss = 4.3252
2020-04-01 01:40:22,146 INFO Start Evaling...
2020-04-01 01:40:33,697 INFO Head: mr:5435.4 mrr:20.36 hits:47.20
2020-04-01 01:40:33,697 INFO Tail: mr:2826.9 mrr:21.48 hits:48.75
2020-04-01 01:40:33,697 INFO All: mr:4131.1 mrr:20.92 hits:47.97
2020-04-01 01:40:33,700 INFO Improved and model saved
2020-04-01 01:40:50,196 INFO [16.5] Epoch 30: loss = 4.1998
2020-04-01 01:41:08,183 INFO [18.0] Epoch 31: loss = 3.9971
2020-04-01 01:41:25,653 INFO [17.5] Epoch 32: loss = 3.8359
2020-04-01 01:41:42,340 INFO [16.7] Epoch 33: loss = 3.7843
2020-04-01 01:42:00,437 INFO [18.1] Epoch 34: loss = 3.6307
2020-04-01 01:42:18,481 INFO [18.0] Epoch 35: loss = 3.5655
2020-04-01 01:42:36,305 INFO [17.8] Epoch 36: loss = 3.4786
2020-04-01 01:42:53,492 INFO [17.2] Epoch 37: loss = 3.4122
2020-04-01 01:43:13,608 INFO [20.1] Epoch 38: loss = 3.3114
2020-04-01 01:43:33,181 INFO [19.6] Epoch 39: loss = 3.2941
2020-04-01 01:43:33,181 INFO Start Evaling...
2020-04-01 01:43:43,460 INFO Head: mr:5367.4 mrr:20.94 hits:48.19
2020-04-01 01:43:43,460 INFO Tail: mr:2707.2 mrr:21.83 hits:49.27
2020-04-01 01:43:43,460 INFO All: mr:4037.3 mrr:21.39 hits:48.73
2020-04-01 01:43:43,462 INFO Improved and model saved
2020-04-01 01:44:01,598 INFO [18.1] Epoch 40: loss = 3.2134
2020-04-01 01:44:19,686 INFO [18.1] Epoch 41: loss = 3.1759
2020-04-01 01:44:37,087 INFO [17.4] Epoch 42: loss = 3.2043
2020-04-01 01:44:54,113 INFO [17.0] Epoch 43: loss = 3.1219
2020-04-01 01:45:11,988 INFO [17.9] Epoch 44: loss = 3.0683
2020-04-01 01:45:28,789 INFO [16.8] Epoch 45: loss = 3.0005
2020-04-01 01:45:45,714 INFO [16.9] Epoch 46: loss = 2.9979
2020-04-01 01:46:04,963 INFO [19.2] Epoch 47: loss = 2.9485
2020-04-01 01:46:21,571 INFO [16.6] Epoch 48: loss = 2.9675
2020-04-01 01:46:40,418 INFO [18.8] Epoch 49: loss = 2.9847
2020-04-01 01:46:40,419 INFO Start Evaling...
2020-04-01 01:46:50,235 INFO Head: mr:5282.1 mrr:21.12 hits:48.09
2020-04-01 01:46:50,237 INFO Tail: mr:2682.5 mrr:22.05 hits:49.77
2020-04-01 01:46:50,237 INFO All: mr:3982.3 mrr:21.58 hits:48.93
2020-04-01 01:46:50,243 INFO Improved and model saved
2020-04-01 01:47:08,083 INFO [17.8] Epoch 50: loss = 2.9082
2020-04-01 01:47:25,558 INFO [17.5] Epoch 51: loss = 2.8317
2020-04-01 01:47:42,460 INFO [16.9] Epoch 52: loss = 2.7951
2020-04-01 01:47:58,676 INFO [16.2] Epoch 53: loss = 2.7143
2020-04-01 01:48:15,410 INFO [16.7] Epoch 54: loss = 2.7605
2020-04-01 01:48:32,681 INFO [17.3] Epoch 55: loss = 2.7591
2020-04-01 01:48:50,579 INFO [17.9] Epoch 56: loss = 2.7280
2020-04-01 01:49:08,975 INFO [18.4] Epoch 57: loss = 2.6811
2020-04-01 01:49:24,620 INFO [15.6] Epoch 58: loss = 2.6566
2020-04-01 01:49:44,276 INFO [19.7] Epoch 59: loss = 2.6463
2020-04-01 01:49:44,276 INFO Start Evaling...
2020-04-01 01:49:54,400 INFO Head: mr:5209.2 mrr:21.33 hits:48.78
2020-04-01 01:49:54,400 INFO Tail: mr:2659.2 mrr:22.00 hits:49.70
2020-04-01 01:49:54,400 INFO All: mr:3934.2 mrr:21.67 hits:49.24
2020-04-01 01:49:54,404 INFO Improved and model saved
2020-04-01 01:50:11,479 INFO [17.1] Epoch 60: loss = 2.6575
2020-04-01 01:50:28,235 INFO [16.8] Epoch 61: loss = 2.6187
2020-04-01 01:50:45,221 INFO [17.0] Epoch 62: loss = 2.6585
2020-04-01 01:51:03,005 INFO [17.8] Epoch 63: loss = 2.5613
2020-04-01 01:51:19,716 INFO [16.7] Epoch 64: loss = 2.5190
2020-04-01 01:51:35,687 INFO [16.0] Epoch 65: loss = 2.5961
2020-04-01 01:51:54,000 INFO [18.3] Epoch 66: loss = 2.5762
2020-04-01 01:52:13,290 INFO [19.3] Epoch 67: loss = 2.4887
2020-04-01 01:52:31,886 INFO [18.6] Epoch 68: loss = 2.5158
2020-04-01 01:52:51,261 INFO [19.4] Epoch 69: loss = 2.4800
2020-04-01 01:52:51,261 INFO Start Evaling...
2020-04-01 01:53:01,269 INFO Head: mr:5199.8 mrr:21.45 hits:48.62
2020-04-01 01:53:01,270 INFO Tail: mr:2697.0 mrr:22.03 hits:49.44
2020-04-01 01:53:01,270 INFO All: mr:3948.4 mrr:21.74 hits:49.03
2020-04-01 01:53:01,273 INFO Declined in recent 1 epochs
2020-04-01 01:53:18,061 INFO [16.8] Epoch 70: loss = 2.5346
2020-04-01 01:53:34,092 INFO [16.0] Epoch 71: loss = 2.5024
2020-04-01 01:53:52,727 INFO [18.6] Epoch 72: loss = 2.4558
2020-04-01 01:54:11,154 INFO [18.4] Epoch 73: loss = 2.4777
2020-04-01 01:54:29,072 INFO [17.9] Epoch 74: loss = 2.4302
2020-04-01 01:54:47,599 INFO [18.5] Epoch 75: loss = 2.4175
2020-04-01 01:55:07,231 INFO [19.6] Epoch 76: loss = 2.4383
2020-04-01 01:55:26,083 INFO [18.9] Epoch 77: loss = 2.4686
2020-04-01 01:55:45,094 INFO [19.0] Epoch 78: loss = 2.3813
2020-04-01 01:56:04,541 INFO [19.4] Epoch 79: loss = 2.3376
2020-04-01 01:56:04,541 INFO Start Evaling...
2020-04-01 01:56:14,105 INFO Head: mr:5163.3 mrr:21.61 hits:48.78
2020-04-01 01:56:14,105 INFO Tail: mr:2680.4 mrr:22.08 hits:49.64
2020-04-01 01:56:14,105 INFO All: mr:3921.8 mrr:21.85 hits:49.21
2020-04-01 01:56:14,109 INFO Declined in recent 2 epochs
2020-04-01 01:56:31,814 INFO [17.7] Epoch 80: loss = 2.4209
2020-04-01 01:56:47,430 INFO [15.6] Epoch 81: loss = 2.3605
2020-04-01 01:57:04,404 INFO [17.0] Epoch 82: loss = 2.3755
2020-04-01 01:57:22,301 INFO [17.9] Epoch 83: loss = 2.3506
2020-04-01 01:57:40,729 INFO [18.4] Epoch 84: loss = 2.3865
2020-04-01 01:57:56,918 INFO [16.2] Epoch 85: loss = 2.3428
2020-04-01 01:58:15,482 INFO [18.6] Epoch 86: loss = 2.3595
2020-04-01 01:58:32,414 INFO [16.9] Epoch 87: loss = 2.3643
2020-04-01 01:58:49,211 INFO [16.8] Epoch 88: loss = 2.3329
2020-04-01 01:59:08,220 INFO [19.0] Epoch 89: loss = 2.3487
2020-04-01 01:59:08,221 INFO Start Evaling...
2020-04-01 01:59:18,280 INFO Head: mr:5153.4 mrr:21.50 hits:48.71
2020-04-01 01:59:18,280 INFO Tail: mr:2665.5 mrr:22.10 hits:50.26
2020-04-01 01:59:18,280 INFO All: mr:3909.5 mrr:21.80 hits:49.49
2020-04-01 01:59:18,284 INFO Improved and model saved
2020-04-01 01:59:36,067 INFO [17.8] Epoch 90: loss = 2.2729
2020-04-01 01:59:54,427 INFO [18.4] Epoch 91: loss = 2.3104
2020-04-01 02:00:12,162 INFO [17.7] Epoch 92: loss = 2.2662
2020-04-01 02:00:30,010 INFO [17.8] Epoch 93: loss = 2.2467
2020-04-01 02:00:48,641 INFO [18.6] Epoch 94: loss = 2.2467
2020-04-01 02:01:07,376 INFO [18.7] Epoch 95: loss = 2.2566
2020-04-01 02:01:24,955 INFO [17.6] Epoch 96: loss = 2.3085
2020-04-01 02:01:42,522 INFO [17.6] Epoch 97: loss = 2.2760
2020-04-01 02:01:59,564 INFO [17.0] Epoch 98: loss = 2.3121
2020-04-01 02:02:19,123 INFO [19.6] Epoch 99: loss = 2.2699
2020-04-01 02:02:19,124 INFO Start Evaling...
2020-04-01 02:02:28,825 INFO Head: mr:5192.7 mrr:21.46 hits:48.58
2020-04-01 02:02:28,825 INFO Tail: mr:2715.9 mrr:22.03 hits:50.20
2020-04-01 02:02:28,825 INFO All: mr:3954.3 mrr:21.74 hits:49.39
2020-04-01 02:02:28,829 INFO Declined in recent 1 epochs
2020-04-01 02:02:45,993 INFO [17.2] Epoch 100: loss = 2.2172
2020-04-01 02:03:04,378 INFO [18.4] Epoch 101: loss = 2.2979
2020-04-01 02:03:21,095 INFO [16.7] Epoch 102: loss = 2.2357
2020-04-01 02:03:37,815 INFO [16.7] Epoch 103: loss = 2.2840
2020-04-01 02:03:54,480 INFO [16.7] Epoch 104: loss = 2.2392
2020-04-01 02:04:12,653 INFO [18.2] Epoch 105: loss = 2.2167
2020-04-01 02:04:31,393 INFO [18.7] Epoch 106: loss = 2.2623
2020-04-01 02:04:48,608 INFO [17.2] Epoch 107: loss = 2.3040
2020-04-01 02:05:06,764 INFO [18.2] Epoch 108: loss = 2.1930
2020-04-01 02:05:25,411 INFO [18.6] Epoch 109: loss = 2.2036
2020-04-01 02:05:25,412 INFO Start Evaling...
2020-04-01 02:05:35,108 INFO Head: mr:5183.7 mrr:21.59 hits:49.08
2020-04-01 02:05:35,108 INFO Tail: mr:2706.0 mrr:22.28 hits:50.46
2020-04-01 02:05:35,108 INFO All: mr:3944.8 mrr:21.93 hits:49.77
2020-04-01 02:05:35,111 INFO Improved and model saved
2020-04-01 02:05:52,591 INFO [17.5] Epoch 110: loss = 2.1761
2020-04-01 02:06:09,202 INFO [16.6] Epoch 111: loss = 2.2184
2020-04-01 02:06:26,694 INFO [17.5] Epoch 112: loss = 2.2415
2020-04-01 02:06:44,223 INFO [17.5] Epoch 113: loss = 2.1927
2020-04-01 02:07:03,251 INFO [19.0] Epoch 114: loss = 2.2063
2020-04-01 02:07:22,082 INFO [18.8] Epoch 115: loss = 2.1735
2020-04-01 02:07:39,946 INFO [17.9] Epoch 116: loss = 2.1813
2020-04-01 02:07:57,023 INFO [17.1] Epoch 117: loss = 2.1242
2020-04-01 02:08:13,876 INFO [16.9] Epoch 118: loss = 2.1202
2020-04-01 02:08:31,884 INFO [18.0] Epoch 119: loss = 2.1852
2020-04-01 02:08:31,884 INFO Start Evaling...
2020-04-01 02:08:42,305 INFO Head: mr:5218.2 mrr:21.54 hits:49.11
2020-04-01 02:08:42,307 INFO Tail: mr:2719.2 mrr:22.07 hits:50.59
2020-04-01 02:08:42,308 INFO All: mr:3968.7 mrr:21.80 hits:49.85
2020-04-01 02:08:42,313 INFO Improved and model saved
2020-04-01 02:09:01,155 INFO [18.8] Epoch 120: loss = 2.1390
2020-04-01 02:09:19,888 INFO [18.7] Epoch 121: loss = 2.1742
2020-04-01 02:09:39,522 INFO [19.6] Epoch 122: loss = 2.1102
2020-04-01 02:09:58,521 INFO [19.0] Epoch 123: loss = 2.1278
2020-04-01 02:10:15,448 INFO [16.9] Epoch 124: loss = 2.1114
2020-04-01 02:10:31,755 INFO [16.3] Epoch 125: loss = 2.1006
2020-04-01 02:10:48,720 INFO [17.0] Epoch 126: loss = 2.1446
2020-04-01 02:11:06,099 INFO [17.4] Epoch 127: loss = 2.1611
2020-04-01 02:11:22,756 INFO [16.7] Epoch 128: loss = 2.1354
2020-04-01 02:11:39,591 INFO [16.8] Epoch 129: loss = 2.1384
2020-04-01 02:11:39,592 INFO Start Evaling...
2020-04-01 02:11:48,471 INFO Head: mr:5241.4 mrr:21.74 hits:49.44
2020-04-01 02:11:48,472 INFO Tail: mr:2715.2 mrr:22.26 hits:50.76
2020-04-01 02:11:48,472 INFO All: mr:3978.3 mrr:22.00 hits:50.10
2020-04-01 02:11:48,476 INFO Improved and model saved
2020-04-01 02:12:04,978 INFO [16.5] Epoch 130: loss = 2.1615
2020-04-01 02:12:23,832 INFO [18.9] Epoch 131: loss = 2.1611
2020-04-01 02:12:40,602 INFO [16.8] Epoch 132: loss = 2.1389
2020-04-01 02:13:00,611 INFO [20.0] Epoch 133: loss = 2.0826
2020-04-01 02:13:18,653 INFO [18.0] Epoch 134: loss = 2.0655
2020-04-01 02:13:37,592 INFO [18.9] Epoch 135: loss = 2.1248
2020-04-01 02:13:55,444 INFO [17.9] Epoch 136: loss = 2.1726
2020-04-01 02:14:13,512 INFO [18.1] Epoch 137: loss = 2.0569
2020-04-01 02:14:32,600 INFO [19.1] Epoch 138: loss = 2.0443
2020-04-01 02:14:51,681 INFO [19.1] Epoch 139: loss = 2.0417
2020-04-01 02:14:51,682 INFO Start Evaling...
2020-04-01 02:15:00,780 INFO Head: mr:5244.5 mrr:21.60 hits:48.71
2020-04-01 02:15:00,780 INFO Tail: mr:2773.0 mrr:22.31 hits:50.53
2020-04-01 02:15:00,780 INFO All: mr:4008.7 mrr:21.95 hits:49.62
2020-04-01 02:15:00,782 INFO Declined in recent 1 epochs
2020-04-01 02:15:16,766 INFO [16.0] Epoch 140: loss = 2.0751
2020-04-01 02:15:33,302 INFO [16.5] Epoch 141: loss = 2.1032
2020-04-01 02:15:50,910 INFO [17.6] Epoch 142: loss = 2.1015
2020-04-01 02:16:09,288 INFO [18.4] Epoch 143: loss = 2.0695
2020-04-01 02:16:27,518 INFO [18.2] Epoch 144: loss = 2.0973
2020-04-01 02:16:46,152 INFO [18.6] Epoch 145: loss = 2.0899
2020-04-01 02:17:06,604 INFO [20.5] Epoch 146: loss = 2.0570
2020-04-01 02:17:25,329 INFO [18.7] Epoch 147: loss = 2.0297
2020-04-01 02:17:45,319 INFO [20.0] Epoch 148: loss = 2.0004
2020-04-01 02:18:03,716 INFO [18.4] Epoch 149: loss = 2.0414
2020-04-01 02:18:03,716 INFO Start Evaling...
2020-04-01 02:18:13,071 INFO Head: mr:5273.7 mrr:21.70 hits:49.11
2020-04-01 02:18:13,073 INFO Tail: mr:2775.8 mrr:22.37 hits:50.96
2020-04-01 02:18:13,074 INFO All: mr:4024.8 mrr:22.03 hits:50.03
2020-04-01 02:18:13,078 INFO Declined in recent 2 epochs
2020-04-01 02:18:29,408 INFO [16.3] Epoch 150: loss = 2.0778
2020-04-01 02:18:50,144 INFO [20.7] Epoch 151: loss = 2.0022
2020-04-01 02:19:08,125 INFO [18.0] Epoch 152: loss = 1.9916
2020-04-01 02:19:25,198 INFO [17.1] Epoch 153: loss = 2.0999
2020-04-01 02:19:43,986 INFO [18.8] Epoch 154: loss = 2.0991
2020-04-01 02:20:04,088 INFO [20.1] Epoch 155: loss = 2.0117
2020-04-01 02:20:22,752 INFO [18.7] Epoch 156: loss = 2.0643
2020-04-01 02:20:40,520 INFO [17.8] Epoch 157: loss = 2.0587
2020-04-01 02:20:59,560 INFO [19.0] Epoch 158: loss = 2.0791
2020-04-01 02:21:18,030 INFO [18.5] Epoch 159: loss = 2.0595
2020-04-01 02:21:18,031 INFO Start Evaling...
2020-04-01 02:21:27,457 INFO Head: mr:5297.3 mrr:21.71 hits:48.98
2020-04-01 02:21:27,459 INFO Tail: mr:2819.9 mrr:22.33 hits:50.69
2020-04-01 02:21:27,460 INFO All: mr:4058.6 mrr:22.02 hits:49.84
2020-04-01 02:21:27,465 INFO Declined in recent 3 epochs
2020-04-01 02:21:46,066 INFO [18.6] Epoch 160: loss = 2.0159
2020-04-01 02:22:02,961 INFO [16.9] Epoch 161: loss = 2.0146
2020-04-01 02:22:22,903 INFO [19.9] Epoch 162: loss = 2.0718
2020-04-01 02:22:40,938 INFO [18.0] Epoch 163: loss = 2.0462
2020-04-01 02:22:58,485 INFO [17.5] Epoch 164: loss = 1.9964
2020-04-01 02:23:17,827 INFO [19.3] Epoch 165: loss = 1.9955
2020-04-01 02:23:35,711 INFO [17.9] Epoch 166: loss = 2.0422
2020-04-01 02:23:54,244 INFO [18.5] Epoch 167: loss = 2.0330
2020-04-01 02:24:13,435 INFO [19.2] Epoch 168: loss = 2.0412
2020-04-01 02:24:32,624 INFO [19.2] Epoch 169: loss = 2.0486
2020-04-01 02:24:32,626 INFO Start Evaling...
2020-04-01 02:24:42,717 INFO Head: mr:5354.3 mrr:21.60 hits:48.71
2020-04-01 02:24:42,718 INFO Tail: mr:2832.3 mrr:22.34 hits:50.82
2020-04-01 02:24:42,719 INFO All: mr:4093.3 mrr:21.97 hits:49.77
2020-04-01 02:24:42,724 INFO Declined in recent 4 epochs
2020-04-01 02:25:00,601 INFO [17.9] Epoch 170: loss = 2.0263
2020-04-01 02:25:18,753 INFO [18.2] Epoch 171: loss = 2.0462
2020-04-01 02:25:36,334 INFO [17.6] Epoch 172: loss = 2.0567
2020-04-01 02:25:53,281 INFO [16.9] Epoch 173: loss = 2.0257
2020-04-01 02:26:11,420 INFO [18.1] Epoch 174: loss = 1.9963
2020-04-01 02:26:29,088 INFO [17.7] Epoch 175: loss = 1.9973
2020-04-01 02:26:47,536 INFO [18.4] Epoch 176: loss = 1.9952
2020-04-01 02:27:08,288 INFO [20.8] Epoch 177: loss = 2.0655
2020-04-01 02:27:28,597 INFO [20.3] Epoch 178: loss = 2.0366
2020-04-01 02:27:44,780 INFO [16.2] Epoch 179: loss = 2.0142
2020-04-01 02:27:44,780 INFO Start Evaling...
2020-04-01 02:27:53,868 INFO Head: mr:5390.9 mrr:21.78 hits:48.35
2020-04-01 02:27:53,869 INFO Tail: mr:2893.7 mrr:22.18 hits:50.40
2020-04-01 02:27:53,870 INFO All: mr:4142.3 mrr:21.98 hits:49.37
2020-04-01 02:27:53,875 INFO Declined in recent 5 epochs
2020-04-01 02:27:53,876 INFO Early stopping
2020-04-01 02:27:53,877 INFO Train done
2020-04-01 02:27:53,888 INFO Start Evaling...
2020-04-01 02:28:04,221 INFO Head: mr:5245.5 mrr:21.69 hits:48.66
2020-04-01 02:28:04,222 INFO Tail: mr:2780.2 mrr:22.48 hits:51.60
2020-04-01 02:28:04,222 INFO All: mr:4012.8 mrr:22.09 hits:50.13
