2020-05-16 03:05:36,966 INFO EPOCH: 1000
2020-05-16 03:05:36,967 INFO EVERY: 10
2020-05-16 03:05:36,967 INFO LR: 0.001
2020-05-16 03:05:36,967 INFO DIM: 100
2020-05-16 03:05:36,967 INFO BATCH_SIZE: 256
2020-05-16 03:05:36,967 INFO BATCH_SIZE2: 100
2020-05-16 03:05:36,967 INFO P: 1
2020-05-16 03:05:36,967 INFO CLIPPING_MAX_VALUE: 4.0
2020-05-16 03:05:36,967 INFO OPTIM: Adam
2020-05-16 03:05:36,967 INFO N_SAMPLE: 100
2020-05-16 03:05:36,967 INFO MODE: rand
2020-05-16 03:05:36,967 INFO RATE: 0.1
2020-05-16 03:05:36,968 INFO GAMMA: 12.0
2020-05-16 03:05:36,968 INFO BERN: True
2020-05-16 03:05:36,968 INFO MARGIN: 4.0
2020-05-16 03:05:36,968 INFO REG: 1.0
2020-05-16 03:05:36,968 INFO LABEL_SMOOTH_EPS: 0.1
2020-05-16 03:05:36,968 INFO INPUT_DROP: 0.2
2020-05-16 03:05:36,968 INFO FEAT_DROP: 0.2
2020-05-16 03:05:36,968 INFO HIDD_DROP: 0.3
2020-05-16 03:05:36,968 INFO CHANNELS: 50
2020-05-16 03:05:36,968 INFO KERNEL_SIZE: 3
2020-05-16 03:05:36,968 INFO N_POOL: 100
2020-05-16 03:05:36,968 INFO MODEL_D: TransH
2020-05-16 03:05:36,969 INFO MODEL_G: DistMult
2020-05-16 03:05:36,969 INFO SCRATCH: False
2020-05-16 03:05:36,969 INFO D_FILE: None
2020-05-16 03:05:36,969 INFO G_FILE: None
2020-05-16 03:05:36,969 INFO PATH: data
2020-05-16 03:05:36,969 INFO DATA: WN18RR
2020-05-16 03:05:36,969 INFO EXP_PATH: experiment/WN18RR
2020-05-16 03:05:36,969 INFO MODEL: TransH
2020-05-16 03:05:36,969 INFO V: 101
2020-05-16 03:05:36,969 INFO F: True
2020-05-16 03:05:36,969 INFO EVAL: False
2020-05-16 03:05:36,969 INFO TRAINED: False
2020-05-16 03:05:36,970 INFO PRETRAINED_NAME: None
2020-05-16 03:05:36,970 INFO EXP_NAME: TransH-WN18RR-rand-101
2020-05-16 03:05:36,970 INFO --------------------------------------
2020-05-16 03:05:39,468 INFO Dataload done
2020-05-16 03:05:39,468 INFO --------------------------------------
2020-05-16 03:05:39,469 INFO N_ENTITY: 40943
2020-05-16 03:05:39,469 INFO N_RELATION: 11
2020-05-16 03:05:39,469 INFO --------------------------------------
2020-05-16 03:05:42,917 INFO Start Training...
2020-05-16 03:06:21,091 INFO [38.2] Epoch 0: loss = 322.9569
2020-05-16 03:06:59,457 INFO [38.4] Epoch 1: loss = 262.9813
2020-05-16 03:07:38,031 INFO [38.6] Epoch 2: loss = 219.4114
2020-05-16 03:08:16,266 INFO [38.2] Epoch 3: loss = 180.9596
2020-05-16 03:08:54,851 INFO [38.6] Epoch 4: loss = 147.1078
2020-05-16 03:09:33,369 INFO [38.5] Epoch 5: loss = 117.6873
2020-05-16 03:10:11,690 INFO [38.3] Epoch 6: loss = 92.0926
2020-05-16 03:10:49,535 INFO [37.8] Epoch 7: loss = 70.7448
2020-05-16 03:11:27,971 INFO [38.4] Epoch 8: loss = 54.0232
2020-05-16 03:12:06,523 INFO [38.6] Epoch 9: loss = 41.2726
2020-05-16 03:12:06,523 INFO Start Evaling...
2020-05-16 03:13:10,841 INFO Head: mr:9340.4 mrr:12.12 hits:31.41
2020-05-16 03:13:10,841 INFO Tail: mr:3889.6 mrr:13.66 hits:34.15
2020-05-16 03:13:10,841 INFO All: mr:6615.0 mrr:12.89 hits:32.78
2020-05-16 03:13:10,843 INFO Start Evaling...
2020-05-16 03:14:16,956 INFO Head: mr:9768.2 mrr:11.61 hits:30.03
2020-05-16 03:14:16,956 INFO Tail: mr:3521.3 mrr:13.25 hits:32.90
2020-05-16 03:14:16,956 INFO All: mr:6644.8 mrr:12.43 hits:31.46
2020-05-16 03:14:16,958 INFO Improved and model saved
2020-05-16 03:14:55,420 INFO [38.4] Epoch 10: loss = 31.6990
2020-05-16 03:15:33,592 INFO [38.2] Epoch 11: loss = 24.5713
2020-05-16 03:16:12,100 INFO [38.5] Epoch 12: loss = 19.3035
2020-05-16 03:16:50,454 INFO [38.4] Epoch 13: loss = 15.4828
2020-05-16 03:17:29,187 INFO [38.7] Epoch 14: loss = 12.6781
2020-05-16 03:18:07,949 INFO [38.8] Epoch 15: loss = 10.5847
2020-05-16 03:18:46,134 INFO [38.2] Epoch 16: loss = 9.0097
2020-05-16 03:19:24,647 INFO [38.5] Epoch 17: loss = 7.8223
2020-05-16 03:20:03,254 INFO [38.6] Epoch 18: loss = 6.8785
2020-05-16 03:20:41,948 INFO [38.7] Epoch 19: loss = 6.1207
2020-05-16 03:20:41,948 INFO Start Evaling...
2020-05-16 03:21:46,453 INFO Head: mr:6509.5 mrr:18.71 hits:44.36
2020-05-16 03:21:46,453 INFO Tail: mr:2883.9 mrr:21.15 hits:48.65
2020-05-16 03:21:46,453 INFO All: mr:4696.7 mrr:19.93 hits:46.51
2020-05-16 03:21:46,456 INFO Start Evaling...
2020-05-16 03:22:52,772 INFO Head: mr:6905.7 mrr:18.43 hits:44.38
2020-05-16 03:22:52,772 INFO Tail: mr:2845.7 mrr:21.20 hits:49.43
2020-05-16 03:22:52,772 INFO All: mr:4875.7 mrr:19.82 hits:46.90
2020-05-16 03:22:52,774 INFO Improved and model saved
2020-05-16 03:23:30,722 INFO [37.9] Epoch 20: loss = 5.5087
2020-05-16 03:24:09,238 INFO [38.5] Epoch 21: loss = 4.9889
2020-05-16 03:24:47,804 INFO [38.6] Epoch 22: loss = 4.5744
2020-05-16 03:25:26,576 INFO [38.8] Epoch 23: loss = 4.2152
2020-05-16 03:26:04,680 INFO [38.1] Epoch 24: loss = 3.9202
2020-05-16 03:26:43,278 INFO [38.6] Epoch 25: loss = 3.6693
2020-05-16 03:27:21,987 INFO [38.7] Epoch 26: loss = 3.4512
2020-05-16 03:28:00,657 INFO [38.7] Epoch 27: loss = 3.2780
2020-05-16 03:28:38,548 INFO [37.9] Epoch 28: loss = 3.1288
2020-05-16 03:29:16,992 INFO [38.4] Epoch 29: loss = 2.9898
2020-05-16 03:29:16,992 INFO Start Evaling...
2020-05-16 03:30:21,516 INFO Head: mr:5836.7 mrr:20.49 hits:46.84
2020-05-16 03:30:21,516 INFO Tail: mr:2639.9 mrr:22.87 hits:50.89
2020-05-16 03:30:21,516 INFO All: mr:4238.3 mrr:21.68 hits:48.86
2020-05-16 03:30:21,519 INFO Start Evaling...
2020-05-16 03:31:27,836 INFO Head: mr:6152.9 mrr:20.32 hits:46.55
2020-05-16 03:31:27,836 INFO Tail: mr:2658.8 mrr:23.02 hits:51.69
2020-05-16 03:31:27,837 INFO All: mr:4405.8 mrr:21.67 hits:49.12
2020-05-16 03:31:27,839 INFO Improved and model saved
